[2024-04-03T22:24:57.748+0000] {processor.py:161} INFO - Started process (PID=51) to work on /home/airflow/.local/lib/python3.8/site-packages/airflow/example_dags/example_skip_dag.py
[2024-04-03T22:24:57.749+0000] {processor.py:830} INFO - Processing file /home/airflow/.local/lib/python3.8/site-packages/airflow/example_dags/example_skip_dag.py for tasks to queue
[2024-04-03T22:24:57.752+0000] {logging_mixin.py:188} INFO - [2024-04-03T22:24:57.752+0000] {dagbag.py:540} INFO - Filling up the DagBag from /home/airflow/.local/lib/python3.8/site-packages/airflow/example_dags/example_skip_dag.py
[2024-04-03T22:24:57.768+0000] {processor.py:840} INFO - DAG(s) 'example_skip_dag' retrieved from /home/airflow/.local/lib/python3.8/site-packages/airflow/example_dags/example_skip_dag.py
[2024-04-03T22:24:57.790+0000] {logging_mixin.py:188} INFO - [2024-04-03T22:24:57.790+0000] {dag.py:3047} INFO - Sync 1 DAGs
[2024-04-03T22:24:57.812+0000] {logging_mixin.py:188} INFO - [2024-04-03T22:24:57.812+0000] {dag.py:3834} INFO - Setting next_dagrun for example_skip_dag to 2024-04-02 00:00:00+00:00, run_after=2024-04-03 00:00:00+00:00
[2024-04-03T22:24:57.831+0000] {processor.py:183} INFO - Processing /home/airflow/.local/lib/python3.8/site-packages/airflow/example_dags/example_skip_dag.py took 0.086 seconds
[2024-04-03T22:25:27.995+0000] {processor.py:161} INFO - Started process (PID=106) to work on /home/airflow/.local/lib/python3.8/site-packages/airflow/example_dags/example_skip_dag.py
[2024-04-03T22:25:27.996+0000] {processor.py:830} INFO - Processing file /home/airflow/.local/lib/python3.8/site-packages/airflow/example_dags/example_skip_dag.py for tasks to queue
[2024-04-03T22:25:27.997+0000] {logging_mixin.py:188} INFO - [2024-04-03T22:25:27.997+0000] {dagbag.py:540} INFO - Filling up the DagBag from /home/airflow/.local/lib/python3.8/site-packages/airflow/example_dags/example_skip_dag.py
[2024-04-03T22:25:28.002+0000] {processor.py:840} INFO - DAG(s) 'example_skip_dag' retrieved from /home/airflow/.local/lib/python3.8/site-packages/airflow/example_dags/example_skip_dag.py
[2024-04-03T22:25:28.115+0000] {logging_mixin.py:188} INFO - [2024-04-03T22:25:28.115+0000] {dag.py:3047} INFO - Sync 1 DAGs
[2024-04-03T22:25:28.128+0000] {logging_mixin.py:188} INFO - [2024-04-03T22:25:28.128+0000] {dag.py:3834} INFO - Setting next_dagrun for example_skip_dag to 2024-04-02 00:00:00+00:00, run_after=2024-04-03 00:00:00+00:00
[2024-04-03T22:25:28.141+0000] {processor.py:183} INFO - Processing /home/airflow/.local/lib/python3.8/site-packages/airflow/example_dags/example_skip_dag.py took 0.147 seconds
[2024-04-03T22:25:58.324+0000] {processor.py:161} INFO - Started process (PID=161) to work on /home/airflow/.local/lib/python3.8/site-packages/airflow/example_dags/example_skip_dag.py
[2024-04-03T22:25:58.325+0000] {processor.py:830} INFO - Processing file /home/airflow/.local/lib/python3.8/site-packages/airflow/example_dags/example_skip_dag.py for tasks to queue
[2024-04-03T22:25:58.326+0000] {logging_mixin.py:188} INFO - [2024-04-03T22:25:58.326+0000] {dagbag.py:540} INFO - Filling up the DagBag from /home/airflow/.local/lib/python3.8/site-packages/airflow/example_dags/example_skip_dag.py
[2024-04-03T22:25:58.332+0000] {processor.py:840} INFO - DAG(s) 'example_skip_dag' retrieved from /home/airflow/.local/lib/python3.8/site-packages/airflow/example_dags/example_skip_dag.py
[2024-04-03T22:25:58.346+0000] {logging_mixin.py:188} INFO - [2024-04-03T22:25:58.346+0000] {dag.py:3047} INFO - Sync 1 DAGs
[2024-04-03T22:25:58.360+0000] {logging_mixin.py:188} INFO - [2024-04-03T22:25:58.360+0000] {dag.py:3834} INFO - Setting next_dagrun for example_skip_dag to 2024-04-02 00:00:00+00:00, run_after=2024-04-03 00:00:00+00:00
[2024-04-03T22:25:58.377+0000] {processor.py:183} INFO - Processing /home/airflow/.local/lib/python3.8/site-packages/airflow/example_dags/example_skip_dag.py took 0.055 seconds
[2024-04-03T22:26:29.045+0000] {processor.py:161} INFO - Started process (PID=216) to work on /home/airflow/.local/lib/python3.8/site-packages/airflow/example_dags/example_skip_dag.py
[2024-04-03T22:26:29.047+0000] {processor.py:830} INFO - Processing file /home/airflow/.local/lib/python3.8/site-packages/airflow/example_dags/example_skip_dag.py for tasks to queue
[2024-04-03T22:26:29.049+0000] {logging_mixin.py:188} INFO - [2024-04-03T22:26:29.048+0000] {dagbag.py:540} INFO - Filling up the DagBag from /home/airflow/.local/lib/python3.8/site-packages/airflow/example_dags/example_skip_dag.py
[2024-04-03T22:26:29.053+0000] {processor.py:840} INFO - DAG(s) 'example_skip_dag' retrieved from /home/airflow/.local/lib/python3.8/site-packages/airflow/example_dags/example_skip_dag.py
[2024-04-03T22:26:29.069+0000] {logging_mixin.py:188} INFO - [2024-04-03T22:26:29.068+0000] {dag.py:3047} INFO - Sync 1 DAGs
[2024-04-03T22:26:29.084+0000] {logging_mixin.py:188} INFO - [2024-04-03T22:26:29.084+0000] {dag.py:3834} INFO - Setting next_dagrun for example_skip_dag to 2024-04-02 00:00:00+00:00, run_after=2024-04-03 00:00:00+00:00
[2024-04-03T22:26:29.101+0000] {processor.py:183} INFO - Processing /home/airflow/.local/lib/python3.8/site-packages/airflow/example_dags/example_skip_dag.py took 0.059 seconds
[2024-04-03T22:26:59.279+0000] {processor.py:161} INFO - Started process (PID=271) to work on /home/airflow/.local/lib/python3.8/site-packages/airflow/example_dags/example_skip_dag.py
[2024-04-03T22:26:59.280+0000] {processor.py:830} INFO - Processing file /home/airflow/.local/lib/python3.8/site-packages/airflow/example_dags/example_skip_dag.py for tasks to queue
[2024-04-03T22:26:59.281+0000] {logging_mixin.py:188} INFO - [2024-04-03T22:26:59.281+0000] {dagbag.py:540} INFO - Filling up the DagBag from /home/airflow/.local/lib/python3.8/site-packages/airflow/example_dags/example_skip_dag.py
[2024-04-03T22:26:59.285+0000] {processor.py:840} INFO - DAG(s) 'example_skip_dag' retrieved from /home/airflow/.local/lib/python3.8/site-packages/airflow/example_dags/example_skip_dag.py
[2024-04-03T22:26:59.299+0000] {logging_mixin.py:188} INFO - [2024-04-03T22:26:59.299+0000] {dag.py:3047} INFO - Sync 1 DAGs
[2024-04-03T22:26:59.312+0000] {logging_mixin.py:188} INFO - [2024-04-03T22:26:59.312+0000] {dag.py:3834} INFO - Setting next_dagrun for example_skip_dag to 2024-04-02 00:00:00+00:00, run_after=2024-04-03 00:00:00+00:00
[2024-04-03T22:26:59.325+0000] {processor.py:183} INFO - Processing /home/airflow/.local/lib/python3.8/site-packages/airflow/example_dags/example_skip_dag.py took 0.048 seconds
[2024-04-03T22:27:29.708+0000] {processor.py:161} INFO - Started process (PID=326) to work on /home/airflow/.local/lib/python3.8/site-packages/airflow/example_dags/example_skip_dag.py
[2024-04-03T22:27:29.712+0000] {processor.py:830} INFO - Processing file /home/airflow/.local/lib/python3.8/site-packages/airflow/example_dags/example_skip_dag.py for tasks to queue
[2024-04-03T22:27:29.713+0000] {logging_mixin.py:188} INFO - [2024-04-03T22:27:29.713+0000] {dagbag.py:540} INFO - Filling up the DagBag from /home/airflow/.local/lib/python3.8/site-packages/airflow/example_dags/example_skip_dag.py
[2024-04-03T22:27:29.718+0000] {processor.py:840} INFO - DAG(s) 'example_skip_dag' retrieved from /home/airflow/.local/lib/python3.8/site-packages/airflow/example_dags/example_skip_dag.py
[2024-04-03T22:27:29.735+0000] {logging_mixin.py:188} INFO - [2024-04-03T22:27:29.735+0000] {dag.py:3047} INFO - Sync 1 DAGs
[2024-04-03T22:27:29.752+0000] {logging_mixin.py:188} INFO - [2024-04-03T22:27:29.752+0000] {dag.py:3834} INFO - Setting next_dagrun for example_skip_dag to 2024-04-02 00:00:00+00:00, run_after=2024-04-03 00:00:00+00:00
[2024-04-03T22:27:29.780+0000] {processor.py:183} INFO - Processing /home/airflow/.local/lib/python3.8/site-packages/airflow/example_dags/example_skip_dag.py took 0.074 seconds
[2024-04-03T22:27:59.944+0000] {processor.py:161} INFO - Started process (PID=381) to work on /home/airflow/.local/lib/python3.8/site-packages/airflow/example_dags/example_skip_dag.py
[2024-04-03T22:27:59.945+0000] {processor.py:830} INFO - Processing file /home/airflow/.local/lib/python3.8/site-packages/airflow/example_dags/example_skip_dag.py for tasks to queue
[2024-04-03T22:27:59.946+0000] {logging_mixin.py:188} INFO - [2024-04-03T22:27:59.946+0000] {dagbag.py:540} INFO - Filling up the DagBag from /home/airflow/.local/lib/python3.8/site-packages/airflow/example_dags/example_skip_dag.py
[2024-04-03T22:27:59.951+0000] {processor.py:840} INFO - DAG(s) 'example_skip_dag' retrieved from /home/airflow/.local/lib/python3.8/site-packages/airflow/example_dags/example_skip_dag.py
[2024-04-03T22:27:59.965+0000] {logging_mixin.py:188} INFO - [2024-04-03T22:27:59.965+0000] {dag.py:3047} INFO - Sync 1 DAGs
[2024-04-03T22:27:59.980+0000] {logging_mixin.py:188} INFO - [2024-04-03T22:27:59.980+0000] {dag.py:3834} INFO - Setting next_dagrun for example_skip_dag to 2024-04-02 00:00:00+00:00, run_after=2024-04-03 00:00:00+00:00
[2024-04-03T22:27:59.995+0000] {processor.py:183} INFO - Processing /home/airflow/.local/lib/python3.8/site-packages/airflow/example_dags/example_skip_dag.py took 0.053 seconds
[2024-04-03T22:28:30.314+0000] {processor.py:161} INFO - Started process (PID=436) to work on /home/airflow/.local/lib/python3.8/site-packages/airflow/example_dags/example_skip_dag.py
[2024-04-03T22:28:30.315+0000] {processor.py:830} INFO - Processing file /home/airflow/.local/lib/python3.8/site-packages/airflow/example_dags/example_skip_dag.py for tasks to queue
[2024-04-03T22:28:30.317+0000] {logging_mixin.py:188} INFO - [2024-04-03T22:28:30.317+0000] {dagbag.py:540} INFO - Filling up the DagBag from /home/airflow/.local/lib/python3.8/site-packages/airflow/example_dags/example_skip_dag.py
[2024-04-03T22:28:30.321+0000] {processor.py:840} INFO - DAG(s) 'example_skip_dag' retrieved from /home/airflow/.local/lib/python3.8/site-packages/airflow/example_dags/example_skip_dag.py
[2024-04-03T22:28:30.339+0000] {logging_mixin.py:188} INFO - [2024-04-03T22:28:30.339+0000] {dag.py:3047} INFO - Sync 1 DAGs
[2024-04-03T22:28:30.353+0000] {logging_mixin.py:188} INFO - [2024-04-03T22:28:30.353+0000] {dag.py:3834} INFO - Setting next_dagrun for example_skip_dag to 2024-04-02 00:00:00+00:00, run_after=2024-04-03 00:00:00+00:00
[2024-04-03T22:28:30.366+0000] {processor.py:183} INFO - Processing /home/airflow/.local/lib/python3.8/site-packages/airflow/example_dags/example_skip_dag.py took 0.055 seconds
[2024-04-03T22:29:00.799+0000] {processor.py:161} INFO - Started process (PID=491) to work on /home/airflow/.local/lib/python3.8/site-packages/airflow/example_dags/example_skip_dag.py
[2024-04-03T22:29:00.800+0000] {processor.py:830} INFO - Processing file /home/airflow/.local/lib/python3.8/site-packages/airflow/example_dags/example_skip_dag.py for tasks to queue
[2024-04-03T22:29:00.801+0000] {logging_mixin.py:188} INFO - [2024-04-03T22:29:00.801+0000] {dagbag.py:540} INFO - Filling up the DagBag from /home/airflow/.local/lib/python3.8/site-packages/airflow/example_dags/example_skip_dag.py
[2024-04-03T22:29:00.806+0000] {processor.py:840} INFO - DAG(s) 'example_skip_dag' retrieved from /home/airflow/.local/lib/python3.8/site-packages/airflow/example_dags/example_skip_dag.py
[2024-04-03T22:29:00.820+0000] {logging_mixin.py:188} INFO - [2024-04-03T22:29:00.820+0000] {dag.py:3047} INFO - Sync 1 DAGs
[2024-04-03T22:29:00.835+0000] {logging_mixin.py:188} INFO - [2024-04-03T22:29:00.835+0000] {dag.py:3834} INFO - Setting next_dagrun for example_skip_dag to 2024-04-02 00:00:00+00:00, run_after=2024-04-03 00:00:00+00:00
[2024-04-03T22:29:00.861+0000] {processor.py:183} INFO - Processing /home/airflow/.local/lib/python3.8/site-packages/airflow/example_dags/example_skip_dag.py took 0.064 seconds
[2024-04-03T22:29:31.208+0000] {processor.py:161} INFO - Started process (PID=546) to work on /home/airflow/.local/lib/python3.8/site-packages/airflow/example_dags/example_skip_dag.py
[2024-04-03T22:29:31.209+0000] {processor.py:830} INFO - Processing file /home/airflow/.local/lib/python3.8/site-packages/airflow/example_dags/example_skip_dag.py for tasks to queue
[2024-04-03T22:29:31.211+0000] {logging_mixin.py:188} INFO - [2024-04-03T22:29:31.211+0000] {dagbag.py:540} INFO - Filling up the DagBag from /home/airflow/.local/lib/python3.8/site-packages/airflow/example_dags/example_skip_dag.py
[2024-04-03T22:29:31.216+0000] {processor.py:840} INFO - DAG(s) 'example_skip_dag' retrieved from /home/airflow/.local/lib/python3.8/site-packages/airflow/example_dags/example_skip_dag.py
[2024-04-03T22:29:31.232+0000] {logging_mixin.py:188} INFO - [2024-04-03T22:29:31.231+0000] {dag.py:3047} INFO - Sync 1 DAGs
[2024-04-03T22:29:31.246+0000] {logging_mixin.py:188} INFO - [2024-04-03T22:29:31.246+0000] {dag.py:3834} INFO - Setting next_dagrun for example_skip_dag to 2024-04-02 00:00:00+00:00, run_after=2024-04-03 00:00:00+00:00
[2024-04-03T22:29:31.270+0000] {processor.py:183} INFO - Processing /home/airflow/.local/lib/python3.8/site-packages/airflow/example_dags/example_skip_dag.py took 0.065 seconds
[2024-04-03T22:30:01.466+0000] {processor.py:161} INFO - Started process (PID=601) to work on /home/airflow/.local/lib/python3.8/site-packages/airflow/example_dags/example_skip_dag.py
[2024-04-03T22:30:01.467+0000] {processor.py:830} INFO - Processing file /home/airflow/.local/lib/python3.8/site-packages/airflow/example_dags/example_skip_dag.py for tasks to queue
[2024-04-03T22:30:01.468+0000] {logging_mixin.py:188} INFO - [2024-04-03T22:30:01.468+0000] {dagbag.py:540} INFO - Filling up the DagBag from /home/airflow/.local/lib/python3.8/site-packages/airflow/example_dags/example_skip_dag.py
[2024-04-03T22:30:01.473+0000] {processor.py:840} INFO - DAG(s) 'example_skip_dag' retrieved from /home/airflow/.local/lib/python3.8/site-packages/airflow/example_dags/example_skip_dag.py
[2024-04-03T22:30:01.487+0000] {logging_mixin.py:188} INFO - [2024-04-03T22:30:01.487+0000] {dag.py:3047} INFO - Sync 1 DAGs
[2024-04-03T22:30:01.504+0000] {logging_mixin.py:188} INFO - [2024-04-03T22:30:01.504+0000] {dag.py:3834} INFO - Setting next_dagrun for example_skip_dag to 2024-04-02 00:00:00+00:00, run_after=2024-04-03 00:00:00+00:00
[2024-04-03T22:30:01.519+0000] {processor.py:183} INFO - Processing /home/airflow/.local/lib/python3.8/site-packages/airflow/example_dags/example_skip_dag.py took 0.055 seconds
[2024-04-03T22:30:31.870+0000] {processor.py:161} INFO - Started process (PID=656) to work on /home/airflow/.local/lib/python3.8/site-packages/airflow/example_dags/example_skip_dag.py
[2024-04-03T22:30:31.872+0000] {processor.py:830} INFO - Processing file /home/airflow/.local/lib/python3.8/site-packages/airflow/example_dags/example_skip_dag.py for tasks to queue
[2024-04-03T22:30:31.873+0000] {logging_mixin.py:188} INFO - [2024-04-03T22:30:31.873+0000] {dagbag.py:540} INFO - Filling up the DagBag from /home/airflow/.local/lib/python3.8/site-packages/airflow/example_dags/example_skip_dag.py
[2024-04-03T22:30:31.877+0000] {processor.py:840} INFO - DAG(s) 'example_skip_dag' retrieved from /home/airflow/.local/lib/python3.8/site-packages/airflow/example_dags/example_skip_dag.py
[2024-04-03T22:30:31.891+0000] {logging_mixin.py:188} INFO - [2024-04-03T22:30:31.891+0000] {dag.py:3047} INFO - Sync 1 DAGs
[2024-04-03T22:30:31.905+0000] {logging_mixin.py:188} INFO - [2024-04-03T22:30:31.905+0000] {dag.py:3834} INFO - Setting next_dagrun for example_skip_dag to 2024-04-02 00:00:00+00:00, run_after=2024-04-03 00:00:00+00:00
[2024-04-03T22:30:31.916+0000] {processor.py:183} INFO - Processing /home/airflow/.local/lib/python3.8/site-packages/airflow/example_dags/example_skip_dag.py took 0.048 seconds
[2024-04-03T22:31:02.200+0000] {processor.py:161} INFO - Started process (PID=711) to work on /home/airflow/.local/lib/python3.8/site-packages/airflow/example_dags/example_skip_dag.py
[2024-04-03T22:31:02.202+0000] {processor.py:830} INFO - Processing file /home/airflow/.local/lib/python3.8/site-packages/airflow/example_dags/example_skip_dag.py for tasks to queue
[2024-04-03T22:31:02.203+0000] {logging_mixin.py:188} INFO - [2024-04-03T22:31:02.203+0000] {dagbag.py:540} INFO - Filling up the DagBag from /home/airflow/.local/lib/python3.8/site-packages/airflow/example_dags/example_skip_dag.py
[2024-04-03T22:31:02.207+0000] {processor.py:840} INFO - DAG(s) 'example_skip_dag' retrieved from /home/airflow/.local/lib/python3.8/site-packages/airflow/example_dags/example_skip_dag.py
[2024-04-03T22:31:02.222+0000] {logging_mixin.py:188} INFO - [2024-04-03T22:31:02.222+0000] {dag.py:3047} INFO - Sync 1 DAGs
[2024-04-03T22:31:02.237+0000] {logging_mixin.py:188} INFO - [2024-04-03T22:31:02.237+0000] {dag.py:3834} INFO - Setting next_dagrun for example_skip_dag to 2024-04-02 00:00:00+00:00, run_after=2024-04-03 00:00:00+00:00
[2024-04-03T22:31:02.250+0000] {processor.py:183} INFO - Processing /home/airflow/.local/lib/python3.8/site-packages/airflow/example_dags/example_skip_dag.py took 0.052 seconds
[2024-04-03T22:31:32.931+0000] {processor.py:161} INFO - Started process (PID=766) to work on /home/airflow/.local/lib/python3.8/site-packages/airflow/example_dags/example_skip_dag.py
[2024-04-03T22:31:32.943+0000] {processor.py:830} INFO - Processing file /home/airflow/.local/lib/python3.8/site-packages/airflow/example_dags/example_skip_dag.py for tasks to queue
[2024-04-03T22:31:32.958+0000] {logging_mixin.py:188} INFO - [2024-04-03T22:31:32.958+0000] {dagbag.py:540} INFO - Filling up the DagBag from /home/airflow/.local/lib/python3.8/site-packages/airflow/example_dags/example_skip_dag.py
[2024-04-03T22:31:32.978+0000] {processor.py:840} INFO - DAG(s) 'example_skip_dag' retrieved from /home/airflow/.local/lib/python3.8/site-packages/airflow/example_dags/example_skip_dag.py
[2024-04-03T22:31:33.003+0000] {logging_mixin.py:188} INFO - [2024-04-03T22:31:33.003+0000] {dag.py:3047} INFO - Sync 1 DAGs
[2024-04-03T22:31:33.017+0000] {logging_mixin.py:188} INFO - [2024-04-03T22:31:33.017+0000] {dag.py:3834} INFO - Setting next_dagrun for example_skip_dag to 2024-04-02 00:00:00+00:00, run_after=2024-04-03 00:00:00+00:00
[2024-04-03T22:31:33.035+0000] {processor.py:183} INFO - Processing /home/airflow/.local/lib/python3.8/site-packages/airflow/example_dags/example_skip_dag.py took 0.107 seconds
[2024-04-03T22:32:03.325+0000] {processor.py:161} INFO - Started process (PID=821) to work on /home/airflow/.local/lib/python3.8/site-packages/airflow/example_dags/example_skip_dag.py
[2024-04-03T22:32:03.326+0000] {processor.py:830} INFO - Processing file /home/airflow/.local/lib/python3.8/site-packages/airflow/example_dags/example_skip_dag.py for tasks to queue
[2024-04-03T22:32:03.328+0000] {logging_mixin.py:188} INFO - [2024-04-03T22:32:03.327+0000] {dagbag.py:540} INFO - Filling up the DagBag from /home/airflow/.local/lib/python3.8/site-packages/airflow/example_dags/example_skip_dag.py
[2024-04-03T22:32:03.331+0000] {processor.py:840} INFO - DAG(s) 'example_skip_dag' retrieved from /home/airflow/.local/lib/python3.8/site-packages/airflow/example_dags/example_skip_dag.py
[2024-04-03T22:32:03.346+0000] {logging_mixin.py:188} INFO - [2024-04-03T22:32:03.346+0000] {dag.py:3047} INFO - Sync 1 DAGs
[2024-04-03T22:32:03.359+0000] {logging_mixin.py:188} INFO - [2024-04-03T22:32:03.359+0000] {dag.py:3834} INFO - Setting next_dagrun for example_skip_dag to 2024-04-02 00:00:00+00:00, run_after=2024-04-03 00:00:00+00:00
[2024-04-03T22:32:03.373+0000] {processor.py:183} INFO - Processing /home/airflow/.local/lib/python3.8/site-packages/airflow/example_dags/example_skip_dag.py took 0.050 seconds
[2024-04-03T22:32:53.378+0000] {processor.py:161} INFO - Started process (PID=51) to work on /home/airflow/.local/lib/python3.8/site-packages/airflow/example_dags/example_skip_dag.py
[2024-04-03T22:32:53.380+0000] {processor.py:830} INFO - Processing file /home/airflow/.local/lib/python3.8/site-packages/airflow/example_dags/example_skip_dag.py for tasks to queue
[2024-04-03T22:32:53.381+0000] {logging_mixin.py:188} INFO - [2024-04-03T22:32:53.381+0000] {dagbag.py:540} INFO - Filling up the DagBag from /home/airflow/.local/lib/python3.8/site-packages/airflow/example_dags/example_skip_dag.py
[2024-04-03T22:32:53.394+0000] {processor.py:840} INFO - DAG(s) 'example_skip_dag' retrieved from /home/airflow/.local/lib/python3.8/site-packages/airflow/example_dags/example_skip_dag.py
[2024-04-03T22:32:53.412+0000] {logging_mixin.py:188} INFO - [2024-04-03T22:32:53.412+0000] {dag.py:3047} INFO - Sync 1 DAGs
[2024-04-03T22:32:53.431+0000] {logging_mixin.py:188} INFO - [2024-04-03T22:32:53.430+0000] {dag.py:3834} INFO - Setting next_dagrun for example_skip_dag to 2024-04-02 00:00:00+00:00, run_after=2024-04-03 00:00:00+00:00
[2024-04-03T22:32:53.446+0000] {processor.py:183} INFO - Processing /home/airflow/.local/lib/python3.8/site-packages/airflow/example_dags/example_skip_dag.py took 0.070 seconds
[2024-04-03T22:33:23.952+0000] {processor.py:161} INFO - Started process (PID=106) to work on /home/airflow/.local/lib/python3.8/site-packages/airflow/example_dags/example_skip_dag.py
[2024-04-03T22:33:23.952+0000] {processor.py:830} INFO - Processing file /home/airflow/.local/lib/python3.8/site-packages/airflow/example_dags/example_skip_dag.py for tasks to queue
[2024-04-03T22:33:23.953+0000] {logging_mixin.py:188} INFO - [2024-04-03T22:33:23.953+0000] {dagbag.py:540} INFO - Filling up the DagBag from /home/airflow/.local/lib/python3.8/site-packages/airflow/example_dags/example_skip_dag.py
[2024-04-03T22:33:23.958+0000] {processor.py:840} INFO - DAG(s) 'example_skip_dag' retrieved from /home/airflow/.local/lib/python3.8/site-packages/airflow/example_dags/example_skip_dag.py
[2024-04-03T22:33:24.079+0000] {logging_mixin.py:188} INFO - [2024-04-03T22:33:24.079+0000] {dag.py:3047} INFO - Sync 1 DAGs
[2024-04-03T22:33:24.107+0000] {logging_mixin.py:188} INFO - [2024-04-03T22:33:24.107+0000] {dag.py:3834} INFO - Setting next_dagrun for example_skip_dag to 2024-04-02 00:00:00+00:00, run_after=2024-04-03 00:00:00+00:00
[2024-04-03T22:33:24.124+0000] {processor.py:183} INFO - Processing /home/airflow/.local/lib/python3.8/site-packages/airflow/example_dags/example_skip_dag.py took 0.174 seconds
[2024-04-03T22:33:54.790+0000] {processor.py:161} INFO - Started process (PID=161) to work on /home/airflow/.local/lib/python3.8/site-packages/airflow/example_dags/example_skip_dag.py
[2024-04-03T22:33:54.791+0000] {processor.py:830} INFO - Processing file /home/airflow/.local/lib/python3.8/site-packages/airflow/example_dags/example_skip_dag.py for tasks to queue
[2024-04-03T22:33:54.792+0000] {logging_mixin.py:188} INFO - [2024-04-03T22:33:54.792+0000] {dagbag.py:540} INFO - Filling up the DagBag from /home/airflow/.local/lib/python3.8/site-packages/airflow/example_dags/example_skip_dag.py
[2024-04-03T22:33:54.796+0000] {processor.py:840} INFO - DAG(s) 'example_skip_dag' retrieved from /home/airflow/.local/lib/python3.8/site-packages/airflow/example_dags/example_skip_dag.py
[2024-04-03T22:33:54.812+0000] {logging_mixin.py:188} INFO - [2024-04-03T22:33:54.811+0000] {dag.py:3047} INFO - Sync 1 DAGs
[2024-04-03T22:33:54.826+0000] {logging_mixin.py:188} INFO - [2024-04-03T22:33:54.826+0000] {dag.py:3834} INFO - Setting next_dagrun for example_skip_dag to 2024-04-02 00:00:00+00:00, run_after=2024-04-03 00:00:00+00:00
[2024-04-03T22:33:54.840+0000] {processor.py:183} INFO - Processing /home/airflow/.local/lib/python3.8/site-packages/airflow/example_dags/example_skip_dag.py took 0.052 seconds
[2024-04-03T22:34:25.572+0000] {processor.py:161} INFO - Started process (PID=216) to work on /home/airflow/.local/lib/python3.8/site-packages/airflow/example_dags/example_skip_dag.py
[2024-04-03T22:34:25.573+0000] {processor.py:830} INFO - Processing file /home/airflow/.local/lib/python3.8/site-packages/airflow/example_dags/example_skip_dag.py for tasks to queue
[2024-04-03T22:34:25.575+0000] {logging_mixin.py:188} INFO - [2024-04-03T22:34:25.575+0000] {dagbag.py:540} INFO - Filling up the DagBag from /home/airflow/.local/lib/python3.8/site-packages/airflow/example_dags/example_skip_dag.py
[2024-04-03T22:34:25.579+0000] {processor.py:840} INFO - DAG(s) 'example_skip_dag' retrieved from /home/airflow/.local/lib/python3.8/site-packages/airflow/example_dags/example_skip_dag.py
[2024-04-03T22:34:25.594+0000] {logging_mixin.py:188} INFO - [2024-04-03T22:34:25.594+0000] {dag.py:3047} INFO - Sync 1 DAGs
[2024-04-03T22:34:25.608+0000] {logging_mixin.py:188} INFO - [2024-04-03T22:34:25.608+0000] {dag.py:3834} INFO - Setting next_dagrun for example_skip_dag to 2024-04-02 00:00:00+00:00, run_after=2024-04-03 00:00:00+00:00
[2024-04-03T22:34:25.633+0000] {processor.py:183} INFO - Processing /home/airflow/.local/lib/python3.8/site-packages/airflow/example_dags/example_skip_dag.py took 0.062 seconds
[2024-04-03T22:34:55.916+0000] {processor.py:161} INFO - Started process (PID=271) to work on /home/airflow/.local/lib/python3.8/site-packages/airflow/example_dags/example_skip_dag.py
[2024-04-03T22:34:55.917+0000] {processor.py:830} INFO - Processing file /home/airflow/.local/lib/python3.8/site-packages/airflow/example_dags/example_skip_dag.py for tasks to queue
[2024-04-03T22:34:55.919+0000] {logging_mixin.py:188} INFO - [2024-04-03T22:34:55.918+0000] {dagbag.py:540} INFO - Filling up the DagBag from /home/airflow/.local/lib/python3.8/site-packages/airflow/example_dags/example_skip_dag.py
[2024-04-03T22:34:55.923+0000] {processor.py:840} INFO - DAG(s) 'example_skip_dag' retrieved from /home/airflow/.local/lib/python3.8/site-packages/airflow/example_dags/example_skip_dag.py
[2024-04-03T22:34:55.938+0000] {logging_mixin.py:188} INFO - [2024-04-03T22:34:55.938+0000] {dag.py:3047} INFO - Sync 1 DAGs
[2024-04-03T22:34:55.953+0000] {logging_mixin.py:188} INFO - [2024-04-03T22:34:55.953+0000] {dag.py:3834} INFO - Setting next_dagrun for example_skip_dag to 2024-04-02 00:00:00+00:00, run_after=2024-04-03 00:00:00+00:00
[2024-04-03T22:34:55.976+0000] {processor.py:183} INFO - Processing /home/airflow/.local/lib/python3.8/site-packages/airflow/example_dags/example_skip_dag.py took 0.062 seconds
[2024-04-03T22:35:26.203+0000] {processor.py:161} INFO - Started process (PID=326) to work on /home/airflow/.local/lib/python3.8/site-packages/airflow/example_dags/example_skip_dag.py
[2024-04-03T22:35:26.204+0000] {processor.py:830} INFO - Processing file /home/airflow/.local/lib/python3.8/site-packages/airflow/example_dags/example_skip_dag.py for tasks to queue
[2024-04-03T22:35:26.205+0000] {logging_mixin.py:188} INFO - [2024-04-03T22:35:26.205+0000] {dagbag.py:540} INFO - Filling up the DagBag from /home/airflow/.local/lib/python3.8/site-packages/airflow/example_dags/example_skip_dag.py
[2024-04-03T22:35:26.209+0000] {processor.py:840} INFO - DAG(s) 'example_skip_dag' retrieved from /home/airflow/.local/lib/python3.8/site-packages/airflow/example_dags/example_skip_dag.py
[2024-04-03T22:35:26.223+0000] {logging_mixin.py:188} INFO - [2024-04-03T22:35:26.223+0000] {dag.py:3047} INFO - Sync 1 DAGs
[2024-04-03T22:35:26.237+0000] {logging_mixin.py:188} INFO - [2024-04-03T22:35:26.236+0000] {dag.py:3834} INFO - Setting next_dagrun for example_skip_dag to 2024-04-02 00:00:00+00:00, run_after=2024-04-03 00:00:00+00:00
[2024-04-03T22:35:26.250+0000] {processor.py:183} INFO - Processing /home/airflow/.local/lib/python3.8/site-packages/airflow/example_dags/example_skip_dag.py took 0.049 seconds
[2024-04-03T22:35:56.682+0000] {processor.py:161} INFO - Started process (PID=381) to work on /home/airflow/.local/lib/python3.8/site-packages/airflow/example_dags/example_skip_dag.py
[2024-04-03T22:35:56.683+0000] {processor.py:830} INFO - Processing file /home/airflow/.local/lib/python3.8/site-packages/airflow/example_dags/example_skip_dag.py for tasks to queue
[2024-04-03T22:35:56.684+0000] {logging_mixin.py:188} INFO - [2024-04-03T22:35:56.684+0000] {dagbag.py:540} INFO - Filling up the DagBag from /home/airflow/.local/lib/python3.8/site-packages/airflow/example_dags/example_skip_dag.py
[2024-04-03T22:35:56.688+0000] {processor.py:840} INFO - DAG(s) 'example_skip_dag' retrieved from /home/airflow/.local/lib/python3.8/site-packages/airflow/example_dags/example_skip_dag.py
[2024-04-03T22:35:56.703+0000] {logging_mixin.py:188} INFO - [2024-04-03T22:35:56.703+0000] {dag.py:3047} INFO - Sync 1 DAGs
[2024-04-03T22:35:56.717+0000] {logging_mixin.py:188} INFO - [2024-04-03T22:35:56.717+0000] {dag.py:3834} INFO - Setting next_dagrun for example_skip_dag to 2024-04-02 00:00:00+00:00, run_after=2024-04-03 00:00:00+00:00
[2024-04-03T22:35:56.740+0000] {processor.py:183} INFO - Processing /home/airflow/.local/lib/python3.8/site-packages/airflow/example_dags/example_skip_dag.py took 0.060 seconds
[2024-04-03T22:36:27.359+0000] {processor.py:161} INFO - Started process (PID=436) to work on /home/airflow/.local/lib/python3.8/site-packages/airflow/example_dags/example_skip_dag.py
[2024-04-03T22:36:27.360+0000] {processor.py:830} INFO - Processing file /home/airflow/.local/lib/python3.8/site-packages/airflow/example_dags/example_skip_dag.py for tasks to queue
[2024-04-03T22:36:27.361+0000] {logging_mixin.py:188} INFO - [2024-04-03T22:36:27.361+0000] {dagbag.py:540} INFO - Filling up the DagBag from /home/airflow/.local/lib/python3.8/site-packages/airflow/example_dags/example_skip_dag.py
[2024-04-03T22:36:27.366+0000] {processor.py:840} INFO - DAG(s) 'example_skip_dag' retrieved from /home/airflow/.local/lib/python3.8/site-packages/airflow/example_dags/example_skip_dag.py
[2024-04-03T22:36:27.381+0000] {logging_mixin.py:188} INFO - [2024-04-03T22:36:27.381+0000] {dag.py:3047} INFO - Sync 1 DAGs
[2024-04-03T22:36:27.396+0000] {logging_mixin.py:188} INFO - [2024-04-03T22:36:27.396+0000] {dag.py:3834} INFO - Setting next_dagrun for example_skip_dag to 2024-04-02 00:00:00+00:00, run_after=2024-04-03 00:00:00+00:00
[2024-04-03T22:36:27.416+0000] {processor.py:183} INFO - Processing /home/airflow/.local/lib/python3.8/site-packages/airflow/example_dags/example_skip_dag.py took 0.059 seconds
[2024-04-03T22:36:57.556+0000] {processor.py:161} INFO - Started process (PID=491) to work on /home/airflow/.local/lib/python3.8/site-packages/airflow/example_dags/example_skip_dag.py
[2024-04-03T22:36:57.557+0000] {processor.py:830} INFO - Processing file /home/airflow/.local/lib/python3.8/site-packages/airflow/example_dags/example_skip_dag.py for tasks to queue
[2024-04-03T22:36:57.559+0000] {logging_mixin.py:188} INFO - [2024-04-03T22:36:57.558+0000] {dagbag.py:540} INFO - Filling up the DagBag from /home/airflow/.local/lib/python3.8/site-packages/airflow/example_dags/example_skip_dag.py
[2024-04-03T22:36:57.564+0000] {processor.py:840} INFO - DAG(s) 'example_skip_dag' retrieved from /home/airflow/.local/lib/python3.8/site-packages/airflow/example_dags/example_skip_dag.py
[2024-04-03T22:36:57.579+0000] {logging_mixin.py:188} INFO - [2024-04-03T22:36:57.579+0000] {dag.py:3047} INFO - Sync 1 DAGs
[2024-04-03T22:36:57.593+0000] {logging_mixin.py:188} INFO - [2024-04-03T22:36:57.593+0000] {dag.py:3834} INFO - Setting next_dagrun for example_skip_dag to 2024-04-02 00:00:00+00:00, run_after=2024-04-03 00:00:00+00:00
[2024-04-03T22:36:57.616+0000] {processor.py:183} INFO - Processing /home/airflow/.local/lib/python3.8/site-packages/airflow/example_dags/example_skip_dag.py took 0.061 seconds
[2024-04-03T22:37:28.097+0000] {processor.py:161} INFO - Started process (PID=545) to work on /home/airflow/.local/lib/python3.8/site-packages/airflow/example_dags/example_skip_dag.py
[2024-04-03T22:37:28.098+0000] {processor.py:830} INFO - Processing file /home/airflow/.local/lib/python3.8/site-packages/airflow/example_dags/example_skip_dag.py for tasks to queue
[2024-04-03T22:37:28.100+0000] {logging_mixin.py:188} INFO - [2024-04-03T22:37:28.100+0000] {dagbag.py:540} INFO - Filling up the DagBag from /home/airflow/.local/lib/python3.8/site-packages/airflow/example_dags/example_skip_dag.py
[2024-04-03T22:37:28.104+0000] {processor.py:840} INFO - DAG(s) 'example_skip_dag' retrieved from /home/airflow/.local/lib/python3.8/site-packages/airflow/example_dags/example_skip_dag.py
[2024-04-03T22:37:28.118+0000] {logging_mixin.py:188} INFO - [2024-04-03T22:37:28.118+0000] {dag.py:3047} INFO - Sync 1 DAGs
[2024-04-03T22:37:28.135+0000] {logging_mixin.py:188} INFO - [2024-04-03T22:37:28.135+0000] {dag.py:3834} INFO - Setting next_dagrun for example_skip_dag to 2024-04-02 00:00:00+00:00, run_after=2024-04-03 00:00:00+00:00
[2024-04-03T22:37:28.147+0000] {processor.py:183} INFO - Processing /home/airflow/.local/lib/python3.8/site-packages/airflow/example_dags/example_skip_dag.py took 0.052 seconds
[2024-04-03T22:37:58.620+0000] {processor.py:161} INFO - Started process (PID=601) to work on /home/airflow/.local/lib/python3.8/site-packages/airflow/example_dags/example_skip_dag.py
[2024-04-03T22:37:58.621+0000] {processor.py:830} INFO - Processing file /home/airflow/.local/lib/python3.8/site-packages/airflow/example_dags/example_skip_dag.py for tasks to queue
[2024-04-03T22:37:58.622+0000] {logging_mixin.py:188} INFO - [2024-04-03T22:37:58.622+0000] {dagbag.py:540} INFO - Filling up the DagBag from /home/airflow/.local/lib/python3.8/site-packages/airflow/example_dags/example_skip_dag.py
[2024-04-03T22:37:58.626+0000] {processor.py:840} INFO - DAG(s) 'example_skip_dag' retrieved from /home/airflow/.local/lib/python3.8/site-packages/airflow/example_dags/example_skip_dag.py
[2024-04-03T22:37:58.642+0000] {logging_mixin.py:188} INFO - [2024-04-03T22:37:58.642+0000] {dag.py:3047} INFO - Sync 1 DAGs
[2024-04-03T22:37:58.659+0000] {logging_mixin.py:188} INFO - [2024-04-03T22:37:58.658+0000] {dag.py:3834} INFO - Setting next_dagrun for example_skip_dag to 2024-04-02 00:00:00+00:00, run_after=2024-04-03 00:00:00+00:00
[2024-04-03T22:37:58.681+0000] {processor.py:183} INFO - Processing /home/airflow/.local/lib/python3.8/site-packages/airflow/example_dags/example_skip_dag.py took 0.062 seconds
[2024-04-03T22:38:28.935+0000] {processor.py:161} INFO - Started process (PID=656) to work on /home/airflow/.local/lib/python3.8/site-packages/airflow/example_dags/example_skip_dag.py
[2024-04-03T22:38:28.935+0000] {processor.py:830} INFO - Processing file /home/airflow/.local/lib/python3.8/site-packages/airflow/example_dags/example_skip_dag.py for tasks to queue
[2024-04-03T22:38:28.938+0000] {logging_mixin.py:188} INFO - [2024-04-03T22:38:28.938+0000] {dagbag.py:540} INFO - Filling up the DagBag from /home/airflow/.local/lib/python3.8/site-packages/airflow/example_dags/example_skip_dag.py
[2024-04-03T22:38:28.942+0000] {processor.py:840} INFO - DAG(s) 'example_skip_dag' retrieved from /home/airflow/.local/lib/python3.8/site-packages/airflow/example_dags/example_skip_dag.py
[2024-04-03T22:38:28.964+0000] {logging_mixin.py:188} INFO - [2024-04-03T22:38:28.963+0000] {dag.py:3047} INFO - Sync 1 DAGs
[2024-04-03T22:38:28.982+0000] {logging_mixin.py:188} INFO - [2024-04-03T22:38:28.981+0000] {dag.py:3834} INFO - Setting next_dagrun for example_skip_dag to 2024-04-02 00:00:00+00:00, run_after=2024-04-03 00:00:00+00:00
[2024-04-03T22:38:28.999+0000] {processor.py:183} INFO - Processing /home/airflow/.local/lib/python3.8/site-packages/airflow/example_dags/example_skip_dag.py took 0.068 seconds
[2024-04-03T22:38:59.227+0000] {processor.py:161} INFO - Started process (PID=711) to work on /home/airflow/.local/lib/python3.8/site-packages/airflow/example_dags/example_skip_dag.py
[2024-04-03T22:38:59.227+0000] {processor.py:830} INFO - Processing file /home/airflow/.local/lib/python3.8/site-packages/airflow/example_dags/example_skip_dag.py for tasks to queue
[2024-04-03T22:38:59.229+0000] {logging_mixin.py:188} INFO - [2024-04-03T22:38:59.229+0000] {dagbag.py:540} INFO - Filling up the DagBag from /home/airflow/.local/lib/python3.8/site-packages/airflow/example_dags/example_skip_dag.py
[2024-04-03T22:38:59.233+0000] {processor.py:840} INFO - DAG(s) 'example_skip_dag' retrieved from /home/airflow/.local/lib/python3.8/site-packages/airflow/example_dags/example_skip_dag.py
[2024-04-03T22:38:59.248+0000] {logging_mixin.py:188} INFO - [2024-04-03T22:38:59.248+0000] {dag.py:3047} INFO - Sync 1 DAGs
[2024-04-03T22:38:59.264+0000] {logging_mixin.py:188} INFO - [2024-04-03T22:38:59.264+0000] {dag.py:3834} INFO - Setting next_dagrun for example_skip_dag to 2024-04-02 00:00:00+00:00, run_after=2024-04-03 00:00:00+00:00
[2024-04-03T22:38:59.279+0000] {processor.py:183} INFO - Processing /home/airflow/.local/lib/python3.8/site-packages/airflow/example_dags/example_skip_dag.py took 0.055 seconds
[2024-04-03T22:39:29.437+0000] {processor.py:161} INFO - Started process (PID=765) to work on /home/airflow/.local/lib/python3.8/site-packages/airflow/example_dags/example_skip_dag.py
[2024-04-03T22:39:29.438+0000] {processor.py:830} INFO - Processing file /home/airflow/.local/lib/python3.8/site-packages/airflow/example_dags/example_skip_dag.py for tasks to queue
[2024-04-03T22:39:29.440+0000] {logging_mixin.py:188} INFO - [2024-04-03T22:39:29.439+0000] {dagbag.py:540} INFO - Filling up the DagBag from /home/airflow/.local/lib/python3.8/site-packages/airflow/example_dags/example_skip_dag.py
[2024-04-03T22:39:29.444+0000] {processor.py:840} INFO - DAG(s) 'example_skip_dag' retrieved from /home/airflow/.local/lib/python3.8/site-packages/airflow/example_dags/example_skip_dag.py
[2024-04-03T22:39:29.457+0000] {logging_mixin.py:188} INFO - [2024-04-03T22:39:29.457+0000] {dag.py:3047} INFO - Sync 1 DAGs
[2024-04-03T22:39:29.472+0000] {logging_mixin.py:188} INFO - [2024-04-03T22:39:29.472+0000] {dag.py:3834} INFO - Setting next_dagrun for example_skip_dag to 2024-04-02 00:00:00+00:00, run_after=2024-04-03 00:00:00+00:00
[2024-04-03T22:39:29.488+0000] {processor.py:183} INFO - Processing /home/airflow/.local/lib/python3.8/site-packages/airflow/example_dags/example_skip_dag.py took 0.053 seconds
[2024-04-03T22:39:59.709+0000] {processor.py:161} INFO - Started process (PID=820) to work on /home/airflow/.local/lib/python3.8/site-packages/airflow/example_dags/example_skip_dag.py
[2024-04-03T22:39:59.710+0000] {processor.py:830} INFO - Processing file /home/airflow/.local/lib/python3.8/site-packages/airflow/example_dags/example_skip_dag.py for tasks to queue
[2024-04-03T22:39:59.711+0000] {logging_mixin.py:188} INFO - [2024-04-03T22:39:59.711+0000] {dagbag.py:540} INFO - Filling up the DagBag from /home/airflow/.local/lib/python3.8/site-packages/airflow/example_dags/example_skip_dag.py
[2024-04-03T22:39:59.715+0000] {processor.py:840} INFO - DAG(s) 'example_skip_dag' retrieved from /home/airflow/.local/lib/python3.8/site-packages/airflow/example_dags/example_skip_dag.py
[2024-04-03T22:39:59.729+0000] {logging_mixin.py:188} INFO - [2024-04-03T22:39:59.729+0000] {dag.py:3047} INFO - Sync 1 DAGs
[2024-04-03T22:39:59.743+0000] {logging_mixin.py:188} INFO - [2024-04-03T22:39:59.743+0000] {dag.py:3834} INFO - Setting next_dagrun for example_skip_dag to 2024-04-02 00:00:00+00:00, run_after=2024-04-03 00:00:00+00:00
[2024-04-03T22:39:59.763+0000] {processor.py:183} INFO - Processing /home/airflow/.local/lib/python3.8/site-packages/airflow/example_dags/example_skip_dag.py took 0.057 seconds
[2024-04-03T22:40:30.080+0000] {processor.py:161} INFO - Started process (PID=875) to work on /home/airflow/.local/lib/python3.8/site-packages/airflow/example_dags/example_skip_dag.py
[2024-04-03T22:40:30.081+0000] {processor.py:830} INFO - Processing file /home/airflow/.local/lib/python3.8/site-packages/airflow/example_dags/example_skip_dag.py for tasks to queue
[2024-04-03T22:40:30.084+0000] {logging_mixin.py:188} INFO - [2024-04-03T22:40:30.084+0000] {dagbag.py:540} INFO - Filling up the DagBag from /home/airflow/.local/lib/python3.8/site-packages/airflow/example_dags/example_skip_dag.py
[2024-04-03T22:40:30.088+0000] {processor.py:840} INFO - DAG(s) 'example_skip_dag' retrieved from /home/airflow/.local/lib/python3.8/site-packages/airflow/example_dags/example_skip_dag.py
[2024-04-03T22:40:30.104+0000] {logging_mixin.py:188} INFO - [2024-04-03T22:40:30.103+0000] {dag.py:3047} INFO - Sync 1 DAGs
[2024-04-03T22:40:30.119+0000] {logging_mixin.py:188} INFO - [2024-04-03T22:40:30.119+0000] {dag.py:3834} INFO - Setting next_dagrun for example_skip_dag to 2024-04-02 00:00:00+00:00, run_after=2024-04-03 00:00:00+00:00
[2024-04-03T22:40:30.136+0000] {processor.py:183} INFO - Processing /home/airflow/.local/lib/python3.8/site-packages/airflow/example_dags/example_skip_dag.py took 0.058 seconds
[2024-04-03T22:41:00.489+0000] {processor.py:161} INFO - Started process (PID=930) to work on /home/airflow/.local/lib/python3.8/site-packages/airflow/example_dags/example_skip_dag.py
[2024-04-03T22:41:00.490+0000] {processor.py:830} INFO - Processing file /home/airflow/.local/lib/python3.8/site-packages/airflow/example_dags/example_skip_dag.py for tasks to queue
[2024-04-03T22:41:00.493+0000] {logging_mixin.py:188} INFO - [2024-04-03T22:41:00.493+0000] {dagbag.py:540} INFO - Filling up the DagBag from /home/airflow/.local/lib/python3.8/site-packages/airflow/example_dags/example_skip_dag.py
[2024-04-03T22:41:00.498+0000] {processor.py:840} INFO - DAG(s) 'example_skip_dag' retrieved from /home/airflow/.local/lib/python3.8/site-packages/airflow/example_dags/example_skip_dag.py
[2024-04-03T22:41:00.512+0000] {logging_mixin.py:188} INFO - [2024-04-03T22:41:00.512+0000] {dag.py:3047} INFO - Sync 1 DAGs
[2024-04-03T22:41:00.528+0000] {logging_mixin.py:188} INFO - [2024-04-03T22:41:00.528+0000] {dag.py:3834} INFO - Setting next_dagrun for example_skip_dag to 2024-04-02 00:00:00+00:00, run_after=2024-04-03 00:00:00+00:00
[2024-04-03T22:41:00.544+0000] {processor.py:183} INFO - Processing /home/airflow/.local/lib/python3.8/site-packages/airflow/example_dags/example_skip_dag.py took 0.057 seconds
[2024-04-03T22:41:30.988+0000] {processor.py:161} INFO - Started process (PID=985) to work on /home/airflow/.local/lib/python3.8/site-packages/airflow/example_dags/example_skip_dag.py
[2024-04-03T22:41:30.989+0000] {processor.py:830} INFO - Processing file /home/airflow/.local/lib/python3.8/site-packages/airflow/example_dags/example_skip_dag.py for tasks to queue
[2024-04-03T22:41:30.991+0000] {logging_mixin.py:188} INFO - [2024-04-03T22:41:30.990+0000] {dagbag.py:540} INFO - Filling up the DagBag from /home/airflow/.local/lib/python3.8/site-packages/airflow/example_dags/example_skip_dag.py
[2024-04-03T22:41:30.995+0000] {processor.py:840} INFO - DAG(s) 'example_skip_dag' retrieved from /home/airflow/.local/lib/python3.8/site-packages/airflow/example_dags/example_skip_dag.py
[2024-04-03T22:41:31.010+0000] {logging_mixin.py:188} INFO - [2024-04-03T22:41:31.010+0000] {dag.py:3047} INFO - Sync 1 DAGs
[2024-04-03T22:41:31.028+0000] {logging_mixin.py:188} INFO - [2024-04-03T22:41:31.028+0000] {dag.py:3834} INFO - Setting next_dagrun for example_skip_dag to 2024-04-02 00:00:00+00:00, run_after=2024-04-03 00:00:00+00:00
[2024-04-03T22:41:31.044+0000] {processor.py:183} INFO - Processing /home/airflow/.local/lib/python3.8/site-packages/airflow/example_dags/example_skip_dag.py took 0.058 seconds
[2024-04-03T22:42:01.379+0000] {processor.py:161} INFO - Started process (PID=1040) to work on /home/airflow/.local/lib/python3.8/site-packages/airflow/example_dags/example_skip_dag.py
[2024-04-03T22:42:01.380+0000] {processor.py:830} INFO - Processing file /home/airflow/.local/lib/python3.8/site-packages/airflow/example_dags/example_skip_dag.py for tasks to queue
[2024-04-03T22:42:01.383+0000] {logging_mixin.py:188} INFO - [2024-04-03T22:42:01.382+0000] {dagbag.py:540} INFO - Filling up the DagBag from /home/airflow/.local/lib/python3.8/site-packages/airflow/example_dags/example_skip_dag.py
[2024-04-03T22:42:01.388+0000] {processor.py:840} INFO - DAG(s) 'example_skip_dag' retrieved from /home/airflow/.local/lib/python3.8/site-packages/airflow/example_dags/example_skip_dag.py
[2024-04-03T22:42:01.406+0000] {logging_mixin.py:188} INFO - [2024-04-03T22:42:01.405+0000] {dag.py:3047} INFO - Sync 1 DAGs
[2024-04-03T22:42:01.423+0000] {logging_mixin.py:188} INFO - [2024-04-03T22:42:01.423+0000] {dag.py:3834} INFO - Setting next_dagrun for example_skip_dag to 2024-04-02 00:00:00+00:00, run_after=2024-04-03 00:00:00+00:00
[2024-04-03T22:42:01.454+0000] {processor.py:183} INFO - Processing /home/airflow/.local/lib/python3.8/site-packages/airflow/example_dags/example_skip_dag.py took 0.078 seconds
[2024-04-03T22:42:31.723+0000] {processor.py:161} INFO - Started process (PID=1095) to work on /home/airflow/.local/lib/python3.8/site-packages/airflow/example_dags/example_skip_dag.py
[2024-04-03T22:42:31.724+0000] {processor.py:830} INFO - Processing file /home/airflow/.local/lib/python3.8/site-packages/airflow/example_dags/example_skip_dag.py for tasks to queue
[2024-04-03T22:42:31.725+0000] {logging_mixin.py:188} INFO - [2024-04-03T22:42:31.725+0000] {dagbag.py:540} INFO - Filling up the DagBag from /home/airflow/.local/lib/python3.8/site-packages/airflow/example_dags/example_skip_dag.py
[2024-04-03T22:42:31.730+0000] {processor.py:840} INFO - DAG(s) 'example_skip_dag' retrieved from /home/airflow/.local/lib/python3.8/site-packages/airflow/example_dags/example_skip_dag.py
[2024-04-03T22:42:31.746+0000] {logging_mixin.py:188} INFO - [2024-04-03T22:42:31.746+0000] {dag.py:3047} INFO - Sync 1 DAGs
[2024-04-03T22:42:31.760+0000] {logging_mixin.py:188} INFO - [2024-04-03T22:42:31.760+0000] {dag.py:3834} INFO - Setting next_dagrun for example_skip_dag to 2024-04-02 00:00:00+00:00, run_after=2024-04-03 00:00:00+00:00
[2024-04-03T22:42:31.776+0000] {processor.py:183} INFO - Processing /home/airflow/.local/lib/python3.8/site-packages/airflow/example_dags/example_skip_dag.py took 0.055 seconds
