[2024-04-03T22:24:58.720+0000] {processor.py:161} INFO - Started process (PID=64) to work on /home/airflow/.local/lib/python3.8/site-packages/airflow/example_dags/example_branch_operator.py
[2024-04-03T22:24:58.722+0000] {processor.py:830} INFO - Processing file /home/airflow/.local/lib/python3.8/site-packages/airflow/example_dags/example_branch_operator.py for tasks to queue
[2024-04-03T22:24:58.724+0000] {logging_mixin.py:188} INFO - [2024-04-03T22:24:58.724+0000] {dagbag.py:540} INFO - Filling up the DagBag from /home/airflow/.local/lib/python3.8/site-packages/airflow/example_dags/example_branch_operator.py
[2024-04-03T22:24:58.742+0000] {processor.py:840} INFO - DAG(s) 'example_branch_operator' retrieved from /home/airflow/.local/lib/python3.8/site-packages/airflow/example_dags/example_branch_operator.py
[2024-04-03T22:24:58.755+0000] {logging_mixin.py:188} INFO - [2024-04-03T22:24:58.755+0000] {dag.py:3047} INFO - Sync 1 DAGs
[2024-04-03T22:24:58.782+0000] {logging_mixin.py:188} INFO - [2024-04-03T22:24:58.781+0000] {dag.py:3834} INFO - Setting next_dagrun for example_branch_operator to 2024-04-02 00:00:00+00:00, run_after=2024-04-03 00:00:00+00:00
[2024-04-03T22:24:58.808+0000] {processor.py:183} INFO - Processing /home/airflow/.local/lib/python3.8/site-packages/airflow/example_dags/example_branch_operator.py took 0.091 seconds
[2024-04-03T22:25:29.078+0000] {processor.py:161} INFO - Started process (PID=120) to work on /home/airflow/.local/lib/python3.8/site-packages/airflow/example_dags/example_branch_operator.py
[2024-04-03T22:25:29.079+0000] {processor.py:830} INFO - Processing file /home/airflow/.local/lib/python3.8/site-packages/airflow/example_dags/example_branch_operator.py for tasks to queue
[2024-04-03T22:25:29.081+0000] {logging_mixin.py:188} INFO - [2024-04-03T22:25:29.080+0000] {dagbag.py:540} INFO - Filling up the DagBag from /home/airflow/.local/lib/python3.8/site-packages/airflow/example_dags/example_branch_operator.py
[2024-04-03T22:25:29.093+0000] {processor.py:840} INFO - DAG(s) 'example_branch_operator' retrieved from /home/airflow/.local/lib/python3.8/site-packages/airflow/example_dags/example_branch_operator.py
[2024-04-03T22:25:29.157+0000] {logging_mixin.py:188} INFO - [2024-04-03T22:25:29.157+0000] {dag.py:3047} INFO - Sync 1 DAGs
[2024-04-03T22:25:29.169+0000] {logging_mixin.py:188} INFO - [2024-04-03T22:25:29.169+0000] {dag.py:3834} INFO - Setting next_dagrun for example_branch_operator to 2024-04-02 00:00:00+00:00, run_after=2024-04-03 00:00:00+00:00
[2024-04-03T22:25:29.184+0000] {processor.py:183} INFO - Processing /home/airflow/.local/lib/python3.8/site-packages/airflow/example_dags/example_branch_operator.py took 0.108 seconds
[2024-04-03T22:26:00.181+0000] {processor.py:161} INFO - Started process (PID=175) to work on /home/airflow/.local/lib/python3.8/site-packages/airflow/example_dags/example_branch_operator.py
[2024-04-03T22:26:00.182+0000] {processor.py:830} INFO - Processing file /home/airflow/.local/lib/python3.8/site-packages/airflow/example_dags/example_branch_operator.py for tasks to queue
[2024-04-03T22:26:00.183+0000] {logging_mixin.py:188} INFO - [2024-04-03T22:26:00.183+0000] {dagbag.py:540} INFO - Filling up the DagBag from /home/airflow/.local/lib/python3.8/site-packages/airflow/example_dags/example_branch_operator.py
[2024-04-03T22:26:00.194+0000] {processor.py:840} INFO - DAG(s) 'example_branch_operator' retrieved from /home/airflow/.local/lib/python3.8/site-packages/airflow/example_dags/example_branch_operator.py
[2024-04-03T22:26:00.216+0000] {logging_mixin.py:188} INFO - [2024-04-03T22:26:00.216+0000] {dag.py:3047} INFO - Sync 1 DAGs
[2024-04-03T22:26:00.232+0000] {logging_mixin.py:188} INFO - [2024-04-03T22:26:00.232+0000] {dag.py:3834} INFO - Setting next_dagrun for example_branch_operator to 2024-04-02 00:00:00+00:00, run_after=2024-04-03 00:00:00+00:00
[2024-04-03T22:26:00.246+0000] {processor.py:183} INFO - Processing /home/airflow/.local/lib/python3.8/site-packages/airflow/example_dags/example_branch_operator.py took 0.067 seconds
[2024-04-03T22:26:30.366+0000] {processor.py:161} INFO - Started process (PID=230) to work on /home/airflow/.local/lib/python3.8/site-packages/airflow/example_dags/example_branch_operator.py
[2024-04-03T22:26:30.367+0000] {processor.py:830} INFO - Processing file /home/airflow/.local/lib/python3.8/site-packages/airflow/example_dags/example_branch_operator.py for tasks to queue
[2024-04-03T22:26:30.369+0000] {logging_mixin.py:188} INFO - [2024-04-03T22:26:30.368+0000] {dagbag.py:540} INFO - Filling up the DagBag from /home/airflow/.local/lib/python3.8/site-packages/airflow/example_dags/example_branch_operator.py
[2024-04-03T22:26:30.380+0000] {processor.py:840} INFO - DAG(s) 'example_branch_operator' retrieved from /home/airflow/.local/lib/python3.8/site-packages/airflow/example_dags/example_branch_operator.py
[2024-04-03T22:26:30.401+0000] {logging_mixin.py:188} INFO - [2024-04-03T22:26:30.400+0000] {dag.py:3047} INFO - Sync 1 DAGs
[2024-04-03T22:26:30.416+0000] {logging_mixin.py:188} INFO - [2024-04-03T22:26:30.416+0000] {dag.py:3834} INFO - Setting next_dagrun for example_branch_operator to 2024-04-02 00:00:00+00:00, run_after=2024-04-03 00:00:00+00:00
[2024-04-03T22:26:30.430+0000] {processor.py:183} INFO - Processing /home/airflow/.local/lib/python3.8/site-packages/airflow/example_dags/example_branch_operator.py took 0.067 seconds
[2024-04-03T22:27:00.882+0000] {processor.py:161} INFO - Started process (PID=284) to work on /home/airflow/.local/lib/python3.8/site-packages/airflow/example_dags/example_branch_operator.py
[2024-04-03T22:27:00.883+0000] {processor.py:830} INFO - Processing file /home/airflow/.local/lib/python3.8/site-packages/airflow/example_dags/example_branch_operator.py for tasks to queue
[2024-04-03T22:27:00.884+0000] {logging_mixin.py:188} INFO - [2024-04-03T22:27:00.884+0000] {dagbag.py:540} INFO - Filling up the DagBag from /home/airflow/.local/lib/python3.8/site-packages/airflow/example_dags/example_branch_operator.py
[2024-04-03T22:27:00.895+0000] {processor.py:840} INFO - DAG(s) 'example_branch_operator' retrieved from /home/airflow/.local/lib/python3.8/site-packages/airflow/example_dags/example_branch_operator.py
[2024-04-03T22:27:00.914+0000] {logging_mixin.py:188} INFO - [2024-04-03T22:27:00.913+0000] {dag.py:3047} INFO - Sync 1 DAGs
[2024-04-03T22:27:00.928+0000] {logging_mixin.py:188} INFO - [2024-04-03T22:27:00.928+0000] {dag.py:3834} INFO - Setting next_dagrun for example_branch_operator to 2024-04-02 00:00:00+00:00, run_after=2024-04-03 00:00:00+00:00
[2024-04-03T22:27:00.943+0000] {processor.py:183} INFO - Processing /home/airflow/.local/lib/python3.8/site-packages/airflow/example_dags/example_branch_operator.py took 0.063 seconds
[2024-04-03T22:27:31.367+0000] {processor.py:161} INFO - Started process (PID=339) to work on /home/airflow/.local/lib/python3.8/site-packages/airflow/example_dags/example_branch_operator.py
[2024-04-03T22:27:31.368+0000] {processor.py:830} INFO - Processing file /home/airflow/.local/lib/python3.8/site-packages/airflow/example_dags/example_branch_operator.py for tasks to queue
[2024-04-03T22:27:31.370+0000] {logging_mixin.py:188} INFO - [2024-04-03T22:27:31.370+0000] {dagbag.py:540} INFO - Filling up the DagBag from /home/airflow/.local/lib/python3.8/site-packages/airflow/example_dags/example_branch_operator.py
[2024-04-03T22:27:31.382+0000] {processor.py:840} INFO - DAG(s) 'example_branch_operator' retrieved from /home/airflow/.local/lib/python3.8/site-packages/airflow/example_dags/example_branch_operator.py
[2024-04-03T22:27:31.401+0000] {logging_mixin.py:188} INFO - [2024-04-03T22:27:31.401+0000] {dag.py:3047} INFO - Sync 1 DAGs
[2024-04-03T22:27:31.417+0000] {logging_mixin.py:188} INFO - [2024-04-03T22:27:31.417+0000] {dag.py:3834} INFO - Setting next_dagrun for example_branch_operator to 2024-04-02 00:00:00+00:00, run_after=2024-04-03 00:00:00+00:00
[2024-04-03T22:27:31.431+0000] {processor.py:183} INFO - Processing /home/airflow/.local/lib/python3.8/site-packages/airflow/example_dags/example_branch_operator.py took 0.066 seconds
[2024-04-03T22:28:01.567+0000] {processor.py:161} INFO - Started process (PID=394) to work on /home/airflow/.local/lib/python3.8/site-packages/airflow/example_dags/example_branch_operator.py
[2024-04-03T22:28:01.568+0000] {processor.py:830} INFO - Processing file /home/airflow/.local/lib/python3.8/site-packages/airflow/example_dags/example_branch_operator.py for tasks to queue
[2024-04-03T22:28:01.570+0000] {logging_mixin.py:188} INFO - [2024-04-03T22:28:01.570+0000] {dagbag.py:540} INFO - Filling up the DagBag from /home/airflow/.local/lib/python3.8/site-packages/airflow/example_dags/example_branch_operator.py
[2024-04-03T22:28:01.582+0000] {processor.py:840} INFO - DAG(s) 'example_branch_operator' retrieved from /home/airflow/.local/lib/python3.8/site-packages/airflow/example_dags/example_branch_operator.py
[2024-04-03T22:28:01.601+0000] {logging_mixin.py:188} INFO - [2024-04-03T22:28:01.601+0000] {dag.py:3047} INFO - Sync 1 DAGs
[2024-04-03T22:28:01.618+0000] {logging_mixin.py:188} INFO - [2024-04-03T22:28:01.617+0000] {dag.py:3834} INFO - Setting next_dagrun for example_branch_operator to 2024-04-02 00:00:00+00:00, run_after=2024-04-03 00:00:00+00:00
[2024-04-03T22:28:01.631+0000] {processor.py:183} INFO - Processing /home/airflow/.local/lib/python3.8/site-packages/airflow/example_dags/example_branch_operator.py took 0.065 seconds
[2024-04-03T22:28:31.957+0000] {processor.py:161} INFO - Started process (PID=449) to work on /home/airflow/.local/lib/python3.8/site-packages/airflow/example_dags/example_branch_operator.py
[2024-04-03T22:28:31.958+0000] {processor.py:830} INFO - Processing file /home/airflow/.local/lib/python3.8/site-packages/airflow/example_dags/example_branch_operator.py for tasks to queue
[2024-04-03T22:28:31.960+0000] {logging_mixin.py:188} INFO - [2024-04-03T22:28:31.959+0000] {dagbag.py:540} INFO - Filling up the DagBag from /home/airflow/.local/lib/python3.8/site-packages/airflow/example_dags/example_branch_operator.py
[2024-04-03T22:28:31.972+0000] {processor.py:840} INFO - DAG(s) 'example_branch_operator' retrieved from /home/airflow/.local/lib/python3.8/site-packages/airflow/example_dags/example_branch_operator.py
[2024-04-03T22:28:31.991+0000] {logging_mixin.py:188} INFO - [2024-04-03T22:28:31.991+0000] {dag.py:3047} INFO - Sync 1 DAGs
[2024-04-03T22:28:32.008+0000] {logging_mixin.py:188} INFO - [2024-04-03T22:28:32.008+0000] {dag.py:3834} INFO - Setting next_dagrun for example_branch_operator to 2024-04-02 00:00:00+00:00, run_after=2024-04-03 00:00:00+00:00
[2024-04-03T22:28:32.020+0000] {processor.py:183} INFO - Processing /home/airflow/.local/lib/python3.8/site-packages/airflow/example_dags/example_branch_operator.py took 0.065 seconds
[2024-04-03T22:29:02.443+0000] {processor.py:161} INFO - Started process (PID=504) to work on /home/airflow/.local/lib/python3.8/site-packages/airflow/example_dags/example_branch_operator.py
[2024-04-03T22:29:02.444+0000] {processor.py:830} INFO - Processing file /home/airflow/.local/lib/python3.8/site-packages/airflow/example_dags/example_branch_operator.py for tasks to queue
[2024-04-03T22:29:02.445+0000] {logging_mixin.py:188} INFO - [2024-04-03T22:29:02.445+0000] {dagbag.py:540} INFO - Filling up the DagBag from /home/airflow/.local/lib/python3.8/site-packages/airflow/example_dags/example_branch_operator.py
[2024-04-03T22:29:02.457+0000] {processor.py:840} INFO - DAG(s) 'example_branch_operator' retrieved from /home/airflow/.local/lib/python3.8/site-packages/airflow/example_dags/example_branch_operator.py
[2024-04-03T22:29:02.476+0000] {logging_mixin.py:188} INFO - [2024-04-03T22:29:02.476+0000] {dag.py:3047} INFO - Sync 1 DAGs
[2024-04-03T22:29:02.493+0000] {logging_mixin.py:188} INFO - [2024-04-03T22:29:02.493+0000] {dag.py:3834} INFO - Setting next_dagrun for example_branch_operator to 2024-04-02 00:00:00+00:00, run_after=2024-04-03 00:00:00+00:00
[2024-04-03T22:29:02.509+0000] {processor.py:183} INFO - Processing /home/airflow/.local/lib/python3.8/site-packages/airflow/example_dags/example_branch_operator.py took 0.068 seconds
[2024-04-03T22:29:32.894+0000] {processor.py:161} INFO - Started process (PID=559) to work on /home/airflow/.local/lib/python3.8/site-packages/airflow/example_dags/example_branch_operator.py
[2024-04-03T22:29:32.895+0000] {processor.py:830} INFO - Processing file /home/airflow/.local/lib/python3.8/site-packages/airflow/example_dags/example_branch_operator.py for tasks to queue
[2024-04-03T22:29:32.896+0000] {logging_mixin.py:188} INFO - [2024-04-03T22:29:32.896+0000] {dagbag.py:540} INFO - Filling up the DagBag from /home/airflow/.local/lib/python3.8/site-packages/airflow/example_dags/example_branch_operator.py
[2024-04-03T22:29:32.906+0000] {processor.py:840} INFO - DAG(s) 'example_branch_operator' retrieved from /home/airflow/.local/lib/python3.8/site-packages/airflow/example_dags/example_branch_operator.py
[2024-04-03T22:29:32.925+0000] {logging_mixin.py:188} INFO - [2024-04-03T22:29:32.924+0000] {dag.py:3047} INFO - Sync 1 DAGs
[2024-04-03T22:29:32.939+0000] {logging_mixin.py:188} INFO - [2024-04-03T22:29:32.938+0000] {dag.py:3834} INFO - Setting next_dagrun for example_branch_operator to 2024-04-02 00:00:00+00:00, run_after=2024-04-03 00:00:00+00:00
[2024-04-03T22:29:32.953+0000] {processor.py:183} INFO - Processing /home/airflow/.local/lib/python3.8/site-packages/airflow/example_dags/example_branch_operator.py took 0.061 seconds
[2024-04-03T22:30:03.123+0000] {processor.py:161} INFO - Started process (PID=614) to work on /home/airflow/.local/lib/python3.8/site-packages/airflow/example_dags/example_branch_operator.py
[2024-04-03T22:30:03.124+0000] {processor.py:830} INFO - Processing file /home/airflow/.local/lib/python3.8/site-packages/airflow/example_dags/example_branch_operator.py for tasks to queue
[2024-04-03T22:30:03.125+0000] {logging_mixin.py:188} INFO - [2024-04-03T22:30:03.125+0000] {dagbag.py:540} INFO - Filling up the DagBag from /home/airflow/.local/lib/python3.8/site-packages/airflow/example_dags/example_branch_operator.py
[2024-04-03T22:30:03.138+0000] {processor.py:840} INFO - DAG(s) 'example_branch_operator' retrieved from /home/airflow/.local/lib/python3.8/site-packages/airflow/example_dags/example_branch_operator.py
[2024-04-03T22:30:03.159+0000] {logging_mixin.py:188} INFO - [2024-04-03T22:30:03.158+0000] {dag.py:3047} INFO - Sync 1 DAGs
[2024-04-03T22:30:03.177+0000] {logging_mixin.py:188} INFO - [2024-04-03T22:30:03.177+0000] {dag.py:3834} INFO - Setting next_dagrun for example_branch_operator to 2024-04-02 00:00:00+00:00, run_after=2024-04-03 00:00:00+00:00
[2024-04-03T22:30:03.193+0000] {processor.py:183} INFO - Processing /home/airflow/.local/lib/python3.8/site-packages/airflow/example_dags/example_branch_operator.py took 0.073 seconds
[2024-04-03T22:30:33.427+0000] {processor.py:161} INFO - Started process (PID=669) to work on /home/airflow/.local/lib/python3.8/site-packages/airflow/example_dags/example_branch_operator.py
[2024-04-03T22:30:33.427+0000] {processor.py:830} INFO - Processing file /home/airflow/.local/lib/python3.8/site-packages/airflow/example_dags/example_branch_operator.py for tasks to queue
[2024-04-03T22:30:33.429+0000] {logging_mixin.py:188} INFO - [2024-04-03T22:30:33.429+0000] {dagbag.py:540} INFO - Filling up the DagBag from /home/airflow/.local/lib/python3.8/site-packages/airflow/example_dags/example_branch_operator.py
[2024-04-03T22:30:33.439+0000] {processor.py:840} INFO - DAG(s) 'example_branch_operator' retrieved from /home/airflow/.local/lib/python3.8/site-packages/airflow/example_dags/example_branch_operator.py
[2024-04-03T22:30:33.458+0000] {logging_mixin.py:188} INFO - [2024-04-03T22:30:33.458+0000] {dag.py:3047} INFO - Sync 1 DAGs
[2024-04-03T22:30:33.475+0000] {logging_mixin.py:188} INFO - [2024-04-03T22:30:33.474+0000] {dag.py:3834} INFO - Setting next_dagrun for example_branch_operator to 2024-04-02 00:00:00+00:00, run_after=2024-04-03 00:00:00+00:00
[2024-04-03T22:30:33.488+0000] {processor.py:183} INFO - Processing /home/airflow/.local/lib/python3.8/site-packages/airflow/example_dags/example_branch_operator.py took 0.064 seconds
[2024-04-03T22:31:03.940+0000] {processor.py:161} INFO - Started process (PID=724) to work on /home/airflow/.local/lib/python3.8/site-packages/airflow/example_dags/example_branch_operator.py
[2024-04-03T22:31:03.942+0000] {processor.py:830} INFO - Processing file /home/airflow/.local/lib/python3.8/site-packages/airflow/example_dags/example_branch_operator.py for tasks to queue
[2024-04-03T22:31:03.943+0000] {logging_mixin.py:188} INFO - [2024-04-03T22:31:03.943+0000] {dagbag.py:540} INFO - Filling up the DagBag from /home/airflow/.local/lib/python3.8/site-packages/airflow/example_dags/example_branch_operator.py
[2024-04-03T22:31:03.956+0000] {processor.py:840} INFO - DAG(s) 'example_branch_operator' retrieved from /home/airflow/.local/lib/python3.8/site-packages/airflow/example_dags/example_branch_operator.py
[2024-04-03T22:31:03.976+0000] {logging_mixin.py:188} INFO - [2024-04-03T22:31:03.976+0000] {dag.py:3047} INFO - Sync 1 DAGs
[2024-04-03T22:31:03.992+0000] {logging_mixin.py:188} INFO - [2024-04-03T22:31:03.992+0000] {dag.py:3834} INFO - Setting next_dagrun for example_branch_operator to 2024-04-02 00:00:00+00:00, run_after=2024-04-03 00:00:00+00:00
[2024-04-03T22:31:04.008+0000] {processor.py:183} INFO - Processing /home/airflow/.local/lib/python3.8/site-packages/airflow/example_dags/example_branch_operator.py took 0.070 seconds
[2024-04-03T22:31:34.675+0000] {processor.py:161} INFO - Started process (PID=779) to work on /home/airflow/.local/lib/python3.8/site-packages/airflow/example_dags/example_branch_operator.py
[2024-04-03T22:31:34.676+0000] {processor.py:830} INFO - Processing file /home/airflow/.local/lib/python3.8/site-packages/airflow/example_dags/example_branch_operator.py for tasks to queue
[2024-04-03T22:31:34.678+0000] {logging_mixin.py:188} INFO - [2024-04-03T22:31:34.678+0000] {dagbag.py:540} INFO - Filling up the DagBag from /home/airflow/.local/lib/python3.8/site-packages/airflow/example_dags/example_branch_operator.py
[2024-04-03T22:31:34.689+0000] {processor.py:840} INFO - DAG(s) 'example_branch_operator' retrieved from /home/airflow/.local/lib/python3.8/site-packages/airflow/example_dags/example_branch_operator.py
[2024-04-03T22:31:34.706+0000] {logging_mixin.py:188} INFO - [2024-04-03T22:31:34.706+0000] {dag.py:3047} INFO - Sync 1 DAGs
[2024-04-03T22:31:34.720+0000] {logging_mixin.py:188} INFO - [2024-04-03T22:31:34.720+0000] {dag.py:3834} INFO - Setting next_dagrun for example_branch_operator to 2024-04-02 00:00:00+00:00, run_after=2024-04-03 00:00:00+00:00
[2024-04-03T22:31:34.733+0000] {processor.py:183} INFO - Processing /home/airflow/.local/lib/python3.8/site-packages/airflow/example_dags/example_branch_operator.py took 0.059 seconds
[2024-04-03T22:32:04.964+0000] {processor.py:161} INFO - Started process (PID=834) to work on /home/airflow/.local/lib/python3.8/site-packages/airflow/example_dags/example_branch_operator.py
[2024-04-03T22:32:04.965+0000] {processor.py:830} INFO - Processing file /home/airflow/.local/lib/python3.8/site-packages/airflow/example_dags/example_branch_operator.py for tasks to queue
[2024-04-03T22:32:04.967+0000] {logging_mixin.py:188} INFO - [2024-04-03T22:32:04.967+0000] {dagbag.py:540} INFO - Filling up the DagBag from /home/airflow/.local/lib/python3.8/site-packages/airflow/example_dags/example_branch_operator.py
[2024-04-03T22:32:04.985+0000] {processor.py:840} INFO - DAG(s) 'example_branch_operator' retrieved from /home/airflow/.local/lib/python3.8/site-packages/airflow/example_dags/example_branch_operator.py
[2024-04-03T22:32:05.011+0000] {logging_mixin.py:188} INFO - [2024-04-03T22:32:05.011+0000] {dag.py:3047} INFO - Sync 1 DAGs
[2024-04-03T22:32:05.031+0000] {logging_mixin.py:188} INFO - [2024-04-03T22:32:05.030+0000] {dag.py:3834} INFO - Setting next_dagrun for example_branch_operator to 2024-04-02 00:00:00+00:00, run_after=2024-04-03 00:00:00+00:00
[2024-04-03T22:32:05.050+0000] {processor.py:183} INFO - Processing /home/airflow/.local/lib/python3.8/site-packages/airflow/example_dags/example_branch_operator.py took 0.090 seconds
[2024-04-03T22:32:54.206+0000] {processor.py:161} INFO - Started process (PID=64) to work on /home/airflow/.local/lib/python3.8/site-packages/airflow/example_dags/example_branch_operator.py
[2024-04-03T22:32:54.207+0000] {processor.py:830} INFO - Processing file /home/airflow/.local/lib/python3.8/site-packages/airflow/example_dags/example_branch_operator.py for tasks to queue
[2024-04-03T22:32:54.209+0000] {logging_mixin.py:188} INFO - [2024-04-03T22:32:54.209+0000] {dagbag.py:540} INFO - Filling up the DagBag from /home/airflow/.local/lib/python3.8/site-packages/airflow/example_dags/example_branch_operator.py
[2024-04-03T22:32:54.223+0000] {processor.py:840} INFO - DAG(s) 'example_branch_operator' retrieved from /home/airflow/.local/lib/python3.8/site-packages/airflow/example_dags/example_branch_operator.py
[2024-04-03T22:32:54.233+0000] {logging_mixin.py:188} INFO - [2024-04-03T22:32:54.233+0000] {dag.py:3047} INFO - Sync 1 DAGs
[2024-04-03T22:32:54.250+0000] {logging_mixin.py:188} INFO - [2024-04-03T22:32:54.250+0000] {dag.py:3834} INFO - Setting next_dagrun for example_branch_operator to 2024-04-02 00:00:00+00:00, run_after=2024-04-03 00:00:00+00:00
[2024-04-03T22:32:54.265+0000] {processor.py:183} INFO - Processing /home/airflow/.local/lib/python3.8/site-packages/airflow/example_dags/example_branch_operator.py took 0.061 seconds
[2024-04-03T22:33:25.266+0000] {processor.py:161} INFO - Started process (PID=119) to work on /home/airflow/.local/lib/python3.8/site-packages/airflow/example_dags/example_branch_operator.py
[2024-04-03T22:33:25.266+0000] {processor.py:830} INFO - Processing file /home/airflow/.local/lib/python3.8/site-packages/airflow/example_dags/example_branch_operator.py for tasks to queue
[2024-04-03T22:33:25.269+0000] {logging_mixin.py:188} INFO - [2024-04-03T22:33:25.269+0000] {dagbag.py:540} INFO - Filling up the DagBag from /home/airflow/.local/lib/python3.8/site-packages/airflow/example_dags/example_branch_operator.py
[2024-04-03T22:33:25.284+0000] {processor.py:840} INFO - DAG(s) 'example_branch_operator' retrieved from /home/airflow/.local/lib/python3.8/site-packages/airflow/example_dags/example_branch_operator.py
[2024-04-03T22:33:25.355+0000] {logging_mixin.py:188} INFO - [2024-04-03T22:33:25.355+0000] {dag.py:3047} INFO - Sync 1 DAGs
[2024-04-03T22:33:25.368+0000] {logging_mixin.py:188} INFO - [2024-04-03T22:33:25.368+0000] {dag.py:3834} INFO - Setting next_dagrun for example_branch_operator to 2024-04-02 00:00:00+00:00, run_after=2024-04-03 00:00:00+00:00
[2024-04-03T22:33:25.383+0000] {processor.py:183} INFO - Processing /home/airflow/.local/lib/python3.8/site-packages/airflow/example_dags/example_branch_operator.py took 0.119 seconds
[2024-04-03T22:33:55.567+0000] {processor.py:161} INFO - Started process (PID=174) to work on /home/airflow/.local/lib/python3.8/site-packages/airflow/example_dags/example_branch_operator.py
[2024-04-03T22:33:55.568+0000] {processor.py:830} INFO - Processing file /home/airflow/.local/lib/python3.8/site-packages/airflow/example_dags/example_branch_operator.py for tasks to queue
[2024-04-03T22:33:55.570+0000] {logging_mixin.py:188} INFO - [2024-04-03T22:33:55.570+0000] {dagbag.py:540} INFO - Filling up the DagBag from /home/airflow/.local/lib/python3.8/site-packages/airflow/example_dags/example_branch_operator.py
[2024-04-03T22:33:55.581+0000] {processor.py:840} INFO - DAG(s) 'example_branch_operator' retrieved from /home/airflow/.local/lib/python3.8/site-packages/airflow/example_dags/example_branch_operator.py
[2024-04-03T22:33:55.600+0000] {logging_mixin.py:188} INFO - [2024-04-03T22:33:55.600+0000] {dag.py:3047} INFO - Sync 1 DAGs
[2024-04-03T22:33:55.614+0000] {logging_mixin.py:188} INFO - [2024-04-03T22:33:55.614+0000] {dag.py:3834} INFO - Setting next_dagrun for example_branch_operator to 2024-04-02 00:00:00+00:00, run_after=2024-04-03 00:00:00+00:00
[2024-04-03T22:33:55.627+0000] {processor.py:183} INFO - Processing /home/airflow/.local/lib/python3.8/site-packages/airflow/example_dags/example_branch_operator.py took 0.062 seconds
[2024-04-03T22:34:26.199+0000] {processor.py:161} INFO - Started process (PID=229) to work on /home/airflow/.local/lib/python3.8/site-packages/airflow/example_dags/example_branch_operator.py
[2024-04-03T22:34:26.200+0000] {processor.py:830} INFO - Processing file /home/airflow/.local/lib/python3.8/site-packages/airflow/example_dags/example_branch_operator.py for tasks to queue
[2024-04-03T22:34:26.202+0000] {logging_mixin.py:188} INFO - [2024-04-03T22:34:26.202+0000] {dagbag.py:540} INFO - Filling up the DagBag from /home/airflow/.local/lib/python3.8/site-packages/airflow/example_dags/example_branch_operator.py
[2024-04-03T22:34:26.214+0000] {processor.py:840} INFO - DAG(s) 'example_branch_operator' retrieved from /home/airflow/.local/lib/python3.8/site-packages/airflow/example_dags/example_branch_operator.py
[2024-04-03T22:34:26.234+0000] {logging_mixin.py:188} INFO - [2024-04-03T22:34:26.234+0000] {dag.py:3047} INFO - Sync 1 DAGs
[2024-04-03T22:34:26.251+0000] {logging_mixin.py:188} INFO - [2024-04-03T22:34:26.250+0000] {dag.py:3834} INFO - Setting next_dagrun for example_branch_operator to 2024-04-02 00:00:00+00:00, run_after=2024-04-03 00:00:00+00:00
[2024-04-03T22:34:26.265+0000] {processor.py:183} INFO - Processing /home/airflow/.local/lib/python3.8/site-packages/airflow/example_dags/example_branch_operator.py took 0.069 seconds
[2024-04-03T22:34:56.517+0000] {processor.py:161} INFO - Started process (PID=284) to work on /home/airflow/.local/lib/python3.8/site-packages/airflow/example_dags/example_branch_operator.py
[2024-04-03T22:34:56.518+0000] {processor.py:830} INFO - Processing file /home/airflow/.local/lib/python3.8/site-packages/airflow/example_dags/example_branch_operator.py for tasks to queue
[2024-04-03T22:34:56.520+0000] {logging_mixin.py:188} INFO - [2024-04-03T22:34:56.519+0000] {dagbag.py:540} INFO - Filling up the DagBag from /home/airflow/.local/lib/python3.8/site-packages/airflow/example_dags/example_branch_operator.py
[2024-04-03T22:34:56.531+0000] {processor.py:840} INFO - DAG(s) 'example_branch_operator' retrieved from /home/airflow/.local/lib/python3.8/site-packages/airflow/example_dags/example_branch_operator.py
[2024-04-03T22:34:56.549+0000] {logging_mixin.py:188} INFO - [2024-04-03T22:34:56.549+0000] {dag.py:3047} INFO - Sync 1 DAGs
[2024-04-03T22:34:56.573+0000] {logging_mixin.py:188} INFO - [2024-04-03T22:34:56.573+0000] {dag.py:3834} INFO - Setting next_dagrun for example_branch_operator to 2024-04-02 00:00:00+00:00, run_after=2024-04-03 00:00:00+00:00
[2024-04-03T22:34:56.586+0000] {processor.py:183} INFO - Processing /home/airflow/.local/lib/python3.8/site-packages/airflow/example_dags/example_branch_operator.py took 0.070 seconds
[2024-04-03T22:35:26.870+0000] {processor.py:161} INFO - Started process (PID=339) to work on /home/airflow/.local/lib/python3.8/site-packages/airflow/example_dags/example_branch_operator.py
[2024-04-03T22:35:26.870+0000] {processor.py:830} INFO - Processing file /home/airflow/.local/lib/python3.8/site-packages/airflow/example_dags/example_branch_operator.py for tasks to queue
[2024-04-03T22:35:26.872+0000] {logging_mixin.py:188} INFO - [2024-04-03T22:35:26.872+0000] {dagbag.py:540} INFO - Filling up the DagBag from /home/airflow/.local/lib/python3.8/site-packages/airflow/example_dags/example_branch_operator.py
[2024-04-03T22:35:26.884+0000] {processor.py:840} INFO - DAG(s) 'example_branch_operator' retrieved from /home/airflow/.local/lib/python3.8/site-packages/airflow/example_dags/example_branch_operator.py
[2024-04-03T22:35:26.902+0000] {logging_mixin.py:188} INFO - [2024-04-03T22:35:26.902+0000] {dag.py:3047} INFO - Sync 1 DAGs
[2024-04-03T22:35:26.916+0000] {logging_mixin.py:188} INFO - [2024-04-03T22:35:26.916+0000] {dag.py:3834} INFO - Setting next_dagrun for example_branch_operator to 2024-04-02 00:00:00+00:00, run_after=2024-04-03 00:00:00+00:00
[2024-04-03T22:35:26.931+0000] {processor.py:183} INFO - Processing /home/airflow/.local/lib/python3.8/site-packages/airflow/example_dags/example_branch_operator.py took 0.063 seconds
[2024-04-03T22:35:57.486+0000] {processor.py:161} INFO - Started process (PID=394) to work on /home/airflow/.local/lib/python3.8/site-packages/airflow/example_dags/example_branch_operator.py
[2024-04-03T22:35:57.489+0000] {processor.py:830} INFO - Processing file /home/airflow/.local/lib/python3.8/site-packages/airflow/example_dags/example_branch_operator.py for tasks to queue
[2024-04-03T22:35:57.490+0000] {logging_mixin.py:188} INFO - [2024-04-03T22:35:57.490+0000] {dagbag.py:540} INFO - Filling up the DagBag from /home/airflow/.local/lib/python3.8/site-packages/airflow/example_dags/example_branch_operator.py
[2024-04-03T22:35:57.501+0000] {processor.py:840} INFO - DAG(s) 'example_branch_operator' retrieved from /home/airflow/.local/lib/python3.8/site-packages/airflow/example_dags/example_branch_operator.py
[2024-04-03T22:35:57.519+0000] {logging_mixin.py:188} INFO - [2024-04-03T22:35:57.519+0000] {dag.py:3047} INFO - Sync 1 DAGs
[2024-04-03T22:35:57.534+0000] {logging_mixin.py:188} INFO - [2024-04-03T22:35:57.533+0000] {dag.py:3834} INFO - Setting next_dagrun for example_branch_operator to 2024-04-02 00:00:00+00:00, run_after=2024-04-03 00:00:00+00:00
[2024-04-03T22:35:57.548+0000] {processor.py:183} INFO - Processing /home/airflow/.local/lib/python3.8/site-packages/airflow/example_dags/example_branch_operator.py took 0.063 seconds
[2024-04-03T22:36:27.918+0000] {processor.py:161} INFO - Started process (PID=449) to work on /home/airflow/.local/lib/python3.8/site-packages/airflow/example_dags/example_branch_operator.py
[2024-04-03T22:36:27.918+0000] {processor.py:830} INFO - Processing file /home/airflow/.local/lib/python3.8/site-packages/airflow/example_dags/example_branch_operator.py for tasks to queue
[2024-04-03T22:36:27.920+0000] {logging_mixin.py:188} INFO - [2024-04-03T22:36:27.919+0000] {dagbag.py:540} INFO - Filling up the DagBag from /home/airflow/.local/lib/python3.8/site-packages/airflow/example_dags/example_branch_operator.py
[2024-04-03T22:36:27.931+0000] {processor.py:840} INFO - DAG(s) 'example_branch_operator' retrieved from /home/airflow/.local/lib/python3.8/site-packages/airflow/example_dags/example_branch_operator.py
[2024-04-03T22:36:27.948+0000] {logging_mixin.py:188} INFO - [2024-04-03T22:36:27.948+0000] {dag.py:3047} INFO - Sync 1 DAGs
[2024-04-03T22:36:27.964+0000] {logging_mixin.py:188} INFO - [2024-04-03T22:36:27.964+0000] {dag.py:3834} INFO - Setting next_dagrun for example_branch_operator to 2024-04-02 00:00:00+00:00, run_after=2024-04-03 00:00:00+00:00
[2024-04-03T22:36:27.976+0000] {processor.py:183} INFO - Processing /home/airflow/.local/lib/python3.8/site-packages/airflow/example_dags/example_branch_operator.py took 0.060 seconds
[2024-04-03T22:36:58.125+0000] {processor.py:161} INFO - Started process (PID=504) to work on /home/airflow/.local/lib/python3.8/site-packages/airflow/example_dags/example_branch_operator.py
[2024-04-03T22:36:58.126+0000] {processor.py:830} INFO - Processing file /home/airflow/.local/lib/python3.8/site-packages/airflow/example_dags/example_branch_operator.py for tasks to queue
[2024-04-03T22:36:58.128+0000] {logging_mixin.py:188} INFO - [2024-04-03T22:36:58.127+0000] {dagbag.py:540} INFO - Filling up the DagBag from /home/airflow/.local/lib/python3.8/site-packages/airflow/example_dags/example_branch_operator.py
[2024-04-03T22:36:58.140+0000] {processor.py:840} INFO - DAG(s) 'example_branch_operator' retrieved from /home/airflow/.local/lib/python3.8/site-packages/airflow/example_dags/example_branch_operator.py
[2024-04-03T22:36:58.160+0000] {logging_mixin.py:188} INFO - [2024-04-03T22:36:58.160+0000] {dag.py:3047} INFO - Sync 1 DAGs
[2024-04-03T22:36:58.176+0000] {logging_mixin.py:188} INFO - [2024-04-03T22:36:58.176+0000] {dag.py:3834} INFO - Setting next_dagrun for example_branch_operator to 2024-04-02 00:00:00+00:00, run_after=2024-04-03 00:00:00+00:00
[2024-04-03T22:36:58.189+0000] {processor.py:183} INFO - Processing /home/airflow/.local/lib/python3.8/site-packages/airflow/example_dags/example_branch_operator.py took 0.066 seconds
[2024-04-03T22:37:28.702+0000] {processor.py:161} INFO - Started process (PID=558) to work on /home/airflow/.local/lib/python3.8/site-packages/airflow/example_dags/example_branch_operator.py
[2024-04-03T22:37:28.703+0000] {processor.py:830} INFO - Processing file /home/airflow/.local/lib/python3.8/site-packages/airflow/example_dags/example_branch_operator.py for tasks to queue
[2024-04-03T22:37:28.704+0000] {logging_mixin.py:188} INFO - [2024-04-03T22:37:28.704+0000] {dagbag.py:540} INFO - Filling up the DagBag from /home/airflow/.local/lib/python3.8/site-packages/airflow/example_dags/example_branch_operator.py
[2024-04-03T22:37:28.716+0000] {processor.py:840} INFO - DAG(s) 'example_branch_operator' retrieved from /home/airflow/.local/lib/python3.8/site-packages/airflow/example_dags/example_branch_operator.py
[2024-04-03T22:37:28.734+0000] {logging_mixin.py:188} INFO - [2024-04-03T22:37:28.734+0000] {dag.py:3047} INFO - Sync 1 DAGs
[2024-04-03T22:37:28.749+0000] {logging_mixin.py:188} INFO - [2024-04-03T22:37:28.749+0000] {dag.py:3834} INFO - Setting next_dagrun for example_branch_operator to 2024-04-02 00:00:00+00:00, run_after=2024-04-03 00:00:00+00:00
[2024-04-03T22:37:28.763+0000] {processor.py:183} INFO - Processing /home/airflow/.local/lib/python3.8/site-packages/airflow/example_dags/example_branch_operator.py took 0.063 seconds
[2024-04-03T22:37:59.186+0000] {processor.py:161} INFO - Started process (PID=614) to work on /home/airflow/.local/lib/python3.8/site-packages/airflow/example_dags/example_branch_operator.py
[2024-04-03T22:37:59.187+0000] {processor.py:830} INFO - Processing file /home/airflow/.local/lib/python3.8/site-packages/airflow/example_dags/example_branch_operator.py for tasks to queue
[2024-04-03T22:37:59.189+0000] {logging_mixin.py:188} INFO - [2024-04-03T22:37:59.189+0000] {dagbag.py:540} INFO - Filling up the DagBag from /home/airflow/.local/lib/python3.8/site-packages/airflow/example_dags/example_branch_operator.py
[2024-04-03T22:37:59.202+0000] {processor.py:840} INFO - DAG(s) 'example_branch_operator' retrieved from /home/airflow/.local/lib/python3.8/site-packages/airflow/example_dags/example_branch_operator.py
[2024-04-03T22:37:59.222+0000] {logging_mixin.py:188} INFO - [2024-04-03T22:37:59.222+0000] {dag.py:3047} INFO - Sync 1 DAGs
[2024-04-03T22:37:59.239+0000] {logging_mixin.py:188} INFO - [2024-04-03T22:37:59.239+0000] {dag.py:3834} INFO - Setting next_dagrun for example_branch_operator to 2024-04-02 00:00:00+00:00, run_after=2024-04-03 00:00:00+00:00
[2024-04-03T22:37:59.255+0000] {processor.py:183} INFO - Processing /home/airflow/.local/lib/python3.8/site-packages/airflow/example_dags/example_branch_operator.py took 0.071 seconds
[2024-04-03T22:38:29.531+0000] {processor.py:161} INFO - Started process (PID=669) to work on /home/airflow/.local/lib/python3.8/site-packages/airflow/example_dags/example_branch_operator.py
[2024-04-03T22:38:29.532+0000] {processor.py:830} INFO - Processing file /home/airflow/.local/lib/python3.8/site-packages/airflow/example_dags/example_branch_operator.py for tasks to queue
[2024-04-03T22:38:29.534+0000] {logging_mixin.py:188} INFO - [2024-04-03T22:38:29.533+0000] {dagbag.py:540} INFO - Filling up the DagBag from /home/airflow/.local/lib/python3.8/site-packages/airflow/example_dags/example_branch_operator.py
[2024-04-03T22:38:29.545+0000] {processor.py:840} INFO - DAG(s) 'example_branch_operator' retrieved from /home/airflow/.local/lib/python3.8/site-packages/airflow/example_dags/example_branch_operator.py
[2024-04-03T22:38:29.564+0000] {logging_mixin.py:188} INFO - [2024-04-03T22:38:29.563+0000] {dag.py:3047} INFO - Sync 1 DAGs
[2024-04-03T22:38:29.578+0000] {logging_mixin.py:188} INFO - [2024-04-03T22:38:29.578+0000] {dag.py:3834} INFO - Setting next_dagrun for example_branch_operator to 2024-04-02 00:00:00+00:00, run_after=2024-04-03 00:00:00+00:00
[2024-04-03T22:38:29.591+0000] {processor.py:183} INFO - Processing /home/airflow/.local/lib/python3.8/site-packages/airflow/example_dags/example_branch_operator.py took 0.062 seconds
[2024-04-03T22:38:59.761+0000] {processor.py:161} INFO - Started process (PID=724) to work on /home/airflow/.local/lib/python3.8/site-packages/airflow/example_dags/example_branch_operator.py
[2024-04-03T22:38:59.762+0000] {processor.py:830} INFO - Processing file /home/airflow/.local/lib/python3.8/site-packages/airflow/example_dags/example_branch_operator.py for tasks to queue
[2024-04-03T22:38:59.764+0000] {logging_mixin.py:188} INFO - [2024-04-03T22:38:59.764+0000] {dagbag.py:540} INFO - Filling up the DagBag from /home/airflow/.local/lib/python3.8/site-packages/airflow/example_dags/example_branch_operator.py
[2024-04-03T22:38:59.775+0000] {processor.py:840} INFO - DAG(s) 'example_branch_operator' retrieved from /home/airflow/.local/lib/python3.8/site-packages/airflow/example_dags/example_branch_operator.py
[2024-04-03T22:38:59.794+0000] {logging_mixin.py:188} INFO - [2024-04-03T22:38:59.794+0000] {dag.py:3047} INFO - Sync 1 DAGs
[2024-04-03T22:38:59.809+0000] {logging_mixin.py:188} INFO - [2024-04-03T22:38:59.809+0000] {dag.py:3834} INFO - Setting next_dagrun for example_branch_operator to 2024-04-02 00:00:00+00:00, run_after=2024-04-03 00:00:00+00:00
[2024-04-03T22:38:59.821+0000] {processor.py:183} INFO - Processing /home/airflow/.local/lib/python3.8/site-packages/airflow/example_dags/example_branch_operator.py took 0.062 seconds
[2024-04-03T22:39:30.067+0000] {processor.py:161} INFO - Started process (PID=778) to work on /home/airflow/.local/lib/python3.8/site-packages/airflow/example_dags/example_branch_operator.py
[2024-04-03T22:39:30.069+0000] {processor.py:830} INFO - Processing file /home/airflow/.local/lib/python3.8/site-packages/airflow/example_dags/example_branch_operator.py for tasks to queue
[2024-04-03T22:39:30.070+0000] {logging_mixin.py:188} INFO - [2024-04-03T22:39:30.070+0000] {dagbag.py:540} INFO - Filling up the DagBag from /home/airflow/.local/lib/python3.8/site-packages/airflow/example_dags/example_branch_operator.py
[2024-04-03T22:39:30.082+0000] {processor.py:840} INFO - DAG(s) 'example_branch_operator' retrieved from /home/airflow/.local/lib/python3.8/site-packages/airflow/example_dags/example_branch_operator.py
[2024-04-03T22:39:30.100+0000] {logging_mixin.py:188} INFO - [2024-04-03T22:39:30.100+0000] {dag.py:3047} INFO - Sync 1 DAGs
[2024-04-03T22:39:30.115+0000] {logging_mixin.py:188} INFO - [2024-04-03T22:39:30.114+0000] {dag.py:3834} INFO - Setting next_dagrun for example_branch_operator to 2024-04-02 00:00:00+00:00, run_after=2024-04-03 00:00:00+00:00
[2024-04-03T22:39:30.127+0000] {processor.py:183} INFO - Processing /home/airflow/.local/lib/python3.8/site-packages/airflow/example_dags/example_branch_operator.py took 0.061 seconds
[2024-04-03T22:40:00.458+0000] {processor.py:161} INFO - Started process (PID=833) to work on /home/airflow/.local/lib/python3.8/site-packages/airflow/example_dags/example_branch_operator.py
[2024-04-03T22:40:00.460+0000] {processor.py:830} INFO - Processing file /home/airflow/.local/lib/python3.8/site-packages/airflow/example_dags/example_branch_operator.py for tasks to queue
[2024-04-03T22:40:00.461+0000] {logging_mixin.py:188} INFO - [2024-04-03T22:40:00.461+0000] {dagbag.py:540} INFO - Filling up the DagBag from /home/airflow/.local/lib/python3.8/site-packages/airflow/example_dags/example_branch_operator.py
[2024-04-03T22:40:00.472+0000] {processor.py:840} INFO - DAG(s) 'example_branch_operator' retrieved from /home/airflow/.local/lib/python3.8/site-packages/airflow/example_dags/example_branch_operator.py
[2024-04-03T22:40:00.491+0000] {logging_mixin.py:188} INFO - [2024-04-03T22:40:00.491+0000] {dag.py:3047} INFO - Sync 1 DAGs
[2024-04-03T22:40:00.506+0000] {logging_mixin.py:188} INFO - [2024-04-03T22:40:00.506+0000] {dag.py:3834} INFO - Setting next_dagrun for example_branch_operator to 2024-04-02 00:00:00+00:00, run_after=2024-04-03 00:00:00+00:00
[2024-04-03T22:40:00.521+0000] {processor.py:183} INFO - Processing /home/airflow/.local/lib/python3.8/site-packages/airflow/example_dags/example_branch_operator.py took 0.065 seconds
[2024-04-03T22:40:30.841+0000] {processor.py:161} INFO - Started process (PID=888) to work on /home/airflow/.local/lib/python3.8/site-packages/airflow/example_dags/example_branch_operator.py
[2024-04-03T22:40:30.842+0000] {processor.py:830} INFO - Processing file /home/airflow/.local/lib/python3.8/site-packages/airflow/example_dags/example_branch_operator.py for tasks to queue
[2024-04-03T22:40:30.843+0000] {logging_mixin.py:188} INFO - [2024-04-03T22:40:30.843+0000] {dagbag.py:540} INFO - Filling up the DagBag from /home/airflow/.local/lib/python3.8/site-packages/airflow/example_dags/example_branch_operator.py
[2024-04-03T22:40:30.854+0000] {processor.py:840} INFO - DAG(s) 'example_branch_operator' retrieved from /home/airflow/.local/lib/python3.8/site-packages/airflow/example_dags/example_branch_operator.py
[2024-04-03T22:40:30.872+0000] {logging_mixin.py:188} INFO - [2024-04-03T22:40:30.872+0000] {dag.py:3047} INFO - Sync 1 DAGs
[2024-04-03T22:40:30.888+0000] {logging_mixin.py:188} INFO - [2024-04-03T22:40:30.888+0000] {dag.py:3834} INFO - Setting next_dagrun for example_branch_operator to 2024-04-02 00:00:00+00:00, run_after=2024-04-03 00:00:00+00:00
[2024-04-03T22:40:30.901+0000] {processor.py:183} INFO - Processing /home/airflow/.local/lib/python3.8/site-packages/airflow/example_dags/example_branch_operator.py took 0.062 seconds
[2024-04-03T22:41:01.050+0000] {processor.py:161} INFO - Started process (PID=943) to work on /home/airflow/.local/lib/python3.8/site-packages/airflow/example_dags/example_branch_operator.py
[2024-04-03T22:41:01.051+0000] {processor.py:830} INFO - Processing file /home/airflow/.local/lib/python3.8/site-packages/airflow/example_dags/example_branch_operator.py for tasks to queue
[2024-04-03T22:41:01.053+0000] {logging_mixin.py:188} INFO - [2024-04-03T22:41:01.052+0000] {dagbag.py:540} INFO - Filling up the DagBag from /home/airflow/.local/lib/python3.8/site-packages/airflow/example_dags/example_branch_operator.py
[2024-04-03T22:41:01.063+0000] {processor.py:840} INFO - DAG(s) 'example_branch_operator' retrieved from /home/airflow/.local/lib/python3.8/site-packages/airflow/example_dags/example_branch_operator.py
[2024-04-03T22:41:01.083+0000] {logging_mixin.py:188} INFO - [2024-04-03T22:41:01.082+0000] {dag.py:3047} INFO - Sync 1 DAGs
[2024-04-03T22:41:01.099+0000] {logging_mixin.py:188} INFO - [2024-04-03T22:41:01.099+0000] {dag.py:3834} INFO - Setting next_dagrun for example_branch_operator to 2024-04-02 00:00:00+00:00, run_after=2024-04-03 00:00:00+00:00
[2024-04-03T22:41:01.110+0000] {processor.py:183} INFO - Processing /home/airflow/.local/lib/python3.8/site-packages/airflow/example_dags/example_branch_operator.py took 0.062 seconds
[2024-04-03T22:41:31.655+0000] {processor.py:161} INFO - Started process (PID=998) to work on /home/airflow/.local/lib/python3.8/site-packages/airflow/example_dags/example_branch_operator.py
[2024-04-03T22:41:31.656+0000] {processor.py:830} INFO - Processing file /home/airflow/.local/lib/python3.8/site-packages/airflow/example_dags/example_branch_operator.py for tasks to queue
[2024-04-03T22:41:31.658+0000] {logging_mixin.py:188} INFO - [2024-04-03T22:41:31.657+0000] {dagbag.py:540} INFO - Filling up the DagBag from /home/airflow/.local/lib/python3.8/site-packages/airflow/example_dags/example_branch_operator.py
[2024-04-03T22:41:31.669+0000] {processor.py:840} INFO - DAG(s) 'example_branch_operator' retrieved from /home/airflow/.local/lib/python3.8/site-packages/airflow/example_dags/example_branch_operator.py
[2024-04-03T22:41:31.689+0000] {logging_mixin.py:188} INFO - [2024-04-03T22:41:31.688+0000] {dag.py:3047} INFO - Sync 1 DAGs
[2024-04-03T22:41:31.703+0000] {logging_mixin.py:188} INFO - [2024-04-03T22:41:31.703+0000] {dag.py:3834} INFO - Setting next_dagrun for example_branch_operator to 2024-04-02 00:00:00+00:00, run_after=2024-04-03 00:00:00+00:00
[2024-04-03T22:41:31.717+0000] {processor.py:183} INFO - Processing /home/airflow/.local/lib/python3.8/site-packages/airflow/example_dags/example_branch_operator.py took 0.063 seconds
[2024-04-03T22:42:01.974+0000] {processor.py:161} INFO - Started process (PID=1053) to work on /home/airflow/.local/lib/python3.8/site-packages/airflow/example_dags/example_branch_operator.py
[2024-04-03T22:42:01.975+0000] {processor.py:830} INFO - Processing file /home/airflow/.local/lib/python3.8/site-packages/airflow/example_dags/example_branch_operator.py for tasks to queue
[2024-04-03T22:42:01.977+0000] {logging_mixin.py:188} INFO - [2024-04-03T22:42:01.977+0000] {dagbag.py:540} INFO - Filling up the DagBag from /home/airflow/.local/lib/python3.8/site-packages/airflow/example_dags/example_branch_operator.py
[2024-04-03T22:42:01.989+0000] {processor.py:840} INFO - DAG(s) 'example_branch_operator' retrieved from /home/airflow/.local/lib/python3.8/site-packages/airflow/example_dags/example_branch_operator.py
[2024-04-03T22:42:02.009+0000] {logging_mixin.py:188} INFO - [2024-04-03T22:42:02.009+0000] {dag.py:3047} INFO - Sync 1 DAGs
[2024-04-03T22:42:02.027+0000] {logging_mixin.py:188} INFO - [2024-04-03T22:42:02.027+0000] {dag.py:3834} INFO - Setting next_dagrun for example_branch_operator to 2024-04-02 00:00:00+00:00, run_after=2024-04-03 00:00:00+00:00
[2024-04-03T22:42:02.055+0000] {processor.py:183} INFO - Processing /home/airflow/.local/lib/python3.8/site-packages/airflow/example_dags/example_branch_operator.py took 0.083 seconds
[2024-04-03T22:42:32.432+0000] {processor.py:161} INFO - Started process (PID=1108) to work on /home/airflow/.local/lib/python3.8/site-packages/airflow/example_dags/example_branch_operator.py
[2024-04-03T22:42:32.433+0000] {processor.py:830} INFO - Processing file /home/airflow/.local/lib/python3.8/site-packages/airflow/example_dags/example_branch_operator.py for tasks to queue
[2024-04-03T22:42:32.436+0000] {logging_mixin.py:188} INFO - [2024-04-03T22:42:32.436+0000] {dagbag.py:540} INFO - Filling up the DagBag from /home/airflow/.local/lib/python3.8/site-packages/airflow/example_dags/example_branch_operator.py
[2024-04-03T22:42:32.448+0000] {processor.py:840} INFO - DAG(s) 'example_branch_operator' retrieved from /home/airflow/.local/lib/python3.8/site-packages/airflow/example_dags/example_branch_operator.py
[2024-04-03T22:42:32.466+0000] {logging_mixin.py:188} INFO - [2024-04-03T22:42:32.466+0000] {dag.py:3047} INFO - Sync 1 DAGs
[2024-04-03T22:42:32.484+0000] {logging_mixin.py:188} INFO - [2024-04-03T22:42:32.484+0000] {dag.py:3834} INFO - Setting next_dagrun for example_branch_operator to 2024-04-02 00:00:00+00:00, run_after=2024-04-03 00:00:00+00:00
[2024-04-03T22:42:32.499+0000] {processor.py:183} INFO - Processing /home/airflow/.local/lib/python3.8/site-packages/airflow/example_dags/example_branch_operator.py took 0.069 seconds
