[2024-04-03T22:24:58.498+0000] {processor.py:161} INFO - Started process (PID=61) to work on /home/airflow/.local/lib/python3.8/site-packages/airflow/example_dags/example_branch_labels.py
[2024-04-03T22:24:58.499+0000] {processor.py:830} INFO - Processing file /home/airflow/.local/lib/python3.8/site-packages/airflow/example_dags/example_branch_labels.py for tasks to queue
[2024-04-03T22:24:58.502+0000] {logging_mixin.py:188} INFO - [2024-04-03T22:24:58.501+0000] {dagbag.py:540} INFO - Filling up the DagBag from /home/airflow/.local/lib/python3.8/site-packages/airflow/example_dags/example_branch_labels.py
[2024-04-03T22:24:58.512+0000] {processor.py:840} INFO - DAG(s) 'example_branch_labels' retrieved from /home/airflow/.local/lib/python3.8/site-packages/airflow/example_dags/example_branch_labels.py
[2024-04-03T22:24:58.528+0000] {logging_mixin.py:188} INFO - [2024-04-03T22:24:58.528+0000] {dag.py:3047} INFO - Sync 1 DAGs
[2024-04-03T22:24:58.552+0000] {logging_mixin.py:188} INFO - [2024-04-03T22:24:58.552+0000] {dag.py:3834} INFO - Setting next_dagrun for example_branch_labels to 2024-04-02 00:00:00+00:00, run_after=2024-04-03 00:00:00+00:00
[2024-04-03T22:24:58.571+0000] {processor.py:183} INFO - Processing /home/airflow/.local/lib/python3.8/site-packages/airflow/example_dags/example_branch_labels.py took 0.076 seconds
[2024-04-03T22:25:28.827+0000] {processor.py:161} INFO - Started process (PID=117) to work on /home/airflow/.local/lib/python3.8/site-packages/airflow/example_dags/example_branch_labels.py
[2024-04-03T22:25:28.847+0000] {processor.py:830} INFO - Processing file /home/airflow/.local/lib/python3.8/site-packages/airflow/example_dags/example_branch_labels.py for tasks to queue
[2024-04-03T22:25:28.848+0000] {logging_mixin.py:188} INFO - [2024-04-03T22:25:28.848+0000] {dagbag.py:540} INFO - Filling up the DagBag from /home/airflow/.local/lib/python3.8/site-packages/airflow/example_dags/example_branch_labels.py
[2024-04-03T22:25:28.854+0000] {processor.py:840} INFO - DAG(s) 'example_branch_labels' retrieved from /home/airflow/.local/lib/python3.8/site-packages/airflow/example_dags/example_branch_labels.py
[2024-04-03T22:25:28.917+0000] {logging_mixin.py:188} INFO - [2024-04-03T22:25:28.916+0000] {dag.py:3047} INFO - Sync 1 DAGs
[2024-04-03T22:25:28.930+0000] {logging_mixin.py:188} INFO - [2024-04-03T22:25:28.930+0000] {dag.py:3834} INFO - Setting next_dagrun for example_branch_labels to 2024-04-02 00:00:00+00:00, run_after=2024-04-03 00:00:00+00:00
[2024-04-03T22:25:28.941+0000] {processor.py:183} INFO - Processing /home/airflow/.local/lib/python3.8/site-packages/airflow/example_dags/example_branch_labels.py took 0.117 seconds
[2024-04-03T22:25:59.005+0000] {processor.py:161} INFO - Started process (PID=172) to work on /home/airflow/.local/lib/python3.8/site-packages/airflow/example_dags/example_branch_labels.py
[2024-04-03T22:25:59.008+0000] {processor.py:830} INFO - Processing file /home/airflow/.local/lib/python3.8/site-packages/airflow/example_dags/example_branch_labels.py for tasks to queue
[2024-04-03T22:25:59.009+0000] {logging_mixin.py:188} INFO - [2024-04-03T22:25:59.009+0000] {dagbag.py:540} INFO - Filling up the DagBag from /home/airflow/.local/lib/python3.8/site-packages/airflow/example_dags/example_branch_labels.py
[2024-04-03T22:25:59.015+0000] {processor.py:840} INFO - DAG(s) 'example_branch_labels' retrieved from /home/airflow/.local/lib/python3.8/site-packages/airflow/example_dags/example_branch_labels.py
[2024-04-03T22:25:59.030+0000] {logging_mixin.py:188} INFO - [2024-04-03T22:25:59.029+0000] {dag.py:3047} INFO - Sync 1 DAGs
[2024-04-03T22:25:59.051+0000] {logging_mixin.py:188} INFO - [2024-04-03T22:25:59.051+0000] {dag.py:3834} INFO - Setting next_dagrun for example_branch_labels to 2024-04-02 00:00:00+00:00, run_after=2024-04-03 00:00:00+00:00
[2024-04-03T22:25:59.067+0000] {processor.py:183} INFO - Processing /home/airflow/.local/lib/python3.8/site-packages/airflow/example_dags/example_branch_labels.py took 0.065 seconds
[2024-04-03T22:26:30.236+0000] {processor.py:161} INFO - Started process (PID=227) to work on /home/airflow/.local/lib/python3.8/site-packages/airflow/example_dags/example_branch_labels.py
[2024-04-03T22:26:30.253+0000] {processor.py:830} INFO - Processing file /home/airflow/.local/lib/python3.8/site-packages/airflow/example_dags/example_branch_labels.py for tasks to queue
[2024-04-03T22:26:30.256+0000] {logging_mixin.py:188} INFO - [2024-04-03T22:26:30.256+0000] {dagbag.py:540} INFO - Filling up the DagBag from /home/airflow/.local/lib/python3.8/site-packages/airflow/example_dags/example_branch_labels.py
[2024-04-03T22:26:30.263+0000] {processor.py:840} INFO - DAG(s) 'example_branch_labels' retrieved from /home/airflow/.local/lib/python3.8/site-packages/airflow/example_dags/example_branch_labels.py
[2024-04-03T22:26:30.281+0000] {logging_mixin.py:188} INFO - [2024-04-03T22:26:30.281+0000] {dag.py:3047} INFO - Sync 1 DAGs
[2024-04-03T22:26:30.299+0000] {logging_mixin.py:188} INFO - [2024-04-03T22:26:30.299+0000] {dag.py:3834} INFO - Setting next_dagrun for example_branch_labels to 2024-04-02 00:00:00+00:00, run_after=2024-04-03 00:00:00+00:00
[2024-04-03T22:26:30.314+0000] {processor.py:183} INFO - Processing /home/airflow/.local/lib/python3.8/site-packages/airflow/example_dags/example_branch_labels.py took 0.081 seconds
[2024-04-03T22:27:00.717+0000] {processor.py:161} INFO - Started process (PID=281) to work on /home/airflow/.local/lib/python3.8/site-packages/airflow/example_dags/example_branch_labels.py
[2024-04-03T22:27:00.718+0000] {processor.py:830} INFO - Processing file /home/airflow/.local/lib/python3.8/site-packages/airflow/example_dags/example_branch_labels.py for tasks to queue
[2024-04-03T22:27:00.719+0000] {logging_mixin.py:188} INFO - [2024-04-03T22:27:00.719+0000] {dagbag.py:540} INFO - Filling up the DagBag from /home/airflow/.local/lib/python3.8/site-packages/airflow/example_dags/example_branch_labels.py
[2024-04-03T22:27:00.725+0000] {processor.py:840} INFO - DAG(s) 'example_branch_labels' retrieved from /home/airflow/.local/lib/python3.8/site-packages/airflow/example_dags/example_branch_labels.py
[2024-04-03T22:27:00.739+0000] {logging_mixin.py:188} INFO - [2024-04-03T22:27:00.739+0000] {dag.py:3047} INFO - Sync 1 DAGs
[2024-04-03T22:27:00.754+0000] {logging_mixin.py:188} INFO - [2024-04-03T22:27:00.753+0000] {dag.py:3834} INFO - Setting next_dagrun for example_branch_labels to 2024-04-02 00:00:00+00:00, run_after=2024-04-03 00:00:00+00:00
[2024-04-03T22:27:00.768+0000] {processor.py:183} INFO - Processing /home/airflow/.local/lib/python3.8/site-packages/airflow/example_dags/example_branch_labels.py took 0.054 seconds
[2024-04-03T22:27:31.207+0000] {processor.py:161} INFO - Started process (PID=336) to work on /home/airflow/.local/lib/python3.8/site-packages/airflow/example_dags/example_branch_labels.py
[2024-04-03T22:27:31.208+0000] {processor.py:830} INFO - Processing file /home/airflow/.local/lib/python3.8/site-packages/airflow/example_dags/example_branch_labels.py for tasks to queue
[2024-04-03T22:27:31.210+0000] {logging_mixin.py:188} INFO - [2024-04-03T22:27:31.210+0000] {dagbag.py:540} INFO - Filling up the DagBag from /home/airflow/.local/lib/python3.8/site-packages/airflow/example_dags/example_branch_labels.py
[2024-04-03T22:27:31.216+0000] {processor.py:840} INFO - DAG(s) 'example_branch_labels' retrieved from /home/airflow/.local/lib/python3.8/site-packages/airflow/example_dags/example_branch_labels.py
[2024-04-03T22:27:31.229+0000] {logging_mixin.py:188} INFO - [2024-04-03T22:27:31.229+0000] {dag.py:3047} INFO - Sync 1 DAGs
[2024-04-03T22:27:31.245+0000] {logging_mixin.py:188} INFO - [2024-04-03T22:27:31.245+0000] {dag.py:3834} INFO - Setting next_dagrun for example_branch_labels to 2024-04-02 00:00:00+00:00, run_after=2024-04-03 00:00:00+00:00
[2024-04-03T22:27:31.261+0000] {processor.py:183} INFO - Processing /home/airflow/.local/lib/python3.8/site-packages/airflow/example_dags/example_branch_labels.py took 0.056 seconds
[2024-04-03T22:28:01.409+0000] {processor.py:161} INFO - Started process (PID=391) to work on /home/airflow/.local/lib/python3.8/site-packages/airflow/example_dags/example_branch_labels.py
[2024-04-03T22:28:01.410+0000] {processor.py:830} INFO - Processing file /home/airflow/.local/lib/python3.8/site-packages/airflow/example_dags/example_branch_labels.py for tasks to queue
[2024-04-03T22:28:01.411+0000] {logging_mixin.py:188} INFO - [2024-04-03T22:28:01.411+0000] {dagbag.py:540} INFO - Filling up the DagBag from /home/airflow/.local/lib/python3.8/site-packages/airflow/example_dags/example_branch_labels.py
[2024-04-03T22:28:01.416+0000] {processor.py:840} INFO - DAG(s) 'example_branch_labels' retrieved from /home/airflow/.local/lib/python3.8/site-packages/airflow/example_dags/example_branch_labels.py
[2024-04-03T22:28:01.431+0000] {logging_mixin.py:188} INFO - [2024-04-03T22:28:01.431+0000] {dag.py:3047} INFO - Sync 1 DAGs
[2024-04-03T22:28:01.447+0000] {logging_mixin.py:188} INFO - [2024-04-03T22:28:01.447+0000] {dag.py:3834} INFO - Setting next_dagrun for example_branch_labels to 2024-04-02 00:00:00+00:00, run_after=2024-04-03 00:00:00+00:00
[2024-04-03T22:28:01.462+0000] {processor.py:183} INFO - Processing /home/airflow/.local/lib/python3.8/site-packages/airflow/example_dags/example_branch_labels.py took 0.055 seconds
[2024-04-03T22:28:31.874+0000] {processor.py:161} INFO - Started process (PID=446) to work on /home/airflow/.local/lib/python3.8/site-packages/airflow/example_dags/example_branch_labels.py
[2024-04-03T22:28:31.874+0000] {processor.py:830} INFO - Processing file /home/airflow/.local/lib/python3.8/site-packages/airflow/example_dags/example_branch_labels.py for tasks to queue
[2024-04-03T22:28:31.876+0000] {logging_mixin.py:188} INFO - [2024-04-03T22:28:31.875+0000] {dagbag.py:540} INFO - Filling up the DagBag from /home/airflow/.local/lib/python3.8/site-packages/airflow/example_dags/example_branch_labels.py
[2024-04-03T22:28:31.882+0000] {processor.py:840} INFO - DAG(s) 'example_branch_labels' retrieved from /home/airflow/.local/lib/python3.8/site-packages/airflow/example_dags/example_branch_labels.py
[2024-04-03T22:28:31.896+0000] {logging_mixin.py:188} INFO - [2024-04-03T22:28:31.896+0000] {dag.py:3047} INFO - Sync 1 DAGs
[2024-04-03T22:28:31.915+0000] {logging_mixin.py:188} INFO - [2024-04-03T22:28:31.915+0000] {dag.py:3834} INFO - Setting next_dagrun for example_branch_labels to 2024-04-02 00:00:00+00:00, run_after=2024-04-03 00:00:00+00:00
[2024-04-03T22:28:31.930+0000] {processor.py:183} INFO - Processing /home/airflow/.local/lib/python3.8/site-packages/airflow/example_dags/example_branch_labels.py took 0.058 seconds
[2024-04-03T22:29:02.277+0000] {processor.py:161} INFO - Started process (PID=501) to work on /home/airflow/.local/lib/python3.8/site-packages/airflow/example_dags/example_branch_labels.py
[2024-04-03T22:29:02.278+0000] {processor.py:830} INFO - Processing file /home/airflow/.local/lib/python3.8/site-packages/airflow/example_dags/example_branch_labels.py for tasks to queue
[2024-04-03T22:29:02.280+0000] {logging_mixin.py:188} INFO - [2024-04-03T22:29:02.280+0000] {dagbag.py:540} INFO - Filling up the DagBag from /home/airflow/.local/lib/python3.8/site-packages/airflow/example_dags/example_branch_labels.py
[2024-04-03T22:29:02.287+0000] {processor.py:840} INFO - DAG(s) 'example_branch_labels' retrieved from /home/airflow/.local/lib/python3.8/site-packages/airflow/example_dags/example_branch_labels.py
[2024-04-03T22:29:02.304+0000] {logging_mixin.py:188} INFO - [2024-04-03T22:29:02.303+0000] {dag.py:3047} INFO - Sync 1 DAGs
[2024-04-03T22:29:02.320+0000] {logging_mixin.py:188} INFO - [2024-04-03T22:29:02.320+0000] {dag.py:3834} INFO - Setting next_dagrun for example_branch_labels to 2024-04-02 00:00:00+00:00, run_after=2024-04-03 00:00:00+00:00
[2024-04-03T22:29:02.334+0000] {processor.py:183} INFO - Processing /home/airflow/.local/lib/python3.8/site-packages/airflow/example_dags/example_branch_labels.py took 0.060 seconds
[2024-04-03T22:29:32.662+0000] {processor.py:161} INFO - Started process (PID=556) to work on /home/airflow/.local/lib/python3.8/site-packages/airflow/example_dags/example_branch_labels.py
[2024-04-03T22:29:32.663+0000] {processor.py:830} INFO - Processing file /home/airflow/.local/lib/python3.8/site-packages/airflow/example_dags/example_branch_labels.py for tasks to queue
[2024-04-03T22:29:32.664+0000] {logging_mixin.py:188} INFO - [2024-04-03T22:29:32.664+0000] {dagbag.py:540} INFO - Filling up the DagBag from /home/airflow/.local/lib/python3.8/site-packages/airflow/example_dags/example_branch_labels.py
[2024-04-03T22:29:32.669+0000] {processor.py:840} INFO - DAG(s) 'example_branch_labels' retrieved from /home/airflow/.local/lib/python3.8/site-packages/airflow/example_dags/example_branch_labels.py
[2024-04-03T22:29:32.682+0000] {logging_mixin.py:188} INFO - [2024-04-03T22:29:32.682+0000] {dag.py:3047} INFO - Sync 1 DAGs
[2024-04-03T22:29:32.696+0000] {logging_mixin.py:188} INFO - [2024-04-03T22:29:32.696+0000] {dag.py:3834} INFO - Setting next_dagrun for example_branch_labels to 2024-04-02 00:00:00+00:00, run_after=2024-04-03 00:00:00+00:00
[2024-04-03T22:29:32.709+0000] {processor.py:183} INFO - Processing /home/airflow/.local/lib/python3.8/site-packages/airflow/example_dags/example_branch_labels.py took 0.049 seconds
[2024-04-03T22:30:02.956+0000] {processor.py:161} INFO - Started process (PID=611) to work on /home/airflow/.local/lib/python3.8/site-packages/airflow/example_dags/example_branch_labels.py
[2024-04-03T22:30:02.957+0000] {processor.py:830} INFO - Processing file /home/airflow/.local/lib/python3.8/site-packages/airflow/example_dags/example_branch_labels.py for tasks to queue
[2024-04-03T22:30:02.958+0000] {logging_mixin.py:188} INFO - [2024-04-03T22:30:02.958+0000] {dagbag.py:540} INFO - Filling up the DagBag from /home/airflow/.local/lib/python3.8/site-packages/airflow/example_dags/example_branch_labels.py
[2024-04-03T22:30:02.964+0000] {processor.py:840} INFO - DAG(s) 'example_branch_labels' retrieved from /home/airflow/.local/lib/python3.8/site-packages/airflow/example_dags/example_branch_labels.py
[2024-04-03T22:30:02.977+0000] {logging_mixin.py:188} INFO - [2024-04-03T22:30:02.977+0000] {dag.py:3047} INFO - Sync 1 DAGs
[2024-04-03T22:30:02.992+0000] {logging_mixin.py:188} INFO - [2024-04-03T22:30:02.992+0000] {dag.py:3834} INFO - Setting next_dagrun for example_branch_labels to 2024-04-02 00:00:00+00:00, run_after=2024-04-03 00:00:00+00:00
[2024-04-03T22:30:03.008+0000] {processor.py:183} INFO - Processing /home/airflow/.local/lib/python3.8/site-packages/airflow/example_dags/example_branch_labels.py took 0.054 seconds
[2024-04-03T22:30:33.277+0000] {processor.py:161} INFO - Started process (PID=666) to work on /home/airflow/.local/lib/python3.8/site-packages/airflow/example_dags/example_branch_labels.py
[2024-04-03T22:30:33.278+0000] {processor.py:830} INFO - Processing file /home/airflow/.local/lib/python3.8/site-packages/airflow/example_dags/example_branch_labels.py for tasks to queue
[2024-04-03T22:30:33.279+0000] {logging_mixin.py:188} INFO - [2024-04-03T22:30:33.279+0000] {dagbag.py:540} INFO - Filling up the DagBag from /home/airflow/.local/lib/python3.8/site-packages/airflow/example_dags/example_branch_labels.py
[2024-04-03T22:30:33.284+0000] {processor.py:840} INFO - DAG(s) 'example_branch_labels' retrieved from /home/airflow/.local/lib/python3.8/site-packages/airflow/example_dags/example_branch_labels.py
[2024-04-03T22:30:33.298+0000] {logging_mixin.py:188} INFO - [2024-04-03T22:30:33.298+0000] {dag.py:3047} INFO - Sync 1 DAGs
[2024-04-03T22:30:33.313+0000] {logging_mixin.py:188} INFO - [2024-04-03T22:30:33.313+0000] {dag.py:3834} INFO - Setting next_dagrun for example_branch_labels to 2024-04-02 00:00:00+00:00, run_after=2024-04-03 00:00:00+00:00
[2024-04-03T22:30:33.324+0000] {processor.py:183} INFO - Processing /home/airflow/.local/lib/python3.8/site-packages/airflow/example_dags/example_branch_labels.py took 0.049 seconds
[2024-04-03T22:31:03.740+0000] {processor.py:161} INFO - Started process (PID=721) to work on /home/airflow/.local/lib/python3.8/site-packages/airflow/example_dags/example_branch_labels.py
[2024-04-03T22:31:03.742+0000] {processor.py:830} INFO - Processing file /home/airflow/.local/lib/python3.8/site-packages/airflow/example_dags/example_branch_labels.py for tasks to queue
[2024-04-03T22:31:03.745+0000] {logging_mixin.py:188} INFO - [2024-04-03T22:31:03.744+0000] {dagbag.py:540} INFO - Filling up the DagBag from /home/airflow/.local/lib/python3.8/site-packages/airflow/example_dags/example_branch_labels.py
[2024-04-03T22:31:03.751+0000] {processor.py:840} INFO - DAG(s) 'example_branch_labels' retrieved from /home/airflow/.local/lib/python3.8/site-packages/airflow/example_dags/example_branch_labels.py
[2024-04-03T22:31:03.777+0000] {logging_mixin.py:188} INFO - [2024-04-03T22:31:03.777+0000] {dag.py:3047} INFO - Sync 1 DAGs
[2024-04-03T22:31:03.796+0000] {logging_mixin.py:188} INFO - [2024-04-03T22:31:03.796+0000] {dag.py:3834} INFO - Setting next_dagrun for example_branch_labels to 2024-04-02 00:00:00+00:00, run_after=2024-04-03 00:00:00+00:00
[2024-04-03T22:31:03.809+0000] {processor.py:183} INFO - Processing /home/airflow/.local/lib/python3.8/site-packages/airflow/example_dags/example_branch_labels.py took 0.072 seconds
[2024-04-03T22:31:34.525+0000] {processor.py:161} INFO - Started process (PID=776) to work on /home/airflow/.local/lib/python3.8/site-packages/airflow/example_dags/example_branch_labels.py
[2024-04-03T22:31:34.526+0000] {processor.py:830} INFO - Processing file /home/airflow/.local/lib/python3.8/site-packages/airflow/example_dags/example_branch_labels.py for tasks to queue
[2024-04-03T22:31:34.528+0000] {logging_mixin.py:188} INFO - [2024-04-03T22:31:34.527+0000] {dagbag.py:540} INFO - Filling up the DagBag from /home/airflow/.local/lib/python3.8/site-packages/airflow/example_dags/example_branch_labels.py
[2024-04-03T22:31:34.533+0000] {processor.py:840} INFO - DAG(s) 'example_branch_labels' retrieved from /home/airflow/.local/lib/python3.8/site-packages/airflow/example_dags/example_branch_labels.py
[2024-04-03T22:31:34.547+0000] {logging_mixin.py:188} INFO - [2024-04-03T22:31:34.546+0000] {dag.py:3047} INFO - Sync 1 DAGs
[2024-04-03T22:31:34.560+0000] {logging_mixin.py:188} INFO - [2024-04-03T22:31:34.560+0000] {dag.py:3834} INFO - Setting next_dagrun for example_branch_labels to 2024-04-02 00:00:00+00:00, run_after=2024-04-03 00:00:00+00:00
[2024-04-03T22:31:34.572+0000] {processor.py:183} INFO - Processing /home/airflow/.local/lib/python3.8/site-packages/airflow/example_dags/example_branch_labels.py took 0.049 seconds
[2024-04-03T22:32:04.852+0000] {processor.py:161} INFO - Started process (PID=831) to work on /home/airflow/.local/lib/python3.8/site-packages/airflow/example_dags/example_branch_labels.py
[2024-04-03T22:32:04.853+0000] {processor.py:830} INFO - Processing file /home/airflow/.local/lib/python3.8/site-packages/airflow/example_dags/example_branch_labels.py for tasks to queue
[2024-04-03T22:32:04.855+0000] {logging_mixin.py:188} INFO - [2024-04-03T22:32:04.854+0000] {dagbag.py:540} INFO - Filling up the DagBag from /home/airflow/.local/lib/python3.8/site-packages/airflow/example_dags/example_branch_labels.py
[2024-04-03T22:32:04.862+0000] {processor.py:840} INFO - DAG(s) 'example_branch_labels' retrieved from /home/airflow/.local/lib/python3.8/site-packages/airflow/example_dags/example_branch_labels.py
[2024-04-03T22:32:04.882+0000] {logging_mixin.py:188} INFO - [2024-04-03T22:32:04.882+0000] {dag.py:3047} INFO - Sync 1 DAGs
[2024-04-03T22:32:04.902+0000] {logging_mixin.py:188} INFO - [2024-04-03T22:32:04.901+0000] {dag.py:3834} INFO - Setting next_dagrun for example_branch_labels to 2024-04-02 00:00:00+00:00, run_after=2024-04-03 00:00:00+00:00
[2024-04-03T22:32:04.917+0000] {processor.py:183} INFO - Processing /home/airflow/.local/lib/python3.8/site-packages/airflow/example_dags/example_branch_labels.py took 0.068 seconds
[2024-04-03T22:32:54.022+0000] {processor.py:161} INFO - Started process (PID=61) to work on /home/airflow/.local/lib/python3.8/site-packages/airflow/example_dags/example_branch_labels.py
[2024-04-03T22:32:54.023+0000] {processor.py:830} INFO - Processing file /home/airflow/.local/lib/python3.8/site-packages/airflow/example_dags/example_branch_labels.py for tasks to queue
[2024-04-03T22:32:54.025+0000] {logging_mixin.py:188} INFO - [2024-04-03T22:32:54.025+0000] {dagbag.py:540} INFO - Filling up the DagBag from /home/airflow/.local/lib/python3.8/site-packages/airflow/example_dags/example_branch_labels.py
[2024-04-03T22:32:54.032+0000] {processor.py:840} INFO - DAG(s) 'example_branch_labels' retrieved from /home/airflow/.local/lib/python3.8/site-packages/airflow/example_dags/example_branch_labels.py
[2024-04-03T22:32:54.042+0000] {logging_mixin.py:188} INFO - [2024-04-03T22:32:54.042+0000] {dag.py:3047} INFO - Sync 1 DAGs
[2024-04-03T22:32:54.060+0000] {logging_mixin.py:188} INFO - [2024-04-03T22:32:54.060+0000] {dag.py:3834} INFO - Setting next_dagrun for example_branch_labels to 2024-04-02 00:00:00+00:00, run_after=2024-04-03 00:00:00+00:00
[2024-04-03T22:32:54.076+0000] {processor.py:183} INFO - Processing /home/airflow/.local/lib/python3.8/site-packages/airflow/example_dags/example_branch_labels.py took 0.056 seconds
[2024-04-03T22:33:25.010+0000] {processor.py:161} INFO - Started process (PID=116) to work on /home/airflow/.local/lib/python3.8/site-packages/airflow/example_dags/example_branch_labels.py
[2024-04-03T22:33:25.011+0000] {processor.py:830} INFO - Processing file /home/airflow/.local/lib/python3.8/site-packages/airflow/example_dags/example_branch_labels.py for tasks to queue
[2024-04-03T22:33:25.013+0000] {logging_mixin.py:188} INFO - [2024-04-03T22:33:25.013+0000] {dagbag.py:540} INFO - Filling up the DagBag from /home/airflow/.local/lib/python3.8/site-packages/airflow/example_dags/example_branch_labels.py
[2024-04-03T22:33:25.019+0000] {processor.py:840} INFO - DAG(s) 'example_branch_labels' retrieved from /home/airflow/.local/lib/python3.8/site-packages/airflow/example_dags/example_branch_labels.py
[2024-04-03T22:33:25.088+0000] {logging_mixin.py:188} INFO - [2024-04-03T22:33:25.088+0000] {dag.py:3047} INFO - Sync 1 DAGs
[2024-04-03T22:33:25.102+0000] {logging_mixin.py:188} INFO - [2024-04-03T22:33:25.102+0000] {dag.py:3834} INFO - Setting next_dagrun for example_branch_labels to 2024-04-02 00:00:00+00:00, run_after=2024-04-03 00:00:00+00:00
[2024-04-03T22:33:25.119+0000] {processor.py:183} INFO - Processing /home/airflow/.local/lib/python3.8/site-packages/airflow/example_dags/example_branch_labels.py took 0.111 seconds
[2024-04-03T22:33:55.416+0000] {processor.py:161} INFO - Started process (PID=171) to work on /home/airflow/.local/lib/python3.8/site-packages/airflow/example_dags/example_branch_labels.py
[2024-04-03T22:33:55.417+0000] {processor.py:830} INFO - Processing file /home/airflow/.local/lib/python3.8/site-packages/airflow/example_dags/example_branch_labels.py for tasks to queue
[2024-04-03T22:33:55.418+0000] {logging_mixin.py:188} INFO - [2024-04-03T22:33:55.418+0000] {dagbag.py:540} INFO - Filling up the DagBag from /home/airflow/.local/lib/python3.8/site-packages/airflow/example_dags/example_branch_labels.py
[2024-04-03T22:33:55.423+0000] {processor.py:840} INFO - DAG(s) 'example_branch_labels' retrieved from /home/airflow/.local/lib/python3.8/site-packages/airflow/example_dags/example_branch_labels.py
[2024-04-03T22:33:55.438+0000] {logging_mixin.py:188} INFO - [2024-04-03T22:33:55.437+0000] {dag.py:3047} INFO - Sync 1 DAGs
[2024-04-03T22:33:55.453+0000] {logging_mixin.py:188} INFO - [2024-04-03T22:33:55.452+0000] {dag.py:3834} INFO - Setting next_dagrun for example_branch_labels to 2024-04-02 00:00:00+00:00, run_after=2024-04-03 00:00:00+00:00
[2024-04-03T22:33:55.467+0000] {processor.py:183} INFO - Processing /home/airflow/.local/lib/python3.8/site-packages/airflow/example_dags/example_branch_labels.py took 0.053 seconds
[2024-04-03T22:34:26.083+0000] {processor.py:161} INFO - Started process (PID=226) to work on /home/airflow/.local/lib/python3.8/site-packages/airflow/example_dags/example_branch_labels.py
[2024-04-03T22:34:26.084+0000] {processor.py:830} INFO - Processing file /home/airflow/.local/lib/python3.8/site-packages/airflow/example_dags/example_branch_labels.py for tasks to queue
[2024-04-03T22:34:26.085+0000] {logging_mixin.py:188} INFO - [2024-04-03T22:34:26.085+0000] {dagbag.py:540} INFO - Filling up the DagBag from /home/airflow/.local/lib/python3.8/site-packages/airflow/example_dags/example_branch_labels.py
[2024-04-03T22:34:26.091+0000] {processor.py:840} INFO - DAG(s) 'example_branch_labels' retrieved from /home/airflow/.local/lib/python3.8/site-packages/airflow/example_dags/example_branch_labels.py
[2024-04-03T22:34:26.105+0000] {logging_mixin.py:188} INFO - [2024-04-03T22:34:26.105+0000] {dag.py:3047} INFO - Sync 1 DAGs
[2024-04-03T22:34:26.120+0000] {logging_mixin.py:188} INFO - [2024-04-03T22:34:26.120+0000] {dag.py:3834} INFO - Setting next_dagrun for example_branch_labels to 2024-04-02 00:00:00+00:00, run_after=2024-04-03 00:00:00+00:00
[2024-04-03T22:34:26.133+0000] {processor.py:183} INFO - Processing /home/airflow/.local/lib/python3.8/site-packages/airflow/example_dags/example_branch_labels.py took 0.053 seconds
[2024-04-03T22:34:56.430+0000] {processor.py:161} INFO - Started process (PID=281) to work on /home/airflow/.local/lib/python3.8/site-packages/airflow/example_dags/example_branch_labels.py
[2024-04-03T22:34:56.431+0000] {processor.py:830} INFO - Processing file /home/airflow/.local/lib/python3.8/site-packages/airflow/example_dags/example_branch_labels.py for tasks to queue
[2024-04-03T22:34:56.432+0000] {logging_mixin.py:188} INFO - [2024-04-03T22:34:56.432+0000] {dagbag.py:540} INFO - Filling up the DagBag from /home/airflow/.local/lib/python3.8/site-packages/airflow/example_dags/example_branch_labels.py
[2024-04-03T22:34:56.438+0000] {processor.py:840} INFO - DAG(s) 'example_branch_labels' retrieved from /home/airflow/.local/lib/python3.8/site-packages/airflow/example_dags/example_branch_labels.py
[2024-04-03T22:34:56.452+0000] {logging_mixin.py:188} INFO - [2024-04-03T22:34:56.452+0000] {dag.py:3047} INFO - Sync 1 DAGs
[2024-04-03T22:34:56.466+0000] {logging_mixin.py:188} INFO - [2024-04-03T22:34:56.466+0000] {dag.py:3834} INFO - Setting next_dagrun for example_branch_labels to 2024-04-02 00:00:00+00:00, run_after=2024-04-03 00:00:00+00:00
[2024-04-03T22:34:56.479+0000] {processor.py:183} INFO - Processing /home/airflow/.local/lib/python3.8/site-packages/airflow/example_dags/example_branch_labels.py took 0.052 seconds
[2024-04-03T22:35:26.699+0000] {processor.py:161} INFO - Started process (PID=336) to work on /home/airflow/.local/lib/python3.8/site-packages/airflow/example_dags/example_branch_labels.py
[2024-04-03T22:35:26.700+0000] {processor.py:830} INFO - Processing file /home/airflow/.local/lib/python3.8/site-packages/airflow/example_dags/example_branch_labels.py for tasks to queue
[2024-04-03T22:35:26.702+0000] {logging_mixin.py:188} INFO - [2024-04-03T22:35:26.702+0000] {dagbag.py:540} INFO - Filling up the DagBag from /home/airflow/.local/lib/python3.8/site-packages/airflow/example_dags/example_branch_labels.py
[2024-04-03T22:35:26.707+0000] {processor.py:840} INFO - DAG(s) 'example_branch_labels' retrieved from /home/airflow/.local/lib/python3.8/site-packages/airflow/example_dags/example_branch_labels.py
[2024-04-03T22:35:26.721+0000] {logging_mixin.py:188} INFO - [2024-04-03T22:35:26.721+0000] {dag.py:3047} INFO - Sync 1 DAGs
[2024-04-03T22:35:26.735+0000] {logging_mixin.py:188} INFO - [2024-04-03T22:35:26.735+0000] {dag.py:3834} INFO - Setting next_dagrun for example_branch_labels to 2024-04-02 00:00:00+00:00, run_after=2024-04-03 00:00:00+00:00
[2024-04-03T22:35:26.747+0000] {processor.py:183} INFO - Processing /home/airflow/.local/lib/python3.8/site-packages/airflow/example_dags/example_branch_labels.py took 0.049 seconds
[2024-04-03T22:35:57.295+0000] {processor.py:161} INFO - Started process (PID=391) to work on /home/airflow/.local/lib/python3.8/site-packages/airflow/example_dags/example_branch_labels.py
[2024-04-03T22:35:57.296+0000] {processor.py:830} INFO - Processing file /home/airflow/.local/lib/python3.8/site-packages/airflow/example_dags/example_branch_labels.py for tasks to queue
[2024-04-03T22:35:57.297+0000] {logging_mixin.py:188} INFO - [2024-04-03T22:35:57.297+0000] {dagbag.py:540} INFO - Filling up the DagBag from /home/airflow/.local/lib/python3.8/site-packages/airflow/example_dags/example_branch_labels.py
[2024-04-03T22:35:57.303+0000] {processor.py:840} INFO - DAG(s) 'example_branch_labels' retrieved from /home/airflow/.local/lib/python3.8/site-packages/airflow/example_dags/example_branch_labels.py
[2024-04-03T22:35:57.329+0000] {logging_mixin.py:188} INFO - [2024-04-03T22:35:57.329+0000] {dag.py:3047} INFO - Sync 1 DAGs
[2024-04-03T22:35:57.345+0000] {logging_mixin.py:188} INFO - [2024-04-03T22:35:57.345+0000] {dag.py:3834} INFO - Setting next_dagrun for example_branch_labels to 2024-04-02 00:00:00+00:00, run_after=2024-04-03 00:00:00+00:00
[2024-04-03T22:35:57.359+0000] {processor.py:183} INFO - Processing /home/airflow/.local/lib/python3.8/site-packages/airflow/example_dags/example_branch_labels.py took 0.066 seconds
[2024-04-03T22:36:27.817+0000] {processor.py:161} INFO - Started process (PID=446) to work on /home/airflow/.local/lib/python3.8/site-packages/airflow/example_dags/example_branch_labels.py
[2024-04-03T22:36:27.817+0000] {processor.py:830} INFO - Processing file /home/airflow/.local/lib/python3.8/site-packages/airflow/example_dags/example_branch_labels.py for tasks to queue
[2024-04-03T22:36:27.819+0000] {logging_mixin.py:188} INFO - [2024-04-03T22:36:27.819+0000] {dagbag.py:540} INFO - Filling up the DagBag from /home/airflow/.local/lib/python3.8/site-packages/airflow/example_dags/example_branch_labels.py
[2024-04-03T22:36:27.824+0000] {processor.py:840} INFO - DAG(s) 'example_branch_labels' retrieved from /home/airflow/.local/lib/python3.8/site-packages/airflow/example_dags/example_branch_labels.py
[2024-04-03T22:36:27.840+0000] {logging_mixin.py:188} INFO - [2024-04-03T22:36:27.840+0000] {dag.py:3047} INFO - Sync 1 DAGs
[2024-04-03T22:36:27.855+0000] {logging_mixin.py:188} INFO - [2024-04-03T22:36:27.854+0000] {dag.py:3834} INFO - Setting next_dagrun for example_branch_labels to 2024-04-02 00:00:00+00:00, run_after=2024-04-03 00:00:00+00:00
[2024-04-03T22:36:27.867+0000] {processor.py:183} INFO - Processing /home/airflow/.local/lib/python3.8/site-packages/airflow/example_dags/example_branch_labels.py took 0.052 seconds
[2024-04-03T22:36:58.033+0000] {processor.py:161} INFO - Started process (PID=501) to work on /home/airflow/.local/lib/python3.8/site-packages/airflow/example_dags/example_branch_labels.py
[2024-04-03T22:36:58.034+0000] {processor.py:830} INFO - Processing file /home/airflow/.local/lib/python3.8/site-packages/airflow/example_dags/example_branch_labels.py for tasks to queue
[2024-04-03T22:36:58.036+0000] {logging_mixin.py:188} INFO - [2024-04-03T22:36:58.035+0000] {dagbag.py:540} INFO - Filling up the DagBag from /home/airflow/.local/lib/python3.8/site-packages/airflow/example_dags/example_branch_labels.py
[2024-04-03T22:36:58.041+0000] {processor.py:840} INFO - DAG(s) 'example_branch_labels' retrieved from /home/airflow/.local/lib/python3.8/site-packages/airflow/example_dags/example_branch_labels.py
[2024-04-03T22:36:58.056+0000] {logging_mixin.py:188} INFO - [2024-04-03T22:36:58.055+0000] {dag.py:3047} INFO - Sync 1 DAGs
[2024-04-03T22:36:58.070+0000] {logging_mixin.py:188} INFO - [2024-04-03T22:36:58.070+0000] {dag.py:3834} INFO - Setting next_dagrun for example_branch_labels to 2024-04-02 00:00:00+00:00, run_after=2024-04-03 00:00:00+00:00
[2024-04-03T22:36:58.083+0000] {processor.py:183} INFO - Processing /home/airflow/.local/lib/python3.8/site-packages/airflow/example_dags/example_branch_labels.py took 0.053 seconds
[2024-04-03T22:37:28.608+0000] {processor.py:161} INFO - Started process (PID=555) to work on /home/airflow/.local/lib/python3.8/site-packages/airflow/example_dags/example_branch_labels.py
[2024-04-03T22:37:28.610+0000] {processor.py:830} INFO - Processing file /home/airflow/.local/lib/python3.8/site-packages/airflow/example_dags/example_branch_labels.py for tasks to queue
[2024-04-03T22:37:28.611+0000] {logging_mixin.py:188} INFO - [2024-04-03T22:37:28.611+0000] {dagbag.py:540} INFO - Filling up the DagBag from /home/airflow/.local/lib/python3.8/site-packages/airflow/example_dags/example_branch_labels.py
[2024-04-03T22:37:28.617+0000] {processor.py:840} INFO - DAG(s) 'example_branch_labels' retrieved from /home/airflow/.local/lib/python3.8/site-packages/airflow/example_dags/example_branch_labels.py
[2024-04-03T22:37:28.633+0000] {logging_mixin.py:188} INFO - [2024-04-03T22:37:28.633+0000] {dag.py:3047} INFO - Sync 1 DAGs
[2024-04-03T22:37:28.650+0000] {logging_mixin.py:188} INFO - [2024-04-03T22:37:28.650+0000] {dag.py:3834} INFO - Setting next_dagrun for example_branch_labels to 2024-04-02 00:00:00+00:00, run_after=2024-04-03 00:00:00+00:00
[2024-04-03T22:37:28.664+0000] {processor.py:183} INFO - Processing /home/airflow/.local/lib/python3.8/site-packages/airflow/example_dags/example_branch_labels.py took 0.059 seconds
[2024-04-03T22:37:59.061+0000] {processor.py:161} INFO - Started process (PID=611) to work on /home/airflow/.local/lib/python3.8/site-packages/airflow/example_dags/example_branch_labels.py
[2024-04-03T22:37:59.062+0000] {processor.py:830} INFO - Processing file /home/airflow/.local/lib/python3.8/site-packages/airflow/example_dags/example_branch_labels.py for tasks to queue
[2024-04-03T22:37:59.064+0000] {logging_mixin.py:188} INFO - [2024-04-03T22:37:59.064+0000] {dagbag.py:540} INFO - Filling up the DagBag from /home/airflow/.local/lib/python3.8/site-packages/airflow/example_dags/example_branch_labels.py
[2024-04-03T22:37:59.070+0000] {processor.py:840} INFO - DAG(s) 'example_branch_labels' retrieved from /home/airflow/.local/lib/python3.8/site-packages/airflow/example_dags/example_branch_labels.py
[2024-04-03T22:37:59.087+0000] {logging_mixin.py:188} INFO - [2024-04-03T22:37:59.087+0000] {dag.py:3047} INFO - Sync 1 DAGs
[2024-04-03T22:37:59.102+0000] {logging_mixin.py:188} INFO - [2024-04-03T22:37:59.102+0000] {dag.py:3834} INFO - Setting next_dagrun for example_branch_labels to 2024-04-02 00:00:00+00:00, run_after=2024-04-03 00:00:00+00:00
[2024-04-03T22:37:59.114+0000] {processor.py:183} INFO - Processing /home/airflow/.local/lib/python3.8/site-packages/airflow/example_dags/example_branch_labels.py took 0.055 seconds
[2024-04-03T22:38:29.435+0000] {processor.py:161} INFO - Started process (PID=666) to work on /home/airflow/.local/lib/python3.8/site-packages/airflow/example_dags/example_branch_labels.py
[2024-04-03T22:38:29.437+0000] {processor.py:830} INFO - Processing file /home/airflow/.local/lib/python3.8/site-packages/airflow/example_dags/example_branch_labels.py for tasks to queue
[2024-04-03T22:38:29.438+0000] {logging_mixin.py:188} INFO - [2024-04-03T22:38:29.438+0000] {dagbag.py:540} INFO - Filling up the DagBag from /home/airflow/.local/lib/python3.8/site-packages/airflow/example_dags/example_branch_labels.py
[2024-04-03T22:38:29.444+0000] {processor.py:840} INFO - DAG(s) 'example_branch_labels' retrieved from /home/airflow/.local/lib/python3.8/site-packages/airflow/example_dags/example_branch_labels.py
[2024-04-03T22:38:29.458+0000] {logging_mixin.py:188} INFO - [2024-04-03T22:38:29.458+0000] {dag.py:3047} INFO - Sync 1 DAGs
[2024-04-03T22:38:29.474+0000] {logging_mixin.py:188} INFO - [2024-04-03T22:38:29.474+0000] {dag.py:3834} INFO - Setting next_dagrun for example_branch_labels to 2024-04-02 00:00:00+00:00, run_after=2024-04-03 00:00:00+00:00
[2024-04-03T22:38:29.488+0000] {processor.py:183} INFO - Processing /home/airflow/.local/lib/python3.8/site-packages/airflow/example_dags/example_branch_labels.py took 0.055 seconds
[2024-04-03T22:38:59.650+0000] {processor.py:161} INFO - Started process (PID=721) to work on /home/airflow/.local/lib/python3.8/site-packages/airflow/example_dags/example_branch_labels.py
[2024-04-03T22:38:59.651+0000] {processor.py:830} INFO - Processing file /home/airflow/.local/lib/python3.8/site-packages/airflow/example_dags/example_branch_labels.py for tasks to queue
[2024-04-03T22:38:59.652+0000] {logging_mixin.py:188} INFO - [2024-04-03T22:38:59.652+0000] {dagbag.py:540} INFO - Filling up the DagBag from /home/airflow/.local/lib/python3.8/site-packages/airflow/example_dags/example_branch_labels.py
[2024-04-03T22:38:59.658+0000] {processor.py:840} INFO - DAG(s) 'example_branch_labels' retrieved from /home/airflow/.local/lib/python3.8/site-packages/airflow/example_dags/example_branch_labels.py
[2024-04-03T22:38:59.673+0000] {logging_mixin.py:188} INFO - [2024-04-03T22:38:59.673+0000] {dag.py:3047} INFO - Sync 1 DAGs
[2024-04-03T22:38:59.688+0000] {logging_mixin.py:188} INFO - [2024-04-03T22:38:59.688+0000] {dag.py:3834} INFO - Setting next_dagrun for example_branch_labels to 2024-04-02 00:00:00+00:00, run_after=2024-04-03 00:00:00+00:00
[2024-04-03T22:38:59.701+0000] {processor.py:183} INFO - Processing /home/airflow/.local/lib/python3.8/site-packages/airflow/example_dags/example_branch_labels.py took 0.053 seconds
[2024-04-03T22:39:29.939+0000] {processor.py:161} INFO - Started process (PID=775) to work on /home/airflow/.local/lib/python3.8/site-packages/airflow/example_dags/example_branch_labels.py
[2024-04-03T22:39:29.940+0000] {processor.py:830} INFO - Processing file /home/airflow/.local/lib/python3.8/site-packages/airflow/example_dags/example_branch_labels.py for tasks to queue
[2024-04-03T22:39:29.942+0000] {logging_mixin.py:188} INFO - [2024-04-03T22:39:29.942+0000] {dagbag.py:540} INFO - Filling up the DagBag from /home/airflow/.local/lib/python3.8/site-packages/airflow/example_dags/example_branch_labels.py
[2024-04-03T22:39:29.947+0000] {processor.py:840} INFO - DAG(s) 'example_branch_labels' retrieved from /home/airflow/.local/lib/python3.8/site-packages/airflow/example_dags/example_branch_labels.py
[2024-04-03T22:39:29.961+0000] {logging_mixin.py:188} INFO - [2024-04-03T22:39:29.961+0000] {dag.py:3047} INFO - Sync 1 DAGs
[2024-04-03T22:39:29.976+0000] {logging_mixin.py:188} INFO - [2024-04-03T22:39:29.976+0000] {dag.py:3834} INFO - Setting next_dagrun for example_branch_labels to 2024-04-02 00:00:00+00:00, run_after=2024-04-03 00:00:00+00:00
[2024-04-03T22:39:29.988+0000] {processor.py:183} INFO - Processing /home/airflow/.local/lib/python3.8/site-packages/airflow/example_dags/example_branch_labels.py took 0.051 seconds
[2024-04-03T22:40:00.298+0000] {processor.py:161} INFO - Started process (PID=830) to work on /home/airflow/.local/lib/python3.8/site-packages/airflow/example_dags/example_branch_labels.py
[2024-04-03T22:40:00.299+0000] {processor.py:830} INFO - Processing file /home/airflow/.local/lib/python3.8/site-packages/airflow/example_dags/example_branch_labels.py for tasks to queue
[2024-04-03T22:40:00.300+0000] {logging_mixin.py:188} INFO - [2024-04-03T22:40:00.300+0000] {dagbag.py:540} INFO - Filling up the DagBag from /home/airflow/.local/lib/python3.8/site-packages/airflow/example_dags/example_branch_labels.py
[2024-04-03T22:40:00.305+0000] {processor.py:840} INFO - DAG(s) 'example_branch_labels' retrieved from /home/airflow/.local/lib/python3.8/site-packages/airflow/example_dags/example_branch_labels.py
[2024-04-03T22:40:00.319+0000] {logging_mixin.py:188} INFO - [2024-04-03T22:40:00.319+0000] {dag.py:3047} INFO - Sync 1 DAGs
[2024-04-03T22:40:00.333+0000] {logging_mixin.py:188} INFO - [2024-04-03T22:40:00.333+0000] {dag.py:3834} INFO - Setting next_dagrun for example_branch_labels to 2024-04-02 00:00:00+00:00, run_after=2024-04-03 00:00:00+00:00
[2024-04-03T22:40:00.345+0000] {processor.py:183} INFO - Processing /home/airflow/.local/lib/python3.8/site-packages/airflow/example_dags/example_branch_labels.py took 0.049 seconds
[2024-04-03T22:40:30.680+0000] {processor.py:161} INFO - Started process (PID=885) to work on /home/airflow/.local/lib/python3.8/site-packages/airflow/example_dags/example_branch_labels.py
[2024-04-03T22:40:30.681+0000] {processor.py:830} INFO - Processing file /home/airflow/.local/lib/python3.8/site-packages/airflow/example_dags/example_branch_labels.py for tasks to queue
[2024-04-03T22:40:30.684+0000] {logging_mixin.py:188} INFO - [2024-04-03T22:40:30.683+0000] {dagbag.py:540} INFO - Filling up the DagBag from /home/airflow/.local/lib/python3.8/site-packages/airflow/example_dags/example_branch_labels.py
[2024-04-03T22:40:30.691+0000] {processor.py:840} INFO - DAG(s) 'example_branch_labels' retrieved from /home/airflow/.local/lib/python3.8/site-packages/airflow/example_dags/example_branch_labels.py
[2024-04-03T22:40:30.706+0000] {logging_mixin.py:188} INFO - [2024-04-03T22:40:30.706+0000] {dag.py:3047} INFO - Sync 1 DAGs
[2024-04-03T22:40:30.721+0000] {logging_mixin.py:188} INFO - [2024-04-03T22:40:30.721+0000] {dag.py:3834} INFO - Setting next_dagrun for example_branch_labels to 2024-04-02 00:00:00+00:00, run_after=2024-04-03 00:00:00+00:00
[2024-04-03T22:40:30.734+0000] {processor.py:183} INFO - Processing /home/airflow/.local/lib/python3.8/site-packages/airflow/example_dags/example_branch_labels.py took 0.056 seconds
[2024-04-03T22:41:00.947+0000] {processor.py:161} INFO - Started process (PID=940) to work on /home/airflow/.local/lib/python3.8/site-packages/airflow/example_dags/example_branch_labels.py
[2024-04-03T22:41:00.948+0000] {processor.py:830} INFO - Processing file /home/airflow/.local/lib/python3.8/site-packages/airflow/example_dags/example_branch_labels.py for tasks to queue
[2024-04-03T22:41:00.949+0000] {logging_mixin.py:188} INFO - [2024-04-03T22:41:00.949+0000] {dagbag.py:540} INFO - Filling up the DagBag from /home/airflow/.local/lib/python3.8/site-packages/airflow/example_dags/example_branch_labels.py
[2024-04-03T22:41:00.954+0000] {processor.py:840} INFO - DAG(s) 'example_branch_labels' retrieved from /home/airflow/.local/lib/python3.8/site-packages/airflow/example_dags/example_branch_labels.py
[2024-04-03T22:41:00.969+0000] {logging_mixin.py:188} INFO - [2024-04-03T22:41:00.968+0000] {dag.py:3047} INFO - Sync 1 DAGs
[2024-04-03T22:41:00.984+0000] {logging_mixin.py:188} INFO - [2024-04-03T22:41:00.984+0000] {dag.py:3834} INFO - Setting next_dagrun for example_branch_labels to 2024-04-02 00:00:00+00:00, run_after=2024-04-03 00:00:00+00:00
[2024-04-03T22:41:00.997+0000] {processor.py:183} INFO - Processing /home/airflow/.local/lib/python3.8/site-packages/airflow/example_dags/example_branch_labels.py took 0.052 seconds
[2024-04-03T22:41:31.490+0000] {processor.py:161} INFO - Started process (PID=995) to work on /home/airflow/.local/lib/python3.8/site-packages/airflow/example_dags/example_branch_labels.py
[2024-04-03T22:41:31.491+0000] {processor.py:830} INFO - Processing file /home/airflow/.local/lib/python3.8/site-packages/airflow/example_dags/example_branch_labels.py for tasks to queue
[2024-04-03T22:41:31.492+0000] {logging_mixin.py:188} INFO - [2024-04-03T22:41:31.492+0000] {dagbag.py:540} INFO - Filling up the DagBag from /home/airflow/.local/lib/python3.8/site-packages/airflow/example_dags/example_branch_labels.py
[2024-04-03T22:41:31.498+0000] {processor.py:840} INFO - DAG(s) 'example_branch_labels' retrieved from /home/airflow/.local/lib/python3.8/site-packages/airflow/example_dags/example_branch_labels.py
[2024-04-03T22:41:31.513+0000] {logging_mixin.py:188} INFO - [2024-04-03T22:41:31.513+0000] {dag.py:3047} INFO - Sync 1 DAGs
[2024-04-03T22:41:31.529+0000] {logging_mixin.py:188} INFO - [2024-04-03T22:41:31.529+0000] {dag.py:3834} INFO - Setting next_dagrun for example_branch_labels to 2024-04-02 00:00:00+00:00, run_after=2024-04-03 00:00:00+00:00
[2024-04-03T22:41:31.542+0000] {processor.py:183} INFO - Processing /home/airflow/.local/lib/python3.8/site-packages/airflow/example_dags/example_branch_labels.py took 0.054 seconds
[2024-04-03T22:42:01.870+0000] {processor.py:161} INFO - Started process (PID=1050) to work on /home/airflow/.local/lib/python3.8/site-packages/airflow/example_dags/example_branch_labels.py
[2024-04-03T22:42:01.871+0000] {processor.py:830} INFO - Processing file /home/airflow/.local/lib/python3.8/site-packages/airflow/example_dags/example_branch_labels.py for tasks to queue
[2024-04-03T22:42:01.873+0000] {logging_mixin.py:188} INFO - [2024-04-03T22:42:01.873+0000] {dagbag.py:540} INFO - Filling up the DagBag from /home/airflow/.local/lib/python3.8/site-packages/airflow/example_dags/example_branch_labels.py
[2024-04-03T22:42:01.879+0000] {processor.py:840} INFO - DAG(s) 'example_branch_labels' retrieved from /home/airflow/.local/lib/python3.8/site-packages/airflow/example_dags/example_branch_labels.py
[2024-04-03T22:42:01.894+0000] {logging_mixin.py:188} INFO - [2024-04-03T22:42:01.894+0000] {dag.py:3047} INFO - Sync 1 DAGs
[2024-04-03T22:42:01.911+0000] {logging_mixin.py:188} INFO - [2024-04-03T22:42:01.911+0000] {dag.py:3834} INFO - Setting next_dagrun for example_branch_labels to 2024-04-02 00:00:00+00:00, run_after=2024-04-03 00:00:00+00:00
[2024-04-03T22:42:01.926+0000] {processor.py:183} INFO - Processing /home/airflow/.local/lib/python3.8/site-packages/airflow/example_dags/example_branch_labels.py took 0.058 seconds
[2024-04-03T22:42:32.255+0000] {processor.py:161} INFO - Started process (PID=1105) to work on /home/airflow/.local/lib/python3.8/site-packages/airflow/example_dags/example_branch_labels.py
[2024-04-03T22:42:32.255+0000] {processor.py:830} INFO - Processing file /home/airflow/.local/lib/python3.8/site-packages/airflow/example_dags/example_branch_labels.py for tasks to queue
[2024-04-03T22:42:32.257+0000] {logging_mixin.py:188} INFO - [2024-04-03T22:42:32.256+0000] {dagbag.py:540} INFO - Filling up the DagBag from /home/airflow/.local/lib/python3.8/site-packages/airflow/example_dags/example_branch_labels.py
[2024-04-03T22:42:32.262+0000] {processor.py:840} INFO - DAG(s) 'example_branch_labels' retrieved from /home/airflow/.local/lib/python3.8/site-packages/airflow/example_dags/example_branch_labels.py
[2024-04-03T22:42:32.276+0000] {logging_mixin.py:188} INFO - [2024-04-03T22:42:32.276+0000] {dag.py:3047} INFO - Sync 1 DAGs
[2024-04-03T22:42:32.290+0000] {logging_mixin.py:188} INFO - [2024-04-03T22:42:32.290+0000] {dag.py:3834} INFO - Setting next_dagrun for example_branch_labels to 2024-04-02 00:00:00+00:00, run_after=2024-04-03 00:00:00+00:00
[2024-04-03T22:42:32.305+0000] {processor.py:183} INFO - Processing /home/airflow/.local/lib/python3.8/site-packages/airflow/example_dags/example_branch_labels.py took 0.052 seconds
