[2024-04-03T22:25:00.366+0000] {processor.py:161} INFO - Started process (PID=91) to work on /home/airflow/.local/lib/python3.8/site-packages/airflow/example_dags/example_external_task_marker_dag.py
[2024-04-03T22:25:00.367+0000] {processor.py:830} INFO - Processing file /home/airflow/.local/lib/python3.8/site-packages/airflow/example_dags/example_external_task_marker_dag.py for tasks to queue
[2024-04-03T22:25:00.369+0000] {logging_mixin.py:188} INFO - [2024-04-03T22:25:00.369+0000] {dagbag.py:540} INFO - Filling up the DagBag from /home/airflow/.local/lib/python3.8/site-packages/airflow/example_dags/example_external_task_marker_dag.py
[2024-04-03T22:25:00.374+0000] {processor.py:840} INFO - DAG(s) 'example_external_task_marker_parent', 'example_external_task_marker_child' retrieved from /home/airflow/.local/lib/python3.8/site-packages/airflow/example_dags/example_external_task_marker_dag.py
[2024-04-03T22:25:00.384+0000] {logging_mixin.py:188} INFO - [2024-04-03T22:25:00.384+0000] {dag.py:3047} INFO - Sync 2 DAGs
[2024-04-03T22:25:00.394+0000] {logging_mixin.py:188} INFO - [2024-04-03T22:25:00.394+0000] {dag.py:3834} INFO - Setting next_dagrun for example_external_task_marker_child to None, run_after=None
[2024-04-03T22:25:00.398+0000] {logging_mixin.py:188} INFO - [2024-04-03T22:25:00.398+0000] {dag.py:3834} INFO - Setting next_dagrun for example_external_task_marker_parent to None, run_after=None
[2024-04-03T22:25:00.411+0000] {processor.py:183} INFO - Processing /home/airflow/.local/lib/python3.8/site-packages/airflow/example_dags/example_external_task_marker_dag.py took 0.048 seconds
[2024-04-03T22:25:30.823+0000] {processor.py:161} INFO - Started process (PID=146) to work on /home/airflow/.local/lib/python3.8/site-packages/airflow/example_dags/example_external_task_marker_dag.py
[2024-04-03T22:25:30.824+0000] {processor.py:830} INFO - Processing file /home/airflow/.local/lib/python3.8/site-packages/airflow/example_dags/example_external_task_marker_dag.py for tasks to queue
[2024-04-03T22:25:30.826+0000] {logging_mixin.py:188} INFO - [2024-04-03T22:25:30.826+0000] {dagbag.py:540} INFO - Filling up the DagBag from /home/airflow/.local/lib/python3.8/site-packages/airflow/example_dags/example_external_task_marker_dag.py
[2024-04-03T22:25:30.830+0000] {processor.py:840} INFO - DAG(s) 'example_external_task_marker_parent', 'example_external_task_marker_child' retrieved from /home/airflow/.local/lib/python3.8/site-packages/airflow/example_dags/example_external_task_marker_dag.py
[2024-04-03T22:25:30.906+0000] {logging_mixin.py:188} INFO - [2024-04-03T22:25:30.906+0000] {dag.py:3047} INFO - Sync 2 DAGs
[2024-04-03T22:25:30.913+0000] {logging_mixin.py:188} INFO - [2024-04-03T22:25:30.913+0000] {dag.py:3834} INFO - Setting next_dagrun for example_external_task_marker_child to None, run_after=None
[2024-04-03T22:25:30.916+0000] {logging_mixin.py:188} INFO - [2024-04-03T22:25:30.916+0000] {dag.py:3834} INFO - Setting next_dagrun for example_external_task_marker_parent to None, run_after=None
[2024-04-03T22:25:30.929+0000] {processor.py:183} INFO - Processing /home/airflow/.local/lib/python3.8/site-packages/airflow/example_dags/example_external_task_marker_dag.py took 0.108 seconds
[2024-04-03T22:26:01.604+0000] {processor.py:161} INFO - Started process (PID=201) to work on /home/airflow/.local/lib/python3.8/site-packages/airflow/example_dags/example_external_task_marker_dag.py
[2024-04-03T22:26:01.605+0000] {processor.py:830} INFO - Processing file /home/airflow/.local/lib/python3.8/site-packages/airflow/example_dags/example_external_task_marker_dag.py for tasks to queue
[2024-04-03T22:26:01.607+0000] {logging_mixin.py:188} INFO - [2024-04-03T22:26:01.607+0000] {dagbag.py:540} INFO - Filling up the DagBag from /home/airflow/.local/lib/python3.8/site-packages/airflow/example_dags/example_external_task_marker_dag.py
[2024-04-03T22:26:01.611+0000] {processor.py:840} INFO - DAG(s) 'example_external_task_marker_child', 'example_external_task_marker_parent' retrieved from /home/airflow/.local/lib/python3.8/site-packages/airflow/example_dags/example_external_task_marker_dag.py
[2024-04-03T22:26:01.629+0000] {logging_mixin.py:188} INFO - [2024-04-03T22:26:01.629+0000] {dag.py:3047} INFO - Sync 2 DAGs
[2024-04-03T22:26:01.638+0000] {logging_mixin.py:188} INFO - [2024-04-03T22:26:01.638+0000] {dag.py:3834} INFO - Setting next_dagrun for example_external_task_marker_child to None, run_after=None
[2024-04-03T22:26:01.641+0000] {logging_mixin.py:188} INFO - [2024-04-03T22:26:01.641+0000] {dag.py:3834} INFO - Setting next_dagrun for example_external_task_marker_parent to None, run_after=None
[2024-04-03T22:26:01.654+0000] {processor.py:183} INFO - Processing /home/airflow/.local/lib/python3.8/site-packages/airflow/example_dags/example_external_task_marker_dag.py took 0.052 seconds
[2024-04-03T22:26:31.826+0000] {processor.py:161} INFO - Started process (PID=256) to work on /home/airflow/.local/lib/python3.8/site-packages/airflow/example_dags/example_external_task_marker_dag.py
[2024-04-03T22:26:31.827+0000] {processor.py:830} INFO - Processing file /home/airflow/.local/lib/python3.8/site-packages/airflow/example_dags/example_external_task_marker_dag.py for tasks to queue
[2024-04-03T22:26:31.829+0000] {logging_mixin.py:188} INFO - [2024-04-03T22:26:31.828+0000] {dagbag.py:540} INFO - Filling up the DagBag from /home/airflow/.local/lib/python3.8/site-packages/airflow/example_dags/example_external_task_marker_dag.py
[2024-04-03T22:26:31.835+0000] {processor.py:840} INFO - DAG(s) 'example_external_task_marker_parent', 'example_external_task_marker_child' retrieved from /home/airflow/.local/lib/python3.8/site-packages/airflow/example_dags/example_external_task_marker_dag.py
[2024-04-03T22:26:31.856+0000] {logging_mixin.py:188} INFO - [2024-04-03T22:26:31.855+0000] {dag.py:3047} INFO - Sync 2 DAGs
[2024-04-03T22:26:31.867+0000] {logging_mixin.py:188} INFO - [2024-04-03T22:26:31.867+0000] {dag.py:3834} INFO - Setting next_dagrun for example_external_task_marker_child to None, run_after=None
[2024-04-03T22:26:31.870+0000] {logging_mixin.py:188} INFO - [2024-04-03T22:26:31.870+0000] {dag.py:3834} INFO - Setting next_dagrun for example_external_task_marker_parent to None, run_after=None
[2024-04-03T22:26:31.883+0000] {processor.py:183} INFO - Processing /home/airflow/.local/lib/python3.8/site-packages/airflow/example_dags/example_external_task_marker_dag.py took 0.061 seconds
[2024-04-03T22:27:02.064+0000] {processor.py:161} INFO - Started process (PID=311) to work on /home/airflow/.local/lib/python3.8/site-packages/airflow/example_dags/example_external_task_marker_dag.py
[2024-04-03T22:27:02.065+0000] {processor.py:830} INFO - Processing file /home/airflow/.local/lib/python3.8/site-packages/airflow/example_dags/example_external_task_marker_dag.py for tasks to queue
[2024-04-03T22:27:02.067+0000] {logging_mixin.py:188} INFO - [2024-04-03T22:27:02.066+0000] {dagbag.py:540} INFO - Filling up the DagBag from /home/airflow/.local/lib/python3.8/site-packages/airflow/example_dags/example_external_task_marker_dag.py
[2024-04-03T22:27:02.071+0000] {processor.py:840} INFO - DAG(s) 'example_external_task_marker_child', 'example_external_task_marker_parent' retrieved from /home/airflow/.local/lib/python3.8/site-packages/airflow/example_dags/example_external_task_marker_dag.py
[2024-04-03T22:27:02.091+0000] {logging_mixin.py:188} INFO - [2024-04-03T22:27:02.091+0000] {dag.py:3047} INFO - Sync 2 DAGs
[2024-04-03T22:27:02.101+0000] {logging_mixin.py:188} INFO - [2024-04-03T22:27:02.100+0000] {dag.py:3834} INFO - Setting next_dagrun for example_external_task_marker_child to None, run_after=None
[2024-04-03T22:27:02.104+0000] {logging_mixin.py:188} INFO - [2024-04-03T22:27:02.104+0000] {dag.py:3834} INFO - Setting next_dagrun for example_external_task_marker_parent to None, run_after=None
[2024-04-03T22:27:02.117+0000] {processor.py:183} INFO - Processing /home/airflow/.local/lib/python3.8/site-packages/airflow/example_dags/example_external_task_marker_dag.py took 0.055 seconds
[2024-04-03T22:27:32.515+0000] {processor.py:161} INFO - Started process (PID=366) to work on /home/airflow/.local/lib/python3.8/site-packages/airflow/example_dags/example_external_task_marker_dag.py
[2024-04-03T22:27:32.516+0000] {processor.py:830} INFO - Processing file /home/airflow/.local/lib/python3.8/site-packages/airflow/example_dags/example_external_task_marker_dag.py for tasks to queue
[2024-04-03T22:27:32.518+0000] {logging_mixin.py:188} INFO - [2024-04-03T22:27:32.518+0000] {dagbag.py:540} INFO - Filling up the DagBag from /home/airflow/.local/lib/python3.8/site-packages/airflow/example_dags/example_external_task_marker_dag.py
[2024-04-03T22:27:32.523+0000] {processor.py:840} INFO - DAG(s) 'example_external_task_marker_child', 'example_external_task_marker_parent' retrieved from /home/airflow/.local/lib/python3.8/site-packages/airflow/example_dags/example_external_task_marker_dag.py
[2024-04-03T22:27:32.541+0000] {logging_mixin.py:188} INFO - [2024-04-03T22:27:32.540+0000] {dag.py:3047} INFO - Sync 2 DAGs
[2024-04-03T22:27:32.551+0000] {logging_mixin.py:188} INFO - [2024-04-03T22:27:32.551+0000] {dag.py:3834} INFO - Setting next_dagrun for example_external_task_marker_child to None, run_after=None
[2024-04-03T22:27:32.554+0000] {logging_mixin.py:188} INFO - [2024-04-03T22:27:32.554+0000] {dag.py:3834} INFO - Setting next_dagrun for example_external_task_marker_parent to None, run_after=None
[2024-04-03T22:27:32.567+0000] {processor.py:183} INFO - Processing /home/airflow/.local/lib/python3.8/site-packages/airflow/example_dags/example_external_task_marker_dag.py took 0.054 seconds
[2024-04-03T22:28:02.753+0000] {processor.py:161} INFO - Started process (PID=421) to work on /home/airflow/.local/lib/python3.8/site-packages/airflow/example_dags/example_external_task_marker_dag.py
[2024-04-03T22:28:02.755+0000] {processor.py:830} INFO - Processing file /home/airflow/.local/lib/python3.8/site-packages/airflow/example_dags/example_external_task_marker_dag.py for tasks to queue
[2024-04-03T22:28:02.756+0000] {logging_mixin.py:188} INFO - [2024-04-03T22:28:02.756+0000] {dagbag.py:540} INFO - Filling up the DagBag from /home/airflow/.local/lib/python3.8/site-packages/airflow/example_dags/example_external_task_marker_dag.py
[2024-04-03T22:28:02.761+0000] {processor.py:840} INFO - DAG(s) 'example_external_task_marker_child', 'example_external_task_marker_parent' retrieved from /home/airflow/.local/lib/python3.8/site-packages/airflow/example_dags/example_external_task_marker_dag.py
[2024-04-03T22:28:02.778+0000] {logging_mixin.py:188} INFO - [2024-04-03T22:28:02.778+0000] {dag.py:3047} INFO - Sync 2 DAGs
[2024-04-03T22:28:02.787+0000] {logging_mixin.py:188} INFO - [2024-04-03T22:28:02.787+0000] {dag.py:3834} INFO - Setting next_dagrun for example_external_task_marker_child to None, run_after=None
[2024-04-03T22:28:02.790+0000] {logging_mixin.py:188} INFO - [2024-04-03T22:28:02.790+0000] {dag.py:3834} INFO - Setting next_dagrun for example_external_task_marker_parent to None, run_after=None
[2024-04-03T22:28:02.803+0000] {processor.py:183} INFO - Processing /home/airflow/.local/lib/python3.8/site-packages/airflow/example_dags/example_external_task_marker_dag.py took 0.052 seconds
[2024-04-03T22:28:33.329+0000] {processor.py:161} INFO - Started process (PID=476) to work on /home/airflow/.local/lib/python3.8/site-packages/airflow/example_dags/example_external_task_marker_dag.py
[2024-04-03T22:28:33.330+0000] {processor.py:830} INFO - Processing file /home/airflow/.local/lib/python3.8/site-packages/airflow/example_dags/example_external_task_marker_dag.py for tasks to queue
[2024-04-03T22:28:33.332+0000] {logging_mixin.py:188} INFO - [2024-04-03T22:28:33.331+0000] {dagbag.py:540} INFO - Filling up the DagBag from /home/airflow/.local/lib/python3.8/site-packages/airflow/example_dags/example_external_task_marker_dag.py
[2024-04-03T22:28:33.337+0000] {processor.py:840} INFO - DAG(s) 'example_external_task_marker_parent', 'example_external_task_marker_child' retrieved from /home/airflow/.local/lib/python3.8/site-packages/airflow/example_dags/example_external_task_marker_dag.py
[2024-04-03T22:28:33.354+0000] {logging_mixin.py:188} INFO - [2024-04-03T22:28:33.354+0000] {dag.py:3047} INFO - Sync 2 DAGs
[2024-04-03T22:28:33.364+0000] {logging_mixin.py:188} INFO - [2024-04-03T22:28:33.364+0000] {dag.py:3834} INFO - Setting next_dagrun for example_external_task_marker_child to None, run_after=None
[2024-04-03T22:28:33.367+0000] {logging_mixin.py:188} INFO - [2024-04-03T22:28:33.367+0000] {dag.py:3834} INFO - Setting next_dagrun for example_external_task_marker_parent to None, run_after=None
[2024-04-03T22:28:33.380+0000] {processor.py:183} INFO - Processing /home/airflow/.local/lib/python3.8/site-packages/airflow/example_dags/example_external_task_marker_dag.py took 0.054 seconds
[2024-04-03T22:29:03.683+0000] {processor.py:161} INFO - Started process (PID=531) to work on /home/airflow/.local/lib/python3.8/site-packages/airflow/example_dags/example_external_task_marker_dag.py
[2024-04-03T22:29:03.685+0000] {processor.py:830} INFO - Processing file /home/airflow/.local/lib/python3.8/site-packages/airflow/example_dags/example_external_task_marker_dag.py for tasks to queue
[2024-04-03T22:29:03.686+0000] {logging_mixin.py:188} INFO - [2024-04-03T22:29:03.686+0000] {dagbag.py:540} INFO - Filling up the DagBag from /home/airflow/.local/lib/python3.8/site-packages/airflow/example_dags/example_external_task_marker_dag.py
[2024-04-03T22:29:03.690+0000] {processor.py:840} INFO - DAG(s) 'example_external_task_marker_child', 'example_external_task_marker_parent' retrieved from /home/airflow/.local/lib/python3.8/site-packages/airflow/example_dags/example_external_task_marker_dag.py
[2024-04-03T22:29:03.709+0000] {logging_mixin.py:188} INFO - [2024-04-03T22:29:03.709+0000] {dag.py:3047} INFO - Sync 2 DAGs
[2024-04-03T22:29:03.718+0000] {logging_mixin.py:188} INFO - [2024-04-03T22:29:03.718+0000] {dag.py:3834} INFO - Setting next_dagrun for example_external_task_marker_child to None, run_after=None
[2024-04-03T22:29:03.721+0000] {logging_mixin.py:188} INFO - [2024-04-03T22:29:03.721+0000] {dag.py:3834} INFO - Setting next_dagrun for example_external_task_marker_parent to None, run_after=None
[2024-04-03T22:29:03.735+0000] {processor.py:183} INFO - Processing /home/airflow/.local/lib/python3.8/site-packages/airflow/example_dags/example_external_task_marker_dag.py took 0.054 seconds
[2024-04-03T22:29:33.862+0000] {processor.py:161} INFO - Started process (PID=586) to work on /home/airflow/.local/lib/python3.8/site-packages/airflow/example_dags/example_external_task_marker_dag.py
[2024-04-03T22:29:33.863+0000] {processor.py:830} INFO - Processing file /home/airflow/.local/lib/python3.8/site-packages/airflow/example_dags/example_external_task_marker_dag.py for tasks to queue
[2024-04-03T22:29:33.865+0000] {logging_mixin.py:188} INFO - [2024-04-03T22:29:33.864+0000] {dagbag.py:540} INFO - Filling up the DagBag from /home/airflow/.local/lib/python3.8/site-packages/airflow/example_dags/example_external_task_marker_dag.py
[2024-04-03T22:29:33.869+0000] {processor.py:840} INFO - DAG(s) 'example_external_task_marker_child', 'example_external_task_marker_parent' retrieved from /home/airflow/.local/lib/python3.8/site-packages/airflow/example_dags/example_external_task_marker_dag.py
[2024-04-03T22:29:33.884+0000] {logging_mixin.py:188} INFO - [2024-04-03T22:29:33.884+0000] {dag.py:3047} INFO - Sync 2 DAGs
[2024-04-03T22:29:33.892+0000] {logging_mixin.py:188} INFO - [2024-04-03T22:29:33.892+0000] {dag.py:3834} INFO - Setting next_dagrun for example_external_task_marker_child to None, run_after=None
[2024-04-03T22:29:33.896+0000] {logging_mixin.py:188} INFO - [2024-04-03T22:29:33.896+0000] {dag.py:3834} INFO - Setting next_dagrun for example_external_task_marker_parent to None, run_after=None
[2024-04-03T22:29:33.910+0000] {processor.py:183} INFO - Processing /home/airflow/.local/lib/python3.8/site-packages/airflow/example_dags/example_external_task_marker_dag.py took 0.050 seconds
[2024-04-03T22:30:04.434+0000] {processor.py:161} INFO - Started process (PID=641) to work on /home/airflow/.local/lib/python3.8/site-packages/airflow/example_dags/example_external_task_marker_dag.py
[2024-04-03T22:30:04.435+0000] {processor.py:830} INFO - Processing file /home/airflow/.local/lib/python3.8/site-packages/airflow/example_dags/example_external_task_marker_dag.py for tasks to queue
[2024-04-03T22:30:04.436+0000] {logging_mixin.py:188} INFO - [2024-04-03T22:30:04.436+0000] {dagbag.py:540} INFO - Filling up the DagBag from /home/airflow/.local/lib/python3.8/site-packages/airflow/example_dags/example_external_task_marker_dag.py
[2024-04-03T22:30:04.441+0000] {processor.py:840} INFO - DAG(s) 'example_external_task_marker_child', 'example_external_task_marker_parent' retrieved from /home/airflow/.local/lib/python3.8/site-packages/airflow/example_dags/example_external_task_marker_dag.py
[2024-04-03T22:30:04.458+0000] {logging_mixin.py:188} INFO - [2024-04-03T22:30:04.458+0000] {dag.py:3047} INFO - Sync 2 DAGs
[2024-04-03T22:30:04.468+0000] {logging_mixin.py:188} INFO - [2024-04-03T22:30:04.468+0000] {dag.py:3834} INFO - Setting next_dagrun for example_external_task_marker_child to None, run_after=None
[2024-04-03T22:30:04.471+0000] {logging_mixin.py:188} INFO - [2024-04-03T22:30:04.471+0000] {dag.py:3834} INFO - Setting next_dagrun for example_external_task_marker_parent to None, run_after=None
[2024-04-03T22:30:04.485+0000] {processor.py:183} INFO - Processing /home/airflow/.local/lib/python3.8/site-packages/airflow/example_dags/example_external_task_marker_dag.py took 0.053 seconds
[2024-04-03T22:30:34.710+0000] {processor.py:161} INFO - Started process (PID=696) to work on /home/airflow/.local/lib/python3.8/site-packages/airflow/example_dags/example_external_task_marker_dag.py
[2024-04-03T22:30:34.711+0000] {processor.py:830} INFO - Processing file /home/airflow/.local/lib/python3.8/site-packages/airflow/example_dags/example_external_task_marker_dag.py for tasks to queue
[2024-04-03T22:30:34.713+0000] {logging_mixin.py:188} INFO - [2024-04-03T22:30:34.712+0000] {dagbag.py:540} INFO - Filling up the DagBag from /home/airflow/.local/lib/python3.8/site-packages/airflow/example_dags/example_external_task_marker_dag.py
[2024-04-03T22:30:34.717+0000] {processor.py:840} INFO - DAG(s) 'example_external_task_marker_child', 'example_external_task_marker_parent' retrieved from /home/airflow/.local/lib/python3.8/site-packages/airflow/example_dags/example_external_task_marker_dag.py
[2024-04-03T22:30:34.732+0000] {logging_mixin.py:188} INFO - [2024-04-03T22:30:34.732+0000] {dag.py:3047} INFO - Sync 2 DAGs
[2024-04-03T22:30:34.740+0000] {logging_mixin.py:188} INFO - [2024-04-03T22:30:34.740+0000] {dag.py:3834} INFO - Setting next_dagrun for example_external_task_marker_child to None, run_after=None
[2024-04-03T22:30:34.742+0000] {logging_mixin.py:188} INFO - [2024-04-03T22:30:34.742+0000] {dag.py:3834} INFO - Setting next_dagrun for example_external_task_marker_parent to None, run_after=None
[2024-04-03T22:30:34.754+0000] {processor.py:183} INFO - Processing /home/airflow/.local/lib/python3.8/site-packages/airflow/example_dags/example_external_task_marker_dag.py took 0.046 seconds
[2024-04-03T22:31:05.389+0000] {processor.py:161} INFO - Started process (PID=751) to work on /home/airflow/.local/lib/python3.8/site-packages/airflow/example_dags/example_external_task_marker_dag.py
[2024-04-03T22:31:05.390+0000] {processor.py:830} INFO - Processing file /home/airflow/.local/lib/python3.8/site-packages/airflow/example_dags/example_external_task_marker_dag.py for tasks to queue
[2024-04-03T22:31:05.392+0000] {logging_mixin.py:188} INFO - [2024-04-03T22:31:05.392+0000] {dagbag.py:540} INFO - Filling up the DagBag from /home/airflow/.local/lib/python3.8/site-packages/airflow/example_dags/example_external_task_marker_dag.py
[2024-04-03T22:31:05.396+0000] {processor.py:840} INFO - DAG(s) 'example_external_task_marker_child', 'example_external_task_marker_parent' retrieved from /home/airflow/.local/lib/python3.8/site-packages/airflow/example_dags/example_external_task_marker_dag.py
[2024-04-03T22:31:05.416+0000] {logging_mixin.py:188} INFO - [2024-04-03T22:31:05.416+0000] {dag.py:3047} INFO - Sync 2 DAGs
[2024-04-03T22:31:05.426+0000] {logging_mixin.py:188} INFO - [2024-04-03T22:31:05.426+0000] {dag.py:3834} INFO - Setting next_dagrun for example_external_task_marker_child to None, run_after=None
[2024-04-03T22:31:05.430+0000] {logging_mixin.py:188} INFO - [2024-04-03T22:31:05.429+0000] {dag.py:3834} INFO - Setting next_dagrun for example_external_task_marker_parent to None, run_after=None
[2024-04-03T22:31:05.444+0000] {processor.py:183} INFO - Processing /home/airflow/.local/lib/python3.8/site-packages/airflow/example_dags/example_external_task_marker_dag.py took 0.058 seconds
[2024-04-03T22:31:35.615+0000] {processor.py:161} INFO - Started process (PID=806) to work on /home/airflow/.local/lib/python3.8/site-packages/airflow/example_dags/example_external_task_marker_dag.py
[2024-04-03T22:31:35.616+0000] {processor.py:830} INFO - Processing file /home/airflow/.local/lib/python3.8/site-packages/airflow/example_dags/example_external_task_marker_dag.py for tasks to queue
[2024-04-03T22:31:35.618+0000] {logging_mixin.py:188} INFO - [2024-04-03T22:31:35.618+0000] {dagbag.py:540} INFO - Filling up the DagBag from /home/airflow/.local/lib/python3.8/site-packages/airflow/example_dags/example_external_task_marker_dag.py
[2024-04-03T22:31:35.622+0000] {processor.py:840} INFO - DAG(s) 'example_external_task_marker_parent', 'example_external_task_marker_child' retrieved from /home/airflow/.local/lib/python3.8/site-packages/airflow/example_dags/example_external_task_marker_dag.py
[2024-04-03T22:31:35.638+0000] {logging_mixin.py:188} INFO - [2024-04-03T22:31:35.637+0000] {dag.py:3047} INFO - Sync 2 DAGs
[2024-04-03T22:31:35.646+0000] {logging_mixin.py:188} INFO - [2024-04-03T22:31:35.646+0000] {dag.py:3834} INFO - Setting next_dagrun for example_external_task_marker_child to None, run_after=None
[2024-04-03T22:31:35.649+0000] {logging_mixin.py:188} INFO - [2024-04-03T22:31:35.649+0000] {dag.py:3834} INFO - Setting next_dagrun for example_external_task_marker_parent to None, run_after=None
[2024-04-03T22:31:35.660+0000] {processor.py:183} INFO - Processing /home/airflow/.local/lib/python3.8/site-packages/airflow/example_dags/example_external_task_marker_dag.py took 0.046 seconds
[2024-04-03T22:32:55.769+0000] {processor.py:161} INFO - Started process (PID=91) to work on /home/airflow/.local/lib/python3.8/site-packages/airflow/example_dags/example_external_task_marker_dag.py
[2024-04-03T22:32:55.770+0000] {processor.py:830} INFO - Processing file /home/airflow/.local/lib/python3.8/site-packages/airflow/example_dags/example_external_task_marker_dag.py for tasks to queue
[2024-04-03T22:32:55.771+0000] {logging_mixin.py:188} INFO - [2024-04-03T22:32:55.771+0000] {dagbag.py:540} INFO - Filling up the DagBag from /home/airflow/.local/lib/python3.8/site-packages/airflow/example_dags/example_external_task_marker_dag.py
[2024-04-03T22:32:55.776+0000] {processor.py:840} INFO - DAG(s) 'example_external_task_marker_child', 'example_external_task_marker_parent' retrieved from /home/airflow/.local/lib/python3.8/site-packages/airflow/example_dags/example_external_task_marker_dag.py
[2024-04-03T22:32:55.785+0000] {logging_mixin.py:188} INFO - [2024-04-03T22:32:55.784+0000] {dag.py:3047} INFO - Sync 2 DAGs
[2024-04-03T22:32:55.793+0000] {logging_mixin.py:188} INFO - [2024-04-03T22:32:55.793+0000] {dag.py:3834} INFO - Setting next_dagrun for example_external_task_marker_child to None, run_after=None
[2024-04-03T22:32:55.796+0000] {logging_mixin.py:188} INFO - [2024-04-03T22:32:55.796+0000] {dag.py:3834} INFO - Setting next_dagrun for example_external_task_marker_parent to None, run_after=None
[2024-04-03T22:32:55.808+0000] {processor.py:183} INFO - Processing /home/airflow/.local/lib/python3.8/site-packages/airflow/example_dags/example_external_task_marker_dag.py took 0.041 seconds
[2024-04-03T22:33:27.242+0000] {processor.py:161} INFO - Started process (PID=146) to work on /home/airflow/.local/lib/python3.8/site-packages/airflow/example_dags/example_external_task_marker_dag.py
[2024-04-03T22:33:27.243+0000] {processor.py:830} INFO - Processing file /home/airflow/.local/lib/python3.8/site-packages/airflow/example_dags/example_external_task_marker_dag.py for tasks to queue
[2024-04-03T22:33:27.245+0000] {logging_mixin.py:188} INFO - [2024-04-03T22:33:27.244+0000] {dagbag.py:540} INFO - Filling up the DagBag from /home/airflow/.local/lib/python3.8/site-packages/airflow/example_dags/example_external_task_marker_dag.py
[2024-04-03T22:33:27.249+0000] {processor.py:840} INFO - DAG(s) 'example_external_task_marker_child', 'example_external_task_marker_parent' retrieved from /home/airflow/.local/lib/python3.8/site-packages/airflow/example_dags/example_external_task_marker_dag.py
[2024-04-03T22:33:27.319+0000] {logging_mixin.py:188} INFO - [2024-04-03T22:33:27.319+0000] {dag.py:3047} INFO - Sync 2 DAGs
[2024-04-03T22:33:27.327+0000] {logging_mixin.py:188} INFO - [2024-04-03T22:33:27.326+0000] {dag.py:3834} INFO - Setting next_dagrun for example_external_task_marker_child to None, run_after=None
[2024-04-03T22:33:27.329+0000] {logging_mixin.py:188} INFO - [2024-04-03T22:33:27.329+0000] {dag.py:3834} INFO - Setting next_dagrun for example_external_task_marker_parent to None, run_after=None
[2024-04-03T22:33:27.341+0000] {processor.py:183} INFO - Processing /home/airflow/.local/lib/python3.8/site-packages/airflow/example_dags/example_external_task_marker_dag.py took 0.101 seconds
[2024-04-03T22:33:58.085+0000] {processor.py:161} INFO - Started process (PID=201) to work on /home/airflow/.local/lib/python3.8/site-packages/airflow/example_dags/example_external_task_marker_dag.py
[2024-04-03T22:33:58.086+0000] {processor.py:830} INFO - Processing file /home/airflow/.local/lib/python3.8/site-packages/airflow/example_dags/example_external_task_marker_dag.py for tasks to queue
[2024-04-03T22:33:58.088+0000] {logging_mixin.py:188} INFO - [2024-04-03T22:33:58.088+0000] {dagbag.py:540} INFO - Filling up the DagBag from /home/airflow/.local/lib/python3.8/site-packages/airflow/example_dags/example_external_task_marker_dag.py
[2024-04-03T22:33:58.093+0000] {processor.py:840} INFO - DAG(s) 'example_external_task_marker_parent', 'example_external_task_marker_child' retrieved from /home/airflow/.local/lib/python3.8/site-packages/airflow/example_dags/example_external_task_marker_dag.py
[2024-04-03T22:33:58.110+0000] {logging_mixin.py:188} INFO - [2024-04-03T22:33:58.110+0000] {dag.py:3047} INFO - Sync 2 DAGs
[2024-04-03T22:33:58.120+0000] {logging_mixin.py:188} INFO - [2024-04-03T22:33:58.119+0000] {dag.py:3834} INFO - Setting next_dagrun for example_external_task_marker_child to None, run_after=None
[2024-04-03T22:33:58.123+0000] {logging_mixin.py:188} INFO - [2024-04-03T22:33:58.122+0000] {dag.py:3834} INFO - Setting next_dagrun for example_external_task_marker_parent to None, run_after=None
[2024-04-03T22:33:58.136+0000] {processor.py:183} INFO - Processing /home/airflow/.local/lib/python3.8/site-packages/airflow/example_dags/example_external_task_marker_dag.py took 0.054 seconds
[2024-04-03T22:34:28.368+0000] {processor.py:161} INFO - Started process (PID=256) to work on /home/airflow/.local/lib/python3.8/site-packages/airflow/example_dags/example_external_task_marker_dag.py
[2024-04-03T22:34:28.369+0000] {processor.py:830} INFO - Processing file /home/airflow/.local/lib/python3.8/site-packages/airflow/example_dags/example_external_task_marker_dag.py for tasks to queue
[2024-04-03T22:34:28.370+0000] {logging_mixin.py:188} INFO - [2024-04-03T22:34:28.370+0000] {dagbag.py:540} INFO - Filling up the DagBag from /home/airflow/.local/lib/python3.8/site-packages/airflow/example_dags/example_external_task_marker_dag.py
[2024-04-03T22:34:28.374+0000] {processor.py:840} INFO - DAG(s) 'example_external_task_marker_child', 'example_external_task_marker_parent' retrieved from /home/airflow/.local/lib/python3.8/site-packages/airflow/example_dags/example_external_task_marker_dag.py
[2024-04-03T22:34:28.389+0000] {logging_mixin.py:188} INFO - [2024-04-03T22:34:28.389+0000] {dag.py:3047} INFO - Sync 2 DAGs
[2024-04-03T22:34:28.397+0000] {logging_mixin.py:188} INFO - [2024-04-03T22:34:28.397+0000] {dag.py:3834} INFO - Setting next_dagrun for example_external_task_marker_child to None, run_after=None
[2024-04-03T22:34:28.400+0000] {logging_mixin.py:188} INFO - [2024-04-03T22:34:28.400+0000] {dag.py:3834} INFO - Setting next_dagrun for example_external_task_marker_parent to None, run_after=None
[2024-04-03T22:34:28.414+0000] {processor.py:183} INFO - Processing /home/airflow/.local/lib/python3.8/site-packages/airflow/example_dags/example_external_task_marker_dag.py took 0.048 seconds
[2024-04-03T22:34:58.723+0000] {processor.py:161} INFO - Started process (PID=311) to work on /home/airflow/.local/lib/python3.8/site-packages/airflow/example_dags/example_external_task_marker_dag.py
[2024-04-03T22:34:58.724+0000] {processor.py:830} INFO - Processing file /home/airflow/.local/lib/python3.8/site-packages/airflow/example_dags/example_external_task_marker_dag.py for tasks to queue
[2024-04-03T22:34:58.726+0000] {logging_mixin.py:188} INFO - [2024-04-03T22:34:58.726+0000] {dagbag.py:540} INFO - Filling up the DagBag from /home/airflow/.local/lib/python3.8/site-packages/airflow/example_dags/example_external_task_marker_dag.py
[2024-04-03T22:34:58.730+0000] {processor.py:840} INFO - DAG(s) 'example_external_task_marker_child', 'example_external_task_marker_parent' retrieved from /home/airflow/.local/lib/python3.8/site-packages/airflow/example_dags/example_external_task_marker_dag.py
[2024-04-03T22:34:58.745+0000] {logging_mixin.py:188} INFO - [2024-04-03T22:34:58.745+0000] {dag.py:3047} INFO - Sync 2 DAGs
[2024-04-03T22:34:58.754+0000] {logging_mixin.py:188} INFO - [2024-04-03T22:34:58.754+0000] {dag.py:3834} INFO - Setting next_dagrun for example_external_task_marker_child to None, run_after=None
[2024-04-03T22:34:58.756+0000] {logging_mixin.py:188} INFO - [2024-04-03T22:34:58.756+0000] {dag.py:3834} INFO - Setting next_dagrun for example_external_task_marker_parent to None, run_after=None
[2024-04-03T22:34:58.770+0000] {processor.py:183} INFO - Processing /home/airflow/.local/lib/python3.8/site-packages/airflow/example_dags/example_external_task_marker_dag.py took 0.048 seconds
[2024-04-03T22:35:29.202+0000] {processor.py:161} INFO - Started process (PID=366) to work on /home/airflow/.local/lib/python3.8/site-packages/airflow/example_dags/example_external_task_marker_dag.py
[2024-04-03T22:35:29.203+0000] {processor.py:830} INFO - Processing file /home/airflow/.local/lib/python3.8/site-packages/airflow/example_dags/example_external_task_marker_dag.py for tasks to queue
[2024-04-03T22:35:29.204+0000] {logging_mixin.py:188} INFO - [2024-04-03T22:35:29.204+0000] {dagbag.py:540} INFO - Filling up the DagBag from /home/airflow/.local/lib/python3.8/site-packages/airflow/example_dags/example_external_task_marker_dag.py
[2024-04-03T22:35:29.208+0000] {processor.py:840} INFO - DAG(s) 'example_external_task_marker_parent', 'example_external_task_marker_child' retrieved from /home/airflow/.local/lib/python3.8/site-packages/airflow/example_dags/example_external_task_marker_dag.py
[2024-04-03T22:35:29.224+0000] {logging_mixin.py:188} INFO - [2024-04-03T22:35:29.224+0000] {dag.py:3047} INFO - Sync 2 DAGs
[2024-04-03T22:35:29.233+0000] {logging_mixin.py:188} INFO - [2024-04-03T22:35:29.233+0000] {dag.py:3834} INFO - Setting next_dagrun for example_external_task_marker_child to None, run_after=None
[2024-04-03T22:35:29.236+0000] {logging_mixin.py:188} INFO - [2024-04-03T22:35:29.236+0000] {dag.py:3834} INFO - Setting next_dagrun for example_external_task_marker_parent to None, run_after=None
[2024-04-03T22:35:29.248+0000] {processor.py:183} INFO - Processing /home/airflow/.local/lib/python3.8/site-packages/airflow/example_dags/example_external_task_marker_dag.py took 0.048 seconds
[2024-04-03T22:35:59.799+0000] {processor.py:161} INFO - Started process (PID=421) to work on /home/airflow/.local/lib/python3.8/site-packages/airflow/example_dags/example_external_task_marker_dag.py
[2024-04-03T22:35:59.801+0000] {processor.py:830} INFO - Processing file /home/airflow/.local/lib/python3.8/site-packages/airflow/example_dags/example_external_task_marker_dag.py for tasks to queue
[2024-04-03T22:35:59.803+0000] {logging_mixin.py:188} INFO - [2024-04-03T22:35:59.802+0000] {dagbag.py:540} INFO - Filling up the DagBag from /home/airflow/.local/lib/python3.8/site-packages/airflow/example_dags/example_external_task_marker_dag.py
[2024-04-03T22:35:59.807+0000] {processor.py:840} INFO - DAG(s) 'example_external_task_marker_child', 'example_external_task_marker_parent' retrieved from /home/airflow/.local/lib/python3.8/site-packages/airflow/example_dags/example_external_task_marker_dag.py
[2024-04-03T22:35:59.824+0000] {logging_mixin.py:188} INFO - [2024-04-03T22:35:59.823+0000] {dag.py:3047} INFO - Sync 2 DAGs
[2024-04-03T22:35:59.832+0000] {logging_mixin.py:188} INFO - [2024-04-03T22:35:59.832+0000] {dag.py:3834} INFO - Setting next_dagrun for example_external_task_marker_child to None, run_after=None
[2024-04-03T22:35:59.834+0000] {logging_mixin.py:188} INFO - [2024-04-03T22:35:59.834+0000] {dag.py:3834} INFO - Setting next_dagrun for example_external_task_marker_parent to None, run_after=None
[2024-04-03T22:35:59.846+0000] {processor.py:183} INFO - Processing /home/airflow/.local/lib/python3.8/site-packages/airflow/example_dags/example_external_task_marker_dag.py took 0.049 seconds
[2024-04-03T22:36:30.120+0000] {processor.py:161} INFO - Started process (PID=476) to work on /home/airflow/.local/lib/python3.8/site-packages/airflow/example_dags/example_external_task_marker_dag.py
[2024-04-03T22:36:30.120+0000] {processor.py:830} INFO - Processing file /home/airflow/.local/lib/python3.8/site-packages/airflow/example_dags/example_external_task_marker_dag.py for tasks to queue
[2024-04-03T22:36:30.122+0000] {logging_mixin.py:188} INFO - [2024-04-03T22:36:30.121+0000] {dagbag.py:540} INFO - Filling up the DagBag from /home/airflow/.local/lib/python3.8/site-packages/airflow/example_dags/example_external_task_marker_dag.py
[2024-04-03T22:36:30.126+0000] {processor.py:840} INFO - DAG(s) 'example_external_task_marker_child', 'example_external_task_marker_parent' retrieved from /home/airflow/.local/lib/python3.8/site-packages/airflow/example_dags/example_external_task_marker_dag.py
[2024-04-03T22:36:30.143+0000] {logging_mixin.py:188} INFO - [2024-04-03T22:36:30.142+0000] {dag.py:3047} INFO - Sync 2 DAGs
[2024-04-03T22:36:30.153+0000] {logging_mixin.py:188} INFO - [2024-04-03T22:36:30.153+0000] {dag.py:3834} INFO - Setting next_dagrun for example_external_task_marker_child to None, run_after=None
[2024-04-03T22:36:30.156+0000] {logging_mixin.py:188} INFO - [2024-04-03T22:36:30.155+0000] {dag.py:3834} INFO - Setting next_dagrun for example_external_task_marker_parent to None, run_after=None
[2024-04-03T22:36:30.169+0000] {processor.py:183} INFO - Processing /home/airflow/.local/lib/python3.8/site-packages/airflow/example_dags/example_external_task_marker_dag.py took 0.052 seconds
[2024-04-03T22:37:00.516+0000] {processor.py:161} INFO - Started process (PID=531) to work on /home/airflow/.local/lib/python3.8/site-packages/airflow/example_dags/example_external_task_marker_dag.py
[2024-04-03T22:37:00.517+0000] {processor.py:830} INFO - Processing file /home/airflow/.local/lib/python3.8/site-packages/airflow/example_dags/example_external_task_marker_dag.py for tasks to queue
[2024-04-03T22:37:00.518+0000] {logging_mixin.py:188} INFO - [2024-04-03T22:37:00.518+0000] {dagbag.py:540} INFO - Filling up the DagBag from /home/airflow/.local/lib/python3.8/site-packages/airflow/example_dags/example_external_task_marker_dag.py
[2024-04-03T22:37:00.524+0000] {processor.py:840} INFO - DAG(s) 'example_external_task_marker_parent', 'example_external_task_marker_child' retrieved from /home/airflow/.local/lib/python3.8/site-packages/airflow/example_dags/example_external_task_marker_dag.py
[2024-04-03T22:37:00.539+0000] {logging_mixin.py:188} INFO - [2024-04-03T22:37:00.539+0000] {dag.py:3047} INFO - Sync 2 DAGs
[2024-04-03T22:37:00.548+0000] {logging_mixin.py:188} INFO - [2024-04-03T22:37:00.548+0000] {dag.py:3834} INFO - Setting next_dagrun for example_external_task_marker_child to None, run_after=None
[2024-04-03T22:37:00.551+0000] {logging_mixin.py:188} INFO - [2024-04-03T22:37:00.550+0000] {dag.py:3834} INFO - Setting next_dagrun for example_external_task_marker_parent to None, run_after=None
[2024-04-03T22:37:00.563+0000] {processor.py:183} INFO - Processing /home/airflow/.local/lib/python3.8/site-packages/airflow/example_dags/example_external_task_marker_dag.py took 0.049 seconds
[2024-04-03T22:37:31.062+0000] {processor.py:161} INFO - Started process (PID=585) to work on /home/airflow/.local/lib/python3.8/site-packages/airflow/example_dags/example_external_task_marker_dag.py
[2024-04-03T22:37:31.063+0000] {processor.py:830} INFO - Processing file /home/airflow/.local/lib/python3.8/site-packages/airflow/example_dags/example_external_task_marker_dag.py for tasks to queue
[2024-04-03T22:37:31.064+0000] {logging_mixin.py:188} INFO - [2024-04-03T22:37:31.064+0000] {dagbag.py:540} INFO - Filling up the DagBag from /home/airflow/.local/lib/python3.8/site-packages/airflow/example_dags/example_external_task_marker_dag.py
[2024-04-03T22:37:31.068+0000] {processor.py:840} INFO - DAG(s) 'example_external_task_marker_parent', 'example_external_task_marker_child' retrieved from /home/airflow/.local/lib/python3.8/site-packages/airflow/example_dags/example_external_task_marker_dag.py
[2024-04-03T22:37:31.084+0000] {logging_mixin.py:188} INFO - [2024-04-03T22:37:31.084+0000] {dag.py:3047} INFO - Sync 2 DAGs
[2024-04-03T22:37:31.093+0000] {logging_mixin.py:188} INFO - [2024-04-03T22:37:31.093+0000] {dag.py:3834} INFO - Setting next_dagrun for example_external_task_marker_child to None, run_after=None
[2024-04-03T22:37:31.096+0000] {logging_mixin.py:188} INFO - [2024-04-03T22:37:31.096+0000] {dag.py:3834} INFO - Setting next_dagrun for example_external_task_marker_parent to None, run_after=None
[2024-04-03T22:37:31.110+0000] {processor.py:183} INFO - Processing /home/airflow/.local/lib/python3.8/site-packages/airflow/example_dags/example_external_task_marker_dag.py took 0.050 seconds
[2024-04-03T22:38:01.476+0000] {processor.py:161} INFO - Started process (PID=641) to work on /home/airflow/.local/lib/python3.8/site-packages/airflow/example_dags/example_external_task_marker_dag.py
[2024-04-03T22:38:01.477+0000] {processor.py:830} INFO - Processing file /home/airflow/.local/lib/python3.8/site-packages/airflow/example_dags/example_external_task_marker_dag.py for tasks to queue
[2024-04-03T22:38:01.479+0000] {logging_mixin.py:188} INFO - [2024-04-03T22:38:01.478+0000] {dagbag.py:540} INFO - Filling up the DagBag from /home/airflow/.local/lib/python3.8/site-packages/airflow/example_dags/example_external_task_marker_dag.py
[2024-04-03T22:38:01.483+0000] {processor.py:840} INFO - DAG(s) 'example_external_task_marker_child', 'example_external_task_marker_parent' retrieved from /home/airflow/.local/lib/python3.8/site-packages/airflow/example_dags/example_external_task_marker_dag.py
[2024-04-03T22:38:01.498+0000] {logging_mixin.py:188} INFO - [2024-04-03T22:38:01.498+0000] {dag.py:3047} INFO - Sync 2 DAGs
[2024-04-03T22:38:01.507+0000] {logging_mixin.py:188} INFO - [2024-04-03T22:38:01.506+0000] {dag.py:3834} INFO - Setting next_dagrun for example_external_task_marker_child to None, run_after=None
[2024-04-03T22:38:01.509+0000] {logging_mixin.py:188} INFO - [2024-04-03T22:38:01.509+0000] {dag.py:3834} INFO - Setting next_dagrun for example_external_task_marker_parent to None, run_after=None
[2024-04-03T22:38:01.520+0000] {processor.py:183} INFO - Processing /home/airflow/.local/lib/python3.8/site-packages/airflow/example_dags/example_external_task_marker_dag.py took 0.046 seconds
[2024-04-03T22:38:31.813+0000] {processor.py:161} INFO - Started process (PID=696) to work on /home/airflow/.local/lib/python3.8/site-packages/airflow/example_dags/example_external_task_marker_dag.py
[2024-04-03T22:38:31.814+0000] {processor.py:830} INFO - Processing file /home/airflow/.local/lib/python3.8/site-packages/airflow/example_dags/example_external_task_marker_dag.py for tasks to queue
[2024-04-03T22:38:31.816+0000] {logging_mixin.py:188} INFO - [2024-04-03T22:38:31.816+0000] {dagbag.py:540} INFO - Filling up the DagBag from /home/airflow/.local/lib/python3.8/site-packages/airflow/example_dags/example_external_task_marker_dag.py
[2024-04-03T22:38:31.820+0000] {processor.py:840} INFO - DAG(s) 'example_external_task_marker_child', 'example_external_task_marker_parent' retrieved from /home/airflow/.local/lib/python3.8/site-packages/airflow/example_dags/example_external_task_marker_dag.py
[2024-04-03T22:38:31.838+0000] {logging_mixin.py:188} INFO - [2024-04-03T22:38:31.838+0000] {dag.py:3047} INFO - Sync 2 DAGs
[2024-04-03T22:38:31.847+0000] {logging_mixin.py:188} INFO - [2024-04-03T22:38:31.846+0000] {dag.py:3834} INFO - Setting next_dagrun for example_external_task_marker_child to None, run_after=None
[2024-04-03T22:38:31.850+0000] {logging_mixin.py:188} INFO - [2024-04-03T22:38:31.849+0000] {dag.py:3834} INFO - Setting next_dagrun for example_external_task_marker_parent to None, run_after=None
[2024-04-03T22:38:31.862+0000] {processor.py:183} INFO - Processing /home/airflow/.local/lib/python3.8/site-packages/airflow/example_dags/example_external_task_marker_dag.py took 0.051 seconds
[2024-04-03T22:39:01.904+0000] {processor.py:161} INFO - Started process (PID=751) to work on /home/airflow/.local/lib/python3.8/site-packages/airflow/example_dags/example_external_task_marker_dag.py
[2024-04-03T22:39:01.905+0000] {processor.py:830} INFO - Processing file /home/airflow/.local/lib/python3.8/site-packages/airflow/example_dags/example_external_task_marker_dag.py for tasks to queue
[2024-04-03T22:39:01.906+0000] {logging_mixin.py:188} INFO - [2024-04-03T22:39:01.906+0000] {dagbag.py:540} INFO - Filling up the DagBag from /home/airflow/.local/lib/python3.8/site-packages/airflow/example_dags/example_external_task_marker_dag.py
[2024-04-03T22:39:01.910+0000] {processor.py:840} INFO - DAG(s) 'example_external_task_marker_child', 'example_external_task_marker_parent' retrieved from /home/airflow/.local/lib/python3.8/site-packages/airflow/example_dags/example_external_task_marker_dag.py
[2024-04-03T22:39:01.926+0000] {logging_mixin.py:188} INFO - [2024-04-03T22:39:01.926+0000] {dag.py:3047} INFO - Sync 2 DAGs
[2024-04-03T22:39:01.935+0000] {logging_mixin.py:188} INFO - [2024-04-03T22:39:01.935+0000] {dag.py:3834} INFO - Setting next_dagrun for example_external_task_marker_child to None, run_after=None
[2024-04-03T22:39:01.939+0000] {logging_mixin.py:188} INFO - [2024-04-03T22:39:01.939+0000] {dag.py:3834} INFO - Setting next_dagrun for example_external_task_marker_parent to None, run_after=None
[2024-04-03T22:39:01.952+0000] {processor.py:183} INFO - Processing /home/airflow/.local/lib/python3.8/site-packages/airflow/example_dags/example_external_task_marker_dag.py took 0.050 seconds
[2024-04-03T22:39:32.248+0000] {processor.py:161} INFO - Started process (PID=805) to work on /home/airflow/.local/lib/python3.8/site-packages/airflow/example_dags/example_external_task_marker_dag.py
[2024-04-03T22:39:32.249+0000] {processor.py:830} INFO - Processing file /home/airflow/.local/lib/python3.8/site-packages/airflow/example_dags/example_external_task_marker_dag.py for tasks to queue
[2024-04-03T22:39:32.251+0000] {logging_mixin.py:188} INFO - [2024-04-03T22:39:32.250+0000] {dagbag.py:540} INFO - Filling up the DagBag from /home/airflow/.local/lib/python3.8/site-packages/airflow/example_dags/example_external_task_marker_dag.py
[2024-04-03T22:39:32.255+0000] {processor.py:840} INFO - DAG(s) 'example_external_task_marker_parent', 'example_external_task_marker_child' retrieved from /home/airflow/.local/lib/python3.8/site-packages/airflow/example_dags/example_external_task_marker_dag.py
[2024-04-03T22:39:32.272+0000] {logging_mixin.py:188} INFO - [2024-04-03T22:39:32.272+0000] {dag.py:3047} INFO - Sync 2 DAGs
[2024-04-03T22:39:32.280+0000] {logging_mixin.py:188} INFO - [2024-04-03T22:39:32.280+0000] {dag.py:3834} INFO - Setting next_dagrun for example_external_task_marker_child to None, run_after=None
[2024-04-03T22:39:32.283+0000] {logging_mixin.py:188} INFO - [2024-04-03T22:39:32.283+0000] {dag.py:3834} INFO - Setting next_dagrun for example_external_task_marker_parent to None, run_after=None
[2024-04-03T22:39:32.296+0000] {processor.py:183} INFO - Processing /home/airflow/.local/lib/python3.8/site-packages/airflow/example_dags/example_external_task_marker_dag.py took 0.049 seconds
[2024-04-03T22:40:02.595+0000] {processor.py:161} INFO - Started process (PID=860) to work on /home/airflow/.local/lib/python3.8/site-packages/airflow/example_dags/example_external_task_marker_dag.py
[2024-04-03T22:40:02.596+0000] {processor.py:830} INFO - Processing file /home/airflow/.local/lib/python3.8/site-packages/airflow/example_dags/example_external_task_marker_dag.py for tasks to queue
[2024-04-03T22:40:02.598+0000] {logging_mixin.py:188} INFO - [2024-04-03T22:40:02.598+0000] {dagbag.py:540} INFO - Filling up the DagBag from /home/airflow/.local/lib/python3.8/site-packages/airflow/example_dags/example_external_task_marker_dag.py
[2024-04-03T22:40:02.603+0000] {processor.py:840} INFO - DAG(s) 'example_external_task_marker_child', 'example_external_task_marker_parent' retrieved from /home/airflow/.local/lib/python3.8/site-packages/airflow/example_dags/example_external_task_marker_dag.py
[2024-04-03T22:40:02.622+0000] {logging_mixin.py:188} INFO - [2024-04-03T22:40:02.622+0000] {dag.py:3047} INFO - Sync 2 DAGs
[2024-04-03T22:40:02.632+0000] {logging_mixin.py:188} INFO - [2024-04-03T22:40:02.632+0000] {dag.py:3834} INFO - Setting next_dagrun for example_external_task_marker_child to None, run_after=None
[2024-04-03T22:40:02.636+0000] {logging_mixin.py:188} INFO - [2024-04-03T22:40:02.636+0000] {dag.py:3834} INFO - Setting next_dagrun for example_external_task_marker_parent to None, run_after=None
[2024-04-03T22:40:02.648+0000] {processor.py:183} INFO - Processing /home/airflow/.local/lib/python3.8/site-packages/airflow/example_dags/example_external_task_marker_dag.py took 0.055 seconds
[2024-04-03T22:40:32.921+0000] {processor.py:161} INFO - Started process (PID=915) to work on /home/airflow/.local/lib/python3.8/site-packages/airflow/example_dags/example_external_task_marker_dag.py
[2024-04-03T22:40:32.922+0000] {processor.py:830} INFO - Processing file /home/airflow/.local/lib/python3.8/site-packages/airflow/example_dags/example_external_task_marker_dag.py for tasks to queue
[2024-04-03T22:40:32.924+0000] {logging_mixin.py:188} INFO - [2024-04-03T22:40:32.924+0000] {dagbag.py:540} INFO - Filling up the DagBag from /home/airflow/.local/lib/python3.8/site-packages/airflow/example_dags/example_external_task_marker_dag.py
[2024-04-03T22:40:32.928+0000] {processor.py:840} INFO - DAG(s) 'example_external_task_marker_parent', 'example_external_task_marker_child' retrieved from /home/airflow/.local/lib/python3.8/site-packages/airflow/example_dags/example_external_task_marker_dag.py
[2024-04-03T22:40:32.945+0000] {logging_mixin.py:188} INFO - [2024-04-03T22:40:32.945+0000] {dag.py:3047} INFO - Sync 2 DAGs
[2024-04-03T22:40:32.954+0000] {logging_mixin.py:188} INFO - [2024-04-03T22:40:32.954+0000] {dag.py:3834} INFO - Setting next_dagrun for example_external_task_marker_child to None, run_after=None
[2024-04-03T22:40:32.957+0000] {logging_mixin.py:188} INFO - [2024-04-03T22:40:32.956+0000] {dag.py:3834} INFO - Setting next_dagrun for example_external_task_marker_parent to None, run_after=None
[2024-04-03T22:40:32.969+0000] {processor.py:183} INFO - Processing /home/airflow/.local/lib/python3.8/site-packages/airflow/example_dags/example_external_task_marker_dag.py took 0.050 seconds
[2024-04-03T22:41:03.398+0000] {processor.py:161} INFO - Started process (PID=970) to work on /home/airflow/.local/lib/python3.8/site-packages/airflow/example_dags/example_external_task_marker_dag.py
[2024-04-03T22:41:03.400+0000] {processor.py:830} INFO - Processing file /home/airflow/.local/lib/python3.8/site-packages/airflow/example_dags/example_external_task_marker_dag.py for tasks to queue
[2024-04-03T22:41:03.401+0000] {logging_mixin.py:188} INFO - [2024-04-03T22:41:03.401+0000] {dagbag.py:540} INFO - Filling up the DagBag from /home/airflow/.local/lib/python3.8/site-packages/airflow/example_dags/example_external_task_marker_dag.py
[2024-04-03T22:41:03.406+0000] {processor.py:840} INFO - DAG(s) 'example_external_task_marker_parent', 'example_external_task_marker_child' retrieved from /home/airflow/.local/lib/python3.8/site-packages/airflow/example_dags/example_external_task_marker_dag.py
[2024-04-03T22:41:03.423+0000] {logging_mixin.py:188} INFO - [2024-04-03T22:41:03.423+0000] {dag.py:3047} INFO - Sync 2 DAGs
[2024-04-03T22:41:03.437+0000] {logging_mixin.py:188} INFO - [2024-04-03T22:41:03.437+0000] {dag.py:3834} INFO - Setting next_dagrun for example_external_task_marker_child to None, run_after=None
[2024-04-03T22:41:03.441+0000] {logging_mixin.py:188} INFO - [2024-04-03T22:41:03.441+0000] {dag.py:3834} INFO - Setting next_dagrun for example_external_task_marker_parent to None, run_after=None
[2024-04-03T22:41:03.454+0000] {processor.py:183} INFO - Processing /home/airflow/.local/lib/python3.8/site-packages/airflow/example_dags/example_external_task_marker_dag.py took 0.058 seconds
[2024-04-03T22:41:33.858+0000] {processor.py:161} INFO - Started process (PID=1025) to work on /home/airflow/.local/lib/python3.8/site-packages/airflow/example_dags/example_external_task_marker_dag.py
[2024-04-03T22:41:33.860+0000] {processor.py:830} INFO - Processing file /home/airflow/.local/lib/python3.8/site-packages/airflow/example_dags/example_external_task_marker_dag.py for tasks to queue
[2024-04-03T22:41:33.862+0000] {logging_mixin.py:188} INFO - [2024-04-03T22:41:33.861+0000] {dagbag.py:540} INFO - Filling up the DagBag from /home/airflow/.local/lib/python3.8/site-packages/airflow/example_dags/example_external_task_marker_dag.py
[2024-04-03T22:41:33.866+0000] {processor.py:840} INFO - DAG(s) 'example_external_task_marker_parent', 'example_external_task_marker_child' retrieved from /home/airflow/.local/lib/python3.8/site-packages/airflow/example_dags/example_external_task_marker_dag.py
[2024-04-03T22:41:33.884+0000] {logging_mixin.py:188} INFO - [2024-04-03T22:41:33.884+0000] {dag.py:3047} INFO - Sync 2 DAGs
[2024-04-03T22:41:33.893+0000] {logging_mixin.py:188} INFO - [2024-04-03T22:41:33.893+0000] {dag.py:3834} INFO - Setting next_dagrun for example_external_task_marker_child to None, run_after=None
[2024-04-03T22:41:33.896+0000] {logging_mixin.py:188} INFO - [2024-04-03T22:41:33.896+0000] {dag.py:3834} INFO - Setting next_dagrun for example_external_task_marker_parent to None, run_after=None
[2024-04-03T22:41:33.908+0000] {processor.py:183} INFO - Processing /home/airflow/.local/lib/python3.8/site-packages/airflow/example_dags/example_external_task_marker_dag.py took 0.052 seconds
[2024-04-03T22:42:04.300+0000] {processor.py:161} INFO - Started process (PID=1080) to work on /home/airflow/.local/lib/python3.8/site-packages/airflow/example_dags/example_external_task_marker_dag.py
[2024-04-03T22:42:04.301+0000] {processor.py:830} INFO - Processing file /home/airflow/.local/lib/python3.8/site-packages/airflow/example_dags/example_external_task_marker_dag.py for tasks to queue
[2024-04-03T22:42:04.302+0000] {logging_mixin.py:188} INFO - [2024-04-03T22:42:04.302+0000] {dagbag.py:540} INFO - Filling up the DagBag from /home/airflow/.local/lib/python3.8/site-packages/airflow/example_dags/example_external_task_marker_dag.py
[2024-04-03T22:42:04.306+0000] {processor.py:840} INFO - DAG(s) 'example_external_task_marker_child', 'example_external_task_marker_parent' retrieved from /home/airflow/.local/lib/python3.8/site-packages/airflow/example_dags/example_external_task_marker_dag.py
[2024-04-03T22:42:04.321+0000] {logging_mixin.py:188} INFO - [2024-04-03T22:42:04.321+0000] {dag.py:3047} INFO - Sync 2 DAGs
[2024-04-03T22:42:04.329+0000] {logging_mixin.py:188} INFO - [2024-04-03T22:42:04.329+0000] {dag.py:3834} INFO - Setting next_dagrun for example_external_task_marker_child to None, run_after=None
[2024-04-03T22:42:04.335+0000] {logging_mixin.py:188} INFO - [2024-04-03T22:42:04.335+0000] {dag.py:3834} INFO - Setting next_dagrun for example_external_task_marker_parent to None, run_after=None
[2024-04-03T22:42:04.349+0000] {processor.py:183} INFO - Processing /home/airflow/.local/lib/python3.8/site-packages/airflow/example_dags/example_external_task_marker_dag.py took 0.051 seconds
[2024-04-03T22:42:34.768+0000] {processor.py:161} INFO - Started process (PID=1135) to work on /home/airflow/.local/lib/python3.8/site-packages/airflow/example_dags/example_external_task_marker_dag.py
[2024-04-03T22:42:34.769+0000] {processor.py:830} INFO - Processing file /home/airflow/.local/lib/python3.8/site-packages/airflow/example_dags/example_external_task_marker_dag.py for tasks to queue
[2024-04-03T22:42:34.771+0000] {logging_mixin.py:188} INFO - [2024-04-03T22:42:34.770+0000] {dagbag.py:540} INFO - Filling up the DagBag from /home/airflow/.local/lib/python3.8/site-packages/airflow/example_dags/example_external_task_marker_dag.py
[2024-04-03T22:42:34.775+0000] {processor.py:840} INFO - DAG(s) 'example_external_task_marker_child', 'example_external_task_marker_parent' retrieved from /home/airflow/.local/lib/python3.8/site-packages/airflow/example_dags/example_external_task_marker_dag.py
[2024-04-03T22:42:34.790+0000] {logging_mixin.py:188} INFO - [2024-04-03T22:42:34.790+0000] {dag.py:3047} INFO - Sync 2 DAGs
[2024-04-03T22:42:34.799+0000] {logging_mixin.py:188} INFO - [2024-04-03T22:42:34.799+0000] {dag.py:3834} INFO - Setting next_dagrun for example_external_task_marker_child to None, run_after=None
[2024-04-03T22:42:34.802+0000] {logging_mixin.py:188} INFO - [2024-04-03T22:42:34.801+0000] {dag.py:3834} INFO - Setting next_dagrun for example_external_task_marker_parent to None, run_after=None
[2024-04-03T22:42:34.813+0000] {processor.py:183} INFO - Processing /home/airflow/.local/lib/python3.8/site-packages/airflow/example_dags/example_external_task_marker_dag.py took 0.047 seconds
