[2024-04-03T22:24:57.879+0000] {processor.py:161} INFO - Started process (PID=52) to work on /home/airflow/.local/lib/python3.8/site-packages/airflow/example_dags/example_complex.py
[2024-04-03T22:24:57.881+0000] {processor.py:830} INFO - Processing file /home/airflow/.local/lib/python3.8/site-packages/airflow/example_dags/example_complex.py for tasks to queue
[2024-04-03T22:24:57.883+0000] {logging_mixin.py:188} INFO - [2024-04-03T22:24:57.883+0000] {dagbag.py:540} INFO - Filling up the DagBag from /home/airflow/.local/lib/python3.8/site-packages/airflow/example_dags/example_complex.py
[2024-04-03T22:24:57.896+0000] {processor.py:840} INFO - DAG(s) 'example_complex' retrieved from /home/airflow/.local/lib/python3.8/site-packages/airflow/example_dags/example_complex.py
[2024-04-03T22:24:57.909+0000] {logging_mixin.py:188} INFO - [2024-04-03T22:24:57.908+0000] {dag.py:3047} INFO - Sync 1 DAGs
[2024-04-03T22:24:57.922+0000] {logging_mixin.py:188} INFO - [2024-04-03T22:24:57.922+0000] {dag.py:3834} INFO - Setting next_dagrun for example_complex to None, run_after=None
[2024-04-03T22:24:57.942+0000] {processor.py:183} INFO - Processing /home/airflow/.local/lib/python3.8/site-packages/airflow/example_dags/example_complex.py took 0.066 seconds
[2024-04-03T22:25:28.171+0000] {processor.py:161} INFO - Started process (PID=107) to work on /home/airflow/.local/lib/python3.8/site-packages/airflow/example_dags/example_complex.py
[2024-04-03T22:25:28.174+0000] {processor.py:830} INFO - Processing file /home/airflow/.local/lib/python3.8/site-packages/airflow/example_dags/example_complex.py for tasks to queue
[2024-04-03T22:25:28.176+0000] {logging_mixin.py:188} INFO - [2024-04-03T22:25:28.176+0000] {dagbag.py:540} INFO - Filling up the DagBag from /home/airflow/.local/lib/python3.8/site-packages/airflow/example_dags/example_complex.py
[2024-04-03T22:25:28.184+0000] {processor.py:840} INFO - DAG(s) 'example_complex' retrieved from /home/airflow/.local/lib/python3.8/site-packages/airflow/example_dags/example_complex.py
[2024-04-03T22:25:28.264+0000] {logging_mixin.py:188} INFO - [2024-04-03T22:25:28.264+0000] {dag.py:3047} INFO - Sync 1 DAGs
[2024-04-03T22:25:28.271+0000] {logging_mixin.py:188} INFO - [2024-04-03T22:25:28.271+0000] {dag.py:3834} INFO - Setting next_dagrun for example_complex to None, run_after=None
[2024-04-03T22:25:28.286+0000] {processor.py:183} INFO - Processing /home/airflow/.local/lib/python3.8/site-packages/airflow/example_dags/example_complex.py took 0.118 seconds
[2024-04-03T22:25:58.417+0000] {processor.py:161} INFO - Started process (PID=162) to work on /home/airflow/.local/lib/python3.8/site-packages/airflow/example_dags/example_complex.py
[2024-04-03T22:25:58.418+0000] {processor.py:830} INFO - Processing file /home/airflow/.local/lib/python3.8/site-packages/airflow/example_dags/example_complex.py for tasks to queue
[2024-04-03T22:25:58.420+0000] {logging_mixin.py:188} INFO - [2024-04-03T22:25:58.419+0000] {dagbag.py:540} INFO - Filling up the DagBag from /home/airflow/.local/lib/python3.8/site-packages/airflow/example_dags/example_complex.py
[2024-04-03T22:25:58.429+0000] {processor.py:840} INFO - DAG(s) 'example_complex' retrieved from /home/airflow/.local/lib/python3.8/site-packages/airflow/example_dags/example_complex.py
[2024-04-03T22:25:58.451+0000] {logging_mixin.py:188} INFO - [2024-04-03T22:25:58.451+0000] {dag.py:3047} INFO - Sync 1 DAGs
[2024-04-03T22:25:58.461+0000] {logging_mixin.py:188} INFO - [2024-04-03T22:25:58.461+0000] {dag.py:3834} INFO - Setting next_dagrun for example_complex to None, run_after=None
[2024-04-03T22:25:58.474+0000] {processor.py:183} INFO - Processing /home/airflow/.local/lib/python3.8/site-packages/airflow/example_dags/example_complex.py took 0.060 seconds
[2024-04-03T22:26:29.146+0000] {processor.py:161} INFO - Started process (PID=217) to work on /home/airflow/.local/lib/python3.8/site-packages/airflow/example_dags/example_complex.py
[2024-04-03T22:26:29.150+0000] {processor.py:830} INFO - Processing file /home/airflow/.local/lib/python3.8/site-packages/airflow/example_dags/example_complex.py for tasks to queue
[2024-04-03T22:26:29.161+0000] {logging_mixin.py:188} INFO - [2024-04-03T22:26:29.161+0000] {dagbag.py:540} INFO - Filling up the DagBag from /home/airflow/.local/lib/python3.8/site-packages/airflow/example_dags/example_complex.py
[2024-04-03T22:26:29.178+0000] {processor.py:840} INFO - DAG(s) 'example_complex' retrieved from /home/airflow/.local/lib/python3.8/site-packages/airflow/example_dags/example_complex.py
[2024-04-03T22:26:29.215+0000] {logging_mixin.py:188} INFO - [2024-04-03T22:26:29.214+0000] {dag.py:3047} INFO - Sync 1 DAGs
[2024-04-03T22:26:29.229+0000] {logging_mixin.py:188} INFO - [2024-04-03T22:26:29.228+0000] {dag.py:3834} INFO - Setting next_dagrun for example_complex to None, run_after=None
[2024-04-03T22:26:29.244+0000] {processor.py:183} INFO - Processing /home/airflow/.local/lib/python3.8/site-packages/airflow/example_dags/example_complex.py took 0.100 seconds
[2024-04-03T22:26:59.359+0000] {processor.py:161} INFO - Started process (PID=272) to work on /home/airflow/.local/lib/python3.8/site-packages/airflow/example_dags/example_complex.py
[2024-04-03T22:26:59.365+0000] {processor.py:830} INFO - Processing file /home/airflow/.local/lib/python3.8/site-packages/airflow/example_dags/example_complex.py for tasks to queue
[2024-04-03T22:26:59.367+0000] {logging_mixin.py:188} INFO - [2024-04-03T22:26:59.367+0000] {dagbag.py:540} INFO - Filling up the DagBag from /home/airflow/.local/lib/python3.8/site-packages/airflow/example_dags/example_complex.py
[2024-04-03T22:26:59.374+0000] {processor.py:840} INFO - DAG(s) 'example_complex' retrieved from /home/airflow/.local/lib/python3.8/site-packages/airflow/example_dags/example_complex.py
[2024-04-03T22:26:59.394+0000] {logging_mixin.py:188} INFO - [2024-04-03T22:26:59.394+0000] {dag.py:3047} INFO - Sync 1 DAGs
[2024-04-03T22:26:59.403+0000] {logging_mixin.py:188} INFO - [2024-04-03T22:26:59.402+0000] {dag.py:3834} INFO - Setting next_dagrun for example_complex to None, run_after=None
[2024-04-03T22:26:59.416+0000] {processor.py:183} INFO - Processing /home/airflow/.local/lib/python3.8/site-packages/airflow/example_dags/example_complex.py took 0.060 seconds
[2024-04-03T22:27:29.807+0000] {processor.py:161} INFO - Started process (PID=327) to work on /home/airflow/.local/lib/python3.8/site-packages/airflow/example_dags/example_complex.py
[2024-04-03T22:27:29.808+0000] {processor.py:830} INFO - Processing file /home/airflow/.local/lib/python3.8/site-packages/airflow/example_dags/example_complex.py for tasks to queue
[2024-04-03T22:27:29.810+0000] {logging_mixin.py:188} INFO - [2024-04-03T22:27:29.810+0000] {dagbag.py:540} INFO - Filling up the DagBag from /home/airflow/.local/lib/python3.8/site-packages/airflow/example_dags/example_complex.py
[2024-04-03T22:27:29.818+0000] {processor.py:840} INFO - DAG(s) 'example_complex' retrieved from /home/airflow/.local/lib/python3.8/site-packages/airflow/example_dags/example_complex.py
[2024-04-03T22:27:29.839+0000] {logging_mixin.py:188} INFO - [2024-04-03T22:27:29.838+0000] {dag.py:3047} INFO - Sync 1 DAGs
[2024-04-03T22:27:29.849+0000] {logging_mixin.py:188} INFO - [2024-04-03T22:27:29.849+0000] {dag.py:3834} INFO - Setting next_dagrun for example_complex to None, run_after=None
[2024-04-03T22:27:29.864+0000] {processor.py:183} INFO - Processing /home/airflow/.local/lib/python3.8/site-packages/airflow/example_dags/example_complex.py took 0.059 seconds
[2024-04-03T22:28:00.033+0000] {processor.py:161} INFO - Started process (PID=382) to work on /home/airflow/.local/lib/python3.8/site-packages/airflow/example_dags/example_complex.py
[2024-04-03T22:28:00.034+0000] {processor.py:830} INFO - Processing file /home/airflow/.local/lib/python3.8/site-packages/airflow/example_dags/example_complex.py for tasks to queue
[2024-04-03T22:28:00.036+0000] {logging_mixin.py:188} INFO - [2024-04-03T22:28:00.035+0000] {dagbag.py:540} INFO - Filling up the DagBag from /home/airflow/.local/lib/python3.8/site-packages/airflow/example_dags/example_complex.py
[2024-04-03T22:28:00.044+0000] {processor.py:840} INFO - DAG(s) 'example_complex' retrieved from /home/airflow/.local/lib/python3.8/site-packages/airflow/example_dags/example_complex.py
[2024-04-03T22:28:00.067+0000] {logging_mixin.py:188} INFO - [2024-04-03T22:28:00.067+0000] {dag.py:3047} INFO - Sync 1 DAGs
[2024-04-03T22:28:00.077+0000] {logging_mixin.py:188} INFO - [2024-04-03T22:28:00.077+0000] {dag.py:3834} INFO - Setting next_dagrun for example_complex to None, run_after=None
[2024-04-03T22:28:00.093+0000] {processor.py:183} INFO - Processing /home/airflow/.local/lib/python3.8/site-packages/airflow/example_dags/example_complex.py took 0.062 seconds
[2024-04-03T22:28:30.404+0000] {processor.py:161} INFO - Started process (PID=437) to work on /home/airflow/.local/lib/python3.8/site-packages/airflow/example_dags/example_complex.py
[2024-04-03T22:28:30.405+0000] {processor.py:830} INFO - Processing file /home/airflow/.local/lib/python3.8/site-packages/airflow/example_dags/example_complex.py for tasks to queue
[2024-04-03T22:28:30.407+0000] {logging_mixin.py:188} INFO - [2024-04-03T22:28:30.407+0000] {dagbag.py:540} INFO - Filling up the DagBag from /home/airflow/.local/lib/python3.8/site-packages/airflow/example_dags/example_complex.py
[2024-04-03T22:28:30.415+0000] {processor.py:840} INFO - DAG(s) 'example_complex' retrieved from /home/airflow/.local/lib/python3.8/site-packages/airflow/example_dags/example_complex.py
[2024-04-03T22:28:30.453+0000] {logging_mixin.py:188} INFO - [2024-04-03T22:28:30.453+0000] {dag.py:3047} INFO - Sync 1 DAGs
[2024-04-03T22:28:30.464+0000] {logging_mixin.py:188} INFO - [2024-04-03T22:28:30.464+0000] {dag.py:3834} INFO - Setting next_dagrun for example_complex to None, run_after=None
[2024-04-03T22:28:30.481+0000] {processor.py:183} INFO - Processing /home/airflow/.local/lib/python3.8/site-packages/airflow/example_dags/example_complex.py took 0.079 seconds
[2024-04-03T22:29:00.894+0000] {processor.py:161} INFO - Started process (PID=492) to work on /home/airflow/.local/lib/python3.8/site-packages/airflow/example_dags/example_complex.py
[2024-04-03T22:29:00.895+0000] {processor.py:830} INFO - Processing file /home/airflow/.local/lib/python3.8/site-packages/airflow/example_dags/example_complex.py for tasks to queue
[2024-04-03T22:29:00.897+0000] {logging_mixin.py:188} INFO - [2024-04-03T22:29:00.897+0000] {dagbag.py:540} INFO - Filling up the DagBag from /home/airflow/.local/lib/python3.8/site-packages/airflow/example_dags/example_complex.py
[2024-04-03T22:29:00.905+0000] {processor.py:840} INFO - DAG(s) 'example_complex' retrieved from /home/airflow/.local/lib/python3.8/site-packages/airflow/example_dags/example_complex.py
[2024-04-03T22:29:00.927+0000] {logging_mixin.py:188} INFO - [2024-04-03T22:29:00.926+0000] {dag.py:3047} INFO - Sync 1 DAGs
[2024-04-03T22:29:00.936+0000] {logging_mixin.py:188} INFO - [2024-04-03T22:29:00.935+0000] {dag.py:3834} INFO - Setting next_dagrun for example_complex to None, run_after=None
[2024-04-03T22:29:00.953+0000] {processor.py:183} INFO - Processing /home/airflow/.local/lib/python3.8/site-packages/airflow/example_dags/example_complex.py took 0.061 seconds
[2024-04-03T22:29:31.301+0000] {processor.py:161} INFO - Started process (PID=547) to work on /home/airflow/.local/lib/python3.8/site-packages/airflow/example_dags/example_complex.py
[2024-04-03T22:29:31.302+0000] {processor.py:830} INFO - Processing file /home/airflow/.local/lib/python3.8/site-packages/airflow/example_dags/example_complex.py for tasks to queue
[2024-04-03T22:29:31.304+0000] {logging_mixin.py:188} INFO - [2024-04-03T22:29:31.304+0000] {dagbag.py:540} INFO - Filling up the DagBag from /home/airflow/.local/lib/python3.8/site-packages/airflow/example_dags/example_complex.py
[2024-04-03T22:29:31.311+0000] {processor.py:840} INFO - DAG(s) 'example_complex' retrieved from /home/airflow/.local/lib/python3.8/site-packages/airflow/example_dags/example_complex.py
[2024-04-03T22:29:31.333+0000] {logging_mixin.py:188} INFO - [2024-04-03T22:29:31.333+0000] {dag.py:3047} INFO - Sync 1 DAGs
[2024-04-03T22:29:31.341+0000] {logging_mixin.py:188} INFO - [2024-04-03T22:29:31.341+0000] {dag.py:3834} INFO - Setting next_dagrun for example_complex to None, run_after=None
[2024-04-03T22:29:31.354+0000] {processor.py:183} INFO - Processing /home/airflow/.local/lib/python3.8/site-packages/airflow/example_dags/example_complex.py took 0.055 seconds
[2024-04-03T22:30:01.551+0000] {processor.py:161} INFO - Started process (PID=602) to work on /home/airflow/.local/lib/python3.8/site-packages/airflow/example_dags/example_complex.py
[2024-04-03T22:30:01.552+0000] {processor.py:830} INFO - Processing file /home/airflow/.local/lib/python3.8/site-packages/airflow/example_dags/example_complex.py for tasks to queue
[2024-04-03T22:30:01.553+0000] {logging_mixin.py:188} INFO - [2024-04-03T22:30:01.553+0000] {dagbag.py:540} INFO - Filling up the DagBag from /home/airflow/.local/lib/python3.8/site-packages/airflow/example_dags/example_complex.py
[2024-04-03T22:30:01.563+0000] {processor.py:840} INFO - DAG(s) 'example_complex' retrieved from /home/airflow/.local/lib/python3.8/site-packages/airflow/example_dags/example_complex.py
[2024-04-03T22:30:01.587+0000] {logging_mixin.py:188} INFO - [2024-04-03T22:30:01.587+0000] {dag.py:3047} INFO - Sync 1 DAGs
[2024-04-03T22:30:01.596+0000] {logging_mixin.py:188} INFO - [2024-04-03T22:30:01.596+0000] {dag.py:3834} INFO - Setting next_dagrun for example_complex to None, run_after=None
[2024-04-03T22:30:01.613+0000] {processor.py:183} INFO - Processing /home/airflow/.local/lib/python3.8/site-packages/airflow/example_dags/example_complex.py took 0.064 seconds
[2024-04-03T22:30:31.944+0000] {processor.py:161} INFO - Started process (PID=657) to work on /home/airflow/.local/lib/python3.8/site-packages/airflow/example_dags/example_complex.py
[2024-04-03T22:30:31.945+0000] {processor.py:830} INFO - Processing file /home/airflow/.local/lib/python3.8/site-packages/airflow/example_dags/example_complex.py for tasks to queue
[2024-04-03T22:30:31.946+0000] {logging_mixin.py:188} INFO - [2024-04-03T22:30:31.946+0000] {dagbag.py:540} INFO - Filling up the DagBag from /home/airflow/.local/lib/python3.8/site-packages/airflow/example_dags/example_complex.py
[2024-04-03T22:30:31.953+0000] {processor.py:840} INFO - DAG(s) 'example_complex' retrieved from /home/airflow/.local/lib/python3.8/site-packages/airflow/example_dags/example_complex.py
[2024-04-03T22:30:31.974+0000] {logging_mixin.py:188} INFO - [2024-04-03T22:30:31.974+0000] {dag.py:3047} INFO - Sync 1 DAGs
[2024-04-03T22:30:31.982+0000] {logging_mixin.py:188} INFO - [2024-04-03T22:30:31.981+0000] {dag.py:3834} INFO - Setting next_dagrun for example_complex to None, run_after=None
[2024-04-03T22:30:31.994+0000] {processor.py:183} INFO - Processing /home/airflow/.local/lib/python3.8/site-packages/airflow/example_dags/example_complex.py took 0.052 seconds
[2024-04-03T22:31:02.279+0000] {processor.py:161} INFO - Started process (PID=712) to work on /home/airflow/.local/lib/python3.8/site-packages/airflow/example_dags/example_complex.py
[2024-04-03T22:31:02.280+0000] {processor.py:830} INFO - Processing file /home/airflow/.local/lib/python3.8/site-packages/airflow/example_dags/example_complex.py for tasks to queue
[2024-04-03T22:31:02.282+0000] {logging_mixin.py:188} INFO - [2024-04-03T22:31:02.282+0000] {dagbag.py:540} INFO - Filling up the DagBag from /home/airflow/.local/lib/python3.8/site-packages/airflow/example_dags/example_complex.py
[2024-04-03T22:31:02.289+0000] {processor.py:840} INFO - DAG(s) 'example_complex' retrieved from /home/airflow/.local/lib/python3.8/site-packages/airflow/example_dags/example_complex.py
[2024-04-03T22:31:02.309+0000] {logging_mixin.py:188} INFO - [2024-04-03T22:31:02.309+0000] {dag.py:3047} INFO - Sync 1 DAGs
[2024-04-03T22:31:02.317+0000] {logging_mixin.py:188} INFO - [2024-04-03T22:31:02.317+0000] {dag.py:3834} INFO - Setting next_dagrun for example_complex to None, run_after=None
[2024-04-03T22:31:02.330+0000] {processor.py:183} INFO - Processing /home/airflow/.local/lib/python3.8/site-packages/airflow/example_dags/example_complex.py took 0.052 seconds
[2024-04-03T22:31:33.148+0000] {processor.py:161} INFO - Started process (PID=767) to work on /home/airflow/.local/lib/python3.8/site-packages/airflow/example_dags/example_complex.py
[2024-04-03T22:31:33.155+0000] {processor.py:830} INFO - Processing file /home/airflow/.local/lib/python3.8/site-packages/airflow/example_dags/example_complex.py for tasks to queue
[2024-04-03T22:31:33.158+0000] {logging_mixin.py:188} INFO - [2024-04-03T22:31:33.157+0000] {dagbag.py:540} INFO - Filling up the DagBag from /home/airflow/.local/lib/python3.8/site-packages/airflow/example_dags/example_complex.py
[2024-04-03T22:31:33.177+0000] {processor.py:840} INFO - DAG(s) 'example_complex' retrieved from /home/airflow/.local/lib/python3.8/site-packages/airflow/example_dags/example_complex.py
[2024-04-03T22:31:33.200+0000] {logging_mixin.py:188} INFO - [2024-04-03T22:31:33.200+0000] {dag.py:3047} INFO - Sync 1 DAGs
[2024-04-03T22:31:33.209+0000] {logging_mixin.py:188} INFO - [2024-04-03T22:31:33.208+0000] {dag.py:3834} INFO - Setting next_dagrun for example_complex to None, run_after=None
[2024-04-03T22:31:33.234+0000] {processor.py:183} INFO - Processing /home/airflow/.local/lib/python3.8/site-packages/airflow/example_dags/example_complex.py took 0.091 seconds
[2024-04-03T22:32:03.413+0000] {processor.py:161} INFO - Started process (PID=822) to work on /home/airflow/.local/lib/python3.8/site-packages/airflow/example_dags/example_complex.py
[2024-04-03T22:32:03.414+0000] {processor.py:830} INFO - Processing file /home/airflow/.local/lib/python3.8/site-packages/airflow/example_dags/example_complex.py for tasks to queue
[2024-04-03T22:32:03.416+0000] {logging_mixin.py:188} INFO - [2024-04-03T22:32:03.416+0000] {dagbag.py:540} INFO - Filling up the DagBag from /home/airflow/.local/lib/python3.8/site-packages/airflow/example_dags/example_complex.py
[2024-04-03T22:32:03.423+0000] {processor.py:840} INFO - DAG(s) 'example_complex' retrieved from /home/airflow/.local/lib/python3.8/site-packages/airflow/example_dags/example_complex.py
[2024-04-03T22:32:03.443+0000] {logging_mixin.py:188} INFO - [2024-04-03T22:32:03.443+0000] {dag.py:3047} INFO - Sync 1 DAGs
[2024-04-03T22:32:03.452+0000] {logging_mixin.py:188} INFO - [2024-04-03T22:32:03.452+0000] {dag.py:3834} INFO - Setting next_dagrun for example_complex to None, run_after=None
[2024-04-03T22:32:03.469+0000] {processor.py:183} INFO - Processing /home/airflow/.local/lib/python3.8/site-packages/airflow/example_dags/example_complex.py took 0.058 seconds
[2024-04-03T22:32:53.468+0000] {processor.py:161} INFO - Started process (PID=52) to work on /home/airflow/.local/lib/python3.8/site-packages/airflow/example_dags/example_complex.py
[2024-04-03T22:32:53.468+0000] {processor.py:830} INFO - Processing file /home/airflow/.local/lib/python3.8/site-packages/airflow/example_dags/example_complex.py for tasks to queue
[2024-04-03T22:32:53.470+0000] {logging_mixin.py:188} INFO - [2024-04-03T22:32:53.469+0000] {dagbag.py:540} INFO - Filling up the DagBag from /home/airflow/.local/lib/python3.8/site-packages/airflow/example_dags/example_complex.py
[2024-04-03T22:32:53.479+0000] {processor.py:840} INFO - DAG(s) 'example_complex' retrieved from /home/airflow/.local/lib/python3.8/site-packages/airflow/example_dags/example_complex.py
[2024-04-03T22:32:53.488+0000] {logging_mixin.py:188} INFO - [2024-04-03T22:32:53.488+0000] {dag.py:3047} INFO - Sync 1 DAGs
[2024-04-03T22:32:53.499+0000] {logging_mixin.py:188} INFO - [2024-04-03T22:32:53.499+0000] {dag.py:3834} INFO - Setting next_dagrun for example_complex to None, run_after=None
[2024-04-03T22:32:53.516+0000] {processor.py:183} INFO - Processing /home/airflow/.local/lib/python3.8/site-packages/airflow/example_dags/example_complex.py took 0.050 seconds
[2024-04-03T22:33:24.165+0000] {processor.py:161} INFO - Started process (PID=107) to work on /home/airflow/.local/lib/python3.8/site-packages/airflow/example_dags/example_complex.py
[2024-04-03T22:33:24.166+0000] {processor.py:830} INFO - Processing file /home/airflow/.local/lib/python3.8/site-packages/airflow/example_dags/example_complex.py for tasks to queue
[2024-04-03T22:33:24.168+0000] {logging_mixin.py:188} INFO - [2024-04-03T22:33:24.168+0000] {dagbag.py:540} INFO - Filling up the DagBag from /home/airflow/.local/lib/python3.8/site-packages/airflow/example_dags/example_complex.py
[2024-04-03T22:33:24.175+0000] {processor.py:840} INFO - DAG(s) 'example_complex' retrieved from /home/airflow/.local/lib/python3.8/site-packages/airflow/example_dags/example_complex.py
[2024-04-03T22:33:24.249+0000] {logging_mixin.py:188} INFO - [2024-04-03T22:33:24.249+0000] {dag.py:3047} INFO - Sync 1 DAGs
[2024-04-03T22:33:24.256+0000] {logging_mixin.py:188} INFO - [2024-04-03T22:33:24.256+0000] {dag.py:3834} INFO - Setting next_dagrun for example_complex to None, run_after=None
[2024-04-03T22:33:24.271+0000] {processor.py:183} INFO - Processing /home/airflow/.local/lib/python3.8/site-packages/airflow/example_dags/example_complex.py took 0.108 seconds
[2024-04-03T22:33:54.881+0000] {processor.py:161} INFO - Started process (PID=162) to work on /home/airflow/.local/lib/python3.8/site-packages/airflow/example_dags/example_complex.py
[2024-04-03T22:33:54.882+0000] {processor.py:830} INFO - Processing file /home/airflow/.local/lib/python3.8/site-packages/airflow/example_dags/example_complex.py for tasks to queue
[2024-04-03T22:33:54.886+0000] {logging_mixin.py:188} INFO - [2024-04-03T22:33:54.886+0000] {dagbag.py:540} INFO - Filling up the DagBag from /home/airflow/.local/lib/python3.8/site-packages/airflow/example_dags/example_complex.py
[2024-04-03T22:33:54.897+0000] {processor.py:840} INFO - DAG(s) 'example_complex' retrieved from /home/airflow/.local/lib/python3.8/site-packages/airflow/example_dags/example_complex.py
[2024-04-03T22:33:54.926+0000] {logging_mixin.py:188} INFO - [2024-04-03T22:33:54.925+0000] {dag.py:3047} INFO - Sync 1 DAGs
[2024-04-03T22:33:54.939+0000] {logging_mixin.py:188} INFO - [2024-04-03T22:33:54.939+0000] {dag.py:3834} INFO - Setting next_dagrun for example_complex to None, run_after=None
[2024-04-03T22:33:54.957+0000] {processor.py:183} INFO - Processing /home/airflow/.local/lib/python3.8/site-packages/airflow/example_dags/example_complex.py took 0.078 seconds
[2024-04-03T22:34:25.667+0000] {processor.py:161} INFO - Started process (PID=217) to work on /home/airflow/.local/lib/python3.8/site-packages/airflow/example_dags/example_complex.py
[2024-04-03T22:34:25.668+0000] {processor.py:830} INFO - Processing file /home/airflow/.local/lib/python3.8/site-packages/airflow/example_dags/example_complex.py for tasks to queue
[2024-04-03T22:34:25.669+0000] {logging_mixin.py:188} INFO - [2024-04-03T22:34:25.669+0000] {dagbag.py:540} INFO - Filling up the DagBag from /home/airflow/.local/lib/python3.8/site-packages/airflow/example_dags/example_complex.py
[2024-04-03T22:34:25.677+0000] {processor.py:840} INFO - DAG(s) 'example_complex' retrieved from /home/airflow/.local/lib/python3.8/site-packages/airflow/example_dags/example_complex.py
[2024-04-03T22:34:25.700+0000] {logging_mixin.py:188} INFO - [2024-04-03T22:34:25.700+0000] {dag.py:3047} INFO - Sync 1 DAGs
[2024-04-03T22:34:25.710+0000] {logging_mixin.py:188} INFO - [2024-04-03T22:34:25.710+0000] {dag.py:3834} INFO - Setting next_dagrun for example_complex to None, run_after=None
[2024-04-03T22:34:25.724+0000] {processor.py:183} INFO - Processing /home/airflow/.local/lib/python3.8/site-packages/airflow/example_dags/example_complex.py took 0.060 seconds
[2024-04-03T22:34:56.013+0000] {processor.py:161} INFO - Started process (PID=272) to work on /home/airflow/.local/lib/python3.8/site-packages/airflow/example_dags/example_complex.py
[2024-04-03T22:34:56.015+0000] {processor.py:830} INFO - Processing file /home/airflow/.local/lib/python3.8/site-packages/airflow/example_dags/example_complex.py for tasks to queue
[2024-04-03T22:34:56.017+0000] {logging_mixin.py:188} INFO - [2024-04-03T22:34:56.016+0000] {dagbag.py:540} INFO - Filling up the DagBag from /home/airflow/.local/lib/python3.8/site-packages/airflow/example_dags/example_complex.py
[2024-04-03T22:34:56.025+0000] {processor.py:840} INFO - DAG(s) 'example_complex' retrieved from /home/airflow/.local/lib/python3.8/site-packages/airflow/example_dags/example_complex.py
[2024-04-03T22:34:56.053+0000] {logging_mixin.py:188} INFO - [2024-04-03T22:34:56.053+0000] {dag.py:3047} INFO - Sync 1 DAGs
[2024-04-03T22:34:56.065+0000] {logging_mixin.py:188} INFO - [2024-04-03T22:34:56.065+0000] {dag.py:3834} INFO - Setting next_dagrun for example_complex to None, run_after=None
[2024-04-03T22:34:56.083+0000] {processor.py:183} INFO - Processing /home/airflow/.local/lib/python3.8/site-packages/airflow/example_dags/example_complex.py took 0.072 seconds
[2024-04-03T22:35:26.274+0000] {processor.py:161} INFO - Started process (PID=327) to work on /home/airflow/.local/lib/python3.8/site-packages/airflow/example_dags/example_complex.py
[2024-04-03T22:35:26.275+0000] {processor.py:830} INFO - Processing file /home/airflow/.local/lib/python3.8/site-packages/airflow/example_dags/example_complex.py for tasks to queue
[2024-04-03T22:35:26.276+0000] {logging_mixin.py:188} INFO - [2024-04-03T22:35:26.276+0000] {dagbag.py:540} INFO - Filling up the DagBag from /home/airflow/.local/lib/python3.8/site-packages/airflow/example_dags/example_complex.py
[2024-04-03T22:35:26.284+0000] {processor.py:840} INFO - DAG(s) 'example_complex' retrieved from /home/airflow/.local/lib/python3.8/site-packages/airflow/example_dags/example_complex.py
[2024-04-03T22:35:26.304+0000] {logging_mixin.py:188} INFO - [2024-04-03T22:35:26.304+0000] {dag.py:3047} INFO - Sync 1 DAGs
[2024-04-03T22:35:26.313+0000] {logging_mixin.py:188} INFO - [2024-04-03T22:35:26.313+0000] {dag.py:3834} INFO - Setting next_dagrun for example_complex to None, run_after=None
[2024-04-03T22:35:26.326+0000] {processor.py:183} INFO - Processing /home/airflow/.local/lib/python3.8/site-packages/airflow/example_dags/example_complex.py took 0.054 seconds
[2024-04-03T22:35:56.775+0000] {processor.py:161} INFO - Started process (PID=382) to work on /home/airflow/.local/lib/python3.8/site-packages/airflow/example_dags/example_complex.py
[2024-04-03T22:35:56.776+0000] {processor.py:830} INFO - Processing file /home/airflow/.local/lib/python3.8/site-packages/airflow/example_dags/example_complex.py for tasks to queue
[2024-04-03T22:35:56.778+0000] {logging_mixin.py:188} INFO - [2024-04-03T22:35:56.778+0000] {dagbag.py:540} INFO - Filling up the DagBag from /home/airflow/.local/lib/python3.8/site-packages/airflow/example_dags/example_complex.py
[2024-04-03T22:35:56.786+0000] {processor.py:840} INFO - DAG(s) 'example_complex' retrieved from /home/airflow/.local/lib/python3.8/site-packages/airflow/example_dags/example_complex.py
[2024-04-03T22:35:56.807+0000] {logging_mixin.py:188} INFO - [2024-04-03T22:35:56.807+0000] {dag.py:3047} INFO - Sync 1 DAGs
[2024-04-03T22:35:56.816+0000] {logging_mixin.py:188} INFO - [2024-04-03T22:35:56.816+0000] {dag.py:3834} INFO - Setting next_dagrun for example_complex to None, run_after=None
[2024-04-03T22:35:56.830+0000] {processor.py:183} INFO - Processing /home/airflow/.local/lib/python3.8/site-packages/airflow/example_dags/example_complex.py took 0.057 seconds
[2024-04-03T22:36:27.444+0000] {processor.py:161} INFO - Started process (PID=437) to work on /home/airflow/.local/lib/python3.8/site-packages/airflow/example_dags/example_complex.py
[2024-04-03T22:36:27.445+0000] {processor.py:830} INFO - Processing file /home/airflow/.local/lib/python3.8/site-packages/airflow/example_dags/example_complex.py for tasks to queue
[2024-04-03T22:36:27.446+0000] {logging_mixin.py:188} INFO - [2024-04-03T22:36:27.446+0000] {dagbag.py:540} INFO - Filling up the DagBag from /home/airflow/.local/lib/python3.8/site-packages/airflow/example_dags/example_complex.py
[2024-04-03T22:36:27.455+0000] {processor.py:840} INFO - DAG(s) 'example_complex' retrieved from /home/airflow/.local/lib/python3.8/site-packages/airflow/example_dags/example_complex.py
[2024-04-03T22:36:27.475+0000] {logging_mixin.py:188} INFO - [2024-04-03T22:36:27.475+0000] {dag.py:3047} INFO - Sync 1 DAGs
[2024-04-03T22:36:27.483+0000] {logging_mixin.py:188} INFO - [2024-04-03T22:36:27.483+0000] {dag.py:3834} INFO - Setting next_dagrun for example_complex to None, run_after=None
[2024-04-03T22:36:27.496+0000] {processor.py:183} INFO - Processing /home/airflow/.local/lib/python3.8/site-packages/airflow/example_dags/example_complex.py took 0.055 seconds
[2024-04-03T22:36:57.647+0000] {processor.py:161} INFO - Started process (PID=492) to work on /home/airflow/.local/lib/python3.8/site-packages/airflow/example_dags/example_complex.py
[2024-04-03T22:36:57.648+0000] {processor.py:830} INFO - Processing file /home/airflow/.local/lib/python3.8/site-packages/airflow/example_dags/example_complex.py for tasks to queue
[2024-04-03T22:36:57.649+0000] {logging_mixin.py:188} INFO - [2024-04-03T22:36:57.649+0000] {dagbag.py:540} INFO - Filling up the DagBag from /home/airflow/.local/lib/python3.8/site-packages/airflow/example_dags/example_complex.py
[2024-04-03T22:36:57.657+0000] {processor.py:840} INFO - DAG(s) 'example_complex' retrieved from /home/airflow/.local/lib/python3.8/site-packages/airflow/example_dags/example_complex.py
[2024-04-03T22:36:57.678+0000] {logging_mixin.py:188} INFO - [2024-04-03T22:36:57.678+0000] {dag.py:3047} INFO - Sync 1 DAGs
[2024-04-03T22:36:57.687+0000] {logging_mixin.py:188} INFO - [2024-04-03T22:36:57.687+0000] {dag.py:3834} INFO - Setting next_dagrun for example_complex to None, run_after=None
[2024-04-03T22:36:57.704+0000] {processor.py:183} INFO - Processing /home/airflow/.local/lib/python3.8/site-packages/airflow/example_dags/example_complex.py took 0.059 seconds
[2024-04-03T22:37:28.176+0000] {processor.py:161} INFO - Started process (PID=546) to work on /home/airflow/.local/lib/python3.8/site-packages/airflow/example_dags/example_complex.py
[2024-04-03T22:37:28.178+0000] {processor.py:830} INFO - Processing file /home/airflow/.local/lib/python3.8/site-packages/airflow/example_dags/example_complex.py for tasks to queue
[2024-04-03T22:37:28.179+0000] {logging_mixin.py:188} INFO - [2024-04-03T22:37:28.179+0000] {dagbag.py:540} INFO - Filling up the DagBag from /home/airflow/.local/lib/python3.8/site-packages/airflow/example_dags/example_complex.py
[2024-04-03T22:37:28.187+0000] {processor.py:840} INFO - DAG(s) 'example_complex' retrieved from /home/airflow/.local/lib/python3.8/site-packages/airflow/example_dags/example_complex.py
[2024-04-03T22:37:28.211+0000] {logging_mixin.py:188} INFO - [2024-04-03T22:37:28.211+0000] {dag.py:3047} INFO - Sync 1 DAGs
[2024-04-03T22:37:28.220+0000] {logging_mixin.py:188} INFO - [2024-04-03T22:37:28.220+0000] {dag.py:3834} INFO - Setting next_dagrun for example_complex to None, run_after=None
[2024-04-03T22:37:28.237+0000] {processor.py:183} INFO - Processing /home/airflow/.local/lib/python3.8/site-packages/airflow/example_dags/example_complex.py took 0.063 seconds
[2024-04-03T22:37:58.711+0000] {processor.py:161} INFO - Started process (PID=602) to work on /home/airflow/.local/lib/python3.8/site-packages/airflow/example_dags/example_complex.py
[2024-04-03T22:37:58.712+0000] {processor.py:830} INFO - Processing file /home/airflow/.local/lib/python3.8/site-packages/airflow/example_dags/example_complex.py for tasks to queue
[2024-04-03T22:37:58.713+0000] {logging_mixin.py:188} INFO - [2024-04-03T22:37:58.713+0000] {dagbag.py:540} INFO - Filling up the DagBag from /home/airflow/.local/lib/python3.8/site-packages/airflow/example_dags/example_complex.py
[2024-04-03T22:37:58.721+0000] {processor.py:840} INFO - DAG(s) 'example_complex' retrieved from /home/airflow/.local/lib/python3.8/site-packages/airflow/example_dags/example_complex.py
[2024-04-03T22:37:58.741+0000] {logging_mixin.py:188} INFO - [2024-04-03T22:37:58.741+0000] {dag.py:3047} INFO - Sync 1 DAGs
[2024-04-03T22:37:58.750+0000] {logging_mixin.py:188} INFO - [2024-04-03T22:37:58.750+0000] {dag.py:3834} INFO - Setting next_dagrun for example_complex to None, run_after=None
[2024-04-03T22:37:58.764+0000] {processor.py:183} INFO - Processing /home/airflow/.local/lib/python3.8/site-packages/airflow/example_dags/example_complex.py took 0.055 seconds
[2024-04-03T22:38:29.038+0000] {processor.py:161} INFO - Started process (PID=657) to work on /home/airflow/.local/lib/python3.8/site-packages/airflow/example_dags/example_complex.py
[2024-04-03T22:38:29.039+0000] {processor.py:830} INFO - Processing file /home/airflow/.local/lib/python3.8/site-packages/airflow/example_dags/example_complex.py for tasks to queue
[2024-04-03T22:38:29.040+0000] {logging_mixin.py:188} INFO - [2024-04-03T22:38:29.040+0000] {dagbag.py:540} INFO - Filling up the DagBag from /home/airflow/.local/lib/python3.8/site-packages/airflow/example_dags/example_complex.py
[2024-04-03T22:38:29.047+0000] {processor.py:840} INFO - DAG(s) 'example_complex' retrieved from /home/airflow/.local/lib/python3.8/site-packages/airflow/example_dags/example_complex.py
[2024-04-03T22:38:29.070+0000] {logging_mixin.py:188} INFO - [2024-04-03T22:38:29.069+0000] {dag.py:3047} INFO - Sync 1 DAGs
[2024-04-03T22:38:29.079+0000] {logging_mixin.py:188} INFO - [2024-04-03T22:38:29.078+0000] {dag.py:3834} INFO - Setting next_dagrun for example_complex to None, run_after=None
[2024-04-03T22:38:29.094+0000] {processor.py:183} INFO - Processing /home/airflow/.local/lib/python3.8/site-packages/airflow/example_dags/example_complex.py took 0.061 seconds
[2024-04-03T22:38:59.313+0000] {processor.py:161} INFO - Started process (PID=712) to work on /home/airflow/.local/lib/python3.8/site-packages/airflow/example_dags/example_complex.py
[2024-04-03T22:38:59.314+0000] {processor.py:830} INFO - Processing file /home/airflow/.local/lib/python3.8/site-packages/airflow/example_dags/example_complex.py for tasks to queue
[2024-04-03T22:38:59.316+0000] {logging_mixin.py:188} INFO - [2024-04-03T22:38:59.315+0000] {dagbag.py:540} INFO - Filling up the DagBag from /home/airflow/.local/lib/python3.8/site-packages/airflow/example_dags/example_complex.py
[2024-04-03T22:38:59.323+0000] {processor.py:840} INFO - DAG(s) 'example_complex' retrieved from /home/airflow/.local/lib/python3.8/site-packages/airflow/example_dags/example_complex.py
[2024-04-03T22:38:59.345+0000] {logging_mixin.py:188} INFO - [2024-04-03T22:38:59.345+0000] {dag.py:3047} INFO - Sync 1 DAGs
[2024-04-03T22:38:59.354+0000] {logging_mixin.py:188} INFO - [2024-04-03T22:38:59.353+0000] {dag.py:3834} INFO - Setting next_dagrun for example_complex to None, run_after=None
[2024-04-03T22:38:59.369+0000] {processor.py:183} INFO - Processing /home/airflow/.local/lib/python3.8/site-packages/airflow/example_dags/example_complex.py took 0.058 seconds
[2024-04-03T22:39:29.514+0000] {processor.py:161} INFO - Started process (PID=766) to work on /home/airflow/.local/lib/python3.8/site-packages/airflow/example_dags/example_complex.py
[2024-04-03T22:39:29.515+0000] {processor.py:830} INFO - Processing file /home/airflow/.local/lib/python3.8/site-packages/airflow/example_dags/example_complex.py for tasks to queue
[2024-04-03T22:39:29.517+0000] {logging_mixin.py:188} INFO - [2024-04-03T22:39:29.516+0000] {dagbag.py:540} INFO - Filling up the DagBag from /home/airflow/.local/lib/python3.8/site-packages/airflow/example_dags/example_complex.py
[2024-04-03T22:39:29.524+0000] {processor.py:840} INFO - DAG(s) 'example_complex' retrieved from /home/airflow/.local/lib/python3.8/site-packages/airflow/example_dags/example_complex.py
[2024-04-03T22:39:29.546+0000] {logging_mixin.py:188} INFO - [2024-04-03T22:39:29.546+0000] {dag.py:3047} INFO - Sync 1 DAGs
[2024-04-03T22:39:29.556+0000] {logging_mixin.py:188} INFO - [2024-04-03T22:39:29.556+0000] {dag.py:3834} INFO - Setting next_dagrun for example_complex to None, run_after=None
[2024-04-03T22:39:29.572+0000] {processor.py:183} INFO - Processing /home/airflow/.local/lib/python3.8/site-packages/airflow/example_dags/example_complex.py took 0.060 seconds
[2024-04-03T22:39:59.796+0000] {processor.py:161} INFO - Started process (PID=821) to work on /home/airflow/.local/lib/python3.8/site-packages/airflow/example_dags/example_complex.py
[2024-04-03T22:39:59.796+0000] {processor.py:830} INFO - Processing file /home/airflow/.local/lib/python3.8/site-packages/airflow/example_dags/example_complex.py for tasks to queue
[2024-04-03T22:39:59.798+0000] {logging_mixin.py:188} INFO - [2024-04-03T22:39:59.798+0000] {dagbag.py:540} INFO - Filling up the DagBag from /home/airflow/.local/lib/python3.8/site-packages/airflow/example_dags/example_complex.py
[2024-04-03T22:39:59.805+0000] {processor.py:840} INFO - DAG(s) 'example_complex' retrieved from /home/airflow/.local/lib/python3.8/site-packages/airflow/example_dags/example_complex.py
[2024-04-03T22:39:59.826+0000] {logging_mixin.py:188} INFO - [2024-04-03T22:39:59.825+0000] {dag.py:3047} INFO - Sync 1 DAGs
[2024-04-03T22:39:59.834+0000] {logging_mixin.py:188} INFO - [2024-04-03T22:39:59.834+0000] {dag.py:3834} INFO - Setting next_dagrun for example_complex to None, run_after=None
[2024-04-03T22:39:59.848+0000] {processor.py:183} INFO - Processing /home/airflow/.local/lib/python3.8/site-packages/airflow/example_dags/example_complex.py took 0.054 seconds
[2024-04-03T22:40:30.164+0000] {processor.py:161} INFO - Started process (PID=876) to work on /home/airflow/.local/lib/python3.8/site-packages/airflow/example_dags/example_complex.py
[2024-04-03T22:40:30.165+0000] {processor.py:830} INFO - Processing file /home/airflow/.local/lib/python3.8/site-packages/airflow/example_dags/example_complex.py for tasks to queue
[2024-04-03T22:40:30.166+0000] {logging_mixin.py:188} INFO - [2024-04-03T22:40:30.166+0000] {dagbag.py:540} INFO - Filling up the DagBag from /home/airflow/.local/lib/python3.8/site-packages/airflow/example_dags/example_complex.py
[2024-04-03T22:40:30.174+0000] {processor.py:840} INFO - DAG(s) 'example_complex' retrieved from /home/airflow/.local/lib/python3.8/site-packages/airflow/example_dags/example_complex.py
[2024-04-03T22:40:30.195+0000] {logging_mixin.py:188} INFO - [2024-04-03T22:40:30.195+0000] {dag.py:3047} INFO - Sync 1 DAGs
[2024-04-03T22:40:30.203+0000] {logging_mixin.py:188} INFO - [2024-04-03T22:40:30.203+0000] {dag.py:3834} INFO - Setting next_dagrun for example_complex to None, run_after=None
[2024-04-03T22:40:30.216+0000] {processor.py:183} INFO - Processing /home/airflow/.local/lib/python3.8/site-packages/airflow/example_dags/example_complex.py took 0.055 seconds
[2024-04-03T22:41:00.578+0000] {processor.py:161} INFO - Started process (PID=931) to work on /home/airflow/.local/lib/python3.8/site-packages/airflow/example_dags/example_complex.py
[2024-04-03T22:41:00.579+0000] {processor.py:830} INFO - Processing file /home/airflow/.local/lib/python3.8/site-packages/airflow/example_dags/example_complex.py for tasks to queue
[2024-04-03T22:41:00.580+0000] {logging_mixin.py:188} INFO - [2024-04-03T22:41:00.580+0000] {dagbag.py:540} INFO - Filling up the DagBag from /home/airflow/.local/lib/python3.8/site-packages/airflow/example_dags/example_complex.py
[2024-04-03T22:41:00.588+0000] {processor.py:840} INFO - DAG(s) 'example_complex' retrieved from /home/airflow/.local/lib/python3.8/site-packages/airflow/example_dags/example_complex.py
[2024-04-03T22:41:00.609+0000] {logging_mixin.py:188} INFO - [2024-04-03T22:41:00.609+0000] {dag.py:3047} INFO - Sync 1 DAGs
[2024-04-03T22:41:00.617+0000] {logging_mixin.py:188} INFO - [2024-04-03T22:41:00.617+0000] {dag.py:3834} INFO - Setting next_dagrun for example_complex to None, run_after=None
[2024-04-03T22:41:00.634+0000] {processor.py:183} INFO - Processing /home/airflow/.local/lib/python3.8/site-packages/airflow/example_dags/example_complex.py took 0.058 seconds
[2024-04-03T22:41:31.075+0000] {processor.py:161} INFO - Started process (PID=986) to work on /home/airflow/.local/lib/python3.8/site-packages/airflow/example_dags/example_complex.py
[2024-04-03T22:41:31.076+0000] {processor.py:830} INFO - Processing file /home/airflow/.local/lib/python3.8/site-packages/airflow/example_dags/example_complex.py for tasks to queue
[2024-04-03T22:41:31.078+0000] {logging_mixin.py:188} INFO - [2024-04-03T22:41:31.077+0000] {dagbag.py:540} INFO - Filling up the DagBag from /home/airflow/.local/lib/python3.8/site-packages/airflow/example_dags/example_complex.py
[2024-04-03T22:41:31.086+0000] {processor.py:840} INFO - DAG(s) 'example_complex' retrieved from /home/airflow/.local/lib/python3.8/site-packages/airflow/example_dags/example_complex.py
[2024-04-03T22:41:31.108+0000] {logging_mixin.py:188} INFO - [2024-04-03T22:41:31.108+0000] {dag.py:3047} INFO - Sync 1 DAGs
[2024-04-03T22:41:31.116+0000] {logging_mixin.py:188} INFO - [2024-04-03T22:41:31.116+0000] {dag.py:3834} INFO - Setting next_dagrun for example_complex to None, run_after=None
[2024-04-03T22:41:31.132+0000] {processor.py:183} INFO - Processing /home/airflow/.local/lib/python3.8/site-packages/airflow/example_dags/example_complex.py took 0.059 seconds
[2024-04-03T22:42:01.494+0000] {processor.py:161} INFO - Started process (PID=1041) to work on /home/airflow/.local/lib/python3.8/site-packages/airflow/example_dags/example_complex.py
[2024-04-03T22:42:01.495+0000] {processor.py:830} INFO - Processing file /home/airflow/.local/lib/python3.8/site-packages/airflow/example_dags/example_complex.py for tasks to queue
[2024-04-03T22:42:01.497+0000] {logging_mixin.py:188} INFO - [2024-04-03T22:42:01.497+0000] {dagbag.py:540} INFO - Filling up the DagBag from /home/airflow/.local/lib/python3.8/site-packages/airflow/example_dags/example_complex.py
[2024-04-03T22:42:01.504+0000] {processor.py:840} INFO - DAG(s) 'example_complex' retrieved from /home/airflow/.local/lib/python3.8/site-packages/airflow/example_dags/example_complex.py
[2024-04-03T22:42:01.527+0000] {logging_mixin.py:188} INFO - [2024-04-03T22:42:01.527+0000] {dag.py:3047} INFO - Sync 1 DAGs
[2024-04-03T22:42:01.535+0000] {logging_mixin.py:188} INFO - [2024-04-03T22:42:01.535+0000] {dag.py:3834} INFO - Setting next_dagrun for example_complex to None, run_after=None
[2024-04-03T22:42:01.556+0000] {processor.py:183} INFO - Processing /home/airflow/.local/lib/python3.8/site-packages/airflow/example_dags/example_complex.py took 0.064 seconds
[2024-04-03T22:42:31.798+0000] {processor.py:161} INFO - Started process (PID=1096) to work on /home/airflow/.local/lib/python3.8/site-packages/airflow/example_dags/example_complex.py
[2024-04-03T22:42:31.799+0000] {processor.py:830} INFO - Processing file /home/airflow/.local/lib/python3.8/site-packages/airflow/example_dags/example_complex.py for tasks to queue
[2024-04-03T22:42:31.801+0000] {logging_mixin.py:188} INFO - [2024-04-03T22:42:31.800+0000] {dagbag.py:540} INFO - Filling up the DagBag from /home/airflow/.local/lib/python3.8/site-packages/airflow/example_dags/example_complex.py
[2024-04-03T22:42:31.808+0000] {processor.py:840} INFO - DAG(s) 'example_complex' retrieved from /home/airflow/.local/lib/python3.8/site-packages/airflow/example_dags/example_complex.py
[2024-04-03T22:42:31.828+0000] {logging_mixin.py:188} INFO - [2024-04-03T22:42:31.828+0000] {dag.py:3047} INFO - Sync 1 DAGs
[2024-04-03T22:42:31.836+0000] {logging_mixin.py:188} INFO - [2024-04-03T22:42:31.836+0000] {dag.py:3834} INFO - Setting next_dagrun for example_complex to None, run_after=None
[2024-04-03T22:42:31.851+0000] {processor.py:183} INFO - Processing /home/airflow/.local/lib/python3.8/site-packages/airflow/example_dags/example_complex.py took 0.055 seconds
