[2024-04-03T22:24:59.825+0000] {processor.py:161} INFO - Started process (PID=81) to work on /home/airflow/.local/lib/python3.8/site-packages/airflow/example_dags/example_latest_only.py
[2024-04-03T22:24:59.826+0000] {processor.py:830} INFO - Processing file /home/airflow/.local/lib/python3.8/site-packages/airflow/example_dags/example_latest_only.py for tasks to queue
[2024-04-03T22:24:59.827+0000] {logging_mixin.py:188} INFO - [2024-04-03T22:24:59.827+0000] {dagbag.py:540} INFO - Filling up the DagBag from /home/airflow/.local/lib/python3.8/site-packages/airflow/example_dags/example_latest_only.py
[2024-04-03T22:24:59.831+0000] {processor.py:840} INFO - DAG(s) 'latest_only' retrieved from /home/airflow/.local/lib/python3.8/site-packages/airflow/example_dags/example_latest_only.py
[2024-04-03T22:24:59.842+0000] {logging_mixin.py:188} INFO - [2024-04-03T22:24:59.842+0000] {dag.py:3047} INFO - Sync 1 DAGs
[2024-04-03T22:24:59.860+0000] {logging_mixin.py:188} INFO - [2024-04-03T22:24:59.860+0000] {dag.py:3834} INFO - Setting next_dagrun for latest_only to 2024-04-03 16:00:00+00:00, run_after=2024-04-03 20:00:00+00:00
[2024-04-03T22:24:59.877+0000] {processor.py:183} INFO - Processing /home/airflow/.local/lib/python3.8/site-packages/airflow/example_dags/example_latest_only.py took 0.054 seconds
[2024-04-03T22:25:30.100+0000] {processor.py:161} INFO - Started process (PID=136) to work on /home/airflow/.local/lib/python3.8/site-packages/airflow/example_dags/example_latest_only.py
[2024-04-03T22:25:30.101+0000] {processor.py:830} INFO - Processing file /home/airflow/.local/lib/python3.8/site-packages/airflow/example_dags/example_latest_only.py for tasks to queue
[2024-04-03T22:25:30.103+0000] {logging_mixin.py:188} INFO - [2024-04-03T22:25:30.103+0000] {dagbag.py:540} INFO - Filling up the DagBag from /home/airflow/.local/lib/python3.8/site-packages/airflow/example_dags/example_latest_only.py
[2024-04-03T22:25:30.107+0000] {processor.py:840} INFO - DAG(s) 'latest_only' retrieved from /home/airflow/.local/lib/python3.8/site-packages/airflow/example_dags/example_latest_only.py
[2024-04-03T22:25:30.166+0000] {logging_mixin.py:188} INFO - [2024-04-03T22:25:30.166+0000] {dag.py:3047} INFO - Sync 1 DAGs
[2024-04-03T22:25:30.179+0000] {logging_mixin.py:188} INFO - [2024-04-03T22:25:30.179+0000] {dag.py:3834} INFO - Setting next_dagrun for latest_only to 2024-04-03 16:00:00+00:00, run_after=2024-04-03 20:00:00+00:00
[2024-04-03T22:25:30.192+0000] {processor.py:183} INFO - Processing /home/airflow/.local/lib/python3.8/site-packages/airflow/example_dags/example_latest_only.py took 0.094 seconds
[2024-04-03T22:26:01.122+0000] {processor.py:161} INFO - Started process (PID=191) to work on /home/airflow/.local/lib/python3.8/site-packages/airflow/example_dags/example_latest_only.py
[2024-04-03T22:26:01.122+0000] {processor.py:830} INFO - Processing file /home/airflow/.local/lib/python3.8/site-packages/airflow/example_dags/example_latest_only.py for tasks to queue
[2024-04-03T22:26:01.124+0000] {logging_mixin.py:188} INFO - [2024-04-03T22:26:01.124+0000] {dagbag.py:540} INFO - Filling up the DagBag from /home/airflow/.local/lib/python3.8/site-packages/airflow/example_dags/example_latest_only.py
[2024-04-03T22:26:01.128+0000] {processor.py:840} INFO - DAG(s) 'latest_only' retrieved from /home/airflow/.local/lib/python3.8/site-packages/airflow/example_dags/example_latest_only.py
[2024-04-03T22:26:01.141+0000] {logging_mixin.py:188} INFO - [2024-04-03T22:26:01.141+0000] {dag.py:3047} INFO - Sync 1 DAGs
[2024-04-03T22:26:01.156+0000] {logging_mixin.py:188} INFO - [2024-04-03T22:26:01.156+0000] {dag.py:3834} INFO - Setting next_dagrun for latest_only to 2024-04-03 16:00:00+00:00, run_after=2024-04-03 20:00:00+00:00
[2024-04-03T22:26:01.171+0000] {processor.py:183} INFO - Processing /home/airflow/.local/lib/python3.8/site-packages/airflow/example_dags/example_latest_only.py took 0.051 seconds
[2024-04-03T22:26:31.206+0000] {processor.py:161} INFO - Started process (PID=246) to work on /home/airflow/.local/lib/python3.8/site-packages/airflow/example_dags/example_latest_only.py
[2024-04-03T22:26:31.208+0000] {processor.py:830} INFO - Processing file /home/airflow/.local/lib/python3.8/site-packages/airflow/example_dags/example_latest_only.py for tasks to queue
[2024-04-03T22:26:31.210+0000] {logging_mixin.py:188} INFO - [2024-04-03T22:26:31.210+0000] {dagbag.py:540} INFO - Filling up the DagBag from /home/airflow/.local/lib/python3.8/site-packages/airflow/example_dags/example_latest_only.py
[2024-04-03T22:26:31.213+0000] {processor.py:840} INFO - DAG(s) 'latest_only' retrieved from /home/airflow/.local/lib/python3.8/site-packages/airflow/example_dags/example_latest_only.py
[2024-04-03T22:26:31.231+0000] {logging_mixin.py:188} INFO - [2024-04-03T22:26:31.231+0000] {dag.py:3047} INFO - Sync 1 DAGs
[2024-04-03T22:26:31.249+0000] {logging_mixin.py:188} INFO - [2024-04-03T22:26:31.248+0000] {dag.py:3834} INFO - Setting next_dagrun for latest_only to 2024-04-03 16:00:00+00:00, run_after=2024-04-03 20:00:00+00:00
[2024-04-03T22:26:31.264+0000] {processor.py:183} INFO - Processing /home/airflow/.local/lib/python3.8/site-packages/airflow/example_dags/example_latest_only.py took 0.060 seconds
[2024-04-03T22:27:01.669+0000] {processor.py:161} INFO - Started process (PID=301) to work on /home/airflow/.local/lib/python3.8/site-packages/airflow/example_dags/example_latest_only.py
[2024-04-03T22:27:01.670+0000] {processor.py:830} INFO - Processing file /home/airflow/.local/lib/python3.8/site-packages/airflow/example_dags/example_latest_only.py for tasks to queue
[2024-04-03T22:27:01.672+0000] {logging_mixin.py:188} INFO - [2024-04-03T22:27:01.672+0000] {dagbag.py:540} INFO - Filling up the DagBag from /home/airflow/.local/lib/python3.8/site-packages/airflow/example_dags/example_latest_only.py
[2024-04-03T22:27:01.676+0000] {processor.py:840} INFO - DAG(s) 'latest_only' retrieved from /home/airflow/.local/lib/python3.8/site-packages/airflow/example_dags/example_latest_only.py
[2024-04-03T22:27:01.689+0000] {logging_mixin.py:188} INFO - [2024-04-03T22:27:01.689+0000] {dag.py:3047} INFO - Sync 1 DAGs
[2024-04-03T22:27:01.704+0000] {logging_mixin.py:188} INFO - [2024-04-03T22:27:01.703+0000] {dag.py:3834} INFO - Setting next_dagrun for latest_only to 2024-04-03 16:00:00+00:00, run_after=2024-04-03 20:00:00+00:00
[2024-04-03T22:27:01.716+0000] {processor.py:183} INFO - Processing /home/airflow/.local/lib/python3.8/site-packages/airflow/example_dags/example_latest_only.py took 0.048 seconds
[2024-04-03T22:27:32.138+0000] {processor.py:161} INFO - Started process (PID=356) to work on /home/airflow/.local/lib/python3.8/site-packages/airflow/example_dags/example_latest_only.py
[2024-04-03T22:27:32.139+0000] {processor.py:830} INFO - Processing file /home/airflow/.local/lib/python3.8/site-packages/airflow/example_dags/example_latest_only.py for tasks to queue
[2024-04-03T22:27:32.140+0000] {logging_mixin.py:188} INFO - [2024-04-03T22:27:32.140+0000] {dagbag.py:540} INFO - Filling up the DagBag from /home/airflow/.local/lib/python3.8/site-packages/airflow/example_dags/example_latest_only.py
[2024-04-03T22:27:32.144+0000] {processor.py:840} INFO - DAG(s) 'latest_only' retrieved from /home/airflow/.local/lib/python3.8/site-packages/airflow/example_dags/example_latest_only.py
[2024-04-03T22:27:32.159+0000] {logging_mixin.py:188} INFO - [2024-04-03T22:27:32.158+0000] {dag.py:3047} INFO - Sync 1 DAGs
[2024-04-03T22:27:32.174+0000] {logging_mixin.py:188} INFO - [2024-04-03T22:27:32.174+0000] {dag.py:3834} INFO - Setting next_dagrun for latest_only to 2024-04-03 16:00:00+00:00, run_after=2024-04-03 20:00:00+00:00
[2024-04-03T22:27:32.187+0000] {processor.py:183} INFO - Processing /home/airflow/.local/lib/python3.8/site-packages/airflow/example_dags/example_latest_only.py took 0.051 seconds
[2024-04-03T22:28:02.342+0000] {processor.py:161} INFO - Started process (PID=411) to work on /home/airflow/.local/lib/python3.8/site-packages/airflow/example_dags/example_latest_only.py
[2024-04-03T22:28:02.344+0000] {processor.py:830} INFO - Processing file /home/airflow/.local/lib/python3.8/site-packages/airflow/example_dags/example_latest_only.py for tasks to queue
[2024-04-03T22:28:02.345+0000] {logging_mixin.py:188} INFO - [2024-04-03T22:28:02.345+0000] {dagbag.py:540} INFO - Filling up the DagBag from /home/airflow/.local/lib/python3.8/site-packages/airflow/example_dags/example_latest_only.py
[2024-04-03T22:28:02.349+0000] {processor.py:840} INFO - DAG(s) 'latest_only' retrieved from /home/airflow/.local/lib/python3.8/site-packages/airflow/example_dags/example_latest_only.py
[2024-04-03T22:28:02.365+0000] {logging_mixin.py:188} INFO - [2024-04-03T22:28:02.365+0000] {dag.py:3047} INFO - Sync 1 DAGs
[2024-04-03T22:28:02.382+0000] {logging_mixin.py:188} INFO - [2024-04-03T22:28:02.382+0000] {dag.py:3834} INFO - Setting next_dagrun for latest_only to 2024-04-03 16:00:00+00:00, run_after=2024-04-03 20:00:00+00:00
[2024-04-03T22:28:02.396+0000] {processor.py:183} INFO - Processing /home/airflow/.local/lib/python3.8/site-packages/airflow/example_dags/example_latest_only.py took 0.057 seconds
[2024-04-03T22:28:32.818+0000] {processor.py:161} INFO - Started process (PID=466) to work on /home/airflow/.local/lib/python3.8/site-packages/airflow/example_dags/example_latest_only.py
[2024-04-03T22:28:32.819+0000] {processor.py:830} INFO - Processing file /home/airflow/.local/lib/python3.8/site-packages/airflow/example_dags/example_latest_only.py for tasks to queue
[2024-04-03T22:28:32.821+0000] {logging_mixin.py:188} INFO - [2024-04-03T22:28:32.821+0000] {dagbag.py:540} INFO - Filling up the DagBag from /home/airflow/.local/lib/python3.8/site-packages/airflow/example_dags/example_latest_only.py
[2024-04-03T22:28:32.825+0000] {processor.py:840} INFO - DAG(s) 'latest_only' retrieved from /home/airflow/.local/lib/python3.8/site-packages/airflow/example_dags/example_latest_only.py
[2024-04-03T22:28:32.839+0000] {logging_mixin.py:188} INFO - [2024-04-03T22:28:32.839+0000] {dag.py:3047} INFO - Sync 1 DAGs
[2024-04-03T22:28:32.854+0000] {logging_mixin.py:188} INFO - [2024-04-03T22:28:32.854+0000] {dag.py:3834} INFO - Setting next_dagrun for latest_only to 2024-04-03 16:00:00+00:00, run_after=2024-04-03 20:00:00+00:00
[2024-04-03T22:28:32.869+0000] {processor.py:183} INFO - Processing /home/airflow/.local/lib/python3.8/site-packages/airflow/example_dags/example_latest_only.py took 0.053 seconds
[2024-04-03T22:29:03.189+0000] {processor.py:161} INFO - Started process (PID=521) to work on /home/airflow/.local/lib/python3.8/site-packages/airflow/example_dags/example_latest_only.py
[2024-04-03T22:29:03.190+0000] {processor.py:830} INFO - Processing file /home/airflow/.local/lib/python3.8/site-packages/airflow/example_dags/example_latest_only.py for tasks to queue
[2024-04-03T22:29:03.191+0000] {logging_mixin.py:188} INFO - [2024-04-03T22:29:03.191+0000] {dagbag.py:540} INFO - Filling up the DagBag from /home/airflow/.local/lib/python3.8/site-packages/airflow/example_dags/example_latest_only.py
[2024-04-03T22:29:03.195+0000] {processor.py:840} INFO - DAG(s) 'latest_only' retrieved from /home/airflow/.local/lib/python3.8/site-packages/airflow/example_dags/example_latest_only.py
[2024-04-03T22:29:03.212+0000] {logging_mixin.py:188} INFO - [2024-04-03T22:29:03.212+0000] {dag.py:3047} INFO - Sync 1 DAGs
[2024-04-03T22:29:03.230+0000] {logging_mixin.py:188} INFO - [2024-04-03T22:29:03.230+0000] {dag.py:3834} INFO - Setting next_dagrun for latest_only to 2024-04-03 16:00:00+00:00, run_after=2024-04-03 20:00:00+00:00
[2024-04-03T22:29:03.246+0000] {processor.py:183} INFO - Processing /home/airflow/.local/lib/python3.8/site-packages/airflow/example_dags/example_latest_only.py took 0.060 seconds
[2024-04-03T22:29:33.511+0000] {processor.py:161} INFO - Started process (PID=576) to work on /home/airflow/.local/lib/python3.8/site-packages/airflow/example_dags/example_latest_only.py
[2024-04-03T22:29:33.512+0000] {processor.py:830} INFO - Processing file /home/airflow/.local/lib/python3.8/site-packages/airflow/example_dags/example_latest_only.py for tasks to queue
[2024-04-03T22:29:33.513+0000] {logging_mixin.py:188} INFO - [2024-04-03T22:29:33.513+0000] {dagbag.py:540} INFO - Filling up the DagBag from /home/airflow/.local/lib/python3.8/site-packages/airflow/example_dags/example_latest_only.py
[2024-04-03T22:29:33.517+0000] {processor.py:840} INFO - DAG(s) 'latest_only' retrieved from /home/airflow/.local/lib/python3.8/site-packages/airflow/example_dags/example_latest_only.py
[2024-04-03T22:29:33.531+0000] {logging_mixin.py:188} INFO - [2024-04-03T22:29:33.531+0000] {dag.py:3047} INFO - Sync 1 DAGs
[2024-04-03T22:29:33.545+0000] {logging_mixin.py:188} INFO - [2024-04-03T22:29:33.545+0000] {dag.py:3834} INFO - Setting next_dagrun for latest_only to 2024-04-03 16:00:00+00:00, run_after=2024-04-03 20:00:00+00:00
[2024-04-03T22:29:33.556+0000] {processor.py:183} INFO - Processing /home/airflow/.local/lib/python3.8/site-packages/airflow/example_dags/example_latest_only.py took 0.047 seconds
[2024-04-03T22:30:03.899+0000] {processor.py:161} INFO - Started process (PID=631) to work on /home/airflow/.local/lib/python3.8/site-packages/airflow/example_dags/example_latest_only.py
[2024-04-03T22:30:03.901+0000] {processor.py:830} INFO - Processing file /home/airflow/.local/lib/python3.8/site-packages/airflow/example_dags/example_latest_only.py for tasks to queue
[2024-04-03T22:30:03.903+0000] {logging_mixin.py:188} INFO - [2024-04-03T22:30:03.902+0000] {dagbag.py:540} INFO - Filling up the DagBag from /home/airflow/.local/lib/python3.8/site-packages/airflow/example_dags/example_latest_only.py
[2024-04-03T22:30:03.907+0000] {processor.py:840} INFO - DAG(s) 'latest_only' retrieved from /home/airflow/.local/lib/python3.8/site-packages/airflow/example_dags/example_latest_only.py
[2024-04-03T22:30:03.923+0000] {logging_mixin.py:188} INFO - [2024-04-03T22:30:03.923+0000] {dag.py:3047} INFO - Sync 1 DAGs
[2024-04-03T22:30:03.939+0000] {logging_mixin.py:188} INFO - [2024-04-03T22:30:03.939+0000] {dag.py:3834} INFO - Setting next_dagrun for latest_only to 2024-04-03 16:00:00+00:00, run_after=2024-04-03 20:00:00+00:00
[2024-04-03T22:30:03.952+0000] {processor.py:183} INFO - Processing /home/airflow/.local/lib/python3.8/site-packages/airflow/example_dags/example_latest_only.py took 0.054 seconds
[2024-04-03T22:30:34.280+0000] {processor.py:161} INFO - Started process (PID=686) to work on /home/airflow/.local/lib/python3.8/site-packages/airflow/example_dags/example_latest_only.py
[2024-04-03T22:30:34.281+0000] {processor.py:830} INFO - Processing file /home/airflow/.local/lib/python3.8/site-packages/airflow/example_dags/example_latest_only.py for tasks to queue
[2024-04-03T22:30:34.283+0000] {logging_mixin.py:188} INFO - [2024-04-03T22:30:34.282+0000] {dagbag.py:540} INFO - Filling up the DagBag from /home/airflow/.local/lib/python3.8/site-packages/airflow/example_dags/example_latest_only.py
[2024-04-03T22:30:34.286+0000] {processor.py:840} INFO - DAG(s) 'latest_only' retrieved from /home/airflow/.local/lib/python3.8/site-packages/airflow/example_dags/example_latest_only.py
[2024-04-03T22:30:34.300+0000] {logging_mixin.py:188} INFO - [2024-04-03T22:30:34.300+0000] {dag.py:3047} INFO - Sync 1 DAGs
[2024-04-03T22:30:34.314+0000] {logging_mixin.py:188} INFO - [2024-04-03T22:30:34.313+0000] {dag.py:3834} INFO - Setting next_dagrun for latest_only to 2024-04-03 16:00:00+00:00, run_after=2024-04-03 20:00:00+00:00
[2024-04-03T22:30:34.328+0000] {processor.py:183} INFO - Processing /home/airflow/.local/lib/python3.8/site-packages/airflow/example_dags/example_latest_only.py took 0.050 seconds
[2024-04-03T22:31:04.827+0000] {processor.py:161} INFO - Started process (PID=741) to work on /home/airflow/.local/lib/python3.8/site-packages/airflow/example_dags/example_latest_only.py
[2024-04-03T22:31:04.828+0000] {processor.py:830} INFO - Processing file /home/airflow/.local/lib/python3.8/site-packages/airflow/example_dags/example_latest_only.py for tasks to queue
[2024-04-03T22:31:04.830+0000] {logging_mixin.py:188} INFO - [2024-04-03T22:31:04.830+0000] {dagbag.py:540} INFO - Filling up the DagBag from /home/airflow/.local/lib/python3.8/site-packages/airflow/example_dags/example_latest_only.py
[2024-04-03T22:31:04.834+0000] {processor.py:840} INFO - DAG(s) 'latest_only' retrieved from /home/airflow/.local/lib/python3.8/site-packages/airflow/example_dags/example_latest_only.py
[2024-04-03T22:31:04.850+0000] {logging_mixin.py:188} INFO - [2024-04-03T22:31:04.850+0000] {dag.py:3047} INFO - Sync 1 DAGs
[2024-04-03T22:31:04.866+0000] {logging_mixin.py:188} INFO - [2024-04-03T22:31:04.866+0000] {dag.py:3834} INFO - Setting next_dagrun for latest_only to 2024-04-03 16:00:00+00:00, run_after=2024-04-03 20:00:00+00:00
[2024-04-03T22:31:04.883+0000] {processor.py:183} INFO - Processing /home/airflow/.local/lib/python3.8/site-packages/airflow/example_dags/example_latest_only.py took 0.058 seconds
[2024-04-03T22:31:35.266+0000] {processor.py:161} INFO - Started process (PID=796) to work on /home/airflow/.local/lib/python3.8/site-packages/airflow/example_dags/example_latest_only.py
[2024-04-03T22:31:35.267+0000] {processor.py:830} INFO - Processing file /home/airflow/.local/lib/python3.8/site-packages/airflow/example_dags/example_latest_only.py for tasks to queue
[2024-04-03T22:31:35.268+0000] {logging_mixin.py:188} INFO - [2024-04-03T22:31:35.268+0000] {dagbag.py:540} INFO - Filling up the DagBag from /home/airflow/.local/lib/python3.8/site-packages/airflow/example_dags/example_latest_only.py
[2024-04-03T22:31:35.272+0000] {processor.py:840} INFO - DAG(s) 'latest_only' retrieved from /home/airflow/.local/lib/python3.8/site-packages/airflow/example_dags/example_latest_only.py
[2024-04-03T22:31:35.285+0000] {logging_mixin.py:188} INFO - [2024-04-03T22:31:35.284+0000] {dag.py:3047} INFO - Sync 1 DAGs
[2024-04-03T22:31:35.301+0000] {logging_mixin.py:188} INFO - [2024-04-03T22:31:35.301+0000] {dag.py:3834} INFO - Setting next_dagrun for latest_only to 2024-04-03 16:00:00+00:00, run_after=2024-04-03 20:00:00+00:00
[2024-04-03T22:31:35.315+0000] {processor.py:183} INFO - Processing /home/airflow/.local/lib/python3.8/site-packages/airflow/example_dags/example_latest_only.py took 0.051 seconds
[2024-04-03T22:32:55.230+0000] {processor.py:161} INFO - Started process (PID=81) to work on /home/airflow/.local/lib/python3.8/site-packages/airflow/example_dags/example_latest_only.py
[2024-04-03T22:32:55.231+0000] {processor.py:830} INFO - Processing file /home/airflow/.local/lib/python3.8/site-packages/airflow/example_dags/example_latest_only.py for tasks to queue
[2024-04-03T22:32:55.232+0000] {logging_mixin.py:188} INFO - [2024-04-03T22:32:55.232+0000] {dagbag.py:540} INFO - Filling up the DagBag from /home/airflow/.local/lib/python3.8/site-packages/airflow/example_dags/example_latest_only.py
[2024-04-03T22:32:55.237+0000] {processor.py:840} INFO - DAG(s) 'latest_only' retrieved from /home/airflow/.local/lib/python3.8/site-packages/airflow/example_dags/example_latest_only.py
[2024-04-03T22:32:55.246+0000] {logging_mixin.py:188} INFO - [2024-04-03T22:32:55.245+0000] {dag.py:3047} INFO - Sync 1 DAGs
[2024-04-03T22:32:55.260+0000] {logging_mixin.py:188} INFO - [2024-04-03T22:32:55.260+0000] {dag.py:3834} INFO - Setting next_dagrun for latest_only to 2024-04-03 16:00:00+00:00, run_after=2024-04-03 20:00:00+00:00
[2024-04-03T22:32:55.275+0000] {processor.py:183} INFO - Processing /home/airflow/.local/lib/python3.8/site-packages/airflow/example_dags/example_latest_only.py took 0.047 seconds
[2024-04-03T22:33:26.480+0000] {processor.py:161} INFO - Started process (PID=136) to work on /home/airflow/.local/lib/python3.8/site-packages/airflow/example_dags/example_latest_only.py
[2024-04-03T22:33:26.481+0000] {processor.py:830} INFO - Processing file /home/airflow/.local/lib/python3.8/site-packages/airflow/example_dags/example_latest_only.py for tasks to queue
[2024-04-03T22:33:26.483+0000] {logging_mixin.py:188} INFO - [2024-04-03T22:33:26.482+0000] {dagbag.py:540} INFO - Filling up the DagBag from /home/airflow/.local/lib/python3.8/site-packages/airflow/example_dags/example_latest_only.py
[2024-04-03T22:33:26.486+0000] {processor.py:840} INFO - DAG(s) 'latest_only' retrieved from /home/airflow/.local/lib/python3.8/site-packages/airflow/example_dags/example_latest_only.py
[2024-04-03T22:33:26.555+0000] {logging_mixin.py:188} INFO - [2024-04-03T22:33:26.554+0000] {dag.py:3047} INFO - Sync 1 DAGs
[2024-04-03T22:33:26.570+0000] {logging_mixin.py:188} INFO - [2024-04-03T22:33:26.570+0000] {dag.py:3834} INFO - Setting next_dagrun for latest_only to 2024-04-03 16:00:00+00:00, run_after=2024-04-03 20:00:00+00:00
[2024-04-03T22:33:26.585+0000] {processor.py:183} INFO - Processing /home/airflow/.local/lib/python3.8/site-packages/airflow/example_dags/example_latest_only.py took 0.108 seconds
[2024-04-03T22:33:57.576+0000] {processor.py:161} INFO - Started process (PID=191) to work on /home/airflow/.local/lib/python3.8/site-packages/airflow/example_dags/example_latest_only.py
[2024-04-03T22:33:57.577+0000] {processor.py:830} INFO - Processing file /home/airflow/.local/lib/python3.8/site-packages/airflow/example_dags/example_latest_only.py for tasks to queue
[2024-04-03T22:33:57.578+0000] {logging_mixin.py:188} INFO - [2024-04-03T22:33:57.578+0000] {dagbag.py:540} INFO - Filling up the DagBag from /home/airflow/.local/lib/python3.8/site-packages/airflow/example_dags/example_latest_only.py
[2024-04-03T22:33:57.582+0000] {processor.py:840} INFO - DAG(s) 'latest_only' retrieved from /home/airflow/.local/lib/python3.8/site-packages/airflow/example_dags/example_latest_only.py
[2024-04-03T22:33:57.597+0000] {logging_mixin.py:188} INFO - [2024-04-03T22:33:57.597+0000] {dag.py:3047} INFO - Sync 1 DAGs
[2024-04-03T22:33:57.614+0000] {logging_mixin.py:188} INFO - [2024-04-03T22:33:57.614+0000] {dag.py:3834} INFO - Setting next_dagrun for latest_only to 2024-04-03 16:00:00+00:00, run_after=2024-04-03 20:00:00+00:00
[2024-04-03T22:33:57.630+0000] {processor.py:183} INFO - Processing /home/airflow/.local/lib/python3.8/site-packages/airflow/example_dags/example_latest_only.py took 0.056 seconds
[2024-04-03T22:34:27.883+0000] {processor.py:161} INFO - Started process (PID=246) to work on /home/airflow/.local/lib/python3.8/site-packages/airflow/example_dags/example_latest_only.py
[2024-04-03T22:34:27.884+0000] {processor.py:830} INFO - Processing file /home/airflow/.local/lib/python3.8/site-packages/airflow/example_dags/example_latest_only.py for tasks to queue
[2024-04-03T22:34:27.885+0000] {logging_mixin.py:188} INFO - [2024-04-03T22:34:27.885+0000] {dagbag.py:540} INFO - Filling up the DagBag from /home/airflow/.local/lib/python3.8/site-packages/airflow/example_dags/example_latest_only.py
[2024-04-03T22:34:27.889+0000] {processor.py:840} INFO - DAG(s) 'latest_only' retrieved from /home/airflow/.local/lib/python3.8/site-packages/airflow/example_dags/example_latest_only.py
[2024-04-03T22:34:27.902+0000] {logging_mixin.py:188} INFO - [2024-04-03T22:34:27.902+0000] {dag.py:3047} INFO - Sync 1 DAGs
[2024-04-03T22:34:27.916+0000] {logging_mixin.py:188} INFO - [2024-04-03T22:34:27.916+0000] {dag.py:3834} INFO - Setting next_dagrun for latest_only to 2024-04-03 16:00:00+00:00, run_after=2024-04-03 20:00:00+00:00
[2024-04-03T22:34:27.932+0000] {processor.py:183} INFO - Processing /home/airflow/.local/lib/python3.8/site-packages/airflow/example_dags/example_latest_only.py took 0.051 seconds
[2024-04-03T22:34:58.277+0000] {processor.py:161} INFO - Started process (PID=301) to work on /home/airflow/.local/lib/python3.8/site-packages/airflow/example_dags/example_latest_only.py
[2024-04-03T22:34:58.278+0000] {processor.py:830} INFO - Processing file /home/airflow/.local/lib/python3.8/site-packages/airflow/example_dags/example_latest_only.py for tasks to queue
[2024-04-03T22:34:58.279+0000] {logging_mixin.py:188} INFO - [2024-04-03T22:34:58.279+0000] {dagbag.py:540} INFO - Filling up the DagBag from /home/airflow/.local/lib/python3.8/site-packages/airflow/example_dags/example_latest_only.py
[2024-04-03T22:34:58.284+0000] {processor.py:840} INFO - DAG(s) 'latest_only' retrieved from /home/airflow/.local/lib/python3.8/site-packages/airflow/example_dags/example_latest_only.py
[2024-04-03T22:34:58.298+0000] {logging_mixin.py:188} INFO - [2024-04-03T22:34:58.298+0000] {dag.py:3047} INFO - Sync 1 DAGs
[2024-04-03T22:34:58.315+0000] {logging_mixin.py:188} INFO - [2024-04-03T22:34:58.315+0000] {dag.py:3834} INFO - Setting next_dagrun for latest_only to 2024-04-03 16:00:00+00:00, run_after=2024-04-03 20:00:00+00:00
[2024-04-03T22:34:58.330+0000] {processor.py:183} INFO - Processing /home/airflow/.local/lib/python3.8/site-packages/airflow/example_dags/example_latest_only.py took 0.055 seconds
[2024-04-03T22:35:28.736+0000] {processor.py:161} INFO - Started process (PID=356) to work on /home/airflow/.local/lib/python3.8/site-packages/airflow/example_dags/example_latest_only.py
[2024-04-03T22:35:28.737+0000] {processor.py:830} INFO - Processing file /home/airflow/.local/lib/python3.8/site-packages/airflow/example_dags/example_latest_only.py for tasks to queue
[2024-04-03T22:35:28.739+0000] {logging_mixin.py:188} INFO - [2024-04-03T22:35:28.738+0000] {dagbag.py:540} INFO - Filling up the DagBag from /home/airflow/.local/lib/python3.8/site-packages/airflow/example_dags/example_latest_only.py
[2024-04-03T22:35:28.742+0000] {processor.py:840} INFO - DAG(s) 'latest_only' retrieved from /home/airflow/.local/lib/python3.8/site-packages/airflow/example_dags/example_latest_only.py
[2024-04-03T22:35:28.756+0000] {logging_mixin.py:188} INFO - [2024-04-03T22:35:28.756+0000] {dag.py:3047} INFO - Sync 1 DAGs
[2024-04-03T22:35:28.771+0000] {logging_mixin.py:188} INFO - [2024-04-03T22:35:28.770+0000] {dag.py:3834} INFO - Setting next_dagrun for latest_only to 2024-04-03 16:00:00+00:00, run_after=2024-04-03 20:00:00+00:00
[2024-04-03T22:35:28.786+0000] {processor.py:183} INFO - Processing /home/airflow/.local/lib/python3.8/site-packages/airflow/example_dags/example_latest_only.py took 0.053 seconds
[2024-04-03T22:35:59.193+0000] {processor.py:161} INFO - Started process (PID=411) to work on /home/airflow/.local/lib/python3.8/site-packages/airflow/example_dags/example_latest_only.py
[2024-04-03T22:35:59.194+0000] {processor.py:830} INFO - Processing file /home/airflow/.local/lib/python3.8/site-packages/airflow/example_dags/example_latest_only.py for tasks to queue
[2024-04-03T22:35:59.195+0000] {logging_mixin.py:188} INFO - [2024-04-03T22:35:59.195+0000] {dagbag.py:540} INFO - Filling up the DagBag from /home/airflow/.local/lib/python3.8/site-packages/airflow/example_dags/example_latest_only.py
[2024-04-03T22:35:59.199+0000] {processor.py:840} INFO - DAG(s) 'latest_only' retrieved from /home/airflow/.local/lib/python3.8/site-packages/airflow/example_dags/example_latest_only.py
[2024-04-03T22:35:59.215+0000] {logging_mixin.py:188} INFO - [2024-04-03T22:35:59.214+0000] {dag.py:3047} INFO - Sync 1 DAGs
[2024-04-03T22:35:59.231+0000] {logging_mixin.py:188} INFO - [2024-04-03T22:35:59.231+0000] {dag.py:3834} INFO - Setting next_dagrun for latest_only to 2024-04-03 16:00:00+00:00, run_after=2024-04-03 20:00:00+00:00
[2024-04-03T22:35:59.247+0000] {processor.py:183} INFO - Processing /home/airflow/.local/lib/python3.8/site-packages/airflow/example_dags/example_latest_only.py took 0.057 seconds
[2024-04-03T22:36:29.657+0000] {processor.py:161} INFO - Started process (PID=466) to work on /home/airflow/.local/lib/python3.8/site-packages/airflow/example_dags/example_latest_only.py
[2024-04-03T22:36:29.658+0000] {processor.py:830} INFO - Processing file /home/airflow/.local/lib/python3.8/site-packages/airflow/example_dags/example_latest_only.py for tasks to queue
[2024-04-03T22:36:29.659+0000] {logging_mixin.py:188} INFO - [2024-04-03T22:36:29.659+0000] {dagbag.py:540} INFO - Filling up the DagBag from /home/airflow/.local/lib/python3.8/site-packages/airflow/example_dags/example_latest_only.py
[2024-04-03T22:36:29.663+0000] {processor.py:840} INFO - DAG(s) 'latest_only' retrieved from /home/airflow/.local/lib/python3.8/site-packages/airflow/example_dags/example_latest_only.py
[2024-04-03T22:36:29.684+0000] {logging_mixin.py:188} INFO - [2024-04-03T22:36:29.683+0000] {dag.py:3047} INFO - Sync 1 DAGs
[2024-04-03T22:36:29.699+0000] {logging_mixin.py:188} INFO - [2024-04-03T22:36:29.699+0000] {dag.py:3834} INFO - Setting next_dagrun for latest_only to 2024-04-03 16:00:00+00:00, run_after=2024-04-03 20:00:00+00:00
[2024-04-03T22:36:29.716+0000] {processor.py:183} INFO - Processing /home/airflow/.local/lib/python3.8/site-packages/airflow/example_dags/example_latest_only.py took 0.060 seconds
[2024-04-03T22:36:59.847+0000] {processor.py:161} INFO - Started process (PID=521) to work on /home/airflow/.local/lib/python3.8/site-packages/airflow/example_dags/example_latest_only.py
[2024-04-03T22:36:59.848+0000] {processor.py:830} INFO - Processing file /home/airflow/.local/lib/python3.8/site-packages/airflow/example_dags/example_latest_only.py for tasks to queue
[2024-04-03T22:36:59.849+0000] {logging_mixin.py:188} INFO - [2024-04-03T22:36:59.849+0000] {dagbag.py:540} INFO - Filling up the DagBag from /home/airflow/.local/lib/python3.8/site-packages/airflow/example_dags/example_latest_only.py
[2024-04-03T22:36:59.855+0000] {processor.py:840} INFO - DAG(s) 'latest_only' retrieved from /home/airflow/.local/lib/python3.8/site-packages/airflow/example_dags/example_latest_only.py
[2024-04-03T22:36:59.871+0000] {logging_mixin.py:188} INFO - [2024-04-03T22:36:59.871+0000] {dag.py:3047} INFO - Sync 1 DAGs
[2024-04-03T22:36:59.887+0000] {logging_mixin.py:188} INFO - [2024-04-03T22:36:59.887+0000] {dag.py:3834} INFO - Setting next_dagrun for latest_only to 2024-04-03 16:00:00+00:00, run_after=2024-04-03 20:00:00+00:00
[2024-04-03T22:36:59.914+0000] {processor.py:183} INFO - Processing /home/airflow/.local/lib/python3.8/site-packages/airflow/example_dags/example_latest_only.py took 0.070 seconds
[2024-04-03T22:37:30.505+0000] {processor.py:161} INFO - Started process (PID=575) to work on /home/airflow/.local/lib/python3.8/site-packages/airflow/example_dags/example_latest_only.py
[2024-04-03T22:37:30.506+0000] {processor.py:830} INFO - Processing file /home/airflow/.local/lib/python3.8/site-packages/airflow/example_dags/example_latest_only.py for tasks to queue
[2024-04-03T22:37:30.508+0000] {logging_mixin.py:188} INFO - [2024-04-03T22:37:30.507+0000] {dagbag.py:540} INFO - Filling up the DagBag from /home/airflow/.local/lib/python3.8/site-packages/airflow/example_dags/example_latest_only.py
[2024-04-03T22:37:30.512+0000] {processor.py:840} INFO - DAG(s) 'latest_only' retrieved from /home/airflow/.local/lib/python3.8/site-packages/airflow/example_dags/example_latest_only.py
[2024-04-03T22:37:30.524+0000] {logging_mixin.py:188} INFO - [2024-04-03T22:37:30.524+0000] {dag.py:3047} INFO - Sync 1 DAGs
[2024-04-03T22:37:30.539+0000] {logging_mixin.py:188} INFO - [2024-04-03T22:37:30.539+0000] {dag.py:3834} INFO - Setting next_dagrun for latest_only to 2024-04-03 16:00:00+00:00, run_after=2024-04-03 20:00:00+00:00
[2024-04-03T22:37:30.552+0000] {processor.py:183} INFO - Processing /home/airflow/.local/lib/python3.8/site-packages/airflow/example_dags/example_latest_only.py took 0.049 seconds
[2024-04-03T22:38:00.997+0000] {processor.py:161} INFO - Started process (PID=631) to work on /home/airflow/.local/lib/python3.8/site-packages/airflow/example_dags/example_latest_only.py
[2024-04-03T22:38:00.997+0000] {processor.py:830} INFO - Processing file /home/airflow/.local/lib/python3.8/site-packages/airflow/example_dags/example_latest_only.py for tasks to queue
[2024-04-03T22:38:01.001+0000] {logging_mixin.py:188} INFO - [2024-04-03T22:38:01.000+0000] {dagbag.py:540} INFO - Filling up the DagBag from /home/airflow/.local/lib/python3.8/site-packages/airflow/example_dags/example_latest_only.py
[2024-04-03T22:38:01.004+0000] {processor.py:840} INFO - DAG(s) 'latest_only' retrieved from /home/airflow/.local/lib/python3.8/site-packages/airflow/example_dags/example_latest_only.py
[2024-04-03T22:38:01.021+0000] {logging_mixin.py:188} INFO - [2024-04-03T22:38:01.021+0000] {dag.py:3047} INFO - Sync 1 DAGs
[2024-04-03T22:38:01.039+0000] {logging_mixin.py:188} INFO - [2024-04-03T22:38:01.039+0000] {dag.py:3834} INFO - Setting next_dagrun for latest_only to 2024-04-03 16:00:00+00:00, run_after=2024-04-03 20:00:00+00:00
[2024-04-03T22:38:01.062+0000] {processor.py:183} INFO - Processing /home/airflow/.local/lib/python3.8/site-packages/airflow/example_dags/example_latest_only.py took 0.067 seconds
[2024-04-03T22:38:31.309+0000] {processor.py:161} INFO - Started process (PID=686) to work on /home/airflow/.local/lib/python3.8/site-packages/airflow/example_dags/example_latest_only.py
[2024-04-03T22:38:31.310+0000] {processor.py:830} INFO - Processing file /home/airflow/.local/lib/python3.8/site-packages/airflow/example_dags/example_latest_only.py for tasks to queue
[2024-04-03T22:38:31.312+0000] {logging_mixin.py:188} INFO - [2024-04-03T22:38:31.311+0000] {dagbag.py:540} INFO - Filling up the DagBag from /home/airflow/.local/lib/python3.8/site-packages/airflow/example_dags/example_latest_only.py
[2024-04-03T22:38:31.315+0000] {processor.py:840} INFO - DAG(s) 'latest_only' retrieved from /home/airflow/.local/lib/python3.8/site-packages/airflow/example_dags/example_latest_only.py
[2024-04-03T22:38:31.331+0000] {logging_mixin.py:188} INFO - [2024-04-03T22:38:31.331+0000] {dag.py:3047} INFO - Sync 1 DAGs
[2024-04-03T22:38:31.349+0000] {logging_mixin.py:188} INFO - [2024-04-03T22:38:31.349+0000] {dag.py:3834} INFO - Setting next_dagrun for latest_only to 2024-04-03 16:00:00+00:00, run_after=2024-04-03 20:00:00+00:00
[2024-04-03T22:38:31.373+0000] {processor.py:183} INFO - Processing /home/airflow/.local/lib/python3.8/site-packages/airflow/example_dags/example_latest_only.py took 0.066 seconds
[2024-04-03T22:39:01.437+0000] {processor.py:161} INFO - Started process (PID=741) to work on /home/airflow/.local/lib/python3.8/site-packages/airflow/example_dags/example_latest_only.py
[2024-04-03T22:39:01.442+0000] {processor.py:830} INFO - Processing file /home/airflow/.local/lib/python3.8/site-packages/airflow/example_dags/example_latest_only.py for tasks to queue
[2024-04-03T22:39:01.443+0000] {logging_mixin.py:188} INFO - [2024-04-03T22:39:01.443+0000] {dagbag.py:540} INFO - Filling up the DagBag from /home/airflow/.local/lib/python3.8/site-packages/airflow/example_dags/example_latest_only.py
[2024-04-03T22:39:01.446+0000] {processor.py:840} INFO - DAG(s) 'latest_only' retrieved from /home/airflow/.local/lib/python3.8/site-packages/airflow/example_dags/example_latest_only.py
[2024-04-03T22:39:01.461+0000] {logging_mixin.py:188} INFO - [2024-04-03T22:39:01.460+0000] {dag.py:3047} INFO - Sync 1 DAGs
[2024-04-03T22:39:01.476+0000] {logging_mixin.py:188} INFO - [2024-04-03T22:39:01.475+0000] {dag.py:3834} INFO - Setting next_dagrun for latest_only to 2024-04-03 16:00:00+00:00, run_after=2024-04-03 20:00:00+00:00
[2024-04-03T22:39:01.490+0000] {processor.py:183} INFO - Processing /home/airflow/.local/lib/python3.8/site-packages/airflow/example_dags/example_latest_only.py took 0.055 seconds
[2024-04-03T22:39:31.783+0000] {processor.py:161} INFO - Started process (PID=795) to work on /home/airflow/.local/lib/python3.8/site-packages/airflow/example_dags/example_latest_only.py
[2024-04-03T22:39:31.784+0000] {processor.py:830} INFO - Processing file /home/airflow/.local/lib/python3.8/site-packages/airflow/example_dags/example_latest_only.py for tasks to queue
[2024-04-03T22:39:31.786+0000] {logging_mixin.py:188} INFO - [2024-04-03T22:39:31.785+0000] {dagbag.py:540} INFO - Filling up the DagBag from /home/airflow/.local/lib/python3.8/site-packages/airflow/example_dags/example_latest_only.py
[2024-04-03T22:39:31.789+0000] {processor.py:840} INFO - DAG(s) 'latest_only' retrieved from /home/airflow/.local/lib/python3.8/site-packages/airflow/example_dags/example_latest_only.py
[2024-04-03T22:39:31.802+0000] {logging_mixin.py:188} INFO - [2024-04-03T22:39:31.802+0000] {dag.py:3047} INFO - Sync 1 DAGs
[2024-04-03T22:39:31.816+0000] {logging_mixin.py:188} INFO - [2024-04-03T22:39:31.816+0000] {dag.py:3834} INFO - Setting next_dagrun for latest_only to 2024-04-03 16:00:00+00:00, run_after=2024-04-03 20:00:00+00:00
[2024-04-03T22:39:31.830+0000] {processor.py:183} INFO - Processing /home/airflow/.local/lib/python3.8/site-packages/airflow/example_dags/example_latest_only.py took 0.049 seconds
[2024-04-03T22:40:02.100+0000] {processor.py:161} INFO - Started process (PID=850) to work on /home/airflow/.local/lib/python3.8/site-packages/airflow/example_dags/example_latest_only.py
[2024-04-03T22:40:02.101+0000] {processor.py:830} INFO - Processing file /home/airflow/.local/lib/python3.8/site-packages/airflow/example_dags/example_latest_only.py for tasks to queue
[2024-04-03T22:40:02.102+0000] {logging_mixin.py:188} INFO - [2024-04-03T22:40:02.102+0000] {dagbag.py:540} INFO - Filling up the DagBag from /home/airflow/.local/lib/python3.8/site-packages/airflow/example_dags/example_latest_only.py
[2024-04-03T22:40:02.106+0000] {processor.py:840} INFO - DAG(s) 'latest_only' retrieved from /home/airflow/.local/lib/python3.8/site-packages/airflow/example_dags/example_latest_only.py
[2024-04-03T22:40:02.124+0000] {logging_mixin.py:188} INFO - [2024-04-03T22:40:02.124+0000] {dag.py:3047} INFO - Sync 1 DAGs
[2024-04-03T22:40:02.139+0000] {logging_mixin.py:188} INFO - [2024-04-03T22:40:02.139+0000] {dag.py:3834} INFO - Setting next_dagrun for latest_only to 2024-04-03 16:00:00+00:00, run_after=2024-04-03 20:00:00+00:00
[2024-04-03T22:40:02.155+0000] {processor.py:183} INFO - Processing /home/airflow/.local/lib/python3.8/site-packages/airflow/example_dags/example_latest_only.py took 0.058 seconds
[2024-04-03T22:40:32.449+0000] {processor.py:161} INFO - Started process (PID=905) to work on /home/airflow/.local/lib/python3.8/site-packages/airflow/example_dags/example_latest_only.py
[2024-04-03T22:40:32.450+0000] {processor.py:830} INFO - Processing file /home/airflow/.local/lib/python3.8/site-packages/airflow/example_dags/example_latest_only.py for tasks to queue
[2024-04-03T22:40:32.451+0000] {logging_mixin.py:188} INFO - [2024-04-03T22:40:32.451+0000] {dagbag.py:540} INFO - Filling up the DagBag from /home/airflow/.local/lib/python3.8/site-packages/airflow/example_dags/example_latest_only.py
[2024-04-03T22:40:32.454+0000] {processor.py:840} INFO - DAG(s) 'latest_only' retrieved from /home/airflow/.local/lib/python3.8/site-packages/airflow/example_dags/example_latest_only.py
[2024-04-03T22:40:32.467+0000] {logging_mixin.py:188} INFO - [2024-04-03T22:40:32.467+0000] {dag.py:3047} INFO - Sync 1 DAGs
[2024-04-03T22:40:32.481+0000] {logging_mixin.py:188} INFO - [2024-04-03T22:40:32.481+0000] {dag.py:3834} INFO - Setting next_dagrun for latest_only to 2024-04-03 16:00:00+00:00, run_after=2024-04-03 20:00:00+00:00
[2024-04-03T22:40:32.496+0000] {processor.py:183} INFO - Processing /home/airflow/.local/lib/python3.8/site-packages/airflow/example_dags/example_latest_only.py took 0.049 seconds
[2024-04-03T22:41:02.800+0000] {processor.py:161} INFO - Started process (PID=960) to work on /home/airflow/.local/lib/python3.8/site-packages/airflow/example_dags/example_latest_only.py
[2024-04-03T22:41:02.801+0000] {processor.py:830} INFO - Processing file /home/airflow/.local/lib/python3.8/site-packages/airflow/example_dags/example_latest_only.py for tasks to queue
[2024-04-03T22:41:02.802+0000] {logging_mixin.py:188} INFO - [2024-04-03T22:41:02.802+0000] {dagbag.py:540} INFO - Filling up the DagBag from /home/airflow/.local/lib/python3.8/site-packages/airflow/example_dags/example_latest_only.py
[2024-04-03T22:41:02.805+0000] {processor.py:840} INFO - DAG(s) 'latest_only' retrieved from /home/airflow/.local/lib/python3.8/site-packages/airflow/example_dags/example_latest_only.py
[2024-04-03T22:41:02.819+0000] {logging_mixin.py:188} INFO - [2024-04-03T22:41:02.818+0000] {dag.py:3047} INFO - Sync 1 DAGs
[2024-04-03T22:41:02.832+0000] {logging_mixin.py:188} INFO - [2024-04-03T22:41:02.832+0000] {dag.py:3834} INFO - Setting next_dagrun for latest_only to 2024-04-03 16:00:00+00:00, run_after=2024-04-03 20:00:00+00:00
[2024-04-03T22:41:02.847+0000] {processor.py:183} INFO - Processing /home/airflow/.local/lib/python3.8/site-packages/airflow/example_dags/example_latest_only.py took 0.050 seconds
[2024-04-03T22:41:33.271+0000] {processor.py:161} INFO - Started process (PID=1015) to work on /home/airflow/.local/lib/python3.8/site-packages/airflow/example_dags/example_latest_only.py
[2024-04-03T22:41:33.272+0000] {processor.py:830} INFO - Processing file /home/airflow/.local/lib/python3.8/site-packages/airflow/example_dags/example_latest_only.py for tasks to queue
[2024-04-03T22:41:33.273+0000] {logging_mixin.py:188} INFO - [2024-04-03T22:41:33.273+0000] {dagbag.py:540} INFO - Filling up the DagBag from /home/airflow/.local/lib/python3.8/site-packages/airflow/example_dags/example_latest_only.py
[2024-04-03T22:41:33.277+0000] {processor.py:840} INFO - DAG(s) 'latest_only' retrieved from /home/airflow/.local/lib/python3.8/site-packages/airflow/example_dags/example_latest_only.py
[2024-04-03T22:41:33.296+0000] {logging_mixin.py:188} INFO - [2024-04-03T22:41:33.296+0000] {dag.py:3047} INFO - Sync 1 DAGs
[2024-04-03T22:41:33.310+0000] {logging_mixin.py:188} INFO - [2024-04-03T22:41:33.310+0000] {dag.py:3834} INFO - Setting next_dagrun for latest_only to 2024-04-03 16:00:00+00:00, run_after=2024-04-03 20:00:00+00:00
[2024-04-03T22:41:33.324+0000] {processor.py:183} INFO - Processing /home/airflow/.local/lib/python3.8/site-packages/airflow/example_dags/example_latest_only.py took 0.056 seconds
[2024-04-03T22:42:03.857+0000] {processor.py:161} INFO - Started process (PID=1070) to work on /home/airflow/.local/lib/python3.8/site-packages/airflow/example_dags/example_latest_only.py
[2024-04-03T22:42:03.857+0000] {processor.py:830} INFO - Processing file /home/airflow/.local/lib/python3.8/site-packages/airflow/example_dags/example_latest_only.py for tasks to queue
[2024-04-03T22:42:03.859+0000] {logging_mixin.py:188} INFO - [2024-04-03T22:42:03.858+0000] {dagbag.py:540} INFO - Filling up the DagBag from /home/airflow/.local/lib/python3.8/site-packages/airflow/example_dags/example_latest_only.py
[2024-04-03T22:42:03.862+0000] {processor.py:840} INFO - DAG(s) 'latest_only' retrieved from /home/airflow/.local/lib/python3.8/site-packages/airflow/example_dags/example_latest_only.py
[2024-04-03T22:42:03.877+0000] {logging_mixin.py:188} INFO - [2024-04-03T22:42:03.877+0000] {dag.py:3047} INFO - Sync 1 DAGs
[2024-04-03T22:42:03.892+0000] {logging_mixin.py:188} INFO - [2024-04-03T22:42:03.891+0000] {dag.py:3834} INFO - Setting next_dagrun for latest_only to 2024-04-03 16:00:00+00:00, run_after=2024-04-03 20:00:00+00:00
[2024-04-03T22:42:03.907+0000] {processor.py:183} INFO - Processing /home/airflow/.local/lib/python3.8/site-packages/airflow/example_dags/example_latest_only.py took 0.053 seconds
[2024-04-03T22:42:34.143+0000] {processor.py:161} INFO - Started process (PID=1125) to work on /home/airflow/.local/lib/python3.8/site-packages/airflow/example_dags/example_latest_only.py
[2024-04-03T22:42:34.144+0000] {processor.py:830} INFO - Processing file /home/airflow/.local/lib/python3.8/site-packages/airflow/example_dags/example_latest_only.py for tasks to queue
[2024-04-03T22:42:34.145+0000] {logging_mixin.py:188} INFO - [2024-04-03T22:42:34.145+0000] {dagbag.py:540} INFO - Filling up the DagBag from /home/airflow/.local/lib/python3.8/site-packages/airflow/example_dags/example_latest_only.py
[2024-04-03T22:42:34.149+0000] {processor.py:840} INFO - DAG(s) 'latest_only' retrieved from /home/airflow/.local/lib/python3.8/site-packages/airflow/example_dags/example_latest_only.py
[2024-04-03T22:42:34.162+0000] {logging_mixin.py:188} INFO - [2024-04-03T22:42:34.161+0000] {dag.py:3047} INFO - Sync 1 DAGs
[2024-04-03T22:42:34.177+0000] {logging_mixin.py:188} INFO - [2024-04-03T22:42:34.177+0000] {dag.py:3834} INFO - Setting next_dagrun for latest_only to 2024-04-03 16:00:00+00:00, run_after=2024-04-03 20:00:00+00:00
[2024-04-03T22:42:34.190+0000] {processor.py:183} INFO - Processing /home/airflow/.local/lib/python3.8/site-packages/airflow/example_dags/example_latest_only.py took 0.049 seconds
