[2024-04-03T22:24:58.840+0000] {processor.py:161} INFO - Started process (PID=67) to work on /home/airflow/.local/lib/python3.8/site-packages/airflow/example_dags/example_datasets.py
[2024-04-03T22:24:58.841+0000] {processor.py:830} INFO - Processing file /home/airflow/.local/lib/python3.8/site-packages/airflow/example_dags/example_datasets.py for tasks to queue
[2024-04-03T22:24:58.842+0000] {logging_mixin.py:188} INFO - [2024-04-03T22:24:58.842+0000] {dagbag.py:540} INFO - Filling up the DagBag from /home/airflow/.local/lib/python3.8/site-packages/airflow/example_dags/example_datasets.py
[2024-04-03T22:24:58.855+0000] {processor.py:840} INFO - DAG(s) 'dataset_consumes_1', 'dataset_consumes_unknown_never_scheduled', 'dataset_produces_2', 'dataset_produces_1', 'dataset_consumes_1_and_2', 'dataset_consumes_1_never_scheduled' retrieved from /home/airflow/.local/lib/python3.8/site-packages/airflow/example_dags/example_datasets.py
[2024-04-03T22:24:58.870+0000] {logging_mixin.py:188} INFO - [2024-04-03T22:24:58.870+0000] {dag.py:3047} INFO - Sync 6 DAGs
[2024-04-03T22:24:58.892+0000] {logging_mixin.py:188} INFO - [2024-04-03T22:24:58.892+0000] {dag.py:3834} INFO - Setting next_dagrun for dataset_consumes_1 to None, run_after=None
[2024-04-03T22:24:58.895+0000] {logging_mixin.py:188} INFO - [2024-04-03T22:24:58.895+0000] {dag.py:3834} INFO - Setting next_dagrun for dataset_consumes_1_and_2 to None, run_after=None
[2024-04-03T22:24:58.897+0000] {logging_mixin.py:188} INFO - [2024-04-03T22:24:58.897+0000] {dag.py:3834} INFO - Setting next_dagrun for dataset_consumes_1_never_scheduled to None, run_after=None
[2024-04-03T22:24:58.899+0000] {logging_mixin.py:188} INFO - [2024-04-03T22:24:58.899+0000] {dag.py:3834} INFO - Setting next_dagrun for dataset_consumes_unknown_never_scheduled to None, run_after=None
[2024-04-03T22:24:58.903+0000] {logging_mixin.py:188} INFO - [2024-04-03T22:24:58.902+0000] {dag.py:3834} INFO - Setting next_dagrun for dataset_produces_1 to 2024-04-02 00:00:00+00:00, run_after=2024-04-03 00:00:00+00:00
[2024-04-03T22:24:58.905+0000] {logging_mixin.py:188} INFO - [2024-04-03T22:24:58.904+0000] {dag.py:3834} INFO - Setting next_dagrun for dataset_produces_2 to None, run_after=None
[2024-04-03T22:24:58.938+0000] {processor.py:183} INFO - Processing /home/airflow/.local/lib/python3.8/site-packages/airflow/example_dags/example_datasets.py took 0.100 seconds
[2024-04-03T22:25:29.209+0000] {processor.py:161} INFO - Started process (PID=122) to work on /home/airflow/.local/lib/python3.8/site-packages/airflow/example_dags/example_datasets.py
[2024-04-03T22:25:29.210+0000] {processor.py:830} INFO - Processing file /home/airflow/.local/lib/python3.8/site-packages/airflow/example_dags/example_datasets.py for tasks to queue
[2024-04-03T22:25:29.212+0000] {logging_mixin.py:188} INFO - [2024-04-03T22:25:29.211+0000] {dagbag.py:540} INFO - Filling up the DagBag from /home/airflow/.local/lib/python3.8/site-packages/airflow/example_dags/example_datasets.py
[2024-04-03T22:25:29.218+0000] {processor.py:840} INFO - DAG(s) 'dataset_consumes_1_and_2', 'dataset_produces_1', 'dataset_consumes_1_never_scheduled', 'dataset_produces_2', 'dataset_consumes_1', 'dataset_consumes_unknown_never_scheduled' retrieved from /home/airflow/.local/lib/python3.8/site-packages/airflow/example_dags/example_datasets.py
[2024-04-03T22:25:29.321+0000] {logging_mixin.py:188} INFO - [2024-04-03T22:25:29.321+0000] {dag.py:3047} INFO - Sync 6 DAGs
[2024-04-03T22:25:29.334+0000] {logging_mixin.py:188} INFO - [2024-04-03T22:25:29.334+0000] {dag.py:3834} INFO - Setting next_dagrun for dataset_consumes_1 to None, run_after=None
[2024-04-03T22:25:29.336+0000] {logging_mixin.py:188} INFO - [2024-04-03T22:25:29.336+0000] {dag.py:3834} INFO - Setting next_dagrun for dataset_consumes_1_and_2 to None, run_after=None
[2024-04-03T22:25:29.338+0000] {logging_mixin.py:188} INFO - [2024-04-03T22:25:29.337+0000] {dag.py:3834} INFO - Setting next_dagrun for dataset_consumes_1_never_scheduled to None, run_after=None
[2024-04-03T22:25:29.339+0000] {logging_mixin.py:188} INFO - [2024-04-03T22:25:29.339+0000] {dag.py:3834} INFO - Setting next_dagrun for dataset_consumes_unknown_never_scheduled to None, run_after=None
[2024-04-03T22:25:29.341+0000] {logging_mixin.py:188} INFO - [2024-04-03T22:25:29.341+0000] {dag.py:3834} INFO - Setting next_dagrun for dataset_produces_1 to 2024-04-02 00:00:00+00:00, run_after=2024-04-03 00:00:00+00:00
[2024-04-03T22:25:29.342+0000] {logging_mixin.py:188} INFO - [2024-04-03T22:25:29.342+0000] {dag.py:3834} INFO - Setting next_dagrun for dataset_produces_2 to None, run_after=None
[2024-04-03T22:25:29.365+0000] {processor.py:183} INFO - Processing /home/airflow/.local/lib/python3.8/site-packages/airflow/example_dags/example_datasets.py took 0.158 seconds
[2024-04-03T22:26:00.276+0000] {processor.py:161} INFO - Started process (PID=177) to work on /home/airflow/.local/lib/python3.8/site-packages/airflow/example_dags/example_datasets.py
[2024-04-03T22:26:00.277+0000] {processor.py:830} INFO - Processing file /home/airflow/.local/lib/python3.8/site-packages/airflow/example_dags/example_datasets.py for tasks to queue
[2024-04-03T22:26:00.278+0000] {logging_mixin.py:188} INFO - [2024-04-03T22:26:00.278+0000] {dagbag.py:540} INFO - Filling up the DagBag from /home/airflow/.local/lib/python3.8/site-packages/airflow/example_dags/example_datasets.py
[2024-04-03T22:26:00.285+0000] {processor.py:840} INFO - DAG(s) 'dataset_consumes_1_never_scheduled', 'dataset_consumes_1', 'dataset_produces_2', 'dataset_produces_1', 'dataset_consumes_1_and_2', 'dataset_consumes_unknown_never_scheduled' retrieved from /home/airflow/.local/lib/python3.8/site-packages/airflow/example_dags/example_datasets.py
[2024-04-03T22:26:00.312+0000] {logging_mixin.py:188} INFO - [2024-04-03T22:26:00.311+0000] {dag.py:3047} INFO - Sync 6 DAGs
[2024-04-03T22:26:00.333+0000] {logging_mixin.py:188} INFO - [2024-04-03T22:26:00.333+0000] {dag.py:3834} INFO - Setting next_dagrun for dataset_consumes_1 to None, run_after=None
[2024-04-03T22:26:00.336+0000] {logging_mixin.py:188} INFO - [2024-04-03T22:26:00.336+0000] {dag.py:3834} INFO - Setting next_dagrun for dataset_consumes_1_and_2 to None, run_after=None
[2024-04-03T22:26:00.337+0000] {logging_mixin.py:188} INFO - [2024-04-03T22:26:00.337+0000] {dag.py:3834} INFO - Setting next_dagrun for dataset_consumes_1_never_scheduled to None, run_after=None
[2024-04-03T22:26:00.338+0000] {logging_mixin.py:188} INFO - [2024-04-03T22:26:00.338+0000] {dag.py:3834} INFO - Setting next_dagrun for dataset_consumes_unknown_never_scheduled to None, run_after=None
[2024-04-03T22:26:00.340+0000] {logging_mixin.py:188} INFO - [2024-04-03T22:26:00.339+0000] {dag.py:3834} INFO - Setting next_dagrun for dataset_produces_1 to 2024-04-02 00:00:00+00:00, run_after=2024-04-03 00:00:00+00:00
[2024-04-03T22:26:00.341+0000] {logging_mixin.py:188} INFO - [2024-04-03T22:26:00.340+0000] {dag.py:3834} INFO - Setting next_dagrun for dataset_produces_2 to None, run_after=None
[2024-04-03T22:26:00.365+0000] {processor.py:183} INFO - Processing /home/airflow/.local/lib/python3.8/site-packages/airflow/example_dags/example_datasets.py took 0.092 seconds
[2024-04-03T22:26:30.461+0000] {processor.py:161} INFO - Started process (PID=232) to work on /home/airflow/.local/lib/python3.8/site-packages/airflow/example_dags/example_datasets.py
[2024-04-03T22:26:30.462+0000] {processor.py:830} INFO - Processing file /home/airflow/.local/lib/python3.8/site-packages/airflow/example_dags/example_datasets.py for tasks to queue
[2024-04-03T22:26:30.463+0000] {logging_mixin.py:188} INFO - [2024-04-03T22:26:30.463+0000] {dagbag.py:540} INFO - Filling up the DagBag from /home/airflow/.local/lib/python3.8/site-packages/airflow/example_dags/example_datasets.py
[2024-04-03T22:26:30.470+0000] {processor.py:840} INFO - DAG(s) 'dataset_produces_1', 'dataset_consumes_1_and_2', 'dataset_consumes_unknown_never_scheduled', 'dataset_consumes_1_never_scheduled', 'dataset_produces_2', 'dataset_consumes_1' retrieved from /home/airflow/.local/lib/python3.8/site-packages/airflow/example_dags/example_datasets.py
[2024-04-03T22:26:30.497+0000] {logging_mixin.py:188} INFO - [2024-04-03T22:26:30.497+0000] {dag.py:3047} INFO - Sync 6 DAGs
[2024-04-03T22:26:30.520+0000] {logging_mixin.py:188} INFO - [2024-04-03T22:26:30.520+0000] {dag.py:3834} INFO - Setting next_dagrun for dataset_consumes_1 to None, run_after=None
[2024-04-03T22:26:30.523+0000] {logging_mixin.py:188} INFO - [2024-04-03T22:26:30.522+0000] {dag.py:3834} INFO - Setting next_dagrun for dataset_consumes_1_and_2 to None, run_after=None
[2024-04-03T22:26:30.525+0000] {logging_mixin.py:188} INFO - [2024-04-03T22:26:30.524+0000] {dag.py:3834} INFO - Setting next_dagrun for dataset_consumes_1_never_scheduled to None, run_after=None
[2024-04-03T22:26:30.526+0000] {logging_mixin.py:188} INFO - [2024-04-03T22:26:30.526+0000] {dag.py:3834} INFO - Setting next_dagrun for dataset_consumes_unknown_never_scheduled to None, run_after=None
[2024-04-03T22:26:30.528+0000] {logging_mixin.py:188} INFO - [2024-04-03T22:26:30.528+0000] {dag.py:3834} INFO - Setting next_dagrun for dataset_produces_1 to 2024-04-02 00:00:00+00:00, run_after=2024-04-03 00:00:00+00:00
[2024-04-03T22:26:30.552+0000] {logging_mixin.py:188} INFO - [2024-04-03T22:26:30.552+0000] {dag.py:3834} INFO - Setting next_dagrun for dataset_produces_2 to None, run_after=None
[2024-04-03T22:26:30.581+0000] {processor.py:183} INFO - Processing /home/airflow/.local/lib/python3.8/site-packages/airflow/example_dags/example_datasets.py took 0.123 seconds
[2024-04-03T22:27:01.148+0000] {processor.py:161} INFO - Started process (PID=287) to work on /home/airflow/.local/lib/python3.8/site-packages/airflow/example_dags/example_datasets.py
[2024-04-03T22:27:01.148+0000] {processor.py:830} INFO - Processing file /home/airflow/.local/lib/python3.8/site-packages/airflow/example_dags/example_datasets.py for tasks to queue
[2024-04-03T22:27:01.150+0000] {logging_mixin.py:188} INFO - [2024-04-03T22:27:01.150+0000] {dagbag.py:540} INFO - Filling up the DagBag from /home/airflow/.local/lib/python3.8/site-packages/airflow/example_dags/example_datasets.py
[2024-04-03T22:27:01.156+0000] {processor.py:840} INFO - DAG(s) 'dataset_consumes_unknown_never_scheduled', 'dataset_produces_2', 'dataset_consumes_1', 'dataset_consumes_1_never_scheduled', 'dataset_consumes_1_and_2', 'dataset_produces_1' retrieved from /home/airflow/.local/lib/python3.8/site-packages/airflow/example_dags/example_datasets.py
[2024-04-03T22:27:01.179+0000] {logging_mixin.py:188} INFO - [2024-04-03T22:27:01.179+0000] {dag.py:3047} INFO - Sync 6 DAGs
[2024-04-03T22:27:01.194+0000] {logging_mixin.py:188} INFO - [2024-04-03T22:27:01.193+0000] {dag.py:3834} INFO - Setting next_dagrun for dataset_consumes_1 to None, run_after=None
[2024-04-03T22:27:01.197+0000] {logging_mixin.py:188} INFO - [2024-04-03T22:27:01.196+0000] {dag.py:3834} INFO - Setting next_dagrun for dataset_consumes_1_and_2 to None, run_after=None
[2024-04-03T22:27:01.198+0000] {logging_mixin.py:188} INFO - [2024-04-03T22:27:01.198+0000] {dag.py:3834} INFO - Setting next_dagrun for dataset_consumes_1_never_scheduled to None, run_after=None
[2024-04-03T22:27:01.199+0000] {logging_mixin.py:188} INFO - [2024-04-03T22:27:01.199+0000] {dag.py:3834} INFO - Setting next_dagrun for dataset_consumes_unknown_never_scheduled to None, run_after=None
[2024-04-03T22:27:01.202+0000] {logging_mixin.py:188} INFO - [2024-04-03T22:27:01.201+0000] {dag.py:3834} INFO - Setting next_dagrun for dataset_produces_1 to 2024-04-02 00:00:00+00:00, run_after=2024-04-03 00:00:00+00:00
[2024-04-03T22:27:01.203+0000] {logging_mixin.py:188} INFO - [2024-04-03T22:27:01.203+0000] {dag.py:3834} INFO - Setting next_dagrun for dataset_produces_2 to None, run_after=None
[2024-04-03T22:27:01.224+0000] {processor.py:183} INFO - Processing /home/airflow/.local/lib/python3.8/site-packages/airflow/example_dags/example_datasets.py took 0.078 seconds
[2024-04-03T22:27:31.552+0000] {processor.py:161} INFO - Started process (PID=342) to work on /home/airflow/.local/lib/python3.8/site-packages/airflow/example_dags/example_datasets.py
[2024-04-03T22:27:31.553+0000] {processor.py:830} INFO - Processing file /home/airflow/.local/lib/python3.8/site-packages/airflow/example_dags/example_datasets.py for tasks to queue
[2024-04-03T22:27:31.554+0000] {logging_mixin.py:188} INFO - [2024-04-03T22:27:31.554+0000] {dagbag.py:540} INFO - Filling up the DagBag from /home/airflow/.local/lib/python3.8/site-packages/airflow/example_dags/example_datasets.py
[2024-04-03T22:27:31.561+0000] {processor.py:840} INFO - DAG(s) 'dataset_produces_1', 'dataset_consumes_unknown_never_scheduled', 'dataset_consumes_1', 'dataset_consumes_1_never_scheduled', 'dataset_consumes_1_and_2', 'dataset_produces_2' retrieved from /home/airflow/.local/lib/python3.8/site-packages/airflow/example_dags/example_datasets.py
[2024-04-03T22:27:31.587+0000] {logging_mixin.py:188} INFO - [2024-04-03T22:27:31.587+0000] {dag.py:3047} INFO - Sync 6 DAGs
[2024-04-03T22:27:31.603+0000] {logging_mixin.py:188} INFO - [2024-04-03T22:27:31.602+0000] {dag.py:3834} INFO - Setting next_dagrun for dataset_consumes_1 to None, run_after=None
[2024-04-03T22:27:31.605+0000] {logging_mixin.py:188} INFO - [2024-04-03T22:27:31.605+0000] {dag.py:3834} INFO - Setting next_dagrun for dataset_consumes_1_and_2 to None, run_after=None
[2024-04-03T22:27:31.606+0000] {logging_mixin.py:188} INFO - [2024-04-03T22:27:31.606+0000] {dag.py:3834} INFO - Setting next_dagrun for dataset_consumes_1_never_scheduled to None, run_after=None
[2024-04-03T22:27:31.607+0000] {logging_mixin.py:188} INFO - [2024-04-03T22:27:31.607+0000] {dag.py:3834} INFO - Setting next_dagrun for dataset_consumes_unknown_never_scheduled to None, run_after=None
[2024-04-03T22:27:31.609+0000] {logging_mixin.py:188} INFO - [2024-04-03T22:27:31.609+0000] {dag.py:3834} INFO - Setting next_dagrun for dataset_produces_1 to 2024-04-02 00:00:00+00:00, run_after=2024-04-03 00:00:00+00:00
[2024-04-03T22:27:31.611+0000] {logging_mixin.py:188} INFO - [2024-04-03T22:27:31.610+0000] {dag.py:3834} INFO - Setting next_dagrun for dataset_produces_2 to None, run_after=None
[2024-04-03T22:27:31.633+0000] {processor.py:183} INFO - Processing /home/airflow/.local/lib/python3.8/site-packages/airflow/example_dags/example_datasets.py took 0.084 seconds
[2024-04-03T22:28:01.758+0000] {processor.py:161} INFO - Started process (PID=397) to work on /home/airflow/.local/lib/python3.8/site-packages/airflow/example_dags/example_datasets.py
[2024-04-03T22:28:01.759+0000] {processor.py:830} INFO - Processing file /home/airflow/.local/lib/python3.8/site-packages/airflow/example_dags/example_datasets.py for tasks to queue
[2024-04-03T22:28:01.760+0000] {logging_mixin.py:188} INFO - [2024-04-03T22:28:01.760+0000] {dagbag.py:540} INFO - Filling up the DagBag from /home/airflow/.local/lib/python3.8/site-packages/airflow/example_dags/example_datasets.py
[2024-04-03T22:28:01.766+0000] {processor.py:840} INFO - DAG(s) 'dataset_produces_1', 'dataset_consumes_unknown_never_scheduled', 'dataset_consumes_1', 'dataset_consumes_1_never_scheduled', 'dataset_consumes_1_and_2', 'dataset_produces_2' retrieved from /home/airflow/.local/lib/python3.8/site-packages/airflow/example_dags/example_datasets.py
[2024-04-03T22:28:01.791+0000] {logging_mixin.py:188} INFO - [2024-04-03T22:28:01.791+0000] {dag.py:3047} INFO - Sync 6 DAGs
[2024-04-03T22:28:01.806+0000] {logging_mixin.py:188} INFO - [2024-04-03T22:28:01.806+0000] {dag.py:3834} INFO - Setting next_dagrun for dataset_consumes_1 to None, run_after=None
[2024-04-03T22:28:01.809+0000] {logging_mixin.py:188} INFO - [2024-04-03T22:28:01.809+0000] {dag.py:3834} INFO - Setting next_dagrun for dataset_consumes_1_and_2 to None, run_after=None
[2024-04-03T22:28:01.810+0000] {logging_mixin.py:188} INFO - [2024-04-03T22:28:01.810+0000] {dag.py:3834} INFO - Setting next_dagrun for dataset_consumes_1_never_scheduled to None, run_after=None
[2024-04-03T22:28:01.812+0000] {logging_mixin.py:188} INFO - [2024-04-03T22:28:01.812+0000] {dag.py:3834} INFO - Setting next_dagrun for dataset_consumes_unknown_never_scheduled to None, run_after=None
[2024-04-03T22:28:01.814+0000] {logging_mixin.py:188} INFO - [2024-04-03T22:28:01.814+0000] {dag.py:3834} INFO - Setting next_dagrun for dataset_produces_1 to 2024-04-02 00:00:00+00:00, run_after=2024-04-03 00:00:00+00:00
[2024-04-03T22:28:01.815+0000] {logging_mixin.py:188} INFO - [2024-04-03T22:28:01.815+0000] {dag.py:3834} INFO - Setting next_dagrun for dataset_produces_2 to None, run_after=None
[2024-04-03T22:28:01.838+0000] {processor.py:183} INFO - Processing /home/airflow/.local/lib/python3.8/site-packages/airflow/example_dags/example_datasets.py took 0.082 seconds
[2024-04-03T22:28:32.131+0000] {processor.py:161} INFO - Started process (PID=452) to work on /home/airflow/.local/lib/python3.8/site-packages/airflow/example_dags/example_datasets.py
[2024-04-03T22:28:32.132+0000] {processor.py:830} INFO - Processing file /home/airflow/.local/lib/python3.8/site-packages/airflow/example_dags/example_datasets.py for tasks to queue
[2024-04-03T22:28:32.133+0000] {logging_mixin.py:188} INFO - [2024-04-03T22:28:32.133+0000] {dagbag.py:540} INFO - Filling up the DagBag from /home/airflow/.local/lib/python3.8/site-packages/airflow/example_dags/example_datasets.py
[2024-04-03T22:28:32.140+0000] {processor.py:840} INFO - DAG(s) 'dataset_consumes_1_and_2', 'dataset_consumes_1_never_scheduled', 'dataset_produces_1', 'dataset_consumes_unknown_never_scheduled', 'dataset_consumes_1', 'dataset_produces_2' retrieved from /home/airflow/.local/lib/python3.8/site-packages/airflow/example_dags/example_datasets.py
[2024-04-03T22:28:32.166+0000] {logging_mixin.py:188} INFO - [2024-04-03T22:28:32.166+0000] {dag.py:3047} INFO - Sync 6 DAGs
[2024-04-03T22:28:32.182+0000] {logging_mixin.py:188} INFO - [2024-04-03T22:28:32.182+0000] {dag.py:3834} INFO - Setting next_dagrun for dataset_consumes_1 to None, run_after=None
[2024-04-03T22:28:32.185+0000] {logging_mixin.py:188} INFO - [2024-04-03T22:28:32.185+0000] {dag.py:3834} INFO - Setting next_dagrun for dataset_consumes_1_and_2 to None, run_after=None
[2024-04-03T22:28:32.187+0000] {logging_mixin.py:188} INFO - [2024-04-03T22:28:32.186+0000] {dag.py:3834} INFO - Setting next_dagrun for dataset_consumes_1_never_scheduled to None, run_after=None
[2024-04-03T22:28:32.188+0000] {logging_mixin.py:188} INFO - [2024-04-03T22:28:32.188+0000] {dag.py:3834} INFO - Setting next_dagrun for dataset_consumes_unknown_never_scheduled to None, run_after=None
[2024-04-03T22:28:32.190+0000] {logging_mixin.py:188} INFO - [2024-04-03T22:28:32.190+0000] {dag.py:3834} INFO - Setting next_dagrun for dataset_produces_1 to 2024-04-02 00:00:00+00:00, run_after=2024-04-03 00:00:00+00:00
[2024-04-03T22:28:32.192+0000] {logging_mixin.py:188} INFO - [2024-04-03T22:28:32.192+0000] {dag.py:3834} INFO - Setting next_dagrun for dataset_produces_2 to None, run_after=None
[2024-04-03T22:28:32.217+0000] {processor.py:183} INFO - Processing /home/airflow/.local/lib/python3.8/site-packages/airflow/example_dags/example_datasets.py took 0.088 seconds
[2024-04-03T22:29:02.628+0000] {processor.py:161} INFO - Started process (PID=507) to work on /home/airflow/.local/lib/python3.8/site-packages/airflow/example_dags/example_datasets.py
[2024-04-03T22:29:02.629+0000] {processor.py:830} INFO - Processing file /home/airflow/.local/lib/python3.8/site-packages/airflow/example_dags/example_datasets.py for tasks to queue
[2024-04-03T22:29:02.630+0000] {logging_mixin.py:188} INFO - [2024-04-03T22:29:02.630+0000] {dagbag.py:540} INFO - Filling up the DagBag from /home/airflow/.local/lib/python3.8/site-packages/airflow/example_dags/example_datasets.py
[2024-04-03T22:29:02.639+0000] {processor.py:840} INFO - DAG(s) 'dataset_consumes_unknown_never_scheduled', 'dataset_produces_1', 'dataset_consumes_1', 'dataset_consumes_1_never_scheduled', 'dataset_consumes_1_and_2', 'dataset_produces_2' retrieved from /home/airflow/.local/lib/python3.8/site-packages/airflow/example_dags/example_datasets.py
[2024-04-03T22:29:02.666+0000] {logging_mixin.py:188} INFO - [2024-04-03T22:29:02.666+0000] {dag.py:3047} INFO - Sync 6 DAGs
[2024-04-03T22:29:02.684+0000] {logging_mixin.py:188} INFO - [2024-04-03T22:29:02.684+0000] {dag.py:3834} INFO - Setting next_dagrun for dataset_consumes_1 to None, run_after=None
[2024-04-03T22:29:02.687+0000] {logging_mixin.py:188} INFO - [2024-04-03T22:29:02.687+0000] {dag.py:3834} INFO - Setting next_dagrun for dataset_consumes_1_and_2 to None, run_after=None
[2024-04-03T22:29:02.688+0000] {logging_mixin.py:188} INFO - [2024-04-03T22:29:02.688+0000] {dag.py:3834} INFO - Setting next_dagrun for dataset_consumes_1_never_scheduled to None, run_after=None
[2024-04-03T22:29:02.690+0000] {logging_mixin.py:188} INFO - [2024-04-03T22:29:02.689+0000] {dag.py:3834} INFO - Setting next_dagrun for dataset_consumes_unknown_never_scheduled to None, run_after=None
[2024-04-03T22:29:02.692+0000] {logging_mixin.py:188} INFO - [2024-04-03T22:29:02.692+0000] {dag.py:3834} INFO - Setting next_dagrun for dataset_produces_1 to 2024-04-02 00:00:00+00:00, run_after=2024-04-03 00:00:00+00:00
[2024-04-03T22:29:02.693+0000] {logging_mixin.py:188} INFO - [2024-04-03T22:29:02.693+0000] {dag.py:3834} INFO - Setting next_dagrun for dataset_produces_2 to None, run_after=None
[2024-04-03T22:29:02.718+0000] {processor.py:183} INFO - Processing /home/airflow/.local/lib/python3.8/site-packages/airflow/example_dags/example_datasets.py took 0.093 seconds
[2024-04-03T22:29:32.975+0000] {processor.py:161} INFO - Started process (PID=562) to work on /home/airflow/.local/lib/python3.8/site-packages/airflow/example_dags/example_datasets.py
[2024-04-03T22:29:32.975+0000] {processor.py:830} INFO - Processing file /home/airflow/.local/lib/python3.8/site-packages/airflow/example_dags/example_datasets.py for tasks to queue
[2024-04-03T22:29:32.977+0000] {logging_mixin.py:188} INFO - [2024-04-03T22:29:32.976+0000] {dagbag.py:540} INFO - Filling up the DagBag from /home/airflow/.local/lib/python3.8/site-packages/airflow/example_dags/example_datasets.py
[2024-04-03T22:29:32.983+0000] {processor.py:840} INFO - DAG(s) 'dataset_consumes_1', 'dataset_consumes_unknown_never_scheduled', 'dataset_consumes_1_never_scheduled', 'dataset_produces_2', 'dataset_produces_1', 'dataset_consumes_1_and_2' retrieved from /home/airflow/.local/lib/python3.8/site-packages/airflow/example_dags/example_datasets.py
[2024-04-03T22:29:33.007+0000] {logging_mixin.py:188} INFO - [2024-04-03T22:29:33.007+0000] {dag.py:3047} INFO - Sync 6 DAGs
[2024-04-03T22:29:33.021+0000] {logging_mixin.py:188} INFO - [2024-04-03T22:29:33.021+0000] {dag.py:3834} INFO - Setting next_dagrun for dataset_consumes_1 to None, run_after=None
[2024-04-03T22:29:33.024+0000] {logging_mixin.py:188} INFO - [2024-04-03T22:29:33.024+0000] {dag.py:3834} INFO - Setting next_dagrun for dataset_consumes_1_and_2 to None, run_after=None
[2024-04-03T22:29:33.025+0000] {logging_mixin.py:188} INFO - [2024-04-03T22:29:33.025+0000] {dag.py:3834} INFO - Setting next_dagrun for dataset_consumes_1_never_scheduled to None, run_after=None
[2024-04-03T22:29:33.028+0000] {logging_mixin.py:188} INFO - [2024-04-03T22:29:33.027+0000] {dag.py:3834} INFO - Setting next_dagrun for dataset_consumes_unknown_never_scheduled to None, run_after=None
[2024-04-03T22:29:33.030+0000] {logging_mixin.py:188} INFO - [2024-04-03T22:29:33.030+0000] {dag.py:3834} INFO - Setting next_dagrun for dataset_produces_1 to 2024-04-02 00:00:00+00:00, run_after=2024-04-03 00:00:00+00:00
[2024-04-03T22:29:33.032+0000] {logging_mixin.py:188} INFO - [2024-04-03T22:29:33.032+0000] {dag.py:3834} INFO - Setting next_dagrun for dataset_produces_2 to None, run_after=None
[2024-04-03T22:29:33.052+0000] {processor.py:183} INFO - Processing /home/airflow/.local/lib/python3.8/site-packages/airflow/example_dags/example_datasets.py took 0.080 seconds
[2024-04-03T22:30:03.238+0000] {processor.py:161} INFO - Started process (PID=617) to work on /home/airflow/.local/lib/python3.8/site-packages/airflow/example_dags/example_datasets.py
[2024-04-03T22:30:03.239+0000] {processor.py:830} INFO - Processing file /home/airflow/.local/lib/python3.8/site-packages/airflow/example_dags/example_datasets.py for tasks to queue
[2024-04-03T22:30:03.241+0000] {logging_mixin.py:188} INFO - [2024-04-03T22:30:03.240+0000] {dagbag.py:540} INFO - Filling up the DagBag from /home/airflow/.local/lib/python3.8/site-packages/airflow/example_dags/example_datasets.py
[2024-04-03T22:30:03.248+0000] {processor.py:840} INFO - DAG(s) 'dataset_consumes_1_and_2', 'dataset_consumes_unknown_never_scheduled', 'dataset_produces_1', 'dataset_produces_2', 'dataset_consumes_1', 'dataset_consumes_1_never_scheduled' retrieved from /home/airflow/.local/lib/python3.8/site-packages/airflow/example_dags/example_datasets.py
[2024-04-03T22:30:03.275+0000] {logging_mixin.py:188} INFO - [2024-04-03T22:30:03.274+0000] {dag.py:3047} INFO - Sync 6 DAGs
[2024-04-03T22:30:03.291+0000] {logging_mixin.py:188} INFO - [2024-04-03T22:30:03.291+0000] {dag.py:3834} INFO - Setting next_dagrun for dataset_consumes_1 to None, run_after=None
[2024-04-03T22:30:03.294+0000] {logging_mixin.py:188} INFO - [2024-04-03T22:30:03.294+0000] {dag.py:3834} INFO - Setting next_dagrun for dataset_consumes_1_and_2 to None, run_after=None
[2024-04-03T22:30:03.296+0000] {logging_mixin.py:188} INFO - [2024-04-03T22:30:03.296+0000] {dag.py:3834} INFO - Setting next_dagrun for dataset_consumes_1_never_scheduled to None, run_after=None
[2024-04-03T22:30:03.298+0000] {logging_mixin.py:188} INFO - [2024-04-03T22:30:03.298+0000] {dag.py:3834} INFO - Setting next_dagrun for dataset_consumes_unknown_never_scheduled to None, run_after=None
[2024-04-03T22:30:03.302+0000] {logging_mixin.py:188} INFO - [2024-04-03T22:30:03.302+0000] {dag.py:3834} INFO - Setting next_dagrun for dataset_produces_1 to 2024-04-02 00:00:00+00:00, run_after=2024-04-03 00:00:00+00:00
[2024-04-03T22:30:03.303+0000] {logging_mixin.py:188} INFO - [2024-04-03T22:30:03.303+0000] {dag.py:3834} INFO - Setting next_dagrun for dataset_produces_2 to None, run_after=None
[2024-04-03T22:30:03.329+0000] {processor.py:183} INFO - Processing /home/airflow/.local/lib/python3.8/site-packages/airflow/example_dags/example_datasets.py took 0.094 seconds
[2024-04-03T22:30:33.607+0000] {processor.py:161} INFO - Started process (PID=672) to work on /home/airflow/.local/lib/python3.8/site-packages/airflow/example_dags/example_datasets.py
[2024-04-03T22:30:33.607+0000] {processor.py:830} INFO - Processing file /home/airflow/.local/lib/python3.8/site-packages/airflow/example_dags/example_datasets.py for tasks to queue
[2024-04-03T22:30:33.609+0000] {logging_mixin.py:188} INFO - [2024-04-03T22:30:33.609+0000] {dagbag.py:540} INFO - Filling up the DagBag from /home/airflow/.local/lib/python3.8/site-packages/airflow/example_dags/example_datasets.py
[2024-04-03T22:30:33.615+0000] {processor.py:840} INFO - DAG(s) 'dataset_produces_1', 'dataset_consumes_unknown_never_scheduled', 'dataset_consumes_1_and_2', 'dataset_consumes_1_never_scheduled', 'dataset_consumes_1', 'dataset_produces_2' retrieved from /home/airflow/.local/lib/python3.8/site-packages/airflow/example_dags/example_datasets.py
[2024-04-03T22:30:33.639+0000] {logging_mixin.py:188} INFO - [2024-04-03T22:30:33.639+0000] {dag.py:3047} INFO - Sync 6 DAGs
[2024-04-03T22:30:33.655+0000] {logging_mixin.py:188} INFO - [2024-04-03T22:30:33.655+0000] {dag.py:3834} INFO - Setting next_dagrun for dataset_consumes_1 to None, run_after=None
[2024-04-03T22:30:33.658+0000] {logging_mixin.py:188} INFO - [2024-04-03T22:30:33.657+0000] {dag.py:3834} INFO - Setting next_dagrun for dataset_consumes_1_and_2 to None, run_after=None
[2024-04-03T22:30:33.659+0000] {logging_mixin.py:188} INFO - [2024-04-03T22:30:33.659+0000] {dag.py:3834} INFO - Setting next_dagrun for dataset_consumes_1_never_scheduled to None, run_after=None
[2024-04-03T22:30:33.661+0000] {logging_mixin.py:188} INFO - [2024-04-03T22:30:33.660+0000] {dag.py:3834} INFO - Setting next_dagrun for dataset_consumes_unknown_never_scheduled to None, run_after=None
[2024-04-03T22:30:33.663+0000] {logging_mixin.py:188} INFO - [2024-04-03T22:30:33.663+0000] {dag.py:3834} INFO - Setting next_dagrun for dataset_produces_1 to 2024-04-02 00:00:00+00:00, run_after=2024-04-03 00:00:00+00:00
[2024-04-03T22:30:33.664+0000] {logging_mixin.py:188} INFO - [2024-04-03T22:30:33.664+0000] {dag.py:3834} INFO - Setting next_dagrun for dataset_produces_2 to None, run_after=None
[2024-04-03T22:30:33.688+0000] {processor.py:183} INFO - Processing /home/airflow/.local/lib/python3.8/site-packages/airflow/example_dags/example_datasets.py took 0.083 seconds
[2024-04-03T22:31:04.142+0000] {processor.py:161} INFO - Started process (PID=727) to work on /home/airflow/.local/lib/python3.8/site-packages/airflow/example_dags/example_datasets.py
[2024-04-03T22:31:04.143+0000] {processor.py:830} INFO - Processing file /home/airflow/.local/lib/python3.8/site-packages/airflow/example_dags/example_datasets.py for tasks to queue
[2024-04-03T22:31:04.145+0000] {logging_mixin.py:188} INFO - [2024-04-03T22:31:04.144+0000] {dagbag.py:540} INFO - Filling up the DagBag from /home/airflow/.local/lib/python3.8/site-packages/airflow/example_dags/example_datasets.py
[2024-04-03T22:31:04.152+0000] {processor.py:840} INFO - DAG(s) 'dataset_consumes_unknown_never_scheduled', 'dataset_consumes_1_never_scheduled', 'dataset_consumes_1', 'dataset_produces_1', 'dataset_produces_2', 'dataset_consumes_1_and_2' retrieved from /home/airflow/.local/lib/python3.8/site-packages/airflow/example_dags/example_datasets.py
[2024-04-03T22:31:04.180+0000] {logging_mixin.py:188} INFO - [2024-04-03T22:31:04.180+0000] {dag.py:3047} INFO - Sync 6 DAGs
[2024-04-03T22:31:04.197+0000] {logging_mixin.py:188} INFO - [2024-04-03T22:31:04.196+0000] {dag.py:3834} INFO - Setting next_dagrun for dataset_consumes_1 to None, run_after=None
[2024-04-03T22:31:04.201+0000] {logging_mixin.py:188} INFO - [2024-04-03T22:31:04.200+0000] {dag.py:3834} INFO - Setting next_dagrun for dataset_consumes_1_and_2 to None, run_after=None
[2024-04-03T22:31:04.203+0000] {logging_mixin.py:188} INFO - [2024-04-03T22:31:04.202+0000] {dag.py:3834} INFO - Setting next_dagrun for dataset_consumes_1_never_scheduled to None, run_after=None
[2024-04-03T22:31:04.204+0000] {logging_mixin.py:188} INFO - [2024-04-03T22:31:04.204+0000] {dag.py:3834} INFO - Setting next_dagrun for dataset_consumes_unknown_never_scheduled to None, run_after=None
[2024-04-03T22:31:04.206+0000] {logging_mixin.py:188} INFO - [2024-04-03T22:31:04.206+0000] {dag.py:3834} INFO - Setting next_dagrun for dataset_produces_1 to 2024-04-02 00:00:00+00:00, run_after=2024-04-03 00:00:00+00:00
[2024-04-03T22:31:04.207+0000] {logging_mixin.py:188} INFO - [2024-04-03T22:31:04.207+0000] {dag.py:3834} INFO - Setting next_dagrun for dataset_produces_2 to None, run_after=None
[2024-04-03T22:31:04.231+0000] {processor.py:183} INFO - Processing /home/airflow/.local/lib/python3.8/site-packages/airflow/example_dags/example_datasets.py took 0.091 seconds
[2024-04-03T22:31:34.754+0000] {processor.py:161} INFO - Started process (PID=782) to work on /home/airflow/.local/lib/python3.8/site-packages/airflow/example_dags/example_datasets.py
[2024-04-03T22:31:34.757+0000] {processor.py:830} INFO - Processing file /home/airflow/.local/lib/python3.8/site-packages/airflow/example_dags/example_datasets.py for tasks to queue
[2024-04-03T22:31:34.758+0000] {logging_mixin.py:188} INFO - [2024-04-03T22:31:34.758+0000] {dagbag.py:540} INFO - Filling up the DagBag from /home/airflow/.local/lib/python3.8/site-packages/airflow/example_dags/example_datasets.py
[2024-04-03T22:31:34.764+0000] {processor.py:840} INFO - DAG(s) 'dataset_consumes_1_and_2', 'dataset_consumes_1', 'dataset_produces_1', 'dataset_consumes_unknown_never_scheduled', 'dataset_produces_2', 'dataset_consumes_1_never_scheduled' retrieved from /home/airflow/.local/lib/python3.8/site-packages/airflow/example_dags/example_datasets.py
[2024-04-03T22:31:34.788+0000] {logging_mixin.py:188} INFO - [2024-04-03T22:31:34.788+0000] {dag.py:3047} INFO - Sync 6 DAGs
[2024-04-03T22:31:34.802+0000] {logging_mixin.py:188} INFO - [2024-04-03T22:31:34.802+0000] {dag.py:3834} INFO - Setting next_dagrun for dataset_consumes_1 to None, run_after=None
[2024-04-03T22:31:34.805+0000] {logging_mixin.py:188} INFO - [2024-04-03T22:31:34.804+0000] {dag.py:3834} INFO - Setting next_dagrun for dataset_consumes_1_and_2 to None, run_after=None
[2024-04-03T22:31:34.806+0000] {logging_mixin.py:188} INFO - [2024-04-03T22:31:34.806+0000] {dag.py:3834} INFO - Setting next_dagrun for dataset_consumes_1_never_scheduled to None, run_after=None
[2024-04-03T22:31:34.807+0000] {logging_mixin.py:188} INFO - [2024-04-03T22:31:34.807+0000] {dag.py:3834} INFO - Setting next_dagrun for dataset_consumes_unknown_never_scheduled to None, run_after=None
[2024-04-03T22:31:34.809+0000] {logging_mixin.py:188} INFO - [2024-04-03T22:31:34.809+0000] {dag.py:3834} INFO - Setting next_dagrun for dataset_produces_1 to 2024-04-02 00:00:00+00:00, run_after=2024-04-03 00:00:00+00:00
[2024-04-03T22:31:34.810+0000] {logging_mixin.py:188} INFO - [2024-04-03T22:31:34.810+0000] {dag.py:3834} INFO - Setting next_dagrun for dataset_produces_2 to None, run_after=None
[2024-04-03T22:31:34.829+0000] {processor.py:183} INFO - Processing /home/airflow/.local/lib/python3.8/site-packages/airflow/example_dags/example_datasets.py took 0.077 seconds
[2024-04-03T22:32:05.150+0000] {processor.py:161} INFO - Started process (PID=837) to work on /home/airflow/.local/lib/python3.8/site-packages/airflow/example_dags/example_datasets.py
[2024-04-03T22:32:05.151+0000] {processor.py:830} INFO - Processing file /home/airflow/.local/lib/python3.8/site-packages/airflow/example_dags/example_datasets.py for tasks to queue
[2024-04-03T22:32:05.155+0000] {logging_mixin.py:188} INFO - [2024-04-03T22:32:05.155+0000] {dagbag.py:540} INFO - Filling up the DagBag from /home/airflow/.local/lib/python3.8/site-packages/airflow/example_dags/example_datasets.py
[2024-04-03T22:32:05.164+0000] {processor.py:840} INFO - DAG(s) 'dataset_produces_2', 'dataset_produces_1', 'dataset_consumes_1_and_2', 'dataset_consumes_1_never_scheduled', 'dataset_consumes_unknown_never_scheduled', 'dataset_consumes_1' retrieved from /home/airflow/.local/lib/python3.8/site-packages/airflow/example_dags/example_datasets.py
[2024-04-03T22:32:05.197+0000] {logging_mixin.py:188} INFO - [2024-04-03T22:32:05.197+0000] {dag.py:3047} INFO - Sync 6 DAGs
[2024-04-03T22:32:05.215+0000] {logging_mixin.py:188} INFO - [2024-04-03T22:32:05.215+0000] {dag.py:3834} INFO - Setting next_dagrun for dataset_consumes_1 to None, run_after=None
[2024-04-03T22:32:05.219+0000] {logging_mixin.py:188} INFO - [2024-04-03T22:32:05.219+0000] {dag.py:3834} INFO - Setting next_dagrun for dataset_consumes_1_and_2 to None, run_after=None
[2024-04-03T22:32:05.220+0000] {logging_mixin.py:188} INFO - [2024-04-03T22:32:05.220+0000] {dag.py:3834} INFO - Setting next_dagrun for dataset_consumes_1_never_scheduled to None, run_after=None
[2024-04-03T22:32:05.222+0000] {logging_mixin.py:188} INFO - [2024-04-03T22:32:05.222+0000] {dag.py:3834} INFO - Setting next_dagrun for dataset_consumes_unknown_never_scheduled to None, run_after=None
[2024-04-03T22:32:05.225+0000] {logging_mixin.py:188} INFO - [2024-04-03T22:32:05.224+0000] {dag.py:3834} INFO - Setting next_dagrun for dataset_produces_1 to 2024-04-02 00:00:00+00:00, run_after=2024-04-03 00:00:00+00:00
[2024-04-03T22:32:05.227+0000] {logging_mixin.py:188} INFO - [2024-04-03T22:32:05.226+0000] {dag.py:3834} INFO - Setting next_dagrun for dataset_produces_2 to None, run_after=None
[2024-04-03T22:32:05.425+0000] {logging_mixin.py:188} INFO - [2024-04-03T22:32:05.424+0000] {process_utils.py:262} INFO - Waiting up to 5 seconds for processes to exit...
[2024-04-03T22:32:54.401+0000] {processor.py:161} INFO - Started process (PID=67) to work on /home/airflow/.local/lib/python3.8/site-packages/airflow/example_dags/example_datasets.py
[2024-04-03T22:32:54.402+0000] {processor.py:830} INFO - Processing file /home/airflow/.local/lib/python3.8/site-packages/airflow/example_dags/example_datasets.py for tasks to queue
[2024-04-03T22:32:54.404+0000] {logging_mixin.py:188} INFO - [2024-04-03T22:32:54.404+0000] {dagbag.py:540} INFO - Filling up the DagBag from /home/airflow/.local/lib/python3.8/site-packages/airflow/example_dags/example_datasets.py
[2024-04-03T22:32:54.412+0000] {processor.py:840} INFO - DAG(s) 'dataset_produces_1', 'dataset_consumes_1_never_scheduled', 'dataset_consumes_1_and_2', 'dataset_produces_2', 'dataset_consumes_unknown_never_scheduled', 'dataset_consumes_1' retrieved from /home/airflow/.local/lib/python3.8/site-packages/airflow/example_dags/example_datasets.py
[2024-04-03T22:32:54.425+0000] {logging_mixin.py:188} INFO - [2024-04-03T22:32:54.424+0000] {dag.py:3047} INFO - Sync 6 DAGs
[2024-04-03T22:32:54.441+0000] {logging_mixin.py:188} INFO - [2024-04-03T22:32:54.441+0000] {dag.py:3834} INFO - Setting next_dagrun for dataset_consumes_1 to None, run_after=None
[2024-04-03T22:32:54.444+0000] {logging_mixin.py:188} INFO - [2024-04-03T22:32:54.444+0000] {dag.py:3834} INFO - Setting next_dagrun for dataset_consumes_1_and_2 to None, run_after=None
[2024-04-03T22:32:54.446+0000] {logging_mixin.py:188} INFO - [2024-04-03T22:32:54.445+0000] {dag.py:3834} INFO - Setting next_dagrun for dataset_consumes_1_never_scheduled to None, run_after=None
[2024-04-03T22:32:54.447+0000] {logging_mixin.py:188} INFO - [2024-04-03T22:32:54.447+0000] {dag.py:3834} INFO - Setting next_dagrun for dataset_consumes_unknown_never_scheduled to None, run_after=None
[2024-04-03T22:32:54.449+0000] {logging_mixin.py:188} INFO - [2024-04-03T22:32:54.449+0000] {dag.py:3834} INFO - Setting next_dagrun for dataset_produces_1 to 2024-04-02 00:00:00+00:00, run_after=2024-04-03 00:00:00+00:00
[2024-04-03T22:32:54.450+0000] {logging_mixin.py:188} INFO - [2024-04-03T22:32:54.450+0000] {dag.py:3834} INFO - Setting next_dagrun for dataset_produces_2 to None, run_after=None
[2024-04-03T22:32:54.473+0000] {processor.py:183} INFO - Processing /home/airflow/.local/lib/python3.8/site-packages/airflow/example_dags/example_datasets.py took 0.074 seconds
[2024-04-03T22:33:25.556+0000] {processor.py:161} INFO - Started process (PID=122) to work on /home/airflow/.local/lib/python3.8/site-packages/airflow/example_dags/example_datasets.py
[2024-04-03T22:33:25.556+0000] {processor.py:830} INFO - Processing file /home/airflow/.local/lib/python3.8/site-packages/airflow/example_dags/example_datasets.py for tasks to queue
[2024-04-03T22:33:25.558+0000] {logging_mixin.py:188} INFO - [2024-04-03T22:33:25.557+0000] {dagbag.py:540} INFO - Filling up the DagBag from /home/airflow/.local/lib/python3.8/site-packages/airflow/example_dags/example_datasets.py
[2024-04-03T22:33:25.564+0000] {processor.py:840} INFO - DAG(s) 'dataset_consumes_1_and_2', 'dataset_produces_2', 'dataset_consumes_unknown_never_scheduled', 'dataset_produces_1', 'dataset_consumes_1_never_scheduled', 'dataset_consumes_1' retrieved from /home/airflow/.local/lib/python3.8/site-packages/airflow/example_dags/example_datasets.py
[2024-04-03T22:33:25.662+0000] {logging_mixin.py:188} INFO - [2024-04-03T22:33:25.662+0000] {dag.py:3047} INFO - Sync 6 DAGs
[2024-04-03T22:33:25.677+0000] {logging_mixin.py:188} INFO - [2024-04-03T22:33:25.677+0000] {dag.py:3834} INFO - Setting next_dagrun for dataset_consumes_1 to None, run_after=None
[2024-04-03T22:33:25.680+0000] {logging_mixin.py:188} INFO - [2024-04-03T22:33:25.680+0000] {dag.py:3834} INFO - Setting next_dagrun for dataset_consumes_1_and_2 to None, run_after=None
[2024-04-03T22:33:25.682+0000] {logging_mixin.py:188} INFO - [2024-04-03T22:33:25.682+0000] {dag.py:3834} INFO - Setting next_dagrun for dataset_consumes_1_never_scheduled to None, run_after=None
[2024-04-03T22:33:25.684+0000] {logging_mixin.py:188} INFO - [2024-04-03T22:33:25.684+0000] {dag.py:3834} INFO - Setting next_dagrun for dataset_consumes_unknown_never_scheduled to None, run_after=None
[2024-04-03T22:33:25.686+0000] {logging_mixin.py:188} INFO - [2024-04-03T22:33:25.686+0000] {dag.py:3834} INFO - Setting next_dagrun for dataset_produces_1 to 2024-04-02 00:00:00+00:00, run_after=2024-04-03 00:00:00+00:00
[2024-04-03T22:33:25.687+0000] {logging_mixin.py:188} INFO - [2024-04-03T22:33:25.687+0000] {dag.py:3834} INFO - Setting next_dagrun for dataset_produces_2 to None, run_after=None
[2024-04-03T22:33:25.713+0000] {processor.py:183} INFO - Processing /home/airflow/.local/lib/python3.8/site-packages/airflow/example_dags/example_datasets.py took 0.159 seconds
[2024-04-03T22:33:55.745+0000] {processor.py:161} INFO - Started process (PID=177) to work on /home/airflow/.local/lib/python3.8/site-packages/airflow/example_dags/example_datasets.py
[2024-04-03T22:33:55.746+0000] {processor.py:830} INFO - Processing file /home/airflow/.local/lib/python3.8/site-packages/airflow/example_dags/example_datasets.py for tasks to queue
[2024-04-03T22:33:55.747+0000] {logging_mixin.py:188} INFO - [2024-04-03T22:33:55.747+0000] {dagbag.py:540} INFO - Filling up the DagBag from /home/airflow/.local/lib/python3.8/site-packages/airflow/example_dags/example_datasets.py
[2024-04-03T22:33:55.754+0000] {processor.py:840} INFO - DAG(s) 'dataset_consumes_1', 'dataset_consumes_1_never_scheduled', 'dataset_produces_2', 'dataset_produces_1', 'dataset_consumes_unknown_never_scheduled', 'dataset_consumes_1_and_2' retrieved from /home/airflow/.local/lib/python3.8/site-packages/airflow/example_dags/example_datasets.py
[2024-04-03T22:33:55.778+0000] {logging_mixin.py:188} INFO - [2024-04-03T22:33:55.777+0000] {dag.py:3047} INFO - Sync 6 DAGs
[2024-04-03T22:33:55.795+0000] {logging_mixin.py:188} INFO - [2024-04-03T22:33:55.794+0000] {dag.py:3834} INFO - Setting next_dagrun for dataset_consumes_1 to None, run_after=None
[2024-04-03T22:33:55.798+0000] {logging_mixin.py:188} INFO - [2024-04-03T22:33:55.798+0000] {dag.py:3834} INFO - Setting next_dagrun for dataset_consumes_1_and_2 to None, run_after=None
[2024-04-03T22:33:55.800+0000] {logging_mixin.py:188} INFO - [2024-04-03T22:33:55.799+0000] {dag.py:3834} INFO - Setting next_dagrun for dataset_consumes_1_never_scheduled to None, run_after=None
[2024-04-03T22:33:55.801+0000] {logging_mixin.py:188} INFO - [2024-04-03T22:33:55.801+0000] {dag.py:3834} INFO - Setting next_dagrun for dataset_consumes_unknown_never_scheduled to None, run_after=None
[2024-04-03T22:33:55.804+0000] {logging_mixin.py:188} INFO - [2024-04-03T22:33:55.804+0000] {dag.py:3834} INFO - Setting next_dagrun for dataset_produces_1 to 2024-04-02 00:00:00+00:00, run_after=2024-04-03 00:00:00+00:00
[2024-04-03T22:33:55.805+0000] {logging_mixin.py:188} INFO - [2024-04-03T22:33:55.805+0000] {dag.py:3834} INFO - Setting next_dagrun for dataset_produces_2 to None, run_after=None
[2024-04-03T22:33:55.826+0000] {processor.py:183} INFO - Processing /home/airflow/.local/lib/python3.8/site-packages/airflow/example_dags/example_datasets.py took 0.083 seconds
[2024-04-03T22:34:26.328+0000] {processor.py:161} INFO - Started process (PID=232) to work on /home/airflow/.local/lib/python3.8/site-packages/airflow/example_dags/example_datasets.py
[2024-04-03T22:34:26.329+0000] {processor.py:830} INFO - Processing file /home/airflow/.local/lib/python3.8/site-packages/airflow/example_dags/example_datasets.py for tasks to queue
[2024-04-03T22:34:26.331+0000] {logging_mixin.py:188} INFO - [2024-04-03T22:34:26.330+0000] {dagbag.py:540} INFO - Filling up the DagBag from /home/airflow/.local/lib/python3.8/site-packages/airflow/example_dags/example_datasets.py
[2024-04-03T22:34:26.337+0000] {processor.py:840} INFO - DAG(s) 'dataset_produces_1', 'dataset_consumes_unknown_never_scheduled', 'dataset_produces_2', 'dataset_consumes_1_never_scheduled', 'dataset_consumes_1_and_2', 'dataset_consumes_1' retrieved from /home/airflow/.local/lib/python3.8/site-packages/airflow/example_dags/example_datasets.py
[2024-04-03T22:34:26.361+0000] {logging_mixin.py:188} INFO - [2024-04-03T22:34:26.361+0000] {dag.py:3047} INFO - Sync 6 DAGs
[2024-04-03T22:34:26.376+0000] {logging_mixin.py:188} INFO - [2024-04-03T22:34:26.376+0000] {dag.py:3834} INFO - Setting next_dagrun for dataset_consumes_1 to None, run_after=None
[2024-04-03T22:34:26.379+0000] {logging_mixin.py:188} INFO - [2024-04-03T22:34:26.379+0000] {dag.py:3834} INFO - Setting next_dagrun for dataset_consumes_1_and_2 to None, run_after=None
[2024-04-03T22:34:26.380+0000] {logging_mixin.py:188} INFO - [2024-04-03T22:34:26.380+0000] {dag.py:3834} INFO - Setting next_dagrun for dataset_consumes_1_never_scheduled to None, run_after=None
[2024-04-03T22:34:26.382+0000] {logging_mixin.py:188} INFO - [2024-04-03T22:34:26.381+0000] {dag.py:3834} INFO - Setting next_dagrun for dataset_consumes_unknown_never_scheduled to None, run_after=None
[2024-04-03T22:34:26.384+0000] {logging_mixin.py:188} INFO - [2024-04-03T22:34:26.383+0000] {dag.py:3834} INFO - Setting next_dagrun for dataset_produces_1 to 2024-04-02 00:00:00+00:00, run_after=2024-04-03 00:00:00+00:00
[2024-04-03T22:34:26.385+0000] {logging_mixin.py:188} INFO - [2024-04-03T22:34:26.385+0000] {dag.py:3834} INFO - Setting next_dagrun for dataset_produces_2 to None, run_after=None
[2024-04-03T22:34:26.406+0000] {processor.py:183} INFO - Processing /home/airflow/.local/lib/python3.8/site-packages/airflow/example_dags/example_datasets.py took 0.080 seconds
[2024-04-03T22:34:56.670+0000] {processor.py:161} INFO - Started process (PID=287) to work on /home/airflow/.local/lib/python3.8/site-packages/airflow/example_dags/example_datasets.py
[2024-04-03T22:34:56.671+0000] {processor.py:830} INFO - Processing file /home/airflow/.local/lib/python3.8/site-packages/airflow/example_dags/example_datasets.py for tasks to queue
[2024-04-03T22:34:56.673+0000] {logging_mixin.py:188} INFO - [2024-04-03T22:34:56.673+0000] {dagbag.py:540} INFO - Filling up the DagBag from /home/airflow/.local/lib/python3.8/site-packages/airflow/example_dags/example_datasets.py
[2024-04-03T22:34:56.679+0000] {processor.py:840} INFO - DAG(s) 'dataset_consumes_unknown_never_scheduled', 'dataset_produces_2', 'dataset_consumes_1', 'dataset_consumes_1_never_scheduled', 'dataset_produces_1', 'dataset_consumes_1_and_2' retrieved from /home/airflow/.local/lib/python3.8/site-packages/airflow/example_dags/example_datasets.py
[2024-04-03T22:34:56.704+0000] {logging_mixin.py:188} INFO - [2024-04-03T22:34:56.704+0000] {dag.py:3047} INFO - Sync 6 DAGs
[2024-04-03T22:34:56.722+0000] {logging_mixin.py:188} INFO - [2024-04-03T22:34:56.722+0000] {dag.py:3834} INFO - Setting next_dagrun for dataset_consumes_1 to None, run_after=None
[2024-04-03T22:34:56.725+0000] {logging_mixin.py:188} INFO - [2024-04-03T22:34:56.724+0000] {dag.py:3834} INFO - Setting next_dagrun for dataset_consumes_1_and_2 to None, run_after=None
[2024-04-03T22:34:56.727+0000] {logging_mixin.py:188} INFO - [2024-04-03T22:34:56.727+0000] {dag.py:3834} INFO - Setting next_dagrun for dataset_consumes_1_never_scheduled to None, run_after=None
[2024-04-03T22:34:56.728+0000] {logging_mixin.py:188} INFO - [2024-04-03T22:34:56.728+0000] {dag.py:3834} INFO - Setting next_dagrun for dataset_consumes_unknown_never_scheduled to None, run_after=None
[2024-04-03T22:34:56.735+0000] {logging_mixin.py:188} INFO - [2024-04-03T22:34:56.735+0000] {dag.py:3834} INFO - Setting next_dagrun for dataset_produces_1 to 2024-04-02 00:00:00+00:00, run_after=2024-04-03 00:00:00+00:00
[2024-04-03T22:34:56.736+0000] {logging_mixin.py:188} INFO - [2024-04-03T22:34:56.736+0000] {dag.py:3834} INFO - Setting next_dagrun for dataset_produces_2 to None, run_after=None
[2024-04-03T22:34:56.757+0000] {processor.py:183} INFO - Processing /home/airflow/.local/lib/python3.8/site-packages/airflow/example_dags/example_datasets.py took 0.089 seconds
[2024-04-03T22:35:27.166+0000] {processor.py:161} INFO - Started process (PID=342) to work on /home/airflow/.local/lib/python3.8/site-packages/airflow/example_dags/example_datasets.py
[2024-04-03T22:35:27.166+0000] {processor.py:830} INFO - Processing file /home/airflow/.local/lib/python3.8/site-packages/airflow/example_dags/example_datasets.py for tasks to queue
[2024-04-03T22:35:27.168+0000] {logging_mixin.py:188} INFO - [2024-04-03T22:35:27.168+0000] {dagbag.py:540} INFO - Filling up the DagBag from /home/airflow/.local/lib/python3.8/site-packages/airflow/example_dags/example_datasets.py
[2024-04-03T22:35:27.174+0000] {processor.py:840} INFO - DAG(s) 'dataset_produces_2', 'dataset_produces_1', 'dataset_consumes_unknown_never_scheduled', 'dataset_consumes_1_and_2', 'dataset_consumes_1_never_scheduled', 'dataset_consumes_1' retrieved from /home/airflow/.local/lib/python3.8/site-packages/airflow/example_dags/example_datasets.py
[2024-04-03T22:35:27.200+0000] {logging_mixin.py:188} INFO - [2024-04-03T22:35:27.200+0000] {dag.py:3047} INFO - Sync 6 DAGs
[2024-04-03T22:35:27.215+0000] {logging_mixin.py:188} INFO - [2024-04-03T22:35:27.215+0000] {dag.py:3834} INFO - Setting next_dagrun for dataset_consumes_1 to None, run_after=None
[2024-04-03T22:35:27.218+0000] {logging_mixin.py:188} INFO - [2024-04-03T22:35:27.218+0000] {dag.py:3834} INFO - Setting next_dagrun for dataset_consumes_1_and_2 to None, run_after=None
[2024-04-03T22:35:27.219+0000] {logging_mixin.py:188} INFO - [2024-04-03T22:35:27.219+0000] {dag.py:3834} INFO - Setting next_dagrun for dataset_consumes_1_never_scheduled to None, run_after=None
[2024-04-03T22:35:27.221+0000] {logging_mixin.py:188} INFO - [2024-04-03T22:35:27.221+0000] {dag.py:3834} INFO - Setting next_dagrun for dataset_consumes_unknown_never_scheduled to None, run_after=None
[2024-04-03T22:35:27.223+0000] {logging_mixin.py:188} INFO - [2024-04-03T22:35:27.223+0000] {dag.py:3834} INFO - Setting next_dagrun for dataset_produces_1 to 2024-04-02 00:00:00+00:00, run_after=2024-04-03 00:00:00+00:00
[2024-04-03T22:35:27.224+0000] {logging_mixin.py:188} INFO - [2024-04-03T22:35:27.224+0000] {dag.py:3834} INFO - Setting next_dagrun for dataset_produces_2 to None, run_after=None
[2024-04-03T22:35:27.246+0000] {processor.py:183} INFO - Processing /home/airflow/.local/lib/python3.8/site-packages/airflow/example_dags/example_datasets.py took 0.083 seconds
[2024-04-03T22:35:57.569+0000] {processor.py:161} INFO - Started process (PID=397) to work on /home/airflow/.local/lib/python3.8/site-packages/airflow/example_dags/example_datasets.py
[2024-04-03T22:35:57.570+0000] {processor.py:830} INFO - Processing file /home/airflow/.local/lib/python3.8/site-packages/airflow/example_dags/example_datasets.py for tasks to queue
[2024-04-03T22:35:57.571+0000] {logging_mixin.py:188} INFO - [2024-04-03T22:35:57.571+0000] {dagbag.py:540} INFO - Filling up the DagBag from /home/airflow/.local/lib/python3.8/site-packages/airflow/example_dags/example_datasets.py
[2024-04-03T22:35:57.577+0000] {processor.py:840} INFO - DAG(s) 'dataset_produces_2', 'dataset_consumes_1_and_2', 'dataset_consumes_unknown_never_scheduled', 'dataset_consumes_1_never_scheduled', 'dataset_consumes_1', 'dataset_produces_1' retrieved from /home/airflow/.local/lib/python3.8/site-packages/airflow/example_dags/example_datasets.py
[2024-04-03T22:35:57.599+0000] {logging_mixin.py:188} INFO - [2024-04-03T22:35:57.599+0000] {dag.py:3047} INFO - Sync 6 DAGs
[2024-04-03T22:35:57.613+0000] {logging_mixin.py:188} INFO - [2024-04-03T22:35:57.613+0000] {dag.py:3834} INFO - Setting next_dagrun for dataset_consumes_1 to None, run_after=None
[2024-04-03T22:35:57.616+0000] {logging_mixin.py:188} INFO - [2024-04-03T22:35:57.616+0000] {dag.py:3834} INFO - Setting next_dagrun for dataset_consumes_1_and_2 to None, run_after=None
[2024-04-03T22:35:57.617+0000] {logging_mixin.py:188} INFO - [2024-04-03T22:35:57.617+0000] {dag.py:3834} INFO - Setting next_dagrun for dataset_consumes_1_never_scheduled to None, run_after=None
[2024-04-03T22:35:57.618+0000] {logging_mixin.py:188} INFO - [2024-04-03T22:35:57.618+0000] {dag.py:3834} INFO - Setting next_dagrun for dataset_consumes_unknown_never_scheduled to None, run_after=None
[2024-04-03T22:35:57.620+0000] {logging_mixin.py:188} INFO - [2024-04-03T22:35:57.620+0000] {dag.py:3834} INFO - Setting next_dagrun for dataset_produces_1 to 2024-04-02 00:00:00+00:00, run_after=2024-04-03 00:00:00+00:00
[2024-04-03T22:35:57.621+0000] {logging_mixin.py:188} INFO - [2024-04-03T22:35:57.621+0000] {dag.py:3834} INFO - Setting next_dagrun for dataset_produces_2 to None, run_after=None
[2024-04-03T22:35:57.641+0000] {processor.py:183} INFO - Processing /home/airflow/.local/lib/python3.8/site-packages/airflow/example_dags/example_datasets.py took 0.074 seconds
[2024-04-03T22:36:28.046+0000] {processor.py:161} INFO - Started process (PID=452) to work on /home/airflow/.local/lib/python3.8/site-packages/airflow/example_dags/example_datasets.py
[2024-04-03T22:36:28.047+0000] {processor.py:830} INFO - Processing file /home/airflow/.local/lib/python3.8/site-packages/airflow/example_dags/example_datasets.py for tasks to queue
[2024-04-03T22:36:28.048+0000] {logging_mixin.py:188} INFO - [2024-04-03T22:36:28.048+0000] {dagbag.py:540} INFO - Filling up the DagBag from /home/airflow/.local/lib/python3.8/site-packages/airflow/example_dags/example_datasets.py
[2024-04-03T22:36:28.054+0000] {processor.py:840} INFO - DAG(s) 'dataset_consumes_1_never_scheduled', 'dataset_produces_1', 'dataset_consumes_1', 'dataset_produces_2', 'dataset_consumes_1_and_2', 'dataset_consumes_unknown_never_scheduled' retrieved from /home/airflow/.local/lib/python3.8/site-packages/airflow/example_dags/example_datasets.py
[2024-04-03T22:36:28.077+0000] {logging_mixin.py:188} INFO - [2024-04-03T22:36:28.077+0000] {dag.py:3047} INFO - Sync 6 DAGs
[2024-04-03T22:36:28.091+0000] {logging_mixin.py:188} INFO - [2024-04-03T22:36:28.091+0000] {dag.py:3834} INFO - Setting next_dagrun for dataset_consumes_1 to None, run_after=None
[2024-04-03T22:36:28.095+0000] {logging_mixin.py:188} INFO - [2024-04-03T22:36:28.095+0000] {dag.py:3834} INFO - Setting next_dagrun for dataset_consumes_1_and_2 to None, run_after=None
[2024-04-03T22:36:28.096+0000] {logging_mixin.py:188} INFO - [2024-04-03T22:36:28.096+0000] {dag.py:3834} INFO - Setting next_dagrun for dataset_consumes_1_never_scheduled to None, run_after=None
[2024-04-03T22:36:28.097+0000] {logging_mixin.py:188} INFO - [2024-04-03T22:36:28.097+0000] {dag.py:3834} INFO - Setting next_dagrun for dataset_consumes_unknown_never_scheduled to None, run_after=None
[2024-04-03T22:36:28.100+0000] {logging_mixin.py:188} INFO - [2024-04-03T22:36:28.099+0000] {dag.py:3834} INFO - Setting next_dagrun for dataset_produces_1 to 2024-04-02 00:00:00+00:00, run_after=2024-04-03 00:00:00+00:00
[2024-04-03T22:36:28.101+0000] {logging_mixin.py:188} INFO - [2024-04-03T22:36:28.100+0000] {dag.py:3834} INFO - Setting next_dagrun for dataset_produces_2 to None, run_after=None
[2024-04-03T22:36:28.125+0000] {processor.py:183} INFO - Processing /home/airflow/.local/lib/python3.8/site-packages/airflow/example_dags/example_datasets.py took 0.081 seconds
[2024-04-03T22:36:58.263+0000] {processor.py:161} INFO - Started process (PID=507) to work on /home/airflow/.local/lib/python3.8/site-packages/airflow/example_dags/example_datasets.py
[2024-04-03T22:36:58.264+0000] {processor.py:830} INFO - Processing file /home/airflow/.local/lib/python3.8/site-packages/airflow/example_dags/example_datasets.py for tasks to queue
[2024-04-03T22:36:58.265+0000] {logging_mixin.py:188} INFO - [2024-04-03T22:36:58.265+0000] {dagbag.py:540} INFO - Filling up the DagBag from /home/airflow/.local/lib/python3.8/site-packages/airflow/example_dags/example_datasets.py
[2024-04-03T22:36:58.273+0000] {processor.py:840} INFO - DAG(s) 'dataset_consumes_unknown_never_scheduled', 'dataset_produces_1', 'dataset_consumes_1_and_2', 'dataset_consumes_1', 'dataset_consumes_1_never_scheduled', 'dataset_produces_2' retrieved from /home/airflow/.local/lib/python3.8/site-packages/airflow/example_dags/example_datasets.py
[2024-04-03T22:36:58.296+0000] {logging_mixin.py:188} INFO - [2024-04-03T22:36:58.296+0000] {dag.py:3047} INFO - Sync 6 DAGs
[2024-04-03T22:36:58.310+0000] {logging_mixin.py:188} INFO - [2024-04-03T22:36:58.310+0000] {dag.py:3834} INFO - Setting next_dagrun for dataset_consumes_1 to None, run_after=None
[2024-04-03T22:36:58.314+0000] {logging_mixin.py:188} INFO - [2024-04-03T22:36:58.314+0000] {dag.py:3834} INFO - Setting next_dagrun for dataset_consumes_1_and_2 to None, run_after=None
[2024-04-03T22:36:58.315+0000] {logging_mixin.py:188} INFO - [2024-04-03T22:36:58.315+0000] {dag.py:3834} INFO - Setting next_dagrun for dataset_consumes_1_never_scheduled to None, run_after=None
[2024-04-03T22:36:58.316+0000] {logging_mixin.py:188} INFO - [2024-04-03T22:36:58.316+0000] {dag.py:3834} INFO - Setting next_dagrun for dataset_consumes_unknown_never_scheduled to None, run_after=None
[2024-04-03T22:36:58.318+0000] {logging_mixin.py:188} INFO - [2024-04-03T22:36:58.318+0000] {dag.py:3834} INFO - Setting next_dagrun for dataset_produces_1 to 2024-04-02 00:00:00+00:00, run_after=2024-04-03 00:00:00+00:00
[2024-04-03T22:36:58.320+0000] {logging_mixin.py:188} INFO - [2024-04-03T22:36:58.320+0000] {dag.py:3834} INFO - Setting next_dagrun for dataset_produces_2 to None, run_after=None
[2024-04-03T22:36:58.341+0000] {processor.py:183} INFO - Processing /home/airflow/.local/lib/python3.8/site-packages/airflow/example_dags/example_datasets.py took 0.081 seconds
[2024-04-03T22:37:28.874+0000] {processor.py:161} INFO - Started process (PID=561) to work on /home/airflow/.local/lib/python3.8/site-packages/airflow/example_dags/example_datasets.py
[2024-04-03T22:37:28.875+0000] {processor.py:830} INFO - Processing file /home/airflow/.local/lib/python3.8/site-packages/airflow/example_dags/example_datasets.py for tasks to queue
[2024-04-03T22:37:28.876+0000] {logging_mixin.py:188} INFO - [2024-04-03T22:37:28.876+0000] {dagbag.py:540} INFO - Filling up the DagBag from /home/airflow/.local/lib/python3.8/site-packages/airflow/example_dags/example_datasets.py
[2024-04-03T22:37:28.883+0000] {processor.py:840} INFO - DAG(s) 'dataset_consumes_1_never_scheduled', 'dataset_consumes_unknown_never_scheduled', 'dataset_produces_2', 'dataset_consumes_1', 'dataset_produces_1', 'dataset_consumes_1_and_2' retrieved from /home/airflow/.local/lib/python3.8/site-packages/airflow/example_dags/example_datasets.py
[2024-04-03T22:37:28.912+0000] {logging_mixin.py:188} INFO - [2024-04-03T22:37:28.912+0000] {dag.py:3047} INFO - Sync 6 DAGs
[2024-04-03T22:37:28.927+0000] {logging_mixin.py:188} INFO - [2024-04-03T22:37:28.927+0000] {dag.py:3834} INFO - Setting next_dagrun for dataset_consumes_1 to None, run_after=None
[2024-04-03T22:37:28.932+0000] {logging_mixin.py:188} INFO - [2024-04-03T22:37:28.931+0000] {dag.py:3834} INFO - Setting next_dagrun for dataset_consumes_1_and_2 to None, run_after=None
[2024-04-03T22:37:28.933+0000] {logging_mixin.py:188} INFO - [2024-04-03T22:37:28.933+0000] {dag.py:3834} INFO - Setting next_dagrun for dataset_consumes_1_never_scheduled to None, run_after=None
[2024-04-03T22:37:28.934+0000] {logging_mixin.py:188} INFO - [2024-04-03T22:37:28.934+0000] {dag.py:3834} INFO - Setting next_dagrun for dataset_consumes_unknown_never_scheduled to None, run_after=None
[2024-04-03T22:37:28.937+0000] {logging_mixin.py:188} INFO - [2024-04-03T22:37:28.937+0000] {dag.py:3834} INFO - Setting next_dagrun for dataset_produces_1 to 2024-04-02 00:00:00+00:00, run_after=2024-04-03 00:00:00+00:00
[2024-04-03T22:37:28.938+0000] {logging_mixin.py:188} INFO - [2024-04-03T22:37:28.938+0000] {dag.py:3834} INFO - Setting next_dagrun for dataset_produces_2 to None, run_after=None
[2024-04-03T22:37:28.960+0000] {processor.py:183} INFO - Processing /home/airflow/.local/lib/python3.8/site-packages/airflow/example_dags/example_datasets.py took 0.089 seconds
[2024-04-03T22:37:59.324+0000] {processor.py:161} INFO - Started process (PID=617) to work on /home/airflow/.local/lib/python3.8/site-packages/airflow/example_dags/example_datasets.py
[2024-04-03T22:37:59.325+0000] {processor.py:830} INFO - Processing file /home/airflow/.local/lib/python3.8/site-packages/airflow/example_dags/example_datasets.py for tasks to queue
[2024-04-03T22:37:59.326+0000] {logging_mixin.py:188} INFO - [2024-04-03T22:37:59.326+0000] {dagbag.py:540} INFO - Filling up the DagBag from /home/airflow/.local/lib/python3.8/site-packages/airflow/example_dags/example_datasets.py
[2024-04-03T22:37:59.334+0000] {processor.py:840} INFO - DAG(s) 'dataset_consumes_1', 'dataset_consumes_unknown_never_scheduled', 'dataset_produces_2', 'dataset_produces_1', 'dataset_consumes_1_never_scheduled', 'dataset_consumes_1_and_2' retrieved from /home/airflow/.local/lib/python3.8/site-packages/airflow/example_dags/example_datasets.py
[2024-04-03T22:37:59.363+0000] {logging_mixin.py:188} INFO - [2024-04-03T22:37:59.362+0000] {dag.py:3047} INFO - Sync 6 DAGs
[2024-04-03T22:37:59.379+0000] {logging_mixin.py:188} INFO - [2024-04-03T22:37:59.379+0000] {dag.py:3834} INFO - Setting next_dagrun for dataset_consumes_1 to None, run_after=None
[2024-04-03T22:37:59.382+0000] {logging_mixin.py:188} INFO - [2024-04-03T22:37:59.382+0000] {dag.py:3834} INFO - Setting next_dagrun for dataset_consumes_1_and_2 to None, run_after=None
[2024-04-03T22:37:59.384+0000] {logging_mixin.py:188} INFO - [2024-04-03T22:37:59.384+0000] {dag.py:3834} INFO - Setting next_dagrun for dataset_consumes_1_never_scheduled to None, run_after=None
[2024-04-03T22:37:59.385+0000] {logging_mixin.py:188} INFO - [2024-04-03T22:37:59.385+0000] {dag.py:3834} INFO - Setting next_dagrun for dataset_consumes_unknown_never_scheduled to None, run_after=None
[2024-04-03T22:37:59.387+0000] {logging_mixin.py:188} INFO - [2024-04-03T22:37:59.387+0000] {dag.py:3834} INFO - Setting next_dagrun for dataset_produces_1 to 2024-04-02 00:00:00+00:00, run_after=2024-04-03 00:00:00+00:00
[2024-04-03T22:37:59.388+0000] {logging_mixin.py:188} INFO - [2024-04-03T22:37:59.388+0000] {dag.py:3834} INFO - Setting next_dagrun for dataset_produces_2 to None, run_after=None
[2024-04-03T22:37:59.411+0000] {processor.py:183} INFO - Processing /home/airflow/.local/lib/python3.8/site-packages/airflow/example_dags/example_datasets.py took 0.090 seconds
[2024-04-03T22:38:29.664+0000] {processor.py:161} INFO - Started process (PID=672) to work on /home/airflow/.local/lib/python3.8/site-packages/airflow/example_dags/example_datasets.py
[2024-04-03T22:38:29.665+0000] {processor.py:830} INFO - Processing file /home/airflow/.local/lib/python3.8/site-packages/airflow/example_dags/example_datasets.py for tasks to queue
[2024-04-03T22:38:29.667+0000] {logging_mixin.py:188} INFO - [2024-04-03T22:38:29.666+0000] {dagbag.py:540} INFO - Filling up the DagBag from /home/airflow/.local/lib/python3.8/site-packages/airflow/example_dags/example_datasets.py
[2024-04-03T22:38:29.673+0000] {processor.py:840} INFO - DAG(s) 'dataset_produces_2', 'dataset_consumes_1', 'dataset_produces_1', 'dataset_consumes_1_and_2', 'dataset_consumes_unknown_never_scheduled', 'dataset_consumes_1_never_scheduled' retrieved from /home/airflow/.local/lib/python3.8/site-packages/airflow/example_dags/example_datasets.py
[2024-04-03T22:38:29.697+0000] {logging_mixin.py:188} INFO - [2024-04-03T22:38:29.696+0000] {dag.py:3047} INFO - Sync 6 DAGs
[2024-04-03T22:38:29.711+0000] {logging_mixin.py:188} INFO - [2024-04-03T22:38:29.711+0000] {dag.py:3834} INFO - Setting next_dagrun for dataset_consumes_1 to None, run_after=None
[2024-04-03T22:38:29.715+0000] {logging_mixin.py:188} INFO - [2024-04-03T22:38:29.715+0000] {dag.py:3834} INFO - Setting next_dagrun for dataset_consumes_1_and_2 to None, run_after=None
[2024-04-03T22:38:29.717+0000] {logging_mixin.py:188} INFO - [2024-04-03T22:38:29.716+0000] {dag.py:3834} INFO - Setting next_dagrun for dataset_consumes_1_never_scheduled to None, run_after=None
[2024-04-03T22:38:29.718+0000] {logging_mixin.py:188} INFO - [2024-04-03T22:38:29.718+0000] {dag.py:3834} INFO - Setting next_dagrun for dataset_consumes_unknown_never_scheduled to None, run_after=None
[2024-04-03T22:38:29.720+0000] {logging_mixin.py:188} INFO - [2024-04-03T22:38:29.720+0000] {dag.py:3834} INFO - Setting next_dagrun for dataset_produces_1 to 2024-04-02 00:00:00+00:00, run_after=2024-04-03 00:00:00+00:00
[2024-04-03T22:38:29.721+0000] {logging_mixin.py:188} INFO - [2024-04-03T22:38:29.721+0000] {dag.py:3834} INFO - Setting next_dagrun for dataset_produces_2 to None, run_after=None
[2024-04-03T22:38:29.746+0000] {processor.py:183} INFO - Processing /home/airflow/.local/lib/python3.8/site-packages/airflow/example_dags/example_datasets.py took 0.084 seconds
[2024-04-03T22:38:59.885+0000] {processor.py:161} INFO - Started process (PID=727) to work on /home/airflow/.local/lib/python3.8/site-packages/airflow/example_dags/example_datasets.py
[2024-04-03T22:38:59.886+0000] {processor.py:830} INFO - Processing file /home/airflow/.local/lib/python3.8/site-packages/airflow/example_dags/example_datasets.py for tasks to queue
[2024-04-03T22:38:59.888+0000] {logging_mixin.py:188} INFO - [2024-04-03T22:38:59.888+0000] {dagbag.py:540} INFO - Filling up the DagBag from /home/airflow/.local/lib/python3.8/site-packages/airflow/example_dags/example_datasets.py
[2024-04-03T22:38:59.895+0000] {processor.py:840} INFO - DAG(s) 'dataset_consumes_unknown_never_scheduled', 'dataset_consumes_1_never_scheduled', 'dataset_produces_2', 'dataset_consumes_1', 'dataset_consumes_1_and_2', 'dataset_produces_1' retrieved from /home/airflow/.local/lib/python3.8/site-packages/airflow/example_dags/example_datasets.py
[2024-04-03T22:38:59.921+0000] {logging_mixin.py:188} INFO - [2024-04-03T22:38:59.921+0000] {dag.py:3047} INFO - Sync 6 DAGs
[2024-04-03T22:38:59.936+0000] {logging_mixin.py:188} INFO - [2024-04-03T22:38:59.936+0000] {dag.py:3834} INFO - Setting next_dagrun for dataset_consumes_1 to None, run_after=None
[2024-04-03T22:38:59.939+0000] {logging_mixin.py:188} INFO - [2024-04-03T22:38:59.939+0000] {dag.py:3834} INFO - Setting next_dagrun for dataset_consumes_1_and_2 to None, run_after=None
[2024-04-03T22:38:59.940+0000] {logging_mixin.py:188} INFO - [2024-04-03T22:38:59.940+0000] {dag.py:3834} INFO - Setting next_dagrun for dataset_consumes_1_never_scheduled to None, run_after=None
[2024-04-03T22:38:59.942+0000] {logging_mixin.py:188} INFO - [2024-04-03T22:38:59.942+0000] {dag.py:3834} INFO - Setting next_dagrun for dataset_consumes_unknown_never_scheduled to None, run_after=None
[2024-04-03T22:38:59.944+0000] {logging_mixin.py:188} INFO - [2024-04-03T22:38:59.944+0000] {dag.py:3834} INFO - Setting next_dagrun for dataset_produces_1 to 2024-04-02 00:00:00+00:00, run_after=2024-04-03 00:00:00+00:00
[2024-04-03T22:38:59.946+0000] {logging_mixin.py:188} INFO - [2024-04-03T22:38:59.946+0000] {dag.py:3834} INFO - Setting next_dagrun for dataset_produces_2 to None, run_after=None
[2024-04-03T22:38:59.972+0000] {processor.py:183} INFO - Processing /home/airflow/.local/lib/python3.8/site-packages/airflow/example_dags/example_datasets.py took 0.090 seconds
[2024-04-03T22:39:30.188+0000] {processor.py:161} INFO - Started process (PID=781) to work on /home/airflow/.local/lib/python3.8/site-packages/airflow/example_dags/example_datasets.py
[2024-04-03T22:39:30.189+0000] {processor.py:830} INFO - Processing file /home/airflow/.local/lib/python3.8/site-packages/airflow/example_dags/example_datasets.py for tasks to queue
[2024-04-03T22:39:30.190+0000] {logging_mixin.py:188} INFO - [2024-04-03T22:39:30.190+0000] {dagbag.py:540} INFO - Filling up the DagBag from /home/airflow/.local/lib/python3.8/site-packages/airflow/example_dags/example_datasets.py
[2024-04-03T22:39:30.197+0000] {processor.py:840} INFO - DAG(s) 'dataset_consumes_1_never_scheduled', 'dataset_consumes_1', 'dataset_produces_1', 'dataset_produces_2', 'dataset_consumes_unknown_never_scheduled', 'dataset_consumes_1_and_2' retrieved from /home/airflow/.local/lib/python3.8/site-packages/airflow/example_dags/example_datasets.py
[2024-04-03T22:39:30.219+0000] {logging_mixin.py:188} INFO - [2024-04-03T22:39:30.219+0000] {dag.py:3047} INFO - Sync 6 DAGs
[2024-04-03T22:39:30.236+0000] {logging_mixin.py:188} INFO - [2024-04-03T22:39:30.236+0000] {dag.py:3834} INFO - Setting next_dagrun for dataset_consumes_1 to None, run_after=None
[2024-04-03T22:39:30.238+0000] {logging_mixin.py:188} INFO - [2024-04-03T22:39:30.238+0000] {dag.py:3834} INFO - Setting next_dagrun for dataset_consumes_1_and_2 to None, run_after=None
[2024-04-03T22:39:30.239+0000] {logging_mixin.py:188} INFO - [2024-04-03T22:39:30.239+0000] {dag.py:3834} INFO - Setting next_dagrun for dataset_consumes_1_never_scheduled to None, run_after=None
[2024-04-03T22:39:30.240+0000] {logging_mixin.py:188} INFO - [2024-04-03T22:39:30.240+0000] {dag.py:3834} INFO - Setting next_dagrun for dataset_consumes_unknown_never_scheduled to None, run_after=None
[2024-04-03T22:39:30.242+0000] {logging_mixin.py:188} INFO - [2024-04-03T22:39:30.242+0000] {dag.py:3834} INFO - Setting next_dagrun for dataset_produces_1 to 2024-04-02 00:00:00+00:00, run_after=2024-04-03 00:00:00+00:00
[2024-04-03T22:39:30.243+0000] {logging_mixin.py:188} INFO - [2024-04-03T22:39:30.243+0000] {dag.py:3834} INFO - Setting next_dagrun for dataset_produces_2 to None, run_after=None
[2024-04-03T22:39:30.263+0000] {processor.py:183} INFO - Processing /home/airflow/.local/lib/python3.8/site-packages/airflow/example_dags/example_datasets.py took 0.077 seconds
[2024-04-03T22:40:00.546+0000] {processor.py:161} INFO - Started process (PID=836) to work on /home/airflow/.local/lib/python3.8/site-packages/airflow/example_dags/example_datasets.py
[2024-04-03T22:40:00.547+0000] {processor.py:830} INFO - Processing file /home/airflow/.local/lib/python3.8/site-packages/airflow/example_dags/example_datasets.py for tasks to queue
[2024-04-03T22:40:00.549+0000] {logging_mixin.py:188} INFO - [2024-04-03T22:40:00.549+0000] {dagbag.py:540} INFO - Filling up the DagBag from /home/airflow/.local/lib/python3.8/site-packages/airflow/example_dags/example_datasets.py
[2024-04-03T22:40:00.555+0000] {processor.py:840} INFO - DAG(s) 'dataset_consumes_1_and_2', 'dataset_consumes_unknown_never_scheduled', 'dataset_consumes_1', 'dataset_produces_2', 'dataset_produces_1', 'dataset_consumes_1_never_scheduled' retrieved from /home/airflow/.local/lib/python3.8/site-packages/airflow/example_dags/example_datasets.py
[2024-04-03T22:40:00.578+0000] {logging_mixin.py:188} INFO - [2024-04-03T22:40:00.578+0000] {dag.py:3047} INFO - Sync 6 DAGs
[2024-04-03T22:40:00.592+0000] {logging_mixin.py:188} INFO - [2024-04-03T22:40:00.592+0000] {dag.py:3834} INFO - Setting next_dagrun for dataset_consumes_1 to None, run_after=None
[2024-04-03T22:40:00.595+0000] {logging_mixin.py:188} INFO - [2024-04-03T22:40:00.595+0000] {dag.py:3834} INFO - Setting next_dagrun for dataset_consumes_1_and_2 to None, run_after=None
[2024-04-03T22:40:00.597+0000] {logging_mixin.py:188} INFO - [2024-04-03T22:40:00.596+0000] {dag.py:3834} INFO - Setting next_dagrun for dataset_consumes_1_never_scheduled to None, run_after=None
[2024-04-03T22:40:00.598+0000] {logging_mixin.py:188} INFO - [2024-04-03T22:40:00.598+0000] {dag.py:3834} INFO - Setting next_dagrun for dataset_consumes_unknown_never_scheduled to None, run_after=None
[2024-04-03T22:40:00.600+0000] {logging_mixin.py:188} INFO - [2024-04-03T22:40:00.600+0000] {dag.py:3834} INFO - Setting next_dagrun for dataset_produces_1 to 2024-04-02 00:00:00+00:00, run_after=2024-04-03 00:00:00+00:00
[2024-04-03T22:40:00.601+0000] {logging_mixin.py:188} INFO - [2024-04-03T22:40:00.601+0000] {dag.py:3834} INFO - Setting next_dagrun for dataset_produces_2 to None, run_after=None
[2024-04-03T22:40:00.623+0000] {processor.py:183} INFO - Processing /home/airflow/.local/lib/python3.8/site-packages/airflow/example_dags/example_datasets.py took 0.078 seconds
[2024-04-03T22:40:30.927+0000] {processor.py:161} INFO - Started process (PID=891) to work on /home/airflow/.local/lib/python3.8/site-packages/airflow/example_dags/example_datasets.py
[2024-04-03T22:40:30.928+0000] {processor.py:830} INFO - Processing file /home/airflow/.local/lib/python3.8/site-packages/airflow/example_dags/example_datasets.py for tasks to queue
[2024-04-03T22:40:30.929+0000] {logging_mixin.py:188} INFO - [2024-04-03T22:40:30.929+0000] {dagbag.py:540} INFO - Filling up the DagBag from /home/airflow/.local/lib/python3.8/site-packages/airflow/example_dags/example_datasets.py
[2024-04-03T22:40:30.936+0000] {processor.py:840} INFO - DAG(s) 'dataset_produces_2', 'dataset_consumes_unknown_never_scheduled', 'dataset_produces_1', 'dataset_consumes_1_never_scheduled', 'dataset_consumes_1', 'dataset_consumes_1_and_2' retrieved from /home/airflow/.local/lib/python3.8/site-packages/airflow/example_dags/example_datasets.py
[2024-04-03T22:40:30.959+0000] {logging_mixin.py:188} INFO - [2024-04-03T22:40:30.958+0000] {dag.py:3047} INFO - Sync 6 DAGs
[2024-04-03T22:40:30.973+0000] {logging_mixin.py:188} INFO - [2024-04-03T22:40:30.972+0000] {dag.py:3834} INFO - Setting next_dagrun for dataset_consumes_1 to None, run_after=None
[2024-04-03T22:40:30.975+0000] {logging_mixin.py:188} INFO - [2024-04-03T22:40:30.975+0000] {dag.py:3834} INFO - Setting next_dagrun for dataset_consumes_1_and_2 to None, run_after=None
[2024-04-03T22:40:30.977+0000] {logging_mixin.py:188} INFO - [2024-04-03T22:40:30.977+0000] {dag.py:3834} INFO - Setting next_dagrun for dataset_consumes_1_never_scheduled to None, run_after=None
[2024-04-03T22:40:30.978+0000] {logging_mixin.py:188} INFO - [2024-04-03T22:40:30.978+0000] {dag.py:3834} INFO - Setting next_dagrun for dataset_consumes_unknown_never_scheduled to None, run_after=None
[2024-04-03T22:40:30.980+0000] {logging_mixin.py:188} INFO - [2024-04-03T22:40:30.980+0000] {dag.py:3834} INFO - Setting next_dagrun for dataset_produces_1 to 2024-04-02 00:00:00+00:00, run_after=2024-04-03 00:00:00+00:00
[2024-04-03T22:40:30.982+0000] {logging_mixin.py:188} INFO - [2024-04-03T22:40:30.982+0000] {dag.py:3834} INFO - Setting next_dagrun for dataset_produces_2 to None, run_after=None
[2024-04-03T22:40:31.004+0000] {processor.py:183} INFO - Processing /home/airflow/.local/lib/python3.8/site-packages/airflow/example_dags/example_datasets.py took 0.079 seconds
[2024-04-03T22:41:01.177+0000] {processor.py:161} INFO - Started process (PID=946) to work on /home/airflow/.local/lib/python3.8/site-packages/airflow/example_dags/example_datasets.py
[2024-04-03T22:41:01.178+0000] {processor.py:830} INFO - Processing file /home/airflow/.local/lib/python3.8/site-packages/airflow/example_dags/example_datasets.py for tasks to queue
[2024-04-03T22:41:01.180+0000] {logging_mixin.py:188} INFO - [2024-04-03T22:41:01.180+0000] {dagbag.py:540} INFO - Filling up the DagBag from /home/airflow/.local/lib/python3.8/site-packages/airflow/example_dags/example_datasets.py
[2024-04-03T22:41:01.186+0000] {processor.py:840} INFO - DAG(s) 'dataset_produces_2', 'dataset_consumes_1_and_2', 'dataset_consumes_unknown_never_scheduled', 'dataset_produces_1', 'dataset_consumes_1', 'dataset_consumes_1_never_scheduled' retrieved from /home/airflow/.local/lib/python3.8/site-packages/airflow/example_dags/example_datasets.py
[2024-04-03T22:41:01.211+0000] {logging_mixin.py:188} INFO - [2024-04-03T22:41:01.210+0000] {dag.py:3047} INFO - Sync 6 DAGs
[2024-04-03T22:41:01.226+0000] {logging_mixin.py:188} INFO - [2024-04-03T22:41:01.225+0000] {dag.py:3834} INFO - Setting next_dagrun for dataset_consumes_1 to None, run_after=None
[2024-04-03T22:41:01.229+0000] {logging_mixin.py:188} INFO - [2024-04-03T22:41:01.228+0000] {dag.py:3834} INFO - Setting next_dagrun for dataset_consumes_1_and_2 to None, run_after=None
[2024-04-03T22:41:01.230+0000] {logging_mixin.py:188} INFO - [2024-04-03T22:41:01.230+0000] {dag.py:3834} INFO - Setting next_dagrun for dataset_consumes_1_never_scheduled to None, run_after=None
[2024-04-03T22:41:01.231+0000] {logging_mixin.py:188} INFO - [2024-04-03T22:41:01.231+0000] {dag.py:3834} INFO - Setting next_dagrun for dataset_consumes_unknown_never_scheduled to None, run_after=None
[2024-04-03T22:41:01.233+0000] {logging_mixin.py:188} INFO - [2024-04-03T22:41:01.233+0000] {dag.py:3834} INFO - Setting next_dagrun for dataset_produces_1 to 2024-04-02 00:00:00+00:00, run_after=2024-04-03 00:00:00+00:00
[2024-04-03T22:41:01.234+0000] {logging_mixin.py:188} INFO - [2024-04-03T22:41:01.234+0000] {dag.py:3834} INFO - Setting next_dagrun for dataset_produces_2 to None, run_after=None
[2024-04-03T22:41:01.256+0000] {processor.py:183} INFO - Processing /home/airflow/.local/lib/python3.8/site-packages/airflow/example_dags/example_datasets.py took 0.081 seconds
[2024-04-03T22:41:31.740+0000] {processor.py:161} INFO - Started process (PID=1001) to work on /home/airflow/.local/lib/python3.8/site-packages/airflow/example_dags/example_datasets.py
[2024-04-03T22:41:31.741+0000] {processor.py:830} INFO - Processing file /home/airflow/.local/lib/python3.8/site-packages/airflow/example_dags/example_datasets.py for tasks to queue
[2024-04-03T22:41:31.743+0000] {logging_mixin.py:188} INFO - [2024-04-03T22:41:31.743+0000] {dagbag.py:540} INFO - Filling up the DagBag from /home/airflow/.local/lib/python3.8/site-packages/airflow/example_dags/example_datasets.py
[2024-04-03T22:41:31.749+0000] {processor.py:840} INFO - DAG(s) 'dataset_consumes_1_never_scheduled', 'dataset_consumes_1_and_2', 'dataset_consumes_unknown_never_scheduled', 'dataset_produces_1', 'dataset_consumes_1', 'dataset_produces_2' retrieved from /home/airflow/.local/lib/python3.8/site-packages/airflow/example_dags/example_datasets.py
[2024-04-03T22:41:31.773+0000] {logging_mixin.py:188} INFO - [2024-04-03T22:41:31.773+0000] {dag.py:3047} INFO - Sync 6 DAGs
[2024-04-03T22:41:31.788+0000] {logging_mixin.py:188} INFO - [2024-04-03T22:41:31.788+0000] {dag.py:3834} INFO - Setting next_dagrun for dataset_consumes_1 to None, run_after=None
[2024-04-03T22:41:31.791+0000] {logging_mixin.py:188} INFO - [2024-04-03T22:41:31.790+0000] {dag.py:3834} INFO - Setting next_dagrun for dataset_consumes_1_and_2 to None, run_after=None
[2024-04-03T22:41:31.792+0000] {logging_mixin.py:188} INFO - [2024-04-03T22:41:31.792+0000] {dag.py:3834} INFO - Setting next_dagrun for dataset_consumes_1_never_scheduled to None, run_after=None
[2024-04-03T22:41:31.793+0000] {logging_mixin.py:188} INFO - [2024-04-03T22:41:31.793+0000] {dag.py:3834} INFO - Setting next_dagrun for dataset_consumes_unknown_never_scheduled to None, run_after=None
[2024-04-03T22:41:31.796+0000] {logging_mixin.py:188} INFO - [2024-04-03T22:41:31.795+0000] {dag.py:3834} INFO - Setting next_dagrun for dataset_produces_1 to 2024-04-02 00:00:00+00:00, run_after=2024-04-03 00:00:00+00:00
[2024-04-03T22:41:31.797+0000] {logging_mixin.py:188} INFO - [2024-04-03T22:41:31.796+0000] {dag.py:3834} INFO - Setting next_dagrun for dataset_produces_2 to None, run_after=None
[2024-04-03T22:41:31.817+0000] {processor.py:183} INFO - Processing /home/airflow/.local/lib/python3.8/site-packages/airflow/example_dags/example_datasets.py took 0.079 seconds
[2024-04-03T22:42:02.141+0000] {processor.py:161} INFO - Started process (PID=1056) to work on /home/airflow/.local/lib/python3.8/site-packages/airflow/example_dags/example_datasets.py
[2024-04-03T22:42:02.142+0000] {processor.py:830} INFO - Processing file /home/airflow/.local/lib/python3.8/site-packages/airflow/example_dags/example_datasets.py for tasks to queue
[2024-04-03T22:42:02.144+0000] {logging_mixin.py:188} INFO - [2024-04-03T22:42:02.144+0000] {dagbag.py:540} INFO - Filling up the DagBag from /home/airflow/.local/lib/python3.8/site-packages/airflow/example_dags/example_datasets.py
[2024-04-03T22:42:02.151+0000] {processor.py:840} INFO - DAG(s) 'dataset_produces_1', 'dataset_consumes_1_never_scheduled', 'dataset_consumes_1', 'dataset_consumes_1_and_2', 'dataset_consumes_unknown_never_scheduled', 'dataset_produces_2' retrieved from /home/airflow/.local/lib/python3.8/site-packages/airflow/example_dags/example_datasets.py
[2024-04-03T22:42:02.175+0000] {logging_mixin.py:188} INFO - [2024-04-03T22:42:02.174+0000] {dag.py:3047} INFO - Sync 6 DAGs
[2024-04-03T22:42:02.189+0000] {logging_mixin.py:188} INFO - [2024-04-03T22:42:02.189+0000] {dag.py:3834} INFO - Setting next_dagrun for dataset_consumes_1 to None, run_after=None
[2024-04-03T22:42:02.192+0000] {logging_mixin.py:188} INFO - [2024-04-03T22:42:02.192+0000] {dag.py:3834} INFO - Setting next_dagrun for dataset_consumes_1_and_2 to None, run_after=None
[2024-04-03T22:42:02.194+0000] {logging_mixin.py:188} INFO - [2024-04-03T22:42:02.193+0000] {dag.py:3834} INFO - Setting next_dagrun for dataset_consumes_1_never_scheduled to None, run_after=None
[2024-04-03T22:42:02.195+0000] {logging_mixin.py:188} INFO - [2024-04-03T22:42:02.195+0000] {dag.py:3834} INFO - Setting next_dagrun for dataset_consumes_unknown_never_scheduled to None, run_after=None
[2024-04-03T22:42:02.197+0000] {logging_mixin.py:188} INFO - [2024-04-03T22:42:02.197+0000] {dag.py:3834} INFO - Setting next_dagrun for dataset_produces_1 to 2024-04-02 00:00:00+00:00, run_after=2024-04-03 00:00:00+00:00
[2024-04-03T22:42:02.198+0000] {logging_mixin.py:188} INFO - [2024-04-03T22:42:02.198+0000] {dag.py:3834} INFO - Setting next_dagrun for dataset_produces_2 to None, run_after=None
[2024-04-03T22:42:02.220+0000] {processor.py:183} INFO - Processing /home/airflow/.local/lib/python3.8/site-packages/airflow/example_dags/example_datasets.py took 0.080 seconds
[2024-04-03T22:42:32.522+0000] {processor.py:161} INFO - Started process (PID=1111) to work on /home/airflow/.local/lib/python3.8/site-packages/airflow/example_dags/example_datasets.py
[2024-04-03T22:42:32.523+0000] {processor.py:830} INFO - Processing file /home/airflow/.local/lib/python3.8/site-packages/airflow/example_dags/example_datasets.py for tasks to queue
[2024-04-03T22:42:32.524+0000] {logging_mixin.py:188} INFO - [2024-04-03T22:42:32.524+0000] {dagbag.py:540} INFO - Filling up the DagBag from /home/airflow/.local/lib/python3.8/site-packages/airflow/example_dags/example_datasets.py
[2024-04-03T22:42:32.530+0000] {processor.py:840} INFO - DAG(s) 'dataset_consumes_1', 'dataset_consumes_1_never_scheduled', 'dataset_produces_1', 'dataset_consumes_unknown_never_scheduled', 'dataset_consumes_1_and_2', 'dataset_produces_2' retrieved from /home/airflow/.local/lib/python3.8/site-packages/airflow/example_dags/example_datasets.py
[2024-04-03T22:42:32.554+0000] {logging_mixin.py:188} INFO - [2024-04-03T22:42:32.554+0000] {dag.py:3047} INFO - Sync 6 DAGs
[2024-04-03T22:42:32.568+0000] {logging_mixin.py:188} INFO - [2024-04-03T22:42:32.568+0000] {dag.py:3834} INFO - Setting next_dagrun for dataset_consumes_1 to None, run_after=None
[2024-04-03T22:42:32.571+0000] {logging_mixin.py:188} INFO - [2024-04-03T22:42:32.570+0000] {dag.py:3834} INFO - Setting next_dagrun for dataset_consumes_1_and_2 to None, run_after=None
[2024-04-03T22:42:32.572+0000] {logging_mixin.py:188} INFO - [2024-04-03T22:42:32.572+0000] {dag.py:3834} INFO - Setting next_dagrun for dataset_consumes_1_never_scheduled to None, run_after=None
[2024-04-03T22:42:32.573+0000] {logging_mixin.py:188} INFO - [2024-04-03T22:42:32.573+0000] {dag.py:3834} INFO - Setting next_dagrun for dataset_consumes_unknown_never_scheduled to None, run_after=None
[2024-04-03T22:42:32.575+0000] {logging_mixin.py:188} INFO - [2024-04-03T22:42:32.575+0000] {dag.py:3834} INFO - Setting next_dagrun for dataset_produces_1 to 2024-04-02 00:00:00+00:00, run_after=2024-04-03 00:00:00+00:00
[2024-04-03T22:42:32.576+0000] {logging_mixin.py:188} INFO - [2024-04-03T22:42:32.576+0000] {dag.py:3834} INFO - Setting next_dagrun for dataset_produces_2 to None, run_after=None
[2024-04-03T22:42:32.597+0000] {processor.py:183} INFO - Processing /home/airflow/.local/lib/python3.8/site-packages/airflow/example_dags/example_datasets.py took 0.077 seconds
