[2024-04-03T22:24:59.377+0000] {processor.py:161} INFO - Started process (PID=76) to work on /home/airflow/.local/lib/python3.8/site-packages/airflow/example_dags/example_kubernetes_executor.py
[2024-04-03T22:24:59.378+0000] {processor.py:830} INFO - Processing file /home/airflow/.local/lib/python3.8/site-packages/airflow/example_dags/example_kubernetes_executor.py for tasks to queue
[2024-04-03T22:24:59.379+0000] {logging_mixin.py:188} INFO - [2024-04-03T22:24:59.379+0000] {dagbag.py:540} INFO - Filling up the DagBag from /home/airflow/.local/lib/python3.8/site-packages/airflow/example_dags/example_kubernetes_executor.py
[2024-04-03T22:24:59.393+0000] {processor.py:840} INFO - DAG(s) 'example_kubernetes_executor' retrieved from /home/airflow/.local/lib/python3.8/site-packages/airflow/example_dags/example_kubernetes_executor.py
[2024-04-03T22:24:59.405+0000] {logging_mixin.py:188} INFO - [2024-04-03T22:24:59.405+0000] {dag.py:3047} INFO - Sync 1 DAGs
[2024-04-03T22:24:59.420+0000] {logging_mixin.py:188} INFO - [2024-04-03T22:24:59.419+0000] {dag.py:3834} INFO - Setting next_dagrun for example_kubernetes_executor to None, run_after=None
[2024-04-03T22:24:59.441+0000] {processor.py:183} INFO - Processing /home/airflow/.local/lib/python3.8/site-packages/airflow/example_dags/example_kubernetes_executor.py took 0.066 seconds
[2024-04-03T22:25:29.826+0000] {processor.py:161} INFO - Started process (PID=131) to work on /home/airflow/.local/lib/python3.8/site-packages/airflow/example_dags/example_kubernetes_executor.py
[2024-04-03T22:25:29.827+0000] {processor.py:830} INFO - Processing file /home/airflow/.local/lib/python3.8/site-packages/airflow/example_dags/example_kubernetes_executor.py for tasks to queue
[2024-04-03T22:25:29.828+0000] {logging_mixin.py:188} INFO - [2024-04-03T22:25:29.828+0000] {dagbag.py:540} INFO - Filling up the DagBag from /home/airflow/.local/lib/python3.8/site-packages/airflow/example_dags/example_kubernetes_executor.py
[2024-04-03T22:25:29.837+0000] {processor.py:840} INFO - DAG(s) 'example_kubernetes_executor' retrieved from /home/airflow/.local/lib/python3.8/site-packages/airflow/example_dags/example_kubernetes_executor.py
[2024-04-03T22:25:29.917+0000] {logging_mixin.py:188} INFO - [2024-04-03T22:25:29.917+0000] {dag.py:3047} INFO - Sync 1 DAGs
[2024-04-03T22:25:29.926+0000] {logging_mixin.py:188} INFO - [2024-04-03T22:25:29.926+0000] {dag.py:3834} INFO - Setting next_dagrun for example_kubernetes_executor to None, run_after=None
[2024-04-03T22:25:29.940+0000] {processor.py:183} INFO - Processing /home/airflow/.local/lib/python3.8/site-packages/airflow/example_dags/example_kubernetes_executor.py took 0.117 seconds
[2024-04-03T22:26:00.858+0000] {processor.py:161} INFO - Started process (PID=186) to work on /home/airflow/.local/lib/python3.8/site-packages/airflow/example_dags/example_kubernetes_executor.py
[2024-04-03T22:26:00.859+0000] {processor.py:830} INFO - Processing file /home/airflow/.local/lib/python3.8/site-packages/airflow/example_dags/example_kubernetes_executor.py for tasks to queue
[2024-04-03T22:26:00.861+0000] {logging_mixin.py:188} INFO - [2024-04-03T22:26:00.860+0000] {dagbag.py:540} INFO - Filling up the DagBag from /home/airflow/.local/lib/python3.8/site-packages/airflow/example_dags/example_kubernetes_executor.py
[2024-04-03T22:26:00.873+0000] {processor.py:840} INFO - DAG(s) 'example_kubernetes_executor' retrieved from /home/airflow/.local/lib/python3.8/site-packages/airflow/example_dags/example_kubernetes_executor.py
[2024-04-03T22:26:00.904+0000] {logging_mixin.py:188} INFO - [2024-04-03T22:26:00.904+0000] {dag.py:3047} INFO - Sync 1 DAGs
[2024-04-03T22:26:00.914+0000] {logging_mixin.py:188} INFO - [2024-04-03T22:26:00.914+0000] {dag.py:3834} INFO - Setting next_dagrun for example_kubernetes_executor to None, run_after=None
[2024-04-03T22:26:00.929+0000] {processor.py:183} INFO - Processing /home/airflow/.local/lib/python3.8/site-packages/airflow/example_dags/example_kubernetes_executor.py took 0.074 seconds
[2024-04-03T22:26:31.012+0000] {processor.py:161} INFO - Started process (PID=241) to work on /home/airflow/.local/lib/python3.8/site-packages/airflow/example_dags/example_kubernetes_executor.py
[2024-04-03T22:26:31.013+0000] {processor.py:830} INFO - Processing file /home/airflow/.local/lib/python3.8/site-packages/airflow/example_dags/example_kubernetes_executor.py for tasks to queue
[2024-04-03T22:26:31.015+0000] {logging_mixin.py:188} INFO - [2024-04-03T22:26:31.015+0000] {dagbag.py:540} INFO - Filling up the DagBag from /home/airflow/.local/lib/python3.8/site-packages/airflow/example_dags/example_kubernetes_executor.py
[2024-04-03T22:26:31.026+0000] {processor.py:840} INFO - DAG(s) 'example_kubernetes_executor' retrieved from /home/airflow/.local/lib/python3.8/site-packages/airflow/example_dags/example_kubernetes_executor.py
[2024-04-03T22:26:31.056+0000] {logging_mixin.py:188} INFO - [2024-04-03T22:26:31.056+0000] {dag.py:3047} INFO - Sync 1 DAGs
[2024-04-03T22:26:31.066+0000] {logging_mixin.py:188} INFO - [2024-04-03T22:26:31.065+0000] {dag.py:3834} INFO - Setting next_dagrun for example_kubernetes_executor to None, run_after=None
[2024-04-03T22:26:31.082+0000] {processor.py:183} INFO - Processing /home/airflow/.local/lib/python3.8/site-packages/airflow/example_dags/example_kubernetes_executor.py took 0.072 seconds
[2024-04-03T22:27:01.484+0000] {processor.py:161} INFO - Started process (PID=296) to work on /home/airflow/.local/lib/python3.8/site-packages/airflow/example_dags/example_kubernetes_executor.py
[2024-04-03T22:27:01.485+0000] {processor.py:830} INFO - Processing file /home/airflow/.local/lib/python3.8/site-packages/airflow/example_dags/example_kubernetes_executor.py for tasks to queue
[2024-04-03T22:27:01.486+0000] {logging_mixin.py:188} INFO - [2024-04-03T22:27:01.486+0000] {dagbag.py:540} INFO - Filling up the DagBag from /home/airflow/.local/lib/python3.8/site-packages/airflow/example_dags/example_kubernetes_executor.py
[2024-04-03T22:27:01.495+0000] {processor.py:840} INFO - DAG(s) 'example_kubernetes_executor' retrieved from /home/airflow/.local/lib/python3.8/site-packages/airflow/example_dags/example_kubernetes_executor.py
[2024-04-03T22:27:01.521+0000] {logging_mixin.py:188} INFO - [2024-04-03T22:27:01.521+0000] {dag.py:3047} INFO - Sync 1 DAGs
[2024-04-03T22:27:01.529+0000] {logging_mixin.py:188} INFO - [2024-04-03T22:27:01.529+0000] {dag.py:3834} INFO - Setting next_dagrun for example_kubernetes_executor to None, run_after=None
[2024-04-03T22:27:01.541+0000] {processor.py:183} INFO - Processing /home/airflow/.local/lib/python3.8/site-packages/airflow/example_dags/example_kubernetes_executor.py took 0.060 seconds
[2024-04-03T22:27:31.921+0000] {processor.py:161} INFO - Started process (PID=351) to work on /home/airflow/.local/lib/python3.8/site-packages/airflow/example_dags/example_kubernetes_executor.py
[2024-04-03T22:27:31.922+0000] {processor.py:830} INFO - Processing file /home/airflow/.local/lib/python3.8/site-packages/airflow/example_dags/example_kubernetes_executor.py for tasks to queue
[2024-04-03T22:27:31.924+0000] {logging_mixin.py:188} INFO - [2024-04-03T22:27:31.923+0000] {dagbag.py:540} INFO - Filling up the DagBag from /home/airflow/.local/lib/python3.8/site-packages/airflow/example_dags/example_kubernetes_executor.py
[2024-04-03T22:27:31.933+0000] {processor.py:840} INFO - DAG(s) 'example_kubernetes_executor' retrieved from /home/airflow/.local/lib/python3.8/site-packages/airflow/example_dags/example_kubernetes_executor.py
[2024-04-03T22:27:31.962+0000] {logging_mixin.py:188} INFO - [2024-04-03T22:27:31.962+0000] {dag.py:3047} INFO - Sync 1 DAGs
[2024-04-03T22:27:31.972+0000] {logging_mixin.py:188} INFO - [2024-04-03T22:27:31.971+0000] {dag.py:3834} INFO - Setting next_dagrun for example_kubernetes_executor to None, run_after=None
[2024-04-03T22:27:31.986+0000] {processor.py:183} INFO - Processing /home/airflow/.local/lib/python3.8/site-packages/airflow/example_dags/example_kubernetes_executor.py took 0.067 seconds
[2024-04-03T22:28:02.113+0000] {processor.py:161} INFO - Started process (PID=406) to work on /home/airflow/.local/lib/python3.8/site-packages/airflow/example_dags/example_kubernetes_executor.py
[2024-04-03T22:28:02.114+0000] {processor.py:830} INFO - Processing file /home/airflow/.local/lib/python3.8/site-packages/airflow/example_dags/example_kubernetes_executor.py for tasks to queue
[2024-04-03T22:28:02.116+0000] {logging_mixin.py:188} INFO - [2024-04-03T22:28:02.116+0000] {dagbag.py:540} INFO - Filling up the DagBag from /home/airflow/.local/lib/python3.8/site-packages/airflow/example_dags/example_kubernetes_executor.py
[2024-04-03T22:28:02.126+0000] {processor.py:840} INFO - DAG(s) 'example_kubernetes_executor' retrieved from /home/airflow/.local/lib/python3.8/site-packages/airflow/example_dags/example_kubernetes_executor.py
[2024-04-03T22:28:02.152+0000] {logging_mixin.py:188} INFO - [2024-04-03T22:28:02.152+0000] {dag.py:3047} INFO - Sync 1 DAGs
[2024-04-03T22:28:02.163+0000] {logging_mixin.py:188} INFO - [2024-04-03T22:28:02.163+0000] {dag.py:3834} INFO - Setting next_dagrun for example_kubernetes_executor to None, run_after=None
[2024-04-03T22:28:02.178+0000] {processor.py:183} INFO - Processing /home/airflow/.local/lib/python3.8/site-packages/airflow/example_dags/example_kubernetes_executor.py took 0.067 seconds
[2024-04-03T22:28:32.563+0000] {processor.py:161} INFO - Started process (PID=461) to work on /home/airflow/.local/lib/python3.8/site-packages/airflow/example_dags/example_kubernetes_executor.py
[2024-04-03T22:28:32.565+0000] {processor.py:830} INFO - Processing file /home/airflow/.local/lib/python3.8/site-packages/airflow/example_dags/example_kubernetes_executor.py for tasks to queue
[2024-04-03T22:28:32.566+0000] {logging_mixin.py:188} INFO - [2024-04-03T22:28:32.566+0000] {dagbag.py:540} INFO - Filling up the DagBag from /home/airflow/.local/lib/python3.8/site-packages/airflow/example_dags/example_kubernetes_executor.py
[2024-04-03T22:28:32.576+0000] {processor.py:840} INFO - DAG(s) 'example_kubernetes_executor' retrieved from /home/airflow/.local/lib/python3.8/site-packages/airflow/example_dags/example_kubernetes_executor.py
[2024-04-03T22:28:32.604+0000] {logging_mixin.py:188} INFO - [2024-04-03T22:28:32.603+0000] {dag.py:3047} INFO - Sync 1 DAGs
[2024-04-03T22:28:32.613+0000] {logging_mixin.py:188} INFO - [2024-04-03T22:28:32.612+0000] {dag.py:3834} INFO - Setting next_dagrun for example_kubernetes_executor to None, run_after=None
[2024-04-03T22:28:32.628+0000] {processor.py:183} INFO - Processing /home/airflow/.local/lib/python3.8/site-packages/airflow/example_dags/example_kubernetes_executor.py took 0.068 seconds
[2024-04-03T22:29:03.003+0000] {processor.py:161} INFO - Started process (PID=516) to work on /home/airflow/.local/lib/python3.8/site-packages/airflow/example_dags/example_kubernetes_executor.py
[2024-04-03T22:29:03.004+0000] {processor.py:830} INFO - Processing file /home/airflow/.local/lib/python3.8/site-packages/airflow/example_dags/example_kubernetes_executor.py for tasks to queue
[2024-04-03T22:29:03.006+0000] {logging_mixin.py:188} INFO - [2024-04-03T22:29:03.006+0000] {dagbag.py:540} INFO - Filling up the DagBag from /home/airflow/.local/lib/python3.8/site-packages/airflow/example_dags/example_kubernetes_executor.py
[2024-04-03T22:29:03.016+0000] {processor.py:840} INFO - DAG(s) 'example_kubernetes_executor' retrieved from /home/airflow/.local/lib/python3.8/site-packages/airflow/example_dags/example_kubernetes_executor.py
[2024-04-03T22:29:03.043+0000] {logging_mixin.py:188} INFO - [2024-04-03T22:29:03.043+0000] {dag.py:3047} INFO - Sync 1 DAGs
[2024-04-03T22:29:03.052+0000] {logging_mixin.py:188} INFO - [2024-04-03T22:29:03.052+0000] {dag.py:3834} INFO - Setting next_dagrun for example_kubernetes_executor to None, run_after=None
[2024-04-03T22:29:03.067+0000] {processor.py:183} INFO - Processing /home/airflow/.local/lib/python3.8/site-packages/airflow/example_dags/example_kubernetes_executor.py took 0.066 seconds
[2024-04-03T22:29:33.338+0000] {processor.py:161} INFO - Started process (PID=571) to work on /home/airflow/.local/lib/python3.8/site-packages/airflow/example_dags/example_kubernetes_executor.py
[2024-04-03T22:29:33.339+0000] {processor.py:830} INFO - Processing file /home/airflow/.local/lib/python3.8/site-packages/airflow/example_dags/example_kubernetes_executor.py for tasks to queue
[2024-04-03T22:29:33.340+0000] {logging_mixin.py:188} INFO - [2024-04-03T22:29:33.340+0000] {dagbag.py:540} INFO - Filling up the DagBag from /home/airflow/.local/lib/python3.8/site-packages/airflow/example_dags/example_kubernetes_executor.py
[2024-04-03T22:29:33.349+0000] {processor.py:840} INFO - DAG(s) 'example_kubernetes_executor' retrieved from /home/airflow/.local/lib/python3.8/site-packages/airflow/example_dags/example_kubernetes_executor.py
[2024-04-03T22:29:33.373+0000] {logging_mixin.py:188} INFO - [2024-04-03T22:29:33.372+0000] {dag.py:3047} INFO - Sync 1 DAGs
[2024-04-03T22:29:33.380+0000] {logging_mixin.py:188} INFO - [2024-04-03T22:29:33.380+0000] {dag.py:3834} INFO - Setting next_dagrun for example_kubernetes_executor to None, run_after=None
[2024-04-03T22:29:33.393+0000] {processor.py:183} INFO - Processing /home/airflow/.local/lib/python3.8/site-packages/airflow/example_dags/example_kubernetes_executor.py took 0.057 seconds
[2024-04-03T22:30:03.703+0000] {processor.py:161} INFO - Started process (PID=626) to work on /home/airflow/.local/lib/python3.8/site-packages/airflow/example_dags/example_kubernetes_executor.py
[2024-04-03T22:30:03.704+0000] {processor.py:830} INFO - Processing file /home/airflow/.local/lib/python3.8/site-packages/airflow/example_dags/example_kubernetes_executor.py for tasks to queue
[2024-04-03T22:30:03.705+0000] {logging_mixin.py:188} INFO - [2024-04-03T22:30:03.705+0000] {dagbag.py:540} INFO - Filling up the DagBag from /home/airflow/.local/lib/python3.8/site-packages/airflow/example_dags/example_kubernetes_executor.py
[2024-04-03T22:30:03.715+0000] {processor.py:840} INFO - DAG(s) 'example_kubernetes_executor' retrieved from /home/airflow/.local/lib/python3.8/site-packages/airflow/example_dags/example_kubernetes_executor.py
[2024-04-03T22:30:03.745+0000] {logging_mixin.py:188} INFO - [2024-04-03T22:30:03.744+0000] {dag.py:3047} INFO - Sync 1 DAGs
[2024-04-03T22:30:03.753+0000] {logging_mixin.py:188} INFO - [2024-04-03T22:30:03.753+0000] {dag.py:3834} INFO - Setting next_dagrun for example_kubernetes_executor to None, run_after=None
[2024-04-03T22:30:03.769+0000] {processor.py:183} INFO - Processing /home/airflow/.local/lib/python3.8/site-packages/airflow/example_dags/example_kubernetes_executor.py took 0.068 seconds
[2024-04-03T22:30:33.999+0000] {processor.py:161} INFO - Started process (PID=681) to work on /home/airflow/.local/lib/python3.8/site-packages/airflow/example_dags/example_kubernetes_executor.py
[2024-04-03T22:30:34.000+0000] {processor.py:830} INFO - Processing file /home/airflow/.local/lib/python3.8/site-packages/airflow/example_dags/example_kubernetes_executor.py for tasks to queue
[2024-04-03T22:30:34.001+0000] {logging_mixin.py:188} INFO - [2024-04-03T22:30:34.001+0000] {dagbag.py:540} INFO - Filling up the DagBag from /home/airflow/.local/lib/python3.8/site-packages/airflow/example_dags/example_kubernetes_executor.py
[2024-04-03T22:30:34.011+0000] {processor.py:840} INFO - DAG(s) 'example_kubernetes_executor' retrieved from /home/airflow/.local/lib/python3.8/site-packages/airflow/example_dags/example_kubernetes_executor.py
[2024-04-03T22:30:34.035+0000] {logging_mixin.py:188} INFO - [2024-04-03T22:30:34.035+0000] {dag.py:3047} INFO - Sync 1 DAGs
[2024-04-03T22:30:34.044+0000] {logging_mixin.py:188} INFO - [2024-04-03T22:30:34.044+0000] {dag.py:3834} INFO - Setting next_dagrun for example_kubernetes_executor to None, run_after=None
[2024-04-03T22:30:34.059+0000] {processor.py:183} INFO - Processing /home/airflow/.local/lib/python3.8/site-packages/airflow/example_dags/example_kubernetes_executor.py took 0.062 seconds
[2024-04-03T22:31:04.561+0000] {processor.py:161} INFO - Started process (PID=736) to work on /home/airflow/.local/lib/python3.8/site-packages/airflow/example_dags/example_kubernetes_executor.py
[2024-04-03T22:31:04.562+0000] {processor.py:830} INFO - Processing file /home/airflow/.local/lib/python3.8/site-packages/airflow/example_dags/example_kubernetes_executor.py for tasks to queue
[2024-04-03T22:31:04.564+0000] {logging_mixin.py:188} INFO - [2024-04-03T22:31:04.564+0000] {dagbag.py:540} INFO - Filling up the DagBag from /home/airflow/.local/lib/python3.8/site-packages/airflow/example_dags/example_kubernetes_executor.py
[2024-04-03T22:31:04.574+0000] {processor.py:840} INFO - DAG(s) 'example_kubernetes_executor' retrieved from /home/airflow/.local/lib/python3.8/site-packages/airflow/example_dags/example_kubernetes_executor.py
[2024-04-03T22:31:04.600+0000] {logging_mixin.py:188} INFO - [2024-04-03T22:31:04.600+0000] {dag.py:3047} INFO - Sync 1 DAGs
[2024-04-03T22:31:04.608+0000] {logging_mixin.py:188} INFO - [2024-04-03T22:31:04.608+0000] {dag.py:3834} INFO - Setting next_dagrun for example_kubernetes_executor to None, run_after=None
[2024-04-03T22:31:04.621+0000] {processor.py:183} INFO - Processing /home/airflow/.local/lib/python3.8/site-packages/airflow/example_dags/example_kubernetes_executor.py took 0.063 seconds
[2024-04-03T22:31:35.101+0000] {processor.py:161} INFO - Started process (PID=791) to work on /home/airflow/.local/lib/python3.8/site-packages/airflow/example_dags/example_kubernetes_executor.py
[2024-04-03T22:31:35.102+0000] {processor.py:830} INFO - Processing file /home/airflow/.local/lib/python3.8/site-packages/airflow/example_dags/example_kubernetes_executor.py for tasks to queue
[2024-04-03T22:31:35.104+0000] {logging_mixin.py:188} INFO - [2024-04-03T22:31:35.104+0000] {dagbag.py:540} INFO - Filling up the DagBag from /home/airflow/.local/lib/python3.8/site-packages/airflow/example_dags/example_kubernetes_executor.py
[2024-04-03T22:31:35.113+0000] {processor.py:840} INFO - DAG(s) 'example_kubernetes_executor' retrieved from /home/airflow/.local/lib/python3.8/site-packages/airflow/example_dags/example_kubernetes_executor.py
[2024-04-03T22:31:35.140+0000] {logging_mixin.py:188} INFO - [2024-04-03T22:31:35.139+0000] {dag.py:3047} INFO - Sync 1 DAGs
[2024-04-03T22:31:35.148+0000] {logging_mixin.py:188} INFO - [2024-04-03T22:31:35.148+0000] {dag.py:3834} INFO - Setting next_dagrun for example_kubernetes_executor to None, run_after=None
[2024-04-03T22:31:35.161+0000] {processor.py:183} INFO - Processing /home/airflow/.local/lib/python3.8/site-packages/airflow/example_dags/example_kubernetes_executor.py took 0.062 seconds
[2024-04-03T22:32:54.914+0000] {processor.py:161} INFO - Started process (PID=76) to work on /home/airflow/.local/lib/python3.8/site-packages/airflow/example_dags/example_kubernetes_executor.py
[2024-04-03T22:32:54.914+0000] {processor.py:830} INFO - Processing file /home/airflow/.local/lib/python3.8/site-packages/airflow/example_dags/example_kubernetes_executor.py for tasks to queue
[2024-04-03T22:32:54.916+0000] {logging_mixin.py:188} INFO - [2024-04-03T22:32:54.916+0000] {dagbag.py:540} INFO - Filling up the DagBag from /home/airflow/.local/lib/python3.8/site-packages/airflow/example_dags/example_kubernetes_executor.py
[2024-04-03T22:32:54.926+0000] {processor.py:840} INFO - DAG(s) 'example_kubernetes_executor' retrieved from /home/airflow/.local/lib/python3.8/site-packages/airflow/example_dags/example_kubernetes_executor.py
[2024-04-03T22:32:54.935+0000] {logging_mixin.py:188} INFO - [2024-04-03T22:32:54.935+0000] {dag.py:3047} INFO - Sync 1 DAGs
[2024-04-03T22:32:54.945+0000] {logging_mixin.py:188} INFO - [2024-04-03T22:32:54.945+0000] {dag.py:3834} INFO - Setting next_dagrun for example_kubernetes_executor to None, run_after=None
[2024-04-03T22:32:54.961+0000] {processor.py:183} INFO - Processing /home/airflow/.local/lib/python3.8/site-packages/airflow/example_dags/example_kubernetes_executor.py took 0.050 seconds
[2024-04-03T22:33:26.133+0000] {processor.py:161} INFO - Started process (PID=131) to work on /home/airflow/.local/lib/python3.8/site-packages/airflow/example_dags/example_kubernetes_executor.py
[2024-04-03T22:33:26.134+0000] {processor.py:830} INFO - Processing file /home/airflow/.local/lib/python3.8/site-packages/airflow/example_dags/example_kubernetes_executor.py for tasks to queue
[2024-04-03T22:33:26.136+0000] {logging_mixin.py:188} INFO - [2024-04-03T22:33:26.136+0000] {dagbag.py:540} INFO - Filling up the DagBag from /home/airflow/.local/lib/python3.8/site-packages/airflow/example_dags/example_kubernetes_executor.py
[2024-04-03T22:33:26.145+0000] {processor.py:840} INFO - DAG(s) 'example_kubernetes_executor' retrieved from /home/airflow/.local/lib/python3.8/site-packages/airflow/example_dags/example_kubernetes_executor.py
[2024-04-03T22:33:26.227+0000] {logging_mixin.py:188} INFO - [2024-04-03T22:33:26.226+0000] {dag.py:3047} INFO - Sync 1 DAGs
[2024-04-03T22:33:26.238+0000] {logging_mixin.py:188} INFO - [2024-04-03T22:33:26.238+0000] {dag.py:3834} INFO - Setting next_dagrun for example_kubernetes_executor to None, run_after=None
[2024-04-03T22:33:26.287+0000] {processor.py:183} INFO - Processing /home/airflow/.local/lib/python3.8/site-packages/airflow/example_dags/example_kubernetes_executor.py took 0.156 seconds
[2024-04-03T22:33:56.340+0000] {processor.py:161} INFO - Started process (PID=186) to work on /home/airflow/.local/lib/python3.8/site-packages/airflow/example_dags/example_kubernetes_executor.py
[2024-04-03T22:33:56.341+0000] {processor.py:830} INFO - Processing file /home/airflow/.local/lib/python3.8/site-packages/airflow/example_dags/example_kubernetes_executor.py for tasks to queue
[2024-04-03T22:33:56.343+0000] {logging_mixin.py:188} INFO - [2024-04-03T22:33:56.343+0000] {dagbag.py:540} INFO - Filling up the DagBag from /home/airflow/.local/lib/python3.8/site-packages/airflow/example_dags/example_kubernetes_executor.py
[2024-04-03T22:33:56.352+0000] {processor.py:840} INFO - DAG(s) 'example_kubernetes_executor' retrieved from /home/airflow/.local/lib/python3.8/site-packages/airflow/example_dags/example_kubernetes_executor.py
[2024-04-03T22:33:56.378+0000] {logging_mixin.py:188} INFO - [2024-04-03T22:33:56.378+0000] {dag.py:3047} INFO - Sync 1 DAGs
[2024-04-03T22:33:56.386+0000] {logging_mixin.py:188} INFO - [2024-04-03T22:33:56.386+0000] {dag.py:3834} INFO - Setting next_dagrun for example_kubernetes_executor to None, run_after=None
[2024-04-03T22:33:56.401+0000] {processor.py:183} INFO - Processing /home/airflow/.local/lib/python3.8/site-packages/airflow/example_dags/example_kubernetes_executor.py took 0.063 seconds
[2024-04-03T22:34:26.711+0000] {processor.py:161} INFO - Started process (PID=241) to work on /home/airflow/.local/lib/python3.8/site-packages/airflow/example_dags/example_kubernetes_executor.py
[2024-04-03T22:34:26.712+0000] {processor.py:830} INFO - Processing file /home/airflow/.local/lib/python3.8/site-packages/airflow/example_dags/example_kubernetes_executor.py for tasks to queue
[2024-04-03T22:34:26.714+0000] {logging_mixin.py:188} INFO - [2024-04-03T22:34:26.713+0000] {dagbag.py:540} INFO - Filling up the DagBag from /home/airflow/.local/lib/python3.8/site-packages/airflow/example_dags/example_kubernetes_executor.py
[2024-04-03T22:34:26.723+0000] {processor.py:840} INFO - DAG(s) 'example_kubernetes_executor' retrieved from /home/airflow/.local/lib/python3.8/site-packages/airflow/example_dags/example_kubernetes_executor.py
[2024-04-03T22:34:26.749+0000] {logging_mixin.py:188} INFO - [2024-04-03T22:34:26.749+0000] {dag.py:3047} INFO - Sync 1 DAGs
[2024-04-03T22:34:26.757+0000] {logging_mixin.py:188} INFO - [2024-04-03T22:34:26.757+0000] {dag.py:3834} INFO - Setting next_dagrun for example_kubernetes_executor to None, run_after=None
[2024-04-03T22:34:26.769+0000] {processor.py:183} INFO - Processing /home/airflow/.local/lib/python3.8/site-packages/airflow/example_dags/example_kubernetes_executor.py took 0.060 seconds
[2024-04-03T22:34:57.099+0000] {processor.py:161} INFO - Started process (PID=296) to work on /home/airflow/.local/lib/python3.8/site-packages/airflow/example_dags/example_kubernetes_executor.py
[2024-04-03T22:34:57.100+0000] {processor.py:830} INFO - Processing file /home/airflow/.local/lib/python3.8/site-packages/airflow/example_dags/example_kubernetes_executor.py for tasks to queue
[2024-04-03T22:34:57.102+0000] {logging_mixin.py:188} INFO - [2024-04-03T22:34:57.102+0000] {dagbag.py:540} INFO - Filling up the DagBag from /home/airflow/.local/lib/python3.8/site-packages/airflow/example_dags/example_kubernetes_executor.py
[2024-04-03T22:34:57.111+0000] {processor.py:840} INFO - DAG(s) 'example_kubernetes_executor' retrieved from /home/airflow/.local/lib/python3.8/site-packages/airflow/example_dags/example_kubernetes_executor.py
[2024-04-03T22:34:57.140+0000] {logging_mixin.py:188} INFO - [2024-04-03T22:34:57.140+0000] {dag.py:3047} INFO - Sync 1 DAGs
[2024-04-03T22:34:57.151+0000] {logging_mixin.py:188} INFO - [2024-04-03T22:34:57.151+0000] {dag.py:3834} INFO - Setting next_dagrun for example_kubernetes_executor to None, run_after=None
[2024-04-03T22:34:57.166+0000] {processor.py:183} INFO - Processing /home/airflow/.local/lib/python3.8/site-packages/airflow/example_dags/example_kubernetes_executor.py took 0.069 seconds
[2024-04-03T22:35:27.549+0000] {processor.py:161} INFO - Started process (PID=351) to work on /home/airflow/.local/lib/python3.8/site-packages/airflow/example_dags/example_kubernetes_executor.py
[2024-04-03T22:35:27.550+0000] {processor.py:830} INFO - Processing file /home/airflow/.local/lib/python3.8/site-packages/airflow/example_dags/example_kubernetes_executor.py for tasks to queue
[2024-04-03T22:35:27.551+0000] {logging_mixin.py:188} INFO - [2024-04-03T22:35:27.551+0000] {dagbag.py:540} INFO - Filling up the DagBag from /home/airflow/.local/lib/python3.8/site-packages/airflow/example_dags/example_kubernetes_executor.py
[2024-04-03T22:35:27.561+0000] {processor.py:840} INFO - DAG(s) 'example_kubernetes_executor' retrieved from /home/airflow/.local/lib/python3.8/site-packages/airflow/example_dags/example_kubernetes_executor.py
[2024-04-03T22:35:27.589+0000] {logging_mixin.py:188} INFO - [2024-04-03T22:35:27.589+0000] {dag.py:3047} INFO - Sync 1 DAGs
[2024-04-03T22:35:27.597+0000] {logging_mixin.py:188} INFO - [2024-04-03T22:35:27.597+0000] {dag.py:3834} INFO - Setting next_dagrun for example_kubernetes_executor to None, run_after=None
[2024-04-03T22:35:27.612+0000] {processor.py:183} INFO - Processing /home/airflow/.local/lib/python3.8/site-packages/airflow/example_dags/example_kubernetes_executor.py took 0.066 seconds
[2024-04-03T22:35:58.007+0000] {processor.py:161} INFO - Started process (PID=406) to work on /home/airflow/.local/lib/python3.8/site-packages/airflow/example_dags/example_kubernetes_executor.py
[2024-04-03T22:35:58.009+0000] {processor.py:830} INFO - Processing file /home/airflow/.local/lib/python3.8/site-packages/airflow/example_dags/example_kubernetes_executor.py for tasks to queue
[2024-04-03T22:35:58.010+0000] {logging_mixin.py:188} INFO - [2024-04-03T22:35:58.010+0000] {dagbag.py:540} INFO - Filling up the DagBag from /home/airflow/.local/lib/python3.8/site-packages/airflow/example_dags/example_kubernetes_executor.py
[2024-04-03T22:35:58.020+0000] {processor.py:840} INFO - DAG(s) 'example_kubernetes_executor' retrieved from /home/airflow/.local/lib/python3.8/site-packages/airflow/example_dags/example_kubernetes_executor.py
[2024-04-03T22:35:58.049+0000] {logging_mixin.py:188} INFO - [2024-04-03T22:35:58.048+0000] {dag.py:3047} INFO - Sync 1 DAGs
[2024-04-03T22:35:58.057+0000] {logging_mixin.py:188} INFO - [2024-04-03T22:35:58.057+0000] {dag.py:3834} INFO - Setting next_dagrun for example_kubernetes_executor to None, run_after=None
[2024-04-03T22:35:58.074+0000] {processor.py:183} INFO - Processing /home/airflow/.local/lib/python3.8/site-packages/airflow/example_dags/example_kubernetes_executor.py took 0.069 seconds
[2024-04-03T22:36:28.486+0000] {processor.py:161} INFO - Started process (PID=461) to work on /home/airflow/.local/lib/python3.8/site-packages/airflow/example_dags/example_kubernetes_executor.py
[2024-04-03T22:36:28.487+0000] {processor.py:830} INFO - Processing file /home/airflow/.local/lib/python3.8/site-packages/airflow/example_dags/example_kubernetes_executor.py for tasks to queue
[2024-04-03T22:36:28.488+0000] {logging_mixin.py:188} INFO - [2024-04-03T22:36:28.488+0000] {dagbag.py:540} INFO - Filling up the DagBag from /home/airflow/.local/lib/python3.8/site-packages/airflow/example_dags/example_kubernetes_executor.py
[2024-04-03T22:36:28.499+0000] {processor.py:840} INFO - DAG(s) 'example_kubernetes_executor' retrieved from /home/airflow/.local/lib/python3.8/site-packages/airflow/example_dags/example_kubernetes_executor.py
[2024-04-03T22:36:28.532+0000] {logging_mixin.py:188} INFO - [2024-04-03T22:36:28.532+0000] {dag.py:3047} INFO - Sync 1 DAGs
[2024-04-03T22:36:28.541+0000] {logging_mixin.py:188} INFO - [2024-04-03T22:36:28.540+0000] {dag.py:3834} INFO - Setting next_dagrun for example_kubernetes_executor to None, run_after=None
[2024-04-03T22:36:28.554+0000] {processor.py:183} INFO - Processing /home/airflow/.local/lib/python3.8/site-packages/airflow/example_dags/example_kubernetes_executor.py took 0.070 seconds
[2024-04-03T22:36:58.711+0000] {processor.py:161} INFO - Started process (PID=517) to work on /home/airflow/.local/lib/python3.8/site-packages/airflow/example_dags/example_kubernetes_executor.py
[2024-04-03T22:36:58.713+0000] {processor.py:830} INFO - Processing file /home/airflow/.local/lib/python3.8/site-packages/airflow/example_dags/example_kubernetes_executor.py for tasks to queue
[2024-04-03T22:36:58.715+0000] {logging_mixin.py:188} INFO - [2024-04-03T22:36:58.714+0000] {dagbag.py:540} INFO - Filling up the DagBag from /home/airflow/.local/lib/python3.8/site-packages/airflow/example_dags/example_kubernetes_executor.py
[2024-04-03T22:36:58.724+0000] {processor.py:840} INFO - DAG(s) 'example_kubernetes_executor' retrieved from /home/airflow/.local/lib/python3.8/site-packages/airflow/example_dags/example_kubernetes_executor.py
[2024-04-03T22:36:58.749+0000] {logging_mixin.py:188} INFO - [2024-04-03T22:36:58.749+0000] {dag.py:3047} INFO - Sync 1 DAGs
[2024-04-03T22:36:58.759+0000] {logging_mixin.py:188} INFO - [2024-04-03T22:36:58.759+0000] {dag.py:3834} INFO - Setting next_dagrun for example_kubernetes_executor to None, run_after=None
[2024-04-03T22:36:58.772+0000] {processor.py:183} INFO - Processing /home/airflow/.local/lib/python3.8/site-packages/airflow/example_dags/example_kubernetes_executor.py took 0.063 seconds
[2024-04-03T22:37:29.324+0000] {processor.py:161} INFO - Started process (PID=570) to work on /home/airflow/.local/lib/python3.8/site-packages/airflow/example_dags/example_kubernetes_executor.py
[2024-04-03T22:37:29.326+0000] {processor.py:830} INFO - Processing file /home/airflow/.local/lib/python3.8/site-packages/airflow/example_dags/example_kubernetes_executor.py for tasks to queue
[2024-04-03T22:37:29.328+0000] {logging_mixin.py:188} INFO - [2024-04-03T22:37:29.328+0000] {dagbag.py:540} INFO - Filling up the DagBag from /home/airflow/.local/lib/python3.8/site-packages/airflow/example_dags/example_kubernetes_executor.py
[2024-04-03T22:37:29.340+0000] {processor.py:840} INFO - DAG(s) 'example_kubernetes_executor' retrieved from /home/airflow/.local/lib/python3.8/site-packages/airflow/example_dags/example_kubernetes_executor.py
[2024-04-03T22:37:29.367+0000] {logging_mixin.py:188} INFO - [2024-04-03T22:37:29.367+0000] {dag.py:3047} INFO - Sync 1 DAGs
[2024-04-03T22:37:29.376+0000] {logging_mixin.py:188} INFO - [2024-04-03T22:37:29.376+0000] {dag.py:3834} INFO - Setting next_dagrun for example_kubernetes_executor to None, run_after=None
[2024-04-03T22:37:29.394+0000] {processor.py:183} INFO - Processing /home/airflow/.local/lib/python3.8/site-packages/airflow/example_dags/example_kubernetes_executor.py took 0.073 seconds
[2024-04-03T22:37:59.812+0000] {processor.py:161} INFO - Started process (PID=626) to work on /home/airflow/.local/lib/python3.8/site-packages/airflow/example_dags/example_kubernetes_executor.py
[2024-04-03T22:37:59.813+0000] {processor.py:830} INFO - Processing file /home/airflow/.local/lib/python3.8/site-packages/airflow/example_dags/example_kubernetes_executor.py for tasks to queue
[2024-04-03T22:37:59.814+0000] {logging_mixin.py:188} INFO - [2024-04-03T22:37:59.814+0000] {dagbag.py:540} INFO - Filling up the DagBag from /home/airflow/.local/lib/python3.8/site-packages/airflow/example_dags/example_kubernetes_executor.py
[2024-04-03T22:37:59.824+0000] {processor.py:840} INFO - DAG(s) 'example_kubernetes_executor' retrieved from /home/airflow/.local/lib/python3.8/site-packages/airflow/example_dags/example_kubernetes_executor.py
[2024-04-03T22:37:59.854+0000] {logging_mixin.py:188} INFO - [2024-04-03T22:37:59.853+0000] {dag.py:3047} INFO - Sync 1 DAGs
[2024-04-03T22:37:59.864+0000] {logging_mixin.py:188} INFO - [2024-04-03T22:37:59.864+0000] {dag.py:3834} INFO - Setting next_dagrun for example_kubernetes_executor to None, run_after=None
[2024-04-03T22:37:59.880+0000] {processor.py:183} INFO - Processing /home/airflow/.local/lib/python3.8/site-packages/airflow/example_dags/example_kubernetes_executor.py took 0.071 seconds
[2024-04-03T22:38:30.077+0000] {processor.py:161} INFO - Started process (PID=681) to work on /home/airflow/.local/lib/python3.8/site-packages/airflow/example_dags/example_kubernetes_executor.py
[2024-04-03T22:38:30.078+0000] {processor.py:830} INFO - Processing file /home/airflow/.local/lib/python3.8/site-packages/airflow/example_dags/example_kubernetes_executor.py for tasks to queue
[2024-04-03T22:38:30.079+0000] {logging_mixin.py:188} INFO - [2024-04-03T22:38:30.079+0000] {dagbag.py:540} INFO - Filling up the DagBag from /home/airflow/.local/lib/python3.8/site-packages/airflow/example_dags/example_kubernetes_executor.py
[2024-04-03T22:38:30.089+0000] {processor.py:840} INFO - DAG(s) 'example_kubernetes_executor' retrieved from /home/airflow/.local/lib/python3.8/site-packages/airflow/example_dags/example_kubernetes_executor.py
[2024-04-03T22:38:30.115+0000] {logging_mixin.py:188} INFO - [2024-04-03T22:38:30.115+0000] {dag.py:3047} INFO - Sync 1 DAGs
[2024-04-03T22:38:30.123+0000] {logging_mixin.py:188} INFO - [2024-04-03T22:38:30.123+0000] {dag.py:3834} INFO - Setting next_dagrun for example_kubernetes_executor to None, run_after=None
[2024-04-03T22:38:30.140+0000] {processor.py:183} INFO - Processing /home/airflow/.local/lib/python3.8/site-packages/airflow/example_dags/example_kubernetes_executor.py took 0.066 seconds
[2024-04-03T22:39:00.277+0000] {processor.py:161} INFO - Started process (PID=736) to work on /home/airflow/.local/lib/python3.8/site-packages/airflow/example_dags/example_kubernetes_executor.py
[2024-04-03T22:39:00.278+0000] {processor.py:830} INFO - Processing file /home/airflow/.local/lib/python3.8/site-packages/airflow/example_dags/example_kubernetes_executor.py for tasks to queue
[2024-04-03T22:39:00.280+0000] {logging_mixin.py:188} INFO - [2024-04-03T22:39:00.279+0000] {dagbag.py:540} INFO - Filling up the DagBag from /home/airflow/.local/lib/python3.8/site-packages/airflow/example_dags/example_kubernetes_executor.py
[2024-04-03T22:39:00.289+0000] {processor.py:840} INFO - DAG(s) 'example_kubernetes_executor' retrieved from /home/airflow/.local/lib/python3.8/site-packages/airflow/example_dags/example_kubernetes_executor.py
[2024-04-03T22:39:00.314+0000] {logging_mixin.py:188} INFO - [2024-04-03T22:39:00.314+0000] {dag.py:3047} INFO - Sync 1 DAGs
[2024-04-03T22:39:00.322+0000] {logging_mixin.py:188} INFO - [2024-04-03T22:39:00.322+0000] {dag.py:3834} INFO - Setting next_dagrun for example_kubernetes_executor to None, run_after=None
[2024-04-03T22:39:00.336+0000] {processor.py:183} INFO - Processing /home/airflow/.local/lib/python3.8/site-packages/airflow/example_dags/example_kubernetes_executor.py took 0.061 seconds
[2024-04-03T22:39:30.602+0000] {processor.py:161} INFO - Started process (PID=790) to work on /home/airflow/.local/lib/python3.8/site-packages/airflow/example_dags/example_kubernetes_executor.py
[2024-04-03T22:39:30.603+0000] {processor.py:830} INFO - Processing file /home/airflow/.local/lib/python3.8/site-packages/airflow/example_dags/example_kubernetes_executor.py for tasks to queue
[2024-04-03T22:39:30.604+0000] {logging_mixin.py:188} INFO - [2024-04-03T22:39:30.604+0000] {dagbag.py:540} INFO - Filling up the DagBag from /home/airflow/.local/lib/python3.8/site-packages/airflow/example_dags/example_kubernetes_executor.py
[2024-04-03T22:39:30.615+0000] {processor.py:840} INFO - DAG(s) 'example_kubernetes_executor' retrieved from /home/airflow/.local/lib/python3.8/site-packages/airflow/example_dags/example_kubernetes_executor.py
[2024-04-03T22:39:30.657+0000] {logging_mixin.py:188} INFO - [2024-04-03T22:39:30.656+0000] {dag.py:3047} INFO - Sync 1 DAGs
[2024-04-03T22:39:30.666+0000] {logging_mixin.py:188} INFO - [2024-04-03T22:39:30.666+0000] {dag.py:3834} INFO - Setting next_dagrun for example_kubernetes_executor to None, run_after=None
[2024-04-03T22:39:30.679+0000] {processor.py:183} INFO - Processing /home/airflow/.local/lib/python3.8/site-packages/airflow/example_dags/example_kubernetes_executor.py took 0.079 seconds
[2024-04-03T22:40:00.929+0000] {processor.py:161} INFO - Started process (PID=845) to work on /home/airflow/.local/lib/python3.8/site-packages/airflow/example_dags/example_kubernetes_executor.py
[2024-04-03T22:40:00.930+0000] {processor.py:830} INFO - Processing file /home/airflow/.local/lib/python3.8/site-packages/airflow/example_dags/example_kubernetes_executor.py for tasks to queue
[2024-04-03T22:40:00.932+0000] {logging_mixin.py:188} INFO - [2024-04-03T22:40:00.932+0000] {dagbag.py:540} INFO - Filling up the DagBag from /home/airflow/.local/lib/python3.8/site-packages/airflow/example_dags/example_kubernetes_executor.py
[2024-04-03T22:40:00.942+0000] {processor.py:840} INFO - DAG(s) 'example_kubernetes_executor' retrieved from /home/airflow/.local/lib/python3.8/site-packages/airflow/example_dags/example_kubernetes_executor.py
[2024-04-03T22:40:00.967+0000] {logging_mixin.py:188} INFO - [2024-04-03T22:40:00.966+0000] {dag.py:3047} INFO - Sync 1 DAGs
[2024-04-03T22:40:00.974+0000] {logging_mixin.py:188} INFO - [2024-04-03T22:40:00.974+0000] {dag.py:3834} INFO - Setting next_dagrun for example_kubernetes_executor to None, run_after=None
[2024-04-03T22:40:00.986+0000] {processor.py:183} INFO - Processing /home/airflow/.local/lib/python3.8/site-packages/airflow/example_dags/example_kubernetes_executor.py took 0.059 seconds
[2024-04-03T22:40:31.285+0000] {processor.py:161} INFO - Started process (PID=900) to work on /home/airflow/.local/lib/python3.8/site-packages/airflow/example_dags/example_kubernetes_executor.py
[2024-04-03T22:40:31.285+0000] {processor.py:830} INFO - Processing file /home/airflow/.local/lib/python3.8/site-packages/airflow/example_dags/example_kubernetes_executor.py for tasks to queue
[2024-04-03T22:40:31.287+0000] {logging_mixin.py:188} INFO - [2024-04-03T22:40:31.287+0000] {dagbag.py:540} INFO - Filling up the DagBag from /home/airflow/.local/lib/python3.8/site-packages/airflow/example_dags/example_kubernetes_executor.py
[2024-04-03T22:40:31.296+0000] {processor.py:840} INFO - DAG(s) 'example_kubernetes_executor' retrieved from /home/airflow/.local/lib/python3.8/site-packages/airflow/example_dags/example_kubernetes_executor.py
[2024-04-03T22:40:31.321+0000] {logging_mixin.py:188} INFO - [2024-04-03T22:40:31.321+0000] {dag.py:3047} INFO - Sync 1 DAGs
[2024-04-03T22:40:31.329+0000] {logging_mixin.py:188} INFO - [2024-04-03T22:40:31.329+0000] {dag.py:3834} INFO - Setting next_dagrun for example_kubernetes_executor to None, run_after=None
[2024-04-03T22:40:31.341+0000] {processor.py:183} INFO - Processing /home/airflow/.local/lib/python3.8/site-packages/airflow/example_dags/example_kubernetes_executor.py took 0.058 seconds
[2024-04-03T22:41:01.628+0000] {processor.py:161} INFO - Started process (PID=955) to work on /home/airflow/.local/lib/python3.8/site-packages/airflow/example_dags/example_kubernetes_executor.py
[2024-04-03T22:41:01.629+0000] {processor.py:830} INFO - Processing file /home/airflow/.local/lib/python3.8/site-packages/airflow/example_dags/example_kubernetes_executor.py for tasks to queue
[2024-04-03T22:41:01.634+0000] {logging_mixin.py:188} INFO - [2024-04-03T22:41:01.634+0000] {dagbag.py:540} INFO - Filling up the DagBag from /home/airflow/.local/lib/python3.8/site-packages/airflow/example_dags/example_kubernetes_executor.py
[2024-04-03T22:41:01.643+0000] {processor.py:840} INFO - DAG(s) 'example_kubernetes_executor' retrieved from /home/airflow/.local/lib/python3.8/site-packages/airflow/example_dags/example_kubernetes_executor.py
[2024-04-03T22:41:01.670+0000] {logging_mixin.py:188} INFO - [2024-04-03T22:41:01.670+0000] {dag.py:3047} INFO - Sync 1 DAGs
[2024-04-03T22:41:01.678+0000] {logging_mixin.py:188} INFO - [2024-04-03T22:41:01.678+0000] {dag.py:3834} INFO - Setting next_dagrun for example_kubernetes_executor to None, run_after=None
[2024-04-03T22:41:01.693+0000] {processor.py:183} INFO - Processing /home/airflow/.local/lib/python3.8/site-packages/airflow/example_dags/example_kubernetes_executor.py took 0.068 seconds
[2024-04-03T22:41:32.103+0000] {processor.py:161} INFO - Started process (PID=1010) to work on /home/airflow/.local/lib/python3.8/site-packages/airflow/example_dags/example_kubernetes_executor.py
[2024-04-03T22:41:32.104+0000] {processor.py:830} INFO - Processing file /home/airflow/.local/lib/python3.8/site-packages/airflow/example_dags/example_kubernetes_executor.py for tasks to queue
[2024-04-03T22:41:32.106+0000] {logging_mixin.py:188} INFO - [2024-04-03T22:41:32.106+0000] {dagbag.py:540} INFO - Filling up the DagBag from /home/airflow/.local/lib/python3.8/site-packages/airflow/example_dags/example_kubernetes_executor.py
[2024-04-03T22:41:32.115+0000] {processor.py:840} INFO - DAG(s) 'example_kubernetes_executor' retrieved from /home/airflow/.local/lib/python3.8/site-packages/airflow/example_dags/example_kubernetes_executor.py
[2024-04-03T22:41:32.143+0000] {logging_mixin.py:188} INFO - [2024-04-03T22:41:32.143+0000] {dag.py:3047} INFO - Sync 1 DAGs
[2024-04-03T22:41:32.151+0000] {logging_mixin.py:188} INFO - [2024-04-03T22:41:32.151+0000] {dag.py:3834} INFO - Setting next_dagrun for example_kubernetes_executor to None, run_after=None
[2024-04-03T22:41:32.165+0000] {processor.py:183} INFO - Processing /home/airflow/.local/lib/python3.8/site-packages/airflow/example_dags/example_kubernetes_executor.py took 0.064 seconds
[2024-04-03T22:42:02.673+0000] {processor.py:161} INFO - Started process (PID=1065) to work on /home/airflow/.local/lib/python3.8/site-packages/airflow/example_dags/example_kubernetes_executor.py
[2024-04-03T22:42:02.675+0000] {processor.py:830} INFO - Processing file /home/airflow/.local/lib/python3.8/site-packages/airflow/example_dags/example_kubernetes_executor.py for tasks to queue
[2024-04-03T22:42:02.676+0000] {logging_mixin.py:188} INFO - [2024-04-03T22:42:02.676+0000] {dagbag.py:540} INFO - Filling up the DagBag from /home/airflow/.local/lib/python3.8/site-packages/airflow/example_dags/example_kubernetes_executor.py
[2024-04-03T22:42:02.687+0000] {processor.py:840} INFO - DAG(s) 'example_kubernetes_executor' retrieved from /home/airflow/.local/lib/python3.8/site-packages/airflow/example_dags/example_kubernetes_executor.py
[2024-04-03T22:42:02.718+0000] {logging_mixin.py:188} INFO - [2024-04-03T22:42:02.718+0000] {dag.py:3047} INFO - Sync 1 DAGs
[2024-04-03T22:42:02.728+0000] {logging_mixin.py:188} INFO - [2024-04-03T22:42:02.728+0000] {dag.py:3834} INFO - Setting next_dagrun for example_kubernetes_executor to None, run_after=None
[2024-04-03T22:42:02.741+0000] {processor.py:183} INFO - Processing /home/airflow/.local/lib/python3.8/site-packages/airflow/example_dags/example_kubernetes_executor.py took 0.070 seconds
[2024-04-03T22:42:32.968+0000] {processor.py:161} INFO - Started process (PID=1120) to work on /home/airflow/.local/lib/python3.8/site-packages/airflow/example_dags/example_kubernetes_executor.py
[2024-04-03T22:42:32.970+0000] {processor.py:830} INFO - Processing file /home/airflow/.local/lib/python3.8/site-packages/airflow/example_dags/example_kubernetes_executor.py for tasks to queue
[2024-04-03T22:42:32.971+0000] {logging_mixin.py:188} INFO - [2024-04-03T22:42:32.971+0000] {dagbag.py:540} INFO - Filling up the DagBag from /home/airflow/.local/lib/python3.8/site-packages/airflow/example_dags/example_kubernetes_executor.py
[2024-04-03T22:42:32.981+0000] {processor.py:840} INFO - DAG(s) 'example_kubernetes_executor' retrieved from /home/airflow/.local/lib/python3.8/site-packages/airflow/example_dags/example_kubernetes_executor.py
[2024-04-03T22:42:33.013+0000] {logging_mixin.py:188} INFO - [2024-04-03T22:42:33.013+0000] {dag.py:3047} INFO - Sync 1 DAGs
[2024-04-03T22:42:33.021+0000] {logging_mixin.py:188} INFO - [2024-04-03T22:42:33.021+0000] {dag.py:3834} INFO - Setting next_dagrun for example_kubernetes_executor to None, run_after=None
[2024-04-03T22:42:33.035+0000] {processor.py:183} INFO - Processing /home/airflow/.local/lib/python3.8/site-packages/airflow/example_dags/example_kubernetes_executor.py took 0.069 seconds
