[2024-04-03T22:24:57.748+0000] {processor.py:161} INFO - Started process (PID=50) to work on /home/airflow/.local/lib/python3.8/site-packages/airflow/example_dags/example_setup_teardown.py
[2024-04-03T22:24:57.750+0000] {processor.py:830} INFO - Processing file /home/airflow/.local/lib/python3.8/site-packages/airflow/example_dags/example_setup_teardown.py for tasks to queue
[2024-04-03T22:24:57.752+0000] {logging_mixin.py:188} INFO - [2024-04-03T22:24:57.752+0000] {dagbag.py:540} INFO - Filling up the DagBag from /home/airflow/.local/lib/python3.8/site-packages/airflow/example_dags/example_setup_teardown.py
[2024-04-03T22:24:57.768+0000] {processor.py:840} INFO - DAG(s) 'example_setup_teardown' retrieved from /home/airflow/.local/lib/python3.8/site-packages/airflow/example_dags/example_setup_teardown.py
[2024-04-03T22:24:57.790+0000] {logging_mixin.py:188} INFO - [2024-04-03T22:24:57.790+0000] {dag.py:3047} INFO - Sync 1 DAGs
[2024-04-03T22:24:57.812+0000] {logging_mixin.py:188} INFO - [2024-04-03T22:24:57.812+0000] {dag.py:3834} INFO - Setting next_dagrun for example_setup_teardown to 2024-04-02 00:00:00+00:00, run_after=2024-04-03 00:00:00+00:00
[2024-04-03T22:24:57.831+0000] {processor.py:183} INFO - Processing /home/airflow/.local/lib/python3.8/site-packages/airflow/example_dags/example_setup_teardown.py took 0.086 seconds
[2024-04-03T22:25:27.993+0000] {processor.py:161} INFO - Started process (PID=105) to work on /home/airflow/.local/lib/python3.8/site-packages/airflow/example_dags/example_setup_teardown.py
[2024-04-03T22:25:27.994+0000] {processor.py:830} INFO - Processing file /home/airflow/.local/lib/python3.8/site-packages/airflow/example_dags/example_setup_teardown.py for tasks to queue
[2024-04-03T22:25:27.995+0000] {logging_mixin.py:188} INFO - [2024-04-03T22:25:27.995+0000] {dagbag.py:540} INFO - Filling up the DagBag from /home/airflow/.local/lib/python3.8/site-packages/airflow/example_dags/example_setup_teardown.py
[2024-04-03T22:25:28.000+0000] {processor.py:840} INFO - DAG(s) 'example_setup_teardown' retrieved from /home/airflow/.local/lib/python3.8/site-packages/airflow/example_dags/example_setup_teardown.py
[2024-04-03T22:25:28.115+0000] {logging_mixin.py:188} INFO - [2024-04-03T22:25:28.115+0000] {dag.py:3047} INFO - Sync 1 DAGs
[2024-04-03T22:25:28.128+0000] {logging_mixin.py:188} INFO - [2024-04-03T22:25:28.128+0000] {dag.py:3834} INFO - Setting next_dagrun for example_setup_teardown to 2024-04-02 00:00:00+00:00, run_after=2024-04-03 00:00:00+00:00
[2024-04-03T22:25:28.140+0000] {processor.py:183} INFO - Processing /home/airflow/.local/lib/python3.8/site-packages/airflow/example_dags/example_setup_teardown.py took 0.149 seconds
[2024-04-03T22:25:58.324+0000] {processor.py:161} INFO - Started process (PID=160) to work on /home/airflow/.local/lib/python3.8/site-packages/airflow/example_dags/example_setup_teardown.py
[2024-04-03T22:25:58.325+0000] {processor.py:830} INFO - Processing file /home/airflow/.local/lib/python3.8/site-packages/airflow/example_dags/example_setup_teardown.py for tasks to queue
[2024-04-03T22:25:58.326+0000] {logging_mixin.py:188} INFO - [2024-04-03T22:25:58.326+0000] {dagbag.py:540} INFO - Filling up the DagBag from /home/airflow/.local/lib/python3.8/site-packages/airflow/example_dags/example_setup_teardown.py
[2024-04-03T22:25:58.332+0000] {processor.py:840} INFO - DAG(s) 'example_setup_teardown' retrieved from /home/airflow/.local/lib/python3.8/site-packages/airflow/example_dags/example_setup_teardown.py
[2024-04-03T22:25:58.346+0000] {logging_mixin.py:188} INFO - [2024-04-03T22:25:58.346+0000] {dag.py:3047} INFO - Sync 1 DAGs
[2024-04-03T22:25:58.360+0000] {logging_mixin.py:188} INFO - [2024-04-03T22:25:58.360+0000] {dag.py:3834} INFO - Setting next_dagrun for example_setup_teardown to 2024-04-02 00:00:00+00:00, run_after=2024-04-03 00:00:00+00:00
[2024-04-03T22:25:58.376+0000] {processor.py:183} INFO - Processing /home/airflow/.local/lib/python3.8/site-packages/airflow/example_dags/example_setup_teardown.py took 0.054 seconds
[2024-04-03T22:26:29.045+0000] {processor.py:161} INFO - Started process (PID=215) to work on /home/airflow/.local/lib/python3.8/site-packages/airflow/example_dags/example_setup_teardown.py
[2024-04-03T22:26:29.047+0000] {processor.py:830} INFO - Processing file /home/airflow/.local/lib/python3.8/site-packages/airflow/example_dags/example_setup_teardown.py for tasks to queue
[2024-04-03T22:26:29.048+0000] {logging_mixin.py:188} INFO - [2024-04-03T22:26:29.048+0000] {dagbag.py:540} INFO - Filling up the DagBag from /home/airflow/.local/lib/python3.8/site-packages/airflow/example_dags/example_setup_teardown.py
[2024-04-03T22:26:29.053+0000] {processor.py:840} INFO - DAG(s) 'example_setup_teardown' retrieved from /home/airflow/.local/lib/python3.8/site-packages/airflow/example_dags/example_setup_teardown.py
[2024-04-03T22:26:29.069+0000] {logging_mixin.py:188} INFO - [2024-04-03T22:26:29.068+0000] {dag.py:3047} INFO - Sync 1 DAGs
[2024-04-03T22:26:29.084+0000] {logging_mixin.py:188} INFO - [2024-04-03T22:26:29.084+0000] {dag.py:3834} INFO - Setting next_dagrun for example_setup_teardown to 2024-04-02 00:00:00+00:00, run_after=2024-04-03 00:00:00+00:00
[2024-04-03T22:26:29.100+0000] {processor.py:183} INFO - Processing /home/airflow/.local/lib/python3.8/site-packages/airflow/example_dags/example_setup_teardown.py took 0.057 seconds
[2024-04-03T22:26:59.279+0000] {processor.py:161} INFO - Started process (PID=270) to work on /home/airflow/.local/lib/python3.8/site-packages/airflow/example_dags/example_setup_teardown.py
[2024-04-03T22:26:59.280+0000] {processor.py:830} INFO - Processing file /home/airflow/.local/lib/python3.8/site-packages/airflow/example_dags/example_setup_teardown.py for tasks to queue
[2024-04-03T22:26:59.281+0000] {logging_mixin.py:188} INFO - [2024-04-03T22:26:59.281+0000] {dagbag.py:540} INFO - Filling up the DagBag from /home/airflow/.local/lib/python3.8/site-packages/airflow/example_dags/example_setup_teardown.py
[2024-04-03T22:26:59.285+0000] {processor.py:840} INFO - DAG(s) 'example_setup_teardown' retrieved from /home/airflow/.local/lib/python3.8/site-packages/airflow/example_dags/example_setup_teardown.py
[2024-04-03T22:26:59.298+0000] {logging_mixin.py:188} INFO - [2024-04-03T22:26:59.298+0000] {dag.py:3047} INFO - Sync 1 DAGs
[2024-04-03T22:26:59.313+0000] {logging_mixin.py:188} INFO - [2024-04-03T22:26:59.313+0000] {dag.py:3834} INFO - Setting next_dagrun for example_setup_teardown to 2024-04-02 00:00:00+00:00, run_after=2024-04-03 00:00:00+00:00
[2024-04-03T22:26:59.327+0000] {processor.py:183} INFO - Processing /home/airflow/.local/lib/python3.8/site-packages/airflow/example_dags/example_setup_teardown.py took 0.050 seconds
[2024-04-03T22:27:29.707+0000] {processor.py:161} INFO - Started process (PID=325) to work on /home/airflow/.local/lib/python3.8/site-packages/airflow/example_dags/example_setup_teardown.py
[2024-04-03T22:27:29.712+0000] {processor.py:830} INFO - Processing file /home/airflow/.local/lib/python3.8/site-packages/airflow/example_dags/example_setup_teardown.py for tasks to queue
[2024-04-03T22:27:29.714+0000] {logging_mixin.py:188} INFO - [2024-04-03T22:27:29.713+0000] {dagbag.py:540} INFO - Filling up the DagBag from /home/airflow/.local/lib/python3.8/site-packages/airflow/example_dags/example_setup_teardown.py
[2024-04-03T22:27:29.718+0000] {processor.py:840} INFO - DAG(s) 'example_setup_teardown' retrieved from /home/airflow/.local/lib/python3.8/site-packages/airflow/example_dags/example_setup_teardown.py
[2024-04-03T22:27:29.735+0000] {logging_mixin.py:188} INFO - [2024-04-03T22:27:29.735+0000] {dag.py:3047} INFO - Sync 1 DAGs
[2024-04-03T22:27:29.752+0000] {logging_mixin.py:188} INFO - [2024-04-03T22:27:29.752+0000] {dag.py:3834} INFO - Setting next_dagrun for example_setup_teardown to 2024-04-02 00:00:00+00:00, run_after=2024-04-03 00:00:00+00:00
[2024-04-03T22:27:29.780+0000] {processor.py:183} INFO - Processing /home/airflow/.local/lib/python3.8/site-packages/airflow/example_dags/example_setup_teardown.py took 0.076 seconds
[2024-04-03T22:27:59.944+0000] {processor.py:161} INFO - Started process (PID=380) to work on /home/airflow/.local/lib/python3.8/site-packages/airflow/example_dags/example_setup_teardown.py
[2024-04-03T22:27:59.945+0000] {processor.py:830} INFO - Processing file /home/airflow/.local/lib/python3.8/site-packages/airflow/example_dags/example_setup_teardown.py for tasks to queue
[2024-04-03T22:27:59.946+0000] {logging_mixin.py:188} INFO - [2024-04-03T22:27:59.946+0000] {dagbag.py:540} INFO - Filling up the DagBag from /home/airflow/.local/lib/python3.8/site-packages/airflow/example_dags/example_setup_teardown.py
[2024-04-03T22:27:59.950+0000] {processor.py:840} INFO - DAG(s) 'example_setup_teardown' retrieved from /home/airflow/.local/lib/python3.8/site-packages/airflow/example_dags/example_setup_teardown.py
[2024-04-03T22:27:59.964+0000] {logging_mixin.py:188} INFO - [2024-04-03T22:27:59.964+0000] {dag.py:3047} INFO - Sync 1 DAGs
[2024-04-03T22:27:59.980+0000] {logging_mixin.py:188} INFO - [2024-04-03T22:27:59.979+0000] {dag.py:3834} INFO - Setting next_dagrun for example_setup_teardown to 2024-04-02 00:00:00+00:00, run_after=2024-04-03 00:00:00+00:00
[2024-04-03T22:27:59.994+0000] {processor.py:183} INFO - Processing /home/airflow/.local/lib/python3.8/site-packages/airflow/example_dags/example_setup_teardown.py took 0.052 seconds
[2024-04-03T22:28:30.314+0000] {processor.py:161} INFO - Started process (PID=435) to work on /home/airflow/.local/lib/python3.8/site-packages/airflow/example_dags/example_setup_teardown.py
[2024-04-03T22:28:30.315+0000] {processor.py:830} INFO - Processing file /home/airflow/.local/lib/python3.8/site-packages/airflow/example_dags/example_setup_teardown.py for tasks to queue
[2024-04-03T22:28:30.317+0000] {logging_mixin.py:188} INFO - [2024-04-03T22:28:30.316+0000] {dagbag.py:540} INFO - Filling up the DagBag from /home/airflow/.local/lib/python3.8/site-packages/airflow/example_dags/example_setup_teardown.py
[2024-04-03T22:28:30.321+0000] {processor.py:840} INFO - DAG(s) 'example_setup_teardown' retrieved from /home/airflow/.local/lib/python3.8/site-packages/airflow/example_dags/example_setup_teardown.py
[2024-04-03T22:28:30.336+0000] {logging_mixin.py:188} INFO - [2024-04-03T22:28:30.336+0000] {dag.py:3047} INFO - Sync 1 DAGs
[2024-04-03T22:28:30.351+0000] {logging_mixin.py:188} INFO - [2024-04-03T22:28:30.351+0000] {dag.py:3834} INFO - Setting next_dagrun for example_setup_teardown to 2024-04-02 00:00:00+00:00, run_after=2024-04-03 00:00:00+00:00
[2024-04-03T22:28:30.366+0000] {processor.py:183} INFO - Processing /home/airflow/.local/lib/python3.8/site-packages/airflow/example_dags/example_setup_teardown.py took 0.055 seconds
[2024-04-03T22:29:00.799+0000] {processor.py:161} INFO - Started process (PID=490) to work on /home/airflow/.local/lib/python3.8/site-packages/airflow/example_dags/example_setup_teardown.py
[2024-04-03T22:29:00.800+0000] {processor.py:830} INFO - Processing file /home/airflow/.local/lib/python3.8/site-packages/airflow/example_dags/example_setup_teardown.py for tasks to queue
[2024-04-03T22:29:00.801+0000] {logging_mixin.py:188} INFO - [2024-04-03T22:29:00.801+0000] {dagbag.py:540} INFO - Filling up the DagBag from /home/airflow/.local/lib/python3.8/site-packages/airflow/example_dags/example_setup_teardown.py
[2024-04-03T22:29:00.806+0000] {processor.py:840} INFO - DAG(s) 'example_setup_teardown' retrieved from /home/airflow/.local/lib/python3.8/site-packages/airflow/example_dags/example_setup_teardown.py
[2024-04-03T22:29:00.820+0000] {logging_mixin.py:188} INFO - [2024-04-03T22:29:00.820+0000] {dag.py:3047} INFO - Sync 1 DAGs
[2024-04-03T22:29:00.836+0000] {logging_mixin.py:188} INFO - [2024-04-03T22:29:00.836+0000] {dag.py:3834} INFO - Setting next_dagrun for example_setup_teardown to 2024-04-02 00:00:00+00:00, run_after=2024-04-03 00:00:00+00:00
[2024-04-03T22:29:00.861+0000] {processor.py:183} INFO - Processing /home/airflow/.local/lib/python3.8/site-packages/airflow/example_dags/example_setup_teardown.py took 0.065 seconds
[2024-04-03T22:29:31.208+0000] {processor.py:161} INFO - Started process (PID=545) to work on /home/airflow/.local/lib/python3.8/site-packages/airflow/example_dags/example_setup_teardown.py
[2024-04-03T22:29:31.209+0000] {processor.py:830} INFO - Processing file /home/airflow/.local/lib/python3.8/site-packages/airflow/example_dags/example_setup_teardown.py for tasks to queue
[2024-04-03T22:29:31.211+0000] {logging_mixin.py:188} INFO - [2024-04-03T22:29:31.211+0000] {dagbag.py:540} INFO - Filling up the DagBag from /home/airflow/.local/lib/python3.8/site-packages/airflow/example_dags/example_setup_teardown.py
[2024-04-03T22:29:31.216+0000] {processor.py:840} INFO - DAG(s) 'example_setup_teardown' retrieved from /home/airflow/.local/lib/python3.8/site-packages/airflow/example_dags/example_setup_teardown.py
[2024-04-03T22:29:31.231+0000] {logging_mixin.py:188} INFO - [2024-04-03T22:29:31.231+0000] {dag.py:3047} INFO - Sync 1 DAGs
[2024-04-03T22:29:31.246+0000] {logging_mixin.py:188} INFO - [2024-04-03T22:29:31.246+0000] {dag.py:3834} INFO - Setting next_dagrun for example_setup_teardown to 2024-04-02 00:00:00+00:00, run_after=2024-04-03 00:00:00+00:00
[2024-04-03T22:29:31.270+0000] {processor.py:183} INFO - Processing /home/airflow/.local/lib/python3.8/site-packages/airflow/example_dags/example_setup_teardown.py took 0.065 seconds
[2024-04-03T22:30:01.466+0000] {processor.py:161} INFO - Started process (PID=600) to work on /home/airflow/.local/lib/python3.8/site-packages/airflow/example_dags/example_setup_teardown.py
[2024-04-03T22:30:01.467+0000] {processor.py:830} INFO - Processing file /home/airflow/.local/lib/python3.8/site-packages/airflow/example_dags/example_setup_teardown.py for tasks to queue
[2024-04-03T22:30:01.468+0000] {logging_mixin.py:188} INFO - [2024-04-03T22:30:01.468+0000] {dagbag.py:540} INFO - Filling up the DagBag from /home/airflow/.local/lib/python3.8/site-packages/airflow/example_dags/example_setup_teardown.py
[2024-04-03T22:30:01.473+0000] {processor.py:840} INFO - DAG(s) 'example_setup_teardown' retrieved from /home/airflow/.local/lib/python3.8/site-packages/airflow/example_dags/example_setup_teardown.py
[2024-04-03T22:30:01.487+0000] {logging_mixin.py:188} INFO - [2024-04-03T22:30:01.487+0000] {dag.py:3047} INFO - Sync 1 DAGs
[2024-04-03T22:30:01.502+0000] {logging_mixin.py:188} INFO - [2024-04-03T22:30:01.502+0000] {dag.py:3834} INFO - Setting next_dagrun for example_setup_teardown to 2024-04-02 00:00:00+00:00, run_after=2024-04-03 00:00:00+00:00
[2024-04-03T22:30:01.519+0000] {processor.py:183} INFO - Processing /home/airflow/.local/lib/python3.8/site-packages/airflow/example_dags/example_setup_teardown.py took 0.055 seconds
[2024-04-03T22:30:31.870+0000] {processor.py:161} INFO - Started process (PID=655) to work on /home/airflow/.local/lib/python3.8/site-packages/airflow/example_dags/example_setup_teardown.py
[2024-04-03T22:30:31.872+0000] {processor.py:830} INFO - Processing file /home/airflow/.local/lib/python3.8/site-packages/airflow/example_dags/example_setup_teardown.py for tasks to queue
[2024-04-03T22:30:31.873+0000] {logging_mixin.py:188} INFO - [2024-04-03T22:30:31.873+0000] {dagbag.py:540} INFO - Filling up the DagBag from /home/airflow/.local/lib/python3.8/site-packages/airflow/example_dags/example_setup_teardown.py
[2024-04-03T22:30:31.877+0000] {processor.py:840} INFO - DAG(s) 'example_setup_teardown' retrieved from /home/airflow/.local/lib/python3.8/site-packages/airflow/example_dags/example_setup_teardown.py
[2024-04-03T22:30:31.891+0000] {logging_mixin.py:188} INFO - [2024-04-03T22:30:31.891+0000] {dag.py:3047} INFO - Sync 1 DAGs
[2024-04-03T22:30:31.905+0000] {logging_mixin.py:188} INFO - [2024-04-03T22:30:31.904+0000] {dag.py:3834} INFO - Setting next_dagrun for example_setup_teardown to 2024-04-02 00:00:00+00:00, run_after=2024-04-03 00:00:00+00:00
[2024-04-03T22:30:31.916+0000] {processor.py:183} INFO - Processing /home/airflow/.local/lib/python3.8/site-packages/airflow/example_dags/example_setup_teardown.py took 0.048 seconds
[2024-04-03T22:31:02.196+0000] {processor.py:161} INFO - Started process (PID=710) to work on /home/airflow/.local/lib/python3.8/site-packages/airflow/example_dags/example_setup_teardown.py
[2024-04-03T22:31:02.197+0000] {processor.py:830} INFO - Processing file /home/airflow/.local/lib/python3.8/site-packages/airflow/example_dags/example_setup_teardown.py for tasks to queue
[2024-04-03T22:31:02.201+0000] {logging_mixin.py:188} INFO - [2024-04-03T22:31:02.201+0000] {dagbag.py:540} INFO - Filling up the DagBag from /home/airflow/.local/lib/python3.8/site-packages/airflow/example_dags/example_setup_teardown.py
[2024-04-03T22:31:02.205+0000] {processor.py:840} INFO - DAG(s) 'example_setup_teardown' retrieved from /home/airflow/.local/lib/python3.8/site-packages/airflow/example_dags/example_setup_teardown.py
[2024-04-03T22:31:02.219+0000] {logging_mixin.py:188} INFO - [2024-04-03T22:31:02.219+0000] {dag.py:3047} INFO - Sync 1 DAGs
[2024-04-03T22:31:02.234+0000] {logging_mixin.py:188} INFO - [2024-04-03T22:31:02.234+0000] {dag.py:3834} INFO - Setting next_dagrun for example_setup_teardown to 2024-04-02 00:00:00+00:00, run_after=2024-04-03 00:00:00+00:00
[2024-04-03T22:31:02.248+0000] {processor.py:183} INFO - Processing /home/airflow/.local/lib/python3.8/site-packages/airflow/example_dags/example_setup_teardown.py took 0.054 seconds
[2024-04-03T22:31:32.932+0000] {processor.py:161} INFO - Started process (PID=765) to work on /home/airflow/.local/lib/python3.8/site-packages/airflow/example_dags/example_setup_teardown.py
[2024-04-03T22:31:32.943+0000] {processor.py:830} INFO - Processing file /home/airflow/.local/lib/python3.8/site-packages/airflow/example_dags/example_setup_teardown.py for tasks to queue
[2024-04-03T22:31:32.958+0000] {logging_mixin.py:188} INFO - [2024-04-03T22:31:32.958+0000] {dagbag.py:540} INFO - Filling up the DagBag from /home/airflow/.local/lib/python3.8/site-packages/airflow/example_dags/example_setup_teardown.py
[2024-04-03T22:31:32.979+0000] {processor.py:840} INFO - DAG(s) 'example_setup_teardown' retrieved from /home/airflow/.local/lib/python3.8/site-packages/airflow/example_dags/example_setup_teardown.py
[2024-04-03T22:31:33.004+0000] {logging_mixin.py:188} INFO - [2024-04-03T22:31:33.003+0000] {dag.py:3047} INFO - Sync 1 DAGs
[2024-04-03T22:31:33.017+0000] {logging_mixin.py:188} INFO - [2024-04-03T22:31:33.017+0000] {dag.py:3834} INFO - Setting next_dagrun for example_setup_teardown to 2024-04-02 00:00:00+00:00, run_after=2024-04-03 00:00:00+00:00
[2024-04-03T22:31:33.036+0000] {processor.py:183} INFO - Processing /home/airflow/.local/lib/python3.8/site-packages/airflow/example_dags/example_setup_teardown.py took 0.105 seconds
[2024-04-03T22:32:03.325+0000] {processor.py:161} INFO - Started process (PID=820) to work on /home/airflow/.local/lib/python3.8/site-packages/airflow/example_dags/example_setup_teardown.py
[2024-04-03T22:32:03.326+0000] {processor.py:830} INFO - Processing file /home/airflow/.local/lib/python3.8/site-packages/airflow/example_dags/example_setup_teardown.py for tasks to queue
[2024-04-03T22:32:03.328+0000] {logging_mixin.py:188} INFO - [2024-04-03T22:32:03.328+0000] {dagbag.py:540} INFO - Filling up the DagBag from /home/airflow/.local/lib/python3.8/site-packages/airflow/example_dags/example_setup_teardown.py
[2024-04-03T22:32:03.332+0000] {processor.py:840} INFO - DAG(s) 'example_setup_teardown' retrieved from /home/airflow/.local/lib/python3.8/site-packages/airflow/example_dags/example_setup_teardown.py
[2024-04-03T22:32:03.346+0000] {logging_mixin.py:188} INFO - [2024-04-03T22:32:03.346+0000] {dag.py:3047} INFO - Sync 1 DAGs
[2024-04-03T22:32:03.360+0000] {logging_mixin.py:188} INFO - [2024-04-03T22:32:03.360+0000] {dag.py:3834} INFO - Setting next_dagrun for example_setup_teardown to 2024-04-02 00:00:00+00:00, run_after=2024-04-03 00:00:00+00:00
[2024-04-03T22:32:03.373+0000] {processor.py:183} INFO - Processing /home/airflow/.local/lib/python3.8/site-packages/airflow/example_dags/example_setup_teardown.py took 0.050 seconds
[2024-04-03T22:32:53.381+0000] {processor.py:161} INFO - Started process (PID=50) to work on /home/airflow/.local/lib/python3.8/site-packages/airflow/example_dags/example_setup_teardown.py
[2024-04-03T22:32:53.382+0000] {processor.py:830} INFO - Processing file /home/airflow/.local/lib/python3.8/site-packages/airflow/example_dags/example_setup_teardown.py for tasks to queue
[2024-04-03T22:32:53.383+0000] {logging_mixin.py:188} INFO - [2024-04-03T22:32:53.383+0000] {dagbag.py:540} INFO - Filling up the DagBag from /home/airflow/.local/lib/python3.8/site-packages/airflow/example_dags/example_setup_teardown.py
[2024-04-03T22:32:53.394+0000] {processor.py:840} INFO - DAG(s) 'example_setup_teardown' retrieved from /home/airflow/.local/lib/python3.8/site-packages/airflow/example_dags/example_setup_teardown.py
[2024-04-03T22:32:53.412+0000] {logging_mixin.py:188} INFO - [2024-04-03T22:32:53.412+0000] {dag.py:3047} INFO - Sync 1 DAGs
[2024-04-03T22:32:53.431+0000] {logging_mixin.py:188} INFO - [2024-04-03T22:32:53.430+0000] {dag.py:3834} INFO - Setting next_dagrun for example_setup_teardown to 2024-04-02 00:00:00+00:00, run_after=2024-04-03 00:00:00+00:00
[2024-04-03T22:32:53.443+0000] {processor.py:183} INFO - Processing /home/airflow/.local/lib/python3.8/site-packages/airflow/example_dags/example_setup_teardown.py took 0.067 seconds
[2024-04-03T22:33:23.951+0000] {processor.py:161} INFO - Started process (PID=105) to work on /home/airflow/.local/lib/python3.8/site-packages/airflow/example_dags/example_setup_teardown.py
[2024-04-03T22:33:23.952+0000] {processor.py:830} INFO - Processing file /home/airflow/.local/lib/python3.8/site-packages/airflow/example_dags/example_setup_teardown.py for tasks to queue
[2024-04-03T22:33:23.953+0000] {logging_mixin.py:188} INFO - [2024-04-03T22:33:23.953+0000] {dagbag.py:540} INFO - Filling up the DagBag from /home/airflow/.local/lib/python3.8/site-packages/airflow/example_dags/example_setup_teardown.py
[2024-04-03T22:33:23.958+0000] {processor.py:840} INFO - DAG(s) 'example_setup_teardown' retrieved from /home/airflow/.local/lib/python3.8/site-packages/airflow/example_dags/example_setup_teardown.py
[2024-04-03T22:33:24.079+0000] {logging_mixin.py:188} INFO - [2024-04-03T22:33:24.079+0000] {dag.py:3047} INFO - Sync 1 DAGs
[2024-04-03T22:33:24.107+0000] {logging_mixin.py:188} INFO - [2024-04-03T22:33:24.107+0000] {dag.py:3834} INFO - Setting next_dagrun for example_setup_teardown to 2024-04-02 00:00:00+00:00, run_after=2024-04-03 00:00:00+00:00
[2024-04-03T22:33:24.123+0000] {processor.py:183} INFO - Processing /home/airflow/.local/lib/python3.8/site-packages/airflow/example_dags/example_setup_teardown.py took 0.174 seconds
[2024-04-03T22:33:54.790+0000] {processor.py:161} INFO - Started process (PID=160) to work on /home/airflow/.local/lib/python3.8/site-packages/airflow/example_dags/example_setup_teardown.py
[2024-04-03T22:33:54.791+0000] {processor.py:830} INFO - Processing file /home/airflow/.local/lib/python3.8/site-packages/airflow/example_dags/example_setup_teardown.py for tasks to queue
[2024-04-03T22:33:54.792+0000] {logging_mixin.py:188} INFO - [2024-04-03T22:33:54.792+0000] {dagbag.py:540} INFO - Filling up the DagBag from /home/airflow/.local/lib/python3.8/site-packages/airflow/example_dags/example_setup_teardown.py
[2024-04-03T22:33:54.796+0000] {processor.py:840} INFO - DAG(s) 'example_setup_teardown' retrieved from /home/airflow/.local/lib/python3.8/site-packages/airflow/example_dags/example_setup_teardown.py
[2024-04-03T22:33:54.811+0000] {logging_mixin.py:188} INFO - [2024-04-03T22:33:54.811+0000] {dag.py:3047} INFO - Sync 1 DAGs
[2024-04-03T22:33:54.826+0000] {logging_mixin.py:188} INFO - [2024-04-03T22:33:54.826+0000] {dag.py:3834} INFO - Setting next_dagrun for example_setup_teardown to 2024-04-02 00:00:00+00:00, run_after=2024-04-03 00:00:00+00:00
[2024-04-03T22:33:54.841+0000] {processor.py:183} INFO - Processing /home/airflow/.local/lib/python3.8/site-packages/airflow/example_dags/example_setup_teardown.py took 0.053 seconds
[2024-04-03T22:34:25.572+0000] {processor.py:161} INFO - Started process (PID=215) to work on /home/airflow/.local/lib/python3.8/site-packages/airflow/example_dags/example_setup_teardown.py
[2024-04-03T22:34:25.573+0000] {processor.py:830} INFO - Processing file /home/airflow/.local/lib/python3.8/site-packages/airflow/example_dags/example_setup_teardown.py for tasks to queue
[2024-04-03T22:34:25.575+0000] {logging_mixin.py:188} INFO - [2024-04-03T22:34:25.574+0000] {dagbag.py:540} INFO - Filling up the DagBag from /home/airflow/.local/lib/python3.8/site-packages/airflow/example_dags/example_setup_teardown.py
[2024-04-03T22:34:25.579+0000] {processor.py:840} INFO - DAG(s) 'example_setup_teardown' retrieved from /home/airflow/.local/lib/python3.8/site-packages/airflow/example_dags/example_setup_teardown.py
[2024-04-03T22:34:25.593+0000] {logging_mixin.py:188} INFO - [2024-04-03T22:34:25.593+0000] {dag.py:3047} INFO - Sync 1 DAGs
[2024-04-03T22:34:25.608+0000] {logging_mixin.py:188} INFO - [2024-04-03T22:34:25.608+0000] {dag.py:3834} INFO - Setting next_dagrun for example_setup_teardown to 2024-04-02 00:00:00+00:00, run_after=2024-04-03 00:00:00+00:00
[2024-04-03T22:34:25.632+0000] {processor.py:183} INFO - Processing /home/airflow/.local/lib/python3.8/site-packages/airflow/example_dags/example_setup_teardown.py took 0.062 seconds
[2024-04-03T22:34:55.916+0000] {processor.py:161} INFO - Started process (PID=270) to work on /home/airflow/.local/lib/python3.8/site-packages/airflow/example_dags/example_setup_teardown.py
[2024-04-03T22:34:55.917+0000] {processor.py:830} INFO - Processing file /home/airflow/.local/lib/python3.8/site-packages/airflow/example_dags/example_setup_teardown.py for tasks to queue
[2024-04-03T22:34:55.919+0000] {logging_mixin.py:188} INFO - [2024-04-03T22:34:55.918+0000] {dagbag.py:540} INFO - Filling up the DagBag from /home/airflow/.local/lib/python3.8/site-packages/airflow/example_dags/example_setup_teardown.py
[2024-04-03T22:34:55.923+0000] {processor.py:840} INFO - DAG(s) 'example_setup_teardown' retrieved from /home/airflow/.local/lib/python3.8/site-packages/airflow/example_dags/example_setup_teardown.py
[2024-04-03T22:34:55.938+0000] {logging_mixin.py:188} INFO - [2024-04-03T22:34:55.937+0000] {dag.py:3047} INFO - Sync 1 DAGs
[2024-04-03T22:34:55.954+0000] {logging_mixin.py:188} INFO - [2024-04-03T22:34:55.954+0000] {dag.py:3834} INFO - Setting next_dagrun for example_setup_teardown to 2024-04-02 00:00:00+00:00, run_after=2024-04-03 00:00:00+00:00
[2024-04-03T22:34:55.977+0000] {processor.py:183} INFO - Processing /home/airflow/.local/lib/python3.8/site-packages/airflow/example_dags/example_setup_teardown.py took 0.063 seconds
[2024-04-03T22:35:26.203+0000] {processor.py:161} INFO - Started process (PID=325) to work on /home/airflow/.local/lib/python3.8/site-packages/airflow/example_dags/example_setup_teardown.py
[2024-04-03T22:35:26.204+0000] {processor.py:830} INFO - Processing file /home/airflow/.local/lib/python3.8/site-packages/airflow/example_dags/example_setup_teardown.py for tasks to queue
[2024-04-03T22:35:26.205+0000] {logging_mixin.py:188} INFO - [2024-04-03T22:35:26.205+0000] {dagbag.py:540} INFO - Filling up the DagBag from /home/airflow/.local/lib/python3.8/site-packages/airflow/example_dags/example_setup_teardown.py
[2024-04-03T22:35:26.209+0000] {processor.py:840} INFO - DAG(s) 'example_setup_teardown' retrieved from /home/airflow/.local/lib/python3.8/site-packages/airflow/example_dags/example_setup_teardown.py
[2024-04-03T22:35:26.223+0000] {logging_mixin.py:188} INFO - [2024-04-03T22:35:26.222+0000] {dag.py:3047} INFO - Sync 1 DAGs
[2024-04-03T22:35:26.236+0000] {logging_mixin.py:188} INFO - [2024-04-03T22:35:26.236+0000] {dag.py:3834} INFO - Setting next_dagrun for example_setup_teardown to 2024-04-02 00:00:00+00:00, run_after=2024-04-03 00:00:00+00:00
[2024-04-03T22:35:26.249+0000] {processor.py:183} INFO - Processing /home/airflow/.local/lib/python3.8/site-packages/airflow/example_dags/example_setup_teardown.py took 0.049 seconds
[2024-04-03T22:35:56.682+0000] {processor.py:161} INFO - Started process (PID=380) to work on /home/airflow/.local/lib/python3.8/site-packages/airflow/example_dags/example_setup_teardown.py
[2024-04-03T22:35:56.683+0000] {processor.py:830} INFO - Processing file /home/airflow/.local/lib/python3.8/site-packages/airflow/example_dags/example_setup_teardown.py for tasks to queue
[2024-04-03T22:35:56.684+0000] {logging_mixin.py:188} INFO - [2024-04-03T22:35:56.684+0000] {dagbag.py:540} INFO - Filling up the DagBag from /home/airflow/.local/lib/python3.8/site-packages/airflow/example_dags/example_setup_teardown.py
[2024-04-03T22:35:56.688+0000] {processor.py:840} INFO - DAG(s) 'example_setup_teardown' retrieved from /home/airflow/.local/lib/python3.8/site-packages/airflow/example_dags/example_setup_teardown.py
[2024-04-03T22:35:56.702+0000] {logging_mixin.py:188} INFO - [2024-04-03T22:35:56.702+0000] {dag.py:3047} INFO - Sync 1 DAGs
[2024-04-03T22:35:56.717+0000] {logging_mixin.py:188} INFO - [2024-04-03T22:35:56.717+0000] {dag.py:3834} INFO - Setting next_dagrun for example_setup_teardown to 2024-04-02 00:00:00+00:00, run_after=2024-04-03 00:00:00+00:00
[2024-04-03T22:35:56.740+0000] {processor.py:183} INFO - Processing /home/airflow/.local/lib/python3.8/site-packages/airflow/example_dags/example_setup_teardown.py took 0.060 seconds
[2024-04-03T22:36:27.359+0000] {processor.py:161} INFO - Started process (PID=435) to work on /home/airflow/.local/lib/python3.8/site-packages/airflow/example_dags/example_setup_teardown.py
[2024-04-03T22:36:27.360+0000] {processor.py:830} INFO - Processing file /home/airflow/.local/lib/python3.8/site-packages/airflow/example_dags/example_setup_teardown.py for tasks to queue
[2024-04-03T22:36:27.361+0000] {logging_mixin.py:188} INFO - [2024-04-03T22:36:27.361+0000] {dagbag.py:540} INFO - Filling up the DagBag from /home/airflow/.local/lib/python3.8/site-packages/airflow/example_dags/example_setup_teardown.py
[2024-04-03T22:36:27.366+0000] {processor.py:840} INFO - DAG(s) 'example_setup_teardown' retrieved from /home/airflow/.local/lib/python3.8/site-packages/airflow/example_dags/example_setup_teardown.py
[2024-04-03T22:36:27.380+0000] {logging_mixin.py:188} INFO - [2024-04-03T22:36:27.380+0000] {dag.py:3047} INFO - Sync 1 DAGs
[2024-04-03T22:36:27.395+0000] {logging_mixin.py:188} INFO - [2024-04-03T22:36:27.394+0000] {dag.py:3834} INFO - Setting next_dagrun for example_setup_teardown to 2024-04-02 00:00:00+00:00, run_after=2024-04-03 00:00:00+00:00
[2024-04-03T22:36:27.417+0000] {processor.py:183} INFO - Processing /home/airflow/.local/lib/python3.8/site-packages/airflow/example_dags/example_setup_teardown.py took 0.059 seconds
[2024-04-03T22:36:57.556+0000] {processor.py:161} INFO - Started process (PID=490) to work on /home/airflow/.local/lib/python3.8/site-packages/airflow/example_dags/example_setup_teardown.py
[2024-04-03T22:36:57.557+0000] {processor.py:830} INFO - Processing file /home/airflow/.local/lib/python3.8/site-packages/airflow/example_dags/example_setup_teardown.py for tasks to queue
[2024-04-03T22:36:57.559+0000] {logging_mixin.py:188} INFO - [2024-04-03T22:36:57.558+0000] {dagbag.py:540} INFO - Filling up the DagBag from /home/airflow/.local/lib/python3.8/site-packages/airflow/example_dags/example_setup_teardown.py
[2024-04-03T22:36:57.563+0000] {processor.py:840} INFO - DAG(s) 'example_setup_teardown' retrieved from /home/airflow/.local/lib/python3.8/site-packages/airflow/example_dags/example_setup_teardown.py
[2024-04-03T22:36:57.577+0000] {logging_mixin.py:188} INFO - [2024-04-03T22:36:57.577+0000] {dag.py:3047} INFO - Sync 1 DAGs
[2024-04-03T22:36:57.592+0000] {logging_mixin.py:188} INFO - [2024-04-03T22:36:57.592+0000] {dag.py:3834} INFO - Setting next_dagrun for example_setup_teardown to 2024-04-02 00:00:00+00:00, run_after=2024-04-03 00:00:00+00:00
[2024-04-03T22:36:57.618+0000] {processor.py:183} INFO - Processing /home/airflow/.local/lib/python3.8/site-packages/airflow/example_dags/example_setup_teardown.py took 0.064 seconds
[2024-04-03T22:37:28.097+0000] {processor.py:161} INFO - Started process (PID=544) to work on /home/airflow/.local/lib/python3.8/site-packages/airflow/example_dags/example_setup_teardown.py
[2024-04-03T22:37:28.098+0000] {processor.py:830} INFO - Processing file /home/airflow/.local/lib/python3.8/site-packages/airflow/example_dags/example_setup_teardown.py for tasks to queue
[2024-04-03T22:37:28.100+0000] {logging_mixin.py:188} INFO - [2024-04-03T22:37:28.100+0000] {dagbag.py:540} INFO - Filling up the DagBag from /home/airflow/.local/lib/python3.8/site-packages/airflow/example_dags/example_setup_teardown.py
[2024-04-03T22:37:28.105+0000] {processor.py:840} INFO - DAG(s) 'example_setup_teardown' retrieved from /home/airflow/.local/lib/python3.8/site-packages/airflow/example_dags/example_setup_teardown.py
[2024-04-03T22:37:28.118+0000] {logging_mixin.py:188} INFO - [2024-04-03T22:37:28.118+0000] {dag.py:3047} INFO - Sync 1 DAGs
[2024-04-03T22:37:28.133+0000] {logging_mixin.py:188} INFO - [2024-04-03T22:37:28.132+0000] {dag.py:3834} INFO - Setting next_dagrun for example_setup_teardown to 2024-04-02 00:00:00+00:00, run_after=2024-04-03 00:00:00+00:00
[2024-04-03T22:37:28.146+0000] {processor.py:183} INFO - Processing /home/airflow/.local/lib/python3.8/site-packages/airflow/example_dags/example_setup_teardown.py took 0.051 seconds
[2024-04-03T22:37:58.619+0000] {processor.py:161} INFO - Started process (PID=600) to work on /home/airflow/.local/lib/python3.8/site-packages/airflow/example_dags/example_setup_teardown.py
[2024-04-03T22:37:58.620+0000] {processor.py:830} INFO - Processing file /home/airflow/.local/lib/python3.8/site-packages/airflow/example_dags/example_setup_teardown.py for tasks to queue
[2024-04-03T22:37:58.622+0000] {logging_mixin.py:188} INFO - [2024-04-03T22:37:58.621+0000] {dagbag.py:540} INFO - Filling up the DagBag from /home/airflow/.local/lib/python3.8/site-packages/airflow/example_dags/example_setup_teardown.py
[2024-04-03T22:37:58.626+0000] {processor.py:840} INFO - DAG(s) 'example_setup_teardown' retrieved from /home/airflow/.local/lib/python3.8/site-packages/airflow/example_dags/example_setup_teardown.py
[2024-04-03T22:37:58.641+0000] {logging_mixin.py:188} INFO - [2024-04-03T22:37:58.641+0000] {dag.py:3047} INFO - Sync 1 DAGs
[2024-04-03T22:37:58.658+0000] {logging_mixin.py:188} INFO - [2024-04-03T22:37:58.658+0000] {dag.py:3834} INFO - Setting next_dagrun for example_setup_teardown to 2024-04-02 00:00:00+00:00, run_after=2024-04-03 00:00:00+00:00
[2024-04-03T22:37:58.681+0000] {processor.py:183} INFO - Processing /home/airflow/.local/lib/python3.8/site-packages/airflow/example_dags/example_setup_teardown.py took 0.064 seconds
[2024-04-03T22:38:28.932+0000] {processor.py:161} INFO - Started process (PID=655) to work on /home/airflow/.local/lib/python3.8/site-packages/airflow/example_dags/example_setup_teardown.py
[2024-04-03T22:38:28.933+0000] {processor.py:830} INFO - Processing file /home/airflow/.local/lib/python3.8/site-packages/airflow/example_dags/example_setup_teardown.py for tasks to queue
[2024-04-03T22:38:28.934+0000] {logging_mixin.py:188} INFO - [2024-04-03T22:38:28.934+0000] {dagbag.py:540} INFO - Filling up the DagBag from /home/airflow/.local/lib/python3.8/site-packages/airflow/example_dags/example_setup_teardown.py
[2024-04-03T22:38:28.939+0000] {processor.py:840} INFO - DAG(s) 'example_setup_teardown' retrieved from /home/airflow/.local/lib/python3.8/site-packages/airflow/example_dags/example_setup_teardown.py
[2024-04-03T22:38:28.954+0000] {logging_mixin.py:188} INFO - [2024-04-03T22:38:28.954+0000] {dag.py:3047} INFO - Sync 1 DAGs
[2024-04-03T22:38:28.970+0000] {logging_mixin.py:188} INFO - [2024-04-03T22:38:28.970+0000] {dag.py:3834} INFO - Setting next_dagrun for example_setup_teardown to 2024-04-02 00:00:00+00:00, run_after=2024-04-03 00:00:00+00:00
[2024-04-03T22:38:28.997+0000] {processor.py:183} INFO - Processing /home/airflow/.local/lib/python3.8/site-packages/airflow/example_dags/example_setup_teardown.py took 0.067 seconds
[2024-04-03T22:38:59.226+0000] {processor.py:161} INFO - Started process (PID=710) to work on /home/airflow/.local/lib/python3.8/site-packages/airflow/example_dags/example_setup_teardown.py
[2024-04-03T22:38:59.226+0000] {processor.py:830} INFO - Processing file /home/airflow/.local/lib/python3.8/site-packages/airflow/example_dags/example_setup_teardown.py for tasks to queue
[2024-04-03T22:38:59.228+0000] {logging_mixin.py:188} INFO - [2024-04-03T22:38:59.228+0000] {dagbag.py:540} INFO - Filling up the DagBag from /home/airflow/.local/lib/python3.8/site-packages/airflow/example_dags/example_setup_teardown.py
[2024-04-03T22:38:59.232+0000] {processor.py:840} INFO - DAG(s) 'example_setup_teardown' retrieved from /home/airflow/.local/lib/python3.8/site-packages/airflow/example_dags/example_setup_teardown.py
[2024-04-03T22:38:59.247+0000] {logging_mixin.py:188} INFO - [2024-04-03T22:38:59.247+0000] {dag.py:3047} INFO - Sync 1 DAGs
[2024-04-03T22:38:59.264+0000] {logging_mixin.py:188} INFO - [2024-04-03T22:38:59.264+0000] {dag.py:3834} INFO - Setting next_dagrun for example_setup_teardown to 2024-04-02 00:00:00+00:00, run_after=2024-04-03 00:00:00+00:00
[2024-04-03T22:38:59.279+0000] {processor.py:183} INFO - Processing /home/airflow/.local/lib/python3.8/site-packages/airflow/example_dags/example_setup_teardown.py took 0.055 seconds
[2024-04-03T22:39:29.437+0000] {processor.py:161} INFO - Started process (PID=764) to work on /home/airflow/.local/lib/python3.8/site-packages/airflow/example_dags/example_setup_teardown.py
[2024-04-03T22:39:29.438+0000] {processor.py:830} INFO - Processing file /home/airflow/.local/lib/python3.8/site-packages/airflow/example_dags/example_setup_teardown.py for tasks to queue
[2024-04-03T22:39:29.440+0000] {logging_mixin.py:188} INFO - [2024-04-03T22:39:29.439+0000] {dagbag.py:540} INFO - Filling up the DagBag from /home/airflow/.local/lib/python3.8/site-packages/airflow/example_dags/example_setup_teardown.py
[2024-04-03T22:39:29.444+0000] {processor.py:840} INFO - DAG(s) 'example_setup_teardown' retrieved from /home/airflow/.local/lib/python3.8/site-packages/airflow/example_dags/example_setup_teardown.py
[2024-04-03T22:39:29.457+0000] {logging_mixin.py:188} INFO - [2024-04-03T22:39:29.457+0000] {dag.py:3047} INFO - Sync 1 DAGs
[2024-04-03T22:39:29.472+0000] {logging_mixin.py:188} INFO - [2024-04-03T22:39:29.472+0000] {dag.py:3834} INFO - Setting next_dagrun for example_setup_teardown to 2024-04-02 00:00:00+00:00, run_after=2024-04-03 00:00:00+00:00
[2024-04-03T22:39:29.487+0000] {processor.py:183} INFO - Processing /home/airflow/.local/lib/python3.8/site-packages/airflow/example_dags/example_setup_teardown.py took 0.052 seconds
[2024-04-03T22:39:59.709+0000] {processor.py:161} INFO - Started process (PID=819) to work on /home/airflow/.local/lib/python3.8/site-packages/airflow/example_dags/example_setup_teardown.py
[2024-04-03T22:39:59.710+0000] {processor.py:830} INFO - Processing file /home/airflow/.local/lib/python3.8/site-packages/airflow/example_dags/example_setup_teardown.py for tasks to queue
[2024-04-03T22:39:59.712+0000] {logging_mixin.py:188} INFO - [2024-04-03T22:39:59.711+0000] {dagbag.py:540} INFO - Filling up the DagBag from /home/airflow/.local/lib/python3.8/site-packages/airflow/example_dags/example_setup_teardown.py
[2024-04-03T22:39:59.716+0000] {processor.py:840} INFO - DAG(s) 'example_setup_teardown' retrieved from /home/airflow/.local/lib/python3.8/site-packages/airflow/example_dags/example_setup_teardown.py
[2024-04-03T22:39:59.729+0000] {logging_mixin.py:188} INFO - [2024-04-03T22:39:59.729+0000] {dag.py:3047} INFO - Sync 1 DAGs
[2024-04-03T22:39:59.743+0000] {logging_mixin.py:188} INFO - [2024-04-03T22:39:59.743+0000] {dag.py:3834} INFO - Setting next_dagrun for example_setup_teardown to 2024-04-02 00:00:00+00:00, run_after=2024-04-03 00:00:00+00:00
[2024-04-03T22:39:59.764+0000] {processor.py:183} INFO - Processing /home/airflow/.local/lib/python3.8/site-packages/airflow/example_dags/example_setup_teardown.py took 0.057 seconds
[2024-04-03T22:40:30.083+0000] {processor.py:161} INFO - Started process (PID=874) to work on /home/airflow/.local/lib/python3.8/site-packages/airflow/example_dags/example_setup_teardown.py
[2024-04-03T22:40:30.084+0000] {processor.py:830} INFO - Processing file /home/airflow/.local/lib/python3.8/site-packages/airflow/example_dags/example_setup_teardown.py for tasks to queue
[2024-04-03T22:40:30.089+0000] {logging_mixin.py:188} INFO - [2024-04-03T22:40:30.089+0000] {dagbag.py:540} INFO - Filling up the DagBag from /home/airflow/.local/lib/python3.8/site-packages/airflow/example_dags/example_setup_teardown.py
[2024-04-03T22:40:30.094+0000] {processor.py:840} INFO - DAG(s) 'example_setup_teardown' retrieved from /home/airflow/.local/lib/python3.8/site-packages/airflow/example_dags/example_setup_teardown.py
[2024-04-03T22:40:30.108+0000] {logging_mixin.py:188} INFO - [2024-04-03T22:40:30.108+0000] {dag.py:3047} INFO - Sync 1 DAGs
[2024-04-03T22:40:30.122+0000] {logging_mixin.py:188} INFO - [2024-04-03T22:40:30.122+0000] {dag.py:3834} INFO - Setting next_dagrun for example_setup_teardown to 2024-04-02 00:00:00+00:00, run_after=2024-04-03 00:00:00+00:00
[2024-04-03T22:40:30.137+0000] {processor.py:183} INFO - Processing /home/airflow/.local/lib/python3.8/site-packages/airflow/example_dags/example_setup_teardown.py took 0.055 seconds
[2024-04-03T22:41:00.489+0000] {processor.py:161} INFO - Started process (PID=929) to work on /home/airflow/.local/lib/python3.8/site-packages/airflow/example_dags/example_setup_teardown.py
[2024-04-03T22:41:00.493+0000] {processor.py:830} INFO - Processing file /home/airflow/.local/lib/python3.8/site-packages/airflow/example_dags/example_setup_teardown.py for tasks to queue
[2024-04-03T22:41:00.495+0000] {logging_mixin.py:188} INFO - [2024-04-03T22:41:00.495+0000] {dagbag.py:540} INFO - Filling up the DagBag from /home/airflow/.local/lib/python3.8/site-packages/airflow/example_dags/example_setup_teardown.py
[2024-04-03T22:41:00.499+0000] {processor.py:840} INFO - DAG(s) 'example_setup_teardown' retrieved from /home/airflow/.local/lib/python3.8/site-packages/airflow/example_dags/example_setup_teardown.py
[2024-04-03T22:41:00.512+0000] {logging_mixin.py:188} INFO - [2024-04-03T22:41:00.512+0000] {dag.py:3047} INFO - Sync 1 DAGs
[2024-04-03T22:41:00.528+0000] {logging_mixin.py:188} INFO - [2024-04-03T22:41:00.528+0000] {dag.py:3834} INFO - Setting next_dagrun for example_setup_teardown to 2024-04-02 00:00:00+00:00, run_after=2024-04-03 00:00:00+00:00
[2024-04-03T22:41:00.544+0000] {processor.py:183} INFO - Processing /home/airflow/.local/lib/python3.8/site-packages/airflow/example_dags/example_setup_teardown.py took 0.056 seconds
[2024-04-03T22:41:30.988+0000] {processor.py:161} INFO - Started process (PID=984) to work on /home/airflow/.local/lib/python3.8/site-packages/airflow/example_dags/example_setup_teardown.py
[2024-04-03T22:41:30.989+0000] {processor.py:830} INFO - Processing file /home/airflow/.local/lib/python3.8/site-packages/airflow/example_dags/example_setup_teardown.py for tasks to queue
[2024-04-03T22:41:30.991+0000] {logging_mixin.py:188} INFO - [2024-04-03T22:41:30.990+0000] {dagbag.py:540} INFO - Filling up the DagBag from /home/airflow/.local/lib/python3.8/site-packages/airflow/example_dags/example_setup_teardown.py
[2024-04-03T22:41:30.995+0000] {processor.py:840} INFO - DAG(s) 'example_setup_teardown' retrieved from /home/airflow/.local/lib/python3.8/site-packages/airflow/example_dags/example_setup_teardown.py
[2024-04-03T22:41:31.014+0000] {logging_mixin.py:188} INFO - [2024-04-03T22:41:31.013+0000] {dag.py:3047} INFO - Sync 1 DAGs
[2024-04-03T22:41:31.030+0000] {logging_mixin.py:188} INFO - [2024-04-03T22:41:31.030+0000] {dag.py:3834} INFO - Setting next_dagrun for example_setup_teardown to 2024-04-02 00:00:00+00:00, run_after=2024-04-03 00:00:00+00:00
[2024-04-03T22:41:31.046+0000] {processor.py:183} INFO - Processing /home/airflow/.local/lib/python3.8/site-packages/airflow/example_dags/example_setup_teardown.py took 0.060 seconds
[2024-04-03T22:42:01.379+0000] {processor.py:161} INFO - Started process (PID=1039) to work on /home/airflow/.local/lib/python3.8/site-packages/airflow/example_dags/example_setup_teardown.py
[2024-04-03T22:42:01.380+0000] {processor.py:830} INFO - Processing file /home/airflow/.local/lib/python3.8/site-packages/airflow/example_dags/example_setup_teardown.py for tasks to queue
[2024-04-03T22:42:01.383+0000] {logging_mixin.py:188} INFO - [2024-04-03T22:42:01.382+0000] {dagbag.py:540} INFO - Filling up the DagBag from /home/airflow/.local/lib/python3.8/site-packages/airflow/example_dags/example_setup_teardown.py
[2024-04-03T22:42:01.389+0000] {processor.py:840} INFO - DAG(s) 'example_setup_teardown' retrieved from /home/airflow/.local/lib/python3.8/site-packages/airflow/example_dags/example_setup_teardown.py
[2024-04-03T22:42:01.405+0000] {logging_mixin.py:188} INFO - [2024-04-03T22:42:01.405+0000] {dag.py:3047} INFO - Sync 1 DAGs
[2024-04-03T22:42:01.423+0000] {logging_mixin.py:188} INFO - [2024-04-03T22:42:01.423+0000] {dag.py:3834} INFO - Setting next_dagrun for example_setup_teardown to 2024-04-02 00:00:00+00:00, run_after=2024-04-03 00:00:00+00:00
[2024-04-03T22:42:01.454+0000] {processor.py:183} INFO - Processing /home/airflow/.local/lib/python3.8/site-packages/airflow/example_dags/example_setup_teardown.py took 0.078 seconds
[2024-04-03T22:42:31.723+0000] {processor.py:161} INFO - Started process (PID=1094) to work on /home/airflow/.local/lib/python3.8/site-packages/airflow/example_dags/example_setup_teardown.py
[2024-04-03T22:42:31.724+0000] {processor.py:830} INFO - Processing file /home/airflow/.local/lib/python3.8/site-packages/airflow/example_dags/example_setup_teardown.py for tasks to queue
[2024-04-03T22:42:31.725+0000] {logging_mixin.py:188} INFO - [2024-04-03T22:42:31.725+0000] {dagbag.py:540} INFO - Filling up the DagBag from /home/airflow/.local/lib/python3.8/site-packages/airflow/example_dags/example_setup_teardown.py
[2024-04-03T22:42:31.730+0000] {processor.py:840} INFO - DAG(s) 'example_setup_teardown' retrieved from /home/airflow/.local/lib/python3.8/site-packages/airflow/example_dags/example_setup_teardown.py
[2024-04-03T22:42:31.745+0000] {logging_mixin.py:188} INFO - [2024-04-03T22:42:31.745+0000] {dag.py:3047} INFO - Sync 1 DAGs
[2024-04-03T22:42:31.760+0000] {logging_mixin.py:188} INFO - [2024-04-03T22:42:31.759+0000] {dag.py:3834} INFO - Setting next_dagrun for example_setup_teardown to 2024-04-02 00:00:00+00:00, run_after=2024-04-03 00:00:00+00:00
[2024-04-03T22:42:31.775+0000] {processor.py:183} INFO - Processing /home/airflow/.local/lib/python3.8/site-packages/airflow/example_dags/example_setup_teardown.py took 0.054 seconds
