[2024-04-03T22:24:59.280+0000] {processor.py:161} INFO - Started process (PID=73) to work on /home/airflow/.local/lib/python3.8/site-packages/airflow/example_dags/example_task_group.py
[2024-04-03T22:24:59.282+0000] {processor.py:830} INFO - Processing file /home/airflow/.local/lib/python3.8/site-packages/airflow/example_dags/example_task_group.py for tasks to queue
[2024-04-03T22:24:59.284+0000] {logging_mixin.py:188} INFO - [2024-04-03T22:24:59.284+0000] {dagbag.py:540} INFO - Filling up the DagBag from /home/airflow/.local/lib/python3.8/site-packages/airflow/example_dags/example_task_group.py
[2024-04-03T22:24:59.292+0000] {processor.py:840} INFO - DAG(s) 'example_task_group' retrieved from /home/airflow/.local/lib/python3.8/site-packages/airflow/example_dags/example_task_group.py
[2024-04-03T22:24:59.304+0000] {logging_mixin.py:188} INFO - [2024-04-03T22:24:59.304+0000] {dag.py:3047} INFO - Sync 1 DAGs
[2024-04-03T22:24:59.322+0000] {logging_mixin.py:188} INFO - [2024-04-03T22:24:59.322+0000] {dag.py:3834} INFO - Setting next_dagrun for example_task_group to 2024-04-02 00:00:00+00:00, run_after=2024-04-03 00:00:00+00:00
[2024-04-03T22:24:59.344+0000] {processor.py:183} INFO - Processing /home/airflow/.local/lib/python3.8/site-packages/airflow/example_dags/example_task_group.py took 0.068 seconds
[2024-04-03T22:25:29.637+0000] {processor.py:161} INFO - Started process (PID=128) to work on /home/airflow/.local/lib/python3.8/site-packages/airflow/example_dags/example_task_group.py
[2024-04-03T22:25:29.638+0000] {processor.py:830} INFO - Processing file /home/airflow/.local/lib/python3.8/site-packages/airflow/example_dags/example_task_group.py for tasks to queue
[2024-04-03T22:25:29.639+0000] {logging_mixin.py:188} INFO - [2024-04-03T22:25:29.639+0000] {dagbag.py:540} INFO - Filling up the DagBag from /home/airflow/.local/lib/python3.8/site-packages/airflow/example_dags/example_task_group.py
[2024-04-03T22:25:29.644+0000] {processor.py:840} INFO - DAG(s) 'example_task_group' retrieved from /home/airflow/.local/lib/python3.8/site-packages/airflow/example_dags/example_task_group.py
[2024-04-03T22:25:29.706+0000] {logging_mixin.py:188} INFO - [2024-04-03T22:25:29.706+0000] {dag.py:3047} INFO - Sync 1 DAGs
[2024-04-03T22:25:29.720+0000] {logging_mixin.py:188} INFO - [2024-04-03T22:25:29.720+0000] {dag.py:3834} INFO - Setting next_dagrun for example_task_group to 2024-04-02 00:00:00+00:00, run_after=2024-04-03 00:00:00+00:00
[2024-04-03T22:25:29.733+0000] {processor.py:183} INFO - Processing /home/airflow/.local/lib/python3.8/site-packages/airflow/example_dags/example_task_group.py took 0.098 seconds
[2024-04-03T22:26:00.679+0000] {processor.py:161} INFO - Started process (PID=183) to work on /home/airflow/.local/lib/python3.8/site-packages/airflow/example_dags/example_task_group.py
[2024-04-03T22:26:00.680+0000] {processor.py:830} INFO - Processing file /home/airflow/.local/lib/python3.8/site-packages/airflow/example_dags/example_task_group.py for tasks to queue
[2024-04-03T22:26:00.683+0000] {logging_mixin.py:188} INFO - [2024-04-03T22:26:00.682+0000] {dagbag.py:540} INFO - Filling up the DagBag from /home/airflow/.local/lib/python3.8/site-packages/airflow/example_dags/example_task_group.py
[2024-04-03T22:26:00.689+0000] {processor.py:840} INFO - DAG(s) 'example_task_group' retrieved from /home/airflow/.local/lib/python3.8/site-packages/airflow/example_dags/example_task_group.py
[2024-04-03T22:26:00.705+0000] {logging_mixin.py:188} INFO - [2024-04-03T22:26:00.705+0000] {dag.py:3047} INFO - Sync 1 DAGs
[2024-04-03T22:26:00.722+0000] {logging_mixin.py:188} INFO - [2024-04-03T22:26:00.722+0000] {dag.py:3834} INFO - Setting next_dagrun for example_task_group to 2024-04-02 00:00:00+00:00, run_after=2024-04-03 00:00:00+00:00
[2024-04-03T22:26:00.738+0000] {processor.py:183} INFO - Processing /home/airflow/.local/lib/python3.8/site-packages/airflow/example_dags/example_task_group.py took 0.061 seconds
[2024-04-03T22:26:30.843+0000] {processor.py:161} INFO - Started process (PID=238) to work on /home/airflow/.local/lib/python3.8/site-packages/airflow/example_dags/example_task_group.py
[2024-04-03T22:26:30.847+0000] {processor.py:830} INFO - Processing file /home/airflow/.local/lib/python3.8/site-packages/airflow/example_dags/example_task_group.py for tasks to queue
[2024-04-03T22:26:30.854+0000] {logging_mixin.py:188} INFO - [2024-04-03T22:26:30.853+0000] {dagbag.py:540} INFO - Filling up the DagBag from /home/airflow/.local/lib/python3.8/site-packages/airflow/example_dags/example_task_group.py
[2024-04-03T22:26:30.865+0000] {processor.py:840} INFO - DAG(s) 'example_task_group' retrieved from /home/airflow/.local/lib/python3.8/site-packages/airflow/example_dags/example_task_group.py
[2024-04-03T22:26:30.883+0000] {logging_mixin.py:188} INFO - [2024-04-03T22:26:30.883+0000] {dag.py:3047} INFO - Sync 1 DAGs
[2024-04-03T22:26:30.902+0000] {logging_mixin.py:188} INFO - [2024-04-03T22:26:30.901+0000] {dag.py:3834} INFO - Setting next_dagrun for example_task_group to 2024-04-02 00:00:00+00:00, run_after=2024-04-03 00:00:00+00:00
[2024-04-03T22:26:30.919+0000] {processor.py:183} INFO - Processing /home/airflow/.local/lib/python3.8/site-packages/airflow/example_dags/example_task_group.py took 0.079 seconds
[2024-04-03T22:27:01.383+0000] {processor.py:161} INFO - Started process (PID=293) to work on /home/airflow/.local/lib/python3.8/site-packages/airflow/example_dags/example_task_group.py
[2024-04-03T22:27:01.384+0000] {processor.py:830} INFO - Processing file /home/airflow/.local/lib/python3.8/site-packages/airflow/example_dags/example_task_group.py for tasks to queue
[2024-04-03T22:27:01.385+0000] {logging_mixin.py:188} INFO - [2024-04-03T22:27:01.385+0000] {dagbag.py:540} INFO - Filling up the DagBag from /home/airflow/.local/lib/python3.8/site-packages/airflow/example_dags/example_task_group.py
[2024-04-03T22:27:01.391+0000] {processor.py:840} INFO - DAG(s) 'example_task_group' retrieved from /home/airflow/.local/lib/python3.8/site-packages/airflow/example_dags/example_task_group.py
[2024-04-03T22:27:01.405+0000] {logging_mixin.py:188} INFO - [2024-04-03T22:27:01.405+0000] {dag.py:3047} INFO - Sync 1 DAGs
[2024-04-03T22:27:01.420+0000] {logging_mixin.py:188} INFO - [2024-04-03T22:27:01.420+0000] {dag.py:3834} INFO - Setting next_dagrun for example_task_group to 2024-04-02 00:00:00+00:00, run_after=2024-04-03 00:00:00+00:00
[2024-04-03T22:27:01.432+0000] {processor.py:183} INFO - Processing /home/airflow/.local/lib/python3.8/site-packages/airflow/example_dags/example_task_group.py took 0.051 seconds
[2024-04-03T22:27:31.825+0000] {processor.py:161} INFO - Started process (PID=348) to work on /home/airflow/.local/lib/python3.8/site-packages/airflow/example_dags/example_task_group.py
[2024-04-03T22:27:31.826+0000] {processor.py:830} INFO - Processing file /home/airflow/.local/lib/python3.8/site-packages/airflow/example_dags/example_task_group.py for tasks to queue
[2024-04-03T22:27:31.828+0000] {logging_mixin.py:188} INFO - [2024-04-03T22:27:31.827+0000] {dagbag.py:540} INFO - Filling up the DagBag from /home/airflow/.local/lib/python3.8/site-packages/airflow/example_dags/example_task_group.py
[2024-04-03T22:27:31.833+0000] {processor.py:840} INFO - DAG(s) 'example_task_group' retrieved from /home/airflow/.local/lib/python3.8/site-packages/airflow/example_dags/example_task_group.py
[2024-04-03T22:27:31.848+0000] {logging_mixin.py:188} INFO - [2024-04-03T22:27:31.847+0000] {dag.py:3047} INFO - Sync 1 DAGs
[2024-04-03T22:27:31.863+0000] {logging_mixin.py:188} INFO - [2024-04-03T22:27:31.863+0000] {dag.py:3834} INFO - Setting next_dagrun for example_task_group to 2024-04-02 00:00:00+00:00, run_after=2024-04-03 00:00:00+00:00
[2024-04-03T22:27:31.877+0000] {processor.py:183} INFO - Processing /home/airflow/.local/lib/python3.8/site-packages/airflow/example_dags/example_task_group.py took 0.053 seconds
[2024-04-03T22:28:02.022+0000] {processor.py:161} INFO - Started process (PID=403) to work on /home/airflow/.local/lib/python3.8/site-packages/airflow/example_dags/example_task_group.py
[2024-04-03T22:28:02.023+0000] {processor.py:830} INFO - Processing file /home/airflow/.local/lib/python3.8/site-packages/airflow/example_dags/example_task_group.py for tasks to queue
[2024-04-03T22:28:02.025+0000] {logging_mixin.py:188} INFO - [2024-04-03T22:28:02.025+0000] {dagbag.py:540} INFO - Filling up the DagBag from /home/airflow/.local/lib/python3.8/site-packages/airflow/example_dags/example_task_group.py
[2024-04-03T22:28:02.030+0000] {processor.py:840} INFO - DAG(s) 'example_task_group' retrieved from /home/airflow/.local/lib/python3.8/site-packages/airflow/example_dags/example_task_group.py
[2024-04-03T22:28:02.045+0000] {logging_mixin.py:188} INFO - [2024-04-03T22:28:02.045+0000] {dag.py:3047} INFO - Sync 1 DAGs
[2024-04-03T22:28:02.060+0000] {logging_mixin.py:188} INFO - [2024-04-03T22:28:02.060+0000] {dag.py:3834} INFO - Setting next_dagrun for example_task_group to 2024-04-02 00:00:00+00:00, run_after=2024-04-03 00:00:00+00:00
[2024-04-03T22:28:02.074+0000] {processor.py:183} INFO - Processing /home/airflow/.local/lib/python3.8/site-packages/airflow/example_dags/example_task_group.py took 0.054 seconds
[2024-04-03T22:28:32.427+0000] {processor.py:161} INFO - Started process (PID=458) to work on /home/airflow/.local/lib/python3.8/site-packages/airflow/example_dags/example_task_group.py
[2024-04-03T22:28:32.428+0000] {processor.py:830} INFO - Processing file /home/airflow/.local/lib/python3.8/site-packages/airflow/example_dags/example_task_group.py for tasks to queue
[2024-04-03T22:28:32.430+0000] {logging_mixin.py:188} INFO - [2024-04-03T22:28:32.430+0000] {dagbag.py:540} INFO - Filling up the DagBag from /home/airflow/.local/lib/python3.8/site-packages/airflow/example_dags/example_task_group.py
[2024-04-03T22:28:32.435+0000] {processor.py:840} INFO - DAG(s) 'example_task_group' retrieved from /home/airflow/.local/lib/python3.8/site-packages/airflow/example_dags/example_task_group.py
[2024-04-03T22:28:32.451+0000] {logging_mixin.py:188} INFO - [2024-04-03T22:28:32.451+0000] {dag.py:3047} INFO - Sync 1 DAGs
[2024-04-03T22:28:32.467+0000] {logging_mixin.py:188} INFO - [2024-04-03T22:28:32.467+0000] {dag.py:3834} INFO - Setting next_dagrun for example_task_group to 2024-04-02 00:00:00+00:00, run_after=2024-04-03 00:00:00+00:00
[2024-04-03T22:28:32.481+0000] {processor.py:183} INFO - Processing /home/airflow/.local/lib/python3.8/site-packages/airflow/example_dags/example_task_group.py took 0.057 seconds
[2024-04-03T22:29:02.889+0000] {processor.py:161} INFO - Started process (PID=513) to work on /home/airflow/.local/lib/python3.8/site-packages/airflow/example_dags/example_task_group.py
[2024-04-03T22:29:02.890+0000] {processor.py:830} INFO - Processing file /home/airflow/.local/lib/python3.8/site-packages/airflow/example_dags/example_task_group.py for tasks to queue
[2024-04-03T22:29:02.892+0000] {logging_mixin.py:188} INFO - [2024-04-03T22:29:02.891+0000] {dagbag.py:540} INFO - Filling up the DagBag from /home/airflow/.local/lib/python3.8/site-packages/airflow/example_dags/example_task_group.py
[2024-04-03T22:29:02.897+0000] {processor.py:840} INFO - DAG(s) 'example_task_group' retrieved from /home/airflow/.local/lib/python3.8/site-packages/airflow/example_dags/example_task_group.py
[2024-04-03T22:29:02.912+0000] {logging_mixin.py:188} INFO - [2024-04-03T22:29:02.912+0000] {dag.py:3047} INFO - Sync 1 DAGs
[2024-04-03T22:29:02.927+0000] {logging_mixin.py:188} INFO - [2024-04-03T22:29:02.927+0000] {dag.py:3834} INFO - Setting next_dagrun for example_task_group to 2024-04-02 00:00:00+00:00, run_after=2024-04-03 00:00:00+00:00
[2024-04-03T22:29:02.942+0000] {processor.py:183} INFO - Processing /home/airflow/.local/lib/python3.8/site-packages/airflow/example_dags/example_task_group.py took 0.055 seconds
[2024-04-03T22:29:33.238+0000] {processor.py:161} INFO - Started process (PID=568) to work on /home/airflow/.local/lib/python3.8/site-packages/airflow/example_dags/example_task_group.py
[2024-04-03T22:29:33.239+0000] {processor.py:830} INFO - Processing file /home/airflow/.local/lib/python3.8/site-packages/airflow/example_dags/example_task_group.py for tasks to queue
[2024-04-03T22:29:33.240+0000] {logging_mixin.py:188} INFO - [2024-04-03T22:29:33.240+0000] {dagbag.py:540} INFO - Filling up the DagBag from /home/airflow/.local/lib/python3.8/site-packages/airflow/example_dags/example_task_group.py
[2024-04-03T22:29:33.245+0000] {processor.py:840} INFO - DAG(s) 'example_task_group' retrieved from /home/airflow/.local/lib/python3.8/site-packages/airflow/example_dags/example_task_group.py
[2024-04-03T22:29:33.260+0000] {logging_mixin.py:188} INFO - [2024-04-03T22:29:33.260+0000] {dag.py:3047} INFO - Sync 1 DAGs
[2024-04-03T22:29:33.274+0000] {logging_mixin.py:188} INFO - [2024-04-03T22:29:33.274+0000] {dag.py:3834} INFO - Setting next_dagrun for example_task_group to 2024-04-02 00:00:00+00:00, run_after=2024-04-03 00:00:00+00:00
[2024-04-03T22:29:33.287+0000] {processor.py:183} INFO - Processing /home/airflow/.local/lib/python3.8/site-packages/airflow/example_dags/example_task_group.py took 0.052 seconds
[2024-04-03T22:30:03.560+0000] {processor.py:161} INFO - Started process (PID=623) to work on /home/airflow/.local/lib/python3.8/site-packages/airflow/example_dags/example_task_group.py
[2024-04-03T22:30:03.562+0000] {processor.py:830} INFO - Processing file /home/airflow/.local/lib/python3.8/site-packages/airflow/example_dags/example_task_group.py for tasks to queue
[2024-04-03T22:30:03.563+0000] {logging_mixin.py:188} INFO - [2024-04-03T22:30:03.563+0000] {dagbag.py:540} INFO - Filling up the DagBag from /home/airflow/.local/lib/python3.8/site-packages/airflow/example_dags/example_task_group.py
[2024-04-03T22:30:03.568+0000] {processor.py:840} INFO - DAG(s) 'example_task_group' retrieved from /home/airflow/.local/lib/python3.8/site-packages/airflow/example_dags/example_task_group.py
[2024-04-03T22:30:03.586+0000] {logging_mixin.py:188} INFO - [2024-04-03T22:30:03.585+0000] {dag.py:3047} INFO - Sync 1 DAGs
[2024-04-03T22:30:03.602+0000] {logging_mixin.py:188} INFO - [2024-04-03T22:30:03.602+0000] {dag.py:3834} INFO - Setting next_dagrun for example_task_group to 2024-04-02 00:00:00+00:00, run_after=2024-04-03 00:00:00+00:00
[2024-04-03T22:30:03.617+0000] {processor.py:183} INFO - Processing /home/airflow/.local/lib/python3.8/site-packages/airflow/example_dags/example_task_group.py took 0.059 seconds
[2024-04-03T22:30:33.876+0000] {processor.py:161} INFO - Started process (PID=678) to work on /home/airflow/.local/lib/python3.8/site-packages/airflow/example_dags/example_task_group.py
[2024-04-03T22:30:33.876+0000] {processor.py:830} INFO - Processing file /home/airflow/.local/lib/python3.8/site-packages/airflow/example_dags/example_task_group.py for tasks to queue
[2024-04-03T22:30:33.878+0000] {logging_mixin.py:188} INFO - [2024-04-03T22:30:33.878+0000] {dagbag.py:540} INFO - Filling up the DagBag from /home/airflow/.local/lib/python3.8/site-packages/airflow/example_dags/example_task_group.py
[2024-04-03T22:30:33.883+0000] {processor.py:840} INFO - DAG(s) 'example_task_group' retrieved from /home/airflow/.local/lib/python3.8/site-packages/airflow/example_dags/example_task_group.py
[2024-04-03T22:30:33.897+0000] {logging_mixin.py:188} INFO - [2024-04-03T22:30:33.897+0000] {dag.py:3047} INFO - Sync 1 DAGs
[2024-04-03T22:30:33.912+0000] {logging_mixin.py:188} INFO - [2024-04-03T22:30:33.912+0000] {dag.py:3834} INFO - Setting next_dagrun for example_task_group to 2024-04-02 00:00:00+00:00, run_after=2024-04-03 00:00:00+00:00
[2024-04-03T22:30:33.924+0000] {processor.py:183} INFO - Processing /home/airflow/.local/lib/python3.8/site-packages/airflow/example_dags/example_task_group.py took 0.051 seconds
[2024-04-03T22:31:04.423+0000] {processor.py:161} INFO - Started process (PID=733) to work on /home/airflow/.local/lib/python3.8/site-packages/airflow/example_dags/example_task_group.py
[2024-04-03T22:31:04.424+0000] {processor.py:830} INFO - Processing file /home/airflow/.local/lib/python3.8/site-packages/airflow/example_dags/example_task_group.py for tasks to queue
[2024-04-03T22:31:04.426+0000] {logging_mixin.py:188} INFO - [2024-04-03T22:31:04.425+0000] {dagbag.py:540} INFO - Filling up the DagBag from /home/airflow/.local/lib/python3.8/site-packages/airflow/example_dags/example_task_group.py
[2024-04-03T22:31:04.431+0000] {processor.py:840} INFO - DAG(s) 'example_task_group' retrieved from /home/airflow/.local/lib/python3.8/site-packages/airflow/example_dags/example_task_group.py
[2024-04-03T22:31:04.450+0000] {logging_mixin.py:188} INFO - [2024-04-03T22:31:04.449+0000] {dag.py:3047} INFO - Sync 1 DAGs
[2024-04-03T22:31:04.466+0000] {logging_mixin.py:188} INFO - [2024-04-03T22:31:04.466+0000] {dag.py:3834} INFO - Setting next_dagrun for example_task_group to 2024-04-02 00:00:00+00:00, run_after=2024-04-03 00:00:00+00:00
[2024-04-03T22:31:04.482+0000] {processor.py:183} INFO - Processing /home/airflow/.local/lib/python3.8/site-packages/airflow/example_dags/example_task_group.py took 0.061 seconds
[2024-04-03T22:31:35.000+0000] {processor.py:161} INFO - Started process (PID=788) to work on /home/airflow/.local/lib/python3.8/site-packages/airflow/example_dags/example_task_group.py
[2024-04-03T22:31:35.001+0000] {processor.py:830} INFO - Processing file /home/airflow/.local/lib/python3.8/site-packages/airflow/example_dags/example_task_group.py for tasks to queue
[2024-04-03T22:31:35.002+0000] {logging_mixin.py:188} INFO - [2024-04-03T22:31:35.002+0000] {dagbag.py:540} INFO - Filling up the DagBag from /home/airflow/.local/lib/python3.8/site-packages/airflow/example_dags/example_task_group.py
[2024-04-03T22:31:35.006+0000] {processor.py:840} INFO - DAG(s) 'example_task_group' retrieved from /home/airflow/.local/lib/python3.8/site-packages/airflow/example_dags/example_task_group.py
[2024-04-03T22:31:35.021+0000] {logging_mixin.py:188} INFO - [2024-04-03T22:31:35.021+0000] {dag.py:3047} INFO - Sync 1 DAGs
[2024-04-03T22:31:35.036+0000] {logging_mixin.py:188} INFO - [2024-04-03T22:31:35.036+0000] {dag.py:3834} INFO - Setting next_dagrun for example_task_group to 2024-04-02 00:00:00+00:00, run_after=2024-04-03 00:00:00+00:00
[2024-04-03T22:31:35.049+0000] {processor.py:183} INFO - Processing /home/airflow/.local/lib/python3.8/site-packages/airflow/example_dags/example_task_group.py took 0.053 seconds
[2024-04-03T22:32:54.763+0000] {processor.py:161} INFO - Started process (PID=73) to work on /home/airflow/.local/lib/python3.8/site-packages/airflow/example_dags/example_task_group.py
[2024-04-03T22:32:54.763+0000] {processor.py:830} INFO - Processing file /home/airflow/.local/lib/python3.8/site-packages/airflow/example_dags/example_task_group.py for tasks to queue
[2024-04-03T22:32:54.765+0000] {logging_mixin.py:188} INFO - [2024-04-03T22:32:54.765+0000] {dagbag.py:540} INFO - Filling up the DagBag from /home/airflow/.local/lib/python3.8/site-packages/airflow/example_dags/example_task_group.py
[2024-04-03T22:32:54.770+0000] {processor.py:840} INFO - DAG(s) 'example_task_group' retrieved from /home/airflow/.local/lib/python3.8/site-packages/airflow/example_dags/example_task_group.py
[2024-04-03T22:32:54.779+0000] {logging_mixin.py:188} INFO - [2024-04-03T22:32:54.778+0000] {dag.py:3047} INFO - Sync 1 DAGs
[2024-04-03T22:32:54.794+0000] {logging_mixin.py:188} INFO - [2024-04-03T22:32:54.794+0000] {dag.py:3834} INFO - Setting next_dagrun for example_task_group to 2024-04-02 00:00:00+00:00, run_after=2024-04-03 00:00:00+00:00
[2024-04-03T22:32:54.807+0000] {processor.py:183} INFO - Processing /home/airflow/.local/lib/python3.8/site-packages/airflow/example_dags/example_task_group.py took 0.047 seconds
[2024-04-03T22:33:25.949+0000] {processor.py:161} INFO - Started process (PID=128) to work on /home/airflow/.local/lib/python3.8/site-packages/airflow/example_dags/example_task_group.py
[2024-04-03T22:33:25.950+0000] {processor.py:830} INFO - Processing file /home/airflow/.local/lib/python3.8/site-packages/airflow/example_dags/example_task_group.py for tasks to queue
[2024-04-03T22:33:25.952+0000] {logging_mixin.py:188} INFO - [2024-04-03T22:33:25.951+0000] {dagbag.py:540} INFO - Filling up the DagBag from /home/airflow/.local/lib/python3.8/site-packages/airflow/example_dags/example_task_group.py
[2024-04-03T22:33:25.957+0000] {processor.py:840} INFO - DAG(s) 'example_task_group' retrieved from /home/airflow/.local/lib/python3.8/site-packages/airflow/example_dags/example_task_group.py
[2024-04-03T22:33:26.030+0000] {logging_mixin.py:188} INFO - [2024-04-03T22:33:26.029+0000] {dag.py:3047} INFO - Sync 1 DAGs
[2024-04-03T22:33:26.045+0000] {logging_mixin.py:188} INFO - [2024-04-03T22:33:26.045+0000] {dag.py:3834} INFO - Setting next_dagrun for example_task_group to 2024-04-02 00:00:00+00:00, run_after=2024-04-03 00:00:00+00:00
[2024-04-03T22:33:26.059+0000] {processor.py:183} INFO - Processing /home/airflow/.local/lib/python3.8/site-packages/airflow/example_dags/example_task_group.py took 0.112 seconds
[2024-04-03T22:33:56.100+0000] {processor.py:161} INFO - Started process (PID=183) to work on /home/airflow/.local/lib/python3.8/site-packages/airflow/example_dags/example_task_group.py
[2024-04-03T22:33:56.101+0000] {processor.py:830} INFO - Processing file /home/airflow/.local/lib/python3.8/site-packages/airflow/example_dags/example_task_group.py for tasks to queue
[2024-04-03T22:33:56.103+0000] {logging_mixin.py:188} INFO - [2024-04-03T22:33:56.102+0000] {dagbag.py:540} INFO - Filling up the DagBag from /home/airflow/.local/lib/python3.8/site-packages/airflow/example_dags/example_task_group.py
[2024-04-03T22:33:56.107+0000] {processor.py:840} INFO - DAG(s) 'example_task_group' retrieved from /home/airflow/.local/lib/python3.8/site-packages/airflow/example_dags/example_task_group.py
[2024-04-03T22:33:56.123+0000] {logging_mixin.py:188} INFO - [2024-04-03T22:33:56.123+0000] {dag.py:3047} INFO - Sync 1 DAGs
[2024-04-03T22:33:56.137+0000] {logging_mixin.py:188} INFO - [2024-04-03T22:33:56.137+0000] {dag.py:3834} INFO - Setting next_dagrun for example_task_group to 2024-04-02 00:00:00+00:00, run_after=2024-04-03 00:00:00+00:00
[2024-04-03T22:33:56.151+0000] {processor.py:183} INFO - Processing /home/airflow/.local/lib/python3.8/site-packages/airflow/example_dags/example_task_group.py took 0.052 seconds
[2024-04-03T22:34:26.608+0000] {processor.py:161} INFO - Started process (PID=238) to work on /home/airflow/.local/lib/python3.8/site-packages/airflow/example_dags/example_task_group.py
[2024-04-03T22:34:26.609+0000] {processor.py:830} INFO - Processing file /home/airflow/.local/lib/python3.8/site-packages/airflow/example_dags/example_task_group.py for tasks to queue
[2024-04-03T22:34:26.611+0000] {logging_mixin.py:188} INFO - [2024-04-03T22:34:26.611+0000] {dagbag.py:540} INFO - Filling up the DagBag from /home/airflow/.local/lib/python3.8/site-packages/airflow/example_dags/example_task_group.py
[2024-04-03T22:34:26.618+0000] {processor.py:840} INFO - DAG(s) 'example_task_group' retrieved from /home/airflow/.local/lib/python3.8/site-packages/airflow/example_dags/example_task_group.py
[2024-04-03T22:34:26.635+0000] {logging_mixin.py:188} INFO - [2024-04-03T22:34:26.635+0000] {dag.py:3047} INFO - Sync 1 DAGs
[2024-04-03T22:34:26.650+0000] {logging_mixin.py:188} INFO - [2024-04-03T22:34:26.650+0000] {dag.py:3834} INFO - Setting next_dagrun for example_task_group to 2024-04-02 00:00:00+00:00, run_after=2024-04-03 00:00:00+00:00
[2024-04-03T22:34:26.662+0000] {processor.py:183} INFO - Processing /home/airflow/.local/lib/python3.8/site-packages/airflow/example_dags/example_task_group.py took 0.056 seconds
[2024-04-03T22:34:56.939+0000] {processor.py:161} INFO - Started process (PID=293) to work on /home/airflow/.local/lib/python3.8/site-packages/airflow/example_dags/example_task_group.py
[2024-04-03T22:34:56.940+0000] {processor.py:830} INFO - Processing file /home/airflow/.local/lib/python3.8/site-packages/airflow/example_dags/example_task_group.py for tasks to queue
[2024-04-03T22:34:56.942+0000] {logging_mixin.py:188} INFO - [2024-04-03T22:34:56.942+0000] {dagbag.py:540} INFO - Filling up the DagBag from /home/airflow/.local/lib/python3.8/site-packages/airflow/example_dags/example_task_group.py
[2024-04-03T22:34:56.947+0000] {processor.py:840} INFO - DAG(s) 'example_task_group' retrieved from /home/airflow/.local/lib/python3.8/site-packages/airflow/example_dags/example_task_group.py
[2024-04-03T22:34:56.961+0000] {logging_mixin.py:188} INFO - [2024-04-03T22:34:56.961+0000] {dag.py:3047} INFO - Sync 1 DAGs
[2024-04-03T22:34:56.976+0000] {logging_mixin.py:188} INFO - [2024-04-03T22:34:56.976+0000] {dag.py:3834} INFO - Setting next_dagrun for example_task_group to 2024-04-02 00:00:00+00:00, run_after=2024-04-03 00:00:00+00:00
[2024-04-03T22:34:56.989+0000] {processor.py:183} INFO - Processing /home/airflow/.local/lib/python3.8/site-packages/airflow/example_dags/example_task_group.py took 0.052 seconds
[2024-04-03T22:35:27.408+0000] {processor.py:161} INFO - Started process (PID=348) to work on /home/airflow/.local/lib/python3.8/site-packages/airflow/example_dags/example_task_group.py
[2024-04-03T22:35:27.409+0000] {processor.py:830} INFO - Processing file /home/airflow/.local/lib/python3.8/site-packages/airflow/example_dags/example_task_group.py for tasks to queue
[2024-04-03T22:35:27.410+0000] {logging_mixin.py:188} INFO - [2024-04-03T22:35:27.410+0000] {dagbag.py:540} INFO - Filling up the DagBag from /home/airflow/.local/lib/python3.8/site-packages/airflow/example_dags/example_task_group.py
[2024-04-03T22:35:27.415+0000] {processor.py:840} INFO - DAG(s) 'example_task_group' retrieved from /home/airflow/.local/lib/python3.8/site-packages/airflow/example_dags/example_task_group.py
[2024-04-03T22:35:27.431+0000] {logging_mixin.py:188} INFO - [2024-04-03T22:35:27.431+0000] {dag.py:3047} INFO - Sync 1 DAGs
[2024-04-03T22:35:27.448+0000] {logging_mixin.py:188} INFO - [2024-04-03T22:35:27.448+0000] {dag.py:3834} INFO - Setting next_dagrun for example_task_group to 2024-04-02 00:00:00+00:00, run_after=2024-04-03 00:00:00+00:00
[2024-04-03T22:35:27.460+0000] {processor.py:183} INFO - Processing /home/airflow/.local/lib/python3.8/site-packages/airflow/example_dags/example_task_group.py took 0.055 seconds
[2024-04-03T22:35:57.848+0000] {processor.py:161} INFO - Started process (PID=403) to work on /home/airflow/.local/lib/python3.8/site-packages/airflow/example_dags/example_task_group.py
[2024-04-03T22:35:57.850+0000] {processor.py:830} INFO - Processing file /home/airflow/.local/lib/python3.8/site-packages/airflow/example_dags/example_task_group.py for tasks to queue
[2024-04-03T22:35:57.853+0000] {logging_mixin.py:188} INFO - [2024-04-03T22:35:57.852+0000] {dagbag.py:540} INFO - Filling up the DagBag from /home/airflow/.local/lib/python3.8/site-packages/airflow/example_dags/example_task_group.py
[2024-04-03T22:35:57.862+0000] {processor.py:840} INFO - DAG(s) 'example_task_group' retrieved from /home/airflow/.local/lib/python3.8/site-packages/airflow/example_dags/example_task_group.py
[2024-04-03T22:35:57.884+0000] {logging_mixin.py:188} INFO - [2024-04-03T22:35:57.884+0000] {dag.py:3047} INFO - Sync 1 DAGs
[2024-04-03T22:35:57.901+0000] {logging_mixin.py:188} INFO - [2024-04-03T22:35:57.901+0000] {dag.py:3834} INFO - Setting next_dagrun for example_task_group to 2024-04-02 00:00:00+00:00, run_after=2024-04-03 00:00:00+00:00
[2024-04-03T22:35:57.914+0000] {processor.py:183} INFO - Processing /home/airflow/.local/lib/python3.8/site-packages/airflow/example_dags/example_task_group.py took 0.069 seconds
[2024-04-03T22:36:28.306+0000] {processor.py:161} INFO - Started process (PID=458) to work on /home/airflow/.local/lib/python3.8/site-packages/airflow/example_dags/example_task_group.py
[2024-04-03T22:36:28.307+0000] {processor.py:830} INFO - Processing file /home/airflow/.local/lib/python3.8/site-packages/airflow/example_dags/example_task_group.py for tasks to queue
[2024-04-03T22:36:28.308+0000] {logging_mixin.py:188} INFO - [2024-04-03T22:36:28.308+0000] {dagbag.py:540} INFO - Filling up the DagBag from /home/airflow/.local/lib/python3.8/site-packages/airflow/example_dags/example_task_group.py
[2024-04-03T22:36:28.313+0000] {processor.py:840} INFO - DAG(s) 'example_task_group' retrieved from /home/airflow/.local/lib/python3.8/site-packages/airflow/example_dags/example_task_group.py
[2024-04-03T22:36:28.329+0000] {logging_mixin.py:188} INFO - [2024-04-03T22:36:28.328+0000] {dag.py:3047} INFO - Sync 1 DAGs
[2024-04-03T22:36:28.343+0000] {logging_mixin.py:188} INFO - [2024-04-03T22:36:28.342+0000] {dag.py:3834} INFO - Setting next_dagrun for example_task_group to 2024-04-02 00:00:00+00:00, run_after=2024-04-03 00:00:00+00:00
[2024-04-03T22:36:28.357+0000] {processor.py:183} INFO - Processing /home/airflow/.local/lib/python3.8/site-packages/airflow/example_dags/example_task_group.py took 0.053 seconds
[2024-04-03T22:36:58.557+0000] {processor.py:161} INFO - Started process (PID=513) to work on /home/airflow/.local/lib/python3.8/site-packages/airflow/example_dags/example_task_group.py
[2024-04-03T22:36:58.558+0000] {processor.py:830} INFO - Processing file /home/airflow/.local/lib/python3.8/site-packages/airflow/example_dags/example_task_group.py for tasks to queue
[2024-04-03T22:36:58.559+0000] {logging_mixin.py:188} INFO - [2024-04-03T22:36:58.559+0000] {dagbag.py:540} INFO - Filling up the DagBag from /home/airflow/.local/lib/python3.8/site-packages/airflow/example_dags/example_task_group.py
[2024-04-03T22:36:58.564+0000] {processor.py:840} INFO - DAG(s) 'example_task_group' retrieved from /home/airflow/.local/lib/python3.8/site-packages/airflow/example_dags/example_task_group.py
[2024-04-03T22:36:58.580+0000] {logging_mixin.py:188} INFO - [2024-04-03T22:36:58.580+0000] {dag.py:3047} INFO - Sync 1 DAGs
[2024-04-03T22:36:58.596+0000] {logging_mixin.py:188} INFO - [2024-04-03T22:36:58.596+0000] {dag.py:3834} INFO - Setting next_dagrun for example_task_group to 2024-04-02 00:00:00+00:00, run_after=2024-04-03 00:00:00+00:00
[2024-04-03T22:36:58.610+0000] {processor.py:183} INFO - Processing /home/airflow/.local/lib/python3.8/site-packages/airflow/example_dags/example_task_group.py took 0.055 seconds
[2024-04-03T22:37:29.159+0000] {processor.py:161} INFO - Started process (PID=567) to work on /home/airflow/.local/lib/python3.8/site-packages/airflow/example_dags/example_task_group.py
[2024-04-03T22:37:29.160+0000] {processor.py:830} INFO - Processing file /home/airflow/.local/lib/python3.8/site-packages/airflow/example_dags/example_task_group.py for tasks to queue
[2024-04-03T22:37:29.162+0000] {logging_mixin.py:188} INFO - [2024-04-03T22:37:29.161+0000] {dagbag.py:540} INFO - Filling up the DagBag from /home/airflow/.local/lib/python3.8/site-packages/airflow/example_dags/example_task_group.py
[2024-04-03T22:37:29.167+0000] {processor.py:840} INFO - DAG(s) 'example_task_group' retrieved from /home/airflow/.local/lib/python3.8/site-packages/airflow/example_dags/example_task_group.py
[2024-04-03T22:37:29.182+0000] {logging_mixin.py:188} INFO - [2024-04-03T22:37:29.182+0000] {dag.py:3047} INFO - Sync 1 DAGs
[2024-04-03T22:37:29.198+0000] {logging_mixin.py:188} INFO - [2024-04-03T22:37:29.197+0000] {dag.py:3834} INFO - Setting next_dagrun for example_task_group to 2024-04-02 00:00:00+00:00, run_after=2024-04-03 00:00:00+00:00
[2024-04-03T22:37:29.211+0000] {processor.py:183} INFO - Processing /home/airflow/.local/lib/python3.8/site-packages/airflow/example_dags/example_task_group.py took 0.054 seconds
[2024-04-03T22:37:59.620+0000] {processor.py:161} INFO - Started process (PID=623) to work on /home/airflow/.local/lib/python3.8/site-packages/airflow/example_dags/example_task_group.py
[2024-04-03T22:37:59.621+0000] {processor.py:830} INFO - Processing file /home/airflow/.local/lib/python3.8/site-packages/airflow/example_dags/example_task_group.py for tasks to queue
[2024-04-03T22:37:59.623+0000] {logging_mixin.py:188} INFO - [2024-04-03T22:37:59.623+0000] {dagbag.py:540} INFO - Filling up the DagBag from /home/airflow/.local/lib/python3.8/site-packages/airflow/example_dags/example_task_group.py
[2024-04-03T22:37:59.628+0000] {processor.py:840} INFO - DAG(s) 'example_task_group' retrieved from /home/airflow/.local/lib/python3.8/site-packages/airflow/example_dags/example_task_group.py
[2024-04-03T22:37:59.649+0000] {logging_mixin.py:188} INFO - [2024-04-03T22:37:59.649+0000] {dag.py:3047} INFO - Sync 1 DAGs
[2024-04-03T22:37:59.669+0000] {logging_mixin.py:188} INFO - [2024-04-03T22:37:59.669+0000] {dag.py:3834} INFO - Setting next_dagrun for example_task_group to 2024-04-02 00:00:00+00:00, run_after=2024-04-03 00:00:00+00:00
[2024-04-03T22:37:59.684+0000] {processor.py:183} INFO - Processing /home/airflow/.local/lib/python3.8/site-packages/airflow/example_dags/example_task_group.py took 0.066 seconds
[2024-04-03T22:38:29.946+0000] {processor.py:161} INFO - Started process (PID=678) to work on /home/airflow/.local/lib/python3.8/site-packages/airflow/example_dags/example_task_group.py
[2024-04-03T22:38:29.947+0000] {processor.py:830} INFO - Processing file /home/airflow/.local/lib/python3.8/site-packages/airflow/example_dags/example_task_group.py for tasks to queue
[2024-04-03T22:38:29.948+0000] {logging_mixin.py:188} INFO - [2024-04-03T22:38:29.948+0000] {dagbag.py:540} INFO - Filling up the DagBag from /home/airflow/.local/lib/python3.8/site-packages/airflow/example_dags/example_task_group.py
[2024-04-03T22:38:29.954+0000] {processor.py:840} INFO - DAG(s) 'example_task_group' retrieved from /home/airflow/.local/lib/python3.8/site-packages/airflow/example_dags/example_task_group.py
[2024-04-03T22:38:29.969+0000] {logging_mixin.py:188} INFO - [2024-04-03T22:38:29.969+0000] {dag.py:3047} INFO - Sync 1 DAGs
[2024-04-03T22:38:29.983+0000] {logging_mixin.py:188} INFO - [2024-04-03T22:38:29.983+0000] {dag.py:3834} INFO - Setting next_dagrun for example_task_group to 2024-04-02 00:00:00+00:00, run_after=2024-04-03 00:00:00+00:00
[2024-04-03T22:38:29.998+0000] {processor.py:183} INFO - Processing /home/airflow/.local/lib/python3.8/site-packages/airflow/example_dags/example_task_group.py took 0.054 seconds
[2024-04-03T22:39:00.195+0000] {processor.py:161} INFO - Started process (PID=733) to work on /home/airflow/.local/lib/python3.8/site-packages/airflow/example_dags/example_task_group.py
[2024-04-03T22:39:00.196+0000] {processor.py:830} INFO - Processing file /home/airflow/.local/lib/python3.8/site-packages/airflow/example_dags/example_task_group.py for tasks to queue
[2024-04-03T22:39:00.198+0000] {logging_mixin.py:188} INFO - [2024-04-03T22:39:00.197+0000] {dagbag.py:540} INFO - Filling up the DagBag from /home/airflow/.local/lib/python3.8/site-packages/airflow/example_dags/example_task_group.py
[2024-04-03T22:39:00.203+0000] {processor.py:840} INFO - DAG(s) 'example_task_group' retrieved from /home/airflow/.local/lib/python3.8/site-packages/airflow/example_dags/example_task_group.py
[2024-04-03T22:39:00.218+0000] {logging_mixin.py:188} INFO - [2024-04-03T22:39:00.218+0000] {dag.py:3047} INFO - Sync 1 DAGs
[2024-04-03T22:39:00.232+0000] {logging_mixin.py:188} INFO - [2024-04-03T22:39:00.232+0000] {dag.py:3834} INFO - Setting next_dagrun for example_task_group to 2024-04-02 00:00:00+00:00, run_after=2024-04-03 00:00:00+00:00
[2024-04-03T22:39:00.245+0000] {processor.py:183} INFO - Processing /home/airflow/.local/lib/python3.8/site-packages/airflow/example_dags/example_task_group.py took 0.052 seconds
[2024-04-03T22:39:30.451+0000] {processor.py:161} INFO - Started process (PID=787) to work on /home/airflow/.local/lib/python3.8/site-packages/airflow/example_dags/example_task_group.py
[2024-04-03T22:39:30.452+0000] {processor.py:830} INFO - Processing file /home/airflow/.local/lib/python3.8/site-packages/airflow/example_dags/example_task_group.py for tasks to queue
[2024-04-03T22:39:30.453+0000] {logging_mixin.py:188} INFO - [2024-04-03T22:39:30.453+0000] {dagbag.py:540} INFO - Filling up the DagBag from /home/airflow/.local/lib/python3.8/site-packages/airflow/example_dags/example_task_group.py
[2024-04-03T22:39:30.458+0000] {processor.py:840} INFO - DAG(s) 'example_task_group' retrieved from /home/airflow/.local/lib/python3.8/site-packages/airflow/example_dags/example_task_group.py
[2024-04-03T22:39:30.472+0000] {logging_mixin.py:188} INFO - [2024-04-03T22:39:30.472+0000] {dag.py:3047} INFO - Sync 1 DAGs
[2024-04-03T22:39:30.486+0000] {logging_mixin.py:188} INFO - [2024-04-03T22:39:30.486+0000] {dag.py:3834} INFO - Setting next_dagrun for example_task_group to 2024-04-02 00:00:00+00:00, run_after=2024-04-03 00:00:00+00:00
[2024-04-03T22:39:30.499+0000] {processor.py:183} INFO - Processing /home/airflow/.local/lib/python3.8/site-packages/airflow/example_dags/example_task_group.py took 0.050 seconds
[2024-04-03T22:40:00.805+0000] {processor.py:161} INFO - Started process (PID=842) to work on /home/airflow/.local/lib/python3.8/site-packages/airflow/example_dags/example_task_group.py
[2024-04-03T22:40:00.806+0000] {processor.py:830} INFO - Processing file /home/airflow/.local/lib/python3.8/site-packages/airflow/example_dags/example_task_group.py for tasks to queue
[2024-04-03T22:40:00.807+0000] {logging_mixin.py:188} INFO - [2024-04-03T22:40:00.807+0000] {dagbag.py:540} INFO - Filling up the DagBag from /home/airflow/.local/lib/python3.8/site-packages/airflow/example_dags/example_task_group.py
[2024-04-03T22:40:00.812+0000] {processor.py:840} INFO - DAG(s) 'example_task_group' retrieved from /home/airflow/.local/lib/python3.8/site-packages/airflow/example_dags/example_task_group.py
[2024-04-03T22:40:00.830+0000] {logging_mixin.py:188} INFO - [2024-04-03T22:40:00.830+0000] {dag.py:3047} INFO - Sync 1 DAGs
[2024-04-03T22:40:00.845+0000] {logging_mixin.py:188} INFO - [2024-04-03T22:40:00.844+0000] {dag.py:3834} INFO - Setting next_dagrun for example_task_group to 2024-04-02 00:00:00+00:00, run_after=2024-04-03 00:00:00+00:00
[2024-04-03T22:40:00.859+0000] {processor.py:183} INFO - Processing /home/airflow/.local/lib/python3.8/site-packages/airflow/example_dags/example_task_group.py took 0.057 seconds
[2024-04-03T22:40:31.180+0000] {processor.py:161} INFO - Started process (PID=897) to work on /home/airflow/.local/lib/python3.8/site-packages/airflow/example_dags/example_task_group.py
[2024-04-03T22:40:31.181+0000] {processor.py:830} INFO - Processing file /home/airflow/.local/lib/python3.8/site-packages/airflow/example_dags/example_task_group.py for tasks to queue
[2024-04-03T22:40:31.182+0000] {logging_mixin.py:188} INFO - [2024-04-03T22:40:31.182+0000] {dagbag.py:540} INFO - Filling up the DagBag from /home/airflow/.local/lib/python3.8/site-packages/airflow/example_dags/example_task_group.py
[2024-04-03T22:40:31.187+0000] {processor.py:840} INFO - DAG(s) 'example_task_group' retrieved from /home/airflow/.local/lib/python3.8/site-packages/airflow/example_dags/example_task_group.py
[2024-04-03T22:40:31.201+0000] {logging_mixin.py:188} INFO - [2024-04-03T22:40:31.201+0000] {dag.py:3047} INFO - Sync 1 DAGs
[2024-04-03T22:40:31.216+0000] {logging_mixin.py:188} INFO - [2024-04-03T22:40:31.216+0000] {dag.py:3834} INFO - Setting next_dagrun for example_task_group to 2024-04-02 00:00:00+00:00, run_after=2024-04-03 00:00:00+00:00
[2024-04-03T22:40:31.229+0000] {processor.py:183} INFO - Processing /home/airflow/.local/lib/python3.8/site-packages/airflow/example_dags/example_task_group.py took 0.051 seconds
[2024-04-03T22:41:01.454+0000] {processor.py:161} INFO - Started process (PID=952) to work on /home/airflow/.local/lib/python3.8/site-packages/airflow/example_dags/example_task_group.py
[2024-04-03T22:41:01.455+0000] {processor.py:830} INFO - Processing file /home/airflow/.local/lib/python3.8/site-packages/airflow/example_dags/example_task_group.py for tasks to queue
[2024-04-03T22:41:01.456+0000] {logging_mixin.py:188} INFO - [2024-04-03T22:41:01.456+0000] {dagbag.py:540} INFO - Filling up the DagBag from /home/airflow/.local/lib/python3.8/site-packages/airflow/example_dags/example_task_group.py
[2024-04-03T22:41:01.461+0000] {processor.py:840} INFO - DAG(s) 'example_task_group' retrieved from /home/airflow/.local/lib/python3.8/site-packages/airflow/example_dags/example_task_group.py
[2024-04-03T22:41:01.477+0000] {logging_mixin.py:188} INFO - [2024-04-03T22:41:01.477+0000] {dag.py:3047} INFO - Sync 1 DAGs
[2024-04-03T22:41:01.491+0000] {logging_mixin.py:188} INFO - [2024-04-03T22:41:01.491+0000] {dag.py:3834} INFO - Setting next_dagrun for example_task_group to 2024-04-02 00:00:00+00:00, run_after=2024-04-03 00:00:00+00:00
[2024-04-03T22:41:01.504+0000] {processor.py:183} INFO - Processing /home/airflow/.local/lib/python3.8/site-packages/airflow/example_dags/example_task_group.py took 0.053 seconds
[2024-04-03T22:41:31.997+0000] {processor.py:161} INFO - Started process (PID=1007) to work on /home/airflow/.local/lib/python3.8/site-packages/airflow/example_dags/example_task_group.py
[2024-04-03T22:41:31.997+0000] {processor.py:830} INFO - Processing file /home/airflow/.local/lib/python3.8/site-packages/airflow/example_dags/example_task_group.py for tasks to queue
[2024-04-03T22:41:31.999+0000] {logging_mixin.py:188} INFO - [2024-04-03T22:41:31.999+0000] {dagbag.py:540} INFO - Filling up the DagBag from /home/airflow/.local/lib/python3.8/site-packages/airflow/example_dags/example_task_group.py
[2024-04-03T22:41:32.004+0000] {processor.py:840} INFO - DAG(s) 'example_task_group' retrieved from /home/airflow/.local/lib/python3.8/site-packages/airflow/example_dags/example_task_group.py
[2024-04-03T22:41:32.019+0000] {logging_mixin.py:188} INFO - [2024-04-03T22:41:32.019+0000] {dag.py:3047} INFO - Sync 1 DAGs
[2024-04-03T22:41:32.034+0000] {logging_mixin.py:188} INFO - [2024-04-03T22:41:32.034+0000] {dag.py:3834} INFO - Setting next_dagrun for example_task_group to 2024-04-02 00:00:00+00:00, run_after=2024-04-03 00:00:00+00:00
[2024-04-03T22:41:32.046+0000] {processor.py:183} INFO - Processing /home/airflow/.local/lib/python3.8/site-packages/airflow/example_dags/example_task_group.py took 0.051 seconds
[2024-04-03T22:42:02.509+0000] {processor.py:161} INFO - Started process (PID=1062) to work on /home/airflow/.local/lib/python3.8/site-packages/airflow/example_dags/example_task_group.py
[2024-04-03T22:42:02.510+0000] {processor.py:830} INFO - Processing file /home/airflow/.local/lib/python3.8/site-packages/airflow/example_dags/example_task_group.py for tasks to queue
[2024-04-03T22:42:02.512+0000] {logging_mixin.py:188} INFO - [2024-04-03T22:42:02.512+0000] {dagbag.py:540} INFO - Filling up the DagBag from /home/airflow/.local/lib/python3.8/site-packages/airflow/example_dags/example_task_group.py
[2024-04-03T22:42:02.517+0000] {processor.py:840} INFO - DAG(s) 'example_task_group' retrieved from /home/airflow/.local/lib/python3.8/site-packages/airflow/example_dags/example_task_group.py
[2024-04-03T22:42:02.534+0000] {logging_mixin.py:188} INFO - [2024-04-03T22:42:02.534+0000] {dag.py:3047} INFO - Sync 1 DAGs
[2024-04-03T22:42:02.549+0000] {logging_mixin.py:188} INFO - [2024-04-03T22:42:02.549+0000] {dag.py:3834} INFO - Setting next_dagrun for example_task_group to 2024-04-02 00:00:00+00:00, run_after=2024-04-03 00:00:00+00:00
[2024-04-03T22:42:02.561+0000] {processor.py:183} INFO - Processing /home/airflow/.local/lib/python3.8/site-packages/airflow/example_dags/example_task_group.py took 0.054 seconds
[2024-04-03T22:42:32.813+0000] {processor.py:161} INFO - Started process (PID=1117) to work on /home/airflow/.local/lib/python3.8/site-packages/airflow/example_dags/example_task_group.py
[2024-04-03T22:42:32.817+0000] {processor.py:830} INFO - Processing file /home/airflow/.local/lib/python3.8/site-packages/airflow/example_dags/example_task_group.py for tasks to queue
[2024-04-03T22:42:32.819+0000] {logging_mixin.py:188} INFO - [2024-04-03T22:42:32.818+0000] {dagbag.py:540} INFO - Filling up the DagBag from /home/airflow/.local/lib/python3.8/site-packages/airflow/example_dags/example_task_group.py
[2024-04-03T22:42:32.825+0000] {processor.py:840} INFO - DAG(s) 'example_task_group' retrieved from /home/airflow/.local/lib/python3.8/site-packages/airflow/example_dags/example_task_group.py
[2024-04-03T22:42:32.842+0000] {logging_mixin.py:188} INFO - [2024-04-03T22:42:32.842+0000] {dag.py:3047} INFO - Sync 1 DAGs
[2024-04-03T22:42:32.858+0000] {logging_mixin.py:188} INFO - [2024-04-03T22:42:32.858+0000] {dag.py:3834} INFO - Setting next_dagrun for example_task_group to 2024-04-02 00:00:00+00:00, run_after=2024-04-03 00:00:00+00:00
[2024-04-03T22:42:32.872+0000] {processor.py:183} INFO - Processing /home/airflow/.local/lib/python3.8/site-packages/airflow/example_dags/example_task_group.py took 0.061 seconds
