[2024-04-03T22:24:58.306+0000] {processor.py:161} INFO - Started process (PID=59) to work on /home/airflow/.local/lib/python3.8/site-packages/airflow/example_dags/example_short_circuit_operator.py
[2024-04-03T22:24:58.308+0000] {processor.py:830} INFO - Processing file /home/airflow/.local/lib/python3.8/site-packages/airflow/example_dags/example_short_circuit_operator.py for tasks to queue
[2024-04-03T22:24:58.309+0000] {logging_mixin.py:188} INFO - [2024-04-03T22:24:58.309+0000] {dagbag.py:540} INFO - Filling up the DagBag from /home/airflow/.local/lib/python3.8/site-packages/airflow/example_dags/example_short_circuit_operator.py
[2024-04-03T22:24:58.318+0000] {processor.py:840} INFO - DAG(s) 'example_short_circuit_operator' retrieved from /home/airflow/.local/lib/python3.8/site-packages/airflow/example_dags/example_short_circuit_operator.py
[2024-04-03T22:24:58.329+0000] {logging_mixin.py:188} INFO - [2024-04-03T22:24:58.328+0000] {dag.py:3047} INFO - Sync 1 DAGs
[2024-04-03T22:24:58.349+0000] {logging_mixin.py:188} INFO - [2024-04-03T22:24:58.349+0000] {dag.py:3834} INFO - Setting next_dagrun for example_short_circuit_operator to 2024-04-02 00:00:00+00:00, run_after=2024-04-03 00:00:00+00:00
[2024-04-03T22:24:58.367+0000] {processor.py:183} INFO - Processing /home/airflow/.local/lib/python3.8/site-packages/airflow/example_dags/example_short_circuit_operator.py took 0.064 seconds
[2024-04-03T22:25:28.690+0000] {processor.py:161} INFO - Started process (PID=114) to work on /home/airflow/.local/lib/python3.8/site-packages/airflow/example_dags/example_short_circuit_operator.py
[2024-04-03T22:25:28.691+0000] {processor.py:830} INFO - Processing file /home/airflow/.local/lib/python3.8/site-packages/airflow/example_dags/example_short_circuit_operator.py for tasks to queue
[2024-04-03T22:25:28.692+0000] {logging_mixin.py:188} INFO - [2024-04-03T22:25:28.692+0000] {dagbag.py:540} INFO - Filling up the DagBag from /home/airflow/.local/lib/python3.8/site-packages/airflow/example_dags/example_short_circuit_operator.py
[2024-04-03T22:25:28.697+0000] {processor.py:840} INFO - DAG(s) 'example_short_circuit_operator' retrieved from /home/airflow/.local/lib/python3.8/site-packages/airflow/example_dags/example_short_circuit_operator.py
[2024-04-03T22:25:28.760+0000] {logging_mixin.py:188} INFO - [2024-04-03T22:25:28.760+0000] {dag.py:3047} INFO - Sync 1 DAGs
[2024-04-03T22:25:28.772+0000] {logging_mixin.py:188} INFO - [2024-04-03T22:25:28.772+0000] {dag.py:3834} INFO - Setting next_dagrun for example_short_circuit_operator to 2024-04-02 00:00:00+00:00, run_after=2024-04-03 00:00:00+00:00
[2024-04-03T22:25:28.787+0000] {processor.py:183} INFO - Processing /home/airflow/.local/lib/python3.8/site-packages/airflow/example_dags/example_short_circuit_operator.py took 0.099 seconds
[2024-04-03T22:25:58.841+0000] {processor.py:161} INFO - Started process (PID=169) to work on /home/airflow/.local/lib/python3.8/site-packages/airflow/example_dags/example_short_circuit_operator.py
[2024-04-03T22:25:58.847+0000] {processor.py:830} INFO - Processing file /home/airflow/.local/lib/python3.8/site-packages/airflow/example_dags/example_short_circuit_operator.py for tasks to queue
[2024-04-03T22:25:58.854+0000] {logging_mixin.py:188} INFO - [2024-04-03T22:25:58.854+0000] {dagbag.py:540} INFO - Filling up the DagBag from /home/airflow/.local/lib/python3.8/site-packages/airflow/example_dags/example_short_circuit_operator.py
[2024-04-03T22:25:58.859+0000] {processor.py:840} INFO - DAG(s) 'example_short_circuit_operator' retrieved from /home/airflow/.local/lib/python3.8/site-packages/airflow/example_dags/example_short_circuit_operator.py
[2024-04-03T22:25:58.878+0000] {logging_mixin.py:188} INFO - [2024-04-03T22:25:58.877+0000] {dag.py:3047} INFO - Sync 1 DAGs
[2024-04-03T22:25:58.894+0000] {logging_mixin.py:188} INFO - [2024-04-03T22:25:58.893+0000] {dag.py:3834} INFO - Setting next_dagrun for example_short_circuit_operator to 2024-04-02 00:00:00+00:00, run_after=2024-04-03 00:00:00+00:00
[2024-04-03T22:25:58.908+0000] {processor.py:183} INFO - Processing /home/airflow/.local/lib/python3.8/site-packages/airflow/example_dags/example_short_circuit_operator.py took 0.070 seconds
[2024-04-03T22:26:29.862+0000] {processor.py:161} INFO - Started process (PID=224) to work on /home/airflow/.local/lib/python3.8/site-packages/airflow/example_dags/example_short_circuit_operator.py
[2024-04-03T22:26:29.863+0000] {processor.py:830} INFO - Processing file /home/airflow/.local/lib/python3.8/site-packages/airflow/example_dags/example_short_circuit_operator.py for tasks to queue
[2024-04-03T22:26:29.865+0000] {logging_mixin.py:188} INFO - [2024-04-03T22:26:29.865+0000] {dagbag.py:540} INFO - Filling up the DagBag from /home/airflow/.local/lib/python3.8/site-packages/airflow/example_dags/example_short_circuit_operator.py
[2024-04-03T22:26:29.873+0000] {processor.py:840} INFO - DAG(s) 'example_short_circuit_operator' retrieved from /home/airflow/.local/lib/python3.8/site-packages/airflow/example_dags/example_short_circuit_operator.py
[2024-04-03T22:26:29.902+0000] {logging_mixin.py:188} INFO - [2024-04-03T22:26:29.902+0000] {dag.py:3047} INFO - Sync 1 DAGs
[2024-04-03T22:26:29.927+0000] {logging_mixin.py:188} INFO - [2024-04-03T22:26:29.927+0000] {dag.py:3834} INFO - Setting next_dagrun for example_short_circuit_operator to 2024-04-02 00:00:00+00:00, run_after=2024-04-03 00:00:00+00:00
[2024-04-03T22:26:29.946+0000] {processor.py:183} INFO - Processing /home/airflow/.local/lib/python3.8/site-packages/airflow/example_dags/example_short_circuit_operator.py took 0.089 seconds
[2024-04-03T22:27:00.641+0000] {processor.py:161} INFO - Started process (PID=279) to work on /home/airflow/.local/lib/python3.8/site-packages/airflow/example_dags/example_short_circuit_operator.py
[2024-04-03T22:27:00.642+0000] {processor.py:830} INFO - Processing file /home/airflow/.local/lib/python3.8/site-packages/airflow/example_dags/example_short_circuit_operator.py for tasks to queue
[2024-04-03T22:27:00.643+0000] {logging_mixin.py:188} INFO - [2024-04-03T22:27:00.643+0000] {dagbag.py:540} INFO - Filling up the DagBag from /home/airflow/.local/lib/python3.8/site-packages/airflow/example_dags/example_short_circuit_operator.py
[2024-04-03T22:27:00.649+0000] {processor.py:840} INFO - DAG(s) 'example_short_circuit_operator' retrieved from /home/airflow/.local/lib/python3.8/site-packages/airflow/example_dags/example_short_circuit_operator.py
[2024-04-03T22:27:00.664+0000] {logging_mixin.py:188} INFO - [2024-04-03T22:27:00.664+0000] {dag.py:3047} INFO - Sync 1 DAGs
[2024-04-03T22:27:00.678+0000] {logging_mixin.py:188} INFO - [2024-04-03T22:27:00.678+0000] {dag.py:3834} INFO - Setting next_dagrun for example_short_circuit_operator to 2024-04-02 00:00:00+00:00, run_after=2024-04-03 00:00:00+00:00
[2024-04-03T22:27:00.690+0000] {processor.py:183} INFO - Processing /home/airflow/.local/lib/python3.8/site-packages/airflow/example_dags/example_short_circuit_operator.py took 0.051 seconds
[2024-04-03T22:27:31.117+0000] {processor.py:161} INFO - Started process (PID=334) to work on /home/airflow/.local/lib/python3.8/site-packages/airflow/example_dags/example_short_circuit_operator.py
[2024-04-03T22:27:31.119+0000] {processor.py:830} INFO - Processing file /home/airflow/.local/lib/python3.8/site-packages/airflow/example_dags/example_short_circuit_operator.py for tasks to queue
[2024-04-03T22:27:31.121+0000] {logging_mixin.py:188} INFO - [2024-04-03T22:27:31.120+0000] {dagbag.py:540} INFO - Filling up the DagBag from /home/airflow/.local/lib/python3.8/site-packages/airflow/example_dags/example_short_circuit_operator.py
[2024-04-03T22:27:31.126+0000] {processor.py:840} INFO - DAG(s) 'example_short_circuit_operator' retrieved from /home/airflow/.local/lib/python3.8/site-packages/airflow/example_dags/example_short_circuit_operator.py
[2024-04-03T22:27:31.144+0000] {logging_mixin.py:188} INFO - [2024-04-03T22:27:31.143+0000] {dag.py:3047} INFO - Sync 1 DAGs
[2024-04-03T22:27:31.159+0000] {logging_mixin.py:188} INFO - [2024-04-03T22:27:31.159+0000] {dag.py:3834} INFO - Setting next_dagrun for example_short_circuit_operator to 2024-04-02 00:00:00+00:00, run_after=2024-04-03 00:00:00+00:00
[2024-04-03T22:27:31.176+0000] {processor.py:183} INFO - Processing /home/airflow/.local/lib/python3.8/site-packages/airflow/example_dags/example_short_circuit_operator.py took 0.063 seconds
[2024-04-03T22:28:01.323+0000] {processor.py:161} INFO - Started process (PID=389) to work on /home/airflow/.local/lib/python3.8/site-packages/airflow/example_dags/example_short_circuit_operator.py
[2024-04-03T22:28:01.324+0000] {processor.py:830} INFO - Processing file /home/airflow/.local/lib/python3.8/site-packages/airflow/example_dags/example_short_circuit_operator.py for tasks to queue
[2024-04-03T22:28:01.326+0000] {logging_mixin.py:188} INFO - [2024-04-03T22:28:01.326+0000] {dagbag.py:540} INFO - Filling up the DagBag from /home/airflow/.local/lib/python3.8/site-packages/airflow/example_dags/example_short_circuit_operator.py
[2024-04-03T22:28:01.331+0000] {processor.py:840} INFO - DAG(s) 'example_short_circuit_operator' retrieved from /home/airflow/.local/lib/python3.8/site-packages/airflow/example_dags/example_short_circuit_operator.py
[2024-04-03T22:28:01.348+0000] {logging_mixin.py:188} INFO - [2024-04-03T22:28:01.348+0000] {dag.py:3047} INFO - Sync 1 DAGs
[2024-04-03T22:28:01.364+0000] {logging_mixin.py:188} INFO - [2024-04-03T22:28:01.364+0000] {dag.py:3834} INFO - Setting next_dagrun for example_short_circuit_operator to 2024-04-02 00:00:00+00:00, run_after=2024-04-03 00:00:00+00:00
[2024-04-03T22:28:01.380+0000] {processor.py:183} INFO - Processing /home/airflow/.local/lib/python3.8/site-packages/airflow/example_dags/example_short_circuit_operator.py took 0.059 seconds
[2024-04-03T22:28:31.768+0000] {processor.py:161} INFO - Started process (PID=444) to work on /home/airflow/.local/lib/python3.8/site-packages/airflow/example_dags/example_short_circuit_operator.py
[2024-04-03T22:28:31.769+0000] {processor.py:830} INFO - Processing file /home/airflow/.local/lib/python3.8/site-packages/airflow/example_dags/example_short_circuit_operator.py for tasks to queue
[2024-04-03T22:28:31.771+0000] {logging_mixin.py:188} INFO - [2024-04-03T22:28:31.771+0000] {dagbag.py:540} INFO - Filling up the DagBag from /home/airflow/.local/lib/python3.8/site-packages/airflow/example_dags/example_short_circuit_operator.py
[2024-04-03T22:28:31.776+0000] {processor.py:840} INFO - DAG(s) 'example_short_circuit_operator' retrieved from /home/airflow/.local/lib/python3.8/site-packages/airflow/example_dags/example_short_circuit_operator.py
[2024-04-03T22:28:31.793+0000] {logging_mixin.py:188} INFO - [2024-04-03T22:28:31.793+0000] {dag.py:3047} INFO - Sync 1 DAGs
[2024-04-03T22:28:31.811+0000] {logging_mixin.py:188} INFO - [2024-04-03T22:28:31.811+0000] {dag.py:3834} INFO - Setting next_dagrun for example_short_circuit_operator to 2024-04-02 00:00:00+00:00, run_after=2024-04-03 00:00:00+00:00
[2024-04-03T22:28:31.826+0000] {processor.py:183} INFO - Processing /home/airflow/.local/lib/python3.8/site-packages/airflow/example_dags/example_short_circuit_operator.py took 0.060 seconds
[2024-04-03T22:29:02.182+0000] {processor.py:161} INFO - Started process (PID=499) to work on /home/airflow/.local/lib/python3.8/site-packages/airflow/example_dags/example_short_circuit_operator.py
[2024-04-03T22:29:02.184+0000] {processor.py:830} INFO - Processing file /home/airflow/.local/lib/python3.8/site-packages/airflow/example_dags/example_short_circuit_operator.py for tasks to queue
[2024-04-03T22:29:02.185+0000] {logging_mixin.py:188} INFO - [2024-04-03T22:29:02.185+0000] {dagbag.py:540} INFO - Filling up the DagBag from /home/airflow/.local/lib/python3.8/site-packages/airflow/example_dags/example_short_circuit_operator.py
[2024-04-03T22:29:02.192+0000] {processor.py:840} INFO - DAG(s) 'example_short_circuit_operator' retrieved from /home/airflow/.local/lib/python3.8/site-packages/airflow/example_dags/example_short_circuit_operator.py
[2024-04-03T22:29:02.210+0000] {logging_mixin.py:188} INFO - [2024-04-03T22:29:02.210+0000] {dag.py:3047} INFO - Sync 1 DAGs
[2024-04-03T22:29:02.228+0000] {logging_mixin.py:188} INFO - [2024-04-03T22:29:02.227+0000] {dag.py:3834} INFO - Setting next_dagrun for example_short_circuit_operator to 2024-04-02 00:00:00+00:00, run_after=2024-04-03 00:00:00+00:00
[2024-04-03T22:29:02.245+0000] {processor.py:183} INFO - Processing /home/airflow/.local/lib/python3.8/site-packages/airflow/example_dags/example_short_circuit_operator.py took 0.066 seconds
[2024-04-03T22:29:32.582+0000] {processor.py:161} INFO - Started process (PID=554) to work on /home/airflow/.local/lib/python3.8/site-packages/airflow/example_dags/example_short_circuit_operator.py
[2024-04-03T22:29:32.583+0000] {processor.py:830} INFO - Processing file /home/airflow/.local/lib/python3.8/site-packages/airflow/example_dags/example_short_circuit_operator.py for tasks to queue
[2024-04-03T22:29:32.585+0000] {logging_mixin.py:188} INFO - [2024-04-03T22:29:32.584+0000] {dagbag.py:540} INFO - Filling up the DagBag from /home/airflow/.local/lib/python3.8/site-packages/airflow/example_dags/example_short_circuit_operator.py
[2024-04-03T22:29:32.590+0000] {processor.py:840} INFO - DAG(s) 'example_short_circuit_operator' retrieved from /home/airflow/.local/lib/python3.8/site-packages/airflow/example_dags/example_short_circuit_operator.py
[2024-04-03T22:29:32.606+0000] {logging_mixin.py:188} INFO - [2024-04-03T22:29:32.606+0000] {dag.py:3047} INFO - Sync 1 DAGs
[2024-04-03T22:29:32.621+0000] {logging_mixin.py:188} INFO - [2024-04-03T22:29:32.621+0000] {dag.py:3834} INFO - Setting next_dagrun for example_short_circuit_operator to 2024-04-02 00:00:00+00:00, run_after=2024-04-03 00:00:00+00:00
[2024-04-03T22:29:32.636+0000] {processor.py:183} INFO - Processing /home/airflow/.local/lib/python3.8/site-packages/airflow/example_dags/example_short_circuit_operator.py took 0.056 seconds
[2024-04-03T22:30:02.859+0000] {processor.py:161} INFO - Started process (PID=609) to work on /home/airflow/.local/lib/python3.8/site-packages/airflow/example_dags/example_short_circuit_operator.py
[2024-04-03T22:30:02.860+0000] {processor.py:830} INFO - Processing file /home/airflow/.local/lib/python3.8/site-packages/airflow/example_dags/example_short_circuit_operator.py for tasks to queue
[2024-04-03T22:30:02.861+0000] {logging_mixin.py:188} INFO - [2024-04-03T22:30:02.861+0000] {dagbag.py:540} INFO - Filling up the DagBag from /home/airflow/.local/lib/python3.8/site-packages/airflow/example_dags/example_short_circuit_operator.py
[2024-04-03T22:30:02.866+0000] {processor.py:840} INFO - DAG(s) 'example_short_circuit_operator' retrieved from /home/airflow/.local/lib/python3.8/site-packages/airflow/example_dags/example_short_circuit_operator.py
[2024-04-03T22:30:02.883+0000] {logging_mixin.py:188} INFO - [2024-04-03T22:30:02.882+0000] {dag.py:3047} INFO - Sync 1 DAGs
[2024-04-03T22:30:02.898+0000] {logging_mixin.py:188} INFO - [2024-04-03T22:30:02.898+0000] {dag.py:3834} INFO - Setting next_dagrun for example_short_circuit_operator to 2024-04-02 00:00:00+00:00, run_after=2024-04-03 00:00:00+00:00
[2024-04-03T22:30:02.917+0000] {processor.py:183} INFO - Processing /home/airflow/.local/lib/python3.8/site-packages/airflow/example_dags/example_short_circuit_operator.py took 0.061 seconds
[2024-04-03T22:30:33.198+0000] {processor.py:161} INFO - Started process (PID=664) to work on /home/airflow/.local/lib/python3.8/site-packages/airflow/example_dags/example_short_circuit_operator.py
[2024-04-03T22:30:33.199+0000] {processor.py:830} INFO - Processing file /home/airflow/.local/lib/python3.8/site-packages/airflow/example_dags/example_short_circuit_operator.py for tasks to queue
[2024-04-03T22:30:33.200+0000] {logging_mixin.py:188} INFO - [2024-04-03T22:30:33.200+0000] {dagbag.py:540} INFO - Filling up the DagBag from /home/airflow/.local/lib/python3.8/site-packages/airflow/example_dags/example_short_circuit_operator.py
[2024-04-03T22:30:33.205+0000] {processor.py:840} INFO - DAG(s) 'example_short_circuit_operator' retrieved from /home/airflow/.local/lib/python3.8/site-packages/airflow/example_dags/example_short_circuit_operator.py
[2024-04-03T22:30:33.222+0000] {logging_mixin.py:188} INFO - [2024-04-03T22:30:33.222+0000] {dag.py:3047} INFO - Sync 1 DAGs
[2024-04-03T22:30:33.236+0000] {logging_mixin.py:188} INFO - [2024-04-03T22:30:33.236+0000] {dag.py:3834} INFO - Setting next_dagrun for example_short_circuit_operator to 2024-04-02 00:00:00+00:00, run_after=2024-04-03 00:00:00+00:00
[2024-04-03T22:30:33.249+0000] {processor.py:183} INFO - Processing /home/airflow/.local/lib/python3.8/site-packages/airflow/example_dags/example_short_circuit_operator.py took 0.053 seconds
[2024-04-03T22:31:03.642+0000] {processor.py:161} INFO - Started process (PID=719) to work on /home/airflow/.local/lib/python3.8/site-packages/airflow/example_dags/example_short_circuit_operator.py
[2024-04-03T22:31:03.644+0000] {processor.py:830} INFO - Processing file /home/airflow/.local/lib/python3.8/site-packages/airflow/example_dags/example_short_circuit_operator.py for tasks to queue
[2024-04-03T22:31:03.646+0000] {logging_mixin.py:188} INFO - [2024-04-03T22:31:03.646+0000] {dagbag.py:540} INFO - Filling up the DagBag from /home/airflow/.local/lib/python3.8/site-packages/airflow/example_dags/example_short_circuit_operator.py
[2024-04-03T22:31:03.652+0000] {processor.py:840} INFO - DAG(s) 'example_short_circuit_operator' retrieved from /home/airflow/.local/lib/python3.8/site-packages/airflow/example_dags/example_short_circuit_operator.py
[2024-04-03T22:31:03.672+0000] {logging_mixin.py:188} INFO - [2024-04-03T22:31:03.672+0000] {dag.py:3047} INFO - Sync 1 DAGs
[2024-04-03T22:31:03.688+0000] {logging_mixin.py:188} INFO - [2024-04-03T22:31:03.688+0000] {dag.py:3834} INFO - Setting next_dagrun for example_short_circuit_operator to 2024-04-02 00:00:00+00:00, run_after=2024-04-03 00:00:00+00:00
[2024-04-03T22:31:03.707+0000] {processor.py:183} INFO - Processing /home/airflow/.local/lib/python3.8/site-packages/airflow/example_dags/example_short_circuit_operator.py took 0.067 seconds
[2024-04-03T22:31:34.450+0000] {processor.py:161} INFO - Started process (PID=774) to work on /home/airflow/.local/lib/python3.8/site-packages/airflow/example_dags/example_short_circuit_operator.py
[2024-04-03T22:31:34.450+0000] {processor.py:830} INFO - Processing file /home/airflow/.local/lib/python3.8/site-packages/airflow/example_dags/example_short_circuit_operator.py for tasks to queue
[2024-04-03T22:31:34.452+0000] {logging_mixin.py:188} INFO - [2024-04-03T22:31:34.451+0000] {dagbag.py:540} INFO - Filling up the DagBag from /home/airflow/.local/lib/python3.8/site-packages/airflow/example_dags/example_short_circuit_operator.py
[2024-04-03T22:31:34.457+0000] {processor.py:840} INFO - DAG(s) 'example_short_circuit_operator' retrieved from /home/airflow/.local/lib/python3.8/site-packages/airflow/example_dags/example_short_circuit_operator.py
[2024-04-03T22:31:34.472+0000] {logging_mixin.py:188} INFO - [2024-04-03T22:31:34.472+0000] {dag.py:3047} INFO - Sync 1 DAGs
[2024-04-03T22:31:34.485+0000] {logging_mixin.py:188} INFO - [2024-04-03T22:31:34.485+0000] {dag.py:3834} INFO - Setting next_dagrun for example_short_circuit_operator to 2024-04-02 00:00:00+00:00, run_after=2024-04-03 00:00:00+00:00
[2024-04-03T22:31:34.498+0000] {processor.py:183} INFO - Processing /home/airflow/.local/lib/python3.8/site-packages/airflow/example_dags/example_short_circuit_operator.py took 0.051 seconds
[2024-04-03T22:32:04.760+0000] {processor.py:161} INFO - Started process (PID=829) to work on /home/airflow/.local/lib/python3.8/site-packages/airflow/example_dags/example_short_circuit_operator.py
[2024-04-03T22:32:04.760+0000] {processor.py:830} INFO - Processing file /home/airflow/.local/lib/python3.8/site-packages/airflow/example_dags/example_short_circuit_operator.py for tasks to queue
[2024-04-03T22:32:04.764+0000] {logging_mixin.py:188} INFO - [2024-04-03T22:32:04.764+0000] {dagbag.py:540} INFO - Filling up the DagBag from /home/airflow/.local/lib/python3.8/site-packages/airflow/example_dags/example_short_circuit_operator.py
[2024-04-03T22:32:04.771+0000] {processor.py:840} INFO - DAG(s) 'example_short_circuit_operator' retrieved from /home/airflow/.local/lib/python3.8/site-packages/airflow/example_dags/example_short_circuit_operator.py
[2024-04-03T22:32:04.791+0000] {logging_mixin.py:188} INFO - [2024-04-03T22:32:04.791+0000] {dag.py:3047} INFO - Sync 1 DAGs
[2024-04-03T22:32:04.811+0000] {logging_mixin.py:188} INFO - [2024-04-03T22:32:04.811+0000] {dag.py:3834} INFO - Setting next_dagrun for example_short_circuit_operator to 2024-04-02 00:00:00+00:00, run_after=2024-04-03 00:00:00+00:00
[2024-04-03T22:32:04.827+0000] {processor.py:183} INFO - Processing /home/airflow/.local/lib/python3.8/site-packages/airflow/example_dags/example_short_circuit_operator.py took 0.070 seconds
[2024-04-03T22:32:53.936+0000] {processor.py:161} INFO - Started process (PID=59) to work on /home/airflow/.local/lib/python3.8/site-packages/airflow/example_dags/example_short_circuit_operator.py
[2024-04-03T22:32:53.937+0000] {processor.py:830} INFO - Processing file /home/airflow/.local/lib/python3.8/site-packages/airflow/example_dags/example_short_circuit_operator.py for tasks to queue
[2024-04-03T22:32:53.939+0000] {logging_mixin.py:188} INFO - [2024-04-03T22:32:53.939+0000] {dagbag.py:540} INFO - Filling up the DagBag from /home/airflow/.local/lib/python3.8/site-packages/airflow/example_dags/example_short_circuit_operator.py
[2024-04-03T22:32:53.946+0000] {processor.py:840} INFO - DAG(s) 'example_short_circuit_operator' retrieved from /home/airflow/.local/lib/python3.8/site-packages/airflow/example_dags/example_short_circuit_operator.py
[2024-04-03T22:32:53.957+0000] {logging_mixin.py:188} INFO - [2024-04-03T22:32:53.956+0000] {dag.py:3047} INFO - Sync 1 DAGs
[2024-04-03T22:32:53.972+0000] {logging_mixin.py:188} INFO - [2024-04-03T22:32:53.972+0000] {dag.py:3834} INFO - Setting next_dagrun for example_short_circuit_operator to 2024-04-02 00:00:00+00:00, run_after=2024-04-03 00:00:00+00:00
[2024-04-03T22:32:53.988+0000] {processor.py:183} INFO - Processing /home/airflow/.local/lib/python3.8/site-packages/airflow/example_dags/example_short_circuit_operator.py took 0.054 seconds
[2024-04-03T22:33:24.863+0000] {processor.py:161} INFO - Started process (PID=114) to work on /home/airflow/.local/lib/python3.8/site-packages/airflow/example_dags/example_short_circuit_operator.py
[2024-04-03T22:33:24.864+0000] {processor.py:830} INFO - Processing file /home/airflow/.local/lib/python3.8/site-packages/airflow/example_dags/example_short_circuit_operator.py for tasks to queue
[2024-04-03T22:33:24.866+0000] {logging_mixin.py:188} INFO - [2024-04-03T22:33:24.865+0000] {dagbag.py:540} INFO - Filling up the DagBag from /home/airflow/.local/lib/python3.8/site-packages/airflow/example_dags/example_short_circuit_operator.py
[2024-04-03T22:33:24.871+0000] {processor.py:840} INFO - DAG(s) 'example_short_circuit_operator' retrieved from /home/airflow/.local/lib/python3.8/site-packages/airflow/example_dags/example_short_circuit_operator.py
[2024-04-03T22:33:24.946+0000] {logging_mixin.py:188} INFO - [2024-04-03T22:33:24.946+0000] {dag.py:3047} INFO - Sync 1 DAGs
[2024-04-03T22:33:24.960+0000] {logging_mixin.py:188} INFO - [2024-04-03T22:33:24.960+0000] {dag.py:3834} INFO - Setting next_dagrun for example_short_circuit_operator to 2024-04-02 00:00:00+00:00, run_after=2024-04-03 00:00:00+00:00
[2024-04-03T22:33:24.975+0000] {processor.py:183} INFO - Processing /home/airflow/.local/lib/python3.8/site-packages/airflow/example_dags/example_short_circuit_operator.py took 0.115 seconds
[2024-04-03T22:33:55.230+0000] {processor.py:161} INFO - Started process (PID=169) to work on /home/airflow/.local/lib/python3.8/site-packages/airflow/example_dags/example_short_circuit_operator.py
[2024-04-03T22:33:55.231+0000] {processor.py:830} INFO - Processing file /home/airflow/.local/lib/python3.8/site-packages/airflow/example_dags/example_short_circuit_operator.py for tasks to queue
[2024-04-03T22:33:55.232+0000] {logging_mixin.py:188} INFO - [2024-04-03T22:33:55.232+0000] {dagbag.py:540} INFO - Filling up the DagBag from /home/airflow/.local/lib/python3.8/site-packages/airflow/example_dags/example_short_circuit_operator.py
[2024-04-03T22:33:55.237+0000] {processor.py:840} INFO - DAG(s) 'example_short_circuit_operator' retrieved from /home/airflow/.local/lib/python3.8/site-packages/airflow/example_dags/example_short_circuit_operator.py
[2024-04-03T22:33:55.252+0000] {logging_mixin.py:188} INFO - [2024-04-03T22:33:55.252+0000] {dag.py:3047} INFO - Sync 1 DAGs
[2024-04-03T22:33:55.267+0000] {logging_mixin.py:188} INFO - [2024-04-03T22:33:55.267+0000] {dag.py:3834} INFO - Setting next_dagrun for example_short_circuit_operator to 2024-04-02 00:00:00+00:00, run_after=2024-04-03 00:00:00+00:00
[2024-04-03T22:33:55.281+0000] {processor.py:183} INFO - Processing /home/airflow/.local/lib/python3.8/site-packages/airflow/example_dags/example_short_circuit_operator.py took 0.053 seconds
[2024-04-03T22:34:26.005+0000] {processor.py:161} INFO - Started process (PID=224) to work on /home/airflow/.local/lib/python3.8/site-packages/airflow/example_dags/example_short_circuit_operator.py
[2024-04-03T22:34:26.006+0000] {processor.py:830} INFO - Processing file /home/airflow/.local/lib/python3.8/site-packages/airflow/example_dags/example_short_circuit_operator.py for tasks to queue
[2024-04-03T22:34:26.008+0000] {logging_mixin.py:188} INFO - [2024-04-03T22:34:26.008+0000] {dagbag.py:540} INFO - Filling up the DagBag from /home/airflow/.local/lib/python3.8/site-packages/airflow/example_dags/example_short_circuit_operator.py
[2024-04-03T22:34:26.014+0000] {processor.py:840} INFO - DAG(s) 'example_short_circuit_operator' retrieved from /home/airflow/.local/lib/python3.8/site-packages/airflow/example_dags/example_short_circuit_operator.py
[2024-04-03T22:34:26.031+0000] {logging_mixin.py:188} INFO - [2024-04-03T22:34:26.031+0000] {dag.py:3047} INFO - Sync 1 DAGs
[2024-04-03T22:34:26.046+0000] {logging_mixin.py:188} INFO - [2024-04-03T22:34:26.046+0000] {dag.py:3834} INFO - Setting next_dagrun for example_short_circuit_operator to 2024-04-02 00:00:00+00:00, run_after=2024-04-03 00:00:00+00:00
[2024-04-03T22:34:26.060+0000] {processor.py:183} INFO - Processing /home/airflow/.local/lib/python3.8/site-packages/airflow/example_dags/example_short_circuit_operator.py took 0.058 seconds
[2024-04-03T22:34:56.355+0000] {processor.py:161} INFO - Started process (PID=279) to work on /home/airflow/.local/lib/python3.8/site-packages/airflow/example_dags/example_short_circuit_operator.py
[2024-04-03T22:34:56.356+0000] {processor.py:830} INFO - Processing file /home/airflow/.local/lib/python3.8/site-packages/airflow/example_dags/example_short_circuit_operator.py for tasks to queue
[2024-04-03T22:34:56.357+0000] {logging_mixin.py:188} INFO - [2024-04-03T22:34:56.357+0000] {dagbag.py:540} INFO - Filling up the DagBag from /home/airflow/.local/lib/python3.8/site-packages/airflow/example_dags/example_short_circuit_operator.py
[2024-04-03T22:34:56.362+0000] {processor.py:840} INFO - DAG(s) 'example_short_circuit_operator' retrieved from /home/airflow/.local/lib/python3.8/site-packages/airflow/example_dags/example_short_circuit_operator.py
[2024-04-03T22:34:56.378+0000] {logging_mixin.py:188} INFO - [2024-04-03T22:34:56.377+0000] {dag.py:3047} INFO - Sync 1 DAGs
[2024-04-03T22:34:56.392+0000] {logging_mixin.py:188} INFO - [2024-04-03T22:34:56.392+0000] {dag.py:3834} INFO - Setting next_dagrun for example_short_circuit_operator to 2024-04-02 00:00:00+00:00, run_after=2024-04-03 00:00:00+00:00
[2024-04-03T22:34:56.407+0000] {processor.py:183} INFO - Processing /home/airflow/.local/lib/python3.8/site-packages/airflow/example_dags/example_short_circuit_operator.py took 0.054 seconds
[2024-04-03T22:35:26.624+0000] {processor.py:161} INFO - Started process (PID=334) to work on /home/airflow/.local/lib/python3.8/site-packages/airflow/example_dags/example_short_circuit_operator.py
[2024-04-03T22:35:26.625+0000] {processor.py:830} INFO - Processing file /home/airflow/.local/lib/python3.8/site-packages/airflow/example_dags/example_short_circuit_operator.py for tasks to queue
[2024-04-03T22:35:26.627+0000] {logging_mixin.py:188} INFO - [2024-04-03T22:35:26.627+0000] {dagbag.py:540} INFO - Filling up the DagBag from /home/airflow/.local/lib/python3.8/site-packages/airflow/example_dags/example_short_circuit_operator.py
[2024-04-03T22:35:26.632+0000] {processor.py:840} INFO - DAG(s) 'example_short_circuit_operator' retrieved from /home/airflow/.local/lib/python3.8/site-packages/airflow/example_dags/example_short_circuit_operator.py
[2024-04-03T22:35:26.648+0000] {logging_mixin.py:188} INFO - [2024-04-03T22:35:26.648+0000] {dag.py:3047} INFO - Sync 1 DAGs
[2024-04-03T22:35:26.663+0000] {logging_mixin.py:188} INFO - [2024-04-03T22:35:26.663+0000] {dag.py:3834} INFO - Setting next_dagrun for example_short_circuit_operator to 2024-04-02 00:00:00+00:00, run_after=2024-04-03 00:00:00+00:00
[2024-04-03T22:35:26.676+0000] {processor.py:183} INFO - Processing /home/airflow/.local/lib/python3.8/site-packages/airflow/example_dags/example_short_circuit_operator.py took 0.054 seconds
[2024-04-03T22:35:57.124+0000] {processor.py:161} INFO - Started process (PID=389) to work on /home/airflow/.local/lib/python3.8/site-packages/airflow/example_dags/example_short_circuit_operator.py
[2024-04-03T22:35:57.125+0000] {processor.py:830} INFO - Processing file /home/airflow/.local/lib/python3.8/site-packages/airflow/example_dags/example_short_circuit_operator.py for tasks to queue
[2024-04-03T22:35:57.130+0000] {logging_mixin.py:188} INFO - [2024-04-03T22:35:57.130+0000] {dagbag.py:540} INFO - Filling up the DagBag from /home/airflow/.local/lib/python3.8/site-packages/airflow/example_dags/example_short_circuit_operator.py
[2024-04-03T22:35:57.135+0000] {processor.py:840} INFO - DAG(s) 'example_short_circuit_operator' retrieved from /home/airflow/.local/lib/python3.8/site-packages/airflow/example_dags/example_short_circuit_operator.py
[2024-04-03T22:35:57.151+0000] {logging_mixin.py:188} INFO - [2024-04-03T22:35:57.151+0000] {dag.py:3047} INFO - Sync 1 DAGs
[2024-04-03T22:35:57.165+0000] {logging_mixin.py:188} INFO - [2024-04-03T22:35:57.165+0000] {dag.py:3834} INFO - Setting next_dagrun for example_short_circuit_operator to 2024-04-02 00:00:00+00:00, run_after=2024-04-03 00:00:00+00:00
[2024-04-03T22:35:57.179+0000] {processor.py:183} INFO - Processing /home/airflow/.local/lib/python3.8/site-packages/airflow/example_dags/example_short_circuit_operator.py took 0.057 seconds
[2024-04-03T22:36:27.750+0000] {processor.py:161} INFO - Started process (PID=444) to work on /home/airflow/.local/lib/python3.8/site-packages/airflow/example_dags/example_short_circuit_operator.py
[2024-04-03T22:36:27.751+0000] {processor.py:830} INFO - Processing file /home/airflow/.local/lib/python3.8/site-packages/airflow/example_dags/example_short_circuit_operator.py for tasks to queue
[2024-04-03T22:36:27.753+0000] {logging_mixin.py:188} INFO - [2024-04-03T22:36:27.753+0000] {dagbag.py:540} INFO - Filling up the DagBag from /home/airflow/.local/lib/python3.8/site-packages/airflow/example_dags/example_short_circuit_operator.py
[2024-04-03T22:36:27.758+0000] {processor.py:840} INFO - DAG(s) 'example_short_circuit_operator' retrieved from /home/airflow/.local/lib/python3.8/site-packages/airflow/example_dags/example_short_circuit_operator.py
[2024-04-03T22:36:27.774+0000] {logging_mixin.py:188} INFO - [2024-04-03T22:36:27.773+0000] {dag.py:3047} INFO - Sync 1 DAGs
[2024-04-03T22:36:27.787+0000] {logging_mixin.py:188} INFO - [2024-04-03T22:36:27.787+0000] {dag.py:3834} INFO - Setting next_dagrun for example_short_circuit_operator to 2024-04-02 00:00:00+00:00, run_after=2024-04-03 00:00:00+00:00
[2024-04-03T22:36:27.798+0000] {processor.py:183} INFO - Processing /home/airflow/.local/lib/python3.8/site-packages/airflow/example_dags/example_short_circuit_operator.py took 0.050 seconds
[2024-04-03T22:36:57.960+0000] {processor.py:161} INFO - Started process (PID=499) to work on /home/airflow/.local/lib/python3.8/site-packages/airflow/example_dags/example_short_circuit_operator.py
[2024-04-03T22:36:57.961+0000] {processor.py:830} INFO - Processing file /home/airflow/.local/lib/python3.8/site-packages/airflow/example_dags/example_short_circuit_operator.py for tasks to queue
[2024-04-03T22:36:57.963+0000] {logging_mixin.py:188} INFO - [2024-04-03T22:36:57.962+0000] {dagbag.py:540} INFO - Filling up the DagBag from /home/airflow/.local/lib/python3.8/site-packages/airflow/example_dags/example_short_circuit_operator.py
[2024-04-03T22:36:57.968+0000] {processor.py:840} INFO - DAG(s) 'example_short_circuit_operator' retrieved from /home/airflow/.local/lib/python3.8/site-packages/airflow/example_dags/example_short_circuit_operator.py
[2024-04-03T22:36:57.983+0000] {logging_mixin.py:188} INFO - [2024-04-03T22:36:57.983+0000] {dag.py:3047} INFO - Sync 1 DAGs
[2024-04-03T22:36:57.999+0000] {logging_mixin.py:188} INFO - [2024-04-03T22:36:57.999+0000] {dag.py:3834} INFO - Setting next_dagrun for example_short_circuit_operator to 2024-04-02 00:00:00+00:00, run_after=2024-04-03 00:00:00+00:00
[2024-04-03T22:36:58.011+0000] {processor.py:183} INFO - Processing /home/airflow/.local/lib/python3.8/site-packages/airflow/example_dags/example_short_circuit_operator.py took 0.054 seconds
[2024-04-03T22:37:28.520+0000] {processor.py:161} INFO - Started process (PID=553) to work on /home/airflow/.local/lib/python3.8/site-packages/airflow/example_dags/example_short_circuit_operator.py
[2024-04-03T22:37:28.521+0000] {processor.py:830} INFO - Processing file /home/airflow/.local/lib/python3.8/site-packages/airflow/example_dags/example_short_circuit_operator.py for tasks to queue
[2024-04-03T22:37:28.523+0000] {logging_mixin.py:188} INFO - [2024-04-03T22:37:28.522+0000] {dagbag.py:540} INFO - Filling up the DagBag from /home/airflow/.local/lib/python3.8/site-packages/airflow/example_dags/example_short_circuit_operator.py
[2024-04-03T22:37:28.528+0000] {processor.py:840} INFO - DAG(s) 'example_short_circuit_operator' retrieved from /home/airflow/.local/lib/python3.8/site-packages/airflow/example_dags/example_short_circuit_operator.py
[2024-04-03T22:37:28.547+0000] {logging_mixin.py:188} INFO - [2024-04-03T22:37:28.547+0000] {dag.py:3047} INFO - Sync 1 DAGs
[2024-04-03T22:37:28.562+0000] {logging_mixin.py:188} INFO - [2024-04-03T22:37:28.562+0000] {dag.py:3834} INFO - Setting next_dagrun for example_short_circuit_operator to 2024-04-02 00:00:00+00:00, run_after=2024-04-03 00:00:00+00:00
[2024-04-03T22:37:28.576+0000] {processor.py:183} INFO - Processing /home/airflow/.local/lib/python3.8/site-packages/airflow/example_dags/example_short_circuit_operator.py took 0.058 seconds
[2024-04-03T22:37:58.979+0000] {processor.py:161} INFO - Started process (PID=609) to work on /home/airflow/.local/lib/python3.8/site-packages/airflow/example_dags/example_short_circuit_operator.py
[2024-04-03T22:37:58.980+0000] {processor.py:830} INFO - Processing file /home/airflow/.local/lib/python3.8/site-packages/airflow/example_dags/example_short_circuit_operator.py for tasks to queue
[2024-04-03T22:37:58.983+0000] {logging_mixin.py:188} INFO - [2024-04-03T22:37:58.982+0000] {dagbag.py:540} INFO - Filling up the DagBag from /home/airflow/.local/lib/python3.8/site-packages/airflow/example_dags/example_short_circuit_operator.py
[2024-04-03T22:37:58.988+0000] {processor.py:840} INFO - DAG(s) 'example_short_circuit_operator' retrieved from /home/airflow/.local/lib/python3.8/site-packages/airflow/example_dags/example_short_circuit_operator.py
[2024-04-03T22:37:59.005+0000] {logging_mixin.py:188} INFO - [2024-04-03T22:37:59.005+0000] {dag.py:3047} INFO - Sync 1 DAGs
[2024-04-03T22:37:59.021+0000] {logging_mixin.py:188} INFO - [2024-04-03T22:37:59.020+0000] {dag.py:3834} INFO - Setting next_dagrun for example_short_circuit_operator to 2024-04-02 00:00:00+00:00, run_after=2024-04-03 00:00:00+00:00
[2024-04-03T22:37:59.036+0000] {processor.py:183} INFO - Processing /home/airflow/.local/lib/python3.8/site-packages/airflow/example_dags/example_short_circuit_operator.py took 0.059 seconds
[2024-04-03T22:38:29.353+0000] {processor.py:161} INFO - Started process (PID=664) to work on /home/airflow/.local/lib/python3.8/site-packages/airflow/example_dags/example_short_circuit_operator.py
[2024-04-03T22:38:29.354+0000] {processor.py:830} INFO - Processing file /home/airflow/.local/lib/python3.8/site-packages/airflow/example_dags/example_short_circuit_operator.py for tasks to queue
[2024-04-03T22:38:29.355+0000] {logging_mixin.py:188} INFO - [2024-04-03T22:38:29.355+0000] {dagbag.py:540} INFO - Filling up the DagBag from /home/airflow/.local/lib/python3.8/site-packages/airflow/example_dags/example_short_circuit_operator.py
[2024-04-03T22:38:29.361+0000] {processor.py:840} INFO - DAG(s) 'example_short_circuit_operator' retrieved from /home/airflow/.local/lib/python3.8/site-packages/airflow/example_dags/example_short_circuit_operator.py
[2024-04-03T22:38:29.377+0000] {logging_mixin.py:188} INFO - [2024-04-03T22:38:29.377+0000] {dag.py:3047} INFO - Sync 1 DAGs
[2024-04-03T22:38:29.395+0000] {logging_mixin.py:188} INFO - [2024-04-03T22:38:29.395+0000] {dag.py:3834} INFO - Setting next_dagrun for example_short_circuit_operator to 2024-04-02 00:00:00+00:00, run_after=2024-04-03 00:00:00+00:00
[2024-04-03T22:38:29.408+0000] {processor.py:183} INFO - Processing /home/airflow/.local/lib/python3.8/site-packages/airflow/example_dags/example_short_circuit_operator.py took 0.057 seconds
[2024-04-03T22:38:59.573+0000] {processor.py:161} INFO - Started process (PID=719) to work on /home/airflow/.local/lib/python3.8/site-packages/airflow/example_dags/example_short_circuit_operator.py
[2024-04-03T22:38:59.574+0000] {processor.py:830} INFO - Processing file /home/airflow/.local/lib/python3.8/site-packages/airflow/example_dags/example_short_circuit_operator.py for tasks to queue
[2024-04-03T22:38:59.575+0000] {logging_mixin.py:188} INFO - [2024-04-03T22:38:59.575+0000] {dagbag.py:540} INFO - Filling up the DagBag from /home/airflow/.local/lib/python3.8/site-packages/airflow/example_dags/example_short_circuit_operator.py
[2024-04-03T22:38:59.580+0000] {processor.py:840} INFO - DAG(s) 'example_short_circuit_operator' retrieved from /home/airflow/.local/lib/python3.8/site-packages/airflow/example_dags/example_short_circuit_operator.py
[2024-04-03T22:38:59.596+0000] {logging_mixin.py:188} INFO - [2024-04-03T22:38:59.596+0000] {dag.py:3047} INFO - Sync 1 DAGs
[2024-04-03T22:38:59.611+0000] {logging_mixin.py:188} INFO - [2024-04-03T22:38:59.611+0000] {dag.py:3834} INFO - Setting next_dagrun for example_short_circuit_operator to 2024-04-02 00:00:00+00:00, run_after=2024-04-03 00:00:00+00:00
[2024-04-03T22:38:59.623+0000] {processor.py:183} INFO - Processing /home/airflow/.local/lib/python3.8/site-packages/airflow/example_dags/example_short_circuit_operator.py took 0.053 seconds
[2024-04-03T22:39:29.858+0000] {processor.py:161} INFO - Started process (PID=773) to work on /home/airflow/.local/lib/python3.8/site-packages/airflow/example_dags/example_short_circuit_operator.py
[2024-04-03T22:39:29.859+0000] {processor.py:830} INFO - Processing file /home/airflow/.local/lib/python3.8/site-packages/airflow/example_dags/example_short_circuit_operator.py for tasks to queue
[2024-04-03T22:39:29.860+0000] {logging_mixin.py:188} INFO - [2024-04-03T22:39:29.860+0000] {dagbag.py:540} INFO - Filling up the DagBag from /home/airflow/.local/lib/python3.8/site-packages/airflow/example_dags/example_short_circuit_operator.py
[2024-04-03T22:39:29.867+0000] {processor.py:840} INFO - DAG(s) 'example_short_circuit_operator' retrieved from /home/airflow/.local/lib/python3.8/site-packages/airflow/example_dags/example_short_circuit_operator.py
[2024-04-03T22:39:29.883+0000] {logging_mixin.py:188} INFO - [2024-04-03T22:39:29.883+0000] {dag.py:3047} INFO - Sync 1 DAGs
[2024-04-03T22:39:29.898+0000] {logging_mixin.py:188} INFO - [2024-04-03T22:39:29.898+0000] {dag.py:3834} INFO - Setting next_dagrun for example_short_circuit_operator to 2024-04-02 00:00:00+00:00, run_after=2024-04-03 00:00:00+00:00
[2024-04-03T22:39:29.913+0000] {processor.py:183} INFO - Processing /home/airflow/.local/lib/python3.8/site-packages/airflow/example_dags/example_short_circuit_operator.py took 0.058 seconds
[2024-04-03T22:40:00.134+0000] {processor.py:161} INFO - Started process (PID=828) to work on /home/airflow/.local/lib/python3.8/site-packages/airflow/example_dags/example_short_circuit_operator.py
[2024-04-03T22:40:00.134+0000] {processor.py:830} INFO - Processing file /home/airflow/.local/lib/python3.8/site-packages/airflow/example_dags/example_short_circuit_operator.py for tasks to queue
[2024-04-03T22:40:00.136+0000] {logging_mixin.py:188} INFO - [2024-04-03T22:40:00.136+0000] {dagbag.py:540} INFO - Filling up the DagBag from /home/airflow/.local/lib/python3.8/site-packages/airflow/example_dags/example_short_circuit_operator.py
[2024-04-03T22:40:00.141+0000] {processor.py:840} INFO - DAG(s) 'example_short_circuit_operator' retrieved from /home/airflow/.local/lib/python3.8/site-packages/airflow/example_dags/example_short_circuit_operator.py
[2024-04-03T22:40:00.156+0000] {logging_mixin.py:188} INFO - [2024-04-03T22:40:00.156+0000] {dag.py:3047} INFO - Sync 1 DAGs
[2024-04-03T22:40:00.171+0000] {logging_mixin.py:188} INFO - [2024-04-03T22:40:00.171+0000] {dag.py:3834} INFO - Setting next_dagrun for example_short_circuit_operator to 2024-04-02 00:00:00+00:00, run_after=2024-04-03 00:00:00+00:00
[2024-04-03T22:40:00.184+0000] {processor.py:183} INFO - Processing /home/airflow/.local/lib/python3.8/site-packages/airflow/example_dags/example_short_circuit_operator.py took 0.052 seconds
[2024-04-03T22:40:30.505+0000] {processor.py:161} INFO - Started process (PID=883) to work on /home/airflow/.local/lib/python3.8/site-packages/airflow/example_dags/example_short_circuit_operator.py
[2024-04-03T22:40:30.506+0000] {processor.py:830} INFO - Processing file /home/airflow/.local/lib/python3.8/site-packages/airflow/example_dags/example_short_circuit_operator.py for tasks to queue
[2024-04-03T22:40:30.507+0000] {logging_mixin.py:188} INFO - [2024-04-03T22:40:30.507+0000] {dagbag.py:540} INFO - Filling up the DagBag from /home/airflow/.local/lib/python3.8/site-packages/airflow/example_dags/example_short_circuit_operator.py
[2024-04-03T22:40:30.513+0000] {processor.py:840} INFO - DAG(s) 'example_short_circuit_operator' retrieved from /home/airflow/.local/lib/python3.8/site-packages/airflow/example_dags/example_short_circuit_operator.py
[2024-04-03T22:40:30.530+0000] {logging_mixin.py:188} INFO - [2024-04-03T22:40:30.530+0000] {dag.py:3047} INFO - Sync 1 DAGs
[2024-04-03T22:40:30.545+0000] {logging_mixin.py:188} INFO - [2024-04-03T22:40:30.545+0000] {dag.py:3834} INFO - Setting next_dagrun for example_short_circuit_operator to 2024-04-02 00:00:00+00:00, run_after=2024-04-03 00:00:00+00:00
[2024-04-03T22:40:30.560+0000] {processor.py:183} INFO - Processing /home/airflow/.local/lib/python3.8/site-packages/airflow/example_dags/example_short_circuit_operator.py took 0.057 seconds
[2024-04-03T22:41:00.864+0000] {processor.py:161} INFO - Started process (PID=938) to work on /home/airflow/.local/lib/python3.8/site-packages/airflow/example_dags/example_short_circuit_operator.py
[2024-04-03T22:41:00.865+0000] {processor.py:830} INFO - Processing file /home/airflow/.local/lib/python3.8/site-packages/airflow/example_dags/example_short_circuit_operator.py for tasks to queue
[2024-04-03T22:41:00.867+0000] {logging_mixin.py:188} INFO - [2024-04-03T22:41:00.867+0000] {dagbag.py:540} INFO - Filling up the DagBag from /home/airflow/.local/lib/python3.8/site-packages/airflow/example_dags/example_short_circuit_operator.py
[2024-04-03T22:41:00.872+0000] {processor.py:840} INFO - DAG(s) 'example_short_circuit_operator' retrieved from /home/airflow/.local/lib/python3.8/site-packages/airflow/example_dags/example_short_circuit_operator.py
[2024-04-03T22:41:00.891+0000] {logging_mixin.py:188} INFO - [2024-04-03T22:41:00.891+0000] {dag.py:3047} INFO - Sync 1 DAGs
[2024-04-03T22:41:00.906+0000] {logging_mixin.py:188} INFO - [2024-04-03T22:41:00.906+0000] {dag.py:3834} INFO - Setting next_dagrun for example_short_circuit_operator to 2024-04-02 00:00:00+00:00, run_after=2024-04-03 00:00:00+00:00
[2024-04-03T22:41:00.919+0000] {processor.py:183} INFO - Processing /home/airflow/.local/lib/python3.8/site-packages/airflow/example_dags/example_short_circuit_operator.py took 0.056 seconds
[2024-04-03T22:41:31.408+0000] {processor.py:161} INFO - Started process (PID=993) to work on /home/airflow/.local/lib/python3.8/site-packages/airflow/example_dags/example_short_circuit_operator.py
[2024-04-03T22:41:31.409+0000] {processor.py:830} INFO - Processing file /home/airflow/.local/lib/python3.8/site-packages/airflow/example_dags/example_short_circuit_operator.py for tasks to queue
[2024-04-03T22:41:31.410+0000] {logging_mixin.py:188} INFO - [2024-04-03T22:41:31.410+0000] {dagbag.py:540} INFO - Filling up the DagBag from /home/airflow/.local/lib/python3.8/site-packages/airflow/example_dags/example_short_circuit_operator.py
[2024-04-03T22:41:31.415+0000] {processor.py:840} INFO - DAG(s) 'example_short_circuit_operator' retrieved from /home/airflow/.local/lib/python3.8/site-packages/airflow/example_dags/example_short_circuit_operator.py
[2024-04-03T22:41:31.433+0000] {logging_mixin.py:188} INFO - [2024-04-03T22:41:31.432+0000] {dag.py:3047} INFO - Sync 1 DAGs
[2024-04-03T22:41:31.448+0000] {logging_mixin.py:188} INFO - [2024-04-03T22:41:31.448+0000] {dag.py:3834} INFO - Setting next_dagrun for example_short_circuit_operator to 2024-04-02 00:00:00+00:00, run_after=2024-04-03 00:00:00+00:00
[2024-04-03T22:41:31.465+0000] {processor.py:183} INFO - Processing /home/airflow/.local/lib/python3.8/site-packages/airflow/example_dags/example_short_circuit_operator.py took 0.059 seconds
[2024-04-03T22:42:01.790+0000] {processor.py:161} INFO - Started process (PID=1048) to work on /home/airflow/.local/lib/python3.8/site-packages/airflow/example_dags/example_short_circuit_operator.py
[2024-04-03T22:42:01.791+0000] {processor.py:830} INFO - Processing file /home/airflow/.local/lib/python3.8/site-packages/airflow/example_dags/example_short_circuit_operator.py for tasks to queue
[2024-04-03T22:42:01.792+0000] {logging_mixin.py:188} INFO - [2024-04-03T22:42:01.792+0000] {dagbag.py:540} INFO - Filling up the DagBag from /home/airflow/.local/lib/python3.8/site-packages/airflow/example_dags/example_short_circuit_operator.py
[2024-04-03T22:42:01.798+0000] {processor.py:840} INFO - DAG(s) 'example_short_circuit_operator' retrieved from /home/airflow/.local/lib/python3.8/site-packages/airflow/example_dags/example_short_circuit_operator.py
[2024-04-03T22:42:01.813+0000] {logging_mixin.py:188} INFO - [2024-04-03T22:42:01.813+0000] {dag.py:3047} INFO - Sync 1 DAGs
[2024-04-03T22:42:01.831+0000] {logging_mixin.py:188} INFO - [2024-04-03T22:42:01.830+0000] {dag.py:3834} INFO - Setting next_dagrun for example_short_circuit_operator to 2024-04-02 00:00:00+00:00, run_after=2024-04-03 00:00:00+00:00
[2024-04-03T22:42:01.845+0000] {processor.py:183} INFO - Processing /home/airflow/.local/lib/python3.8/site-packages/airflow/example_dags/example_short_circuit_operator.py took 0.057 seconds
[2024-04-03T22:42:32.103+0000] {processor.py:161} INFO - Started process (PID=1103) to work on /home/airflow/.local/lib/python3.8/site-packages/airflow/example_dags/example_short_circuit_operator.py
[2024-04-03T22:42:32.104+0000] {processor.py:830} INFO - Processing file /home/airflow/.local/lib/python3.8/site-packages/airflow/example_dags/example_short_circuit_operator.py for tasks to queue
[2024-04-03T22:42:32.105+0000] {logging_mixin.py:188} INFO - [2024-04-03T22:42:32.105+0000] {dagbag.py:540} INFO - Filling up the DagBag from /home/airflow/.local/lib/python3.8/site-packages/airflow/example_dags/example_short_circuit_operator.py
[2024-04-03T22:42:32.110+0000] {processor.py:840} INFO - DAG(s) 'example_short_circuit_operator' retrieved from /home/airflow/.local/lib/python3.8/site-packages/airflow/example_dags/example_short_circuit_operator.py
[2024-04-03T22:42:32.125+0000] {logging_mixin.py:188} INFO - [2024-04-03T22:42:32.125+0000] {dag.py:3047} INFO - Sync 1 DAGs
[2024-04-03T22:42:32.138+0000] {logging_mixin.py:188} INFO - [2024-04-03T22:42:32.138+0000] {dag.py:3834} INFO - Setting next_dagrun for example_short_circuit_operator to 2024-04-02 00:00:00+00:00, run_after=2024-04-03 00:00:00+00:00
[2024-04-03T22:42:32.151+0000] {processor.py:183} INFO - Processing /home/airflow/.local/lib/python3.8/site-packages/airflow/example_dags/example_short_circuit_operator.py took 0.050 seconds
