[2024-04-03T22:25:00.028+0000] {processor.py:161} INFO - Started process (PID=85) to work on /home/airflow/.local/lib/python3.8/site-packages/airflow/example_dags/example_branch_day_of_week_operator.py
[2024-04-03T22:25:00.029+0000] {processor.py:830} INFO - Processing file /home/airflow/.local/lib/python3.8/site-packages/airflow/example_dags/example_branch_day_of_week_operator.py for tasks to queue
[2024-04-03T22:25:00.030+0000] {logging_mixin.py:188} INFO - [2024-04-03T22:25:00.030+0000] {dagbag.py:540} INFO - Filling up the DagBag from /home/airflow/.local/lib/python3.8/site-packages/airflow/example_dags/example_branch_day_of_week_operator.py
[2024-04-03T22:25:00.037+0000] {processor.py:840} INFO - DAG(s) 'example_weekday_branch_operator' retrieved from /home/airflow/.local/lib/python3.8/site-packages/airflow/example_dags/example_branch_day_of_week_operator.py
[2024-04-03T22:25:00.048+0000] {logging_mixin.py:188} INFO - [2024-04-03T22:25:00.048+0000] {dag.py:3047} INFO - Sync 1 DAGs
[2024-04-03T22:25:00.067+0000] {logging_mixin.py:188} INFO - [2024-04-03T22:25:00.066+0000] {dag.py:3834} INFO - Setting next_dagrun for example_weekday_branch_operator to 2024-04-02 00:00:00+00:00, run_after=2024-04-03 00:00:00+00:00
[2024-04-03T22:25:00.084+0000] {processor.py:183} INFO - Processing /home/airflow/.local/lib/python3.8/site-packages/airflow/example_dags/example_branch_day_of_week_operator.py took 0.059 seconds
[2024-04-03T22:25:30.338+0000] {processor.py:161} INFO - Started process (PID=140) to work on /home/airflow/.local/lib/python3.8/site-packages/airflow/example_dags/example_branch_day_of_week_operator.py
[2024-04-03T22:25:30.339+0000] {processor.py:830} INFO - Processing file /home/airflow/.local/lib/python3.8/site-packages/airflow/example_dags/example_branch_day_of_week_operator.py for tasks to queue
[2024-04-03T22:25:30.341+0000] {logging_mixin.py:188} INFO - [2024-04-03T22:25:30.341+0000] {dagbag.py:540} INFO - Filling up the DagBag from /home/airflow/.local/lib/python3.8/site-packages/airflow/example_dags/example_branch_day_of_week_operator.py
[2024-04-03T22:25:30.346+0000] {processor.py:840} INFO - DAG(s) 'example_weekday_branch_operator' retrieved from /home/airflow/.local/lib/python3.8/site-packages/airflow/example_dags/example_branch_day_of_week_operator.py
[2024-04-03T22:25:30.407+0000] {logging_mixin.py:188} INFO - [2024-04-03T22:25:30.407+0000] {dag.py:3047} INFO - Sync 1 DAGs
[2024-04-03T22:25:30.420+0000] {logging_mixin.py:188} INFO - [2024-04-03T22:25:30.420+0000] {dag.py:3834} INFO - Setting next_dagrun for example_weekday_branch_operator to 2024-04-02 00:00:00+00:00, run_after=2024-04-03 00:00:00+00:00
[2024-04-03T22:25:30.433+0000] {processor.py:183} INFO - Processing /home/airflow/.local/lib/python3.8/site-packages/airflow/example_dags/example_branch_day_of_week_operator.py took 0.097 seconds
[2024-04-03T22:26:01.367+0000] {processor.py:161} INFO - Started process (PID=195) to work on /home/airflow/.local/lib/python3.8/site-packages/airflow/example_dags/example_branch_day_of_week_operator.py
[2024-04-03T22:26:01.368+0000] {processor.py:830} INFO - Processing file /home/airflow/.local/lib/python3.8/site-packages/airflow/example_dags/example_branch_day_of_week_operator.py for tasks to queue
[2024-04-03T22:26:01.370+0000] {logging_mixin.py:188} INFO - [2024-04-03T22:26:01.369+0000] {dagbag.py:540} INFO - Filling up the DagBag from /home/airflow/.local/lib/python3.8/site-packages/airflow/example_dags/example_branch_day_of_week_operator.py
[2024-04-03T22:26:01.375+0000] {processor.py:840} INFO - DAG(s) 'example_weekday_branch_operator' retrieved from /home/airflow/.local/lib/python3.8/site-packages/airflow/example_dags/example_branch_day_of_week_operator.py
[2024-04-03T22:26:01.390+0000] {logging_mixin.py:188} INFO - [2024-04-03T22:26:01.390+0000] {dag.py:3047} INFO - Sync 1 DAGs
[2024-04-03T22:26:01.406+0000] {logging_mixin.py:188} INFO - [2024-04-03T22:26:01.405+0000] {dag.py:3834} INFO - Setting next_dagrun for example_weekday_branch_operator to 2024-04-02 00:00:00+00:00, run_after=2024-04-03 00:00:00+00:00
[2024-04-03T22:26:01.419+0000] {processor.py:183} INFO - Processing /home/airflow/.local/lib/python3.8/site-packages/airflow/example_dags/example_branch_day_of_week_operator.py took 0.054 seconds
[2024-04-03T22:26:31.475+0000] {processor.py:161} INFO - Started process (PID=250) to work on /home/airflow/.local/lib/python3.8/site-packages/airflow/example_dags/example_branch_day_of_week_operator.py
[2024-04-03T22:26:31.476+0000] {processor.py:830} INFO - Processing file /home/airflow/.local/lib/python3.8/site-packages/airflow/example_dags/example_branch_day_of_week_operator.py for tasks to queue
[2024-04-03T22:26:31.477+0000] {logging_mixin.py:188} INFO - [2024-04-03T22:26:31.477+0000] {dagbag.py:540} INFO - Filling up the DagBag from /home/airflow/.local/lib/python3.8/site-packages/airflow/example_dags/example_branch_day_of_week_operator.py
[2024-04-03T22:26:31.483+0000] {processor.py:840} INFO - DAG(s) 'example_weekday_branch_operator' retrieved from /home/airflow/.local/lib/python3.8/site-packages/airflow/example_dags/example_branch_day_of_week_operator.py
[2024-04-03T22:26:31.499+0000] {logging_mixin.py:188} INFO - [2024-04-03T22:26:31.499+0000] {dag.py:3047} INFO - Sync 1 DAGs
[2024-04-03T22:26:31.516+0000] {logging_mixin.py:188} INFO - [2024-04-03T22:26:31.515+0000] {dag.py:3834} INFO - Setting next_dagrun for example_weekday_branch_operator to 2024-04-02 00:00:00+00:00, run_after=2024-04-03 00:00:00+00:00
[2024-04-03T22:26:31.531+0000] {processor.py:183} INFO - Processing /home/airflow/.local/lib/python3.8/site-packages/airflow/example_dags/example_branch_day_of_week_operator.py took 0.058 seconds
[2024-04-03T22:27:01.756+0000] {processor.py:161} INFO - Started process (PID=304) to work on /home/airflow/.local/lib/python3.8/site-packages/airflow/example_dags/example_branch_day_of_week_operator.py
[2024-04-03T22:27:01.757+0000] {processor.py:830} INFO - Processing file /home/airflow/.local/lib/python3.8/site-packages/airflow/example_dags/example_branch_day_of_week_operator.py for tasks to queue
[2024-04-03T22:27:01.759+0000] {logging_mixin.py:188} INFO - [2024-04-03T22:27:01.758+0000] {dagbag.py:540} INFO - Filling up the DagBag from /home/airflow/.local/lib/python3.8/site-packages/airflow/example_dags/example_branch_day_of_week_operator.py
[2024-04-03T22:27:01.764+0000] {processor.py:840} INFO - DAG(s) 'example_weekday_branch_operator' retrieved from /home/airflow/.local/lib/python3.8/site-packages/airflow/example_dags/example_branch_day_of_week_operator.py
[2024-04-03T22:27:01.780+0000] {logging_mixin.py:188} INFO - [2024-04-03T22:27:01.780+0000] {dag.py:3047} INFO - Sync 1 DAGs
[2024-04-03T22:27:01.795+0000] {logging_mixin.py:188} INFO - [2024-04-03T22:27:01.795+0000] {dag.py:3834} INFO - Setting next_dagrun for example_weekday_branch_operator to 2024-04-02 00:00:00+00:00, run_after=2024-04-03 00:00:00+00:00
[2024-04-03T22:27:01.807+0000] {processor.py:183} INFO - Processing /home/airflow/.local/lib/python3.8/site-packages/airflow/example_dags/example_branch_day_of_week_operator.py took 0.053 seconds
[2024-04-03T22:27:32.291+0000] {processor.py:161} INFO - Started process (PID=360) to work on /home/airflow/.local/lib/python3.8/site-packages/airflow/example_dags/example_branch_day_of_week_operator.py
[2024-04-03T22:27:32.292+0000] {processor.py:830} INFO - Processing file /home/airflow/.local/lib/python3.8/site-packages/airflow/example_dags/example_branch_day_of_week_operator.py for tasks to queue
[2024-04-03T22:27:32.294+0000] {logging_mixin.py:188} INFO - [2024-04-03T22:27:32.294+0000] {dagbag.py:540} INFO - Filling up the DagBag from /home/airflow/.local/lib/python3.8/site-packages/airflow/example_dags/example_branch_day_of_week_operator.py
[2024-04-03T22:27:32.300+0000] {processor.py:840} INFO - DAG(s) 'example_weekday_branch_operator' retrieved from /home/airflow/.local/lib/python3.8/site-packages/airflow/example_dags/example_branch_day_of_week_operator.py
[2024-04-03T22:27:32.315+0000] {logging_mixin.py:188} INFO - [2024-04-03T22:27:32.315+0000] {dag.py:3047} INFO - Sync 1 DAGs
[2024-04-03T22:27:32.332+0000] {logging_mixin.py:188} INFO - [2024-04-03T22:27:32.332+0000] {dag.py:3834} INFO - Setting next_dagrun for example_weekday_branch_operator to 2024-04-02 00:00:00+00:00, run_after=2024-04-03 00:00:00+00:00
[2024-04-03T22:27:32.344+0000] {processor.py:183} INFO - Processing /home/airflow/.local/lib/python3.8/site-packages/airflow/example_dags/example_branch_day_of_week_operator.py took 0.055 seconds
[2024-04-03T22:28:02.516+0000] {processor.py:161} INFO - Started process (PID=415) to work on /home/airflow/.local/lib/python3.8/site-packages/airflow/example_dags/example_branch_day_of_week_operator.py
[2024-04-03T22:28:02.517+0000] {processor.py:830} INFO - Processing file /home/airflow/.local/lib/python3.8/site-packages/airflow/example_dags/example_branch_day_of_week_operator.py for tasks to queue
[2024-04-03T22:28:02.519+0000] {logging_mixin.py:188} INFO - [2024-04-03T22:28:02.519+0000] {dagbag.py:540} INFO - Filling up the DagBag from /home/airflow/.local/lib/python3.8/site-packages/airflow/example_dags/example_branch_day_of_week_operator.py
[2024-04-03T22:28:02.525+0000] {processor.py:840} INFO - DAG(s) 'example_weekday_branch_operator' retrieved from /home/airflow/.local/lib/python3.8/site-packages/airflow/example_dags/example_branch_day_of_week_operator.py
[2024-04-03T22:28:02.540+0000] {logging_mixin.py:188} INFO - [2024-04-03T22:28:02.540+0000] {dag.py:3047} INFO - Sync 1 DAGs
[2024-04-03T22:28:02.557+0000] {logging_mixin.py:188} INFO - [2024-04-03T22:28:02.556+0000] {dag.py:3834} INFO - Setting next_dagrun for example_weekday_branch_operator to 2024-04-02 00:00:00+00:00, run_after=2024-04-03 00:00:00+00:00
[2024-04-03T22:28:02.572+0000] {processor.py:183} INFO - Processing /home/airflow/.local/lib/python3.8/site-packages/airflow/example_dags/example_branch_day_of_week_operator.py took 0.058 seconds
[2024-04-03T22:28:33.065+0000] {processor.py:161} INFO - Started process (PID=470) to work on /home/airflow/.local/lib/python3.8/site-packages/airflow/example_dags/example_branch_day_of_week_operator.py
[2024-04-03T22:28:33.067+0000] {processor.py:830} INFO - Processing file /home/airflow/.local/lib/python3.8/site-packages/airflow/example_dags/example_branch_day_of_week_operator.py for tasks to queue
[2024-04-03T22:28:33.068+0000] {logging_mixin.py:188} INFO - [2024-04-03T22:28:33.068+0000] {dagbag.py:540} INFO - Filling up the DagBag from /home/airflow/.local/lib/python3.8/site-packages/airflow/example_dags/example_branch_day_of_week_operator.py
[2024-04-03T22:28:33.074+0000] {processor.py:840} INFO - DAG(s) 'example_weekday_branch_operator' retrieved from /home/airflow/.local/lib/python3.8/site-packages/airflow/example_dags/example_branch_day_of_week_operator.py
[2024-04-03T22:28:33.090+0000] {logging_mixin.py:188} INFO - [2024-04-03T22:28:33.090+0000] {dag.py:3047} INFO - Sync 1 DAGs
[2024-04-03T22:28:33.106+0000] {logging_mixin.py:188} INFO - [2024-04-03T22:28:33.106+0000] {dag.py:3834} INFO - Setting next_dagrun for example_weekday_branch_operator to 2024-04-02 00:00:00+00:00, run_after=2024-04-03 00:00:00+00:00
[2024-04-03T22:28:33.119+0000] {processor.py:183} INFO - Processing /home/airflow/.local/lib/python3.8/site-packages/airflow/example_dags/example_branch_day_of_week_operator.py took 0.056 seconds
[2024-04-03T22:29:03.352+0000] {processor.py:161} INFO - Started process (PID=525) to work on /home/airflow/.local/lib/python3.8/site-packages/airflow/example_dags/example_branch_day_of_week_operator.py
[2024-04-03T22:29:03.354+0000] {processor.py:830} INFO - Processing file /home/airflow/.local/lib/python3.8/site-packages/airflow/example_dags/example_branch_day_of_week_operator.py for tasks to queue
[2024-04-03T22:29:03.355+0000] {logging_mixin.py:188} INFO - [2024-04-03T22:29:03.355+0000] {dagbag.py:540} INFO - Filling up the DagBag from /home/airflow/.local/lib/python3.8/site-packages/airflow/example_dags/example_branch_day_of_week_operator.py
[2024-04-03T22:29:03.360+0000] {processor.py:840} INFO - DAG(s) 'example_weekday_branch_operator' retrieved from /home/airflow/.local/lib/python3.8/site-packages/airflow/example_dags/example_branch_day_of_week_operator.py
[2024-04-03T22:29:03.375+0000] {logging_mixin.py:188} INFO - [2024-04-03T22:29:03.375+0000] {dag.py:3047} INFO - Sync 1 DAGs
[2024-04-03T22:29:03.391+0000] {logging_mixin.py:188} INFO - [2024-04-03T22:29:03.391+0000] {dag.py:3834} INFO - Setting next_dagrun for example_weekday_branch_operator to 2024-04-02 00:00:00+00:00, run_after=2024-04-03 00:00:00+00:00
[2024-04-03T22:29:03.406+0000] {processor.py:183} INFO - Processing /home/airflow/.local/lib/python3.8/site-packages/airflow/example_dags/example_branch_day_of_week_operator.py took 0.057 seconds
[2024-04-03T22:29:33.655+0000] {processor.py:161} INFO - Started process (PID=580) to work on /home/airflow/.local/lib/python3.8/site-packages/airflow/example_dags/example_branch_day_of_week_operator.py
[2024-04-03T22:29:33.656+0000] {processor.py:830} INFO - Processing file /home/airflow/.local/lib/python3.8/site-packages/airflow/example_dags/example_branch_day_of_week_operator.py for tasks to queue
[2024-04-03T22:29:33.657+0000] {logging_mixin.py:188} INFO - [2024-04-03T22:29:33.657+0000] {dagbag.py:540} INFO - Filling up the DagBag from /home/airflow/.local/lib/python3.8/site-packages/airflow/example_dags/example_branch_day_of_week_operator.py
[2024-04-03T22:29:33.662+0000] {processor.py:840} INFO - DAG(s) 'example_weekday_branch_operator' retrieved from /home/airflow/.local/lib/python3.8/site-packages/airflow/example_dags/example_branch_day_of_week_operator.py
[2024-04-03T22:29:33.675+0000] {logging_mixin.py:188} INFO - [2024-04-03T22:29:33.675+0000] {dag.py:3047} INFO - Sync 1 DAGs
[2024-04-03T22:29:33.689+0000] {logging_mixin.py:188} INFO - [2024-04-03T22:29:33.689+0000] {dag.py:3834} INFO - Setting next_dagrun for example_weekday_branch_operator to 2024-04-02 00:00:00+00:00, run_after=2024-04-03 00:00:00+00:00
[2024-04-03T22:29:33.701+0000] {processor.py:183} INFO - Processing /home/airflow/.local/lib/python3.8/site-packages/airflow/example_dags/example_branch_day_of_week_operator.py took 0.048 seconds
[2024-04-03T22:30:04.069+0000] {processor.py:161} INFO - Started process (PID=635) to work on /home/airflow/.local/lib/python3.8/site-packages/airflow/example_dags/example_branch_day_of_week_operator.py
[2024-04-03T22:30:04.070+0000] {processor.py:830} INFO - Processing file /home/airflow/.local/lib/python3.8/site-packages/airflow/example_dags/example_branch_day_of_week_operator.py for tasks to queue
[2024-04-03T22:30:04.072+0000] {logging_mixin.py:188} INFO - [2024-04-03T22:30:04.071+0000] {dagbag.py:540} INFO - Filling up the DagBag from /home/airflow/.local/lib/python3.8/site-packages/airflow/example_dags/example_branch_day_of_week_operator.py
[2024-04-03T22:30:04.077+0000] {processor.py:840} INFO - DAG(s) 'example_weekday_branch_operator' retrieved from /home/airflow/.local/lib/python3.8/site-packages/airflow/example_dags/example_branch_day_of_week_operator.py
[2024-04-03T22:30:04.097+0000] {logging_mixin.py:188} INFO - [2024-04-03T22:30:04.097+0000] {dag.py:3047} INFO - Sync 1 DAGs
[2024-04-03T22:30:04.114+0000] {logging_mixin.py:188} INFO - [2024-04-03T22:30:04.114+0000] {dag.py:3834} INFO - Setting next_dagrun for example_weekday_branch_operator to 2024-04-02 00:00:00+00:00, run_after=2024-04-03 00:00:00+00:00
[2024-04-03T22:30:04.129+0000] {processor.py:183} INFO - Processing /home/airflow/.local/lib/python3.8/site-packages/airflow/example_dags/example_branch_day_of_week_operator.py took 0.062 seconds
[2024-04-03T22:30:34.498+0000] {processor.py:161} INFO - Started process (PID=690) to work on /home/airflow/.local/lib/python3.8/site-packages/airflow/example_dags/example_branch_day_of_week_operator.py
[2024-04-03T22:30:34.500+0000] {processor.py:830} INFO - Processing file /home/airflow/.local/lib/python3.8/site-packages/airflow/example_dags/example_branch_day_of_week_operator.py for tasks to queue
[2024-04-03T22:30:34.502+0000] {logging_mixin.py:188} INFO - [2024-04-03T22:30:34.501+0000] {dagbag.py:540} INFO - Filling up the DagBag from /home/airflow/.local/lib/python3.8/site-packages/airflow/example_dags/example_branch_day_of_week_operator.py
[2024-04-03T22:30:34.507+0000] {processor.py:840} INFO - DAG(s) 'example_weekday_branch_operator' retrieved from /home/airflow/.local/lib/python3.8/site-packages/airflow/example_dags/example_branch_day_of_week_operator.py
[2024-04-03T22:30:34.520+0000] {logging_mixin.py:188} INFO - [2024-04-03T22:30:34.520+0000] {dag.py:3047} INFO - Sync 1 DAGs
[2024-04-03T22:30:34.535+0000] {logging_mixin.py:188} INFO - [2024-04-03T22:30:34.534+0000] {dag.py:3834} INFO - Setting next_dagrun for example_weekday_branch_operator to 2024-04-02 00:00:00+00:00, run_after=2024-04-03 00:00:00+00:00
[2024-04-03T22:30:34.551+0000] {processor.py:183} INFO - Processing /home/airflow/.local/lib/python3.8/site-packages/airflow/example_dags/example_branch_day_of_week_operator.py took 0.055 seconds
[2024-04-03T22:31:05.124+0000] {processor.py:161} INFO - Started process (PID=745) to work on /home/airflow/.local/lib/python3.8/site-packages/airflow/example_dags/example_branch_day_of_week_operator.py
[2024-04-03T22:31:05.125+0000] {processor.py:830} INFO - Processing file /home/airflow/.local/lib/python3.8/site-packages/airflow/example_dags/example_branch_day_of_week_operator.py for tasks to queue
[2024-04-03T22:31:05.126+0000] {logging_mixin.py:188} INFO - [2024-04-03T22:31:05.126+0000] {dagbag.py:540} INFO - Filling up the DagBag from /home/airflow/.local/lib/python3.8/site-packages/airflow/example_dags/example_branch_day_of_week_operator.py
[2024-04-03T22:31:05.132+0000] {processor.py:840} INFO - DAG(s) 'example_weekday_branch_operator' retrieved from /home/airflow/.local/lib/python3.8/site-packages/airflow/example_dags/example_branch_day_of_week_operator.py
[2024-04-03T22:31:05.148+0000] {logging_mixin.py:188} INFO - [2024-04-03T22:31:05.147+0000] {dag.py:3047} INFO - Sync 1 DAGs
[2024-04-03T22:31:05.164+0000] {logging_mixin.py:188} INFO - [2024-04-03T22:31:05.164+0000] {dag.py:3834} INFO - Setting next_dagrun for example_weekday_branch_operator to 2024-04-02 00:00:00+00:00, run_after=2024-04-03 00:00:00+00:00
[2024-04-03T22:31:05.179+0000] {processor.py:183} INFO - Processing /home/airflow/.local/lib/python3.8/site-packages/airflow/example_dags/example_branch_day_of_week_operator.py took 0.057 seconds
[2024-04-03T22:31:35.411+0000] {processor.py:161} INFO - Started process (PID=800) to work on /home/airflow/.local/lib/python3.8/site-packages/airflow/example_dags/example_branch_day_of_week_operator.py
[2024-04-03T22:31:35.412+0000] {processor.py:830} INFO - Processing file /home/airflow/.local/lib/python3.8/site-packages/airflow/example_dags/example_branch_day_of_week_operator.py for tasks to queue
[2024-04-03T22:31:35.413+0000] {logging_mixin.py:188} INFO - [2024-04-03T22:31:35.413+0000] {dagbag.py:540} INFO - Filling up the DagBag from /home/airflow/.local/lib/python3.8/site-packages/airflow/example_dags/example_branch_day_of_week_operator.py
[2024-04-03T22:31:35.418+0000] {processor.py:840} INFO - DAG(s) 'example_weekday_branch_operator' retrieved from /home/airflow/.local/lib/python3.8/site-packages/airflow/example_dags/example_branch_day_of_week_operator.py
[2024-04-03T22:31:35.431+0000] {logging_mixin.py:188} INFO - [2024-04-03T22:31:35.431+0000] {dag.py:3047} INFO - Sync 1 DAGs
[2024-04-03T22:31:35.446+0000] {logging_mixin.py:188} INFO - [2024-04-03T22:31:35.446+0000] {dag.py:3834} INFO - Setting next_dagrun for example_weekday_branch_operator to 2024-04-02 00:00:00+00:00, run_after=2024-04-03 00:00:00+00:00
[2024-04-03T22:31:35.460+0000] {processor.py:183} INFO - Processing /home/airflow/.local/lib/python3.8/site-packages/airflow/example_dags/example_branch_day_of_week_operator.py took 0.052 seconds
[2024-04-03T22:32:55.473+0000] {processor.py:161} INFO - Started process (PID=85) to work on /home/airflow/.local/lib/python3.8/site-packages/airflow/example_dags/example_branch_day_of_week_operator.py
[2024-04-03T22:32:55.475+0000] {processor.py:830} INFO - Processing file /home/airflow/.local/lib/python3.8/site-packages/airflow/example_dags/example_branch_day_of_week_operator.py for tasks to queue
[2024-04-03T22:32:55.477+0000] {logging_mixin.py:188} INFO - [2024-04-03T22:32:55.476+0000] {dagbag.py:540} INFO - Filling up the DagBag from /home/airflow/.local/lib/python3.8/site-packages/airflow/example_dags/example_branch_day_of_week_operator.py
[2024-04-03T22:32:55.483+0000] {processor.py:840} INFO - DAG(s) 'example_weekday_branch_operator' retrieved from /home/airflow/.local/lib/python3.8/site-packages/airflow/example_dags/example_branch_day_of_week_operator.py
[2024-04-03T22:32:55.492+0000] {logging_mixin.py:188} INFO - [2024-04-03T22:32:55.492+0000] {dag.py:3047} INFO - Sync 1 DAGs
[2024-04-03T22:32:55.511+0000] {logging_mixin.py:188} INFO - [2024-04-03T22:32:55.511+0000] {dag.py:3834} INFO - Setting next_dagrun for example_weekday_branch_operator to 2024-04-02 00:00:00+00:00, run_after=2024-04-03 00:00:00+00:00
[2024-04-03T22:32:55.526+0000] {processor.py:183} INFO - Processing /home/airflow/.local/lib/python3.8/site-packages/airflow/example_dags/example_branch_day_of_week_operator.py took 0.055 seconds
[2024-04-03T22:33:26.739+0000] {processor.py:161} INFO - Started process (PID=140) to work on /home/airflow/.local/lib/python3.8/site-packages/airflow/example_dags/example_branch_day_of_week_operator.py
[2024-04-03T22:33:26.740+0000] {processor.py:830} INFO - Processing file /home/airflow/.local/lib/python3.8/site-packages/airflow/example_dags/example_branch_day_of_week_operator.py for tasks to queue
[2024-04-03T22:33:26.741+0000] {logging_mixin.py:188} INFO - [2024-04-03T22:33:26.741+0000] {dagbag.py:540} INFO - Filling up the DagBag from /home/airflow/.local/lib/python3.8/site-packages/airflow/example_dags/example_branch_day_of_week_operator.py
[2024-04-03T22:33:26.746+0000] {processor.py:840} INFO - DAG(s) 'example_weekday_branch_operator' retrieved from /home/airflow/.local/lib/python3.8/site-packages/airflow/example_dags/example_branch_day_of_week_operator.py
[2024-04-03T22:33:26.812+0000] {logging_mixin.py:188} INFO - [2024-04-03T22:33:26.812+0000] {dag.py:3047} INFO - Sync 1 DAGs
[2024-04-03T22:33:26.826+0000] {logging_mixin.py:188} INFO - [2024-04-03T22:33:26.826+0000] {dag.py:3834} INFO - Setting next_dagrun for example_weekday_branch_operator to 2024-04-02 00:00:00+00:00, run_after=2024-04-03 00:00:00+00:00
[2024-04-03T22:33:26.838+0000] {processor.py:183} INFO - Processing /home/airflow/.local/lib/python3.8/site-packages/airflow/example_dags/example_branch_day_of_week_operator.py took 0.101 seconds
[2024-04-03T22:33:57.746+0000] {processor.py:161} INFO - Started process (PID=195) to work on /home/airflow/.local/lib/python3.8/site-packages/airflow/example_dags/example_branch_day_of_week_operator.py
[2024-04-03T22:33:57.747+0000] {processor.py:830} INFO - Processing file /home/airflow/.local/lib/python3.8/site-packages/airflow/example_dags/example_branch_day_of_week_operator.py for tasks to queue
[2024-04-03T22:33:57.748+0000] {logging_mixin.py:188} INFO - [2024-04-03T22:33:57.748+0000] {dagbag.py:540} INFO - Filling up the DagBag from /home/airflow/.local/lib/python3.8/site-packages/airflow/example_dags/example_branch_day_of_week_operator.py
[2024-04-03T22:33:57.754+0000] {processor.py:840} INFO - DAG(s) 'example_weekday_branch_operator' retrieved from /home/airflow/.local/lib/python3.8/site-packages/airflow/example_dags/example_branch_day_of_week_operator.py
[2024-04-03T22:33:57.768+0000] {logging_mixin.py:188} INFO - [2024-04-03T22:33:57.768+0000] {dag.py:3047} INFO - Sync 1 DAGs
[2024-04-03T22:33:57.784+0000] {logging_mixin.py:188} INFO - [2024-04-03T22:33:57.784+0000] {dag.py:3834} INFO - Setting next_dagrun for example_weekday_branch_operator to 2024-04-02 00:00:00+00:00, run_after=2024-04-03 00:00:00+00:00
[2024-04-03T22:33:57.798+0000] {processor.py:183} INFO - Processing /home/airflow/.local/lib/python3.8/site-packages/airflow/example_dags/example_branch_day_of_week_operator.py took 0.054 seconds
[2024-04-03T22:34:28.054+0000] {processor.py:161} INFO - Started process (PID=250) to work on /home/airflow/.local/lib/python3.8/site-packages/airflow/example_dags/example_branch_day_of_week_operator.py
[2024-04-03T22:34:28.054+0000] {processor.py:830} INFO - Processing file /home/airflow/.local/lib/python3.8/site-packages/airflow/example_dags/example_branch_day_of_week_operator.py for tasks to queue
[2024-04-03T22:34:28.056+0000] {logging_mixin.py:188} INFO - [2024-04-03T22:34:28.056+0000] {dagbag.py:540} INFO - Filling up the DagBag from /home/airflow/.local/lib/python3.8/site-packages/airflow/example_dags/example_branch_day_of_week_operator.py
[2024-04-03T22:34:28.061+0000] {processor.py:840} INFO - DAG(s) 'example_weekday_branch_operator' retrieved from /home/airflow/.local/lib/python3.8/site-packages/airflow/example_dags/example_branch_day_of_week_operator.py
[2024-04-03T22:34:28.075+0000] {logging_mixin.py:188} INFO - [2024-04-03T22:34:28.075+0000] {dag.py:3047} INFO - Sync 1 DAGs
[2024-04-03T22:34:28.090+0000] {logging_mixin.py:188} INFO - [2024-04-03T22:34:28.090+0000] {dag.py:3834} INFO - Setting next_dagrun for example_weekday_branch_operator to 2024-04-02 00:00:00+00:00, run_after=2024-04-03 00:00:00+00:00
[2024-04-03T22:34:28.103+0000] {processor.py:183} INFO - Processing /home/airflow/.local/lib/python3.8/site-packages/airflow/example_dags/example_branch_day_of_week_operator.py took 0.052 seconds
[2024-04-03T22:34:58.507+0000] {processor.py:161} INFO - Started process (PID=305) to work on /home/airflow/.local/lib/python3.8/site-packages/airflow/example_dags/example_branch_day_of_week_operator.py
[2024-04-03T22:34:58.508+0000] {processor.py:830} INFO - Processing file /home/airflow/.local/lib/python3.8/site-packages/airflow/example_dags/example_branch_day_of_week_operator.py for tasks to queue
[2024-04-03T22:34:58.510+0000] {logging_mixin.py:188} INFO - [2024-04-03T22:34:58.509+0000] {dagbag.py:540} INFO - Filling up the DagBag from /home/airflow/.local/lib/python3.8/site-packages/airflow/example_dags/example_branch_day_of_week_operator.py
[2024-04-03T22:34:58.515+0000] {processor.py:840} INFO - DAG(s) 'example_weekday_branch_operator' retrieved from /home/airflow/.local/lib/python3.8/site-packages/airflow/example_dags/example_branch_day_of_week_operator.py
[2024-04-03T22:34:58.528+0000] {logging_mixin.py:188} INFO - [2024-04-03T22:34:58.528+0000] {dag.py:3047} INFO - Sync 1 DAGs
[2024-04-03T22:34:58.544+0000] {logging_mixin.py:188} INFO - [2024-04-03T22:34:58.543+0000] {dag.py:3834} INFO - Setting next_dagrun for example_weekday_branch_operator to 2024-04-02 00:00:00+00:00, run_after=2024-04-03 00:00:00+00:00
[2024-04-03T22:34:58.556+0000] {processor.py:183} INFO - Processing /home/airflow/.local/lib/python3.8/site-packages/airflow/example_dags/example_branch_day_of_week_operator.py took 0.051 seconds
[2024-04-03T22:35:28.967+0000] {processor.py:161} INFO - Started process (PID=360) to work on /home/airflow/.local/lib/python3.8/site-packages/airflow/example_dags/example_branch_day_of_week_operator.py
[2024-04-03T22:35:28.968+0000] {processor.py:830} INFO - Processing file /home/airflow/.local/lib/python3.8/site-packages/airflow/example_dags/example_branch_day_of_week_operator.py for tasks to queue
[2024-04-03T22:35:28.970+0000] {logging_mixin.py:188} INFO - [2024-04-03T22:35:28.969+0000] {dagbag.py:540} INFO - Filling up the DagBag from /home/airflow/.local/lib/python3.8/site-packages/airflow/example_dags/example_branch_day_of_week_operator.py
[2024-04-03T22:35:28.975+0000] {processor.py:840} INFO - DAG(s) 'example_weekday_branch_operator' retrieved from /home/airflow/.local/lib/python3.8/site-packages/airflow/example_dags/example_branch_day_of_week_operator.py
[2024-04-03T22:35:28.988+0000] {logging_mixin.py:188} INFO - [2024-04-03T22:35:28.988+0000] {dag.py:3047} INFO - Sync 1 DAGs
[2024-04-03T22:35:29.004+0000] {logging_mixin.py:188} INFO - [2024-04-03T22:35:29.003+0000] {dag.py:3834} INFO - Setting next_dagrun for example_weekday_branch_operator to 2024-04-02 00:00:00+00:00, run_after=2024-04-03 00:00:00+00:00
[2024-04-03T22:35:29.016+0000] {processor.py:183} INFO - Processing /home/airflow/.local/lib/python3.8/site-packages/airflow/example_dags/example_branch_day_of_week_operator.py took 0.050 seconds
[2024-04-03T22:35:59.447+0000] {processor.py:161} INFO - Started process (PID=415) to work on /home/airflow/.local/lib/python3.8/site-packages/airflow/example_dags/example_branch_day_of_week_operator.py
[2024-04-03T22:35:59.448+0000] {processor.py:830} INFO - Processing file /home/airflow/.local/lib/python3.8/site-packages/airflow/example_dags/example_branch_day_of_week_operator.py for tasks to queue
[2024-04-03T22:35:59.450+0000] {logging_mixin.py:188} INFO - [2024-04-03T22:35:59.450+0000] {dagbag.py:540} INFO - Filling up the DagBag from /home/airflow/.local/lib/python3.8/site-packages/airflow/example_dags/example_branch_day_of_week_operator.py
[2024-04-03T22:35:59.460+0000] {processor.py:840} INFO - DAG(s) 'example_weekday_branch_operator' retrieved from /home/airflow/.local/lib/python3.8/site-packages/airflow/example_dags/example_branch_day_of_week_operator.py
[2024-04-03T22:35:59.477+0000] {logging_mixin.py:188} INFO - [2024-04-03T22:35:59.477+0000] {dag.py:3047} INFO - Sync 1 DAGs
[2024-04-03T22:35:59.494+0000] {logging_mixin.py:188} INFO - [2024-04-03T22:35:59.494+0000] {dag.py:3834} INFO - Setting next_dagrun for example_weekday_branch_operator to 2024-04-02 00:00:00+00:00, run_after=2024-04-03 00:00:00+00:00
[2024-04-03T22:35:59.506+0000] {processor.py:183} INFO - Processing /home/airflow/.local/lib/python3.8/site-packages/airflow/example_dags/example_branch_day_of_week_operator.py took 0.061 seconds
[2024-04-03T22:36:29.902+0000] {processor.py:161} INFO - Started process (PID=470) to work on /home/airflow/.local/lib/python3.8/site-packages/airflow/example_dags/example_branch_day_of_week_operator.py
[2024-04-03T22:36:29.903+0000] {processor.py:830} INFO - Processing file /home/airflow/.local/lib/python3.8/site-packages/airflow/example_dags/example_branch_day_of_week_operator.py for tasks to queue
[2024-04-03T22:36:29.905+0000] {logging_mixin.py:188} INFO - [2024-04-03T22:36:29.904+0000] {dagbag.py:540} INFO - Filling up the DagBag from /home/airflow/.local/lib/python3.8/site-packages/airflow/example_dags/example_branch_day_of_week_operator.py
[2024-04-03T22:36:29.909+0000] {processor.py:840} INFO - DAG(s) 'example_weekday_branch_operator' retrieved from /home/airflow/.local/lib/python3.8/site-packages/airflow/example_dags/example_branch_day_of_week_operator.py
[2024-04-03T22:36:29.925+0000] {logging_mixin.py:188} INFO - [2024-04-03T22:36:29.924+0000] {dag.py:3047} INFO - Sync 1 DAGs
[2024-04-03T22:36:29.942+0000] {logging_mixin.py:188} INFO - [2024-04-03T22:36:29.941+0000] {dag.py:3834} INFO - Setting next_dagrun for example_weekday_branch_operator to 2024-04-02 00:00:00+00:00, run_after=2024-04-03 00:00:00+00:00
[2024-04-03T22:36:29.955+0000] {processor.py:183} INFO - Processing /home/airflow/.local/lib/python3.8/site-packages/airflow/example_dags/example_branch_day_of_week_operator.py took 0.055 seconds
[2024-04-03T22:37:00.145+0000] {processor.py:161} INFO - Started process (PID=525) to work on /home/airflow/.local/lib/python3.8/site-packages/airflow/example_dags/example_branch_day_of_week_operator.py
[2024-04-03T22:37:00.147+0000] {processor.py:830} INFO - Processing file /home/airflow/.local/lib/python3.8/site-packages/airflow/example_dags/example_branch_day_of_week_operator.py for tasks to queue
[2024-04-03T22:37:00.148+0000] {logging_mixin.py:188} INFO - [2024-04-03T22:37:00.148+0000] {dagbag.py:540} INFO - Filling up the DagBag from /home/airflow/.local/lib/python3.8/site-packages/airflow/example_dags/example_branch_day_of_week_operator.py
[2024-04-03T22:37:00.154+0000] {processor.py:840} INFO - DAG(s) 'example_weekday_branch_operator' retrieved from /home/airflow/.local/lib/python3.8/site-packages/airflow/example_dags/example_branch_day_of_week_operator.py
[2024-04-03T22:37:00.168+0000] {logging_mixin.py:188} INFO - [2024-04-03T22:37:00.168+0000] {dag.py:3047} INFO - Sync 1 DAGs
[2024-04-03T22:37:00.184+0000] {logging_mixin.py:188} INFO - [2024-04-03T22:37:00.184+0000] {dag.py:3834} INFO - Setting next_dagrun for example_weekday_branch_operator to 2024-04-02 00:00:00+00:00, run_after=2024-04-03 00:00:00+00:00
[2024-04-03T22:37:00.199+0000] {processor.py:183} INFO - Processing /home/airflow/.local/lib/python3.8/site-packages/airflow/example_dags/example_branch_day_of_week_operator.py took 0.056 seconds
[2024-04-03T22:37:30.751+0000] {processor.py:161} INFO - Started process (PID=579) to work on /home/airflow/.local/lib/python3.8/site-packages/airflow/example_dags/example_branch_day_of_week_operator.py
[2024-04-03T22:37:30.752+0000] {processor.py:830} INFO - Processing file /home/airflow/.local/lib/python3.8/site-packages/airflow/example_dags/example_branch_day_of_week_operator.py for tasks to queue
[2024-04-03T22:37:30.754+0000] {logging_mixin.py:188} INFO - [2024-04-03T22:37:30.753+0000] {dagbag.py:540} INFO - Filling up the DagBag from /home/airflow/.local/lib/python3.8/site-packages/airflow/example_dags/example_branch_day_of_week_operator.py
[2024-04-03T22:37:30.759+0000] {processor.py:840} INFO - DAG(s) 'example_weekday_branch_operator' retrieved from /home/airflow/.local/lib/python3.8/site-packages/airflow/example_dags/example_branch_day_of_week_operator.py
[2024-04-03T22:37:30.773+0000] {logging_mixin.py:188} INFO - [2024-04-03T22:37:30.773+0000] {dag.py:3047} INFO - Sync 1 DAGs
[2024-04-03T22:37:30.789+0000] {logging_mixin.py:188} INFO - [2024-04-03T22:37:30.789+0000] {dag.py:3834} INFO - Setting next_dagrun for example_weekday_branch_operator to 2024-04-02 00:00:00+00:00, run_after=2024-04-03 00:00:00+00:00
[2024-04-03T22:37:30.802+0000] {processor.py:183} INFO - Processing /home/airflow/.local/lib/python3.8/site-packages/airflow/example_dags/example_branch_day_of_week_operator.py took 0.053 seconds
[2024-04-03T22:38:01.163+0000] {processor.py:161} INFO - Started process (PID=635) to work on /home/airflow/.local/lib/python3.8/site-packages/airflow/example_dags/example_branch_day_of_week_operator.py
[2024-04-03T22:38:01.164+0000] {processor.py:830} INFO - Processing file /home/airflow/.local/lib/python3.8/site-packages/airflow/example_dags/example_branch_day_of_week_operator.py for tasks to queue
[2024-04-03T22:38:01.165+0000] {logging_mixin.py:188} INFO - [2024-04-03T22:38:01.165+0000] {dagbag.py:540} INFO - Filling up the DagBag from /home/airflow/.local/lib/python3.8/site-packages/airflow/example_dags/example_branch_day_of_week_operator.py
[2024-04-03T22:38:01.170+0000] {processor.py:840} INFO - DAG(s) 'example_weekday_branch_operator' retrieved from /home/airflow/.local/lib/python3.8/site-packages/airflow/example_dags/example_branch_day_of_week_operator.py
[2024-04-03T22:38:01.184+0000] {logging_mixin.py:188} INFO - [2024-04-03T22:38:01.184+0000] {dag.py:3047} INFO - Sync 1 DAGs
[2024-04-03T22:38:01.199+0000] {logging_mixin.py:188} INFO - [2024-04-03T22:38:01.199+0000] {dag.py:3834} INFO - Setting next_dagrun for example_weekday_branch_operator to 2024-04-02 00:00:00+00:00, run_after=2024-04-03 00:00:00+00:00
[2024-04-03T22:38:01.214+0000] {processor.py:183} INFO - Processing /home/airflow/.local/lib/python3.8/site-packages/airflow/example_dags/example_branch_day_of_week_operator.py took 0.053 seconds
[2024-04-03T22:38:31.575+0000] {processor.py:161} INFO - Started process (PID=690) to work on /home/airflow/.local/lib/python3.8/site-packages/airflow/example_dags/example_branch_day_of_week_operator.py
[2024-04-03T22:38:31.576+0000] {processor.py:830} INFO - Processing file /home/airflow/.local/lib/python3.8/site-packages/airflow/example_dags/example_branch_day_of_week_operator.py for tasks to queue
[2024-04-03T22:38:31.578+0000] {logging_mixin.py:188} INFO - [2024-04-03T22:38:31.577+0000] {dagbag.py:540} INFO - Filling up the DagBag from /home/airflow/.local/lib/python3.8/site-packages/airflow/example_dags/example_branch_day_of_week_operator.py
[2024-04-03T22:38:31.583+0000] {processor.py:840} INFO - DAG(s) 'example_weekday_branch_operator' retrieved from /home/airflow/.local/lib/python3.8/site-packages/airflow/example_dags/example_branch_day_of_week_operator.py
[2024-04-03T22:38:31.598+0000] {logging_mixin.py:188} INFO - [2024-04-03T22:38:31.597+0000] {dag.py:3047} INFO - Sync 1 DAGs
[2024-04-03T22:38:31.615+0000] {logging_mixin.py:188} INFO - [2024-04-03T22:38:31.615+0000] {dag.py:3834} INFO - Setting next_dagrun for example_weekday_branch_operator to 2024-04-02 00:00:00+00:00, run_after=2024-04-03 00:00:00+00:00
[2024-04-03T22:38:31.630+0000] {processor.py:183} INFO - Processing /home/airflow/.local/lib/python3.8/site-packages/airflow/example_dags/example_branch_day_of_week_operator.py took 0.057 seconds
[2024-04-03T22:39:01.675+0000] {processor.py:161} INFO - Started process (PID=745) to work on /home/airflow/.local/lib/python3.8/site-packages/airflow/example_dags/example_branch_day_of_week_operator.py
[2024-04-03T22:39:01.676+0000] {processor.py:830} INFO - Processing file /home/airflow/.local/lib/python3.8/site-packages/airflow/example_dags/example_branch_day_of_week_operator.py for tasks to queue
[2024-04-03T22:39:01.677+0000] {logging_mixin.py:188} INFO - [2024-04-03T22:39:01.677+0000] {dagbag.py:540} INFO - Filling up the DagBag from /home/airflow/.local/lib/python3.8/site-packages/airflow/example_dags/example_branch_day_of_week_operator.py
[2024-04-03T22:39:01.682+0000] {processor.py:840} INFO - DAG(s) 'example_weekday_branch_operator' retrieved from /home/airflow/.local/lib/python3.8/site-packages/airflow/example_dags/example_branch_day_of_week_operator.py
[2024-04-03T22:39:01.697+0000] {logging_mixin.py:188} INFO - [2024-04-03T22:39:01.697+0000] {dag.py:3047} INFO - Sync 1 DAGs
[2024-04-03T22:39:01.712+0000] {logging_mixin.py:188} INFO - [2024-04-03T22:39:01.711+0000] {dag.py:3834} INFO - Setting next_dagrun for example_weekday_branch_operator to 2024-04-02 00:00:00+00:00, run_after=2024-04-03 00:00:00+00:00
[2024-04-03T22:39:01.728+0000] {processor.py:183} INFO - Processing /home/airflow/.local/lib/python3.8/site-packages/airflow/example_dags/example_branch_day_of_week_operator.py took 0.055 seconds
[2024-04-03T22:39:31.938+0000] {processor.py:161} INFO - Started process (PID=799) to work on /home/airflow/.local/lib/python3.8/site-packages/airflow/example_dags/example_branch_day_of_week_operator.py
[2024-04-03T22:39:31.939+0000] {processor.py:830} INFO - Processing file /home/airflow/.local/lib/python3.8/site-packages/airflow/example_dags/example_branch_day_of_week_operator.py for tasks to queue
[2024-04-03T22:39:31.942+0000] {logging_mixin.py:188} INFO - [2024-04-03T22:39:31.941+0000] {dagbag.py:540} INFO - Filling up the DagBag from /home/airflow/.local/lib/python3.8/site-packages/airflow/example_dags/example_branch_day_of_week_operator.py
[2024-04-03T22:39:31.949+0000] {processor.py:840} INFO - DAG(s) 'example_weekday_branch_operator' retrieved from /home/airflow/.local/lib/python3.8/site-packages/airflow/example_dags/example_branch_day_of_week_operator.py
[2024-04-03T22:39:31.964+0000] {logging_mixin.py:188} INFO - [2024-04-03T22:39:31.964+0000] {dag.py:3047} INFO - Sync 1 DAGs
[2024-04-03T22:39:31.981+0000] {logging_mixin.py:188} INFO - [2024-04-03T22:39:31.981+0000] {dag.py:3834} INFO - Setting next_dagrun for example_weekday_branch_operator to 2024-04-02 00:00:00+00:00, run_after=2024-04-03 00:00:00+00:00
[2024-04-03T22:39:31.994+0000] {processor.py:183} INFO - Processing /home/airflow/.local/lib/python3.8/site-packages/airflow/example_dags/example_branch_day_of_week_operator.py took 0.060 seconds
[2024-04-03T22:40:02.346+0000] {processor.py:161} INFO - Started process (PID=854) to work on /home/airflow/.local/lib/python3.8/site-packages/airflow/example_dags/example_branch_day_of_week_operator.py
[2024-04-03T22:40:02.347+0000] {processor.py:830} INFO - Processing file /home/airflow/.local/lib/python3.8/site-packages/airflow/example_dags/example_branch_day_of_week_operator.py for tasks to queue
[2024-04-03T22:40:02.349+0000] {logging_mixin.py:188} INFO - [2024-04-03T22:40:02.349+0000] {dagbag.py:540} INFO - Filling up the DagBag from /home/airflow/.local/lib/python3.8/site-packages/airflow/example_dags/example_branch_day_of_week_operator.py
[2024-04-03T22:40:02.357+0000] {processor.py:840} INFO - DAG(s) 'example_weekday_branch_operator' retrieved from /home/airflow/.local/lib/python3.8/site-packages/airflow/example_dags/example_branch_day_of_week_operator.py
[2024-04-03T22:40:02.373+0000] {logging_mixin.py:188} INFO - [2024-04-03T22:40:02.373+0000] {dag.py:3047} INFO - Sync 1 DAGs
[2024-04-03T22:40:02.391+0000] {logging_mixin.py:188} INFO - [2024-04-03T22:40:02.390+0000] {dag.py:3834} INFO - Setting next_dagrun for example_weekday_branch_operator to 2024-04-02 00:00:00+00:00, run_after=2024-04-03 00:00:00+00:00
[2024-04-03T22:40:02.405+0000] {processor.py:183} INFO - Processing /home/airflow/.local/lib/python3.8/site-packages/airflow/example_dags/example_branch_day_of_week_operator.py took 0.062 seconds
[2024-04-03T22:40:32.695+0000] {processor.py:161} INFO - Started process (PID=909) to work on /home/airflow/.local/lib/python3.8/site-packages/airflow/example_dags/example_branch_day_of_week_operator.py
[2024-04-03T22:40:32.696+0000] {processor.py:830} INFO - Processing file /home/airflow/.local/lib/python3.8/site-packages/airflow/example_dags/example_branch_day_of_week_operator.py for tasks to queue
[2024-04-03T22:40:32.697+0000] {logging_mixin.py:188} INFO - [2024-04-03T22:40:32.697+0000] {dagbag.py:540} INFO - Filling up the DagBag from /home/airflow/.local/lib/python3.8/site-packages/airflow/example_dags/example_branch_day_of_week_operator.py
[2024-04-03T22:40:32.702+0000] {processor.py:840} INFO - DAG(s) 'example_weekday_branch_operator' retrieved from /home/airflow/.local/lib/python3.8/site-packages/airflow/example_dags/example_branch_day_of_week_operator.py
[2024-04-03T22:40:32.717+0000] {logging_mixin.py:188} INFO - [2024-04-03T22:40:32.717+0000] {dag.py:3047} INFO - Sync 1 DAGs
[2024-04-03T22:40:32.732+0000] {logging_mixin.py:188} INFO - [2024-04-03T22:40:32.731+0000] {dag.py:3834} INFO - Setting next_dagrun for example_weekday_branch_operator to 2024-04-02 00:00:00+00:00, run_after=2024-04-03 00:00:00+00:00
[2024-04-03T22:40:32.743+0000] {processor.py:183} INFO - Processing /home/airflow/.local/lib/python3.8/site-packages/airflow/example_dags/example_branch_day_of_week_operator.py took 0.050 seconds
[2024-04-03T22:41:03.036+0000] {processor.py:161} INFO - Started process (PID=964) to work on /home/airflow/.local/lib/python3.8/site-packages/airflow/example_dags/example_branch_day_of_week_operator.py
[2024-04-03T22:41:03.037+0000] {processor.py:830} INFO - Processing file /home/airflow/.local/lib/python3.8/site-packages/airflow/example_dags/example_branch_day_of_week_operator.py for tasks to queue
[2024-04-03T22:41:03.038+0000] {logging_mixin.py:188} INFO - [2024-04-03T22:41:03.038+0000] {dagbag.py:540} INFO - Filling up the DagBag from /home/airflow/.local/lib/python3.8/site-packages/airflow/example_dags/example_branch_day_of_week_operator.py
[2024-04-03T22:41:03.043+0000] {processor.py:840} INFO - DAG(s) 'example_weekday_branch_operator' retrieved from /home/airflow/.local/lib/python3.8/site-packages/airflow/example_dags/example_branch_day_of_week_operator.py
[2024-04-03T22:41:03.057+0000] {logging_mixin.py:188} INFO - [2024-04-03T22:41:03.057+0000] {dag.py:3047} INFO - Sync 1 DAGs
[2024-04-03T22:41:03.074+0000] {logging_mixin.py:188} INFO - [2024-04-03T22:41:03.074+0000] {dag.py:3834} INFO - Setting next_dagrun for example_weekday_branch_operator to 2024-04-02 00:00:00+00:00, run_after=2024-04-03 00:00:00+00:00
[2024-04-03T22:41:03.087+0000] {processor.py:183} INFO - Processing /home/airflow/.local/lib/python3.8/site-packages/airflow/example_dags/example_branch_day_of_week_operator.py took 0.053 seconds
[2024-04-03T22:41:33.520+0000] {processor.py:161} INFO - Started process (PID=1019) to work on /home/airflow/.local/lib/python3.8/site-packages/airflow/example_dags/example_branch_day_of_week_operator.py
[2024-04-03T22:41:33.521+0000] {processor.py:830} INFO - Processing file /home/airflow/.local/lib/python3.8/site-packages/airflow/example_dags/example_branch_day_of_week_operator.py for tasks to queue
[2024-04-03T22:41:33.523+0000] {logging_mixin.py:188} INFO - [2024-04-03T22:41:33.523+0000] {dagbag.py:540} INFO - Filling up the DagBag from /home/airflow/.local/lib/python3.8/site-packages/airflow/example_dags/example_branch_day_of_week_operator.py
[2024-04-03T22:41:33.528+0000] {processor.py:840} INFO - DAG(s) 'example_weekday_branch_operator' retrieved from /home/airflow/.local/lib/python3.8/site-packages/airflow/example_dags/example_branch_day_of_week_operator.py
[2024-04-03T22:41:33.543+0000] {logging_mixin.py:188} INFO - [2024-04-03T22:41:33.543+0000] {dag.py:3047} INFO - Sync 1 DAGs
[2024-04-03T22:41:33.558+0000] {logging_mixin.py:188} INFO - [2024-04-03T22:41:33.558+0000] {dag.py:3834} INFO - Setting next_dagrun for example_weekday_branch_operator to 2024-04-02 00:00:00+00:00, run_after=2024-04-03 00:00:00+00:00
[2024-04-03T22:41:33.571+0000] {processor.py:183} INFO - Processing /home/airflow/.local/lib/python3.8/site-packages/airflow/example_dags/example_branch_day_of_week_operator.py took 0.052 seconds
[2024-04-03T22:42:04.086+0000] {processor.py:161} INFO - Started process (PID=1074) to work on /home/airflow/.local/lib/python3.8/site-packages/airflow/example_dags/example_branch_day_of_week_operator.py
[2024-04-03T22:42:04.087+0000] {processor.py:830} INFO - Processing file /home/airflow/.local/lib/python3.8/site-packages/airflow/example_dags/example_branch_day_of_week_operator.py for tasks to queue
[2024-04-03T22:42:04.088+0000] {logging_mixin.py:188} INFO - [2024-04-03T22:42:04.088+0000] {dagbag.py:540} INFO - Filling up the DagBag from /home/airflow/.local/lib/python3.8/site-packages/airflow/example_dags/example_branch_day_of_week_operator.py
[2024-04-03T22:42:04.095+0000] {processor.py:840} INFO - DAG(s) 'example_weekday_branch_operator' retrieved from /home/airflow/.local/lib/python3.8/site-packages/airflow/example_dags/example_branch_day_of_week_operator.py
[2024-04-03T22:42:04.110+0000] {logging_mixin.py:188} INFO - [2024-04-03T22:42:04.110+0000] {dag.py:3047} INFO - Sync 1 DAGs
[2024-04-03T22:42:04.126+0000] {logging_mixin.py:188} INFO - [2024-04-03T22:42:04.125+0000] {dag.py:3834} INFO - Setting next_dagrun for example_weekday_branch_operator to 2024-04-02 00:00:00+00:00, run_after=2024-04-03 00:00:00+00:00
[2024-04-03T22:42:04.140+0000] {processor.py:183} INFO - Processing /home/airflow/.local/lib/python3.8/site-packages/airflow/example_dags/example_branch_day_of_week_operator.py took 0.056 seconds
[2024-04-03T22:42:34.416+0000] {processor.py:161} INFO - Started process (PID=1129) to work on /home/airflow/.local/lib/python3.8/site-packages/airflow/example_dags/example_branch_day_of_week_operator.py
[2024-04-03T22:42:34.417+0000] {processor.py:830} INFO - Processing file /home/airflow/.local/lib/python3.8/site-packages/airflow/example_dags/example_branch_day_of_week_operator.py for tasks to queue
[2024-04-03T22:42:34.419+0000] {logging_mixin.py:188} INFO - [2024-04-03T22:42:34.419+0000] {dagbag.py:540} INFO - Filling up the DagBag from /home/airflow/.local/lib/python3.8/site-packages/airflow/example_dags/example_branch_day_of_week_operator.py
[2024-04-03T22:42:34.426+0000] {processor.py:840} INFO - DAG(s) 'example_weekday_branch_operator' retrieved from /home/airflow/.local/lib/python3.8/site-packages/airflow/example_dags/example_branch_day_of_week_operator.py
[2024-04-03T22:42:34.445+0000] {logging_mixin.py:188} INFO - [2024-04-03T22:42:34.445+0000] {dag.py:3047} INFO - Sync 1 DAGs
[2024-04-03T22:42:34.462+0000] {logging_mixin.py:188} INFO - [2024-04-03T22:42:34.461+0000] {dag.py:3834} INFO - Setting next_dagrun for example_weekday_branch_operator to 2024-04-02 00:00:00+00:00, run_after=2024-04-03 00:00:00+00:00
[2024-04-03T22:42:34.477+0000] {processor.py:183} INFO - Processing /home/airflow/.local/lib/python3.8/site-packages/airflow/example_dags/example_branch_day_of_week_operator.py took 0.063 seconds
