[2024-04-03T22:24:58.831+0000] {processor.py:161} INFO - Started process (PID=66) to work on /home/airflow/.local/lib/python3.8/site-packages/airflow/example_dags/example_task_group_decorator.py
[2024-04-03T22:24:58.832+0000] {processor.py:830} INFO - Processing file /home/airflow/.local/lib/python3.8/site-packages/airflow/example_dags/example_task_group_decorator.py for tasks to queue
[2024-04-03T22:24:58.835+0000] {logging_mixin.py:188} INFO - [2024-04-03T22:24:58.834+0000] {dagbag.py:540} INFO - Filling up the DagBag from /home/airflow/.local/lib/python3.8/site-packages/airflow/example_dags/example_task_group_decorator.py
[2024-04-03T22:24:58.848+0000] {processor.py:840} INFO - DAG(s) 'example_task_group_decorator' retrieved from /home/airflow/.local/lib/python3.8/site-packages/airflow/example_dags/example_task_group_decorator.py
[2024-04-03T22:24:58.862+0000] {logging_mixin.py:188} INFO - [2024-04-03T22:24:58.862+0000] {dag.py:3047} INFO - Sync 1 DAGs
[2024-04-03T22:24:58.883+0000] {logging_mixin.py:188} INFO - [2024-04-03T22:24:58.882+0000] {dag.py:3834} INFO - Setting next_dagrun for example_task_group_decorator to 2024-04-02 00:00:00+00:00, run_after=2024-04-03 00:00:00+00:00
[2024-04-03T22:24:58.906+0000] {processor.py:183} INFO - Processing /home/airflow/.local/lib/python3.8/site-packages/airflow/example_dags/example_task_group_decorator.py took 0.077 seconds
[2024-04-03T22:25:29.210+0000] {processor.py:161} INFO - Started process (PID=121) to work on /home/airflow/.local/lib/python3.8/site-packages/airflow/example_dags/example_task_group_decorator.py
[2024-04-03T22:25:29.211+0000] {processor.py:830} INFO - Processing file /home/airflow/.local/lib/python3.8/site-packages/airflow/example_dags/example_task_group_decorator.py for tasks to queue
[2024-04-03T22:25:29.212+0000] {logging_mixin.py:188} INFO - [2024-04-03T22:25:29.212+0000] {dagbag.py:540} INFO - Filling up the DagBag from /home/airflow/.local/lib/python3.8/site-packages/airflow/example_dags/example_task_group_decorator.py
[2024-04-03T22:25:29.222+0000] {processor.py:840} INFO - DAG(s) 'example_task_group_decorator' retrieved from /home/airflow/.local/lib/python3.8/site-packages/airflow/example_dags/example_task_group_decorator.py
[2024-04-03T22:25:29.283+0000] {logging_mixin.py:188} INFO - [2024-04-03T22:25:29.283+0000] {dag.py:3047} INFO - Sync 1 DAGs
[2024-04-03T22:25:29.295+0000] {logging_mixin.py:188} INFO - [2024-04-03T22:25:29.295+0000] {dag.py:3834} INFO - Setting next_dagrun for example_task_group_decorator to 2024-04-02 00:00:00+00:00, run_after=2024-04-03 00:00:00+00:00
[2024-04-03T22:25:29.308+0000] {processor.py:183} INFO - Processing /home/airflow/.local/lib/python3.8/site-packages/airflow/example_dags/example_task_group_decorator.py took 0.100 seconds
[2024-04-03T22:26:00.181+0000] {processor.py:161} INFO - Started process (PID=176) to work on /home/airflow/.local/lib/python3.8/site-packages/airflow/example_dags/example_task_group_decorator.py
[2024-04-03T22:26:00.182+0000] {processor.py:830} INFO - Processing file /home/airflow/.local/lib/python3.8/site-packages/airflow/example_dags/example_task_group_decorator.py for tasks to queue
[2024-04-03T22:26:00.184+0000] {logging_mixin.py:188} INFO - [2024-04-03T22:26:00.183+0000] {dagbag.py:540} INFO - Filling up the DagBag from /home/airflow/.local/lib/python3.8/site-packages/airflow/example_dags/example_task_group_decorator.py
[2024-04-03T22:26:00.194+0000] {processor.py:840} INFO - DAG(s) 'example_task_group_decorator' retrieved from /home/airflow/.local/lib/python3.8/site-packages/airflow/example_dags/example_task_group_decorator.py
[2024-04-03T22:26:00.212+0000] {logging_mixin.py:188} INFO - [2024-04-03T22:26:00.212+0000] {dag.py:3047} INFO - Sync 1 DAGs
[2024-04-03T22:26:00.229+0000] {logging_mixin.py:188} INFO - [2024-04-03T22:26:00.228+0000] {dag.py:3834} INFO - Setting next_dagrun for example_task_group_decorator to 2024-04-02 00:00:00+00:00, run_after=2024-04-03 00:00:00+00:00
[2024-04-03T22:26:00.245+0000] {processor.py:183} INFO - Processing /home/airflow/.local/lib/python3.8/site-packages/airflow/example_dags/example_task_group_decorator.py took 0.066 seconds
[2024-04-03T22:26:30.426+0000] {processor.py:161} INFO - Started process (PID=231) to work on /home/airflow/.local/lib/python3.8/site-packages/airflow/example_dags/example_task_group_decorator.py
[2024-04-03T22:26:30.427+0000] {processor.py:830} INFO - Processing file /home/airflow/.local/lib/python3.8/site-packages/airflow/example_dags/example_task_group_decorator.py for tasks to queue
[2024-04-03T22:26:30.429+0000] {logging_mixin.py:188} INFO - [2024-04-03T22:26:30.428+0000] {dagbag.py:540} INFO - Filling up the DagBag from /home/airflow/.local/lib/python3.8/site-packages/airflow/example_dags/example_task_group_decorator.py
[2024-04-03T22:26:30.439+0000] {processor.py:840} INFO - DAG(s) 'example_task_group_decorator' retrieved from /home/airflow/.local/lib/python3.8/site-packages/airflow/example_dags/example_task_group_decorator.py
[2024-04-03T22:26:30.458+0000] {logging_mixin.py:188} INFO - [2024-04-03T22:26:30.458+0000] {dag.py:3047} INFO - Sync 1 DAGs
[2024-04-03T22:26:30.474+0000] {logging_mixin.py:188} INFO - [2024-04-03T22:26:30.474+0000] {dag.py:3834} INFO - Setting next_dagrun for example_task_group_decorator to 2024-04-02 00:00:00+00:00, run_after=2024-04-03 00:00:00+00:00
[2024-04-03T22:26:30.491+0000] {processor.py:183} INFO - Processing /home/airflow/.local/lib/python3.8/site-packages/airflow/example_dags/example_task_group_decorator.py took 0.068 seconds
[2024-04-03T22:27:01.067+0000] {processor.py:161} INFO - Started process (PID=286) to work on /home/airflow/.local/lib/python3.8/site-packages/airflow/example_dags/example_task_group_decorator.py
[2024-04-03T22:27:01.068+0000] {processor.py:830} INFO - Processing file /home/airflow/.local/lib/python3.8/site-packages/airflow/example_dags/example_task_group_decorator.py for tasks to queue
[2024-04-03T22:27:01.070+0000] {logging_mixin.py:188} INFO - [2024-04-03T22:27:01.070+0000] {dagbag.py:540} INFO - Filling up the DagBag from /home/airflow/.local/lib/python3.8/site-packages/airflow/example_dags/example_task_group_decorator.py
[2024-04-03T22:27:01.079+0000] {processor.py:840} INFO - DAG(s) 'example_task_group_decorator' retrieved from /home/airflow/.local/lib/python3.8/site-packages/airflow/example_dags/example_task_group_decorator.py
[2024-04-03T22:27:01.096+0000] {logging_mixin.py:188} INFO - [2024-04-03T22:27:01.096+0000] {dag.py:3047} INFO - Sync 1 DAGs
[2024-04-03T22:27:01.110+0000] {logging_mixin.py:188} INFO - [2024-04-03T22:27:01.110+0000] {dag.py:3834} INFO - Setting next_dagrun for example_task_group_decorator to 2024-04-02 00:00:00+00:00, run_after=2024-04-03 00:00:00+00:00
[2024-04-03T22:27:01.122+0000] {processor.py:183} INFO - Processing /home/airflow/.local/lib/python3.8/site-packages/airflow/example_dags/example_task_group_decorator.py took 0.058 seconds
[2024-04-03T22:27:31.462+0000] {processor.py:161} INFO - Started process (PID=341) to work on /home/airflow/.local/lib/python3.8/site-packages/airflow/example_dags/example_task_group_decorator.py
[2024-04-03T22:27:31.463+0000] {processor.py:830} INFO - Processing file /home/airflow/.local/lib/python3.8/site-packages/airflow/example_dags/example_task_group_decorator.py for tasks to queue
[2024-04-03T22:27:31.465+0000] {logging_mixin.py:188} INFO - [2024-04-03T22:27:31.465+0000] {dagbag.py:540} INFO - Filling up the DagBag from /home/airflow/.local/lib/python3.8/site-packages/airflow/example_dags/example_task_group_decorator.py
[2024-04-03T22:27:31.475+0000] {processor.py:840} INFO - DAG(s) 'example_task_group_decorator' retrieved from /home/airflow/.local/lib/python3.8/site-packages/airflow/example_dags/example_task_group_decorator.py
[2024-04-03T22:27:31.492+0000] {logging_mixin.py:188} INFO - [2024-04-03T22:27:31.491+0000] {dag.py:3047} INFO - Sync 1 DAGs
[2024-04-03T22:27:31.508+0000] {logging_mixin.py:188} INFO - [2024-04-03T22:27:31.507+0000] {dag.py:3834} INFO - Setting next_dagrun for example_task_group_decorator to 2024-04-02 00:00:00+00:00, run_after=2024-04-03 00:00:00+00:00
[2024-04-03T22:27:31.522+0000] {processor.py:183} INFO - Processing /home/airflow/.local/lib/python3.8/site-packages/airflow/example_dags/example_task_group_decorator.py took 0.062 seconds
[2024-04-03T22:28:01.669+0000] {processor.py:161} INFO - Started process (PID=396) to work on /home/airflow/.local/lib/python3.8/site-packages/airflow/example_dags/example_task_group_decorator.py
[2024-04-03T22:28:01.670+0000] {processor.py:830} INFO - Processing file /home/airflow/.local/lib/python3.8/site-packages/airflow/example_dags/example_task_group_decorator.py for tasks to queue
[2024-04-03T22:28:01.672+0000] {logging_mixin.py:188} INFO - [2024-04-03T22:28:01.672+0000] {dagbag.py:540} INFO - Filling up the DagBag from /home/airflow/.local/lib/python3.8/site-packages/airflow/example_dags/example_task_group_decorator.py
[2024-04-03T22:28:01.681+0000] {processor.py:840} INFO - DAG(s) 'example_task_group_decorator' retrieved from /home/airflow/.local/lib/python3.8/site-packages/airflow/example_dags/example_task_group_decorator.py
[2024-04-03T22:28:01.699+0000] {logging_mixin.py:188} INFO - [2024-04-03T22:28:01.699+0000] {dag.py:3047} INFO - Sync 1 DAGs
[2024-04-03T22:28:01.714+0000] {logging_mixin.py:188} INFO - [2024-04-03T22:28:01.714+0000] {dag.py:3834} INFO - Setting next_dagrun for example_task_group_decorator to 2024-04-02 00:00:00+00:00, run_after=2024-04-03 00:00:00+00:00
[2024-04-03T22:28:01.727+0000] {processor.py:183} INFO - Processing /home/airflow/.local/lib/python3.8/site-packages/airflow/example_dags/example_task_group_decorator.py took 0.060 seconds
[2024-04-03T22:28:32.131+0000] {processor.py:161} INFO - Started process (PID=451) to work on /home/airflow/.local/lib/python3.8/site-packages/airflow/example_dags/example_task_group_decorator.py
[2024-04-03T22:28:32.132+0000] {processor.py:830} INFO - Processing file /home/airflow/.local/lib/python3.8/site-packages/airflow/example_dags/example_task_group_decorator.py for tasks to queue
[2024-04-03T22:28:32.133+0000] {logging_mixin.py:188} INFO - [2024-04-03T22:28:32.133+0000] {dagbag.py:540} INFO - Filling up the DagBag from /home/airflow/.local/lib/python3.8/site-packages/airflow/example_dags/example_task_group_decorator.py
[2024-04-03T22:28:32.144+0000] {processor.py:840} INFO - DAG(s) 'example_task_group_decorator' retrieved from /home/airflow/.local/lib/python3.8/site-packages/airflow/example_dags/example_task_group_decorator.py
[2024-04-03T22:28:32.163+0000] {logging_mixin.py:188} INFO - [2024-04-03T22:28:32.163+0000] {dag.py:3047} INFO - Sync 1 DAGs
[2024-04-03T22:28:32.178+0000] {logging_mixin.py:188} INFO - [2024-04-03T22:28:32.178+0000] {dag.py:3834} INFO - Setting next_dagrun for example_task_group_decorator to 2024-04-02 00:00:00+00:00, run_after=2024-04-03 00:00:00+00:00
[2024-04-03T22:28:32.193+0000] {processor.py:183} INFO - Processing /home/airflow/.local/lib/python3.8/site-packages/airflow/example_dags/example_task_group_decorator.py took 0.064 seconds
[2024-04-03T22:29:02.542+0000] {processor.py:161} INFO - Started process (PID=506) to work on /home/airflow/.local/lib/python3.8/site-packages/airflow/example_dags/example_task_group_decorator.py
[2024-04-03T22:29:02.543+0000] {processor.py:830} INFO - Processing file /home/airflow/.local/lib/python3.8/site-packages/airflow/example_dags/example_task_group_decorator.py for tasks to queue
[2024-04-03T22:29:02.544+0000] {logging_mixin.py:188} INFO - [2024-04-03T22:29:02.544+0000] {dagbag.py:540} INFO - Filling up the DagBag from /home/airflow/.local/lib/python3.8/site-packages/airflow/example_dags/example_task_group_decorator.py
[2024-04-03T22:29:02.554+0000] {processor.py:840} INFO - DAG(s) 'example_task_group_decorator' retrieved from /home/airflow/.local/lib/python3.8/site-packages/airflow/example_dags/example_task_group_decorator.py
[2024-04-03T22:29:02.572+0000] {logging_mixin.py:188} INFO - [2024-04-03T22:29:02.572+0000] {dag.py:3047} INFO - Sync 1 DAGs
[2024-04-03T22:29:02.588+0000] {logging_mixin.py:188} INFO - [2024-04-03T22:29:02.588+0000] {dag.py:3834} INFO - Setting next_dagrun for example_task_group_decorator to 2024-04-02 00:00:00+00:00, run_after=2024-04-03 00:00:00+00:00
[2024-04-03T22:29:02.601+0000] {processor.py:183} INFO - Processing /home/airflow/.local/lib/python3.8/site-packages/airflow/example_dags/example_task_group_decorator.py took 0.061 seconds
[2024-04-03T22:29:32.961+0000] {processor.py:161} INFO - Started process (PID=561) to work on /home/airflow/.local/lib/python3.8/site-packages/airflow/example_dags/example_task_group_decorator.py
[2024-04-03T22:29:32.962+0000] {processor.py:830} INFO - Processing file /home/airflow/.local/lib/python3.8/site-packages/airflow/example_dags/example_task_group_decorator.py for tasks to queue
[2024-04-03T22:29:32.965+0000] {logging_mixin.py:188} INFO - [2024-04-03T22:29:32.965+0000] {dagbag.py:540} INFO - Filling up the DagBag from /home/airflow/.local/lib/python3.8/site-packages/airflow/example_dags/example_task_group_decorator.py
[2024-04-03T22:29:32.974+0000] {processor.py:840} INFO - DAG(s) 'example_task_group_decorator' retrieved from /home/airflow/.local/lib/python3.8/site-packages/airflow/example_dags/example_task_group_decorator.py
[2024-04-03T22:29:32.990+0000] {logging_mixin.py:188} INFO - [2024-04-03T22:29:32.989+0000] {dag.py:3047} INFO - Sync 1 DAGs
[2024-04-03T22:29:33.003+0000] {logging_mixin.py:188} INFO - [2024-04-03T22:29:33.003+0000] {dag.py:3834} INFO - Setting next_dagrun for example_task_group_decorator to 2024-04-02 00:00:00+00:00, run_after=2024-04-03 00:00:00+00:00
[2024-04-03T22:29:33.015+0000] {processor.py:183} INFO - Processing /home/airflow/.local/lib/python3.8/site-packages/airflow/example_dags/example_task_group_decorator.py took 0.056 seconds
[2024-04-03T22:30:03.220+0000] {processor.py:161} INFO - Started process (PID=616) to work on /home/airflow/.local/lib/python3.8/site-packages/airflow/example_dags/example_task_group_decorator.py
[2024-04-03T22:30:03.222+0000] {processor.py:830} INFO - Processing file /home/airflow/.local/lib/python3.8/site-packages/airflow/example_dags/example_task_group_decorator.py for tasks to queue
[2024-04-03T22:30:03.223+0000] {logging_mixin.py:188} INFO - [2024-04-03T22:30:03.223+0000] {dagbag.py:540} INFO - Filling up the DagBag from /home/airflow/.local/lib/python3.8/site-packages/airflow/example_dags/example_task_group_decorator.py
[2024-04-03T22:30:03.232+0000] {processor.py:840} INFO - DAG(s) 'example_task_group_decorator' retrieved from /home/airflow/.local/lib/python3.8/site-packages/airflow/example_dags/example_task_group_decorator.py
[2024-04-03T22:30:03.253+0000] {logging_mixin.py:188} INFO - [2024-04-03T22:30:03.252+0000] {dag.py:3047} INFO - Sync 1 DAGs
[2024-04-03T22:30:03.267+0000] {logging_mixin.py:188} INFO - [2024-04-03T22:30:03.267+0000] {dag.py:3834} INFO - Setting next_dagrun for example_task_group_decorator to 2024-04-02 00:00:00+00:00, run_after=2024-04-03 00:00:00+00:00
[2024-04-03T22:30:03.283+0000] {processor.py:183} INFO - Processing /home/airflow/.local/lib/python3.8/site-packages/airflow/example_dags/example_task_group_decorator.py took 0.065 seconds
[2024-04-03T22:30:33.606+0000] {processor.py:161} INFO - Started process (PID=671) to work on /home/airflow/.local/lib/python3.8/site-packages/airflow/example_dags/example_task_group_decorator.py
[2024-04-03T22:30:33.607+0000] {processor.py:830} INFO - Processing file /home/airflow/.local/lib/python3.8/site-packages/airflow/example_dags/example_task_group_decorator.py for tasks to queue
[2024-04-03T22:30:33.609+0000] {logging_mixin.py:188} INFO - [2024-04-03T22:30:33.609+0000] {dagbag.py:540} INFO - Filling up the DagBag from /home/airflow/.local/lib/python3.8/site-packages/airflow/example_dags/example_task_group_decorator.py
[2024-04-03T22:30:33.618+0000] {processor.py:840} INFO - DAG(s) 'example_task_group_decorator' retrieved from /home/airflow/.local/lib/python3.8/site-packages/airflow/example_dags/example_task_group_decorator.py
[2024-04-03T22:30:33.633+0000] {logging_mixin.py:188} INFO - [2024-04-03T22:30:33.633+0000] {dag.py:3047} INFO - Sync 1 DAGs
[2024-04-03T22:30:33.648+0000] {logging_mixin.py:188} INFO - [2024-04-03T22:30:33.648+0000] {dag.py:3834} INFO - Setting next_dagrun for example_task_group_decorator to 2024-04-02 00:00:00+00:00, run_after=2024-04-03 00:00:00+00:00
[2024-04-03T22:30:33.663+0000] {processor.py:183} INFO - Processing /home/airflow/.local/lib/python3.8/site-packages/airflow/example_dags/example_task_group_decorator.py took 0.059 seconds
[2024-04-03T22:31:04.143+0000] {processor.py:161} INFO - Started process (PID=726) to work on /home/airflow/.local/lib/python3.8/site-packages/airflow/example_dags/example_task_group_decorator.py
[2024-04-03T22:31:04.144+0000] {processor.py:830} INFO - Processing file /home/airflow/.local/lib/python3.8/site-packages/airflow/example_dags/example_task_group_decorator.py for tasks to queue
[2024-04-03T22:31:04.146+0000] {logging_mixin.py:188} INFO - [2024-04-03T22:31:04.146+0000] {dagbag.py:540} INFO - Filling up the DagBag from /home/airflow/.local/lib/python3.8/site-packages/airflow/example_dags/example_task_group_decorator.py
[2024-04-03T22:31:04.157+0000] {processor.py:840} INFO - DAG(s) 'example_task_group_decorator' retrieved from /home/airflow/.local/lib/python3.8/site-packages/airflow/example_dags/example_task_group_decorator.py
[2024-04-03T22:31:04.178+0000] {logging_mixin.py:188} INFO - [2024-04-03T22:31:04.178+0000] {dag.py:3047} INFO - Sync 1 DAGs
[2024-04-03T22:31:04.195+0000] {logging_mixin.py:188} INFO - [2024-04-03T22:31:04.195+0000] {dag.py:3834} INFO - Setting next_dagrun for example_task_group_decorator to 2024-04-02 00:00:00+00:00, run_after=2024-04-03 00:00:00+00:00
[2024-04-03T22:31:04.209+0000] {processor.py:183} INFO - Processing /home/airflow/.local/lib/python3.8/site-packages/airflow/example_dags/example_task_group_decorator.py took 0.070 seconds
[2024-04-03T22:31:34.738+0000] {processor.py:161} INFO - Started process (PID=781) to work on /home/airflow/.local/lib/python3.8/site-packages/airflow/example_dags/example_task_group_decorator.py
[2024-04-03T22:31:34.739+0000] {processor.py:830} INFO - Processing file /home/airflow/.local/lib/python3.8/site-packages/airflow/example_dags/example_task_group_decorator.py for tasks to queue
[2024-04-03T22:31:34.741+0000] {logging_mixin.py:188} INFO - [2024-04-03T22:31:34.741+0000] {dagbag.py:540} INFO - Filling up the DagBag from /home/airflow/.local/lib/python3.8/site-packages/airflow/example_dags/example_task_group_decorator.py
[2024-04-03T22:31:34.750+0000] {processor.py:840} INFO - DAG(s) 'example_task_group_decorator' retrieved from /home/airflow/.local/lib/python3.8/site-packages/airflow/example_dags/example_task_group_decorator.py
[2024-04-03T22:31:34.766+0000] {logging_mixin.py:188} INFO - [2024-04-03T22:31:34.766+0000] {dag.py:3047} INFO - Sync 1 DAGs
[2024-04-03T22:31:34.779+0000] {logging_mixin.py:188} INFO - [2024-04-03T22:31:34.778+0000] {dag.py:3834} INFO - Setting next_dagrun for example_task_group_decorator to 2024-04-02 00:00:00+00:00, run_after=2024-04-03 00:00:00+00:00
[2024-04-03T22:31:34.790+0000] {processor.py:183} INFO - Processing /home/airflow/.local/lib/python3.8/site-packages/airflow/example_dags/example_task_group_decorator.py took 0.054 seconds
[2024-04-03T22:32:05.079+0000] {processor.py:161} INFO - Started process (PID=836) to work on /home/airflow/.local/lib/python3.8/site-packages/airflow/example_dags/example_task_group_decorator.py
[2024-04-03T22:32:05.080+0000] {processor.py:830} INFO - Processing file /home/airflow/.local/lib/python3.8/site-packages/airflow/example_dags/example_task_group_decorator.py for tasks to queue
[2024-04-03T22:32:05.082+0000] {logging_mixin.py:188} INFO - [2024-04-03T22:32:05.082+0000] {dagbag.py:540} INFO - Filling up the DagBag from /home/airflow/.local/lib/python3.8/site-packages/airflow/example_dags/example_task_group_decorator.py
[2024-04-03T22:32:05.094+0000] {processor.py:840} INFO - DAG(s) 'example_task_group_decorator' retrieved from /home/airflow/.local/lib/python3.8/site-packages/airflow/example_dags/example_task_group_decorator.py
[2024-04-03T22:32:05.117+0000] {logging_mixin.py:188} INFO - [2024-04-03T22:32:05.117+0000] {dag.py:3047} INFO - Sync 1 DAGs
[2024-04-03T22:32:05.141+0000] {logging_mixin.py:188} INFO - [2024-04-03T22:32:05.140+0000] {dag.py:3834} INFO - Setting next_dagrun for example_task_group_decorator to 2024-04-02 00:00:00+00:00, run_after=2024-04-03 00:00:00+00:00
[2024-04-03T22:32:05.157+0000] {processor.py:183} INFO - Processing /home/airflow/.local/lib/python3.8/site-packages/airflow/example_dags/example_task_group_decorator.py took 0.081 seconds
[2024-04-03T22:32:54.305+0000] {processor.py:161} INFO - Started process (PID=66) to work on /home/airflow/.local/lib/python3.8/site-packages/airflow/example_dags/example_task_group_decorator.py
[2024-04-03T22:32:54.306+0000] {processor.py:830} INFO - Processing file /home/airflow/.local/lib/python3.8/site-packages/airflow/example_dags/example_task_group_decorator.py for tasks to queue
[2024-04-03T22:32:54.307+0000] {logging_mixin.py:188} INFO - [2024-04-03T22:32:54.307+0000] {dagbag.py:540} INFO - Filling up the DagBag from /home/airflow/.local/lib/python3.8/site-packages/airflow/example_dags/example_task_group_decorator.py
[2024-04-03T22:32:54.318+0000] {processor.py:840} INFO - DAG(s) 'example_task_group_decorator' retrieved from /home/airflow/.local/lib/python3.8/site-packages/airflow/example_dags/example_task_group_decorator.py
[2024-04-03T22:32:54.327+0000] {logging_mixin.py:188} INFO - [2024-04-03T22:32:54.326+0000] {dag.py:3047} INFO - Sync 1 DAGs
[2024-04-03T22:32:54.344+0000] {logging_mixin.py:188} INFO - [2024-04-03T22:32:54.344+0000] {dag.py:3834} INFO - Setting next_dagrun for example_task_group_decorator to 2024-04-02 00:00:00+00:00, run_after=2024-04-03 00:00:00+00:00
[2024-04-03T22:32:54.357+0000] {processor.py:183} INFO - Processing /home/airflow/.local/lib/python3.8/site-packages/airflow/example_dags/example_task_group_decorator.py took 0.055 seconds
[2024-04-03T22:33:25.417+0000] {processor.py:161} INFO - Started process (PID=121) to work on /home/airflow/.local/lib/python3.8/site-packages/airflow/example_dags/example_task_group_decorator.py
[2024-04-03T22:33:25.418+0000] {processor.py:830} INFO - Processing file /home/airflow/.local/lib/python3.8/site-packages/airflow/example_dags/example_task_group_decorator.py for tasks to queue
[2024-04-03T22:33:25.419+0000] {logging_mixin.py:188} INFO - [2024-04-03T22:33:25.419+0000] {dagbag.py:540} INFO - Filling up the DagBag from /home/airflow/.local/lib/python3.8/site-packages/airflow/example_dags/example_task_group_decorator.py
[2024-04-03T22:33:25.429+0000] {processor.py:840} INFO - DAG(s) 'example_task_group_decorator' retrieved from /home/airflow/.local/lib/python3.8/site-packages/airflow/example_dags/example_task_group_decorator.py
[2024-04-03T22:33:25.497+0000] {logging_mixin.py:188} INFO - [2024-04-03T22:33:25.497+0000] {dag.py:3047} INFO - Sync 1 DAGs
[2024-04-03T22:33:25.510+0000] {logging_mixin.py:188} INFO - [2024-04-03T22:33:25.510+0000] {dag.py:3834} INFO - Setting next_dagrun for example_task_group_decorator to 2024-04-02 00:00:00+00:00, run_after=2024-04-03 00:00:00+00:00
[2024-04-03T22:33:25.528+0000] {processor.py:183} INFO - Processing /home/airflow/.local/lib/python3.8/site-packages/airflow/example_dags/example_task_group_decorator.py took 0.113 seconds
[2024-04-03T22:33:55.660+0000] {processor.py:161} INFO - Started process (PID=176) to work on /home/airflow/.local/lib/python3.8/site-packages/airflow/example_dags/example_task_group_decorator.py
[2024-04-03T22:33:55.661+0000] {processor.py:830} INFO - Processing file /home/airflow/.local/lib/python3.8/site-packages/airflow/example_dags/example_task_group_decorator.py for tasks to queue
[2024-04-03T22:33:55.663+0000] {logging_mixin.py:188} INFO - [2024-04-03T22:33:55.662+0000] {dagbag.py:540} INFO - Filling up the DagBag from /home/airflow/.local/lib/python3.8/site-packages/airflow/example_dags/example_task_group_decorator.py
[2024-04-03T22:33:55.673+0000] {processor.py:840} INFO - DAG(s) 'example_task_group_decorator' retrieved from /home/airflow/.local/lib/python3.8/site-packages/airflow/example_dags/example_task_group_decorator.py
[2024-04-03T22:33:55.691+0000] {logging_mixin.py:188} INFO - [2024-04-03T22:33:55.691+0000] {dag.py:3047} INFO - Sync 1 DAGs
[2024-04-03T22:33:55.707+0000] {logging_mixin.py:188} INFO - [2024-04-03T22:33:55.707+0000] {dag.py:3834} INFO - Setting next_dagrun for example_task_group_decorator to 2024-04-02 00:00:00+00:00, run_after=2024-04-03 00:00:00+00:00
[2024-04-03T22:33:55.720+0000] {processor.py:183} INFO - Processing /home/airflow/.local/lib/python3.8/site-packages/airflow/example_dags/example_task_group_decorator.py took 0.063 seconds
[2024-04-03T22:34:26.295+0000] {processor.py:161} INFO - Started process (PID=231) to work on /home/airflow/.local/lib/python3.8/site-packages/airflow/example_dags/example_task_group_decorator.py
[2024-04-03T22:34:26.296+0000] {processor.py:830} INFO - Processing file /home/airflow/.local/lib/python3.8/site-packages/airflow/example_dags/example_task_group_decorator.py for tasks to queue
[2024-04-03T22:34:26.297+0000] {logging_mixin.py:188} INFO - [2024-04-03T22:34:26.297+0000] {dagbag.py:540} INFO - Filling up the DagBag from /home/airflow/.local/lib/python3.8/site-packages/airflow/example_dags/example_task_group_decorator.py
[2024-04-03T22:34:26.308+0000] {processor.py:840} INFO - DAG(s) 'example_task_group_decorator' retrieved from /home/airflow/.local/lib/python3.8/site-packages/airflow/example_dags/example_task_group_decorator.py
[2024-04-03T22:34:26.327+0000] {logging_mixin.py:188} INFO - [2024-04-03T22:34:26.327+0000] {dag.py:3047} INFO - Sync 1 DAGs
[2024-04-03T22:34:26.342+0000] {logging_mixin.py:188} INFO - [2024-04-03T22:34:26.342+0000] {dag.py:3834} INFO - Setting next_dagrun for example_task_group_decorator to 2024-04-02 00:00:00+00:00, run_after=2024-04-03 00:00:00+00:00
[2024-04-03T22:34:26.356+0000] {processor.py:183} INFO - Processing /home/airflow/.local/lib/python3.8/site-packages/airflow/example_dags/example_task_group_decorator.py took 0.063 seconds
[2024-04-03T22:34:56.608+0000] {processor.py:161} INFO - Started process (PID=286) to work on /home/airflow/.local/lib/python3.8/site-packages/airflow/example_dags/example_task_group_decorator.py
[2024-04-03T22:34:56.609+0000] {processor.py:830} INFO - Processing file /home/airflow/.local/lib/python3.8/site-packages/airflow/example_dags/example_task_group_decorator.py for tasks to queue
[2024-04-03T22:34:56.611+0000] {logging_mixin.py:188} INFO - [2024-04-03T22:34:56.611+0000] {dagbag.py:540} INFO - Filling up the DagBag from /home/airflow/.local/lib/python3.8/site-packages/airflow/example_dags/example_task_group_decorator.py
[2024-04-03T22:34:56.620+0000] {processor.py:840} INFO - DAG(s) 'example_task_group_decorator' retrieved from /home/airflow/.local/lib/python3.8/site-packages/airflow/example_dags/example_task_group_decorator.py
[2024-04-03T22:34:56.637+0000] {logging_mixin.py:188} INFO - [2024-04-03T22:34:56.637+0000] {dag.py:3047} INFO - Sync 1 DAGs
[2024-04-03T22:34:56.653+0000] {logging_mixin.py:188} INFO - [2024-04-03T22:34:56.653+0000] {dag.py:3834} INFO - Setting next_dagrun for example_task_group_decorator to 2024-04-02 00:00:00+00:00, run_after=2024-04-03 00:00:00+00:00
[2024-04-03T22:34:56.666+0000] {processor.py:183} INFO - Processing /home/airflow/.local/lib/python3.8/site-packages/airflow/example_dags/example_task_group_decorator.py took 0.059 seconds
[2024-04-03T22:35:27.044+0000] {processor.py:161} INFO - Started process (PID=341) to work on /home/airflow/.local/lib/python3.8/site-packages/airflow/example_dags/example_task_group_decorator.py
[2024-04-03T22:35:27.045+0000] {processor.py:830} INFO - Processing file /home/airflow/.local/lib/python3.8/site-packages/airflow/example_dags/example_task_group_decorator.py for tasks to queue
[2024-04-03T22:35:27.047+0000] {logging_mixin.py:188} INFO - [2024-04-03T22:35:27.046+0000] {dagbag.py:540} INFO - Filling up the DagBag from /home/airflow/.local/lib/python3.8/site-packages/airflow/example_dags/example_task_group_decorator.py
[2024-04-03T22:35:27.056+0000] {processor.py:840} INFO - DAG(s) 'example_task_group_decorator' retrieved from /home/airflow/.local/lib/python3.8/site-packages/airflow/example_dags/example_task_group_decorator.py
[2024-04-03T22:35:27.072+0000] {logging_mixin.py:188} INFO - [2024-04-03T22:35:27.072+0000] {dag.py:3047} INFO - Sync 1 DAGs
[2024-04-03T22:35:27.088+0000] {logging_mixin.py:188} INFO - [2024-04-03T22:35:27.087+0000] {dag.py:3834} INFO - Setting next_dagrun for example_task_group_decorator to 2024-04-02 00:00:00+00:00, run_after=2024-04-03 00:00:00+00:00
[2024-04-03T22:35:27.137+0000] {processor.py:183} INFO - Processing /home/airflow/.local/lib/python3.8/site-packages/airflow/example_dags/example_task_group_decorator.py took 0.095 seconds
[2024-04-03T22:35:57.556+0000] {processor.py:161} INFO - Started process (PID=396) to work on /home/airflow/.local/lib/python3.8/site-packages/airflow/example_dags/example_task_group_decorator.py
[2024-04-03T22:35:57.557+0000] {processor.py:830} INFO - Processing file /home/airflow/.local/lib/python3.8/site-packages/airflow/example_dags/example_task_group_decorator.py for tasks to queue
[2024-04-03T22:35:57.559+0000] {logging_mixin.py:188} INFO - [2024-04-03T22:35:57.558+0000] {dagbag.py:540} INFO - Filling up the DagBag from /home/airflow/.local/lib/python3.8/site-packages/airflow/example_dags/example_task_group_decorator.py
[2024-04-03T22:35:57.568+0000] {processor.py:840} INFO - DAG(s) 'example_task_group_decorator' retrieved from /home/airflow/.local/lib/python3.8/site-packages/airflow/example_dags/example_task_group_decorator.py
[2024-04-03T22:35:57.583+0000] {logging_mixin.py:188} INFO - [2024-04-03T22:35:57.583+0000] {dag.py:3047} INFO - Sync 1 DAGs
[2024-04-03T22:35:57.597+0000] {logging_mixin.py:188} INFO - [2024-04-03T22:35:57.597+0000] {dag.py:3834} INFO - Setting next_dagrun for example_task_group_decorator to 2024-04-02 00:00:00+00:00, run_after=2024-04-03 00:00:00+00:00
[2024-04-03T22:35:57.610+0000] {processor.py:183} INFO - Processing /home/airflow/.local/lib/python3.8/site-packages/airflow/example_dags/example_task_group_decorator.py took 0.055 seconds
[2024-04-03T22:36:28.000+0000] {processor.py:161} INFO - Started process (PID=451) to work on /home/airflow/.local/lib/python3.8/site-packages/airflow/example_dags/example_task_group_decorator.py
[2024-04-03T22:36:28.001+0000] {processor.py:830} INFO - Processing file /home/airflow/.local/lib/python3.8/site-packages/airflow/example_dags/example_task_group_decorator.py for tasks to queue
[2024-04-03T22:36:28.002+0000] {logging_mixin.py:188} INFO - [2024-04-03T22:36:28.002+0000] {dagbag.py:540} INFO - Filling up the DagBag from /home/airflow/.local/lib/python3.8/site-packages/airflow/example_dags/example_task_group_decorator.py
[2024-04-03T22:36:28.011+0000] {processor.py:840} INFO - DAG(s) 'example_task_group_decorator' retrieved from /home/airflow/.local/lib/python3.8/site-packages/airflow/example_dags/example_task_group_decorator.py
[2024-04-03T22:36:28.028+0000] {logging_mixin.py:188} INFO - [2024-04-03T22:36:28.028+0000] {dag.py:3047} INFO - Sync 1 DAGs
[2024-04-03T22:36:28.043+0000] {logging_mixin.py:188} INFO - [2024-04-03T22:36:28.043+0000] {dag.py:3834} INFO - Setting next_dagrun for example_task_group_decorator to 2024-04-02 00:00:00+00:00, run_after=2024-04-03 00:00:00+00:00
[2024-04-03T22:36:28.055+0000] {processor.py:183} INFO - Processing /home/airflow/.local/lib/python3.8/site-packages/airflow/example_dags/example_task_group_decorator.py took 0.057 seconds
[2024-04-03T22:36:58.213+0000] {processor.py:161} INFO - Started process (PID=506) to work on /home/airflow/.local/lib/python3.8/site-packages/airflow/example_dags/example_task_group_decorator.py
[2024-04-03T22:36:58.214+0000] {processor.py:830} INFO - Processing file /home/airflow/.local/lib/python3.8/site-packages/airflow/example_dags/example_task_group_decorator.py for tasks to queue
[2024-04-03T22:36:58.215+0000] {logging_mixin.py:188} INFO - [2024-04-03T22:36:58.215+0000] {dagbag.py:540} INFO - Filling up the DagBag from /home/airflow/.local/lib/python3.8/site-packages/airflow/example_dags/example_task_group_decorator.py
[2024-04-03T22:36:58.224+0000] {processor.py:840} INFO - DAG(s) 'example_task_group_decorator' retrieved from /home/airflow/.local/lib/python3.8/site-packages/airflow/example_dags/example_task_group_decorator.py
[2024-04-03T22:36:58.241+0000] {logging_mixin.py:188} INFO - [2024-04-03T22:36:58.240+0000] {dag.py:3047} INFO - Sync 1 DAGs
[2024-04-03T22:36:58.258+0000] {logging_mixin.py:188} INFO - [2024-04-03T22:36:58.258+0000] {dag.py:3834} INFO - Setting next_dagrun for example_task_group_decorator to 2024-04-02 00:00:00+00:00, run_after=2024-04-03 00:00:00+00:00
[2024-04-03T22:36:58.269+0000] {processor.py:183} INFO - Processing /home/airflow/.local/lib/python3.8/site-packages/airflow/example_dags/example_task_group_decorator.py took 0.058 seconds
[2024-04-03T22:37:28.874+0000] {processor.py:161} INFO - Started process (PID=560) to work on /home/airflow/.local/lib/python3.8/site-packages/airflow/example_dags/example_task_group_decorator.py
[2024-04-03T22:37:28.875+0000] {processor.py:830} INFO - Processing file /home/airflow/.local/lib/python3.8/site-packages/airflow/example_dags/example_task_group_decorator.py for tasks to queue
[2024-04-03T22:37:28.876+0000] {logging_mixin.py:188} INFO - [2024-04-03T22:37:28.876+0000] {dagbag.py:540} INFO - Filling up the DagBag from /home/airflow/.local/lib/python3.8/site-packages/airflow/example_dags/example_task_group_decorator.py
[2024-04-03T22:37:28.888+0000] {processor.py:840} INFO - DAG(s) 'example_task_group_decorator' retrieved from /home/airflow/.local/lib/python3.8/site-packages/airflow/example_dags/example_task_group_decorator.py
[2024-04-03T22:37:28.907+0000] {logging_mixin.py:188} INFO - [2024-04-03T22:37:28.907+0000] {dag.py:3047} INFO - Sync 1 DAGs
[2024-04-03T22:37:28.925+0000] {logging_mixin.py:188} INFO - [2024-04-03T22:37:28.925+0000] {dag.py:3834} INFO - Setting next_dagrun for example_task_group_decorator to 2024-04-02 00:00:00+00:00, run_after=2024-04-03 00:00:00+00:00
[2024-04-03T22:37:28.941+0000] {processor.py:183} INFO - Processing /home/airflow/.local/lib/python3.8/site-packages/airflow/example_dags/example_task_group_decorator.py took 0.070 seconds
[2024-04-03T22:37:59.281+0000] {processor.py:161} INFO - Started process (PID=616) to work on /home/airflow/.local/lib/python3.8/site-packages/airflow/example_dags/example_task_group_decorator.py
[2024-04-03T22:37:59.282+0000] {processor.py:830} INFO - Processing file /home/airflow/.local/lib/python3.8/site-packages/airflow/example_dags/example_task_group_decorator.py for tasks to queue
[2024-04-03T22:37:59.284+0000] {logging_mixin.py:188} INFO - [2024-04-03T22:37:59.284+0000] {dagbag.py:540} INFO - Filling up the DagBag from /home/airflow/.local/lib/python3.8/site-packages/airflow/example_dags/example_task_group_decorator.py
[2024-04-03T22:37:59.294+0000] {processor.py:840} INFO - DAG(s) 'example_task_group_decorator' retrieved from /home/airflow/.local/lib/python3.8/site-packages/airflow/example_dags/example_task_group_decorator.py
[2024-04-03T22:37:59.313+0000] {logging_mixin.py:188} INFO - [2024-04-03T22:37:59.313+0000] {dag.py:3047} INFO - Sync 1 DAGs
[2024-04-03T22:37:59.330+0000] {logging_mixin.py:188} INFO - [2024-04-03T22:37:59.329+0000] {dag.py:3834} INFO - Setting next_dagrun for example_task_group_decorator to 2024-04-02 00:00:00+00:00, run_after=2024-04-03 00:00:00+00:00
[2024-04-03T22:37:59.345+0000] {processor.py:183} INFO - Processing /home/airflow/.local/lib/python3.8/site-packages/airflow/example_dags/example_task_group_decorator.py took 0.067 seconds
[2024-04-03T22:38:29.615+0000] {processor.py:161} INFO - Started process (PID=671) to work on /home/airflow/.local/lib/python3.8/site-packages/airflow/example_dags/example_task_group_decorator.py
[2024-04-03T22:38:29.616+0000] {processor.py:830} INFO - Processing file /home/airflow/.local/lib/python3.8/site-packages/airflow/example_dags/example_task_group_decorator.py for tasks to queue
[2024-04-03T22:38:29.617+0000] {logging_mixin.py:188} INFO - [2024-04-03T22:38:29.617+0000] {dagbag.py:540} INFO - Filling up the DagBag from /home/airflow/.local/lib/python3.8/site-packages/airflow/example_dags/example_task_group_decorator.py
[2024-04-03T22:38:29.627+0000] {processor.py:840} INFO - DAG(s) 'example_task_group_decorator' retrieved from /home/airflow/.local/lib/python3.8/site-packages/airflow/example_dags/example_task_group_decorator.py
[2024-04-03T22:38:29.644+0000] {logging_mixin.py:188} INFO - [2024-04-03T22:38:29.644+0000] {dag.py:3047} INFO - Sync 1 DAGs
[2024-04-03T22:38:29.659+0000] {logging_mixin.py:188} INFO - [2024-04-03T22:38:29.659+0000] {dag.py:3834} INFO - Setting next_dagrun for example_task_group_decorator to 2024-04-02 00:00:00+00:00, run_after=2024-04-03 00:00:00+00:00
[2024-04-03T22:38:29.671+0000] {processor.py:183} INFO - Processing /home/airflow/.local/lib/python3.8/site-packages/airflow/example_dags/example_task_group_decorator.py took 0.058 seconds
[2024-04-03T22:38:59.846+0000] {processor.py:161} INFO - Started process (PID=726) to work on /home/airflow/.local/lib/python3.8/site-packages/airflow/example_dags/example_task_group_decorator.py
[2024-04-03T22:38:59.847+0000] {processor.py:830} INFO - Processing file /home/airflow/.local/lib/python3.8/site-packages/airflow/example_dags/example_task_group_decorator.py for tasks to queue
[2024-04-03T22:38:59.849+0000] {logging_mixin.py:188} INFO - [2024-04-03T22:38:59.849+0000] {dagbag.py:540} INFO - Filling up the DagBag from /home/airflow/.local/lib/python3.8/site-packages/airflow/example_dags/example_task_group_decorator.py
[2024-04-03T22:38:59.858+0000] {processor.py:840} INFO - DAG(s) 'example_task_group_decorator' retrieved from /home/airflow/.local/lib/python3.8/site-packages/airflow/example_dags/example_task_group_decorator.py
[2024-04-03T22:38:59.876+0000] {logging_mixin.py:188} INFO - [2024-04-03T22:38:59.876+0000] {dag.py:3047} INFO - Sync 1 DAGs
[2024-04-03T22:38:59.891+0000] {logging_mixin.py:188} INFO - [2024-04-03T22:38:59.890+0000] {dag.py:3834} INFO - Setting next_dagrun for example_task_group_decorator to 2024-04-02 00:00:00+00:00, run_after=2024-04-03 00:00:00+00:00
[2024-04-03T22:38:59.903+0000] {processor.py:183} INFO - Processing /home/airflow/.local/lib/python3.8/site-packages/airflow/example_dags/example_task_group_decorator.py took 0.059 seconds
[2024-04-03T22:39:30.163+0000] {processor.py:161} INFO - Started process (PID=780) to work on /home/airflow/.local/lib/python3.8/site-packages/airflow/example_dags/example_task_group_decorator.py
[2024-04-03T22:39:30.164+0000] {processor.py:830} INFO - Processing file /home/airflow/.local/lib/python3.8/site-packages/airflow/example_dags/example_task_group_decorator.py for tasks to queue
[2024-04-03T22:39:30.166+0000] {logging_mixin.py:188} INFO - [2024-04-03T22:39:30.166+0000] {dagbag.py:540} INFO - Filling up the DagBag from /home/airflow/.local/lib/python3.8/site-packages/airflow/example_dags/example_task_group_decorator.py
[2024-04-03T22:39:30.176+0000] {processor.py:840} INFO - DAG(s) 'example_task_group_decorator' retrieved from /home/airflow/.local/lib/python3.8/site-packages/airflow/example_dags/example_task_group_decorator.py
[2024-04-03T22:39:30.191+0000] {logging_mixin.py:188} INFO - [2024-04-03T22:39:30.191+0000] {dag.py:3047} INFO - Sync 1 DAGs
[2024-04-03T22:39:30.206+0000] {logging_mixin.py:188} INFO - [2024-04-03T22:39:30.206+0000] {dag.py:3834} INFO - Setting next_dagrun for example_task_group_decorator to 2024-04-02 00:00:00+00:00, run_after=2024-04-03 00:00:00+00:00
[2024-04-03T22:39:30.218+0000] {processor.py:183} INFO - Processing /home/airflow/.local/lib/python3.8/site-packages/airflow/example_dags/example_task_group_decorator.py took 0.057 seconds
[2024-04-03T22:40:00.543+0000] {processor.py:161} INFO - Started process (PID=835) to work on /home/airflow/.local/lib/python3.8/site-packages/airflow/example_dags/example_task_group_decorator.py
[2024-04-03T22:40:00.544+0000] {processor.py:830} INFO - Processing file /home/airflow/.local/lib/python3.8/site-packages/airflow/example_dags/example_task_group_decorator.py for tasks to queue
[2024-04-03T22:40:00.545+0000] {logging_mixin.py:188} INFO - [2024-04-03T22:40:00.545+0000] {dagbag.py:540} INFO - Filling up the DagBag from /home/airflow/.local/lib/python3.8/site-packages/airflow/example_dags/example_task_group_decorator.py
[2024-04-03T22:40:00.555+0000] {processor.py:840} INFO - DAG(s) 'example_task_group_decorator' retrieved from /home/airflow/.local/lib/python3.8/site-packages/airflow/example_dags/example_task_group_decorator.py
[2024-04-03T22:40:00.571+0000] {logging_mixin.py:188} INFO - [2024-04-03T22:40:00.571+0000] {dag.py:3047} INFO - Sync 1 DAGs
[2024-04-03T22:40:00.586+0000] {logging_mixin.py:188} INFO - [2024-04-03T22:40:00.586+0000] {dag.py:3834} INFO - Setting next_dagrun for example_task_group_decorator to 2024-04-02 00:00:00+00:00, run_after=2024-04-03 00:00:00+00:00
[2024-04-03T22:40:00.599+0000] {processor.py:183} INFO - Processing /home/airflow/.local/lib/python3.8/site-packages/airflow/example_dags/example_task_group_decorator.py took 0.058 seconds
[2024-04-03T22:40:30.914+0000] {processor.py:161} INFO - Started process (PID=890) to work on /home/airflow/.local/lib/python3.8/site-packages/airflow/example_dags/example_task_group_decorator.py
[2024-04-03T22:40:30.915+0000] {processor.py:830} INFO - Processing file /home/airflow/.local/lib/python3.8/site-packages/airflow/example_dags/example_task_group_decorator.py for tasks to queue
[2024-04-03T22:40:30.916+0000] {logging_mixin.py:188} INFO - [2024-04-03T22:40:30.916+0000] {dagbag.py:540} INFO - Filling up the DagBag from /home/airflow/.local/lib/python3.8/site-packages/airflow/example_dags/example_task_group_decorator.py
[2024-04-03T22:40:30.926+0000] {processor.py:840} INFO - DAG(s) 'example_task_group_decorator' retrieved from /home/airflow/.local/lib/python3.8/site-packages/airflow/example_dags/example_task_group_decorator.py
[2024-04-03T22:40:30.942+0000] {logging_mixin.py:188} INFO - [2024-04-03T22:40:30.942+0000] {dag.py:3047} INFO - Sync 1 DAGs
[2024-04-03T22:40:30.956+0000] {logging_mixin.py:188} INFO - [2024-04-03T22:40:30.956+0000] {dag.py:3834} INFO - Setting next_dagrun for example_task_group_decorator to 2024-04-02 00:00:00+00:00, run_after=2024-04-03 00:00:00+00:00
[2024-04-03T22:40:30.969+0000] {processor.py:183} INFO - Processing /home/airflow/.local/lib/python3.8/site-packages/airflow/example_dags/example_task_group_decorator.py took 0.057 seconds
[2024-04-03T22:41:01.136+0000] {processor.py:161} INFO - Started process (PID=945) to work on /home/airflow/.local/lib/python3.8/site-packages/airflow/example_dags/example_task_group_decorator.py
[2024-04-03T22:41:01.137+0000] {processor.py:830} INFO - Processing file /home/airflow/.local/lib/python3.8/site-packages/airflow/example_dags/example_task_group_decorator.py for tasks to queue
[2024-04-03T22:41:01.138+0000] {logging_mixin.py:188} INFO - [2024-04-03T22:41:01.138+0000] {dagbag.py:540} INFO - Filling up the DagBag from /home/airflow/.local/lib/python3.8/site-packages/airflow/example_dags/example_task_group_decorator.py
[2024-04-03T22:41:01.148+0000] {processor.py:840} INFO - DAG(s) 'example_task_group_decorator' retrieved from /home/airflow/.local/lib/python3.8/site-packages/airflow/example_dags/example_task_group_decorator.py
[2024-04-03T22:41:01.165+0000] {logging_mixin.py:188} INFO - [2024-04-03T22:41:01.165+0000] {dag.py:3047} INFO - Sync 1 DAGs
[2024-04-03T22:41:01.179+0000] {logging_mixin.py:188} INFO - [2024-04-03T22:41:01.179+0000] {dag.py:3834} INFO - Setting next_dagrun for example_task_group_decorator to 2024-04-02 00:00:00+00:00, run_after=2024-04-03 00:00:00+00:00
[2024-04-03T22:41:01.191+0000] {processor.py:183} INFO - Processing /home/airflow/.local/lib/python3.8/site-packages/airflow/example_dags/example_task_group_decorator.py took 0.058 seconds
[2024-04-03T22:41:31.723+0000] {processor.py:161} INFO - Started process (PID=1000) to work on /home/airflow/.local/lib/python3.8/site-packages/airflow/example_dags/example_task_group_decorator.py
[2024-04-03T22:41:31.724+0000] {processor.py:830} INFO - Processing file /home/airflow/.local/lib/python3.8/site-packages/airflow/example_dags/example_task_group_decorator.py for tasks to queue
[2024-04-03T22:41:31.725+0000] {logging_mixin.py:188} INFO - [2024-04-03T22:41:31.725+0000] {dagbag.py:540} INFO - Filling up the DagBag from /home/airflow/.local/lib/python3.8/site-packages/airflow/example_dags/example_task_group_decorator.py
[2024-04-03T22:41:31.734+0000] {processor.py:840} INFO - DAG(s) 'example_task_group_decorator' retrieved from /home/airflow/.local/lib/python3.8/site-packages/airflow/example_dags/example_task_group_decorator.py
[2024-04-03T22:41:31.751+0000] {logging_mixin.py:188} INFO - [2024-04-03T22:41:31.751+0000] {dag.py:3047} INFO - Sync 1 DAGs
[2024-04-03T22:41:31.768+0000] {logging_mixin.py:188} INFO - [2024-04-03T22:41:31.768+0000] {dag.py:3834} INFO - Setting next_dagrun for example_task_group_decorator to 2024-04-02 00:00:00+00:00, run_after=2024-04-03 00:00:00+00:00
[2024-04-03T22:41:31.783+0000] {processor.py:183} INFO - Processing /home/airflow/.local/lib/python3.8/site-packages/airflow/example_dags/example_task_group_decorator.py took 0.064 seconds
[2024-04-03T22:42:02.081+0000] {processor.py:161} INFO - Started process (PID=1055) to work on /home/airflow/.local/lib/python3.8/site-packages/airflow/example_dags/example_task_group_decorator.py
[2024-04-03T22:42:02.082+0000] {processor.py:830} INFO - Processing file /home/airflow/.local/lib/python3.8/site-packages/airflow/example_dags/example_task_group_decorator.py for tasks to queue
[2024-04-03T22:42:02.083+0000] {logging_mixin.py:188} INFO - [2024-04-03T22:42:02.083+0000] {dagbag.py:540} INFO - Filling up the DagBag from /home/airflow/.local/lib/python3.8/site-packages/airflow/example_dags/example_task_group_decorator.py
[2024-04-03T22:42:02.092+0000] {processor.py:840} INFO - DAG(s) 'example_task_group_decorator' retrieved from /home/airflow/.local/lib/python3.8/site-packages/airflow/example_dags/example_task_group_decorator.py
[2024-04-03T22:42:02.108+0000] {logging_mixin.py:188} INFO - [2024-04-03T22:42:02.108+0000] {dag.py:3047} INFO - Sync 1 DAGs
[2024-04-03T22:42:02.123+0000] {logging_mixin.py:188} INFO - [2024-04-03T22:42:02.122+0000] {dag.py:3834} INFO - Setting next_dagrun for example_task_group_decorator to 2024-04-02 00:00:00+00:00, run_after=2024-04-03 00:00:00+00:00
[2024-04-03T22:42:02.135+0000] {processor.py:183} INFO - Processing /home/airflow/.local/lib/python3.8/site-packages/airflow/example_dags/example_task_group_decorator.py took 0.057 seconds
[2024-04-03T22:42:32.515+0000] {processor.py:161} INFO - Started process (PID=1110) to work on /home/airflow/.local/lib/python3.8/site-packages/airflow/example_dags/example_task_group_decorator.py
[2024-04-03T22:42:32.516+0000] {processor.py:830} INFO - Processing file /home/airflow/.local/lib/python3.8/site-packages/airflow/example_dags/example_task_group_decorator.py for tasks to queue
[2024-04-03T22:42:32.517+0000] {logging_mixin.py:188} INFO - [2024-04-03T22:42:32.517+0000] {dagbag.py:540} INFO - Filling up the DagBag from /home/airflow/.local/lib/python3.8/site-packages/airflow/example_dags/example_task_group_decorator.py
[2024-04-03T22:42:32.528+0000] {processor.py:840} INFO - DAG(s) 'example_task_group_decorator' retrieved from /home/airflow/.local/lib/python3.8/site-packages/airflow/example_dags/example_task_group_decorator.py
[2024-04-03T22:42:32.547+0000] {logging_mixin.py:188} INFO - [2024-04-03T22:42:32.547+0000] {dag.py:3047} INFO - Sync 1 DAGs
[2024-04-03T22:42:32.561+0000] {logging_mixin.py:188} INFO - [2024-04-03T22:42:32.561+0000] {dag.py:3834} INFO - Setting next_dagrun for example_task_group_decorator to 2024-04-02 00:00:00+00:00, run_after=2024-04-03 00:00:00+00:00
[2024-04-03T22:42:32.576+0000] {processor.py:183} INFO - Processing /home/airflow/.local/lib/python3.8/site-packages/airflow/example_dags/example_task_group_decorator.py took 0.063 seconds
