[2024-04-03T22:24:58.006+0000] {processor.py:161} INFO - Started process (PID=54) to work on /home/airflow/.local/lib/python3.8/site-packages/airflow/example_dags/example_latest_only_with_trigger.py
[2024-04-03T22:24:58.007+0000] {processor.py:830} INFO - Processing file /home/airflow/.local/lib/python3.8/site-packages/airflow/example_dags/example_latest_only_with_trigger.py for tasks to queue
[2024-04-03T22:24:58.010+0000] {logging_mixin.py:188} INFO - [2024-04-03T22:24:58.009+0000] {dagbag.py:540} INFO - Filling up the DagBag from /home/airflow/.local/lib/python3.8/site-packages/airflow/example_dags/example_latest_only_with_trigger.py
[2024-04-03T22:24:58.019+0000] {processor.py:840} INFO - DAG(s) 'latest_only_with_trigger' retrieved from /home/airflow/.local/lib/python3.8/site-packages/airflow/example_dags/example_latest_only_with_trigger.py
[2024-04-03T22:24:58.030+0000] {logging_mixin.py:188} INFO - [2024-04-03T22:24:58.029+0000] {dag.py:3047} INFO - Sync 1 DAGs
[2024-04-03T22:24:58.053+0000] {logging_mixin.py:188} INFO - [2024-04-03T22:24:58.053+0000] {dag.py:3834} INFO - Setting next_dagrun for latest_only_with_trigger to 2024-04-03 16:00:00+00:00, run_after=2024-04-03 20:00:00+00:00
[2024-04-03T22:24:58.072+0000] {processor.py:183} INFO - Processing /home/airflow/.local/lib/python3.8/site-packages/airflow/example_dags/example_latest_only_with_trigger.py took 0.068 seconds
[2024-04-03T22:25:28.315+0000] {processor.py:161} INFO - Started process (PID=109) to work on /home/airflow/.local/lib/python3.8/site-packages/airflow/example_dags/example_latest_only_with_trigger.py
[2024-04-03T22:25:28.316+0000] {processor.py:830} INFO - Processing file /home/airflow/.local/lib/python3.8/site-packages/airflow/example_dags/example_latest_only_with_trigger.py for tasks to queue
[2024-04-03T22:25:28.318+0000] {logging_mixin.py:188} INFO - [2024-04-03T22:25:28.318+0000] {dagbag.py:540} INFO - Filling up the DagBag from /home/airflow/.local/lib/python3.8/site-packages/airflow/example_dags/example_latest_only_with_trigger.py
[2024-04-03T22:25:28.322+0000] {processor.py:840} INFO - DAG(s) 'latest_only_with_trigger' retrieved from /home/airflow/.local/lib/python3.8/site-packages/airflow/example_dags/example_latest_only_with_trigger.py
[2024-04-03T22:25:28.388+0000] {logging_mixin.py:188} INFO - [2024-04-03T22:25:28.388+0000] {dag.py:3047} INFO - Sync 1 DAGs
[2024-04-03T22:25:28.402+0000] {logging_mixin.py:188} INFO - [2024-04-03T22:25:28.401+0000] {dag.py:3834} INFO - Setting next_dagrun for latest_only_with_trigger to 2024-04-03 16:00:00+00:00, run_after=2024-04-03 20:00:00+00:00
[2024-04-03T22:25:28.415+0000] {processor.py:183} INFO - Processing /home/airflow/.local/lib/python3.8/site-packages/airflow/example_dags/example_latest_only_with_trigger.py took 0.103 seconds
[2024-04-03T22:25:58.499+0000] {processor.py:161} INFO - Started process (PID=164) to work on /home/airflow/.local/lib/python3.8/site-packages/airflow/example_dags/example_latest_only_with_trigger.py
[2024-04-03T22:25:58.500+0000] {processor.py:830} INFO - Processing file /home/airflow/.local/lib/python3.8/site-packages/airflow/example_dags/example_latest_only_with_trigger.py for tasks to queue
[2024-04-03T22:25:58.502+0000] {logging_mixin.py:188} INFO - [2024-04-03T22:25:58.501+0000] {dagbag.py:540} INFO - Filling up the DagBag from /home/airflow/.local/lib/python3.8/site-packages/airflow/example_dags/example_latest_only_with_trigger.py
[2024-04-03T22:25:58.505+0000] {processor.py:840} INFO - DAG(s) 'latest_only_with_trigger' retrieved from /home/airflow/.local/lib/python3.8/site-packages/airflow/example_dags/example_latest_only_with_trigger.py
[2024-04-03T22:25:58.520+0000] {logging_mixin.py:188} INFO - [2024-04-03T22:25:58.520+0000] {dag.py:3047} INFO - Sync 1 DAGs
[2024-04-03T22:25:58.537+0000] {logging_mixin.py:188} INFO - [2024-04-03T22:25:58.537+0000] {dag.py:3834} INFO - Setting next_dagrun for latest_only_with_trigger to 2024-04-03 16:00:00+00:00, run_after=2024-04-03 20:00:00+00:00
[2024-04-03T22:25:58.552+0000] {processor.py:183} INFO - Processing /home/airflow/.local/lib/python3.8/site-packages/airflow/example_dags/example_latest_only_with_trigger.py took 0.055 seconds
[2024-04-03T22:26:29.300+0000] {processor.py:161} INFO - Started process (PID=219) to work on /home/airflow/.local/lib/python3.8/site-packages/airflow/example_dags/example_latest_only_with_trigger.py
[2024-04-03T22:26:29.301+0000] {processor.py:830} INFO - Processing file /home/airflow/.local/lib/python3.8/site-packages/airflow/example_dags/example_latest_only_with_trigger.py for tasks to queue
[2024-04-03T22:26:29.303+0000] {logging_mixin.py:188} INFO - [2024-04-03T22:26:29.302+0000] {dagbag.py:540} INFO - Filling up the DagBag from /home/airflow/.local/lib/python3.8/site-packages/airflow/example_dags/example_latest_only_with_trigger.py
[2024-04-03T22:26:29.308+0000] {processor.py:840} INFO - DAG(s) 'latest_only_with_trigger' retrieved from /home/airflow/.local/lib/python3.8/site-packages/airflow/example_dags/example_latest_only_with_trigger.py
[2024-04-03T22:26:29.326+0000] {logging_mixin.py:188} INFO - [2024-04-03T22:26:29.325+0000] {dag.py:3047} INFO - Sync 1 DAGs
[2024-04-03T22:26:29.342+0000] {logging_mixin.py:188} INFO - [2024-04-03T22:26:29.342+0000] {dag.py:3834} INFO - Setting next_dagrun for latest_only_with_trigger to 2024-04-03 16:00:00+00:00, run_after=2024-04-03 20:00:00+00:00
[2024-04-03T22:26:29.358+0000] {processor.py:183} INFO - Processing /home/airflow/.local/lib/python3.8/site-packages/airflow/example_dags/example_latest_only_with_trigger.py took 0.061 seconds
[2024-04-03T22:26:59.442+0000] {processor.py:161} INFO - Started process (PID=274) to work on /home/airflow/.local/lib/python3.8/site-packages/airflow/example_dags/example_latest_only_with_trigger.py
[2024-04-03T22:26:59.443+0000] {processor.py:830} INFO - Processing file /home/airflow/.local/lib/python3.8/site-packages/airflow/example_dags/example_latest_only_with_trigger.py for tasks to queue
[2024-04-03T22:26:59.444+0000] {logging_mixin.py:188} INFO - [2024-04-03T22:26:59.444+0000] {dagbag.py:540} INFO - Filling up the DagBag from /home/airflow/.local/lib/python3.8/site-packages/airflow/example_dags/example_latest_only_with_trigger.py
[2024-04-03T22:26:59.447+0000] {processor.py:840} INFO - DAG(s) 'latest_only_with_trigger' retrieved from /home/airflow/.local/lib/python3.8/site-packages/airflow/example_dags/example_latest_only_with_trigger.py
[2024-04-03T22:26:59.462+0000] {logging_mixin.py:188} INFO - [2024-04-03T22:26:59.462+0000] {dag.py:3047} INFO - Sync 1 DAGs
[2024-04-03T22:26:59.475+0000] {logging_mixin.py:188} INFO - [2024-04-03T22:26:59.475+0000] {dag.py:3834} INFO - Setting next_dagrun for latest_only_with_trigger to 2024-04-03 16:00:00+00:00, run_after=2024-04-03 20:00:00+00:00
[2024-04-03T22:26:59.491+0000] {processor.py:183} INFO - Processing /home/airflow/.local/lib/python3.8/site-packages/airflow/example_dags/example_latest_only_with_trigger.py took 0.051 seconds
[2024-04-03T22:27:29.904+0000] {processor.py:161} INFO - Started process (PID=329) to work on /home/airflow/.local/lib/python3.8/site-packages/airflow/example_dags/example_latest_only_with_trigger.py
[2024-04-03T22:27:29.906+0000] {processor.py:830} INFO - Processing file /home/airflow/.local/lib/python3.8/site-packages/airflow/example_dags/example_latest_only_with_trigger.py for tasks to queue
[2024-04-03T22:27:29.907+0000] {logging_mixin.py:188} INFO - [2024-04-03T22:27:29.907+0000] {dagbag.py:540} INFO - Filling up the DagBag from /home/airflow/.local/lib/python3.8/site-packages/airflow/example_dags/example_latest_only_with_trigger.py
[2024-04-03T22:27:29.915+0000] {processor.py:840} INFO - DAG(s) 'latest_only_with_trigger' retrieved from /home/airflow/.local/lib/python3.8/site-packages/airflow/example_dags/example_latest_only_with_trigger.py
[2024-04-03T22:27:29.936+0000] {logging_mixin.py:188} INFO - [2024-04-03T22:27:29.936+0000] {dag.py:3047} INFO - Sync 1 DAGs
[2024-04-03T22:27:29.956+0000] {logging_mixin.py:188} INFO - [2024-04-03T22:27:29.956+0000] {dag.py:3834} INFO - Setting next_dagrun for latest_only_with_trigger to 2024-04-03 16:00:00+00:00, run_after=2024-04-03 20:00:00+00:00
[2024-04-03T22:27:29.971+0000] {processor.py:183} INFO - Processing /home/airflow/.local/lib/python3.8/site-packages/airflow/example_dags/example_latest_only_with_trigger.py took 0.070 seconds
[2024-04-03T22:28:00.123+0000] {processor.py:161} INFO - Started process (PID=384) to work on /home/airflow/.local/lib/python3.8/site-packages/airflow/example_dags/example_latest_only_with_trigger.py
[2024-04-03T22:28:00.124+0000] {processor.py:830} INFO - Processing file /home/airflow/.local/lib/python3.8/site-packages/airflow/example_dags/example_latest_only_with_trigger.py for tasks to queue
[2024-04-03T22:28:00.125+0000] {logging_mixin.py:188} INFO - [2024-04-03T22:28:00.125+0000] {dagbag.py:540} INFO - Filling up the DagBag from /home/airflow/.local/lib/python3.8/site-packages/airflow/example_dags/example_latest_only_with_trigger.py
[2024-04-03T22:28:00.129+0000] {processor.py:840} INFO - DAG(s) 'latest_only_with_trigger' retrieved from /home/airflow/.local/lib/python3.8/site-packages/airflow/example_dags/example_latest_only_with_trigger.py
[2024-04-03T22:28:00.144+0000] {logging_mixin.py:188} INFO - [2024-04-03T22:28:00.143+0000] {dag.py:3047} INFO - Sync 1 DAGs
[2024-04-03T22:28:00.159+0000] {logging_mixin.py:188} INFO - [2024-04-03T22:28:00.159+0000] {dag.py:3834} INFO - Setting next_dagrun for latest_only_with_trigger to 2024-04-03 16:00:00+00:00, run_after=2024-04-03 20:00:00+00:00
[2024-04-03T22:28:00.174+0000] {processor.py:183} INFO - Processing /home/airflow/.local/lib/python3.8/site-packages/airflow/example_dags/example_latest_only_with_trigger.py took 0.053 seconds
[2024-04-03T22:28:30.508+0000] {processor.py:161} INFO - Started process (PID=439) to work on /home/airflow/.local/lib/python3.8/site-packages/airflow/example_dags/example_latest_only_with_trigger.py
[2024-04-03T22:28:30.508+0000] {processor.py:830} INFO - Processing file /home/airflow/.local/lib/python3.8/site-packages/airflow/example_dags/example_latest_only_with_trigger.py for tasks to queue
[2024-04-03T22:28:30.510+0000] {logging_mixin.py:188} INFO - [2024-04-03T22:28:30.510+0000] {dagbag.py:540} INFO - Filling up the DagBag from /home/airflow/.local/lib/python3.8/site-packages/airflow/example_dags/example_latest_only_with_trigger.py
[2024-04-03T22:28:30.515+0000] {processor.py:840} INFO - DAG(s) 'latest_only_with_trigger' retrieved from /home/airflow/.local/lib/python3.8/site-packages/airflow/example_dags/example_latest_only_with_trigger.py
[2024-04-03T22:28:30.531+0000] {logging_mixin.py:188} INFO - [2024-04-03T22:28:30.531+0000] {dag.py:3047} INFO - Sync 1 DAGs
[2024-04-03T22:28:30.550+0000] {logging_mixin.py:188} INFO - [2024-04-03T22:28:30.550+0000] {dag.py:3834} INFO - Setting next_dagrun for latest_only_with_trigger to 2024-04-03 16:00:00+00:00, run_after=2024-04-03 20:00:00+00:00
[2024-04-03T22:28:30.565+0000] {processor.py:183} INFO - Processing /home/airflow/.local/lib/python3.8/site-packages/airflow/example_dags/example_latest_only_with_trigger.py took 0.059 seconds
[2024-04-03T22:29:00.982+0000] {processor.py:161} INFO - Started process (PID=494) to work on /home/airflow/.local/lib/python3.8/site-packages/airflow/example_dags/example_latest_only_with_trigger.py
[2024-04-03T22:29:00.983+0000] {processor.py:830} INFO - Processing file /home/airflow/.local/lib/python3.8/site-packages/airflow/example_dags/example_latest_only_with_trigger.py for tasks to queue
[2024-04-03T22:29:00.984+0000] {logging_mixin.py:188} INFO - [2024-04-03T22:29:00.984+0000] {dagbag.py:540} INFO - Filling up the DagBag from /home/airflow/.local/lib/python3.8/site-packages/airflow/example_dags/example_latest_only_with_trigger.py
[2024-04-03T22:29:00.988+0000] {processor.py:840} INFO - DAG(s) 'latest_only_with_trigger' retrieved from /home/airflow/.local/lib/python3.8/site-packages/airflow/example_dags/example_latest_only_with_trigger.py
[2024-04-03T22:29:01.003+0000] {logging_mixin.py:188} INFO - [2024-04-03T22:29:01.003+0000] {dag.py:3047} INFO - Sync 1 DAGs
[2024-04-03T22:29:01.019+0000] {logging_mixin.py:188} INFO - [2024-04-03T22:29:01.019+0000] {dag.py:3834} INFO - Setting next_dagrun for latest_only_with_trigger to 2024-04-03 16:00:00+00:00, run_after=2024-04-03 20:00:00+00:00
[2024-04-03T22:29:01.033+0000] {processor.py:183} INFO - Processing /home/airflow/.local/lib/python3.8/site-packages/airflow/example_dags/example_latest_only_with_trigger.py took 0.054 seconds
[2024-04-03T22:29:31.378+0000] {processor.py:161} INFO - Started process (PID=549) to work on /home/airflow/.local/lib/python3.8/site-packages/airflow/example_dags/example_latest_only_with_trigger.py
[2024-04-03T22:29:31.379+0000] {processor.py:830} INFO - Processing file /home/airflow/.local/lib/python3.8/site-packages/airflow/example_dags/example_latest_only_with_trigger.py for tasks to queue
[2024-04-03T22:29:31.380+0000] {logging_mixin.py:188} INFO - [2024-04-03T22:29:31.380+0000] {dagbag.py:540} INFO - Filling up the DagBag from /home/airflow/.local/lib/python3.8/site-packages/airflow/example_dags/example_latest_only_with_trigger.py
[2024-04-03T22:29:31.384+0000] {processor.py:840} INFO - DAG(s) 'latest_only_with_trigger' retrieved from /home/airflow/.local/lib/python3.8/site-packages/airflow/example_dags/example_latest_only_with_trigger.py
[2024-04-03T22:29:31.398+0000] {logging_mixin.py:188} INFO - [2024-04-03T22:29:31.398+0000] {dag.py:3047} INFO - Sync 1 DAGs
[2024-04-03T22:29:31.413+0000] {logging_mixin.py:188} INFO - [2024-04-03T22:29:31.413+0000] {dag.py:3834} INFO - Setting next_dagrun for latest_only_with_trigger to 2024-04-03 16:00:00+00:00, run_after=2024-04-03 20:00:00+00:00
[2024-04-03T22:29:31.427+0000] {processor.py:183} INFO - Processing /home/airflow/.local/lib/python3.8/site-packages/airflow/example_dags/example_latest_only_with_trigger.py took 0.051 seconds
[2024-04-03T22:30:01.640+0000] {processor.py:161} INFO - Started process (PID=604) to work on /home/airflow/.local/lib/python3.8/site-packages/airflow/example_dags/example_latest_only_with_trigger.py
[2024-04-03T22:30:01.641+0000] {processor.py:830} INFO - Processing file /home/airflow/.local/lib/python3.8/site-packages/airflow/example_dags/example_latest_only_with_trigger.py for tasks to queue
[2024-04-03T22:30:01.643+0000] {logging_mixin.py:188} INFO - [2024-04-03T22:30:01.643+0000] {dagbag.py:540} INFO - Filling up the DagBag from /home/airflow/.local/lib/python3.8/site-packages/airflow/example_dags/example_latest_only_with_trigger.py
[2024-04-03T22:30:01.647+0000] {processor.py:840} INFO - DAG(s) 'latest_only_with_trigger' retrieved from /home/airflow/.local/lib/python3.8/site-packages/airflow/example_dags/example_latest_only_with_trigger.py
[2024-04-03T22:30:01.664+0000] {logging_mixin.py:188} INFO - [2024-04-03T22:30:01.664+0000] {dag.py:3047} INFO - Sync 1 DAGs
[2024-04-03T22:30:01.680+0000] {logging_mixin.py:188} INFO - [2024-04-03T22:30:01.679+0000] {dag.py:3834} INFO - Setting next_dagrun for latest_only_with_trigger to 2024-04-03 16:00:00+00:00, run_after=2024-04-03 20:00:00+00:00
[2024-04-03T22:30:01.693+0000] {processor.py:183} INFO - Processing /home/airflow/.local/lib/python3.8/site-packages/airflow/example_dags/example_latest_only_with_trigger.py took 0.056 seconds
[2024-04-03T22:30:32.019+0000] {processor.py:161} INFO - Started process (PID=659) to work on /home/airflow/.local/lib/python3.8/site-packages/airflow/example_dags/example_latest_only_with_trigger.py
[2024-04-03T22:30:32.020+0000] {processor.py:830} INFO - Processing file /home/airflow/.local/lib/python3.8/site-packages/airflow/example_dags/example_latest_only_with_trigger.py for tasks to queue
[2024-04-03T22:30:32.021+0000] {logging_mixin.py:188} INFO - [2024-04-03T22:30:32.021+0000] {dagbag.py:540} INFO - Filling up the DagBag from /home/airflow/.local/lib/python3.8/site-packages/airflow/example_dags/example_latest_only_with_trigger.py
[2024-04-03T22:30:32.025+0000] {processor.py:840} INFO - DAG(s) 'latest_only_with_trigger' retrieved from /home/airflow/.local/lib/python3.8/site-packages/airflow/example_dags/example_latest_only_with_trigger.py
[2024-04-03T22:30:32.039+0000] {logging_mixin.py:188} INFO - [2024-04-03T22:30:32.038+0000] {dag.py:3047} INFO - Sync 1 DAGs
[2024-04-03T22:30:32.052+0000] {logging_mixin.py:188} INFO - [2024-04-03T22:30:32.052+0000] {dag.py:3834} INFO - Setting next_dagrun for latest_only_with_trigger to 2024-04-03 16:00:00+00:00, run_after=2024-04-03 20:00:00+00:00
[2024-04-03T22:30:32.065+0000] {processor.py:183} INFO - Processing /home/airflow/.local/lib/python3.8/site-packages/airflow/example_dags/example_latest_only_with_trigger.py took 0.048 seconds
[2024-04-03T22:31:02.353+0000] {processor.py:161} INFO - Started process (PID=714) to work on /home/airflow/.local/lib/python3.8/site-packages/airflow/example_dags/example_latest_only_with_trigger.py
[2024-04-03T22:31:02.354+0000] {processor.py:830} INFO - Processing file /home/airflow/.local/lib/python3.8/site-packages/airflow/example_dags/example_latest_only_with_trigger.py for tasks to queue
[2024-04-03T22:31:02.355+0000] {logging_mixin.py:188} INFO - [2024-04-03T22:31:02.355+0000] {dagbag.py:540} INFO - Filling up the DagBag from /home/airflow/.local/lib/python3.8/site-packages/airflow/example_dags/example_latest_only_with_trigger.py
[2024-04-03T22:31:02.359+0000] {processor.py:840} INFO - DAG(s) 'latest_only_with_trigger' retrieved from /home/airflow/.local/lib/python3.8/site-packages/airflow/example_dags/example_latest_only_with_trigger.py
[2024-04-03T22:31:02.372+0000] {logging_mixin.py:188} INFO - [2024-04-03T22:31:02.372+0000] {dag.py:3047} INFO - Sync 1 DAGs
[2024-04-03T22:31:02.387+0000] {logging_mixin.py:188} INFO - [2024-04-03T22:31:02.387+0000] {dag.py:3834} INFO - Setting next_dagrun for latest_only_with_trigger to 2024-04-03 16:00:00+00:00, run_after=2024-04-03 20:00:00+00:00
[2024-04-03T22:31:02.402+0000] {processor.py:183} INFO - Processing /home/airflow/.local/lib/python3.8/site-packages/airflow/example_dags/example_latest_only_with_trigger.py took 0.051 seconds
[2024-04-03T22:31:33.266+0000] {processor.py:161} INFO - Started process (PID=769) to work on /home/airflow/.local/lib/python3.8/site-packages/airflow/example_dags/example_latest_only_with_trigger.py
[2024-04-03T22:31:33.267+0000] {processor.py:830} INFO - Processing file /home/airflow/.local/lib/python3.8/site-packages/airflow/example_dags/example_latest_only_with_trigger.py for tasks to queue
[2024-04-03T22:31:33.269+0000] {logging_mixin.py:188} INFO - [2024-04-03T22:31:33.269+0000] {dagbag.py:540} INFO - Filling up the DagBag from /home/airflow/.local/lib/python3.8/site-packages/airflow/example_dags/example_latest_only_with_trigger.py
[2024-04-03T22:31:33.274+0000] {processor.py:840} INFO - DAG(s) 'latest_only_with_trigger' retrieved from /home/airflow/.local/lib/python3.8/site-packages/airflow/example_dags/example_latest_only_with_trigger.py
[2024-04-03T22:31:33.288+0000] {logging_mixin.py:188} INFO - [2024-04-03T22:31:33.288+0000] {dag.py:3047} INFO - Sync 1 DAGs
[2024-04-03T22:31:33.303+0000] {logging_mixin.py:188} INFO - [2024-04-03T22:31:33.302+0000] {dag.py:3834} INFO - Setting next_dagrun for latest_only_with_trigger to 2024-04-03 16:00:00+00:00, run_after=2024-04-03 20:00:00+00:00
[2024-04-03T22:31:33.316+0000] {processor.py:183} INFO - Processing /home/airflow/.local/lib/python3.8/site-packages/airflow/example_dags/example_latest_only_with_trigger.py took 0.051 seconds
[2024-04-03T22:32:03.499+0000] {processor.py:161} INFO - Started process (PID=824) to work on /home/airflow/.local/lib/python3.8/site-packages/airflow/example_dags/example_latest_only_with_trigger.py
[2024-04-03T22:32:03.500+0000] {processor.py:830} INFO - Processing file /home/airflow/.local/lib/python3.8/site-packages/airflow/example_dags/example_latest_only_with_trigger.py for tasks to queue
[2024-04-03T22:32:03.501+0000] {logging_mixin.py:188} INFO - [2024-04-03T22:32:03.501+0000] {dagbag.py:540} INFO - Filling up the DagBag from /home/airflow/.local/lib/python3.8/site-packages/airflow/example_dags/example_latest_only_with_trigger.py
[2024-04-03T22:32:03.505+0000] {processor.py:840} INFO - DAG(s) 'latest_only_with_trigger' retrieved from /home/airflow/.local/lib/python3.8/site-packages/airflow/example_dags/example_latest_only_with_trigger.py
[2024-04-03T22:32:03.520+0000] {logging_mixin.py:188} INFO - [2024-04-03T22:32:03.520+0000] {dag.py:3047} INFO - Sync 1 DAGs
[2024-04-03T22:32:03.534+0000] {logging_mixin.py:188} INFO - [2024-04-03T22:32:03.534+0000] {dag.py:3834} INFO - Setting next_dagrun for latest_only_with_trigger to 2024-04-03 16:00:00+00:00, run_after=2024-04-03 20:00:00+00:00
[2024-04-03T22:32:03.548+0000] {processor.py:183} INFO - Processing /home/airflow/.local/lib/python3.8/site-packages/airflow/example_dags/example_latest_only_with_trigger.py took 0.051 seconds
[2024-04-03T22:32:53.565+0000] {processor.py:161} INFO - Started process (PID=54) to work on /home/airflow/.local/lib/python3.8/site-packages/airflow/example_dags/example_latest_only_with_trigger.py
[2024-04-03T22:32:53.566+0000] {processor.py:830} INFO - Processing file /home/airflow/.local/lib/python3.8/site-packages/airflow/example_dags/example_latest_only_with_trigger.py for tasks to queue
[2024-04-03T22:32:53.568+0000] {logging_mixin.py:188} INFO - [2024-04-03T22:32:53.568+0000] {dagbag.py:540} INFO - Filling up the DagBag from /home/airflow/.local/lib/python3.8/site-packages/airflow/example_dags/example_latest_only_with_trigger.py
[2024-04-03T22:32:53.573+0000] {processor.py:840} INFO - DAG(s) 'latest_only_with_trigger' retrieved from /home/airflow/.local/lib/python3.8/site-packages/airflow/example_dags/example_latest_only_with_trigger.py
[2024-04-03T22:32:53.582+0000] {logging_mixin.py:188} INFO - [2024-04-03T22:32:53.581+0000] {dag.py:3047} INFO - Sync 1 DAGs
[2024-04-03T22:32:53.597+0000] {logging_mixin.py:188} INFO - [2024-04-03T22:32:53.597+0000] {dag.py:3834} INFO - Setting next_dagrun for latest_only_with_trigger to 2024-04-03 16:00:00+00:00, run_after=2024-04-03 20:00:00+00:00
[2024-04-03T22:32:53.610+0000] {processor.py:183} INFO - Processing /home/airflow/.local/lib/python3.8/site-packages/airflow/example_dags/example_latest_only_with_trigger.py took 0.047 seconds
[2024-04-03T22:33:24.301+0000] {processor.py:161} INFO - Started process (PID=109) to work on /home/airflow/.local/lib/python3.8/site-packages/airflow/example_dags/example_latest_only_with_trigger.py
[2024-04-03T22:33:24.302+0000] {processor.py:830} INFO - Processing file /home/airflow/.local/lib/python3.8/site-packages/airflow/example_dags/example_latest_only_with_trigger.py for tasks to queue
[2024-04-03T22:33:24.303+0000] {logging_mixin.py:188} INFO - [2024-04-03T22:33:24.303+0000] {dagbag.py:540} INFO - Filling up the DagBag from /home/airflow/.local/lib/python3.8/site-packages/airflow/example_dags/example_latest_only_with_trigger.py
[2024-04-03T22:33:24.307+0000] {processor.py:840} INFO - DAG(s) 'latest_only_with_trigger' retrieved from /home/airflow/.local/lib/python3.8/site-packages/airflow/example_dags/example_latest_only_with_trigger.py
[2024-04-03T22:33:24.374+0000] {logging_mixin.py:188} INFO - [2024-04-03T22:33:24.374+0000] {dag.py:3047} INFO - Sync 1 DAGs
[2024-04-03T22:33:24.388+0000] {logging_mixin.py:188} INFO - [2024-04-03T22:33:24.388+0000] {dag.py:3834} INFO - Setting next_dagrun for latest_only_with_trigger to 2024-04-03 16:00:00+00:00, run_after=2024-04-03 20:00:00+00:00
[2024-04-03T22:33:24.403+0000] {processor.py:183} INFO - Processing /home/airflow/.local/lib/python3.8/site-packages/airflow/example_dags/example_latest_only_with_trigger.py took 0.104 seconds
[2024-04-03T22:33:54.987+0000] {processor.py:161} INFO - Started process (PID=164) to work on /home/airflow/.local/lib/python3.8/site-packages/airflow/example_dags/example_latest_only_with_trigger.py
[2024-04-03T22:33:54.988+0000] {processor.py:830} INFO - Processing file /home/airflow/.local/lib/python3.8/site-packages/airflow/example_dags/example_latest_only_with_trigger.py for tasks to queue
[2024-04-03T22:33:54.990+0000] {logging_mixin.py:188} INFO - [2024-04-03T22:33:54.990+0000] {dagbag.py:540} INFO - Filling up the DagBag from /home/airflow/.local/lib/python3.8/site-packages/airflow/example_dags/example_latest_only_with_trigger.py
[2024-04-03T22:33:54.994+0000] {processor.py:840} INFO - DAG(s) 'latest_only_with_trigger' retrieved from /home/airflow/.local/lib/python3.8/site-packages/airflow/example_dags/example_latest_only_with_trigger.py
[2024-04-03T22:33:55.010+0000] {logging_mixin.py:188} INFO - [2024-04-03T22:33:55.010+0000] {dag.py:3047} INFO - Sync 1 DAGs
[2024-04-03T22:33:55.026+0000] {logging_mixin.py:188} INFO - [2024-04-03T22:33:55.026+0000] {dag.py:3834} INFO - Setting next_dagrun for latest_only_with_trigger to 2024-04-03 16:00:00+00:00, run_after=2024-04-03 20:00:00+00:00
[2024-04-03T22:33:55.042+0000] {processor.py:183} INFO - Processing /home/airflow/.local/lib/python3.8/site-packages/airflow/example_dags/example_latest_only_with_trigger.py took 0.057 seconds
[2024-04-03T22:34:25.752+0000] {processor.py:161} INFO - Started process (PID=219) to work on /home/airflow/.local/lib/python3.8/site-packages/airflow/example_dags/example_latest_only_with_trigger.py
[2024-04-03T22:34:25.753+0000] {processor.py:830} INFO - Processing file /home/airflow/.local/lib/python3.8/site-packages/airflow/example_dags/example_latest_only_with_trigger.py for tasks to queue
[2024-04-03T22:34:25.754+0000] {logging_mixin.py:188} INFO - [2024-04-03T22:34:25.754+0000] {dagbag.py:540} INFO - Filling up the DagBag from /home/airflow/.local/lib/python3.8/site-packages/airflow/example_dags/example_latest_only_with_trigger.py
[2024-04-03T22:34:25.759+0000] {processor.py:840} INFO - DAG(s) 'latest_only_with_trigger' retrieved from /home/airflow/.local/lib/python3.8/site-packages/airflow/example_dags/example_latest_only_with_trigger.py
[2024-04-03T22:34:25.778+0000] {logging_mixin.py:188} INFO - [2024-04-03T22:34:25.778+0000] {dag.py:3047} INFO - Sync 1 DAGs
[2024-04-03T22:34:25.797+0000] {logging_mixin.py:188} INFO - [2024-04-03T22:34:25.797+0000] {dag.py:3834} INFO - Setting next_dagrun for latest_only_with_trigger to 2024-04-03 16:00:00+00:00, run_after=2024-04-03 20:00:00+00:00
[2024-04-03T22:34:25.817+0000] {processor.py:183} INFO - Processing /home/airflow/.local/lib/python3.8/site-packages/airflow/example_dags/example_latest_only_with_trigger.py took 0.067 seconds
[2024-04-03T22:34:56.115+0000] {processor.py:161} INFO - Started process (PID=274) to work on /home/airflow/.local/lib/python3.8/site-packages/airflow/example_dags/example_latest_only_with_trigger.py
[2024-04-03T22:34:56.116+0000] {processor.py:830} INFO - Processing file /home/airflow/.local/lib/python3.8/site-packages/airflow/example_dags/example_latest_only_with_trigger.py for tasks to queue
[2024-04-03T22:34:56.118+0000] {logging_mixin.py:188} INFO - [2024-04-03T22:34:56.117+0000] {dagbag.py:540} INFO - Filling up the DagBag from /home/airflow/.local/lib/python3.8/site-packages/airflow/example_dags/example_latest_only_with_trigger.py
[2024-04-03T22:34:56.121+0000] {processor.py:840} INFO - DAG(s) 'latest_only_with_trigger' retrieved from /home/airflow/.local/lib/python3.8/site-packages/airflow/example_dags/example_latest_only_with_trigger.py
[2024-04-03T22:34:56.137+0000] {logging_mixin.py:188} INFO - [2024-04-03T22:34:56.137+0000] {dag.py:3047} INFO - Sync 1 DAGs
[2024-04-03T22:34:56.151+0000] {logging_mixin.py:188} INFO - [2024-04-03T22:34:56.151+0000] {dag.py:3834} INFO - Setting next_dagrun for latest_only_with_trigger to 2024-04-03 16:00:00+00:00, run_after=2024-04-03 20:00:00+00:00
[2024-04-03T22:34:56.165+0000] {processor.py:183} INFO - Processing /home/airflow/.local/lib/python3.8/site-packages/airflow/example_dags/example_latest_only_with_trigger.py took 0.053 seconds
[2024-04-03T22:35:26.358+0000] {processor.py:161} INFO - Started process (PID=328) to work on /home/airflow/.local/lib/python3.8/site-packages/airflow/example_dags/example_latest_only_with_trigger.py
[2024-04-03T22:35:26.359+0000] {processor.py:830} INFO - Processing file /home/airflow/.local/lib/python3.8/site-packages/airflow/example_dags/example_latest_only_with_trigger.py for tasks to queue
[2024-04-03T22:35:26.361+0000] {logging_mixin.py:188} INFO - [2024-04-03T22:35:26.361+0000] {dagbag.py:540} INFO - Filling up the DagBag from /home/airflow/.local/lib/python3.8/site-packages/airflow/example_dags/example_latest_only_with_trigger.py
[2024-04-03T22:35:26.365+0000] {processor.py:840} INFO - DAG(s) 'latest_only_with_trigger' retrieved from /home/airflow/.local/lib/python3.8/site-packages/airflow/example_dags/example_latest_only_with_trigger.py
[2024-04-03T22:35:26.379+0000] {logging_mixin.py:188} INFO - [2024-04-03T22:35:26.379+0000] {dag.py:3047} INFO - Sync 1 DAGs
[2024-04-03T22:35:26.394+0000] {logging_mixin.py:188} INFO - [2024-04-03T22:35:26.394+0000] {dag.py:3834} INFO - Setting next_dagrun for latest_only_with_trigger to 2024-04-03 16:00:00+00:00, run_after=2024-04-03 20:00:00+00:00
[2024-04-03T22:35:26.406+0000] {processor.py:183} INFO - Processing /home/airflow/.local/lib/python3.8/site-packages/airflow/example_dags/example_latest_only_with_trigger.py took 0.050 seconds
[2024-04-03T22:35:56.864+0000] {processor.py:161} INFO - Started process (PID=384) to work on /home/airflow/.local/lib/python3.8/site-packages/airflow/example_dags/example_latest_only_with_trigger.py
[2024-04-03T22:35:56.865+0000] {processor.py:830} INFO - Processing file /home/airflow/.local/lib/python3.8/site-packages/airflow/example_dags/example_latest_only_with_trigger.py for tasks to queue
[2024-04-03T22:35:56.866+0000] {logging_mixin.py:188} INFO - [2024-04-03T22:35:56.866+0000] {dagbag.py:540} INFO - Filling up the DagBag from /home/airflow/.local/lib/python3.8/site-packages/airflow/example_dags/example_latest_only_with_trigger.py
[2024-04-03T22:35:56.870+0000] {processor.py:840} INFO - DAG(s) 'latest_only_with_trigger' retrieved from /home/airflow/.local/lib/python3.8/site-packages/airflow/example_dags/example_latest_only_with_trigger.py
[2024-04-03T22:35:56.885+0000] {logging_mixin.py:188} INFO - [2024-04-03T22:35:56.885+0000] {dag.py:3047} INFO - Sync 1 DAGs
[2024-04-03T22:35:56.899+0000] {logging_mixin.py:188} INFO - [2024-04-03T22:35:56.899+0000] {dag.py:3834} INFO - Setting next_dagrun for latest_only_with_trigger to 2024-04-03 16:00:00+00:00, run_after=2024-04-03 20:00:00+00:00
[2024-04-03T22:35:56.913+0000] {processor.py:183} INFO - Processing /home/airflow/.local/lib/python3.8/site-packages/airflow/example_dags/example_latest_only_with_trigger.py took 0.050 seconds
[2024-04-03T22:36:27.522+0000] {processor.py:161} INFO - Started process (PID=439) to work on /home/airflow/.local/lib/python3.8/site-packages/airflow/example_dags/example_latest_only_with_trigger.py
[2024-04-03T22:36:27.523+0000] {processor.py:830} INFO - Processing file /home/airflow/.local/lib/python3.8/site-packages/airflow/example_dags/example_latest_only_with_trigger.py for tasks to queue
[2024-04-03T22:36:27.524+0000] {logging_mixin.py:188} INFO - [2024-04-03T22:36:27.524+0000] {dagbag.py:540} INFO - Filling up the DagBag from /home/airflow/.local/lib/python3.8/site-packages/airflow/example_dags/example_latest_only_with_trigger.py
[2024-04-03T22:36:27.528+0000] {processor.py:840} INFO - DAG(s) 'latest_only_with_trigger' retrieved from /home/airflow/.local/lib/python3.8/site-packages/airflow/example_dags/example_latest_only_with_trigger.py
[2024-04-03T22:36:27.544+0000] {logging_mixin.py:188} INFO - [2024-04-03T22:36:27.544+0000] {dag.py:3047} INFO - Sync 1 DAGs
[2024-04-03T22:36:27.558+0000] {logging_mixin.py:188} INFO - [2024-04-03T22:36:27.558+0000] {dag.py:3834} INFO - Setting next_dagrun for latest_only_with_trigger to 2024-04-03 16:00:00+00:00, run_after=2024-04-03 20:00:00+00:00
[2024-04-03T22:36:27.573+0000] {processor.py:183} INFO - Processing /home/airflow/.local/lib/python3.8/site-packages/airflow/example_dags/example_latest_only_with_trigger.py took 0.053 seconds
[2024-04-03T22:36:57.733+0000] {processor.py:161} INFO - Started process (PID=494) to work on /home/airflow/.local/lib/python3.8/site-packages/airflow/example_dags/example_latest_only_with_trigger.py
[2024-04-03T22:36:57.734+0000] {processor.py:830} INFO - Processing file /home/airflow/.local/lib/python3.8/site-packages/airflow/example_dags/example_latest_only_with_trigger.py for tasks to queue
[2024-04-03T22:36:57.735+0000] {logging_mixin.py:188} INFO - [2024-04-03T22:36:57.735+0000] {dagbag.py:540} INFO - Filling up the DagBag from /home/airflow/.local/lib/python3.8/site-packages/airflow/example_dags/example_latest_only_with_trigger.py
[2024-04-03T22:36:57.739+0000] {processor.py:840} INFO - DAG(s) 'latest_only_with_trigger' retrieved from /home/airflow/.local/lib/python3.8/site-packages/airflow/example_dags/example_latest_only_with_trigger.py
[2024-04-03T22:36:57.753+0000] {logging_mixin.py:188} INFO - [2024-04-03T22:36:57.753+0000] {dag.py:3047} INFO - Sync 1 DAGs
[2024-04-03T22:36:57.767+0000] {logging_mixin.py:188} INFO - [2024-04-03T22:36:57.767+0000] {dag.py:3834} INFO - Setting next_dagrun for latest_only_with_trigger to 2024-04-03 16:00:00+00:00, run_after=2024-04-03 20:00:00+00:00
[2024-04-03T22:36:57.782+0000] {processor.py:183} INFO - Processing /home/airflow/.local/lib/python3.8/site-packages/airflow/example_dags/example_latest_only_with_trigger.py took 0.051 seconds
[2024-04-03T22:37:28.276+0000] {processor.py:161} INFO - Started process (PID=548) to work on /home/airflow/.local/lib/python3.8/site-packages/airflow/example_dags/example_latest_only_with_trigger.py
[2024-04-03T22:37:28.277+0000] {processor.py:830} INFO - Processing file /home/airflow/.local/lib/python3.8/site-packages/airflow/example_dags/example_latest_only_with_trigger.py for tasks to queue
[2024-04-03T22:37:28.278+0000] {logging_mixin.py:188} INFO - [2024-04-03T22:37:28.278+0000] {dagbag.py:540} INFO - Filling up the DagBag from /home/airflow/.local/lib/python3.8/site-packages/airflow/example_dags/example_latest_only_with_trigger.py
[2024-04-03T22:37:28.283+0000] {processor.py:840} INFO - DAG(s) 'latest_only_with_trigger' retrieved from /home/airflow/.local/lib/python3.8/site-packages/airflow/example_dags/example_latest_only_with_trigger.py
[2024-04-03T22:37:28.310+0000] {logging_mixin.py:188} INFO - [2024-04-03T22:37:28.310+0000] {dag.py:3047} INFO - Sync 1 DAGs
[2024-04-03T22:37:28.325+0000] {logging_mixin.py:188} INFO - [2024-04-03T22:37:28.325+0000] {dag.py:3834} INFO - Setting next_dagrun for latest_only_with_trigger to 2024-04-03 16:00:00+00:00, run_after=2024-04-03 20:00:00+00:00
[2024-04-03T22:37:28.340+0000] {processor.py:183} INFO - Processing /home/airflow/.local/lib/python3.8/site-packages/airflow/example_dags/example_latest_only_with_trigger.py took 0.067 seconds
[2024-04-03T22:37:58.786+0000] {processor.py:161} INFO - Started process (PID=604) to work on /home/airflow/.local/lib/python3.8/site-packages/airflow/example_dags/example_latest_only_with_trigger.py
[2024-04-03T22:37:58.787+0000] {processor.py:830} INFO - Processing file /home/airflow/.local/lib/python3.8/site-packages/airflow/example_dags/example_latest_only_with_trigger.py for tasks to queue
[2024-04-03T22:37:58.788+0000] {logging_mixin.py:188} INFO - [2024-04-03T22:37:58.788+0000] {dagbag.py:540} INFO - Filling up the DagBag from /home/airflow/.local/lib/python3.8/site-packages/airflow/example_dags/example_latest_only_with_trigger.py
[2024-04-03T22:37:58.792+0000] {processor.py:840} INFO - DAG(s) 'latest_only_with_trigger' retrieved from /home/airflow/.local/lib/python3.8/site-packages/airflow/example_dags/example_latest_only_with_trigger.py
[2024-04-03T22:37:58.808+0000] {logging_mixin.py:188} INFO - [2024-04-03T22:37:58.808+0000] {dag.py:3047} INFO - Sync 1 DAGs
[2024-04-03T22:37:58.823+0000] {logging_mixin.py:188} INFO - [2024-04-03T22:37:58.823+0000] {dag.py:3834} INFO - Setting next_dagrun for latest_only_with_trigger to 2024-04-03 16:00:00+00:00, run_after=2024-04-03 20:00:00+00:00
[2024-04-03T22:37:58.837+0000] {processor.py:183} INFO - Processing /home/airflow/.local/lib/python3.8/site-packages/airflow/example_dags/example_latest_only_with_trigger.py took 0.053 seconds
[2024-04-03T22:38:29.122+0000] {processor.py:161} INFO - Started process (PID=659) to work on /home/airflow/.local/lib/python3.8/site-packages/airflow/example_dags/example_latest_only_with_trigger.py
[2024-04-03T22:38:29.123+0000] {processor.py:830} INFO - Processing file /home/airflow/.local/lib/python3.8/site-packages/airflow/example_dags/example_latest_only_with_trigger.py for tasks to queue
[2024-04-03T22:38:29.124+0000] {logging_mixin.py:188} INFO - [2024-04-03T22:38:29.124+0000] {dagbag.py:540} INFO - Filling up the DagBag from /home/airflow/.local/lib/python3.8/site-packages/airflow/example_dags/example_latest_only_with_trigger.py
[2024-04-03T22:38:29.129+0000] {processor.py:840} INFO - DAG(s) 'latest_only_with_trigger' retrieved from /home/airflow/.local/lib/python3.8/site-packages/airflow/example_dags/example_latest_only_with_trigger.py
[2024-04-03T22:38:29.147+0000] {logging_mixin.py:188} INFO - [2024-04-03T22:38:29.147+0000] {dag.py:3047} INFO - Sync 1 DAGs
[2024-04-03T22:38:29.162+0000] {logging_mixin.py:188} INFO - [2024-04-03T22:38:29.162+0000] {dag.py:3834} INFO - Setting next_dagrun for latest_only_with_trigger to 2024-04-03 16:00:00+00:00, run_after=2024-04-03 20:00:00+00:00
[2024-04-03T22:38:29.178+0000] {processor.py:183} INFO - Processing /home/airflow/.local/lib/python3.8/site-packages/airflow/example_dags/example_latest_only_with_trigger.py took 0.058 seconds
[2024-04-03T22:38:59.393+0000] {processor.py:161} INFO - Started process (PID=714) to work on /home/airflow/.local/lib/python3.8/site-packages/airflow/example_dags/example_latest_only_with_trigger.py
[2024-04-03T22:38:59.394+0000] {processor.py:830} INFO - Processing file /home/airflow/.local/lib/python3.8/site-packages/airflow/example_dags/example_latest_only_with_trigger.py for tasks to queue
[2024-04-03T22:38:59.396+0000] {logging_mixin.py:188} INFO - [2024-04-03T22:38:59.396+0000] {dagbag.py:540} INFO - Filling up the DagBag from /home/airflow/.local/lib/python3.8/site-packages/airflow/example_dags/example_latest_only_with_trigger.py
[2024-04-03T22:38:59.402+0000] {processor.py:840} INFO - DAG(s) 'latest_only_with_trigger' retrieved from /home/airflow/.local/lib/python3.8/site-packages/airflow/example_dags/example_latest_only_with_trigger.py
[2024-04-03T22:38:59.416+0000] {logging_mixin.py:188} INFO - [2024-04-03T22:38:59.416+0000] {dag.py:3047} INFO - Sync 1 DAGs
[2024-04-03T22:38:59.431+0000] {logging_mixin.py:188} INFO - [2024-04-03T22:38:59.431+0000] {dag.py:3834} INFO - Setting next_dagrun for latest_only_with_trigger to 2024-04-03 16:00:00+00:00, run_after=2024-04-03 20:00:00+00:00
[2024-04-03T22:38:59.445+0000] {processor.py:183} INFO - Processing /home/airflow/.local/lib/python3.8/site-packages/airflow/example_dags/example_latest_only_with_trigger.py took 0.054 seconds
[2024-04-03T22:39:29.712+0000] {processor.py:161} INFO - Started process (PID=768) to work on /home/airflow/.local/lib/python3.8/site-packages/airflow/example_dags/example_latest_only_with_trigger.py
[2024-04-03T22:39:29.713+0000] {processor.py:830} INFO - Processing file /home/airflow/.local/lib/python3.8/site-packages/airflow/example_dags/example_latest_only_with_trigger.py for tasks to queue
[2024-04-03T22:39:29.715+0000] {logging_mixin.py:188} INFO - [2024-04-03T22:39:29.715+0000] {dagbag.py:540} INFO - Filling up the DagBag from /home/airflow/.local/lib/python3.8/site-packages/airflow/example_dags/example_latest_only_with_trigger.py
[2024-04-03T22:39:29.719+0000] {processor.py:840} INFO - DAG(s) 'latest_only_with_trigger' retrieved from /home/airflow/.local/lib/python3.8/site-packages/airflow/example_dags/example_latest_only_with_trigger.py
[2024-04-03T22:39:29.734+0000] {logging_mixin.py:188} INFO - [2024-04-03T22:39:29.733+0000] {dag.py:3047} INFO - Sync 1 DAGs
[2024-04-03T22:39:29.749+0000] {logging_mixin.py:188} INFO - [2024-04-03T22:39:29.749+0000] {dag.py:3834} INFO - Setting next_dagrun for latest_only_with_trigger to 2024-04-03 16:00:00+00:00, run_after=2024-04-03 20:00:00+00:00
[2024-04-03T22:39:29.766+0000] {processor.py:183} INFO - Processing /home/airflow/.local/lib/python3.8/site-packages/airflow/example_dags/example_latest_only_with_trigger.py took 0.056 seconds
[2024-04-03T22:39:59.873+0000] {processor.py:161} INFO - Started process (PID=823) to work on /home/airflow/.local/lib/python3.8/site-packages/airflow/example_dags/example_latest_only_with_trigger.py
[2024-04-03T22:39:59.874+0000] {processor.py:830} INFO - Processing file /home/airflow/.local/lib/python3.8/site-packages/airflow/example_dags/example_latest_only_with_trigger.py for tasks to queue
[2024-04-03T22:39:59.875+0000] {logging_mixin.py:188} INFO - [2024-04-03T22:39:59.875+0000] {dagbag.py:540} INFO - Filling up the DagBag from /home/airflow/.local/lib/python3.8/site-packages/airflow/example_dags/example_latest_only_with_trigger.py
[2024-04-03T22:39:59.879+0000] {processor.py:840} INFO - DAG(s) 'latest_only_with_trigger' retrieved from /home/airflow/.local/lib/python3.8/site-packages/airflow/example_dags/example_latest_only_with_trigger.py
[2024-04-03T22:39:59.894+0000] {logging_mixin.py:188} INFO - [2024-04-03T22:39:59.894+0000] {dag.py:3047} INFO - Sync 1 DAGs
[2024-04-03T22:39:59.908+0000] {logging_mixin.py:188} INFO - [2024-04-03T22:39:59.908+0000] {dag.py:3834} INFO - Setting next_dagrun for latest_only_with_trigger to 2024-04-03 16:00:00+00:00, run_after=2024-04-03 20:00:00+00:00
[2024-04-03T22:39:59.922+0000] {processor.py:183} INFO - Processing /home/airflow/.local/lib/python3.8/site-packages/airflow/example_dags/example_latest_only_with_trigger.py took 0.051 seconds
[2024-04-03T22:40:30.243+0000] {processor.py:161} INFO - Started process (PID=878) to work on /home/airflow/.local/lib/python3.8/site-packages/airflow/example_dags/example_latest_only_with_trigger.py
[2024-04-03T22:40:30.244+0000] {processor.py:830} INFO - Processing file /home/airflow/.local/lib/python3.8/site-packages/airflow/example_dags/example_latest_only_with_trigger.py for tasks to queue
[2024-04-03T22:40:30.246+0000] {logging_mixin.py:188} INFO - [2024-04-03T22:40:30.246+0000] {dagbag.py:540} INFO - Filling up the DagBag from /home/airflow/.local/lib/python3.8/site-packages/airflow/example_dags/example_latest_only_with_trigger.py
[2024-04-03T22:40:30.250+0000] {processor.py:840} INFO - DAG(s) 'latest_only_with_trigger' retrieved from /home/airflow/.local/lib/python3.8/site-packages/airflow/example_dags/example_latest_only_with_trigger.py
[2024-04-03T22:40:30.264+0000] {logging_mixin.py:188} INFO - [2024-04-03T22:40:30.264+0000] {dag.py:3047} INFO - Sync 1 DAGs
[2024-04-03T22:40:30.279+0000] {logging_mixin.py:188} INFO - [2024-04-03T22:40:30.279+0000] {dag.py:3834} INFO - Setting next_dagrun for latest_only_with_trigger to 2024-04-03 16:00:00+00:00, run_after=2024-04-03 20:00:00+00:00
[2024-04-03T22:40:30.293+0000] {processor.py:183} INFO - Processing /home/airflow/.local/lib/python3.8/site-packages/airflow/example_dags/example_latest_only_with_trigger.py took 0.052 seconds
[2024-04-03T22:41:00.687+0000] {processor.py:161} INFO - Started process (PID=933) to work on /home/airflow/.local/lib/python3.8/site-packages/airflow/example_dags/example_latest_only_with_trigger.py
[2024-04-03T22:41:00.688+0000] {processor.py:830} INFO - Processing file /home/airflow/.local/lib/python3.8/site-packages/airflow/example_dags/example_latest_only_with_trigger.py for tasks to queue
[2024-04-03T22:41:00.690+0000] {logging_mixin.py:188} INFO - [2024-04-03T22:41:00.690+0000] {dagbag.py:540} INFO - Filling up the DagBag from /home/airflow/.local/lib/python3.8/site-packages/airflow/example_dags/example_latest_only_with_trigger.py
[2024-04-03T22:41:00.694+0000] {processor.py:840} INFO - DAG(s) 'latest_only_with_trigger' retrieved from /home/airflow/.local/lib/python3.8/site-packages/airflow/example_dags/example_latest_only_with_trigger.py
[2024-04-03T22:41:00.709+0000] {logging_mixin.py:188} INFO - [2024-04-03T22:41:00.709+0000] {dag.py:3047} INFO - Sync 1 DAGs
[2024-04-03T22:41:00.723+0000] {logging_mixin.py:188} INFO - [2024-04-03T22:41:00.723+0000] {dag.py:3834} INFO - Setting next_dagrun for latest_only_with_trigger to 2024-04-03 16:00:00+00:00, run_after=2024-04-03 20:00:00+00:00
[2024-04-03T22:41:00.736+0000] {processor.py:183} INFO - Processing /home/airflow/.local/lib/python3.8/site-packages/airflow/example_dags/example_latest_only_with_trigger.py took 0.051 seconds
[2024-04-03T22:41:31.161+0000] {processor.py:161} INFO - Started process (PID=988) to work on /home/airflow/.local/lib/python3.8/site-packages/airflow/example_dags/example_latest_only_with_trigger.py
[2024-04-03T22:41:31.162+0000] {processor.py:830} INFO - Processing file /home/airflow/.local/lib/python3.8/site-packages/airflow/example_dags/example_latest_only_with_trigger.py for tasks to queue
[2024-04-03T22:41:31.164+0000] {logging_mixin.py:188} INFO - [2024-04-03T22:41:31.164+0000] {dagbag.py:540} INFO - Filling up the DagBag from /home/airflow/.local/lib/python3.8/site-packages/airflow/example_dags/example_latest_only_with_trigger.py
[2024-04-03T22:41:31.168+0000] {processor.py:840} INFO - DAG(s) 'latest_only_with_trigger' retrieved from /home/airflow/.local/lib/python3.8/site-packages/airflow/example_dags/example_latest_only_with_trigger.py
[2024-04-03T22:41:31.182+0000] {logging_mixin.py:188} INFO - [2024-04-03T22:41:31.182+0000] {dag.py:3047} INFO - Sync 1 DAGs
[2024-04-03T22:41:31.197+0000] {logging_mixin.py:188} INFO - [2024-04-03T22:41:31.197+0000] {dag.py:3834} INFO - Setting next_dagrun for latest_only_with_trigger to 2024-04-03 16:00:00+00:00, run_after=2024-04-03 20:00:00+00:00
[2024-04-03T22:41:31.210+0000] {processor.py:183} INFO - Processing /home/airflow/.local/lib/python3.8/site-packages/airflow/example_dags/example_latest_only_with_trigger.py took 0.050 seconds
[2024-04-03T22:42:01.580+0000] {processor.py:161} INFO - Started process (PID=1043) to work on /home/airflow/.local/lib/python3.8/site-packages/airflow/example_dags/example_latest_only_with_trigger.py
[2024-04-03T22:42:01.580+0000] {processor.py:830} INFO - Processing file /home/airflow/.local/lib/python3.8/site-packages/airflow/example_dags/example_latest_only_with_trigger.py for tasks to queue
[2024-04-03T22:42:01.582+0000] {logging_mixin.py:188} INFO - [2024-04-03T22:42:01.582+0000] {dagbag.py:540} INFO - Filling up the DagBag from /home/airflow/.local/lib/python3.8/site-packages/airflow/example_dags/example_latest_only_with_trigger.py
[2024-04-03T22:42:01.586+0000] {processor.py:840} INFO - DAG(s) 'latest_only_with_trigger' retrieved from /home/airflow/.local/lib/python3.8/site-packages/airflow/example_dags/example_latest_only_with_trigger.py
[2024-04-03T22:42:01.608+0000] {logging_mixin.py:188} INFO - [2024-04-03T22:42:01.607+0000] {dag.py:3047} INFO - Sync 1 DAGs
[2024-04-03T22:42:01.623+0000] {logging_mixin.py:188} INFO - [2024-04-03T22:42:01.623+0000] {dag.py:3834} INFO - Setting next_dagrun for latest_only_with_trigger to 2024-04-03 16:00:00+00:00, run_after=2024-04-03 20:00:00+00:00
[2024-04-03T22:42:01.636+0000] {processor.py:183} INFO - Processing /home/airflow/.local/lib/python3.8/site-packages/airflow/example_dags/example_latest_only_with_trigger.py took 0.059 seconds
[2024-04-03T22:42:31.880+0000] {processor.py:161} INFO - Started process (PID=1098) to work on /home/airflow/.local/lib/python3.8/site-packages/airflow/example_dags/example_latest_only_with_trigger.py
[2024-04-03T22:42:31.881+0000] {processor.py:830} INFO - Processing file /home/airflow/.local/lib/python3.8/site-packages/airflow/example_dags/example_latest_only_with_trigger.py for tasks to queue
[2024-04-03T22:42:31.882+0000] {logging_mixin.py:188} INFO - [2024-04-03T22:42:31.882+0000] {dagbag.py:540} INFO - Filling up the DagBag from /home/airflow/.local/lib/python3.8/site-packages/airflow/example_dags/example_latest_only_with_trigger.py
[2024-04-03T22:42:31.885+0000] {processor.py:840} INFO - DAG(s) 'latest_only_with_trigger' retrieved from /home/airflow/.local/lib/python3.8/site-packages/airflow/example_dags/example_latest_only_with_trigger.py
[2024-04-03T22:42:31.899+0000] {logging_mixin.py:188} INFO - [2024-04-03T22:42:31.899+0000] {dag.py:3047} INFO - Sync 1 DAGs
[2024-04-03T22:42:31.913+0000] {logging_mixin.py:188} INFO - [2024-04-03T22:42:31.913+0000] {dag.py:3834} INFO - Setting next_dagrun for latest_only_with_trigger to 2024-04-03 16:00:00+00:00, run_after=2024-04-03 20:00:00+00:00
[2024-04-03T22:42:31.928+0000] {processor.py:183} INFO - Processing /home/airflow/.local/lib/python3.8/site-packages/airflow/example_dags/example_latest_only_with_trigger.py took 0.050 seconds
