[2024-04-03T22:24:58.933+0000] {processor.py:161} INFO - Started process (PID=68) to work on /home/airflow/.local/lib/python3.8/site-packages/airflow/example_dags/example_branch_python_dop_operator_3.py
[2024-04-03T22:24:58.934+0000] {processor.py:830} INFO - Processing file /home/airflow/.local/lib/python3.8/site-packages/airflow/example_dags/example_branch_python_dop_operator_3.py for tasks to queue
[2024-04-03T22:24:58.936+0000] {logging_mixin.py:188} INFO - [2024-04-03T22:24:58.936+0000] {dagbag.py:540} INFO - Filling up the DagBag from /home/airflow/.local/lib/python3.8/site-packages/airflow/example_dags/example_branch_python_dop_operator_3.py
[2024-04-03T22:24:58.947+0000] {processor.py:840} INFO - DAG(s) 'example_branch_dop_operator_v3' retrieved from /home/airflow/.local/lib/python3.8/site-packages/airflow/example_dags/example_branch_python_dop_operator_3.py
[2024-04-03T22:24:58.958+0000] {logging_mixin.py:188} INFO - [2024-04-03T22:24:58.957+0000] {dag.py:3047} INFO - Sync 1 DAGs
[2024-04-03T22:24:58.980+0000] {logging_mixin.py:188} INFO - [2024-04-03T22:24:58.980+0000] {dag.py:3834} INFO - Setting next_dagrun for example_branch_dop_operator_v3 to 2024-04-03 22:23:00+00:00, run_after=2024-04-03 22:24:00+00:00
[2024-04-03T22:24:58.998+0000] {processor.py:183} INFO - Processing /home/airflow/.local/lib/python3.8/site-packages/airflow/example_dags/example_branch_python_dop_operator_3.py took 0.068 seconds
[2024-04-03T22:25:29.331+0000] {processor.py:161} INFO - Started process (PID=123) to work on /home/airflow/.local/lib/python3.8/site-packages/airflow/example_dags/example_branch_python_dop_operator_3.py
[2024-04-03T22:25:29.332+0000] {processor.py:830} INFO - Processing file /home/airflow/.local/lib/python3.8/site-packages/airflow/example_dags/example_branch_python_dop_operator_3.py for tasks to queue
[2024-04-03T22:25:29.333+0000] {logging_mixin.py:188} INFO - [2024-04-03T22:25:29.333+0000] {dagbag.py:540} INFO - Filling up the DagBag from /home/airflow/.local/lib/python3.8/site-packages/airflow/example_dags/example_branch_python_dop_operator_3.py
[2024-04-03T22:25:29.340+0000] {processor.py:840} INFO - DAG(s) 'example_branch_dop_operator_v3' retrieved from /home/airflow/.local/lib/python3.8/site-packages/airflow/example_dags/example_branch_python_dop_operator_3.py
[2024-04-03T22:25:29.401+0000] {logging_mixin.py:188} INFO - [2024-04-03T22:25:29.401+0000] {dag.py:3047} INFO - Sync 1 DAGs
[2024-04-03T22:25:29.416+0000] {logging_mixin.py:188} INFO - [2024-04-03T22:25:29.416+0000] {dag.py:3834} INFO - Setting next_dagrun for example_branch_dop_operator_v3 to 2024-04-03 22:24:00+00:00, run_after=2024-04-03 22:25:00+00:00
[2024-04-03T22:25:29.430+0000] {processor.py:183} INFO - Processing /home/airflow/.local/lib/python3.8/site-packages/airflow/example_dags/example_branch_python_dop_operator_3.py took 0.101 seconds
[2024-04-03T22:26:00.399+0000] {processor.py:161} INFO - Started process (PID=178) to work on /home/airflow/.local/lib/python3.8/site-packages/airflow/example_dags/example_branch_python_dop_operator_3.py
[2024-04-03T22:26:00.412+0000] {processor.py:830} INFO - Processing file /home/airflow/.local/lib/python3.8/site-packages/airflow/example_dags/example_branch_python_dop_operator_3.py for tasks to queue
[2024-04-03T22:26:00.414+0000] {logging_mixin.py:188} INFO - [2024-04-03T22:26:00.414+0000] {dagbag.py:540} INFO - Filling up the DagBag from /home/airflow/.local/lib/python3.8/site-packages/airflow/example_dags/example_branch_python_dop_operator_3.py
[2024-04-03T22:26:00.421+0000] {processor.py:840} INFO - DAG(s) 'example_branch_dop_operator_v3' retrieved from /home/airflow/.local/lib/python3.8/site-packages/airflow/example_dags/example_branch_python_dop_operator_3.py
[2024-04-03T22:26:00.435+0000] {logging_mixin.py:188} INFO - [2024-04-03T22:26:00.434+0000] {dag.py:3047} INFO - Sync 1 DAGs
[2024-04-03T22:26:00.452+0000] {logging_mixin.py:188} INFO - [2024-04-03T22:26:00.452+0000] {dag.py:3834} INFO - Setting next_dagrun for example_branch_dop_operator_v3 to 2024-04-03 22:25:00+00:00, run_after=2024-04-03 22:26:00+00:00
[2024-04-03T22:26:00.466+0000] {processor.py:183} INFO - Processing /home/airflow/.local/lib/python3.8/site-packages/airflow/example_dags/example_branch_python_dop_operator_3.py took 0.070 seconds
[2024-04-03T22:26:30.528+0000] {processor.py:161} INFO - Started process (PID=233) to work on /home/airflow/.local/lib/python3.8/site-packages/airflow/example_dags/example_branch_python_dop_operator_3.py
[2024-04-03T22:26:30.550+0000] {processor.py:830} INFO - Processing file /home/airflow/.local/lib/python3.8/site-packages/airflow/example_dags/example_branch_python_dop_operator_3.py for tasks to queue
[2024-04-03T22:26:30.559+0000] {logging_mixin.py:188} INFO - [2024-04-03T22:26:30.559+0000] {dagbag.py:540} INFO - Filling up the DagBag from /home/airflow/.local/lib/python3.8/site-packages/airflow/example_dags/example_branch_python_dop_operator_3.py
[2024-04-03T22:26:30.591+0000] {processor.py:840} INFO - DAG(s) 'example_branch_dop_operator_v3' retrieved from /home/airflow/.local/lib/python3.8/site-packages/airflow/example_dags/example_branch_python_dop_operator_3.py
[2024-04-03T22:26:30.610+0000] {logging_mixin.py:188} INFO - [2024-04-03T22:26:30.610+0000] {dag.py:3047} INFO - Sync 1 DAGs
[2024-04-03T22:26:30.628+0000] {logging_mixin.py:188} INFO - [2024-04-03T22:26:30.627+0000] {dag.py:3834} INFO - Setting next_dagrun for example_branch_dop_operator_v3 to 2024-04-03 22:25:00+00:00, run_after=2024-04-03 22:26:00+00:00
[2024-04-03T22:26:30.644+0000] {processor.py:183} INFO - Processing /home/airflow/.local/lib/python3.8/site-packages/airflow/example_dags/example_branch_python_dop_operator_3.py took 0.119 seconds
[2024-04-03T22:27:01.148+0000] {processor.py:161} INFO - Started process (PID=288) to work on /home/airflow/.local/lib/python3.8/site-packages/airflow/example_dags/example_branch_python_dop_operator_3.py
[2024-04-03T22:27:01.148+0000] {processor.py:830} INFO - Processing file /home/airflow/.local/lib/python3.8/site-packages/airflow/example_dags/example_branch_python_dop_operator_3.py for tasks to queue
[2024-04-03T22:27:01.150+0000] {logging_mixin.py:188} INFO - [2024-04-03T22:27:01.150+0000] {dagbag.py:540} INFO - Filling up the DagBag from /home/airflow/.local/lib/python3.8/site-packages/airflow/example_dags/example_branch_python_dop_operator_3.py
[2024-04-03T22:27:01.156+0000] {processor.py:840} INFO - DAG(s) 'example_branch_dop_operator_v3' retrieved from /home/airflow/.local/lib/python3.8/site-packages/airflow/example_dags/example_branch_python_dop_operator_3.py
[2024-04-03T22:27:01.169+0000] {logging_mixin.py:188} INFO - [2024-04-03T22:27:01.168+0000] {dag.py:3047} INFO - Sync 1 DAGs
[2024-04-03T22:27:01.185+0000] {logging_mixin.py:188} INFO - [2024-04-03T22:27:01.185+0000] {dag.py:3834} INFO - Setting next_dagrun for example_branch_dop_operator_v3 to 2024-04-03 22:26:00+00:00, run_after=2024-04-03 22:27:00+00:00
[2024-04-03T22:27:01.201+0000] {processor.py:183} INFO - Processing /home/airflow/.local/lib/python3.8/site-packages/airflow/example_dags/example_branch_python_dop_operator_3.py took 0.055 seconds
[2024-04-03T22:27:31.554+0000] {processor.py:161} INFO - Started process (PID=343) to work on /home/airflow/.local/lib/python3.8/site-packages/airflow/example_dags/example_branch_python_dop_operator_3.py
[2024-04-03T22:27:31.555+0000] {processor.py:830} INFO - Processing file /home/airflow/.local/lib/python3.8/site-packages/airflow/example_dags/example_branch_python_dop_operator_3.py for tasks to queue
[2024-04-03T22:27:31.556+0000] {logging_mixin.py:188} INFO - [2024-04-03T22:27:31.556+0000] {dagbag.py:540} INFO - Filling up the DagBag from /home/airflow/.local/lib/python3.8/site-packages/airflow/example_dags/example_branch_python_dop_operator_3.py
[2024-04-03T22:27:31.562+0000] {processor.py:840} INFO - DAG(s) 'example_branch_dop_operator_v3' retrieved from /home/airflow/.local/lib/python3.8/site-packages/airflow/example_dags/example_branch_python_dop_operator_3.py
[2024-04-03T22:27:31.575+0000] {logging_mixin.py:188} INFO - [2024-04-03T22:27:31.575+0000] {dag.py:3047} INFO - Sync 1 DAGs
[2024-04-03T22:27:31.593+0000] {logging_mixin.py:188} INFO - [2024-04-03T22:27:31.593+0000] {dag.py:3834} INFO - Setting next_dagrun for example_branch_dop_operator_v3 to 2024-04-03 22:26:00+00:00, run_after=2024-04-03 22:27:00+00:00
[2024-04-03T22:27:31.608+0000] {processor.py:183} INFO - Processing /home/airflow/.local/lib/python3.8/site-packages/airflow/example_dags/example_branch_python_dop_operator_3.py took 0.056 seconds
[2024-04-03T22:28:01.758+0000] {processor.py:161} INFO - Started process (PID=398) to work on /home/airflow/.local/lib/python3.8/site-packages/airflow/example_dags/example_branch_python_dop_operator_3.py
[2024-04-03T22:28:01.759+0000] {processor.py:830} INFO - Processing file /home/airflow/.local/lib/python3.8/site-packages/airflow/example_dags/example_branch_python_dop_operator_3.py for tasks to queue
[2024-04-03T22:28:01.760+0000] {logging_mixin.py:188} INFO - [2024-04-03T22:28:01.760+0000] {dagbag.py:540} INFO - Filling up the DagBag from /home/airflow/.local/lib/python3.8/site-packages/airflow/example_dags/example_branch_python_dop_operator_3.py
[2024-04-03T22:28:01.765+0000] {processor.py:840} INFO - DAG(s) 'example_branch_dop_operator_v3' retrieved from /home/airflow/.local/lib/python3.8/site-packages/airflow/example_dags/example_branch_python_dop_operator_3.py
[2024-04-03T22:28:01.779+0000] {logging_mixin.py:188} INFO - [2024-04-03T22:28:01.779+0000] {dag.py:3047} INFO - Sync 1 DAGs
[2024-04-03T22:28:01.797+0000] {logging_mixin.py:188} INFO - [2024-04-03T22:28:01.797+0000] {dag.py:3834} INFO - Setting next_dagrun for example_branch_dop_operator_v3 to 2024-04-03 22:27:00+00:00, run_after=2024-04-03 22:28:00+00:00
[2024-04-03T22:28:01.812+0000] {processor.py:183} INFO - Processing /home/airflow/.local/lib/python3.8/site-packages/airflow/example_dags/example_branch_python_dop_operator_3.py took 0.056 seconds
[2024-04-03T22:28:32.219+0000] {processor.py:161} INFO - Started process (PID=453) to work on /home/airflow/.local/lib/python3.8/site-packages/airflow/example_dags/example_branch_python_dop_operator_3.py
[2024-04-03T22:28:32.220+0000] {processor.py:830} INFO - Processing file /home/airflow/.local/lib/python3.8/site-packages/airflow/example_dags/example_branch_python_dop_operator_3.py for tasks to queue
[2024-04-03T22:28:32.221+0000] {logging_mixin.py:188} INFO - [2024-04-03T22:28:32.221+0000] {dagbag.py:540} INFO - Filling up the DagBag from /home/airflow/.local/lib/python3.8/site-packages/airflow/example_dags/example_branch_python_dop_operator_3.py
[2024-04-03T22:28:32.228+0000] {processor.py:840} INFO - DAG(s) 'example_branch_dop_operator_v3' retrieved from /home/airflow/.local/lib/python3.8/site-packages/airflow/example_dags/example_branch_python_dop_operator_3.py
[2024-04-03T22:28:32.241+0000] {logging_mixin.py:188} INFO - [2024-04-03T22:28:32.241+0000] {dag.py:3047} INFO - Sync 1 DAGs
[2024-04-03T22:28:32.259+0000] {logging_mixin.py:188} INFO - [2024-04-03T22:28:32.258+0000] {dag.py:3834} INFO - Setting next_dagrun for example_branch_dop_operator_v3 to 2024-04-03 22:27:00+00:00, run_after=2024-04-03 22:28:00+00:00
[2024-04-03T22:28:32.272+0000] {processor.py:183} INFO - Processing /home/airflow/.local/lib/python3.8/site-packages/airflow/example_dags/example_branch_python_dop_operator_3.py took 0.056 seconds
[2024-04-03T22:29:02.627+0000] {processor.py:161} INFO - Started process (PID=508) to work on /home/airflow/.local/lib/python3.8/site-packages/airflow/example_dags/example_branch_python_dop_operator_3.py
[2024-04-03T22:29:02.628+0000] {processor.py:830} INFO - Processing file /home/airflow/.local/lib/python3.8/site-packages/airflow/example_dags/example_branch_python_dop_operator_3.py for tasks to queue
[2024-04-03T22:29:02.630+0000] {logging_mixin.py:188} INFO - [2024-04-03T22:29:02.629+0000] {dagbag.py:540} INFO - Filling up the DagBag from /home/airflow/.local/lib/python3.8/site-packages/airflow/example_dags/example_branch_python_dop_operator_3.py
[2024-04-03T22:29:02.637+0000] {processor.py:840} INFO - DAG(s) 'example_branch_dop_operator_v3' retrieved from /home/airflow/.local/lib/python3.8/site-packages/airflow/example_dags/example_branch_python_dop_operator_3.py
[2024-04-03T22:29:02.652+0000] {logging_mixin.py:188} INFO - [2024-04-03T22:29:02.652+0000] {dag.py:3047} INFO - Sync 1 DAGs
[2024-04-03T22:29:02.669+0000] {logging_mixin.py:188} INFO - [2024-04-03T22:29:02.669+0000] {dag.py:3834} INFO - Setting next_dagrun for example_branch_dop_operator_v3 to 2024-04-03 22:28:00+00:00, run_after=2024-04-03 22:29:00+00:00
[2024-04-03T22:29:02.684+0000] {processor.py:183} INFO - Processing /home/airflow/.local/lib/python3.8/site-packages/airflow/example_dags/example_branch_python_dop_operator_3.py took 0.059 seconds
[2024-04-03T22:29:33.037+0000] {processor.py:161} INFO - Started process (PID=563) to work on /home/airflow/.local/lib/python3.8/site-packages/airflow/example_dags/example_branch_python_dop_operator_3.py
[2024-04-03T22:29:33.038+0000] {processor.py:830} INFO - Processing file /home/airflow/.local/lib/python3.8/site-packages/airflow/example_dags/example_branch_python_dop_operator_3.py for tasks to queue
[2024-04-03T22:29:33.040+0000] {logging_mixin.py:188} INFO - [2024-04-03T22:29:33.039+0000] {dagbag.py:540} INFO - Filling up the DagBag from /home/airflow/.local/lib/python3.8/site-packages/airflow/example_dags/example_branch_python_dop_operator_3.py
[2024-04-03T22:29:33.045+0000] {processor.py:840} INFO - DAG(s) 'example_branch_dop_operator_v3' retrieved from /home/airflow/.local/lib/python3.8/site-packages/airflow/example_dags/example_branch_python_dop_operator_3.py
[2024-04-03T22:29:33.057+0000] {logging_mixin.py:188} INFO - [2024-04-03T22:29:33.057+0000] {dag.py:3047} INFO - Sync 1 DAGs
[2024-04-03T22:29:33.074+0000] {logging_mixin.py:188} INFO - [2024-04-03T22:29:33.074+0000] {dag.py:3834} INFO - Setting next_dagrun for example_branch_dop_operator_v3 to 2024-04-03 22:28:00+00:00, run_after=2024-04-03 22:29:00+00:00
[2024-04-03T22:29:33.086+0000] {processor.py:183} INFO - Processing /home/airflow/.local/lib/python3.8/site-packages/airflow/example_dags/example_branch_python_dop_operator_3.py took 0.051 seconds
[2024-04-03T22:30:03.311+0000] {processor.py:161} INFO - Started process (PID=618) to work on /home/airflow/.local/lib/python3.8/site-packages/airflow/example_dags/example_branch_python_dop_operator_3.py
[2024-04-03T22:30:03.312+0000] {processor.py:830} INFO - Processing file /home/airflow/.local/lib/python3.8/site-packages/airflow/example_dags/example_branch_python_dop_operator_3.py for tasks to queue
[2024-04-03T22:30:03.313+0000] {logging_mixin.py:188} INFO - [2024-04-03T22:30:03.313+0000] {dagbag.py:540} INFO - Filling up the DagBag from /home/airflow/.local/lib/python3.8/site-packages/airflow/example_dags/example_branch_python_dop_operator_3.py
[2024-04-03T22:30:03.321+0000] {processor.py:840} INFO - DAG(s) 'example_branch_dop_operator_v3' retrieved from /home/airflow/.local/lib/python3.8/site-packages/airflow/example_dags/example_branch_python_dop_operator_3.py
[2024-04-03T22:30:03.336+0000] {logging_mixin.py:188} INFO - [2024-04-03T22:30:03.336+0000] {dag.py:3047} INFO - Sync 1 DAGs
[2024-04-03T22:30:03.363+0000] {logging_mixin.py:188} INFO - [2024-04-03T22:30:03.363+0000] {dag.py:3834} INFO - Setting next_dagrun for example_branch_dop_operator_v3 to 2024-04-03 22:29:00+00:00, run_after=2024-04-03 22:30:00+00:00
[2024-04-03T22:30:03.384+0000] {processor.py:183} INFO - Processing /home/airflow/.local/lib/python3.8/site-packages/airflow/example_dags/example_branch_python_dop_operator_3.py took 0.076 seconds
[2024-04-03T22:30:33.684+0000] {processor.py:161} INFO - Started process (PID=673) to work on /home/airflow/.local/lib/python3.8/site-packages/airflow/example_dags/example_branch_python_dop_operator_3.py
[2024-04-03T22:30:33.685+0000] {processor.py:830} INFO - Processing file /home/airflow/.local/lib/python3.8/site-packages/airflow/example_dags/example_branch_python_dop_operator_3.py for tasks to queue
[2024-04-03T22:30:33.686+0000] {logging_mixin.py:188} INFO - [2024-04-03T22:30:33.686+0000] {dagbag.py:540} INFO - Filling up the DagBag from /home/airflow/.local/lib/python3.8/site-packages/airflow/example_dags/example_branch_python_dop_operator_3.py
[2024-04-03T22:30:33.692+0000] {processor.py:840} INFO - DAG(s) 'example_branch_dop_operator_v3' retrieved from /home/airflow/.local/lib/python3.8/site-packages/airflow/example_dags/example_branch_python_dop_operator_3.py
[2024-04-03T22:30:33.707+0000] {logging_mixin.py:188} INFO - [2024-04-03T22:30:33.707+0000] {dag.py:3047} INFO - Sync 1 DAGs
[2024-04-03T22:30:33.727+0000] {logging_mixin.py:188} INFO - [2024-04-03T22:30:33.727+0000] {dag.py:3834} INFO - Setting next_dagrun for example_branch_dop_operator_v3 to 2024-04-03 22:29:00+00:00, run_after=2024-04-03 22:30:00+00:00
[2024-04-03T22:30:33.743+0000] {processor.py:183} INFO - Processing /home/airflow/.local/lib/python3.8/site-packages/airflow/example_dags/example_branch_python_dop_operator_3.py took 0.061 seconds
[2024-04-03T22:31:04.235+0000] {processor.py:161} INFO - Started process (PID=728) to work on /home/airflow/.local/lib/python3.8/site-packages/airflow/example_dags/example_branch_python_dop_operator_3.py
[2024-04-03T22:31:04.236+0000] {processor.py:830} INFO - Processing file /home/airflow/.local/lib/python3.8/site-packages/airflow/example_dags/example_branch_python_dop_operator_3.py for tasks to queue
[2024-04-03T22:31:04.237+0000] {logging_mixin.py:188} INFO - [2024-04-03T22:31:04.237+0000] {dagbag.py:540} INFO - Filling up the DagBag from /home/airflow/.local/lib/python3.8/site-packages/airflow/example_dags/example_branch_python_dop_operator_3.py
[2024-04-03T22:31:04.244+0000] {processor.py:840} INFO - DAG(s) 'example_branch_dop_operator_v3' retrieved from /home/airflow/.local/lib/python3.8/site-packages/airflow/example_dags/example_branch_python_dop_operator_3.py
[2024-04-03T22:31:04.258+0000] {logging_mixin.py:188} INFO - [2024-04-03T22:31:04.258+0000] {dag.py:3047} INFO - Sync 1 DAGs
[2024-04-03T22:31:04.276+0000] {logging_mixin.py:188} INFO - [2024-04-03T22:31:04.276+0000] {dag.py:3834} INFO - Setting next_dagrun for example_branch_dop_operator_v3 to 2024-04-03 22:30:00+00:00, run_after=2024-04-03 22:31:00+00:00
[2024-04-03T22:31:04.290+0000] {processor.py:183} INFO - Processing /home/airflow/.local/lib/python3.8/site-packages/airflow/example_dags/example_branch_python_dop_operator_3.py took 0.058 seconds
[2024-04-03T22:31:34.815+0000] {processor.py:161} INFO - Started process (PID=783) to work on /home/airflow/.local/lib/python3.8/site-packages/airflow/example_dags/example_branch_python_dop_operator_3.py
[2024-04-03T22:31:34.817+0000] {processor.py:830} INFO - Processing file /home/airflow/.local/lib/python3.8/site-packages/airflow/example_dags/example_branch_python_dop_operator_3.py for tasks to queue
[2024-04-03T22:31:34.818+0000] {logging_mixin.py:188} INFO - [2024-04-03T22:31:34.818+0000] {dagbag.py:540} INFO - Filling up the DagBag from /home/airflow/.local/lib/python3.8/site-packages/airflow/example_dags/example_branch_python_dop_operator_3.py
[2024-04-03T22:31:34.824+0000] {processor.py:840} INFO - DAG(s) 'example_branch_dop_operator_v3' retrieved from /home/airflow/.local/lib/python3.8/site-packages/airflow/example_dags/example_branch_python_dop_operator_3.py
[2024-04-03T22:31:34.838+0000] {logging_mixin.py:188} INFO - [2024-04-03T22:31:34.838+0000] {dag.py:3047} INFO - Sync 1 DAGs
[2024-04-03T22:31:34.855+0000] {logging_mixin.py:188} INFO - [2024-04-03T22:31:34.854+0000] {dag.py:3834} INFO - Setting next_dagrun for example_branch_dop_operator_v3 to 2024-04-03 22:30:00+00:00, run_after=2024-04-03 22:31:00+00:00
[2024-04-03T22:31:34.867+0000] {processor.py:183} INFO - Processing /home/airflow/.local/lib/python3.8/site-packages/airflow/example_dags/example_branch_python_dop_operator_3.py took 0.055 seconds
[2024-04-03T22:32:05.189+0000] {processor.py:161} INFO - Started process (PID=838) to work on /home/airflow/.local/lib/python3.8/site-packages/airflow/example_dags/example_branch_python_dop_operator_3.py
[2024-04-03T22:32:05.191+0000] {processor.py:830} INFO - Processing file /home/airflow/.local/lib/python3.8/site-packages/airflow/example_dags/example_branch_python_dop_operator_3.py for tasks to queue
[2024-04-03T22:32:05.194+0000] {logging_mixin.py:188} INFO - [2024-04-03T22:32:05.193+0000] {dagbag.py:540} INFO - Filling up the DagBag from /home/airflow/.local/lib/python3.8/site-packages/airflow/example_dags/example_branch_python_dop_operator_3.py
[2024-04-03T22:32:05.202+0000] {processor.py:840} INFO - DAG(s) 'example_branch_dop_operator_v3' retrieved from /home/airflow/.local/lib/python3.8/site-packages/airflow/example_dags/example_branch_python_dop_operator_3.py
[2024-04-03T22:32:05.219+0000] {logging_mixin.py:188} INFO - [2024-04-03T22:32:05.218+0000] {dag.py:3047} INFO - Sync 1 DAGs
[2024-04-03T22:32:05.244+0000] {logging_mixin.py:188} INFO - [2024-04-03T22:32:05.244+0000] {dag.py:3834} INFO - Setting next_dagrun for example_branch_dop_operator_v3 to 2024-04-03 22:31:00+00:00, run_after=2024-04-03 22:32:00+00:00
[2024-04-03T22:32:05.437+0000] {logging_mixin.py:188} INFO - [2024-04-03T22:32:05.437+0000] {process_utils.py:262} INFO - Waiting up to 5 seconds for processes to exit...
[2024-04-03T22:32:54.497+0000] {processor.py:161} INFO - Started process (PID=68) to work on /home/airflow/.local/lib/python3.8/site-packages/airflow/example_dags/example_branch_python_dop_operator_3.py
[2024-04-03T22:32:54.498+0000] {processor.py:830} INFO - Processing file /home/airflow/.local/lib/python3.8/site-packages/airflow/example_dags/example_branch_python_dop_operator_3.py for tasks to queue
[2024-04-03T22:32:54.499+0000] {logging_mixin.py:188} INFO - [2024-04-03T22:32:54.499+0000] {dagbag.py:540} INFO - Filling up the DagBag from /home/airflow/.local/lib/python3.8/site-packages/airflow/example_dags/example_branch_python_dop_operator_3.py
[2024-04-03T22:32:54.507+0000] {processor.py:840} INFO - DAG(s) 'example_branch_dop_operator_v3' retrieved from /home/airflow/.local/lib/python3.8/site-packages/airflow/example_dags/example_branch_python_dop_operator_3.py
[2024-04-03T22:32:54.515+0000] {logging_mixin.py:188} INFO - [2024-04-03T22:32:54.515+0000] {dag.py:3047} INFO - Sync 1 DAGs
[2024-04-03T22:32:54.535+0000] {logging_mixin.py:188} INFO - [2024-04-03T22:32:54.535+0000] {dag.py:3834} INFO - Setting next_dagrun for example_branch_dop_operator_v3 to 2024-04-03 22:31:00+00:00, run_after=2024-04-03 22:32:00+00:00
[2024-04-03T22:32:54.548+0000] {processor.py:183} INFO - Processing /home/airflow/.local/lib/python3.8/site-packages/airflow/example_dags/example_branch_python_dop_operator_3.py took 0.054 seconds
[2024-04-03T22:33:25.555+0000] {processor.py:161} INFO - Started process (PID=123) to work on /home/airflow/.local/lib/python3.8/site-packages/airflow/example_dags/example_branch_python_dop_operator_3.py
[2024-04-03T22:33:25.556+0000] {processor.py:830} INFO - Processing file /home/airflow/.local/lib/python3.8/site-packages/airflow/example_dags/example_branch_python_dop_operator_3.py for tasks to queue
[2024-04-03T22:33:25.558+0000] {logging_mixin.py:188} INFO - [2024-04-03T22:33:25.557+0000] {dagbag.py:540} INFO - Filling up the DagBag from /home/airflow/.local/lib/python3.8/site-packages/airflow/example_dags/example_branch_python_dop_operator_3.py
[2024-04-03T22:33:25.563+0000] {processor.py:840} INFO - DAG(s) 'example_branch_dop_operator_v3' retrieved from /home/airflow/.local/lib/python3.8/site-packages/airflow/example_dags/example_branch_python_dop_operator_3.py
[2024-04-03T22:33:25.625+0000] {logging_mixin.py:188} INFO - [2024-04-03T22:33:25.625+0000] {dag.py:3047} INFO - Sync 1 DAGs
[2024-04-03T22:33:25.640+0000] {logging_mixin.py:188} INFO - [2024-04-03T22:33:25.639+0000] {dag.py:3834} INFO - Setting next_dagrun for example_branch_dop_operator_v3 to 2024-04-03 22:32:00+00:00, run_after=2024-04-03 22:33:00+00:00
[2024-04-03T22:33:25.653+0000] {processor.py:183} INFO - Processing /home/airflow/.local/lib/python3.8/site-packages/airflow/example_dags/example_branch_python_dop_operator_3.py took 0.100 seconds
[2024-04-03T22:33:55.745+0000] {processor.py:161} INFO - Started process (PID=178) to work on /home/airflow/.local/lib/python3.8/site-packages/airflow/example_dags/example_branch_python_dop_operator_3.py
[2024-04-03T22:33:55.746+0000] {processor.py:830} INFO - Processing file /home/airflow/.local/lib/python3.8/site-packages/airflow/example_dags/example_branch_python_dop_operator_3.py for tasks to queue
[2024-04-03T22:33:55.747+0000] {logging_mixin.py:188} INFO - [2024-04-03T22:33:55.747+0000] {dagbag.py:540} INFO - Filling up the DagBag from /home/airflow/.local/lib/python3.8/site-packages/airflow/example_dags/example_branch_python_dop_operator_3.py
[2024-04-03T22:33:55.754+0000] {processor.py:840} INFO - DAG(s) 'example_branch_dop_operator_v3' retrieved from /home/airflow/.local/lib/python3.8/site-packages/airflow/example_dags/example_branch_python_dop_operator_3.py
[2024-04-03T22:33:55.767+0000] {logging_mixin.py:188} INFO - [2024-04-03T22:33:55.767+0000] {dag.py:3047} INFO - Sync 1 DAGs
[2024-04-03T22:33:55.784+0000] {logging_mixin.py:188} INFO - [2024-04-03T22:33:55.784+0000] {dag.py:3834} INFO - Setting next_dagrun for example_branch_dop_operator_v3 to 2024-04-03 22:32:00+00:00, run_after=2024-04-03 22:33:00+00:00
[2024-04-03T22:33:55.800+0000] {processor.py:183} INFO - Processing /home/airflow/.local/lib/python3.8/site-packages/airflow/example_dags/example_branch_python_dop_operator_3.py took 0.057 seconds
[2024-04-03T22:34:26.380+0000] {processor.py:161} INFO - Started process (PID=233) to work on /home/airflow/.local/lib/python3.8/site-packages/airflow/example_dags/example_branch_python_dop_operator_3.py
[2024-04-03T22:34:26.381+0000] {processor.py:830} INFO - Processing file /home/airflow/.local/lib/python3.8/site-packages/airflow/example_dags/example_branch_python_dop_operator_3.py for tasks to queue
[2024-04-03T22:34:26.383+0000] {logging_mixin.py:188} INFO - [2024-04-03T22:34:26.382+0000] {dagbag.py:540} INFO - Filling up the DagBag from /home/airflow/.local/lib/python3.8/site-packages/airflow/example_dags/example_branch_python_dop_operator_3.py
[2024-04-03T22:34:26.388+0000] {processor.py:840} INFO - DAG(s) 'example_branch_dop_operator_v3' retrieved from /home/airflow/.local/lib/python3.8/site-packages/airflow/example_dags/example_branch_python_dop_operator_3.py
[2024-04-03T22:34:26.405+0000] {logging_mixin.py:188} INFO - [2024-04-03T22:34:26.405+0000] {dag.py:3047} INFO - Sync 1 DAGs
[2024-04-03T22:34:26.423+0000] {logging_mixin.py:188} INFO - [2024-04-03T22:34:26.423+0000] {dag.py:3834} INFO - Setting next_dagrun for example_branch_dop_operator_v3 to 2024-04-03 22:33:00+00:00, run_after=2024-04-03 22:34:00+00:00
[2024-04-03T22:34:26.439+0000] {processor.py:183} INFO - Processing /home/airflow/.local/lib/python3.8/site-packages/airflow/example_dags/example_branch_python_dop_operator_3.py took 0.061 seconds
[2024-04-03T22:34:56.689+0000] {processor.py:161} INFO - Started process (PID=288) to work on /home/airflow/.local/lib/python3.8/site-packages/airflow/example_dags/example_branch_python_dop_operator_3.py
[2024-04-03T22:34:56.690+0000] {processor.py:830} INFO - Processing file /home/airflow/.local/lib/python3.8/site-packages/airflow/example_dags/example_branch_python_dop_operator_3.py for tasks to queue
[2024-04-03T22:34:56.691+0000] {logging_mixin.py:188} INFO - [2024-04-03T22:34:56.691+0000] {dagbag.py:540} INFO - Filling up the DagBag from /home/airflow/.local/lib/python3.8/site-packages/airflow/example_dags/example_branch_python_dop_operator_3.py
[2024-04-03T22:34:56.697+0000] {processor.py:840} INFO - DAG(s) 'example_branch_dop_operator_v3' retrieved from /home/airflow/.local/lib/python3.8/site-packages/airflow/example_dags/example_branch_python_dop_operator_3.py
[2024-04-03T22:34:56.711+0000] {logging_mixin.py:188} INFO - [2024-04-03T22:34:56.711+0000] {dag.py:3047} INFO - Sync 1 DAGs
[2024-04-03T22:34:56.728+0000] {logging_mixin.py:188} INFO - [2024-04-03T22:34:56.728+0000] {dag.py:3834} INFO - Setting next_dagrun for example_branch_dop_operator_v3 to 2024-04-03 22:33:00+00:00, run_after=2024-04-03 22:34:00+00:00
[2024-04-03T22:34:56.746+0000] {processor.py:183} INFO - Processing /home/airflow/.local/lib/python3.8/site-packages/airflow/example_dags/example_branch_python_dop_operator_3.py took 0.060 seconds
[2024-04-03T22:35:27.166+0000] {processor.py:161} INFO - Started process (PID=343) to work on /home/airflow/.local/lib/python3.8/site-packages/airflow/example_dags/example_branch_python_dop_operator_3.py
[2024-04-03T22:35:27.166+0000] {processor.py:830} INFO - Processing file /home/airflow/.local/lib/python3.8/site-packages/airflow/example_dags/example_branch_python_dop_operator_3.py for tasks to queue
[2024-04-03T22:35:27.168+0000] {logging_mixin.py:188} INFO - [2024-04-03T22:35:27.168+0000] {dagbag.py:540} INFO - Filling up the DagBag from /home/airflow/.local/lib/python3.8/site-packages/airflow/example_dags/example_branch_python_dop_operator_3.py
[2024-04-03T22:35:27.175+0000] {processor.py:840} INFO - DAG(s) 'example_branch_dop_operator_v3' retrieved from /home/airflow/.local/lib/python3.8/site-packages/airflow/example_dags/example_branch_python_dop_operator_3.py
[2024-04-03T22:35:27.188+0000] {logging_mixin.py:188} INFO - [2024-04-03T22:35:27.187+0000] {dag.py:3047} INFO - Sync 1 DAGs
[2024-04-03T22:35:27.204+0000] {logging_mixin.py:188} INFO - [2024-04-03T22:35:27.204+0000] {dag.py:3834} INFO - Setting next_dagrun for example_branch_dop_operator_v3 to 2024-04-03 22:34:00+00:00, run_after=2024-04-03 22:35:00+00:00
[2024-04-03T22:35:27.221+0000] {processor.py:183} INFO - Processing /home/airflow/.local/lib/python3.8/site-packages/airflow/example_dags/example_branch_python_dop_operator_3.py took 0.057 seconds
[2024-04-03T22:35:57.631+0000] {processor.py:161} INFO - Started process (PID=398) to work on /home/airflow/.local/lib/python3.8/site-packages/airflow/example_dags/example_branch_python_dop_operator_3.py
[2024-04-03T22:35:57.632+0000] {processor.py:830} INFO - Processing file /home/airflow/.local/lib/python3.8/site-packages/airflow/example_dags/example_branch_python_dop_operator_3.py for tasks to queue
[2024-04-03T22:35:57.634+0000] {logging_mixin.py:188} INFO - [2024-04-03T22:35:57.634+0000] {dagbag.py:540} INFO - Filling up the DagBag from /home/airflow/.local/lib/python3.8/site-packages/airflow/example_dags/example_branch_python_dop_operator_3.py
[2024-04-03T22:35:57.640+0000] {processor.py:840} INFO - DAG(s) 'example_branch_dop_operator_v3' retrieved from /home/airflow/.local/lib/python3.8/site-packages/airflow/example_dags/example_branch_python_dop_operator_3.py
[2024-04-03T22:35:57.652+0000] {logging_mixin.py:188} INFO - [2024-04-03T22:35:57.652+0000] {dag.py:3047} INFO - Sync 1 DAGs
[2024-04-03T22:35:57.669+0000] {logging_mixin.py:188} INFO - [2024-04-03T22:35:57.669+0000] {dag.py:3834} INFO - Setting next_dagrun for example_branch_dop_operator_v3 to 2024-04-03 22:34:00+00:00, run_after=2024-04-03 22:35:00+00:00
[2024-04-03T22:35:57.681+0000] {processor.py:183} INFO - Processing /home/airflow/.local/lib/python3.8/site-packages/airflow/example_dags/example_branch_python_dop_operator_3.py took 0.052 seconds
[2024-04-03T22:36:28.078+0000] {processor.py:161} INFO - Started process (PID=453) to work on /home/airflow/.local/lib/python3.8/site-packages/airflow/example_dags/example_branch_python_dop_operator_3.py
[2024-04-03T22:36:28.079+0000] {processor.py:830} INFO - Processing file /home/airflow/.local/lib/python3.8/site-packages/airflow/example_dags/example_branch_python_dop_operator_3.py for tasks to queue
[2024-04-03T22:36:28.081+0000] {logging_mixin.py:188} INFO - [2024-04-03T22:36:28.081+0000] {dagbag.py:540} INFO - Filling up the DagBag from /home/airflow/.local/lib/python3.8/site-packages/airflow/example_dags/example_branch_python_dop_operator_3.py
[2024-04-03T22:36:28.086+0000] {processor.py:840} INFO - DAG(s) 'example_branch_dop_operator_v3' retrieved from /home/airflow/.local/lib/python3.8/site-packages/airflow/example_dags/example_branch_python_dop_operator_3.py
[2024-04-03T22:36:28.102+0000] {logging_mixin.py:188} INFO - [2024-04-03T22:36:28.102+0000] {dag.py:3047} INFO - Sync 1 DAGs
[2024-04-03T22:36:28.120+0000] {logging_mixin.py:188} INFO - [2024-04-03T22:36:28.119+0000] {dag.py:3834} INFO - Setting next_dagrun for example_branch_dop_operator_v3 to 2024-04-03 22:35:00+00:00, run_after=2024-04-03 22:36:00+00:00
[2024-04-03T22:36:28.133+0000] {processor.py:183} INFO - Processing /home/airflow/.local/lib/python3.8/site-packages/airflow/example_dags/example_branch_python_dop_operator_3.py took 0.056 seconds
[2024-04-03T22:36:58.288+0000] {processor.py:161} INFO - Started process (PID=508) to work on /home/airflow/.local/lib/python3.8/site-packages/airflow/example_dags/example_branch_python_dop_operator_3.py
[2024-04-03T22:36:58.289+0000] {processor.py:830} INFO - Processing file /home/airflow/.local/lib/python3.8/site-packages/airflow/example_dags/example_branch_python_dop_operator_3.py for tasks to queue
[2024-04-03T22:36:58.290+0000] {logging_mixin.py:188} INFO - [2024-04-03T22:36:58.290+0000] {dagbag.py:540} INFO - Filling up the DagBag from /home/airflow/.local/lib/python3.8/site-packages/airflow/example_dags/example_branch_python_dop_operator_3.py
[2024-04-03T22:36:58.296+0000] {processor.py:840} INFO - DAG(s) 'example_branch_dop_operator_v3' retrieved from /home/airflow/.local/lib/python3.8/site-packages/airflow/example_dags/example_branch_python_dop_operator_3.py
[2024-04-03T22:36:58.310+0000] {logging_mixin.py:188} INFO - [2024-04-03T22:36:58.309+0000] {dag.py:3047} INFO - Sync 1 DAGs
[2024-04-03T22:36:58.326+0000] {logging_mixin.py:188} INFO - [2024-04-03T22:36:58.326+0000] {dag.py:3834} INFO - Setting next_dagrun for example_branch_dop_operator_v3 to 2024-04-03 22:35:00+00:00, run_after=2024-04-03 22:36:00+00:00
[2024-04-03T22:36:58.343+0000] {processor.py:183} INFO - Processing /home/airflow/.local/lib/python3.8/site-packages/airflow/example_dags/example_branch_python_dop_operator_3.py took 0.057 seconds
[2024-04-03T22:37:28.966+0000] {processor.py:161} INFO - Started process (PID=562) to work on /home/airflow/.local/lib/python3.8/site-packages/airflow/example_dags/example_branch_python_dop_operator_3.py
[2024-04-03T22:37:28.967+0000] {processor.py:830} INFO - Processing file /home/airflow/.local/lib/python3.8/site-packages/airflow/example_dags/example_branch_python_dop_operator_3.py for tasks to queue
[2024-04-03T22:37:28.969+0000] {logging_mixin.py:188} INFO - [2024-04-03T22:37:28.969+0000] {dagbag.py:540} INFO - Filling up the DagBag from /home/airflow/.local/lib/python3.8/site-packages/airflow/example_dags/example_branch_python_dop_operator_3.py
[2024-04-03T22:37:28.975+0000] {processor.py:840} INFO - DAG(s) 'example_branch_dop_operator_v3' retrieved from /home/airflow/.local/lib/python3.8/site-packages/airflow/example_dags/example_branch_python_dop_operator_3.py
[2024-04-03T22:37:28.990+0000] {logging_mixin.py:188} INFO - [2024-04-03T22:37:28.990+0000] {dag.py:3047} INFO - Sync 1 DAGs
[2024-04-03T22:37:29.009+0000] {logging_mixin.py:188} INFO - [2024-04-03T22:37:29.009+0000] {dag.py:3834} INFO - Setting next_dagrun for example_branch_dop_operator_v3 to 2024-04-03 22:36:00+00:00, run_after=2024-04-03 22:37:00+00:00
[2024-04-03T22:37:29.023+0000] {processor.py:183} INFO - Processing /home/airflow/.local/lib/python3.8/site-packages/airflow/example_dags/example_branch_python_dop_operator_3.py took 0.059 seconds
[2024-04-03T22:37:59.373+0000] {processor.py:161} INFO - Started process (PID=618) to work on /home/airflow/.local/lib/python3.8/site-packages/airflow/example_dags/example_branch_python_dop_operator_3.py
[2024-04-03T22:37:59.374+0000] {processor.py:830} INFO - Processing file /home/airflow/.local/lib/python3.8/site-packages/airflow/example_dags/example_branch_python_dop_operator_3.py for tasks to queue
[2024-04-03T22:37:59.376+0000] {logging_mixin.py:188} INFO - [2024-04-03T22:37:59.375+0000] {dagbag.py:540} INFO - Filling up the DagBag from /home/airflow/.local/lib/python3.8/site-packages/airflow/example_dags/example_branch_python_dop_operator_3.py
[2024-04-03T22:37:59.385+0000] {processor.py:840} INFO - DAG(s) 'example_branch_dop_operator_v3' retrieved from /home/airflow/.local/lib/python3.8/site-packages/airflow/example_dags/example_branch_python_dop_operator_3.py
[2024-04-03T22:37:59.398+0000] {logging_mixin.py:188} INFO - [2024-04-03T22:37:59.398+0000] {dag.py:3047} INFO - Sync 1 DAGs
[2024-04-03T22:37:59.417+0000] {logging_mixin.py:188} INFO - [2024-04-03T22:37:59.417+0000] {dag.py:3834} INFO - Setting next_dagrun for example_branch_dop_operator_v3 to 2024-04-03 22:36:00+00:00, run_after=2024-04-03 22:37:00+00:00
[2024-04-03T22:37:59.433+0000] {processor.py:183} INFO - Processing /home/airflow/.local/lib/python3.8/site-packages/airflow/example_dags/example_branch_python_dop_operator_3.py took 0.063 seconds
[2024-04-03T22:38:29.690+0000] {processor.py:161} INFO - Started process (PID=673) to work on /home/airflow/.local/lib/python3.8/site-packages/airflow/example_dags/example_branch_python_dop_operator_3.py
[2024-04-03T22:38:29.691+0000] {processor.py:830} INFO - Processing file /home/airflow/.local/lib/python3.8/site-packages/airflow/example_dags/example_branch_python_dop_operator_3.py for tasks to queue
[2024-04-03T22:38:29.692+0000] {logging_mixin.py:188} INFO - [2024-04-03T22:38:29.692+0000] {dagbag.py:540} INFO - Filling up the DagBag from /home/airflow/.local/lib/python3.8/site-packages/airflow/example_dags/example_branch_python_dop_operator_3.py
[2024-04-03T22:38:29.698+0000] {processor.py:840} INFO - DAG(s) 'example_branch_dop_operator_v3' retrieved from /home/airflow/.local/lib/python3.8/site-packages/airflow/example_dags/example_branch_python_dop_operator_3.py
[2024-04-03T22:38:29.710+0000] {logging_mixin.py:188} INFO - [2024-04-03T22:38:29.710+0000] {dag.py:3047} INFO - Sync 1 DAGs
[2024-04-03T22:38:29.727+0000] {logging_mixin.py:188} INFO - [2024-04-03T22:38:29.726+0000] {dag.py:3834} INFO - Setting next_dagrun for example_branch_dop_operator_v3 to 2024-04-03 22:37:00+00:00, run_after=2024-04-03 22:38:00+00:00
[2024-04-03T22:38:29.743+0000] {processor.py:183} INFO - Processing /home/airflow/.local/lib/python3.8/site-packages/airflow/example_dags/example_branch_python_dop_operator_3.py took 0.055 seconds
[2024-04-03T22:38:59.930+0000] {processor.py:161} INFO - Started process (PID=728) to work on /home/airflow/.local/lib/python3.8/site-packages/airflow/example_dags/example_branch_python_dop_operator_3.py
[2024-04-03T22:38:59.932+0000] {processor.py:830} INFO - Processing file /home/airflow/.local/lib/python3.8/site-packages/airflow/example_dags/example_branch_python_dop_operator_3.py for tasks to queue
[2024-04-03T22:38:59.933+0000] {logging_mixin.py:188} INFO - [2024-04-03T22:38:59.933+0000] {dagbag.py:540} INFO - Filling up the DagBag from /home/airflow/.local/lib/python3.8/site-packages/airflow/example_dags/example_branch_python_dop_operator_3.py
[2024-04-03T22:38:59.940+0000] {processor.py:840} INFO - DAG(s) 'example_branch_dop_operator_v3' retrieved from /home/airflow/.local/lib/python3.8/site-packages/airflow/example_dags/example_branch_python_dop_operator_3.py
[2024-04-03T22:38:59.954+0000] {logging_mixin.py:188} INFO - [2024-04-03T22:38:59.954+0000] {dag.py:3047} INFO - Sync 1 DAGs
[2024-04-03T22:38:59.972+0000] {logging_mixin.py:188} INFO - [2024-04-03T22:38:59.972+0000] {dag.py:3834} INFO - Setting next_dagrun for example_branch_dop_operator_v3 to 2024-04-03 22:37:00+00:00, run_after=2024-04-03 22:38:00+00:00
[2024-04-03T22:38:59.989+0000] {processor.py:183} INFO - Processing /home/airflow/.local/lib/python3.8/site-packages/airflow/example_dags/example_branch_python_dop_operator_3.py took 0.061 seconds
[2024-04-03T22:39:30.239+0000] {processor.py:161} INFO - Started process (PID=782) to work on /home/airflow/.local/lib/python3.8/site-packages/airflow/example_dags/example_branch_python_dop_operator_3.py
[2024-04-03T22:39:30.239+0000] {processor.py:830} INFO - Processing file /home/airflow/.local/lib/python3.8/site-packages/airflow/example_dags/example_branch_python_dop_operator_3.py for tasks to queue
[2024-04-03T22:39:30.241+0000] {logging_mixin.py:188} INFO - [2024-04-03T22:39:30.241+0000] {dagbag.py:540} INFO - Filling up the DagBag from /home/airflow/.local/lib/python3.8/site-packages/airflow/example_dags/example_branch_python_dop_operator_3.py
[2024-04-03T22:39:30.246+0000] {processor.py:840} INFO - DAG(s) 'example_branch_dop_operator_v3' retrieved from /home/airflow/.local/lib/python3.8/site-packages/airflow/example_dags/example_branch_python_dop_operator_3.py
[2024-04-03T22:39:30.259+0000] {logging_mixin.py:188} INFO - [2024-04-03T22:39:30.259+0000] {dag.py:3047} INFO - Sync 1 DAGs
[2024-04-03T22:39:30.276+0000] {logging_mixin.py:188} INFO - [2024-04-03T22:39:30.275+0000] {dag.py:3834} INFO - Setting next_dagrun for example_branch_dop_operator_v3 to 2024-04-03 22:38:00+00:00, run_after=2024-04-03 22:39:00+00:00
[2024-04-03T22:39:30.288+0000] {processor.py:183} INFO - Processing /home/airflow/.local/lib/python3.8/site-packages/airflow/example_dags/example_branch_python_dop_operator_3.py took 0.051 seconds
[2024-04-03T22:40:00.623+0000] {processor.py:161} INFO - Started process (PID=837) to work on /home/airflow/.local/lib/python3.8/site-packages/airflow/example_dags/example_branch_python_dop_operator_3.py
[2024-04-03T22:40:00.624+0000] {processor.py:830} INFO - Processing file /home/airflow/.local/lib/python3.8/site-packages/airflow/example_dags/example_branch_python_dop_operator_3.py for tasks to queue
[2024-04-03T22:40:00.626+0000] {logging_mixin.py:188} INFO - [2024-04-03T22:40:00.626+0000] {dagbag.py:540} INFO - Filling up the DagBag from /home/airflow/.local/lib/python3.8/site-packages/airflow/example_dags/example_branch_python_dop_operator_3.py
[2024-04-03T22:40:00.632+0000] {processor.py:840} INFO - DAG(s) 'example_branch_dop_operator_v3' retrieved from /home/airflow/.local/lib/python3.8/site-packages/airflow/example_dags/example_branch_python_dop_operator_3.py
[2024-04-03T22:40:00.645+0000] {logging_mixin.py:188} INFO - [2024-04-03T22:40:00.645+0000] {dag.py:3047} INFO - Sync 1 DAGs
[2024-04-03T22:40:00.662+0000] {logging_mixin.py:188} INFO - [2024-04-03T22:40:00.662+0000] {dag.py:3834} INFO - Setting next_dagrun for example_branch_dop_operator_v3 to 2024-04-03 22:39:00+00:00, run_after=2024-04-03 22:40:00+00:00
[2024-04-03T22:40:00.674+0000] {processor.py:183} INFO - Processing /home/airflow/.local/lib/python3.8/site-packages/airflow/example_dags/example_branch_python_dop_operator_3.py took 0.053 seconds
[2024-04-03T22:40:31.003+0000] {processor.py:161} INFO - Started process (PID=892) to work on /home/airflow/.local/lib/python3.8/site-packages/airflow/example_dags/example_branch_python_dop_operator_3.py
[2024-04-03T22:40:31.004+0000] {processor.py:830} INFO - Processing file /home/airflow/.local/lib/python3.8/site-packages/airflow/example_dags/example_branch_python_dop_operator_3.py for tasks to queue
[2024-04-03T22:40:31.005+0000] {logging_mixin.py:188} INFO - [2024-04-03T22:40:31.005+0000] {dagbag.py:540} INFO - Filling up the DagBag from /home/airflow/.local/lib/python3.8/site-packages/airflow/example_dags/example_branch_python_dop_operator_3.py
[2024-04-03T22:40:31.011+0000] {processor.py:840} INFO - DAG(s) 'example_branch_dop_operator_v3' retrieved from /home/airflow/.local/lib/python3.8/site-packages/airflow/example_dags/example_branch_python_dop_operator_3.py
[2024-04-03T22:40:31.024+0000] {logging_mixin.py:188} INFO - [2024-04-03T22:40:31.024+0000] {dag.py:3047} INFO - Sync 1 DAGs
[2024-04-03T22:40:31.041+0000] {logging_mixin.py:188} INFO - [2024-04-03T22:40:31.040+0000] {dag.py:3834} INFO - Setting next_dagrun for example_branch_dop_operator_v3 to 2024-04-03 22:39:00+00:00, run_after=2024-04-03 22:40:00+00:00
[2024-04-03T22:40:31.053+0000] {processor.py:183} INFO - Processing /home/airflow/.local/lib/python3.8/site-packages/airflow/example_dags/example_branch_python_dop_operator_3.py took 0.052 seconds
[2024-04-03T22:41:01.217+0000] {processor.py:161} INFO - Started process (PID=947) to work on /home/airflow/.local/lib/python3.8/site-packages/airflow/example_dags/example_branch_python_dop_operator_3.py
[2024-04-03T22:41:01.218+0000] {processor.py:830} INFO - Processing file /home/airflow/.local/lib/python3.8/site-packages/airflow/example_dags/example_branch_python_dop_operator_3.py for tasks to queue
[2024-04-03T22:41:01.220+0000] {logging_mixin.py:188} INFO - [2024-04-03T22:41:01.220+0000] {dagbag.py:540} INFO - Filling up the DagBag from /home/airflow/.local/lib/python3.8/site-packages/airflow/example_dags/example_branch_python_dop_operator_3.py
[2024-04-03T22:41:01.226+0000] {processor.py:840} INFO - DAG(s) 'example_branch_dop_operator_v3' retrieved from /home/airflow/.local/lib/python3.8/site-packages/airflow/example_dags/example_branch_python_dop_operator_3.py
[2024-04-03T22:41:01.239+0000] {logging_mixin.py:188} INFO - [2024-04-03T22:41:01.239+0000] {dag.py:3047} INFO - Sync 1 DAGs
[2024-04-03T22:41:01.255+0000] {logging_mixin.py:188} INFO - [2024-04-03T22:41:01.255+0000] {dag.py:3834} INFO - Setting next_dagrun for example_branch_dop_operator_v3 to 2024-04-03 22:40:00+00:00, run_after=2024-04-03 22:41:00+00:00
[2024-04-03T22:41:01.268+0000] {processor.py:183} INFO - Processing /home/airflow/.local/lib/python3.8/site-packages/airflow/example_dags/example_branch_python_dop_operator_3.py took 0.052 seconds
[2024-04-03T22:41:31.808+0000] {processor.py:161} INFO - Started process (PID=1002) to work on /home/airflow/.local/lib/python3.8/site-packages/airflow/example_dags/example_branch_python_dop_operator_3.py
[2024-04-03T22:41:31.809+0000] {processor.py:830} INFO - Processing file /home/airflow/.local/lib/python3.8/site-packages/airflow/example_dags/example_branch_python_dop_operator_3.py for tasks to queue
[2024-04-03T22:41:31.810+0000] {logging_mixin.py:188} INFO - [2024-04-03T22:41:31.810+0000] {dagbag.py:540} INFO - Filling up the DagBag from /home/airflow/.local/lib/python3.8/site-packages/airflow/example_dags/example_branch_python_dop_operator_3.py
[2024-04-03T22:41:31.816+0000] {processor.py:840} INFO - DAG(s) 'example_branch_dop_operator_v3' retrieved from /home/airflow/.local/lib/python3.8/site-packages/airflow/example_dags/example_branch_python_dop_operator_3.py
[2024-04-03T22:41:31.831+0000] {logging_mixin.py:188} INFO - [2024-04-03T22:41:31.831+0000] {dag.py:3047} INFO - Sync 1 DAGs
[2024-04-03T22:41:31.848+0000] {logging_mixin.py:188} INFO - [2024-04-03T22:41:31.847+0000] {dag.py:3834} INFO - Setting next_dagrun for example_branch_dop_operator_v3 to 2024-04-03 22:40:00+00:00, run_after=2024-04-03 22:41:00+00:00
[2024-04-03T22:41:31.859+0000] {processor.py:183} INFO - Processing /home/airflow/.local/lib/python3.8/site-packages/airflow/example_dags/example_branch_python_dop_operator_3.py took 0.053 seconds
[2024-04-03T22:42:02.160+0000] {processor.py:161} INFO - Started process (PID=1057) to work on /home/airflow/.local/lib/python3.8/site-packages/airflow/example_dags/example_branch_python_dop_operator_3.py
[2024-04-03T22:42:02.161+0000] {processor.py:830} INFO - Processing file /home/airflow/.local/lib/python3.8/site-packages/airflow/example_dags/example_branch_python_dop_operator_3.py for tasks to queue
[2024-04-03T22:42:02.163+0000] {logging_mixin.py:188} INFO - [2024-04-03T22:42:02.163+0000] {dagbag.py:540} INFO - Filling up the DagBag from /home/airflow/.local/lib/python3.8/site-packages/airflow/example_dags/example_branch_python_dop_operator_3.py
[2024-04-03T22:42:02.169+0000] {processor.py:840} INFO - DAG(s) 'example_branch_dop_operator_v3' retrieved from /home/airflow/.local/lib/python3.8/site-packages/airflow/example_dags/example_branch_python_dop_operator_3.py
[2024-04-03T22:42:02.183+0000] {logging_mixin.py:188} INFO - [2024-04-03T22:42:02.183+0000] {dag.py:3047} INFO - Sync 1 DAGs
[2024-04-03T22:42:02.202+0000] {logging_mixin.py:188} INFO - [2024-04-03T22:42:02.202+0000] {dag.py:3834} INFO - Setting next_dagrun for example_branch_dop_operator_v3 to 2024-04-03 22:41:00+00:00, run_after=2024-04-03 22:42:00+00:00
[2024-04-03T22:42:02.215+0000] {processor.py:183} INFO - Processing /home/airflow/.local/lib/python3.8/site-packages/airflow/example_dags/example_branch_python_dop_operator_3.py took 0.057 seconds
[2024-04-03T22:42:32.597+0000] {processor.py:161} INFO - Started process (PID=1112) to work on /home/airflow/.local/lib/python3.8/site-packages/airflow/example_dags/example_branch_python_dop_operator_3.py
[2024-04-03T22:42:32.598+0000] {processor.py:830} INFO - Processing file /home/airflow/.local/lib/python3.8/site-packages/airflow/example_dags/example_branch_python_dop_operator_3.py for tasks to queue
[2024-04-03T22:42:32.600+0000] {logging_mixin.py:188} INFO - [2024-04-03T22:42:32.599+0000] {dagbag.py:540} INFO - Filling up the DagBag from /home/airflow/.local/lib/python3.8/site-packages/airflow/example_dags/example_branch_python_dop_operator_3.py
[2024-04-03T22:42:32.606+0000] {processor.py:840} INFO - DAG(s) 'example_branch_dop_operator_v3' retrieved from /home/airflow/.local/lib/python3.8/site-packages/airflow/example_dags/example_branch_python_dop_operator_3.py
[2024-04-03T22:42:32.619+0000] {logging_mixin.py:188} INFO - [2024-04-03T22:42:32.619+0000] {dag.py:3047} INFO - Sync 1 DAGs
[2024-04-03T22:42:32.638+0000] {logging_mixin.py:188} INFO - [2024-04-03T22:42:32.638+0000] {dag.py:3834} INFO - Setting next_dagrun for example_branch_dop_operator_v3 to 2024-04-03 22:41:00+00:00, run_after=2024-04-03 22:42:00+00:00
[2024-04-03T22:42:32.655+0000] {processor.py:183} INFO - Processing /home/airflow/.local/lib/python3.8/site-packages/airflow/example_dags/example_branch_python_dop_operator_3.py took 0.060 seconds
