[2024-04-03T22:24:59.826+0000] {processor.py:161} INFO - Started process (PID=82) to work on /home/airflow/.local/lib/python3.8/site-packages/airflow/example_dags/example_time_delta_sensor_async.py
[2024-04-03T22:24:59.827+0000] {processor.py:830} INFO - Processing file /home/airflow/.local/lib/python3.8/site-packages/airflow/example_dags/example_time_delta_sensor_async.py for tasks to queue
[2024-04-03T22:24:59.828+0000] {logging_mixin.py:188} INFO - [2024-04-03T22:24:59.828+0000] {dagbag.py:540} INFO - Filling up the DagBag from /home/airflow/.local/lib/python3.8/site-packages/airflow/example_dags/example_time_delta_sensor_async.py
[2024-04-03T22:24:59.834+0000] {processor.py:840} INFO - DAG(s) 'example_time_delta_sensor_async' retrieved from /home/airflow/.local/lib/python3.8/site-packages/airflow/example_dags/example_time_delta_sensor_async.py
[2024-04-03T22:24:59.846+0000] {logging_mixin.py:188} INFO - [2024-04-03T22:24:59.846+0000] {dag.py:3047} INFO - Sync 1 DAGs
[2024-04-03T22:24:59.858+0000] {logging_mixin.py:188} INFO - [2024-04-03T22:24:59.858+0000] {dag.py:3834} INFO - Setting next_dagrun for example_time_delta_sensor_async to None, run_after=None
[2024-04-03T22:24:59.875+0000] {processor.py:183} INFO - Processing /home/airflow/.local/lib/python3.8/site-packages/airflow/example_dags/example_time_delta_sensor_async.py took 0.052 seconds
[2024-04-03T22:25:30.196+0000] {processor.py:161} INFO - Started process (PID=137) to work on /home/airflow/.local/lib/python3.8/site-packages/airflow/example_dags/example_time_delta_sensor_async.py
[2024-04-03T22:25:30.198+0000] {processor.py:830} INFO - Processing file /home/airflow/.local/lib/python3.8/site-packages/airflow/example_dags/example_time_delta_sensor_async.py for tasks to queue
[2024-04-03T22:25:30.199+0000] {logging_mixin.py:188} INFO - [2024-04-03T22:25:30.199+0000] {dagbag.py:540} INFO - Filling up the DagBag from /home/airflow/.local/lib/python3.8/site-packages/airflow/example_dags/example_time_delta_sensor_async.py
[2024-04-03T22:25:30.202+0000] {processor.py:840} INFO - DAG(s) 'example_time_delta_sensor_async' retrieved from /home/airflow/.local/lib/python3.8/site-packages/airflow/example_dags/example_time_delta_sensor_async.py
[2024-04-03T22:25:30.263+0000] {logging_mixin.py:188} INFO - [2024-04-03T22:25:30.263+0000] {dag.py:3047} INFO - Sync 1 DAGs
[2024-04-03T22:25:30.270+0000] {logging_mixin.py:188} INFO - [2024-04-03T22:25:30.270+0000] {dag.py:3834} INFO - Setting next_dagrun for example_time_delta_sensor_async to None, run_after=None
[2024-04-03T22:25:30.287+0000] {processor.py:183} INFO - Processing /home/airflow/.local/lib/python3.8/site-packages/airflow/example_dags/example_time_delta_sensor_async.py took 0.093 seconds
[2024-04-03T22:26:01.207+0000] {processor.py:161} INFO - Started process (PID=192) to work on /home/airflow/.local/lib/python3.8/site-packages/airflow/example_dags/example_time_delta_sensor_async.py
[2024-04-03T22:26:01.207+0000] {processor.py:830} INFO - Processing file /home/airflow/.local/lib/python3.8/site-packages/airflow/example_dags/example_time_delta_sensor_async.py for tasks to queue
[2024-04-03T22:26:01.209+0000] {logging_mixin.py:188} INFO - [2024-04-03T22:26:01.209+0000] {dagbag.py:540} INFO - Filling up the DagBag from /home/airflow/.local/lib/python3.8/site-packages/airflow/example_dags/example_time_delta_sensor_async.py
[2024-04-03T22:26:01.212+0000] {processor.py:840} INFO - DAG(s) 'example_time_delta_sensor_async' retrieved from /home/airflow/.local/lib/python3.8/site-packages/airflow/example_dags/example_time_delta_sensor_async.py
[2024-04-03T22:26:01.228+0000] {logging_mixin.py:188} INFO - [2024-04-03T22:26:01.228+0000] {dag.py:3047} INFO - Sync 1 DAGs
[2024-04-03T22:26:01.237+0000] {logging_mixin.py:188} INFO - [2024-04-03T22:26:01.237+0000] {dag.py:3834} INFO - Setting next_dagrun for example_time_delta_sensor_async to None, run_after=None
[2024-04-03T22:26:01.253+0000] {processor.py:183} INFO - Processing /home/airflow/.local/lib/python3.8/site-packages/airflow/example_dags/example_time_delta_sensor_async.py took 0.048 seconds
[2024-04-03T22:26:31.302+0000] {processor.py:161} INFO - Started process (PID=247) to work on /home/airflow/.local/lib/python3.8/site-packages/airflow/example_dags/example_time_delta_sensor_async.py
[2024-04-03T22:26:31.303+0000] {processor.py:830} INFO - Processing file /home/airflow/.local/lib/python3.8/site-packages/airflow/example_dags/example_time_delta_sensor_async.py for tasks to queue
[2024-04-03T22:26:31.304+0000] {logging_mixin.py:188} INFO - [2024-04-03T22:26:31.304+0000] {dagbag.py:540} INFO - Filling up the DagBag from /home/airflow/.local/lib/python3.8/site-packages/airflow/example_dags/example_time_delta_sensor_async.py
[2024-04-03T22:26:31.308+0000] {processor.py:840} INFO - DAG(s) 'example_time_delta_sensor_async' retrieved from /home/airflow/.local/lib/python3.8/site-packages/airflow/example_dags/example_time_delta_sensor_async.py
[2024-04-03T22:26:31.324+0000] {logging_mixin.py:188} INFO - [2024-04-03T22:26:31.324+0000] {dag.py:3047} INFO - Sync 1 DAGs
[2024-04-03T22:26:31.335+0000] {logging_mixin.py:188} INFO - [2024-04-03T22:26:31.335+0000] {dag.py:3834} INFO - Setting next_dagrun for example_time_delta_sensor_async to None, run_after=None
[2024-04-03T22:26:31.350+0000] {processor.py:183} INFO - Processing /home/airflow/.local/lib/python3.8/site-packages/airflow/example_dags/example_time_delta_sensor_async.py took 0.052 seconds
[2024-04-03T22:27:01.696+0000] {processor.py:161} INFO - Started process (PID=302) to work on /home/airflow/.local/lib/python3.8/site-packages/airflow/example_dags/example_time_delta_sensor_async.py
[2024-04-03T22:27:01.696+0000] {processor.py:830} INFO - Processing file /home/airflow/.local/lib/python3.8/site-packages/airflow/example_dags/example_time_delta_sensor_async.py for tasks to queue
[2024-04-03T22:27:01.698+0000] {logging_mixin.py:188} INFO - [2024-04-03T22:27:01.698+0000] {dagbag.py:540} INFO - Filling up the DagBag from /home/airflow/.local/lib/python3.8/site-packages/airflow/example_dags/example_time_delta_sensor_async.py
[2024-04-03T22:27:01.701+0000] {processor.py:840} INFO - DAG(s) 'example_time_delta_sensor_async' retrieved from /home/airflow/.local/lib/python3.8/site-packages/airflow/example_dags/example_time_delta_sensor_async.py
[2024-04-03T22:27:01.715+0000] {logging_mixin.py:188} INFO - [2024-04-03T22:27:01.715+0000] {dag.py:3047} INFO - Sync 1 DAGs
[2024-04-03T22:27:01.723+0000] {logging_mixin.py:188} INFO - [2024-04-03T22:27:01.723+0000] {dag.py:3834} INFO - Setting next_dagrun for example_time_delta_sensor_async to None, run_after=None
[2024-04-03T22:27:01.736+0000] {processor.py:183} INFO - Processing /home/airflow/.local/lib/python3.8/site-packages/airflow/example_dags/example_time_delta_sensor_async.py took 0.042 seconds
[2024-04-03T22:27:32.169+0000] {processor.py:161} INFO - Started process (PID=357) to work on /home/airflow/.local/lib/python3.8/site-packages/airflow/example_dags/example_time_delta_sensor_async.py
[2024-04-03T22:27:32.170+0000] {processor.py:830} INFO - Processing file /home/airflow/.local/lib/python3.8/site-packages/airflow/example_dags/example_time_delta_sensor_async.py for tasks to queue
[2024-04-03T22:27:32.171+0000] {logging_mixin.py:188} INFO - [2024-04-03T22:27:32.171+0000] {dagbag.py:540} INFO - Filling up the DagBag from /home/airflow/.local/lib/python3.8/site-packages/airflow/example_dags/example_time_delta_sensor_async.py
[2024-04-03T22:27:32.175+0000] {processor.py:840} INFO - DAG(s) 'example_time_delta_sensor_async' retrieved from /home/airflow/.local/lib/python3.8/site-packages/airflow/example_dags/example_time_delta_sensor_async.py
[2024-04-03T22:27:32.190+0000] {logging_mixin.py:188} INFO - [2024-04-03T22:27:32.189+0000] {dag.py:3047} INFO - Sync 1 DAGs
[2024-04-03T22:27:32.199+0000] {logging_mixin.py:188} INFO - [2024-04-03T22:27:32.199+0000] {dag.py:3834} INFO - Setting next_dagrun for example_time_delta_sensor_async to None, run_after=None
[2024-04-03T22:27:32.213+0000] {processor.py:183} INFO - Processing /home/airflow/.local/lib/python3.8/site-packages/airflow/example_dags/example_time_delta_sensor_async.py took 0.046 seconds
[2024-04-03T22:28:02.362+0000] {processor.py:161} INFO - Started process (PID=412) to work on /home/airflow/.local/lib/python3.8/site-packages/airflow/example_dags/example_time_delta_sensor_async.py
[2024-04-03T22:28:02.363+0000] {processor.py:830} INFO - Processing file /home/airflow/.local/lib/python3.8/site-packages/airflow/example_dags/example_time_delta_sensor_async.py for tasks to queue
[2024-04-03T22:28:02.365+0000] {logging_mixin.py:188} INFO - [2024-04-03T22:28:02.364+0000] {dagbag.py:540} INFO - Filling up the DagBag from /home/airflow/.local/lib/python3.8/site-packages/airflow/example_dags/example_time_delta_sensor_async.py
[2024-04-03T22:28:02.368+0000] {processor.py:840} INFO - DAG(s) 'example_time_delta_sensor_async' retrieved from /home/airflow/.local/lib/python3.8/site-packages/airflow/example_dags/example_time_delta_sensor_async.py
[2024-04-03T22:28:02.384+0000] {logging_mixin.py:188} INFO - [2024-04-03T22:28:02.383+0000] {dag.py:3047} INFO - Sync 1 DAGs
[2024-04-03T22:28:02.394+0000] {logging_mixin.py:188} INFO - [2024-04-03T22:28:02.394+0000] {dag.py:3834} INFO - Setting next_dagrun for example_time_delta_sensor_async to None, run_after=None
[2024-04-03T22:28:02.410+0000] {processor.py:183} INFO - Processing /home/airflow/.local/lib/python3.8/site-packages/airflow/example_dags/example_time_delta_sensor_async.py took 0.050 seconds
[2024-04-03T22:28:32.908+0000] {processor.py:161} INFO - Started process (PID=467) to work on /home/airflow/.local/lib/python3.8/site-packages/airflow/example_dags/example_time_delta_sensor_async.py
[2024-04-03T22:28:32.909+0000] {processor.py:830} INFO - Processing file /home/airflow/.local/lib/python3.8/site-packages/airflow/example_dags/example_time_delta_sensor_async.py for tasks to queue
[2024-04-03T22:28:32.911+0000] {logging_mixin.py:188} INFO - [2024-04-03T22:28:32.910+0000] {dagbag.py:540} INFO - Filling up the DagBag from /home/airflow/.local/lib/python3.8/site-packages/airflow/example_dags/example_time_delta_sensor_async.py
[2024-04-03T22:28:32.914+0000] {processor.py:840} INFO - DAG(s) 'example_time_delta_sensor_async' retrieved from /home/airflow/.local/lib/python3.8/site-packages/airflow/example_dags/example_time_delta_sensor_async.py
[2024-04-03T22:28:32.930+0000] {logging_mixin.py:188} INFO - [2024-04-03T22:28:32.930+0000] {dag.py:3047} INFO - Sync 1 DAGs
[2024-04-03T22:28:32.942+0000] {logging_mixin.py:188} INFO - [2024-04-03T22:28:32.942+0000] {dag.py:3834} INFO - Setting next_dagrun for example_time_delta_sensor_async to None, run_after=None
[2024-04-03T22:28:32.957+0000] {processor.py:183} INFO - Processing /home/airflow/.local/lib/python3.8/site-packages/airflow/example_dags/example_time_delta_sensor_async.py took 0.051 seconds
[2024-04-03T22:29:03.253+0000] {processor.py:161} INFO - Started process (PID=522) to work on /home/airflow/.local/lib/python3.8/site-packages/airflow/example_dags/example_time_delta_sensor_async.py
[2024-04-03T22:29:03.254+0000] {processor.py:830} INFO - Processing file /home/airflow/.local/lib/python3.8/site-packages/airflow/example_dags/example_time_delta_sensor_async.py for tasks to queue
[2024-04-03T22:29:03.256+0000] {logging_mixin.py:188} INFO - [2024-04-03T22:29:03.256+0000] {dagbag.py:540} INFO - Filling up the DagBag from /home/airflow/.local/lib/python3.8/site-packages/airflow/example_dags/example_time_delta_sensor_async.py
[2024-04-03T22:29:03.259+0000] {processor.py:840} INFO - DAG(s) 'example_time_delta_sensor_async' retrieved from /home/airflow/.local/lib/python3.8/site-packages/airflow/example_dags/example_time_delta_sensor_async.py
[2024-04-03T22:29:03.274+0000] {logging_mixin.py:188} INFO - [2024-04-03T22:29:03.274+0000] {dag.py:3047} INFO - Sync 1 DAGs
[2024-04-03T22:29:03.283+0000] {logging_mixin.py:188} INFO - [2024-04-03T22:29:03.283+0000] {dag.py:3834} INFO - Setting next_dagrun for example_time_delta_sensor_async to None, run_after=None
[2024-04-03T22:29:03.296+0000] {processor.py:183} INFO - Processing /home/airflow/.local/lib/python3.8/site-packages/airflow/example_dags/example_time_delta_sensor_async.py took 0.045 seconds
[2024-04-03T22:29:33.550+0000] {processor.py:161} INFO - Started process (PID=577) to work on /home/airflow/.local/lib/python3.8/site-packages/airflow/example_dags/example_time_delta_sensor_async.py
[2024-04-03T22:29:33.551+0000] {processor.py:830} INFO - Processing file /home/airflow/.local/lib/python3.8/site-packages/airflow/example_dags/example_time_delta_sensor_async.py for tasks to queue
[2024-04-03T22:29:33.552+0000] {logging_mixin.py:188} INFO - [2024-04-03T22:29:33.552+0000] {dagbag.py:540} INFO - Filling up the DagBag from /home/airflow/.local/lib/python3.8/site-packages/airflow/example_dags/example_time_delta_sensor_async.py
[2024-04-03T22:29:33.555+0000] {processor.py:840} INFO - DAG(s) 'example_time_delta_sensor_async' retrieved from /home/airflow/.local/lib/python3.8/site-packages/airflow/example_dags/example_time_delta_sensor_async.py
[2024-04-03T22:29:33.568+0000] {logging_mixin.py:188} INFO - [2024-04-03T22:29:33.568+0000] {dag.py:3047} INFO - Sync 1 DAGs
[2024-04-03T22:29:33.576+0000] {logging_mixin.py:188} INFO - [2024-04-03T22:29:33.576+0000] {dag.py:3834} INFO - Setting next_dagrun for example_time_delta_sensor_async to None, run_after=None
[2024-04-03T22:29:33.588+0000] {processor.py:183} INFO - Processing /home/airflow/.local/lib/python3.8/site-packages/airflow/example_dags/example_time_delta_sensor_async.py took 0.040 seconds
[2024-04-03T22:30:03.960+0000] {processor.py:161} INFO - Started process (PID=632) to work on /home/airflow/.local/lib/python3.8/site-packages/airflow/example_dags/example_time_delta_sensor_async.py
[2024-04-03T22:30:03.961+0000] {processor.py:830} INFO - Processing file /home/airflow/.local/lib/python3.8/site-packages/airflow/example_dags/example_time_delta_sensor_async.py for tasks to queue
[2024-04-03T22:30:03.963+0000] {logging_mixin.py:188} INFO - [2024-04-03T22:30:03.963+0000] {dagbag.py:540} INFO - Filling up the DagBag from /home/airflow/.local/lib/python3.8/site-packages/airflow/example_dags/example_time_delta_sensor_async.py
[2024-04-03T22:30:03.967+0000] {processor.py:840} INFO - DAG(s) 'example_time_delta_sensor_async' retrieved from /home/airflow/.local/lib/python3.8/site-packages/airflow/example_dags/example_time_delta_sensor_async.py
[2024-04-03T22:30:03.982+0000] {logging_mixin.py:188} INFO - [2024-04-03T22:30:03.982+0000] {dag.py:3047} INFO - Sync 1 DAGs
[2024-04-03T22:30:03.991+0000] {logging_mixin.py:188} INFO - [2024-04-03T22:30:03.991+0000] {dag.py:3834} INFO - Setting next_dagrun for example_time_delta_sensor_async to None, run_after=None
[2024-04-03T22:30:04.008+0000] {processor.py:183} INFO - Processing /home/airflow/.local/lib/python3.8/site-packages/airflow/example_dags/example_time_delta_sensor_async.py took 0.050 seconds
[2024-04-03T22:30:34.361+0000] {processor.py:161} INFO - Started process (PID=687) to work on /home/airflow/.local/lib/python3.8/site-packages/airflow/example_dags/example_time_delta_sensor_async.py
[2024-04-03T22:30:34.362+0000] {processor.py:830} INFO - Processing file /home/airflow/.local/lib/python3.8/site-packages/airflow/example_dags/example_time_delta_sensor_async.py for tasks to queue
[2024-04-03T22:30:34.363+0000] {logging_mixin.py:188} INFO - [2024-04-03T22:30:34.363+0000] {dagbag.py:540} INFO - Filling up the DagBag from /home/airflow/.local/lib/python3.8/site-packages/airflow/example_dags/example_time_delta_sensor_async.py
[2024-04-03T22:30:34.367+0000] {processor.py:840} INFO - DAG(s) 'example_time_delta_sensor_async' retrieved from /home/airflow/.local/lib/python3.8/site-packages/airflow/example_dags/example_time_delta_sensor_async.py
[2024-04-03T22:30:34.379+0000] {logging_mixin.py:188} INFO - [2024-04-03T22:30:34.379+0000] {dag.py:3047} INFO - Sync 1 DAGs
[2024-04-03T22:30:34.387+0000] {logging_mixin.py:188} INFO - [2024-04-03T22:30:34.387+0000] {dag.py:3834} INFO - Setting next_dagrun for example_time_delta_sensor_async to None, run_after=None
[2024-04-03T22:30:34.400+0000] {processor.py:183} INFO - Processing /home/airflow/.local/lib/python3.8/site-packages/airflow/example_dags/example_time_delta_sensor_async.py took 0.042 seconds
[2024-04-03T22:31:04.915+0000] {processor.py:161} INFO - Started process (PID=742) to work on /home/airflow/.local/lib/python3.8/site-packages/airflow/example_dags/example_time_delta_sensor_async.py
[2024-04-03T22:31:04.916+0000] {processor.py:830} INFO - Processing file /home/airflow/.local/lib/python3.8/site-packages/airflow/example_dags/example_time_delta_sensor_async.py for tasks to queue
[2024-04-03T22:31:04.917+0000] {logging_mixin.py:188} INFO - [2024-04-03T22:31:04.917+0000] {dagbag.py:540} INFO - Filling up the DagBag from /home/airflow/.local/lib/python3.8/site-packages/airflow/example_dags/example_time_delta_sensor_async.py
[2024-04-03T22:31:04.920+0000] {processor.py:840} INFO - DAG(s) 'example_time_delta_sensor_async' retrieved from /home/airflow/.local/lib/python3.8/site-packages/airflow/example_dags/example_time_delta_sensor_async.py
[2024-04-03T22:31:04.938+0000] {logging_mixin.py:188} INFO - [2024-04-03T22:31:04.937+0000] {dag.py:3047} INFO - Sync 1 DAGs
[2024-04-03T22:31:04.949+0000] {logging_mixin.py:188} INFO - [2024-04-03T22:31:04.949+0000] {dag.py:3834} INFO - Setting next_dagrun for example_time_delta_sensor_async to None, run_after=None
[2024-04-03T22:31:04.964+0000] {processor.py:183} INFO - Processing /home/airflow/.local/lib/python3.8/site-packages/airflow/example_dags/example_time_delta_sensor_async.py took 0.052 seconds
[2024-04-03T22:31:35.317+0000] {processor.py:161} INFO - Started process (PID=797) to work on /home/airflow/.local/lib/python3.8/site-packages/airflow/example_dags/example_time_delta_sensor_async.py
[2024-04-03T22:31:35.318+0000] {processor.py:830} INFO - Processing file /home/airflow/.local/lib/python3.8/site-packages/airflow/example_dags/example_time_delta_sensor_async.py for tasks to queue
[2024-04-03T22:31:35.319+0000] {logging_mixin.py:188} INFO - [2024-04-03T22:31:35.319+0000] {dagbag.py:540} INFO - Filling up the DagBag from /home/airflow/.local/lib/python3.8/site-packages/airflow/example_dags/example_time_delta_sensor_async.py
[2024-04-03T22:31:35.322+0000] {processor.py:840} INFO - DAG(s) 'example_time_delta_sensor_async' retrieved from /home/airflow/.local/lib/python3.8/site-packages/airflow/example_dags/example_time_delta_sensor_async.py
[2024-04-03T22:31:35.336+0000] {logging_mixin.py:188} INFO - [2024-04-03T22:31:35.336+0000] {dag.py:3047} INFO - Sync 1 DAGs
[2024-04-03T22:31:35.344+0000] {logging_mixin.py:188} INFO - [2024-04-03T22:31:35.344+0000] {dag.py:3834} INFO - Setting next_dagrun for example_time_delta_sensor_async to None, run_after=None
[2024-04-03T22:31:35.356+0000] {processor.py:183} INFO - Processing /home/airflow/.local/lib/python3.8/site-packages/airflow/example_dags/example_time_delta_sensor_async.py took 0.041 seconds
[2024-04-03T22:32:55.315+0000] {processor.py:161} INFO - Started process (PID=82) to work on /home/airflow/.local/lib/python3.8/site-packages/airflow/example_dags/example_time_delta_sensor_async.py
[2024-04-03T22:32:55.316+0000] {processor.py:830} INFO - Processing file /home/airflow/.local/lib/python3.8/site-packages/airflow/example_dags/example_time_delta_sensor_async.py for tasks to queue
[2024-04-03T22:32:55.318+0000] {logging_mixin.py:188} INFO - [2024-04-03T22:32:55.317+0000] {dagbag.py:540} INFO - Filling up the DagBag from /home/airflow/.local/lib/python3.8/site-packages/airflow/example_dags/example_time_delta_sensor_async.py
[2024-04-03T22:32:55.323+0000] {processor.py:840} INFO - DAG(s) 'example_time_delta_sensor_async' retrieved from /home/airflow/.local/lib/python3.8/site-packages/airflow/example_dags/example_time_delta_sensor_async.py
[2024-04-03T22:32:55.332+0000] {logging_mixin.py:188} INFO - [2024-04-03T22:32:55.332+0000] {dag.py:3047} INFO - Sync 1 DAGs
[2024-04-03T22:32:55.341+0000] {logging_mixin.py:188} INFO - [2024-04-03T22:32:55.341+0000] {dag.py:3834} INFO - Setting next_dagrun for example_time_delta_sensor_async to None, run_after=None
[2024-04-03T22:32:55.357+0000] {processor.py:183} INFO - Processing /home/airflow/.local/lib/python3.8/site-packages/airflow/example_dags/example_time_delta_sensor_async.py took 0.044 seconds
[2024-04-03T22:33:26.588+0000] {processor.py:161} INFO - Started process (PID=137) to work on /home/airflow/.local/lib/python3.8/site-packages/airflow/example_dags/example_time_delta_sensor_async.py
[2024-04-03T22:33:26.589+0000] {processor.py:830} INFO - Processing file /home/airflow/.local/lib/python3.8/site-packages/airflow/example_dags/example_time_delta_sensor_async.py for tasks to queue
[2024-04-03T22:33:26.590+0000] {logging_mixin.py:188} INFO - [2024-04-03T22:33:26.590+0000] {dagbag.py:540} INFO - Filling up the DagBag from /home/airflow/.local/lib/python3.8/site-packages/airflow/example_dags/example_time_delta_sensor_async.py
[2024-04-03T22:33:26.594+0000] {processor.py:840} INFO - DAG(s) 'example_time_delta_sensor_async' retrieved from /home/airflow/.local/lib/python3.8/site-packages/airflow/example_dags/example_time_delta_sensor_async.py
[2024-04-03T22:33:26.658+0000] {logging_mixin.py:188} INFO - [2024-04-03T22:33:26.657+0000] {dag.py:3047} INFO - Sync 1 DAGs
[2024-04-03T22:33:26.665+0000] {logging_mixin.py:188} INFO - [2024-04-03T22:33:26.664+0000] {dag.py:3834} INFO - Setting next_dagrun for example_time_delta_sensor_async to None, run_after=None
[2024-04-03T22:33:26.677+0000] {processor.py:183} INFO - Processing /home/airflow/.local/lib/python3.8/site-packages/airflow/example_dags/example_time_delta_sensor_async.py took 0.092 seconds
[2024-04-03T22:33:57.660+0000] {processor.py:161} INFO - Started process (PID=192) to work on /home/airflow/.local/lib/python3.8/site-packages/airflow/example_dags/example_time_delta_sensor_async.py
[2024-04-03T22:33:57.661+0000] {processor.py:830} INFO - Processing file /home/airflow/.local/lib/python3.8/site-packages/airflow/example_dags/example_time_delta_sensor_async.py for tasks to queue
[2024-04-03T22:33:57.662+0000] {logging_mixin.py:188} INFO - [2024-04-03T22:33:57.662+0000] {dagbag.py:540} INFO - Filling up the DagBag from /home/airflow/.local/lib/python3.8/site-packages/airflow/example_dags/example_time_delta_sensor_async.py
[2024-04-03T22:33:57.666+0000] {processor.py:840} INFO - DAG(s) 'example_time_delta_sensor_async' retrieved from /home/airflow/.local/lib/python3.8/site-packages/airflow/example_dags/example_time_delta_sensor_async.py
[2024-04-03T22:33:57.681+0000] {logging_mixin.py:188} INFO - [2024-04-03T22:33:57.680+0000] {dag.py:3047} INFO - Sync 1 DAGs
[2024-04-03T22:33:57.690+0000] {logging_mixin.py:188} INFO - [2024-04-03T22:33:57.690+0000] {dag.py:3834} INFO - Setting next_dagrun for example_time_delta_sensor_async to None, run_after=None
[2024-04-03T22:33:57.706+0000] {processor.py:183} INFO - Processing /home/airflow/.local/lib/python3.8/site-packages/airflow/example_dags/example_time_delta_sensor_async.py took 0.048 seconds
[2024-04-03T22:34:27.958+0000] {processor.py:161} INFO - Started process (PID=247) to work on /home/airflow/.local/lib/python3.8/site-packages/airflow/example_dags/example_time_delta_sensor_async.py
[2024-04-03T22:34:27.959+0000] {processor.py:830} INFO - Processing file /home/airflow/.local/lib/python3.8/site-packages/airflow/example_dags/example_time_delta_sensor_async.py for tasks to queue
[2024-04-03T22:34:27.961+0000] {logging_mixin.py:188} INFO - [2024-04-03T22:34:27.961+0000] {dagbag.py:540} INFO - Filling up the DagBag from /home/airflow/.local/lib/python3.8/site-packages/airflow/example_dags/example_time_delta_sensor_async.py
[2024-04-03T22:34:27.965+0000] {processor.py:840} INFO - DAG(s) 'example_time_delta_sensor_async' retrieved from /home/airflow/.local/lib/python3.8/site-packages/airflow/example_dags/example_time_delta_sensor_async.py
[2024-04-03T22:34:27.981+0000] {logging_mixin.py:188} INFO - [2024-04-03T22:34:27.981+0000] {dag.py:3047} INFO - Sync 1 DAGs
[2024-04-03T22:34:27.990+0000] {logging_mixin.py:188} INFO - [2024-04-03T22:34:27.989+0000] {dag.py:3834} INFO - Setting next_dagrun for example_time_delta_sensor_async to None, run_after=None
[2024-04-03T22:34:28.002+0000] {processor.py:183} INFO - Processing /home/airflow/.local/lib/python3.8/site-packages/airflow/example_dags/example_time_delta_sensor_async.py took 0.046 seconds
[2024-04-03T22:34:58.361+0000] {processor.py:161} INFO - Started process (PID=302) to work on /home/airflow/.local/lib/python3.8/site-packages/airflow/example_dags/example_time_delta_sensor_async.py
[2024-04-03T22:34:58.362+0000] {processor.py:830} INFO - Processing file /home/airflow/.local/lib/python3.8/site-packages/airflow/example_dags/example_time_delta_sensor_async.py for tasks to queue
[2024-04-03T22:34:58.363+0000] {logging_mixin.py:188} INFO - [2024-04-03T22:34:58.363+0000] {dagbag.py:540} INFO - Filling up the DagBag from /home/airflow/.local/lib/python3.8/site-packages/airflow/example_dags/example_time_delta_sensor_async.py
[2024-04-03T22:34:58.366+0000] {processor.py:840} INFO - DAG(s) 'example_time_delta_sensor_async' retrieved from /home/airflow/.local/lib/python3.8/site-packages/airflow/example_dags/example_time_delta_sensor_async.py
[2024-04-03T22:34:58.379+0000] {logging_mixin.py:188} INFO - [2024-04-03T22:34:58.379+0000] {dag.py:3047} INFO - Sync 1 DAGs
[2024-04-03T22:34:58.388+0000] {logging_mixin.py:188} INFO - [2024-04-03T22:34:58.388+0000] {dag.py:3834} INFO - Setting next_dagrun for example_time_delta_sensor_async to None, run_after=None
[2024-04-03T22:34:58.401+0000] {processor.py:183} INFO - Processing /home/airflow/.local/lib/python3.8/site-packages/airflow/example_dags/example_time_delta_sensor_async.py took 0.042 seconds
[2024-04-03T22:35:28.824+0000] {processor.py:161} INFO - Started process (PID=357) to work on /home/airflow/.local/lib/python3.8/site-packages/airflow/example_dags/example_time_delta_sensor_async.py
[2024-04-03T22:35:28.825+0000] {processor.py:830} INFO - Processing file /home/airflow/.local/lib/python3.8/site-packages/airflow/example_dags/example_time_delta_sensor_async.py for tasks to queue
[2024-04-03T22:35:28.827+0000] {logging_mixin.py:188} INFO - [2024-04-03T22:35:28.827+0000] {dagbag.py:540} INFO - Filling up the DagBag from /home/airflow/.local/lib/python3.8/site-packages/airflow/example_dags/example_time_delta_sensor_async.py
[2024-04-03T22:35:28.830+0000] {processor.py:840} INFO - DAG(s) 'example_time_delta_sensor_async' retrieved from /home/airflow/.local/lib/python3.8/site-packages/airflow/example_dags/example_time_delta_sensor_async.py
[2024-04-03T22:35:28.844+0000] {logging_mixin.py:188} INFO - [2024-04-03T22:35:28.844+0000] {dag.py:3047} INFO - Sync 1 DAGs
[2024-04-03T22:35:28.852+0000] {logging_mixin.py:188} INFO - [2024-04-03T22:35:28.852+0000] {dag.py:3834} INFO - Setting next_dagrun for example_time_delta_sensor_async to None, run_after=None
[2024-04-03T22:35:28.864+0000] {processor.py:183} INFO - Processing /home/airflow/.local/lib/python3.8/site-packages/airflow/example_dags/example_time_delta_sensor_async.py took 0.042 seconds
[2024-04-03T22:35:59.280+0000] {processor.py:161} INFO - Started process (PID=412) to work on /home/airflow/.local/lib/python3.8/site-packages/airflow/example_dags/example_time_delta_sensor_async.py
[2024-04-03T22:35:59.281+0000] {processor.py:830} INFO - Processing file /home/airflow/.local/lib/python3.8/site-packages/airflow/example_dags/example_time_delta_sensor_async.py for tasks to queue
[2024-04-03T22:35:59.283+0000] {logging_mixin.py:188} INFO - [2024-04-03T22:35:59.283+0000] {dagbag.py:540} INFO - Filling up the DagBag from /home/airflow/.local/lib/python3.8/site-packages/airflow/example_dags/example_time_delta_sensor_async.py
[2024-04-03T22:35:59.286+0000] {processor.py:840} INFO - DAG(s) 'example_time_delta_sensor_async' retrieved from /home/airflow/.local/lib/python3.8/site-packages/airflow/example_dags/example_time_delta_sensor_async.py
[2024-04-03T22:35:59.300+0000] {logging_mixin.py:188} INFO - [2024-04-03T22:35:59.300+0000] {dag.py:3047} INFO - Sync 1 DAGs
[2024-04-03T22:35:59.309+0000] {logging_mixin.py:188} INFO - [2024-04-03T22:35:59.308+0000] {dag.py:3834} INFO - Setting next_dagrun for example_time_delta_sensor_async to None, run_after=None
[2024-04-03T22:35:59.323+0000] {processor.py:183} INFO - Processing /home/airflow/.local/lib/python3.8/site-packages/airflow/example_dags/example_time_delta_sensor_async.py took 0.045 seconds
[2024-04-03T22:36:29.747+0000] {processor.py:161} INFO - Started process (PID=467) to work on /home/airflow/.local/lib/python3.8/site-packages/airflow/example_dags/example_time_delta_sensor_async.py
[2024-04-03T22:36:29.748+0000] {processor.py:830} INFO - Processing file /home/airflow/.local/lib/python3.8/site-packages/airflow/example_dags/example_time_delta_sensor_async.py for tasks to queue
[2024-04-03T22:36:29.750+0000] {logging_mixin.py:188} INFO - [2024-04-03T22:36:29.750+0000] {dagbag.py:540} INFO - Filling up the DagBag from /home/airflow/.local/lib/python3.8/site-packages/airflow/example_dags/example_time_delta_sensor_async.py
[2024-04-03T22:36:29.754+0000] {processor.py:840} INFO - DAG(s) 'example_time_delta_sensor_async' retrieved from /home/airflow/.local/lib/python3.8/site-packages/airflow/example_dags/example_time_delta_sensor_async.py
[2024-04-03T22:36:29.768+0000] {logging_mixin.py:188} INFO - [2024-04-03T22:36:29.768+0000] {dag.py:3047} INFO - Sync 1 DAGs
[2024-04-03T22:36:29.777+0000] {logging_mixin.py:188} INFO - [2024-04-03T22:36:29.777+0000] {dag.py:3834} INFO - Setting next_dagrun for example_time_delta_sensor_async to None, run_after=None
[2024-04-03T22:36:29.792+0000] {processor.py:183} INFO - Processing /home/airflow/.local/lib/python3.8/site-packages/airflow/example_dags/example_time_delta_sensor_async.py took 0.047 seconds
[2024-04-03T22:36:59.950+0000] {processor.py:161} INFO - Started process (PID=522) to work on /home/airflow/.local/lib/python3.8/site-packages/airflow/example_dags/example_time_delta_sensor_async.py
[2024-04-03T22:36:59.951+0000] {processor.py:830} INFO - Processing file /home/airflow/.local/lib/python3.8/site-packages/airflow/example_dags/example_time_delta_sensor_async.py for tasks to queue
[2024-04-03T22:36:59.953+0000] {logging_mixin.py:188} INFO - [2024-04-03T22:36:59.953+0000] {dagbag.py:540} INFO - Filling up the DagBag from /home/airflow/.local/lib/python3.8/site-packages/airflow/example_dags/example_time_delta_sensor_async.py
[2024-04-03T22:36:59.956+0000] {processor.py:840} INFO - DAG(s) 'example_time_delta_sensor_async' retrieved from /home/airflow/.local/lib/python3.8/site-packages/airflow/example_dags/example_time_delta_sensor_async.py
[2024-04-03T22:36:59.970+0000] {logging_mixin.py:188} INFO - [2024-04-03T22:36:59.970+0000] {dag.py:3047} INFO - Sync 1 DAGs
[2024-04-03T22:36:59.979+0000] {logging_mixin.py:188} INFO - [2024-04-03T22:36:59.979+0000] {dag.py:3834} INFO - Setting next_dagrun for example_time_delta_sensor_async to None, run_after=None
[2024-04-03T22:36:59.996+0000] {processor.py:183} INFO - Processing /home/airflow/.local/lib/python3.8/site-packages/airflow/example_dags/example_time_delta_sensor_async.py took 0.048 seconds
[2024-04-03T22:37:30.585+0000] {processor.py:161} INFO - Started process (PID=576) to work on /home/airflow/.local/lib/python3.8/site-packages/airflow/example_dags/example_time_delta_sensor_async.py
[2024-04-03T22:37:30.586+0000] {processor.py:830} INFO - Processing file /home/airflow/.local/lib/python3.8/site-packages/airflow/example_dags/example_time_delta_sensor_async.py for tasks to queue
[2024-04-03T22:37:30.587+0000] {logging_mixin.py:188} INFO - [2024-04-03T22:37:30.587+0000] {dagbag.py:540} INFO - Filling up the DagBag from /home/airflow/.local/lib/python3.8/site-packages/airflow/example_dags/example_time_delta_sensor_async.py
[2024-04-03T22:37:30.591+0000] {processor.py:840} INFO - DAG(s) 'example_time_delta_sensor_async' retrieved from /home/airflow/.local/lib/python3.8/site-packages/airflow/example_dags/example_time_delta_sensor_async.py
[2024-04-03T22:37:30.604+0000] {logging_mixin.py:188} INFO - [2024-04-03T22:37:30.604+0000] {dag.py:3047} INFO - Sync 1 DAGs
[2024-04-03T22:37:30.612+0000] {logging_mixin.py:188} INFO - [2024-04-03T22:37:30.612+0000] {dag.py:3834} INFO - Setting next_dagrun for example_time_delta_sensor_async to None, run_after=None
[2024-04-03T22:37:30.627+0000] {processor.py:183} INFO - Processing /home/airflow/.local/lib/python3.8/site-packages/airflow/example_dags/example_time_delta_sensor_async.py took 0.044 seconds
[2024-04-03T22:38:01.088+0000] {processor.py:161} INFO - Started process (PID=632) to work on /home/airflow/.local/lib/python3.8/site-packages/airflow/example_dags/example_time_delta_sensor_async.py
[2024-04-03T22:38:01.089+0000] {processor.py:830} INFO - Processing file /home/airflow/.local/lib/python3.8/site-packages/airflow/example_dags/example_time_delta_sensor_async.py for tasks to queue
[2024-04-03T22:38:01.090+0000] {logging_mixin.py:188} INFO - [2024-04-03T22:38:01.090+0000] {dagbag.py:540} INFO - Filling up the DagBag from /home/airflow/.local/lib/python3.8/site-packages/airflow/example_dags/example_time_delta_sensor_async.py
[2024-04-03T22:38:01.094+0000] {processor.py:840} INFO - DAG(s) 'example_time_delta_sensor_async' retrieved from /home/airflow/.local/lib/python3.8/site-packages/airflow/example_dags/example_time_delta_sensor_async.py
[2024-04-03T22:38:01.108+0000] {logging_mixin.py:188} INFO - [2024-04-03T22:38:01.108+0000] {dag.py:3047} INFO - Sync 1 DAGs
[2024-04-03T22:38:01.116+0000] {logging_mixin.py:188} INFO - [2024-04-03T22:38:01.116+0000] {dag.py:3834} INFO - Setting next_dagrun for example_time_delta_sensor_async to None, run_after=None
[2024-04-03T22:38:01.131+0000] {processor.py:183} INFO - Processing /home/airflow/.local/lib/python3.8/site-packages/airflow/example_dags/example_time_delta_sensor_async.py took 0.045 seconds
[2024-04-03T22:38:31.410+0000] {processor.py:161} INFO - Started process (PID=687) to work on /home/airflow/.local/lib/python3.8/site-packages/airflow/example_dags/example_time_delta_sensor_async.py
[2024-04-03T22:38:31.411+0000] {processor.py:830} INFO - Processing file /home/airflow/.local/lib/python3.8/site-packages/airflow/example_dags/example_time_delta_sensor_async.py for tasks to queue
[2024-04-03T22:38:31.413+0000] {logging_mixin.py:188} INFO - [2024-04-03T22:38:31.412+0000] {dagbag.py:540} INFO - Filling up the DagBag from /home/airflow/.local/lib/python3.8/site-packages/airflow/example_dags/example_time_delta_sensor_async.py
[2024-04-03T22:38:31.416+0000] {processor.py:840} INFO - DAG(s) 'example_time_delta_sensor_async' retrieved from /home/airflow/.local/lib/python3.8/site-packages/airflow/example_dags/example_time_delta_sensor_async.py
[2024-04-03T22:38:31.430+0000] {logging_mixin.py:188} INFO - [2024-04-03T22:38:31.430+0000] {dag.py:3047} INFO - Sync 1 DAGs
[2024-04-03T22:38:31.439+0000] {logging_mixin.py:188} INFO - [2024-04-03T22:38:31.438+0000] {dag.py:3834} INFO - Setting next_dagrun for example_time_delta_sensor_async to None, run_after=None
[2024-04-03T22:38:31.456+0000] {processor.py:183} INFO - Processing /home/airflow/.local/lib/python3.8/site-packages/airflow/example_dags/example_time_delta_sensor_async.py took 0.047 seconds
[2024-04-03T22:39:01.523+0000] {processor.py:161} INFO - Started process (PID=742) to work on /home/airflow/.local/lib/python3.8/site-packages/airflow/example_dags/example_time_delta_sensor_async.py
[2024-04-03T22:39:01.524+0000] {processor.py:830} INFO - Processing file /home/airflow/.local/lib/python3.8/site-packages/airflow/example_dags/example_time_delta_sensor_async.py for tasks to queue
[2024-04-03T22:39:01.525+0000] {logging_mixin.py:188} INFO - [2024-04-03T22:39:01.525+0000] {dagbag.py:540} INFO - Filling up the DagBag from /home/airflow/.local/lib/python3.8/site-packages/airflow/example_dags/example_time_delta_sensor_async.py
[2024-04-03T22:39:01.529+0000] {processor.py:840} INFO - DAG(s) 'example_time_delta_sensor_async' retrieved from /home/airflow/.local/lib/python3.8/site-packages/airflow/example_dags/example_time_delta_sensor_async.py
[2024-04-03T22:39:01.542+0000] {logging_mixin.py:188} INFO - [2024-04-03T22:39:01.542+0000] {dag.py:3047} INFO - Sync 1 DAGs
[2024-04-03T22:39:01.550+0000] {logging_mixin.py:188} INFO - [2024-04-03T22:39:01.550+0000] {dag.py:3834} INFO - Setting next_dagrun for example_time_delta_sensor_async to None, run_after=None
[2024-04-03T22:39:01.562+0000] {processor.py:183} INFO - Processing /home/airflow/.local/lib/python3.8/site-packages/airflow/example_dags/example_time_delta_sensor_async.py took 0.041 seconds
[2024-04-03T22:39:31.861+0000] {processor.py:161} INFO - Started process (PID=796) to work on /home/airflow/.local/lib/python3.8/site-packages/airflow/example_dags/example_time_delta_sensor_async.py
[2024-04-03T22:39:31.862+0000] {processor.py:830} INFO - Processing file /home/airflow/.local/lib/python3.8/site-packages/airflow/example_dags/example_time_delta_sensor_async.py for tasks to queue
[2024-04-03T22:39:31.864+0000] {logging_mixin.py:188} INFO - [2024-04-03T22:39:31.864+0000] {dagbag.py:540} INFO - Filling up the DagBag from /home/airflow/.local/lib/python3.8/site-packages/airflow/example_dags/example_time_delta_sensor_async.py
[2024-04-03T22:39:31.867+0000] {processor.py:840} INFO - DAG(s) 'example_time_delta_sensor_async' retrieved from /home/airflow/.local/lib/python3.8/site-packages/airflow/example_dags/example_time_delta_sensor_async.py
[2024-04-03T22:39:31.881+0000] {logging_mixin.py:188} INFO - [2024-04-03T22:39:31.881+0000] {dag.py:3047} INFO - Sync 1 DAGs
[2024-04-03T22:39:31.889+0000] {logging_mixin.py:188} INFO - [2024-04-03T22:39:31.889+0000] {dag.py:3834} INFO - Setting next_dagrun for example_time_delta_sensor_async to None, run_after=None
[2024-04-03T22:39:31.903+0000] {processor.py:183} INFO - Processing /home/airflow/.local/lib/python3.8/site-packages/airflow/example_dags/example_time_delta_sensor_async.py took 0.043 seconds
[2024-04-03T22:40:02.192+0000] {processor.py:161} INFO - Started process (PID=851) to work on /home/airflow/.local/lib/python3.8/site-packages/airflow/example_dags/example_time_delta_sensor_async.py
[2024-04-03T22:40:02.193+0000] {processor.py:830} INFO - Processing file /home/airflow/.local/lib/python3.8/site-packages/airflow/example_dags/example_time_delta_sensor_async.py for tasks to queue
[2024-04-03T22:40:02.195+0000] {logging_mixin.py:188} INFO - [2024-04-03T22:40:02.194+0000] {dagbag.py:540} INFO - Filling up the DagBag from /home/airflow/.local/lib/python3.8/site-packages/airflow/example_dags/example_time_delta_sensor_async.py
[2024-04-03T22:40:02.198+0000] {processor.py:840} INFO - DAG(s) 'example_time_delta_sensor_async' retrieved from /home/airflow/.local/lib/python3.8/site-packages/airflow/example_dags/example_time_delta_sensor_async.py
[2024-04-03T22:40:02.213+0000] {logging_mixin.py:188} INFO - [2024-04-03T22:40:02.213+0000] {dag.py:3047} INFO - Sync 1 DAGs
[2024-04-03T22:40:02.222+0000] {logging_mixin.py:188} INFO - [2024-04-03T22:40:02.221+0000] {dag.py:3834} INFO - Setting next_dagrun for example_time_delta_sensor_async to None, run_after=None
[2024-04-03T22:40:02.235+0000] {processor.py:183} INFO - Processing /home/airflow/.local/lib/python3.8/site-packages/airflow/example_dags/example_time_delta_sensor_async.py took 0.046 seconds
[2024-04-03T22:40:32.529+0000] {processor.py:161} INFO - Started process (PID=906) to work on /home/airflow/.local/lib/python3.8/site-packages/airflow/example_dags/example_time_delta_sensor_async.py
[2024-04-03T22:40:32.530+0000] {processor.py:830} INFO - Processing file /home/airflow/.local/lib/python3.8/site-packages/airflow/example_dags/example_time_delta_sensor_async.py for tasks to queue
[2024-04-03T22:40:32.532+0000] {logging_mixin.py:188} INFO - [2024-04-03T22:40:32.532+0000] {dagbag.py:540} INFO - Filling up the DagBag from /home/airflow/.local/lib/python3.8/site-packages/airflow/example_dags/example_time_delta_sensor_async.py
[2024-04-03T22:40:32.536+0000] {processor.py:840} INFO - DAG(s) 'example_time_delta_sensor_async' retrieved from /home/airflow/.local/lib/python3.8/site-packages/airflow/example_dags/example_time_delta_sensor_async.py
[2024-04-03T22:40:32.551+0000] {logging_mixin.py:188} INFO - [2024-04-03T22:40:32.551+0000] {dag.py:3047} INFO - Sync 1 DAGs
[2024-04-03T22:40:32.562+0000] {logging_mixin.py:188} INFO - [2024-04-03T22:40:32.562+0000] {dag.py:3834} INFO - Setting next_dagrun for example_time_delta_sensor_async to None, run_after=None
[2024-04-03T22:40:32.577+0000] {processor.py:183} INFO - Processing /home/airflow/.local/lib/python3.8/site-packages/airflow/example_dags/example_time_delta_sensor_async.py took 0.051 seconds
[2024-04-03T22:41:02.879+0000] {processor.py:161} INFO - Started process (PID=961) to work on /home/airflow/.local/lib/python3.8/site-packages/airflow/example_dags/example_time_delta_sensor_async.py
[2024-04-03T22:41:02.879+0000] {processor.py:830} INFO - Processing file /home/airflow/.local/lib/python3.8/site-packages/airflow/example_dags/example_time_delta_sensor_async.py for tasks to queue
[2024-04-03T22:41:02.881+0000] {logging_mixin.py:188} INFO - [2024-04-03T22:41:02.881+0000] {dagbag.py:540} INFO - Filling up the DagBag from /home/airflow/.local/lib/python3.8/site-packages/airflow/example_dags/example_time_delta_sensor_async.py
[2024-04-03T22:41:02.884+0000] {processor.py:840} INFO - DAG(s) 'example_time_delta_sensor_async' retrieved from /home/airflow/.local/lib/python3.8/site-packages/airflow/example_dags/example_time_delta_sensor_async.py
[2024-04-03T22:41:02.898+0000] {logging_mixin.py:188} INFO - [2024-04-03T22:41:02.898+0000] {dag.py:3047} INFO - Sync 1 DAGs
[2024-04-03T22:41:02.907+0000] {logging_mixin.py:188} INFO - [2024-04-03T22:41:02.907+0000] {dag.py:3834} INFO - Setting next_dagrun for example_time_delta_sensor_async to None, run_after=None
[2024-04-03T22:41:02.920+0000] {processor.py:183} INFO - Processing /home/airflow/.local/lib/python3.8/site-packages/airflow/example_dags/example_time_delta_sensor_async.py took 0.043 seconds
[2024-04-03T22:41:33.351+0000] {processor.py:161} INFO - Started process (PID=1016) to work on /home/airflow/.local/lib/python3.8/site-packages/airflow/example_dags/example_time_delta_sensor_async.py
[2024-04-03T22:41:33.351+0000] {processor.py:830} INFO - Processing file /home/airflow/.local/lib/python3.8/site-packages/airflow/example_dags/example_time_delta_sensor_async.py for tasks to queue
[2024-04-03T22:41:33.353+0000] {logging_mixin.py:188} INFO - [2024-04-03T22:41:33.353+0000] {dagbag.py:540} INFO - Filling up the DagBag from /home/airflow/.local/lib/python3.8/site-packages/airflow/example_dags/example_time_delta_sensor_async.py
[2024-04-03T22:41:33.356+0000] {processor.py:840} INFO - DAG(s) 'example_time_delta_sensor_async' retrieved from /home/airflow/.local/lib/python3.8/site-packages/airflow/example_dags/example_time_delta_sensor_async.py
[2024-04-03T22:41:33.371+0000] {logging_mixin.py:188} INFO - [2024-04-03T22:41:33.371+0000] {dag.py:3047} INFO - Sync 1 DAGs
[2024-04-03T22:41:33.381+0000] {logging_mixin.py:188} INFO - [2024-04-03T22:41:33.381+0000] {dag.py:3834} INFO - Setting next_dagrun for example_time_delta_sensor_async to None, run_after=None
[2024-04-03T22:41:33.397+0000] {processor.py:183} INFO - Processing /home/airflow/.local/lib/python3.8/site-packages/airflow/example_dags/example_time_delta_sensor_async.py took 0.048 seconds
[2024-04-03T22:42:03.939+0000] {processor.py:161} INFO - Started process (PID=1071) to work on /home/airflow/.local/lib/python3.8/site-packages/airflow/example_dags/example_time_delta_sensor_async.py
[2024-04-03T22:42:03.940+0000] {processor.py:830} INFO - Processing file /home/airflow/.local/lib/python3.8/site-packages/airflow/example_dags/example_time_delta_sensor_async.py for tasks to queue
[2024-04-03T22:42:03.942+0000] {logging_mixin.py:188} INFO - [2024-04-03T22:42:03.941+0000] {dagbag.py:540} INFO - Filling up the DagBag from /home/airflow/.local/lib/python3.8/site-packages/airflow/example_dags/example_time_delta_sensor_async.py
[2024-04-03T22:42:03.945+0000] {processor.py:840} INFO - DAG(s) 'example_time_delta_sensor_async' retrieved from /home/airflow/.local/lib/python3.8/site-packages/airflow/example_dags/example_time_delta_sensor_async.py
[2024-04-03T22:42:03.959+0000] {logging_mixin.py:188} INFO - [2024-04-03T22:42:03.958+0000] {dag.py:3047} INFO - Sync 1 DAGs
[2024-04-03T22:42:03.967+0000] {logging_mixin.py:188} INFO - [2024-04-03T22:42:03.967+0000] {dag.py:3834} INFO - Setting next_dagrun for example_time_delta_sensor_async to None, run_after=None
[2024-04-03T22:42:03.980+0000] {processor.py:183} INFO - Processing /home/airflow/.local/lib/python3.8/site-packages/airflow/example_dags/example_time_delta_sensor_async.py took 0.043 seconds
[2024-04-03T22:42:34.217+0000] {processor.py:161} INFO - Started process (PID=1126) to work on /home/airflow/.local/lib/python3.8/site-packages/airflow/example_dags/example_time_delta_sensor_async.py
[2024-04-03T22:42:34.218+0000] {processor.py:830} INFO - Processing file /home/airflow/.local/lib/python3.8/site-packages/airflow/example_dags/example_time_delta_sensor_async.py for tasks to queue
[2024-04-03T22:42:34.219+0000] {logging_mixin.py:188} INFO - [2024-04-03T22:42:34.219+0000] {dagbag.py:540} INFO - Filling up the DagBag from /home/airflow/.local/lib/python3.8/site-packages/airflow/example_dags/example_time_delta_sensor_async.py
[2024-04-03T22:42:34.223+0000] {processor.py:840} INFO - DAG(s) 'example_time_delta_sensor_async' retrieved from /home/airflow/.local/lib/python3.8/site-packages/airflow/example_dags/example_time_delta_sensor_async.py
[2024-04-03T22:42:34.237+0000] {logging_mixin.py:188} INFO - [2024-04-03T22:42:34.236+0000] {dag.py:3047} INFO - Sync 1 DAGs
[2024-04-03T22:42:34.245+0000] {logging_mixin.py:188} INFO - [2024-04-03T22:42:34.245+0000] {dag.py:3834} INFO - Setting next_dagrun for example_time_delta_sensor_async to None, run_after=None
[2024-04-03T22:42:34.262+0000] {processor.py:183} INFO - Processing /home/airflow/.local/lib/python3.8/site-packages/airflow/example_dags/example_time_delta_sensor_async.py took 0.047 seconds
