[2024-04-03T22:24:59.376+0000] {processor.py:161} INFO - Started process (PID=75) to work on /home/airflow/.local/lib/python3.8/site-packages/airflow/example_dags/example_xcomargs.py
[2024-04-03T22:24:59.377+0000] {processor.py:830} INFO - Processing file /home/airflow/.local/lib/python3.8/site-packages/airflow/example_dags/example_xcomargs.py for tasks to queue
[2024-04-03T22:24:59.379+0000] {logging_mixin.py:188} INFO - [2024-04-03T22:24:59.379+0000] {dagbag.py:540} INFO - Filling up the DagBag from /home/airflow/.local/lib/python3.8/site-packages/airflow/example_dags/example_xcomargs.py
[2024-04-03T22:24:59.386+0000] {processor.py:840} INFO - DAG(s) 'example_xcom_args_with_operators', 'example_xcom_args' retrieved from /home/airflow/.local/lib/python3.8/site-packages/airflow/example_dags/example_xcomargs.py
[2024-04-03T22:24:59.402+0000] {logging_mixin.py:188} INFO - [2024-04-03T22:24:59.402+0000] {dag.py:3047} INFO - Sync 2 DAGs
[2024-04-03T22:24:59.415+0000] {logging_mixin.py:188} INFO - [2024-04-03T22:24:59.415+0000] {dag.py:3834} INFO - Setting next_dagrun for example_xcom_args to None, run_after=None
[2024-04-03T22:24:59.420+0000] {logging_mixin.py:188} INFO - [2024-04-03T22:24:59.419+0000] {dag.py:3834} INFO - Setting next_dagrun for example_xcom_args_with_operators to None, run_after=None
[2024-04-03T22:24:59.439+0000] {processor.py:183} INFO - Processing /home/airflow/.local/lib/python3.8/site-packages/airflow/example_dags/example_xcomargs.py took 0.065 seconds
[2024-04-03T22:25:29.754+0000] {processor.py:161} INFO - Started process (PID=130) to work on /home/airflow/.local/lib/python3.8/site-packages/airflow/example_dags/example_xcomargs.py
[2024-04-03T22:25:29.755+0000] {processor.py:830} INFO - Processing file /home/airflow/.local/lib/python3.8/site-packages/airflow/example_dags/example_xcomargs.py for tasks to queue
[2024-04-03T22:25:29.756+0000] {logging_mixin.py:188} INFO - [2024-04-03T22:25:29.756+0000] {dagbag.py:540} INFO - Filling up the DagBag from /home/airflow/.local/lib/python3.8/site-packages/airflow/example_dags/example_xcomargs.py
[2024-04-03T22:25:29.762+0000] {processor.py:840} INFO - DAG(s) 'example_xcom_args_with_operators', 'example_xcom_args' retrieved from /home/airflow/.local/lib/python3.8/site-packages/airflow/example_dags/example_xcomargs.py
[2024-04-03T22:25:29.832+0000] {logging_mixin.py:188} INFO - [2024-04-03T22:25:29.832+0000] {dag.py:3047} INFO - Sync 2 DAGs
[2024-04-03T22:25:29.839+0000] {logging_mixin.py:188} INFO - [2024-04-03T22:25:29.839+0000] {dag.py:3834} INFO - Setting next_dagrun for example_xcom_args to None, run_after=None
[2024-04-03T22:25:29.841+0000] {logging_mixin.py:188} INFO - [2024-04-03T22:25:29.841+0000] {dag.py:3834} INFO - Setting next_dagrun for example_xcom_args_with_operators to None, run_after=None
[2024-04-03T22:25:29.852+0000] {processor.py:183} INFO - Processing /home/airflow/.local/lib/python3.8/site-packages/airflow/example_dags/example_xcomargs.py took 0.100 seconds
[2024-04-03T22:26:00.768+0000] {processor.py:161} INFO - Started process (PID=185) to work on /home/airflow/.local/lib/python3.8/site-packages/airflow/example_dags/example_xcomargs.py
[2024-04-03T22:26:00.769+0000] {processor.py:830} INFO - Processing file /home/airflow/.local/lib/python3.8/site-packages/airflow/example_dags/example_xcomargs.py for tasks to queue
[2024-04-03T22:26:00.771+0000] {logging_mixin.py:188} INFO - [2024-04-03T22:26:00.770+0000] {dagbag.py:540} INFO - Filling up the DagBag from /home/airflow/.local/lib/python3.8/site-packages/airflow/example_dags/example_xcomargs.py
[2024-04-03T22:26:00.777+0000] {processor.py:840} INFO - DAG(s) 'example_xcom_args_with_operators', 'example_xcom_args' retrieved from /home/airflow/.local/lib/python3.8/site-packages/airflow/example_dags/example_xcomargs.py
[2024-04-03T22:26:00.792+0000] {logging_mixin.py:188} INFO - [2024-04-03T22:26:00.792+0000] {dag.py:3047} INFO - Sync 2 DAGs
[2024-04-03T22:26:00.801+0000] {logging_mixin.py:188} INFO - [2024-04-03T22:26:00.801+0000] {dag.py:3834} INFO - Setting next_dagrun for example_xcom_args to None, run_after=None
[2024-04-03T22:26:00.804+0000] {logging_mixin.py:188} INFO - [2024-04-03T22:26:00.804+0000] {dag.py:3834} INFO - Setting next_dagrun for example_xcom_args_with_operators to None, run_after=None
[2024-04-03T22:26:00.816+0000] {processor.py:183} INFO - Processing /home/airflow/.local/lib/python3.8/site-packages/airflow/example_dags/example_xcomargs.py took 0.051 seconds
[2024-04-03T22:26:30.953+0000] {processor.py:161} INFO - Started process (PID=240) to work on /home/airflow/.local/lib/python3.8/site-packages/airflow/example_dags/example_xcomargs.py
[2024-04-03T22:26:30.954+0000] {processor.py:830} INFO - Processing file /home/airflow/.local/lib/python3.8/site-packages/airflow/example_dags/example_xcomargs.py for tasks to queue
[2024-04-03T22:26:30.957+0000] {logging_mixin.py:188} INFO - [2024-04-03T22:26:30.957+0000] {dagbag.py:540} INFO - Filling up the DagBag from /home/airflow/.local/lib/python3.8/site-packages/airflow/example_dags/example_xcomargs.py
[2024-04-03T22:26:30.964+0000] {processor.py:840} INFO - DAG(s) 'example_xcom_args', 'example_xcom_args_with_operators' retrieved from /home/airflow/.local/lib/python3.8/site-packages/airflow/example_dags/example_xcomargs.py
[2024-04-03T22:26:30.984+0000] {logging_mixin.py:188} INFO - [2024-04-03T22:26:30.984+0000] {dag.py:3047} INFO - Sync 2 DAGs
[2024-04-03T22:26:30.994+0000] {logging_mixin.py:188} INFO - [2024-04-03T22:26:30.994+0000] {dag.py:3834} INFO - Setting next_dagrun for example_xcom_args to None, run_after=None
[2024-04-03T22:26:30.998+0000] {logging_mixin.py:188} INFO - [2024-04-03T22:26:30.997+0000] {dag.py:3834} INFO - Setting next_dagrun for example_xcom_args_with_operators to None, run_after=None
[2024-04-03T22:26:31.013+0000] {processor.py:183} INFO - Processing /home/airflow/.local/lib/python3.8/site-packages/airflow/example_dags/example_xcomargs.py took 0.063 seconds
[2024-04-03T22:27:01.457+0000] {processor.py:161} INFO - Started process (PID=295) to work on /home/airflow/.local/lib/python3.8/site-packages/airflow/example_dags/example_xcomargs.py
[2024-04-03T22:27:01.458+0000] {processor.py:830} INFO - Processing file /home/airflow/.local/lib/python3.8/site-packages/airflow/example_dags/example_xcomargs.py for tasks to queue
[2024-04-03T22:27:01.460+0000] {logging_mixin.py:188} INFO - [2024-04-03T22:27:01.459+0000] {dagbag.py:540} INFO - Filling up the DagBag from /home/airflow/.local/lib/python3.8/site-packages/airflow/example_dags/example_xcomargs.py
[2024-04-03T22:27:01.466+0000] {processor.py:840} INFO - DAG(s) 'example_xcom_args', 'example_xcom_args_with_operators' retrieved from /home/airflow/.local/lib/python3.8/site-packages/airflow/example_dags/example_xcomargs.py
[2024-04-03T22:27:01.486+0000] {logging_mixin.py:188} INFO - [2024-04-03T22:27:01.486+0000] {dag.py:3047} INFO - Sync 2 DAGs
[2024-04-03T22:27:01.494+0000] {logging_mixin.py:188} INFO - [2024-04-03T22:27:01.494+0000] {dag.py:3834} INFO - Setting next_dagrun for example_xcom_args to None, run_after=None
[2024-04-03T22:27:01.497+0000] {logging_mixin.py:188} INFO - [2024-04-03T22:27:01.496+0000] {dag.py:3834} INFO - Setting next_dagrun for example_xcom_args_with_operators to None, run_after=None
[2024-04-03T22:27:01.508+0000] {processor.py:183} INFO - Processing /home/airflow/.local/lib/python3.8/site-packages/airflow/example_dags/example_xcomargs.py took 0.054 seconds
[2024-04-03T22:27:31.901+0000] {processor.py:161} INFO - Started process (PID=350) to work on /home/airflow/.local/lib/python3.8/site-packages/airflow/example_dags/example_xcomargs.py
[2024-04-03T22:27:31.902+0000] {processor.py:830} INFO - Processing file /home/airflow/.local/lib/python3.8/site-packages/airflow/example_dags/example_xcomargs.py for tasks to queue
[2024-04-03T22:27:31.904+0000] {logging_mixin.py:188} INFO - [2024-04-03T22:27:31.903+0000] {dagbag.py:540} INFO - Filling up the DagBag from /home/airflow/.local/lib/python3.8/site-packages/airflow/example_dags/example_xcomargs.py
[2024-04-03T22:27:31.909+0000] {processor.py:840} INFO - DAG(s) 'example_xcom_args', 'example_xcom_args_with_operators' retrieved from /home/airflow/.local/lib/python3.8/site-packages/airflow/example_dags/example_xcomargs.py
[2024-04-03T22:27:31.927+0000] {logging_mixin.py:188} INFO - [2024-04-03T22:27:31.926+0000] {dag.py:3047} INFO - Sync 2 DAGs
[2024-04-03T22:27:31.936+0000] {logging_mixin.py:188} INFO - [2024-04-03T22:27:31.936+0000] {dag.py:3834} INFO - Setting next_dagrun for example_xcom_args to None, run_after=None
[2024-04-03T22:27:31.939+0000] {logging_mixin.py:188} INFO - [2024-04-03T22:27:31.938+0000] {dag.py:3834} INFO - Setting next_dagrun for example_xcom_args_with_operators to None, run_after=None
[2024-04-03T22:27:31.952+0000] {processor.py:183} INFO - Processing /home/airflow/.local/lib/python3.8/site-packages/airflow/example_dags/example_xcomargs.py took 0.053 seconds
[2024-04-03T22:28:02.100+0000] {processor.py:161} INFO - Started process (PID=405) to work on /home/airflow/.local/lib/python3.8/site-packages/airflow/example_dags/example_xcomargs.py
[2024-04-03T22:28:02.102+0000] {processor.py:830} INFO - Processing file /home/airflow/.local/lib/python3.8/site-packages/airflow/example_dags/example_xcomargs.py for tasks to queue
[2024-04-03T22:28:02.103+0000] {logging_mixin.py:188} INFO - [2024-04-03T22:28:02.103+0000] {dagbag.py:540} INFO - Filling up the DagBag from /home/airflow/.local/lib/python3.8/site-packages/airflow/example_dags/example_xcomargs.py
[2024-04-03T22:28:02.109+0000] {processor.py:840} INFO - DAG(s) 'example_xcom_args', 'example_xcom_args_with_operators' retrieved from /home/airflow/.local/lib/python3.8/site-packages/airflow/example_dags/example_xcomargs.py
[2024-04-03T22:28:02.126+0000] {logging_mixin.py:188} INFO - [2024-04-03T22:28:02.126+0000] {dag.py:3047} INFO - Sync 2 DAGs
[2024-04-03T22:28:02.136+0000] {logging_mixin.py:188} INFO - [2024-04-03T22:28:02.136+0000] {dag.py:3834} INFO - Setting next_dagrun for example_xcom_args to None, run_after=None
[2024-04-03T22:28:02.140+0000] {logging_mixin.py:188} INFO - [2024-04-03T22:28:02.139+0000] {dag.py:3834} INFO - Setting next_dagrun for example_xcom_args_with_operators to None, run_after=None
[2024-04-03T22:28:02.161+0000] {processor.py:183} INFO - Processing /home/airflow/.local/lib/python3.8/site-packages/airflow/example_dags/example_xcomargs.py took 0.063 seconds
[2024-04-03T22:28:32.509+0000] {processor.py:161} INFO - Started process (PID=460) to work on /home/airflow/.local/lib/python3.8/site-packages/airflow/example_dags/example_xcomargs.py
[2024-04-03T22:28:32.510+0000] {processor.py:830} INFO - Processing file /home/airflow/.local/lib/python3.8/site-packages/airflow/example_dags/example_xcomargs.py for tasks to queue
[2024-04-03T22:28:32.512+0000] {logging_mixin.py:188} INFO - [2024-04-03T22:28:32.511+0000] {dagbag.py:540} INFO - Filling up the DagBag from /home/airflow/.local/lib/python3.8/site-packages/airflow/example_dags/example_xcomargs.py
[2024-04-03T22:28:32.517+0000] {processor.py:840} INFO - DAG(s) 'example_xcom_args_with_operators', 'example_xcom_args' retrieved from /home/airflow/.local/lib/python3.8/site-packages/airflow/example_dags/example_xcomargs.py
[2024-04-03T22:28:32.533+0000] {logging_mixin.py:188} INFO - [2024-04-03T22:28:32.533+0000] {dag.py:3047} INFO - Sync 2 DAGs
[2024-04-03T22:28:32.542+0000] {logging_mixin.py:188} INFO - [2024-04-03T22:28:32.542+0000] {dag.py:3834} INFO - Setting next_dagrun for example_xcom_args to None, run_after=None
[2024-04-03T22:28:32.547+0000] {logging_mixin.py:188} INFO - [2024-04-03T22:28:32.546+0000] {dag.py:3834} INFO - Setting next_dagrun for example_xcom_args_with_operators to None, run_after=None
[2024-04-03T22:28:32.561+0000] {processor.py:183} INFO - Processing /home/airflow/.local/lib/python3.8/site-packages/airflow/example_dags/example_xcomargs.py took 0.055 seconds
[2024-04-03T22:29:02.967+0000] {processor.py:161} INFO - Started process (PID=515) to work on /home/airflow/.local/lib/python3.8/site-packages/airflow/example_dags/example_xcomargs.py
[2024-04-03T22:29:02.968+0000] {processor.py:830} INFO - Processing file /home/airflow/.local/lib/python3.8/site-packages/airflow/example_dags/example_xcomargs.py for tasks to queue
[2024-04-03T22:29:02.969+0000] {logging_mixin.py:188} INFO - [2024-04-03T22:29:02.969+0000] {dagbag.py:540} INFO - Filling up the DagBag from /home/airflow/.local/lib/python3.8/site-packages/airflow/example_dags/example_xcomargs.py
[2024-04-03T22:29:02.975+0000] {processor.py:840} INFO - DAG(s) 'example_xcom_args_with_operators', 'example_xcom_args' retrieved from /home/airflow/.local/lib/python3.8/site-packages/airflow/example_dags/example_xcomargs.py
[2024-04-03T22:29:02.994+0000] {logging_mixin.py:188} INFO - [2024-04-03T22:29:02.994+0000] {dag.py:3047} INFO - Sync 2 DAGs
[2024-04-03T22:29:03.004+0000] {logging_mixin.py:188} INFO - [2024-04-03T22:29:03.004+0000] {dag.py:3834} INFO - Setting next_dagrun for example_xcom_args to None, run_after=None
[2024-04-03T22:29:03.007+0000] {logging_mixin.py:188} INFO - [2024-04-03T22:29:03.007+0000] {dag.py:3834} INFO - Setting next_dagrun for example_xcom_args_with_operators to None, run_after=None
[2024-04-03T22:29:03.020+0000] {processor.py:183} INFO - Processing /home/airflow/.local/lib/python3.8/site-packages/airflow/example_dags/example_xcomargs.py took 0.056 seconds
[2024-04-03T22:29:33.311+0000] {processor.py:161} INFO - Started process (PID=570) to work on /home/airflow/.local/lib/python3.8/site-packages/airflow/example_dags/example_xcomargs.py
[2024-04-03T22:29:33.312+0000] {processor.py:830} INFO - Processing file /home/airflow/.local/lib/python3.8/site-packages/airflow/example_dags/example_xcomargs.py for tasks to queue
[2024-04-03T22:29:33.313+0000] {logging_mixin.py:188} INFO - [2024-04-03T22:29:33.313+0000] {dagbag.py:540} INFO - Filling up the DagBag from /home/airflow/.local/lib/python3.8/site-packages/airflow/example_dags/example_xcomargs.py
[2024-04-03T22:29:33.319+0000] {processor.py:840} INFO - DAG(s) 'example_xcom_args_with_operators', 'example_xcom_args' retrieved from /home/airflow/.local/lib/python3.8/site-packages/airflow/example_dags/example_xcomargs.py
[2024-04-03T22:29:33.335+0000] {logging_mixin.py:188} INFO - [2024-04-03T22:29:33.334+0000] {dag.py:3047} INFO - Sync 2 DAGs
[2024-04-03T22:29:33.342+0000] {logging_mixin.py:188} INFO - [2024-04-03T22:29:33.342+0000] {dag.py:3834} INFO - Setting next_dagrun for example_xcom_args to None, run_after=None
[2024-04-03T22:29:33.346+0000] {logging_mixin.py:188} INFO - [2024-04-03T22:29:33.346+0000] {dag.py:3834} INFO - Setting next_dagrun for example_xcom_args_with_operators to None, run_after=None
[2024-04-03T22:29:33.357+0000] {processor.py:183} INFO - Processing /home/airflow/.local/lib/python3.8/site-packages/airflow/example_dags/example_xcomargs.py took 0.048 seconds
[2024-04-03T22:30:03.646+0000] {processor.py:161} INFO - Started process (PID=625) to work on /home/airflow/.local/lib/python3.8/site-packages/airflow/example_dags/example_xcomargs.py
[2024-04-03T22:30:03.648+0000] {processor.py:830} INFO - Processing file /home/airflow/.local/lib/python3.8/site-packages/airflow/example_dags/example_xcomargs.py for tasks to queue
[2024-04-03T22:30:03.649+0000] {logging_mixin.py:188} INFO - [2024-04-03T22:30:03.649+0000] {dagbag.py:540} INFO - Filling up the DagBag from /home/airflow/.local/lib/python3.8/site-packages/airflow/example_dags/example_xcomargs.py
[2024-04-03T22:30:03.657+0000] {processor.py:840} INFO - DAG(s) 'example_xcom_args', 'example_xcom_args_with_operators' retrieved from /home/airflow/.local/lib/python3.8/site-packages/airflow/example_dags/example_xcomargs.py
[2024-04-03T22:30:03.676+0000] {logging_mixin.py:188} INFO - [2024-04-03T22:30:03.676+0000] {dag.py:3047} INFO - Sync 2 DAGs
[2024-04-03T22:30:03.685+0000] {logging_mixin.py:188} INFO - [2024-04-03T22:30:03.685+0000] {dag.py:3834} INFO - Setting next_dagrun for example_xcom_args to None, run_after=None
[2024-04-03T22:30:03.688+0000] {logging_mixin.py:188} INFO - [2024-04-03T22:30:03.688+0000] {dag.py:3834} INFO - Setting next_dagrun for example_xcom_args_with_operators to None, run_after=None
[2024-04-03T22:30:03.702+0000] {processor.py:183} INFO - Processing /home/airflow/.local/lib/python3.8/site-packages/airflow/example_dags/example_xcomargs.py took 0.058 seconds
[2024-04-03T22:30:33.949+0000] {processor.py:161} INFO - Started process (PID=680) to work on /home/airflow/.local/lib/python3.8/site-packages/airflow/example_dags/example_xcomargs.py
[2024-04-03T22:30:33.950+0000] {processor.py:830} INFO - Processing file /home/airflow/.local/lib/python3.8/site-packages/airflow/example_dags/example_xcomargs.py for tasks to queue
[2024-04-03T22:30:33.951+0000] {logging_mixin.py:188} INFO - [2024-04-03T22:30:33.951+0000] {dagbag.py:540} INFO - Filling up the DagBag from /home/airflow/.local/lib/python3.8/site-packages/airflow/example_dags/example_xcomargs.py
[2024-04-03T22:30:33.957+0000] {processor.py:840} INFO - DAG(s) 'example_xcom_args', 'example_xcom_args_with_operators' retrieved from /home/airflow/.local/lib/python3.8/site-packages/airflow/example_dags/example_xcomargs.py
[2024-04-03T22:30:33.973+0000] {logging_mixin.py:188} INFO - [2024-04-03T22:30:33.972+0000] {dag.py:3047} INFO - Sync 2 DAGs
[2024-04-03T22:30:33.981+0000] {logging_mixin.py:188} INFO - [2024-04-03T22:30:33.981+0000] {dag.py:3834} INFO - Setting next_dagrun for example_xcom_args to None, run_after=None
[2024-04-03T22:30:33.984+0000] {logging_mixin.py:188} INFO - [2024-04-03T22:30:33.984+0000] {dag.py:3834} INFO - Setting next_dagrun for example_xcom_args_with_operators to None, run_after=None
[2024-04-03T22:30:33.998+0000] {processor.py:183} INFO - Processing /home/airflow/.local/lib/python3.8/site-packages/airflow/example_dags/example_xcomargs.py took 0.051 seconds
[2024-04-03T22:31:04.508+0000] {processor.py:161} INFO - Started process (PID=735) to work on /home/airflow/.local/lib/python3.8/site-packages/airflow/example_dags/example_xcomargs.py
[2024-04-03T22:31:04.509+0000] {processor.py:830} INFO - Processing file /home/airflow/.local/lib/python3.8/site-packages/airflow/example_dags/example_xcomargs.py for tasks to queue
[2024-04-03T22:31:04.511+0000] {logging_mixin.py:188} INFO - [2024-04-03T22:31:04.511+0000] {dagbag.py:540} INFO - Filling up the DagBag from /home/airflow/.local/lib/python3.8/site-packages/airflow/example_dags/example_xcomargs.py
[2024-04-03T22:31:04.517+0000] {processor.py:840} INFO - DAG(s) 'example_xcom_args_with_operators', 'example_xcom_args' retrieved from /home/airflow/.local/lib/python3.8/site-packages/airflow/example_dags/example_xcomargs.py
[2024-04-03T22:31:04.534+0000] {logging_mixin.py:188} INFO - [2024-04-03T22:31:04.534+0000] {dag.py:3047} INFO - Sync 2 DAGs
[2024-04-03T22:31:04.543+0000] {logging_mixin.py:188} INFO - [2024-04-03T22:31:04.542+0000] {dag.py:3834} INFO - Setting next_dagrun for example_xcom_args to None, run_after=None
[2024-04-03T22:31:04.545+0000] {logging_mixin.py:188} INFO - [2024-04-03T22:31:04.545+0000] {dag.py:3834} INFO - Setting next_dagrun for example_xcom_args_with_operators to None, run_after=None
[2024-04-03T22:31:04.557+0000] {processor.py:183} INFO - Processing /home/airflow/.local/lib/python3.8/site-packages/airflow/example_dags/example_xcomargs.py took 0.051 seconds
[2024-04-03T22:31:35.069+0000] {processor.py:161} INFO - Started process (PID=790) to work on /home/airflow/.local/lib/python3.8/site-packages/airflow/example_dags/example_xcomargs.py
[2024-04-03T22:31:35.070+0000] {processor.py:830} INFO - Processing file /home/airflow/.local/lib/python3.8/site-packages/airflow/example_dags/example_xcomargs.py for tasks to queue
[2024-04-03T22:31:35.071+0000] {logging_mixin.py:188} INFO - [2024-04-03T22:31:35.071+0000] {dagbag.py:540} INFO - Filling up the DagBag from /home/airflow/.local/lib/python3.8/site-packages/airflow/example_dags/example_xcomargs.py
[2024-04-03T22:31:35.077+0000] {processor.py:840} INFO - DAG(s) 'example_xcom_args', 'example_xcom_args_with_operators' retrieved from /home/airflow/.local/lib/python3.8/site-packages/airflow/example_dags/example_xcomargs.py
[2024-04-03T22:31:35.093+0000] {logging_mixin.py:188} INFO - [2024-04-03T22:31:35.093+0000] {dag.py:3047} INFO - Sync 2 DAGs
[2024-04-03T22:31:35.101+0000] {logging_mixin.py:188} INFO - [2024-04-03T22:31:35.101+0000] {dag.py:3834} INFO - Setting next_dagrun for example_xcom_args to None, run_after=None
[2024-04-03T22:31:35.104+0000] {logging_mixin.py:188} INFO - [2024-04-03T22:31:35.104+0000] {dag.py:3834} INFO - Setting next_dagrun for example_xcom_args_with_operators to None, run_after=None
[2024-04-03T22:31:35.114+0000] {processor.py:183} INFO - Processing /home/airflow/.local/lib/python3.8/site-packages/airflow/example_dags/example_xcomargs.py took 0.047 seconds
[2024-04-03T22:32:54.838+0000] {processor.py:161} INFO - Started process (PID=75) to work on /home/airflow/.local/lib/python3.8/site-packages/airflow/example_dags/example_xcomargs.py
[2024-04-03T22:32:54.839+0000] {processor.py:830} INFO - Processing file /home/airflow/.local/lib/python3.8/site-packages/airflow/example_dags/example_xcomargs.py for tasks to queue
[2024-04-03T22:32:54.840+0000] {logging_mixin.py:188} INFO - [2024-04-03T22:32:54.840+0000] {dagbag.py:540} INFO - Filling up the DagBag from /home/airflow/.local/lib/python3.8/site-packages/airflow/example_dags/example_xcomargs.py
[2024-04-03T22:32:54.846+0000] {processor.py:840} INFO - DAG(s) 'example_xcom_args_with_operators', 'example_xcom_args' retrieved from /home/airflow/.local/lib/python3.8/site-packages/airflow/example_dags/example_xcomargs.py
[2024-04-03T22:32:54.856+0000] {logging_mixin.py:188} INFO - [2024-04-03T22:32:54.855+0000] {dag.py:3047} INFO - Sync 2 DAGs
[2024-04-03T22:32:54.864+0000] {logging_mixin.py:188} INFO - [2024-04-03T22:32:54.864+0000] {dag.py:3834} INFO - Setting next_dagrun for example_xcom_args to None, run_after=None
[2024-04-03T22:32:54.868+0000] {logging_mixin.py:188} INFO - [2024-04-03T22:32:54.868+0000] {dag.py:3834} INFO - Setting next_dagrun for example_xcom_args_with_operators to None, run_after=None
[2024-04-03T22:32:54.882+0000] {processor.py:183} INFO - Processing /home/airflow/.local/lib/python3.8/site-packages/airflow/example_dags/example_xcomargs.py took 0.046 seconds
[2024-04-03T22:33:26.085+0000] {processor.py:161} INFO - Started process (PID=130) to work on /home/airflow/.local/lib/python3.8/site-packages/airflow/example_dags/example_xcomargs.py
[2024-04-03T22:33:26.086+0000] {processor.py:830} INFO - Processing file /home/airflow/.local/lib/python3.8/site-packages/airflow/example_dags/example_xcomargs.py for tasks to queue
[2024-04-03T22:33:26.090+0000] {logging_mixin.py:188} INFO - [2024-04-03T22:33:26.090+0000] {dagbag.py:540} INFO - Filling up the DagBag from /home/airflow/.local/lib/python3.8/site-packages/airflow/example_dags/example_xcomargs.py
[2024-04-03T22:33:26.096+0000] {processor.py:840} INFO - DAG(s) 'example_xcom_args', 'example_xcom_args_with_operators' retrieved from /home/airflow/.local/lib/python3.8/site-packages/airflow/example_dags/example_xcomargs.py
[2024-04-03T22:33:26.169+0000] {logging_mixin.py:188} INFO - [2024-04-03T22:33:26.169+0000] {dag.py:3047} INFO - Sync 2 DAGs
[2024-04-03T22:33:26.177+0000] {logging_mixin.py:188} INFO - [2024-04-03T22:33:26.177+0000] {dag.py:3834} INFO - Setting next_dagrun for example_xcom_args to None, run_after=None
[2024-04-03T22:33:26.180+0000] {logging_mixin.py:188} INFO - [2024-04-03T22:33:26.179+0000] {dag.py:3834} INFO - Setting next_dagrun for example_xcom_args_with_operators to None, run_after=None
[2024-04-03T22:33:26.191+0000] {processor.py:183} INFO - Processing /home/airflow/.local/lib/python3.8/site-packages/airflow/example_dags/example_xcomargs.py took 0.108 seconds
[2024-04-03T22:33:56.260+0000] {processor.py:161} INFO - Started process (PID=185) to work on /home/airflow/.local/lib/python3.8/site-packages/airflow/example_dags/example_xcomargs.py
[2024-04-03T22:33:56.262+0000] {processor.py:830} INFO - Processing file /home/airflow/.local/lib/python3.8/site-packages/airflow/example_dags/example_xcomargs.py for tasks to queue
[2024-04-03T22:33:56.263+0000] {logging_mixin.py:188} INFO - [2024-04-03T22:33:56.263+0000] {dagbag.py:540} INFO - Filling up the DagBag from /home/airflow/.local/lib/python3.8/site-packages/airflow/example_dags/example_xcomargs.py
[2024-04-03T22:33:56.269+0000] {processor.py:840} INFO - DAG(s) 'example_xcom_args_with_operators', 'example_xcom_args' retrieved from /home/airflow/.local/lib/python3.8/site-packages/airflow/example_dags/example_xcomargs.py
[2024-04-03T22:33:56.285+0000] {logging_mixin.py:188} INFO - [2024-04-03T22:33:56.285+0000] {dag.py:3047} INFO - Sync 2 DAGs
[2024-04-03T22:33:56.294+0000] {logging_mixin.py:188} INFO - [2024-04-03T22:33:56.294+0000] {dag.py:3834} INFO - Setting next_dagrun for example_xcom_args to None, run_after=None
[2024-04-03T22:33:56.297+0000] {logging_mixin.py:188} INFO - [2024-04-03T22:33:56.296+0000] {dag.py:3834} INFO - Setting next_dagrun for example_xcom_args_with_operators to None, run_after=None
[2024-04-03T22:33:56.309+0000] {processor.py:183} INFO - Processing /home/airflow/.local/lib/python3.8/site-packages/airflow/example_dags/example_xcomargs.py took 0.051 seconds
[2024-04-03T22:34:26.688+0000] {processor.py:161} INFO - Started process (PID=240) to work on /home/airflow/.local/lib/python3.8/site-packages/airflow/example_dags/example_xcomargs.py
[2024-04-03T22:34:26.689+0000] {processor.py:830} INFO - Processing file /home/airflow/.local/lib/python3.8/site-packages/airflow/example_dags/example_xcomargs.py for tasks to queue
[2024-04-03T22:34:26.690+0000] {logging_mixin.py:188} INFO - [2024-04-03T22:34:26.690+0000] {dagbag.py:540} INFO - Filling up the DagBag from /home/airflow/.local/lib/python3.8/site-packages/airflow/example_dags/example_xcomargs.py
[2024-04-03T22:34:26.696+0000] {processor.py:840} INFO - DAG(s) 'example_xcom_args', 'example_xcom_args_with_operators' retrieved from /home/airflow/.local/lib/python3.8/site-packages/airflow/example_dags/example_xcomargs.py
[2024-04-03T22:34:26.713+0000] {logging_mixin.py:188} INFO - [2024-04-03T22:34:26.712+0000] {dag.py:3047} INFO - Sync 2 DAGs
[2024-04-03T22:34:26.721+0000] {logging_mixin.py:188} INFO - [2024-04-03T22:34:26.721+0000] {dag.py:3834} INFO - Setting next_dagrun for example_xcom_args to None, run_after=None
[2024-04-03T22:34:26.724+0000] {logging_mixin.py:188} INFO - [2024-04-03T22:34:26.724+0000] {dag.py:3834} INFO - Setting next_dagrun for example_xcom_args_with_operators to None, run_after=None
[2024-04-03T22:34:26.736+0000] {processor.py:183} INFO - Processing /home/airflow/.local/lib/python3.8/site-packages/airflow/example_dags/example_xcomargs.py took 0.050 seconds
[2024-04-03T22:34:57.015+0000] {processor.py:161} INFO - Started process (PID=295) to work on /home/airflow/.local/lib/python3.8/site-packages/airflow/example_dags/example_xcomargs.py
[2024-04-03T22:34:57.016+0000] {processor.py:830} INFO - Processing file /home/airflow/.local/lib/python3.8/site-packages/airflow/example_dags/example_xcomargs.py for tasks to queue
[2024-04-03T22:34:57.018+0000] {logging_mixin.py:188} INFO - [2024-04-03T22:34:57.018+0000] {dagbag.py:540} INFO - Filling up the DagBag from /home/airflow/.local/lib/python3.8/site-packages/airflow/example_dags/example_xcomargs.py
[2024-04-03T22:34:57.023+0000] {processor.py:840} INFO - DAG(s) 'example_xcom_args_with_operators', 'example_xcom_args' retrieved from /home/airflow/.local/lib/python3.8/site-packages/airflow/example_dags/example_xcomargs.py
[2024-04-03T22:34:57.041+0000] {logging_mixin.py:188} INFO - [2024-04-03T22:34:57.041+0000] {dag.py:3047} INFO - Sync 2 DAGs
[2024-04-03T22:34:57.051+0000] {logging_mixin.py:188} INFO - [2024-04-03T22:34:57.051+0000] {dag.py:3834} INFO - Setting next_dagrun for example_xcom_args to None, run_after=None
[2024-04-03T22:34:57.056+0000] {logging_mixin.py:188} INFO - [2024-04-03T22:34:57.056+0000] {dag.py:3834} INFO - Setting next_dagrun for example_xcom_args_with_operators to None, run_after=None
[2024-04-03T22:34:57.069+0000] {processor.py:183} INFO - Processing /home/airflow/.local/lib/python3.8/site-packages/airflow/example_dags/example_xcomargs.py took 0.056 seconds
[2024-04-03T22:35:27.484+0000] {processor.py:161} INFO - Started process (PID=350) to work on /home/airflow/.local/lib/python3.8/site-packages/airflow/example_dags/example_xcomargs.py
[2024-04-03T22:35:27.485+0000] {processor.py:830} INFO - Processing file /home/airflow/.local/lib/python3.8/site-packages/airflow/example_dags/example_xcomargs.py for tasks to queue
[2024-04-03T22:35:27.486+0000] {logging_mixin.py:188} INFO - [2024-04-03T22:35:27.486+0000] {dagbag.py:540} INFO - Filling up the DagBag from /home/airflow/.local/lib/python3.8/site-packages/airflow/example_dags/example_xcomargs.py
[2024-04-03T22:35:27.492+0000] {processor.py:840} INFO - DAG(s) 'example_xcom_args_with_operators', 'example_xcom_args' retrieved from /home/airflow/.local/lib/python3.8/site-packages/airflow/example_dags/example_xcomargs.py
[2024-04-03T22:35:27.523+0000] {logging_mixin.py:188} INFO - [2024-04-03T22:35:27.523+0000] {dag.py:3047} INFO - Sync 2 DAGs
[2024-04-03T22:35:27.533+0000] {logging_mixin.py:188} INFO - [2024-04-03T22:35:27.532+0000] {dag.py:3834} INFO - Setting next_dagrun for example_xcom_args to None, run_after=None
[2024-04-03T22:35:27.535+0000] {logging_mixin.py:188} INFO - [2024-04-03T22:35:27.535+0000] {dag.py:3834} INFO - Setting next_dagrun for example_xcom_args_with_operators to None, run_after=None
[2024-04-03T22:35:27.549+0000] {processor.py:183} INFO - Processing /home/airflow/.local/lib/python3.8/site-packages/airflow/example_dags/example_xcomargs.py took 0.068 seconds
[2024-04-03T22:35:57.945+0000] {processor.py:161} INFO - Started process (PID=405) to work on /home/airflow/.local/lib/python3.8/site-packages/airflow/example_dags/example_xcomargs.py
[2024-04-03T22:35:57.946+0000] {processor.py:830} INFO - Processing file /home/airflow/.local/lib/python3.8/site-packages/airflow/example_dags/example_xcomargs.py for tasks to queue
[2024-04-03T22:35:57.947+0000] {logging_mixin.py:188} INFO - [2024-04-03T22:35:57.947+0000] {dagbag.py:540} INFO - Filling up the DagBag from /home/airflow/.local/lib/python3.8/site-packages/airflow/example_dags/example_xcomargs.py
[2024-04-03T22:35:57.953+0000] {processor.py:840} INFO - DAG(s) 'example_xcom_args_with_operators', 'example_xcom_args' retrieved from /home/airflow/.local/lib/python3.8/site-packages/airflow/example_dags/example_xcomargs.py
[2024-04-03T22:35:57.983+0000] {logging_mixin.py:188} INFO - [2024-04-03T22:35:57.983+0000] {dag.py:3047} INFO - Sync 2 DAGs
[2024-04-03T22:35:57.994+0000] {logging_mixin.py:188} INFO - [2024-04-03T22:35:57.994+0000] {dag.py:3834} INFO - Setting next_dagrun for example_xcom_args to None, run_after=None
[2024-04-03T22:35:57.997+0000] {logging_mixin.py:188} INFO - [2024-04-03T22:35:57.997+0000] {dag.py:3834} INFO - Setting next_dagrun for example_xcom_args_with_operators to None, run_after=None
[2024-04-03T22:35:58.011+0000] {processor.py:183} INFO - Processing /home/airflow/.local/lib/python3.8/site-packages/airflow/example_dags/example_xcomargs.py took 0.069 seconds
[2024-04-03T22:36:28.395+0000] {processor.py:161} INFO - Started process (PID=460) to work on /home/airflow/.local/lib/python3.8/site-packages/airflow/example_dags/example_xcomargs.py
[2024-04-03T22:36:28.396+0000] {processor.py:830} INFO - Processing file /home/airflow/.local/lib/python3.8/site-packages/airflow/example_dags/example_xcomargs.py for tasks to queue
[2024-04-03T22:36:28.399+0000] {logging_mixin.py:188} INFO - [2024-04-03T22:36:28.398+0000] {dagbag.py:540} INFO - Filling up the DagBag from /home/airflow/.local/lib/python3.8/site-packages/airflow/example_dags/example_xcomargs.py
[2024-04-03T22:36:28.409+0000] {processor.py:840} INFO - DAG(s) 'example_xcom_args', 'example_xcom_args_with_operators' retrieved from /home/airflow/.local/lib/python3.8/site-packages/airflow/example_dags/example_xcomargs.py
[2024-04-03T22:36:28.429+0000] {logging_mixin.py:188} INFO - [2024-04-03T22:36:28.429+0000] {dag.py:3047} INFO - Sync 2 DAGs
[2024-04-03T22:36:28.438+0000] {logging_mixin.py:188} INFO - [2024-04-03T22:36:28.438+0000] {dag.py:3834} INFO - Setting next_dagrun for example_xcom_args to None, run_after=None
[2024-04-03T22:36:28.441+0000] {logging_mixin.py:188} INFO - [2024-04-03T22:36:28.441+0000] {dag.py:3834} INFO - Setting next_dagrun for example_xcom_args_with_operators to None, run_after=None
[2024-04-03T22:36:28.454+0000] {processor.py:183} INFO - Processing /home/airflow/.local/lib/python3.8/site-packages/airflow/example_dags/example_xcomargs.py took 0.062 seconds
[2024-04-03T22:36:58.635+0000] {processor.py:161} INFO - Started process (PID=515) to work on /home/airflow/.local/lib/python3.8/site-packages/airflow/example_dags/example_xcomargs.py
[2024-04-03T22:36:58.637+0000] {processor.py:830} INFO - Processing file /home/airflow/.local/lib/python3.8/site-packages/airflow/example_dags/example_xcomargs.py for tasks to queue
[2024-04-03T22:36:58.638+0000] {logging_mixin.py:188} INFO - [2024-04-03T22:36:58.638+0000] {dagbag.py:540} INFO - Filling up the DagBag from /home/airflow/.local/lib/python3.8/site-packages/airflow/example_dags/example_xcomargs.py
[2024-04-03T22:36:58.644+0000] {processor.py:840} INFO - DAG(s) 'example_xcom_args_with_operators', 'example_xcom_args' retrieved from /home/airflow/.local/lib/python3.8/site-packages/airflow/example_dags/example_xcomargs.py
[2024-04-03T22:36:58.661+0000] {logging_mixin.py:188} INFO - [2024-04-03T22:36:58.661+0000] {dag.py:3047} INFO - Sync 2 DAGs
[2024-04-03T22:36:58.670+0000] {logging_mixin.py:188} INFO - [2024-04-03T22:36:58.670+0000] {dag.py:3834} INFO - Setting next_dagrun for example_xcom_args to None, run_after=None
[2024-04-03T22:36:58.674+0000] {logging_mixin.py:188} INFO - [2024-04-03T22:36:58.673+0000] {dag.py:3834} INFO - Setting next_dagrun for example_xcom_args_with_operators to None, run_after=None
[2024-04-03T22:36:58.685+0000] {processor.py:183} INFO - Processing /home/airflow/.local/lib/python3.8/site-packages/airflow/example_dags/example_xcomargs.py took 0.052 seconds
[2024-04-03T22:37:29.232+0000] {processor.py:161} INFO - Started process (PID=569) to work on /home/airflow/.local/lib/python3.8/site-packages/airflow/example_dags/example_xcomargs.py
[2024-04-03T22:37:29.233+0000] {processor.py:830} INFO - Processing file /home/airflow/.local/lib/python3.8/site-packages/airflow/example_dags/example_xcomargs.py for tasks to queue
[2024-04-03T22:37:29.235+0000] {logging_mixin.py:188} INFO - [2024-04-03T22:37:29.235+0000] {dagbag.py:540} INFO - Filling up the DagBag from /home/airflow/.local/lib/python3.8/site-packages/airflow/example_dags/example_xcomargs.py
[2024-04-03T22:37:29.240+0000] {processor.py:840} INFO - DAG(s) 'example_xcom_args_with_operators', 'example_xcom_args' retrieved from /home/airflow/.local/lib/python3.8/site-packages/airflow/example_dags/example_xcomargs.py
[2024-04-03T22:37:29.258+0000] {logging_mixin.py:188} INFO - [2024-04-03T22:37:29.258+0000] {dag.py:3047} INFO - Sync 2 DAGs
[2024-04-03T22:37:29.267+0000] {logging_mixin.py:188} INFO - [2024-04-03T22:37:29.267+0000] {dag.py:3834} INFO - Setting next_dagrun for example_xcom_args to None, run_after=None
[2024-04-03T22:37:29.270+0000] {logging_mixin.py:188} INFO - [2024-04-03T22:37:29.270+0000] {dag.py:3834} INFO - Setting next_dagrun for example_xcom_args_with_operators to None, run_after=None
[2024-04-03T22:37:29.283+0000] {processor.py:183} INFO - Processing /home/airflow/.local/lib/python3.8/site-packages/airflow/example_dags/example_xcomargs.py took 0.053 seconds
[2024-04-03T22:37:59.720+0000] {processor.py:161} INFO - Started process (PID=625) to work on /home/airflow/.local/lib/python3.8/site-packages/airflow/example_dags/example_xcomargs.py
[2024-04-03T22:37:59.721+0000] {processor.py:830} INFO - Processing file /home/airflow/.local/lib/python3.8/site-packages/airflow/example_dags/example_xcomargs.py for tasks to queue
[2024-04-03T22:37:59.723+0000] {logging_mixin.py:188} INFO - [2024-04-03T22:37:59.722+0000] {dagbag.py:540} INFO - Filling up the DagBag from /home/airflow/.local/lib/python3.8/site-packages/airflow/example_dags/example_xcomargs.py
[2024-04-03T22:37:59.728+0000] {processor.py:840} INFO - DAG(s) 'example_xcom_args_with_operators', 'example_xcom_args' retrieved from /home/airflow/.local/lib/python3.8/site-packages/airflow/example_dags/example_xcomargs.py
[2024-04-03T22:37:59.746+0000] {logging_mixin.py:188} INFO - [2024-04-03T22:37:59.746+0000] {dag.py:3047} INFO - Sync 2 DAGs
[2024-04-03T22:37:59.758+0000] {logging_mixin.py:188} INFO - [2024-04-03T22:37:59.758+0000] {dag.py:3834} INFO - Setting next_dagrun for example_xcom_args to None, run_after=None
[2024-04-03T22:37:59.761+0000] {logging_mixin.py:188} INFO - [2024-04-03T22:37:59.761+0000] {dag.py:3834} INFO - Setting next_dagrun for example_xcom_args_with_operators to None, run_after=None
[2024-04-03T22:37:59.776+0000] {processor.py:183} INFO - Processing /home/airflow/.local/lib/python3.8/site-packages/airflow/example_dags/example_xcomargs.py took 0.059 seconds
[2024-04-03T22:38:30.022+0000] {processor.py:161} INFO - Started process (PID=680) to work on /home/airflow/.local/lib/python3.8/site-packages/airflow/example_dags/example_xcomargs.py
[2024-04-03T22:38:30.023+0000] {processor.py:830} INFO - Processing file /home/airflow/.local/lib/python3.8/site-packages/airflow/example_dags/example_xcomargs.py for tasks to queue
[2024-04-03T22:38:30.024+0000] {logging_mixin.py:188} INFO - [2024-04-03T22:38:30.024+0000] {dagbag.py:540} INFO - Filling up the DagBag from /home/airflow/.local/lib/python3.8/site-packages/airflow/example_dags/example_xcomargs.py
[2024-04-03T22:38:30.030+0000] {processor.py:840} INFO - DAG(s) 'example_xcom_args_with_operators', 'example_xcom_args' retrieved from /home/airflow/.local/lib/python3.8/site-packages/airflow/example_dags/example_xcomargs.py
[2024-04-03T22:38:30.046+0000] {logging_mixin.py:188} INFO - [2024-04-03T22:38:30.046+0000] {dag.py:3047} INFO - Sync 2 DAGs
[2024-04-03T22:38:30.054+0000] {logging_mixin.py:188} INFO - [2024-04-03T22:38:30.054+0000] {dag.py:3834} INFO - Setting next_dagrun for example_xcom_args to None, run_after=None
[2024-04-03T22:38:30.057+0000] {logging_mixin.py:188} INFO - [2024-04-03T22:38:30.057+0000] {dag.py:3834} INFO - Setting next_dagrun for example_xcom_args_with_operators to None, run_after=None
[2024-04-03T22:38:30.072+0000] {processor.py:183} INFO - Processing /home/airflow/.local/lib/python3.8/site-packages/airflow/example_dags/example_xcomargs.py took 0.052 seconds
[2024-04-03T22:39:00.276+0000] {processor.py:161} INFO - Started process (PID=735) to work on /home/airflow/.local/lib/python3.8/site-packages/airflow/example_dags/example_xcomargs.py
[2024-04-03T22:39:00.277+0000] {processor.py:830} INFO - Processing file /home/airflow/.local/lib/python3.8/site-packages/airflow/example_dags/example_xcomargs.py for tasks to queue
[2024-04-03T22:39:00.278+0000] {logging_mixin.py:188} INFO - [2024-04-03T22:39:00.278+0000] {dagbag.py:540} INFO - Filling up the DagBag from /home/airflow/.local/lib/python3.8/site-packages/airflow/example_dags/example_xcomargs.py
[2024-04-03T22:39:00.283+0000] {processor.py:840} INFO - DAG(s) 'example_xcom_args', 'example_xcom_args_with_operators' retrieved from /home/airflow/.local/lib/python3.8/site-packages/airflow/example_dags/example_xcomargs.py
[2024-04-03T22:39:00.299+0000] {logging_mixin.py:188} INFO - [2024-04-03T22:39:00.299+0000] {dag.py:3047} INFO - Sync 2 DAGs
[2024-04-03T22:39:00.307+0000] {logging_mixin.py:188} INFO - [2024-04-03T22:39:00.307+0000] {dag.py:3834} INFO - Setting next_dagrun for example_xcom_args to None, run_after=None
[2024-04-03T22:39:00.310+0000] {logging_mixin.py:188} INFO - [2024-04-03T22:39:00.309+0000] {dag.py:3834} INFO - Setting next_dagrun for example_xcom_args_with_operators to None, run_after=None
[2024-04-03T22:39:00.322+0000] {processor.py:183} INFO - Processing /home/airflow/.local/lib/python3.8/site-packages/airflow/example_dags/example_xcomargs.py took 0.048 seconds
[2024-04-03T22:39:30.527+0000] {processor.py:161} INFO - Started process (PID=789) to work on /home/airflow/.local/lib/python3.8/site-packages/airflow/example_dags/example_xcomargs.py
[2024-04-03T22:39:30.528+0000] {processor.py:830} INFO - Processing file /home/airflow/.local/lib/python3.8/site-packages/airflow/example_dags/example_xcomargs.py for tasks to queue
[2024-04-03T22:39:30.529+0000] {logging_mixin.py:188} INFO - [2024-04-03T22:39:30.529+0000] {dagbag.py:540} INFO - Filling up the DagBag from /home/airflow/.local/lib/python3.8/site-packages/airflow/example_dags/example_xcomargs.py
[2024-04-03T22:39:30.535+0000] {processor.py:840} INFO - DAG(s) 'example_xcom_args', 'example_xcom_args_with_operators' retrieved from /home/airflow/.local/lib/python3.8/site-packages/airflow/example_dags/example_xcomargs.py
[2024-04-03T22:39:30.550+0000] {logging_mixin.py:188} INFO - [2024-04-03T22:39:30.550+0000] {dag.py:3047} INFO - Sync 2 DAGs
[2024-04-03T22:39:30.558+0000] {logging_mixin.py:188} INFO - [2024-04-03T22:39:30.558+0000] {dag.py:3834} INFO - Setting next_dagrun for example_xcom_args to None, run_after=None
[2024-04-03T22:39:30.560+0000] {logging_mixin.py:188} INFO - [2024-04-03T22:39:30.560+0000] {dag.py:3834} INFO - Setting next_dagrun for example_xcom_args_with_operators to None, run_after=None
[2024-04-03T22:39:30.572+0000] {processor.py:183} INFO - Processing /home/airflow/.local/lib/python3.8/site-packages/airflow/example_dags/example_xcomargs.py took 0.047 seconds
[2024-04-03T22:40:00.884+0000] {processor.py:161} INFO - Started process (PID=844) to work on /home/airflow/.local/lib/python3.8/site-packages/airflow/example_dags/example_xcomargs.py
[2024-04-03T22:40:00.884+0000] {processor.py:830} INFO - Processing file /home/airflow/.local/lib/python3.8/site-packages/airflow/example_dags/example_xcomargs.py for tasks to queue
[2024-04-03T22:40:00.886+0000] {logging_mixin.py:188} INFO - [2024-04-03T22:40:00.886+0000] {dagbag.py:540} INFO - Filling up the DagBag from /home/airflow/.local/lib/python3.8/site-packages/airflow/example_dags/example_xcomargs.py
[2024-04-03T22:40:00.892+0000] {processor.py:840} INFO - DAG(s) 'example_xcom_args_with_operators', 'example_xcom_args' retrieved from /home/airflow/.local/lib/python3.8/site-packages/airflow/example_dags/example_xcomargs.py
[2024-04-03T22:40:00.908+0000] {logging_mixin.py:188} INFO - [2024-04-03T22:40:00.908+0000] {dag.py:3047} INFO - Sync 2 DAGs
[2024-04-03T22:40:00.917+0000] {logging_mixin.py:188} INFO - [2024-04-03T22:40:00.916+0000] {dag.py:3834} INFO - Setting next_dagrun for example_xcom_args to None, run_after=None
[2024-04-03T22:40:00.920+0000] {logging_mixin.py:188} INFO - [2024-04-03T22:40:00.920+0000] {dag.py:3834} INFO - Setting next_dagrun for example_xcom_args_with_operators to None, run_after=None
[2024-04-03T22:40:00.930+0000] {processor.py:183} INFO - Processing /home/airflow/.local/lib/python3.8/site-packages/airflow/example_dags/example_xcomargs.py took 0.049 seconds
[2024-04-03T22:40:31.251+0000] {processor.py:161} INFO - Started process (PID=899) to work on /home/airflow/.local/lib/python3.8/site-packages/airflow/example_dags/example_xcomargs.py
[2024-04-03T22:40:31.251+0000] {processor.py:830} INFO - Processing file /home/airflow/.local/lib/python3.8/site-packages/airflow/example_dags/example_xcomargs.py for tasks to queue
[2024-04-03T22:40:31.253+0000] {logging_mixin.py:188} INFO - [2024-04-03T22:40:31.252+0000] {dagbag.py:540} INFO - Filling up the DagBag from /home/airflow/.local/lib/python3.8/site-packages/airflow/example_dags/example_xcomargs.py
[2024-04-03T22:40:31.258+0000] {processor.py:840} INFO - DAG(s) 'example_xcom_args', 'example_xcom_args_with_operators' retrieved from /home/airflow/.local/lib/python3.8/site-packages/airflow/example_dags/example_xcomargs.py
[2024-04-03T22:40:31.274+0000] {logging_mixin.py:188} INFO - [2024-04-03T22:40:31.274+0000] {dag.py:3047} INFO - Sync 2 DAGs
[2024-04-03T22:40:31.283+0000] {logging_mixin.py:188} INFO - [2024-04-03T22:40:31.283+0000] {dag.py:3834} INFO - Setting next_dagrun for example_xcom_args to None, run_after=None
[2024-04-03T22:40:31.286+0000] {logging_mixin.py:188} INFO - [2024-04-03T22:40:31.286+0000] {dag.py:3834} INFO - Setting next_dagrun for example_xcom_args_with_operators to None, run_after=None
[2024-04-03T22:40:31.296+0000] {processor.py:183} INFO - Processing /home/airflow/.local/lib/python3.8/site-packages/airflow/example_dags/example_xcomargs.py took 0.048 seconds
[2024-04-03T22:41:01.539+0000] {processor.py:161} INFO - Started process (PID=954) to work on /home/airflow/.local/lib/python3.8/site-packages/airflow/example_dags/example_xcomargs.py
[2024-04-03T22:41:01.540+0000] {processor.py:830} INFO - Processing file /home/airflow/.local/lib/python3.8/site-packages/airflow/example_dags/example_xcomargs.py for tasks to queue
[2024-04-03T22:41:01.544+0000] {logging_mixin.py:188} INFO - [2024-04-03T22:41:01.543+0000] {dagbag.py:540} INFO - Filling up the DagBag from /home/airflow/.local/lib/python3.8/site-packages/airflow/example_dags/example_xcomargs.py
[2024-04-03T22:41:01.550+0000] {processor.py:840} INFO - DAG(s) 'example_xcom_args_with_operators', 'example_xcom_args' retrieved from /home/airflow/.local/lib/python3.8/site-packages/airflow/example_dags/example_xcomargs.py
[2024-04-03T22:41:01.570+0000] {logging_mixin.py:188} INFO - [2024-04-03T22:41:01.570+0000] {dag.py:3047} INFO - Sync 2 DAGs
[2024-04-03T22:41:01.580+0000] {logging_mixin.py:188} INFO - [2024-04-03T22:41:01.580+0000] {dag.py:3834} INFO - Setting next_dagrun for example_xcom_args to None, run_after=None
[2024-04-03T22:41:01.583+0000] {logging_mixin.py:188} INFO - [2024-04-03T22:41:01.583+0000] {dag.py:3834} INFO - Setting next_dagrun for example_xcom_args_with_operators to None, run_after=None
[2024-04-03T22:41:01.596+0000] {processor.py:183} INFO - Processing /home/airflow/.local/lib/python3.8/site-packages/airflow/example_dags/example_xcomargs.py took 0.059 seconds
[2024-04-03T22:41:32.069+0000] {processor.py:161} INFO - Started process (PID=1009) to work on /home/airflow/.local/lib/python3.8/site-packages/airflow/example_dags/example_xcomargs.py
[2024-04-03T22:41:32.070+0000] {processor.py:830} INFO - Processing file /home/airflow/.local/lib/python3.8/site-packages/airflow/example_dags/example_xcomargs.py for tasks to queue
[2024-04-03T22:41:32.071+0000] {logging_mixin.py:188} INFO - [2024-04-03T22:41:32.071+0000] {dagbag.py:540} INFO - Filling up the DagBag from /home/airflow/.local/lib/python3.8/site-packages/airflow/example_dags/example_xcomargs.py
[2024-04-03T22:41:32.077+0000] {processor.py:840} INFO - DAG(s) 'example_xcom_args_with_operators', 'example_xcom_args' retrieved from /home/airflow/.local/lib/python3.8/site-packages/airflow/example_dags/example_xcomargs.py
[2024-04-03T22:41:32.094+0000] {logging_mixin.py:188} INFO - [2024-04-03T22:41:32.093+0000] {dag.py:3047} INFO - Sync 2 DAGs
[2024-04-03T22:41:32.102+0000] {logging_mixin.py:188} INFO - [2024-04-03T22:41:32.102+0000] {dag.py:3834} INFO - Setting next_dagrun for example_xcom_args to None, run_after=None
[2024-04-03T22:41:32.105+0000] {logging_mixin.py:188} INFO - [2024-04-03T22:41:32.105+0000] {dag.py:3834} INFO - Setting next_dagrun for example_xcom_args_with_operators to None, run_after=None
[2024-04-03T22:41:32.117+0000] {processor.py:183} INFO - Processing /home/airflow/.local/lib/python3.8/site-packages/airflow/example_dags/example_xcomargs.py took 0.050 seconds
[2024-04-03T22:42:02.586+0000] {processor.py:161} INFO - Started process (PID=1064) to work on /home/airflow/.local/lib/python3.8/site-packages/airflow/example_dags/example_xcomargs.py
[2024-04-03T22:42:02.587+0000] {processor.py:830} INFO - Processing file /home/airflow/.local/lib/python3.8/site-packages/airflow/example_dags/example_xcomargs.py for tasks to queue
[2024-04-03T22:42:02.589+0000] {logging_mixin.py:188} INFO - [2024-04-03T22:42:02.589+0000] {dagbag.py:540} INFO - Filling up the DagBag from /home/airflow/.local/lib/python3.8/site-packages/airflow/example_dags/example_xcomargs.py
[2024-04-03T22:42:02.595+0000] {processor.py:840} INFO - DAG(s) 'example_xcom_args', 'example_xcom_args_with_operators' retrieved from /home/airflow/.local/lib/python3.8/site-packages/airflow/example_dags/example_xcomargs.py
[2024-04-03T22:42:02.612+0000] {logging_mixin.py:188} INFO - [2024-04-03T22:42:02.612+0000] {dag.py:3047} INFO - Sync 2 DAGs
[2024-04-03T22:42:02.628+0000] {logging_mixin.py:188} INFO - [2024-04-03T22:42:02.627+0000] {dag.py:3834} INFO - Setting next_dagrun for example_xcom_args to None, run_after=None
[2024-04-03T22:42:02.631+0000] {logging_mixin.py:188} INFO - [2024-04-03T22:42:02.631+0000] {dag.py:3834} INFO - Setting next_dagrun for example_xcom_args_with_operators to None, run_after=None
[2024-04-03T22:42:02.645+0000] {processor.py:183} INFO - Processing /home/airflow/.local/lib/python3.8/site-packages/airflow/example_dags/example_xcomargs.py took 0.061 seconds
[2024-04-03T22:42:32.898+0000] {processor.py:161} INFO - Started process (PID=1119) to work on /home/airflow/.local/lib/python3.8/site-packages/airflow/example_dags/example_xcomargs.py
[2024-04-03T22:42:32.899+0000] {processor.py:830} INFO - Processing file /home/airflow/.local/lib/python3.8/site-packages/airflow/example_dags/example_xcomargs.py for tasks to queue
[2024-04-03T22:42:32.900+0000] {logging_mixin.py:188} INFO - [2024-04-03T22:42:32.900+0000] {dagbag.py:540} INFO - Filling up the DagBag from /home/airflow/.local/lib/python3.8/site-packages/airflow/example_dags/example_xcomargs.py
[2024-04-03T22:42:32.907+0000] {processor.py:840} INFO - DAG(s) 'example_xcom_args_with_operators', 'example_xcom_args' retrieved from /home/airflow/.local/lib/python3.8/site-packages/airflow/example_dags/example_xcomargs.py
[2024-04-03T22:42:32.925+0000] {logging_mixin.py:188} INFO - [2024-04-03T22:42:32.925+0000] {dag.py:3047} INFO - Sync 2 DAGs
[2024-04-03T22:42:32.935+0000] {logging_mixin.py:188} INFO - [2024-04-03T22:42:32.934+0000] {dag.py:3834} INFO - Setting next_dagrun for example_xcom_args to None, run_after=None
[2024-04-03T22:42:32.939+0000] {logging_mixin.py:188} INFO - [2024-04-03T22:42:32.938+0000] {dag.py:3834} INFO - Setting next_dagrun for example_xcom_args_with_operators to None, run_after=None
[2024-04-03T22:42:32.953+0000] {processor.py:183} INFO - Processing /home/airflow/.local/lib/python3.8/site-packages/airflow/example_dags/example_xcomargs.py took 0.058 seconds
