[2024-04-03T22:25:00.197+0000] {processor.py:161} INFO - Started process (PID=89) to work on /home/airflow/.local/lib/python3.8/site-packages/airflow/example_dags/example_python_decorator.py
[2024-04-03T22:25:00.198+0000] {processor.py:830} INFO - Processing file /home/airflow/.local/lib/python3.8/site-packages/airflow/example_dags/example_python_decorator.py for tasks to queue
[2024-04-03T22:25:00.200+0000] {logging_mixin.py:188} INFO - [2024-04-03T22:25:00.200+0000] {dagbag.py:540} INFO - Filling up the DagBag from /home/airflow/.local/lib/python3.8/site-packages/airflow/example_dags/example_python_decorator.py
[2024-04-03T22:25:00.209+0000] {processor.py:840} INFO - DAG(s) 'example_python_decorator' retrieved from /home/airflow/.local/lib/python3.8/site-packages/airflow/example_dags/example_python_decorator.py
[2024-04-03T22:25:00.219+0000] {logging_mixin.py:188} INFO - [2024-04-03T22:25:00.218+0000] {dag.py:3047} INFO - Sync 1 DAGs
[2024-04-03T22:25:00.228+0000] {logging_mixin.py:188} INFO - [2024-04-03T22:25:00.228+0000] {dag.py:3834} INFO - Setting next_dagrun for example_python_decorator to None, run_after=None
[2024-04-03T22:25:00.247+0000] {processor.py:183} INFO - Processing /home/airflow/.local/lib/python3.8/site-packages/airflow/example_dags/example_python_decorator.py took 0.052 seconds
[2024-04-03T22:25:30.690+0000] {processor.py:161} INFO - Started process (PID=144) to work on /home/airflow/.local/lib/python3.8/site-packages/airflow/example_dags/example_python_decorator.py
[2024-04-03T22:25:30.691+0000] {processor.py:830} INFO - Processing file /home/airflow/.local/lib/python3.8/site-packages/airflow/example_dags/example_python_decorator.py for tasks to queue
[2024-04-03T22:25:30.692+0000] {logging_mixin.py:188} INFO - [2024-04-03T22:25:30.692+0000] {dagbag.py:540} INFO - Filling up the DagBag from /home/airflow/.local/lib/python3.8/site-packages/airflow/example_dags/example_python_decorator.py
[2024-04-03T22:25:30.701+0000] {processor.py:840} INFO - DAG(s) 'example_python_decorator' retrieved from /home/airflow/.local/lib/python3.8/site-packages/airflow/example_dags/example_python_decorator.py
[2024-04-03T22:25:30.766+0000] {logging_mixin.py:188} INFO - [2024-04-03T22:25:30.766+0000] {dag.py:3047} INFO - Sync 1 DAGs
[2024-04-03T22:25:30.774+0000] {logging_mixin.py:188} INFO - [2024-04-03T22:25:30.773+0000] {dag.py:3834} INFO - Setting next_dagrun for example_python_decorator to None, run_after=None
[2024-04-03T22:25:30.787+0000] {processor.py:183} INFO - Processing /home/airflow/.local/lib/python3.8/site-packages/airflow/example_dags/example_python_decorator.py took 0.100 seconds
[2024-04-03T22:26:01.527+0000] {processor.py:161} INFO - Started process (PID=199) to work on /home/airflow/.local/lib/python3.8/site-packages/airflow/example_dags/example_python_decorator.py
[2024-04-03T22:26:01.528+0000] {processor.py:830} INFO - Processing file /home/airflow/.local/lib/python3.8/site-packages/airflow/example_dags/example_python_decorator.py for tasks to queue
[2024-04-03T22:26:01.530+0000] {logging_mixin.py:188} INFO - [2024-04-03T22:26:01.529+0000] {dagbag.py:540} INFO - Filling up the DagBag from /home/airflow/.local/lib/python3.8/site-packages/airflow/example_dags/example_python_decorator.py
[2024-04-03T22:26:01.538+0000] {processor.py:840} INFO - DAG(s) 'example_python_decorator' retrieved from /home/airflow/.local/lib/python3.8/site-packages/airflow/example_dags/example_python_decorator.py
[2024-04-03T22:26:01.554+0000] {logging_mixin.py:188} INFO - [2024-04-03T22:26:01.554+0000] {dag.py:3047} INFO - Sync 1 DAGs
[2024-04-03T22:26:01.563+0000] {logging_mixin.py:188} INFO - [2024-04-03T22:26:01.562+0000] {dag.py:3834} INFO - Setting next_dagrun for example_python_decorator to None, run_after=None
[2024-04-03T22:26:01.576+0000] {processor.py:183} INFO - Processing /home/airflow/.local/lib/python3.8/site-packages/airflow/example_dags/example_python_decorator.py took 0.052 seconds
[2024-04-03T22:26:31.741+0000] {processor.py:161} INFO - Started process (PID=254) to work on /home/airflow/.local/lib/python3.8/site-packages/airflow/example_dags/example_python_decorator.py
[2024-04-03T22:26:31.742+0000] {processor.py:830} INFO - Processing file /home/airflow/.local/lib/python3.8/site-packages/airflow/example_dags/example_python_decorator.py for tasks to queue
[2024-04-03T22:26:31.743+0000] {logging_mixin.py:188} INFO - [2024-04-03T22:26:31.743+0000] {dagbag.py:540} INFO - Filling up the DagBag from /home/airflow/.local/lib/python3.8/site-packages/airflow/example_dags/example_python_decorator.py
[2024-04-03T22:26:31.752+0000] {processor.py:840} INFO - DAG(s) 'example_python_decorator' retrieved from /home/airflow/.local/lib/python3.8/site-packages/airflow/example_dags/example_python_decorator.py
[2024-04-03T22:26:31.767+0000] {logging_mixin.py:188} INFO - [2024-04-03T22:26:31.767+0000] {dag.py:3047} INFO - Sync 1 DAGs
[2024-04-03T22:26:31.776+0000] {logging_mixin.py:188} INFO - [2024-04-03T22:26:31.776+0000] {dag.py:3834} INFO - Setting next_dagrun for example_python_decorator to None, run_after=None
[2024-04-03T22:26:31.790+0000] {processor.py:183} INFO - Processing /home/airflow/.local/lib/python3.8/site-packages/airflow/example_dags/example_python_decorator.py took 0.051 seconds
[2024-04-03T22:27:01.986+0000] {processor.py:161} INFO - Started process (PID=309) to work on /home/airflow/.local/lib/python3.8/site-packages/airflow/example_dags/example_python_decorator.py
[2024-04-03T22:27:01.988+0000] {processor.py:830} INFO - Processing file /home/airflow/.local/lib/python3.8/site-packages/airflow/example_dags/example_python_decorator.py for tasks to queue
[2024-04-03T22:27:01.990+0000] {logging_mixin.py:188} INFO - [2024-04-03T22:27:01.990+0000] {dagbag.py:540} INFO - Filling up the DagBag from /home/airflow/.local/lib/python3.8/site-packages/airflow/example_dags/example_python_decorator.py
[2024-04-03T22:27:01.999+0000] {processor.py:840} INFO - DAG(s) 'example_python_decorator' retrieved from /home/airflow/.local/lib/python3.8/site-packages/airflow/example_dags/example_python_decorator.py
[2024-04-03T22:27:02.015+0000] {logging_mixin.py:188} INFO - [2024-04-03T22:27:02.014+0000] {dag.py:3047} INFO - Sync 1 DAGs
[2024-04-03T22:27:02.024+0000] {logging_mixin.py:188} INFO - [2024-04-03T22:27:02.023+0000] {dag.py:3834} INFO - Setting next_dagrun for example_python_decorator to None, run_after=None
[2024-04-03T22:27:02.037+0000] {processor.py:183} INFO - Processing /home/airflow/.local/lib/python3.8/site-packages/airflow/example_dags/example_python_decorator.py took 0.057 seconds
[2024-04-03T22:27:32.439+0000] {processor.py:161} INFO - Started process (PID=364) to work on /home/airflow/.local/lib/python3.8/site-packages/airflow/example_dags/example_python_decorator.py
[2024-04-03T22:27:32.440+0000] {processor.py:830} INFO - Processing file /home/airflow/.local/lib/python3.8/site-packages/airflow/example_dags/example_python_decorator.py for tasks to queue
[2024-04-03T22:27:32.442+0000] {logging_mixin.py:188} INFO - [2024-04-03T22:27:32.441+0000] {dagbag.py:540} INFO - Filling up the DagBag from /home/airflow/.local/lib/python3.8/site-packages/airflow/example_dags/example_python_decorator.py
[2024-04-03T22:27:32.452+0000] {processor.py:840} INFO - DAG(s) 'example_python_decorator' retrieved from /home/airflow/.local/lib/python3.8/site-packages/airflow/example_dags/example_python_decorator.py
[2024-04-03T22:27:32.467+0000] {logging_mixin.py:188} INFO - [2024-04-03T22:27:32.467+0000] {dag.py:3047} INFO - Sync 1 DAGs
[2024-04-03T22:27:32.475+0000] {logging_mixin.py:188} INFO - [2024-04-03T22:27:32.475+0000] {dag.py:3834} INFO - Setting next_dagrun for example_python_decorator to None, run_after=None
[2024-04-03T22:27:32.490+0000] {processor.py:183} INFO - Processing /home/airflow/.local/lib/python3.8/site-packages/airflow/example_dags/example_python_decorator.py took 0.053 seconds
[2024-04-03T22:28:02.674+0000] {processor.py:161} INFO - Started process (PID=419) to work on /home/airflow/.local/lib/python3.8/site-packages/airflow/example_dags/example_python_decorator.py
[2024-04-03T22:28:02.676+0000] {processor.py:830} INFO - Processing file /home/airflow/.local/lib/python3.8/site-packages/airflow/example_dags/example_python_decorator.py for tasks to queue
[2024-04-03T22:28:02.677+0000] {logging_mixin.py:188} INFO - [2024-04-03T22:28:02.677+0000] {dagbag.py:540} INFO - Filling up the DagBag from /home/airflow/.local/lib/python3.8/site-packages/airflow/example_dags/example_python_decorator.py
[2024-04-03T22:28:02.686+0000] {processor.py:840} INFO - DAG(s) 'example_python_decorator' retrieved from /home/airflow/.local/lib/python3.8/site-packages/airflow/example_dags/example_python_decorator.py
[2024-04-03T22:28:02.702+0000] {logging_mixin.py:188} INFO - [2024-04-03T22:28:02.702+0000] {dag.py:3047} INFO - Sync 1 DAGs
[2024-04-03T22:28:02.712+0000] {logging_mixin.py:188} INFO - [2024-04-03T22:28:02.712+0000] {dag.py:3834} INFO - Setting next_dagrun for example_python_decorator to None, run_after=None
[2024-04-03T22:28:02.726+0000] {processor.py:183} INFO - Processing /home/airflow/.local/lib/python3.8/site-packages/airflow/example_dags/example_python_decorator.py took 0.054 seconds
[2024-04-03T22:28:33.224+0000] {processor.py:161} INFO - Started process (PID=474) to work on /home/airflow/.local/lib/python3.8/site-packages/airflow/example_dags/example_python_decorator.py
[2024-04-03T22:28:33.226+0000] {processor.py:830} INFO - Processing file /home/airflow/.local/lib/python3.8/site-packages/airflow/example_dags/example_python_decorator.py for tasks to queue
[2024-04-03T22:28:33.229+0000] {logging_mixin.py:188} INFO - [2024-04-03T22:28:33.228+0000] {dagbag.py:540} INFO - Filling up the DagBag from /home/airflow/.local/lib/python3.8/site-packages/airflow/example_dags/example_python_decorator.py
[2024-04-03T22:28:33.237+0000] {processor.py:840} INFO - DAG(s) 'example_python_decorator' retrieved from /home/airflow/.local/lib/python3.8/site-packages/airflow/example_dags/example_python_decorator.py
[2024-04-03T22:28:33.255+0000] {logging_mixin.py:188} INFO - [2024-04-03T22:28:33.254+0000] {dag.py:3047} INFO - Sync 1 DAGs
[2024-04-03T22:28:33.265+0000] {logging_mixin.py:188} INFO - [2024-04-03T22:28:33.265+0000] {dag.py:3834} INFO - Setting next_dagrun for example_python_decorator to None, run_after=None
[2024-04-03T22:28:33.279+0000] {processor.py:183} INFO - Processing /home/airflow/.local/lib/python3.8/site-packages/airflow/example_dags/example_python_decorator.py took 0.057 seconds
[2024-04-03T22:29:03.512+0000] {processor.py:161} INFO - Started process (PID=529) to work on /home/airflow/.local/lib/python3.8/site-packages/airflow/example_dags/example_python_decorator.py
[2024-04-03T22:29:03.513+0000] {processor.py:830} INFO - Processing file /home/airflow/.local/lib/python3.8/site-packages/airflow/example_dags/example_python_decorator.py for tasks to queue
[2024-04-03T22:29:03.515+0000] {logging_mixin.py:188} INFO - [2024-04-03T22:29:03.515+0000] {dagbag.py:540} INFO - Filling up the DagBag from /home/airflow/.local/lib/python3.8/site-packages/airflow/example_dags/example_python_decorator.py
[2024-04-03T22:29:03.524+0000] {processor.py:840} INFO - DAG(s) 'example_python_decorator' retrieved from /home/airflow/.local/lib/python3.8/site-packages/airflow/example_dags/example_python_decorator.py
[2024-04-03T22:29:03.542+0000] {logging_mixin.py:188} INFO - [2024-04-03T22:29:03.542+0000] {dag.py:3047} INFO - Sync 1 DAGs
[2024-04-03T22:29:03.551+0000] {logging_mixin.py:188} INFO - [2024-04-03T22:29:03.551+0000] {dag.py:3834} INFO - Setting next_dagrun for example_python_decorator to None, run_after=None
[2024-04-03T22:29:03.564+0000] {processor.py:183} INFO - Processing /home/airflow/.local/lib/python3.8/site-packages/airflow/example_dags/example_python_decorator.py took 0.054 seconds
[2024-04-03T22:29:33.789+0000] {processor.py:161} INFO - Started process (PID=584) to work on /home/airflow/.local/lib/python3.8/site-packages/airflow/example_dags/example_python_decorator.py
[2024-04-03T22:29:33.790+0000] {processor.py:830} INFO - Processing file /home/airflow/.local/lib/python3.8/site-packages/airflow/example_dags/example_python_decorator.py for tasks to queue
[2024-04-03T22:29:33.791+0000] {logging_mixin.py:188} INFO - [2024-04-03T22:29:33.791+0000] {dagbag.py:540} INFO - Filling up the DagBag from /home/airflow/.local/lib/python3.8/site-packages/airflow/example_dags/example_python_decorator.py
[2024-04-03T22:29:33.801+0000] {processor.py:840} INFO - DAG(s) 'example_python_decorator' retrieved from /home/airflow/.local/lib/python3.8/site-packages/airflow/example_dags/example_python_decorator.py
[2024-04-03T22:29:33.816+0000] {logging_mixin.py:188} INFO - [2024-04-03T22:29:33.815+0000] {dag.py:3047} INFO - Sync 1 DAGs
[2024-04-03T22:29:33.825+0000] {logging_mixin.py:188} INFO - [2024-04-03T22:29:33.825+0000] {dag.py:3834} INFO - Setting next_dagrun for example_python_decorator to None, run_after=None
[2024-04-03T22:29:33.839+0000] {processor.py:183} INFO - Processing /home/airflow/.local/lib/python3.8/site-packages/airflow/example_dags/example_python_decorator.py took 0.053 seconds
[2024-04-03T22:30:04.335+0000] {processor.py:161} INFO - Started process (PID=639) to work on /home/airflow/.local/lib/python3.8/site-packages/airflow/example_dags/example_python_decorator.py
[2024-04-03T22:30:04.336+0000] {processor.py:830} INFO - Processing file /home/airflow/.local/lib/python3.8/site-packages/airflow/example_dags/example_python_decorator.py for tasks to queue
[2024-04-03T22:30:04.338+0000] {logging_mixin.py:188} INFO - [2024-04-03T22:30:04.337+0000] {dagbag.py:540} INFO - Filling up the DagBag from /home/airflow/.local/lib/python3.8/site-packages/airflow/example_dags/example_python_decorator.py
[2024-04-03T22:30:04.347+0000] {processor.py:840} INFO - DAG(s) 'example_python_decorator' retrieved from /home/airflow/.local/lib/python3.8/site-packages/airflow/example_dags/example_python_decorator.py
[2024-04-03T22:30:04.365+0000] {logging_mixin.py:188} INFO - [2024-04-03T22:30:04.365+0000] {dag.py:3047} INFO - Sync 1 DAGs
[2024-04-03T22:30:04.376+0000] {logging_mixin.py:188} INFO - [2024-04-03T22:30:04.375+0000] {dag.py:3834} INFO - Setting next_dagrun for example_python_decorator to None, run_after=None
[2024-04-03T22:30:04.391+0000] {processor.py:183} INFO - Processing /home/airflow/.local/lib/python3.8/site-packages/airflow/example_dags/example_python_decorator.py took 0.059 seconds
[2024-04-03T22:30:34.639+0000] {processor.py:161} INFO - Started process (PID=694) to work on /home/airflow/.local/lib/python3.8/site-packages/airflow/example_dags/example_python_decorator.py
[2024-04-03T22:30:34.640+0000] {processor.py:830} INFO - Processing file /home/airflow/.local/lib/python3.8/site-packages/airflow/example_dags/example_python_decorator.py for tasks to queue
[2024-04-03T22:30:34.641+0000] {logging_mixin.py:188} INFO - [2024-04-03T22:30:34.641+0000] {dagbag.py:540} INFO - Filling up the DagBag from /home/airflow/.local/lib/python3.8/site-packages/airflow/example_dags/example_python_decorator.py
[2024-04-03T22:30:34.649+0000] {processor.py:840} INFO - DAG(s) 'example_python_decorator' retrieved from /home/airflow/.local/lib/python3.8/site-packages/airflow/example_dags/example_python_decorator.py
[2024-04-03T22:30:34.666+0000] {logging_mixin.py:188} INFO - [2024-04-03T22:30:34.665+0000] {dag.py:3047} INFO - Sync 1 DAGs
[2024-04-03T22:30:34.673+0000] {logging_mixin.py:188} INFO - [2024-04-03T22:30:34.673+0000] {dag.py:3834} INFO - Setting next_dagrun for example_python_decorator to None, run_after=None
[2024-04-03T22:30:34.687+0000] {processor.py:183} INFO - Processing /home/airflow/.local/lib/python3.8/site-packages/airflow/example_dags/example_python_decorator.py took 0.051 seconds
[2024-04-03T22:31:05.296+0000] {processor.py:161} INFO - Started process (PID=749) to work on /home/airflow/.local/lib/python3.8/site-packages/airflow/example_dags/example_python_decorator.py
[2024-04-03T22:31:05.297+0000] {processor.py:830} INFO - Processing file /home/airflow/.local/lib/python3.8/site-packages/airflow/example_dags/example_python_decorator.py for tasks to queue
[2024-04-03T22:31:05.298+0000] {logging_mixin.py:188} INFO - [2024-04-03T22:31:05.298+0000] {dagbag.py:540} INFO - Filling up the DagBag from /home/airflow/.local/lib/python3.8/site-packages/airflow/example_dags/example_python_decorator.py
[2024-04-03T22:31:05.307+0000] {processor.py:840} INFO - DAG(s) 'example_python_decorator' retrieved from /home/airflow/.local/lib/python3.8/site-packages/airflow/example_dags/example_python_decorator.py
[2024-04-03T22:31:05.324+0000] {logging_mixin.py:188} INFO - [2024-04-03T22:31:05.323+0000] {dag.py:3047} INFO - Sync 1 DAGs
[2024-04-03T22:31:05.333+0000] {logging_mixin.py:188} INFO - [2024-04-03T22:31:05.332+0000] {dag.py:3834} INFO - Setting next_dagrun for example_python_decorator to None, run_after=None
[2024-04-03T22:31:05.350+0000] {processor.py:183} INFO - Processing /home/airflow/.local/lib/python3.8/site-packages/airflow/example_dags/example_python_decorator.py took 0.056 seconds
[2024-04-03T22:31:35.548+0000] {processor.py:161} INFO - Started process (PID=804) to work on /home/airflow/.local/lib/python3.8/site-packages/airflow/example_dags/example_python_decorator.py
[2024-04-03T22:31:35.549+0000] {processor.py:830} INFO - Processing file /home/airflow/.local/lib/python3.8/site-packages/airflow/example_dags/example_python_decorator.py for tasks to queue
[2024-04-03T22:31:35.551+0000] {logging_mixin.py:188} INFO - [2024-04-03T22:31:35.551+0000] {dagbag.py:540} INFO - Filling up the DagBag from /home/airflow/.local/lib/python3.8/site-packages/airflow/example_dags/example_python_decorator.py
[2024-04-03T22:31:35.559+0000] {processor.py:840} INFO - DAG(s) 'example_python_decorator' retrieved from /home/airflow/.local/lib/python3.8/site-packages/airflow/example_dags/example_python_decorator.py
[2024-04-03T22:31:35.575+0000] {logging_mixin.py:188} INFO - [2024-04-03T22:31:35.575+0000] {dag.py:3047} INFO - Sync 1 DAGs
[2024-04-03T22:31:35.583+0000] {logging_mixin.py:188} INFO - [2024-04-03T22:31:35.582+0000] {dag.py:3834} INFO - Setting next_dagrun for example_python_decorator to None, run_after=None
[2024-04-03T22:31:35.595+0000] {processor.py:183} INFO - Processing /home/airflow/.local/lib/python3.8/site-packages/airflow/example_dags/example_python_decorator.py took 0.049 seconds
[2024-04-03T22:32:55.628+0000] {processor.py:161} INFO - Started process (PID=89) to work on /home/airflow/.local/lib/python3.8/site-packages/airflow/example_dags/example_python_decorator.py
[2024-04-03T22:32:55.629+0000] {processor.py:830} INFO - Processing file /home/airflow/.local/lib/python3.8/site-packages/airflow/example_dags/example_python_decorator.py for tasks to queue
[2024-04-03T22:32:55.630+0000] {logging_mixin.py:188} INFO - [2024-04-03T22:32:55.630+0000] {dagbag.py:540} INFO - Filling up the DagBag from /home/airflow/.local/lib/python3.8/site-packages/airflow/example_dags/example_python_decorator.py
[2024-04-03T22:32:55.639+0000] {processor.py:840} INFO - DAG(s) 'example_python_decorator' retrieved from /home/airflow/.local/lib/python3.8/site-packages/airflow/example_dags/example_python_decorator.py
[2024-04-03T22:32:55.647+0000] {logging_mixin.py:188} INFO - [2024-04-03T22:32:55.647+0000] {dag.py:3047} INFO - Sync 1 DAGs
[2024-04-03T22:32:55.657+0000] {logging_mixin.py:188} INFO - [2024-04-03T22:32:55.655+0000] {dag.py:3834} INFO - Setting next_dagrun for example_python_decorator to None, run_after=None
[2024-04-03T22:32:55.671+0000] {processor.py:183} INFO - Processing /home/airflow/.local/lib/python3.8/site-packages/airflow/example_dags/example_python_decorator.py took 0.045 seconds
[2024-04-03T22:33:26.976+0000] {processor.py:161} INFO - Started process (PID=144) to work on /home/airflow/.local/lib/python3.8/site-packages/airflow/example_dags/example_python_decorator.py
[2024-04-03T22:33:26.977+0000] {processor.py:830} INFO - Processing file /home/airflow/.local/lib/python3.8/site-packages/airflow/example_dags/example_python_decorator.py for tasks to queue
[2024-04-03T22:33:26.979+0000] {logging_mixin.py:188} INFO - [2024-04-03T22:33:26.978+0000] {dagbag.py:540} INFO - Filling up the DagBag from /home/airflow/.local/lib/python3.8/site-packages/airflow/example_dags/example_python_decorator.py
[2024-04-03T22:33:26.987+0000] {processor.py:840} INFO - DAG(s) 'example_python_decorator' retrieved from /home/airflow/.local/lib/python3.8/site-packages/airflow/example_dags/example_python_decorator.py
[2024-04-03T22:33:27.051+0000] {logging_mixin.py:188} INFO - [2024-04-03T22:33:27.051+0000] {dag.py:3047} INFO - Sync 1 DAGs
[2024-04-03T22:33:27.057+0000] {logging_mixin.py:188} INFO - [2024-04-03T22:33:27.057+0000] {dag.py:3834} INFO - Setting next_dagrun for example_python_decorator to None, run_after=None
[2024-04-03T22:33:27.070+0000] {processor.py:183} INFO - Processing /home/airflow/.local/lib/python3.8/site-packages/airflow/example_dags/example_python_decorator.py took 0.096 seconds
[2024-04-03T22:33:57.996+0000] {processor.py:161} INFO - Started process (PID=199) to work on /home/airflow/.local/lib/python3.8/site-packages/airflow/example_dags/example_python_decorator.py
[2024-04-03T22:33:57.997+0000] {processor.py:830} INFO - Processing file /home/airflow/.local/lib/python3.8/site-packages/airflow/example_dags/example_python_decorator.py for tasks to queue
[2024-04-03T22:33:57.999+0000] {logging_mixin.py:188} INFO - [2024-04-03T22:33:57.999+0000] {dagbag.py:540} INFO - Filling up the DagBag from /home/airflow/.local/lib/python3.8/site-packages/airflow/example_dags/example_python_decorator.py
[2024-04-03T22:33:58.009+0000] {processor.py:840} INFO - DAG(s) 'example_python_decorator' retrieved from /home/airflow/.local/lib/python3.8/site-packages/airflow/example_dags/example_python_decorator.py
[2024-04-03T22:33:58.025+0000] {logging_mixin.py:188} INFO - [2024-04-03T22:33:58.025+0000] {dag.py:3047} INFO - Sync 1 DAGs
[2024-04-03T22:33:58.034+0000] {logging_mixin.py:188} INFO - [2024-04-03T22:33:58.033+0000] {dag.py:3834} INFO - Setting next_dagrun for example_python_decorator to None, run_after=None
[2024-04-03T22:33:58.050+0000] {processor.py:183} INFO - Processing /home/airflow/.local/lib/python3.8/site-packages/airflow/example_dags/example_python_decorator.py took 0.056 seconds
[2024-04-03T22:34:28.291+0000] {processor.py:161} INFO - Started process (PID=254) to work on /home/airflow/.local/lib/python3.8/site-packages/airflow/example_dags/example_python_decorator.py
[2024-04-03T22:34:28.292+0000] {processor.py:830} INFO - Processing file /home/airflow/.local/lib/python3.8/site-packages/airflow/example_dags/example_python_decorator.py for tasks to queue
[2024-04-03T22:34:28.293+0000] {logging_mixin.py:188} INFO - [2024-04-03T22:34:28.293+0000] {dagbag.py:540} INFO - Filling up the DagBag from /home/airflow/.local/lib/python3.8/site-packages/airflow/example_dags/example_python_decorator.py
[2024-04-03T22:34:28.301+0000] {processor.py:840} INFO - DAG(s) 'example_python_decorator' retrieved from /home/airflow/.local/lib/python3.8/site-packages/airflow/example_dags/example_python_decorator.py
[2024-04-03T22:34:28.314+0000] {logging_mixin.py:188} INFO - [2024-04-03T22:34:28.314+0000] {dag.py:3047} INFO - Sync 1 DAGs
[2024-04-03T22:34:28.323+0000] {logging_mixin.py:188} INFO - [2024-04-03T22:34:28.323+0000] {dag.py:3834} INFO - Setting next_dagrun for example_python_decorator to None, run_after=None
[2024-04-03T22:34:28.338+0000] {processor.py:183} INFO - Processing /home/airflow/.local/lib/python3.8/site-packages/airflow/example_dags/example_python_decorator.py took 0.049 seconds
[2024-04-03T22:34:58.649+0000] {processor.py:161} INFO - Started process (PID=309) to work on /home/airflow/.local/lib/python3.8/site-packages/airflow/example_dags/example_python_decorator.py
[2024-04-03T22:34:58.650+0000] {processor.py:830} INFO - Processing file /home/airflow/.local/lib/python3.8/site-packages/airflow/example_dags/example_python_decorator.py for tasks to queue
[2024-04-03T22:34:58.652+0000] {logging_mixin.py:188} INFO - [2024-04-03T22:34:58.651+0000] {dagbag.py:540} INFO - Filling up the DagBag from /home/airflow/.local/lib/python3.8/site-packages/airflow/example_dags/example_python_decorator.py
[2024-04-03T22:34:58.662+0000] {processor.py:840} INFO - DAG(s) 'example_python_decorator' retrieved from /home/airflow/.local/lib/python3.8/site-packages/airflow/example_dags/example_python_decorator.py
[2024-04-03T22:34:58.680+0000] {logging_mixin.py:188} INFO - [2024-04-03T22:34:58.680+0000] {dag.py:3047} INFO - Sync 1 DAGs
[2024-04-03T22:34:58.688+0000] {logging_mixin.py:188} INFO - [2024-04-03T22:34:58.688+0000] {dag.py:3834} INFO - Setting next_dagrun for example_python_decorator to None, run_after=None
[2024-04-03T22:34:58.703+0000] {processor.py:183} INFO - Processing /home/airflow/.local/lib/python3.8/site-packages/airflow/example_dags/example_python_decorator.py took 0.056 seconds
[2024-04-03T22:35:29.105+0000] {processor.py:161} INFO - Started process (PID=364) to work on /home/airflow/.local/lib/python3.8/site-packages/airflow/example_dags/example_python_decorator.py
[2024-04-03T22:35:29.106+0000] {processor.py:830} INFO - Processing file /home/airflow/.local/lib/python3.8/site-packages/airflow/example_dags/example_python_decorator.py for tasks to queue
[2024-04-03T22:35:29.107+0000] {logging_mixin.py:188} INFO - [2024-04-03T22:35:29.107+0000] {dagbag.py:540} INFO - Filling up the DagBag from /home/airflow/.local/lib/python3.8/site-packages/airflow/example_dags/example_python_decorator.py
[2024-04-03T22:35:29.116+0000] {processor.py:840} INFO - DAG(s) 'example_python_decorator' retrieved from /home/airflow/.local/lib/python3.8/site-packages/airflow/example_dags/example_python_decorator.py
[2024-04-03T22:35:29.130+0000] {logging_mixin.py:188} INFO - [2024-04-03T22:35:29.130+0000] {dag.py:3047} INFO - Sync 1 DAGs
[2024-04-03T22:35:29.139+0000] {logging_mixin.py:188} INFO - [2024-04-03T22:35:29.139+0000] {dag.py:3834} INFO - Setting next_dagrun for example_python_decorator to None, run_after=None
[2024-04-03T22:35:29.181+0000] {processor.py:183} INFO - Processing /home/airflow/.local/lib/python3.8/site-packages/airflow/example_dags/example_python_decorator.py took 0.078 seconds
[2024-04-03T22:35:59.700+0000] {processor.py:161} INFO - Started process (PID=419) to work on /home/airflow/.local/lib/python3.8/site-packages/airflow/example_dags/example_python_decorator.py
[2024-04-03T22:35:59.701+0000] {processor.py:830} INFO - Processing file /home/airflow/.local/lib/python3.8/site-packages/airflow/example_dags/example_python_decorator.py for tasks to queue
[2024-04-03T22:35:59.703+0000] {logging_mixin.py:188} INFO - [2024-04-03T22:35:59.703+0000] {dagbag.py:540} INFO - Filling up the DagBag from /home/airflow/.local/lib/python3.8/site-packages/airflow/example_dags/example_python_decorator.py
[2024-04-03T22:35:59.713+0000] {processor.py:840} INFO - DAG(s) 'example_python_decorator' retrieved from /home/airflow/.local/lib/python3.8/site-packages/airflow/example_dags/example_python_decorator.py
[2024-04-03T22:35:59.727+0000] {logging_mixin.py:188} INFO - [2024-04-03T22:35:59.727+0000] {dag.py:3047} INFO - Sync 1 DAGs
[2024-04-03T22:35:59.750+0000] {logging_mixin.py:188} INFO - [2024-04-03T22:35:59.750+0000] {dag.py:3834} INFO - Setting next_dagrun for example_python_decorator to None, run_after=None
[2024-04-03T22:35:59.769+0000] {processor.py:183} INFO - Processing /home/airflow/.local/lib/python3.8/site-packages/airflow/example_dags/example_python_decorator.py took 0.071 seconds
[2024-04-03T22:36:30.047+0000] {processor.py:161} INFO - Started process (PID=474) to work on /home/airflow/.local/lib/python3.8/site-packages/airflow/example_dags/example_python_decorator.py
[2024-04-03T22:36:30.048+0000] {processor.py:830} INFO - Processing file /home/airflow/.local/lib/python3.8/site-packages/airflow/example_dags/example_python_decorator.py for tasks to queue
[2024-04-03T22:36:30.050+0000] {logging_mixin.py:188} INFO - [2024-04-03T22:36:30.050+0000] {dagbag.py:540} INFO - Filling up the DagBag from /home/airflow/.local/lib/python3.8/site-packages/airflow/example_dags/example_python_decorator.py
[2024-04-03T22:36:30.058+0000] {processor.py:840} INFO - DAG(s) 'example_python_decorator' retrieved from /home/airflow/.local/lib/python3.8/site-packages/airflow/example_dags/example_python_decorator.py
[2024-04-03T22:36:30.073+0000] {logging_mixin.py:188} INFO - [2024-04-03T22:36:30.073+0000] {dag.py:3047} INFO - Sync 1 DAGs
[2024-04-03T22:36:30.082+0000] {logging_mixin.py:188} INFO - [2024-04-03T22:36:30.082+0000] {dag.py:3834} INFO - Setting next_dagrun for example_python_decorator to None, run_after=None
[2024-04-03T22:36:30.096+0000] {processor.py:183} INFO - Processing /home/airflow/.local/lib/python3.8/site-packages/airflow/example_dags/example_python_decorator.py took 0.051 seconds
[2024-04-03T22:37:00.431+0000] {processor.py:161} INFO - Started process (PID=529) to work on /home/airflow/.local/lib/python3.8/site-packages/airflow/example_dags/example_python_decorator.py
[2024-04-03T22:37:00.432+0000] {processor.py:830} INFO - Processing file /home/airflow/.local/lib/python3.8/site-packages/airflow/example_dags/example_python_decorator.py for tasks to queue
[2024-04-03T22:37:00.434+0000] {logging_mixin.py:188} INFO - [2024-04-03T22:37:00.433+0000] {dagbag.py:540} INFO - Filling up the DagBag from /home/airflow/.local/lib/python3.8/site-packages/airflow/example_dags/example_python_decorator.py
[2024-04-03T22:37:00.443+0000] {processor.py:840} INFO - DAG(s) 'example_python_decorator' retrieved from /home/airflow/.local/lib/python3.8/site-packages/airflow/example_dags/example_python_decorator.py
[2024-04-03T22:37:00.459+0000] {logging_mixin.py:188} INFO - [2024-04-03T22:37:00.458+0000] {dag.py:3047} INFO - Sync 1 DAGs
[2024-04-03T22:37:00.468+0000] {logging_mixin.py:188} INFO - [2024-04-03T22:37:00.468+0000] {dag.py:3834} INFO - Setting next_dagrun for example_python_decorator to None, run_after=None
[2024-04-03T22:37:00.481+0000] {processor.py:183} INFO - Processing /home/airflow/.local/lib/python3.8/site-packages/airflow/example_dags/example_python_decorator.py took 0.052 seconds
[2024-04-03T22:37:30.988+0000] {processor.py:161} INFO - Started process (PID=583) to work on /home/airflow/.local/lib/python3.8/site-packages/airflow/example_dags/example_python_decorator.py
[2024-04-03T22:37:30.989+0000] {processor.py:830} INFO - Processing file /home/airflow/.local/lib/python3.8/site-packages/airflow/example_dags/example_python_decorator.py for tasks to queue
[2024-04-03T22:37:30.990+0000] {logging_mixin.py:188} INFO - [2024-04-03T22:37:30.990+0000] {dagbag.py:540} INFO - Filling up the DagBag from /home/airflow/.local/lib/python3.8/site-packages/airflow/example_dags/example_python_decorator.py
[2024-04-03T22:37:30.998+0000] {processor.py:840} INFO - DAG(s) 'example_python_decorator' retrieved from /home/airflow/.local/lib/python3.8/site-packages/airflow/example_dags/example_python_decorator.py
[2024-04-03T22:37:31.012+0000] {logging_mixin.py:188} INFO - [2024-04-03T22:37:31.012+0000] {dag.py:3047} INFO - Sync 1 DAGs
[2024-04-03T22:37:31.021+0000] {logging_mixin.py:188} INFO - [2024-04-03T22:37:31.020+0000] {dag.py:3834} INFO - Setting next_dagrun for example_python_decorator to None, run_after=None
[2024-04-03T22:37:31.034+0000] {processor.py:183} INFO - Processing /home/airflow/.local/lib/python3.8/site-packages/airflow/example_dags/example_python_decorator.py took 0.048 seconds
[2024-04-03T22:38:01.399+0000] {processor.py:161} INFO - Started process (PID=639) to work on /home/airflow/.local/lib/python3.8/site-packages/airflow/example_dags/example_python_decorator.py
[2024-04-03T22:38:01.400+0000] {processor.py:830} INFO - Processing file /home/airflow/.local/lib/python3.8/site-packages/airflow/example_dags/example_python_decorator.py for tasks to queue
[2024-04-03T22:38:01.401+0000] {logging_mixin.py:188} INFO - [2024-04-03T22:38:01.401+0000] {dagbag.py:540} INFO - Filling up the DagBag from /home/airflow/.local/lib/python3.8/site-packages/airflow/example_dags/example_python_decorator.py
[2024-04-03T22:38:01.409+0000] {processor.py:840} INFO - DAG(s) 'example_python_decorator' retrieved from /home/airflow/.local/lib/python3.8/site-packages/airflow/example_dags/example_python_decorator.py
[2024-04-03T22:38:01.423+0000] {logging_mixin.py:188} INFO - [2024-04-03T22:38:01.423+0000] {dag.py:3047} INFO - Sync 1 DAGs
[2024-04-03T22:38:01.432+0000] {logging_mixin.py:188} INFO - [2024-04-03T22:38:01.432+0000] {dag.py:3834} INFO - Setting next_dagrun for example_python_decorator to None, run_after=None
[2024-04-03T22:38:01.446+0000] {processor.py:183} INFO - Processing /home/airflow/.local/lib/python3.8/site-packages/airflow/example_dags/example_python_decorator.py took 0.050 seconds
[2024-04-03T22:38:31.731+0000] {processor.py:161} INFO - Started process (PID=694) to work on /home/airflow/.local/lib/python3.8/site-packages/airflow/example_dags/example_python_decorator.py
[2024-04-03T22:38:31.732+0000] {processor.py:830} INFO - Processing file /home/airflow/.local/lib/python3.8/site-packages/airflow/example_dags/example_python_decorator.py for tasks to queue
[2024-04-03T22:38:31.734+0000] {logging_mixin.py:188} INFO - [2024-04-03T22:38:31.733+0000] {dagbag.py:540} INFO - Filling up the DagBag from /home/airflow/.local/lib/python3.8/site-packages/airflow/example_dags/example_python_decorator.py
[2024-04-03T22:38:31.743+0000] {processor.py:840} INFO - DAG(s) 'example_python_decorator' retrieved from /home/airflow/.local/lib/python3.8/site-packages/airflow/example_dags/example_python_decorator.py
[2024-04-03T22:38:31.759+0000] {logging_mixin.py:188} INFO - [2024-04-03T22:38:31.759+0000] {dag.py:3047} INFO - Sync 1 DAGs
[2024-04-03T22:38:31.768+0000] {logging_mixin.py:188} INFO - [2024-04-03T22:38:31.768+0000] {dag.py:3834} INFO - Setting next_dagrun for example_python_decorator to None, run_after=None
[2024-04-03T22:38:31.783+0000] {processor.py:183} INFO - Processing /home/airflow/.local/lib/python3.8/site-packages/airflow/example_dags/example_python_decorator.py took 0.054 seconds
[2024-04-03T22:39:01.826+0000] {processor.py:161} INFO - Started process (PID=749) to work on /home/airflow/.local/lib/python3.8/site-packages/airflow/example_dags/example_python_decorator.py
[2024-04-03T22:39:01.827+0000] {processor.py:830} INFO - Processing file /home/airflow/.local/lib/python3.8/site-packages/airflow/example_dags/example_python_decorator.py for tasks to queue
[2024-04-03T22:39:01.828+0000] {logging_mixin.py:188} INFO - [2024-04-03T22:39:01.828+0000] {dagbag.py:540} INFO - Filling up the DagBag from /home/airflow/.local/lib/python3.8/site-packages/airflow/example_dags/example_python_decorator.py
[2024-04-03T22:39:01.837+0000] {processor.py:840} INFO - DAG(s) 'example_python_decorator' retrieved from /home/airflow/.local/lib/python3.8/site-packages/airflow/example_dags/example_python_decorator.py
[2024-04-03T22:39:01.851+0000] {logging_mixin.py:188} INFO - [2024-04-03T22:39:01.851+0000] {dag.py:3047} INFO - Sync 1 DAGs
[2024-04-03T22:39:01.862+0000] {logging_mixin.py:188} INFO - [2024-04-03T22:39:01.862+0000] {dag.py:3834} INFO - Setting next_dagrun for example_python_decorator to None, run_after=None
[2024-04-03T22:39:01.876+0000] {processor.py:183} INFO - Processing /home/airflow/.local/lib/python3.8/site-packages/airflow/example_dags/example_python_decorator.py took 0.052 seconds
[2024-04-03T22:39:32.168+0000] {processor.py:161} INFO - Started process (PID=803) to work on /home/airflow/.local/lib/python3.8/site-packages/airflow/example_dags/example_python_decorator.py
[2024-04-03T22:39:32.169+0000] {processor.py:830} INFO - Processing file /home/airflow/.local/lib/python3.8/site-packages/airflow/example_dags/example_python_decorator.py for tasks to queue
[2024-04-03T22:39:32.170+0000] {logging_mixin.py:188} INFO - [2024-04-03T22:39:32.170+0000] {dagbag.py:540} INFO - Filling up the DagBag from /home/airflow/.local/lib/python3.8/site-packages/airflow/example_dags/example_python_decorator.py
[2024-04-03T22:39:32.178+0000] {processor.py:840} INFO - DAG(s) 'example_python_decorator' retrieved from /home/airflow/.local/lib/python3.8/site-packages/airflow/example_dags/example_python_decorator.py
[2024-04-03T22:39:32.194+0000] {logging_mixin.py:188} INFO - [2024-04-03T22:39:32.194+0000] {dag.py:3047} INFO - Sync 1 DAGs
[2024-04-03T22:39:32.205+0000] {logging_mixin.py:188} INFO - [2024-04-03T22:39:32.205+0000] {dag.py:3834} INFO - Setting next_dagrun for example_python_decorator to None, run_after=None
[2024-04-03T22:39:32.218+0000] {processor.py:183} INFO - Processing /home/airflow/.local/lib/python3.8/site-packages/airflow/example_dags/example_python_decorator.py took 0.053 seconds
[2024-04-03T22:40:02.508+0000] {processor.py:161} INFO - Started process (PID=858) to work on /home/airflow/.local/lib/python3.8/site-packages/airflow/example_dags/example_python_decorator.py
[2024-04-03T22:40:02.509+0000] {processor.py:830} INFO - Processing file /home/airflow/.local/lib/python3.8/site-packages/airflow/example_dags/example_python_decorator.py for tasks to queue
[2024-04-03T22:40:02.512+0000] {logging_mixin.py:188} INFO - [2024-04-03T22:40:02.512+0000] {dagbag.py:540} INFO - Filling up the DagBag from /home/airflow/.local/lib/python3.8/site-packages/airflow/example_dags/example_python_decorator.py
[2024-04-03T22:40:02.522+0000] {processor.py:840} INFO - DAG(s) 'example_python_decorator' retrieved from /home/airflow/.local/lib/python3.8/site-packages/airflow/example_dags/example_python_decorator.py
[2024-04-03T22:40:02.538+0000] {logging_mixin.py:188} INFO - [2024-04-03T22:40:02.538+0000] {dag.py:3047} INFO - Sync 1 DAGs
[2024-04-03T22:40:02.550+0000] {logging_mixin.py:188} INFO - [2024-04-03T22:40:02.550+0000] {dag.py:3834} INFO - Setting next_dagrun for example_python_decorator to None, run_after=None
[2024-04-03T22:40:02.569+0000] {processor.py:183} INFO - Processing /home/airflow/.local/lib/python3.8/site-packages/airflow/example_dags/example_python_decorator.py took 0.063 seconds
[2024-04-03T22:40:32.838+0000] {processor.py:161} INFO - Started process (PID=913) to work on /home/airflow/.local/lib/python3.8/site-packages/airflow/example_dags/example_python_decorator.py
[2024-04-03T22:40:32.839+0000] {processor.py:830} INFO - Processing file /home/airflow/.local/lib/python3.8/site-packages/airflow/example_dags/example_python_decorator.py for tasks to queue
[2024-04-03T22:40:32.841+0000] {logging_mixin.py:188} INFO - [2024-04-03T22:40:32.841+0000] {dagbag.py:540} INFO - Filling up the DagBag from /home/airflow/.local/lib/python3.8/site-packages/airflow/example_dags/example_python_decorator.py
[2024-04-03T22:40:32.850+0000] {processor.py:840} INFO - DAG(s) 'example_python_decorator' retrieved from /home/airflow/.local/lib/python3.8/site-packages/airflow/example_dags/example_python_decorator.py
[2024-04-03T22:40:32.865+0000] {logging_mixin.py:188} INFO - [2024-04-03T22:40:32.865+0000] {dag.py:3047} INFO - Sync 1 DAGs
[2024-04-03T22:40:32.873+0000] {logging_mixin.py:188} INFO - [2024-04-03T22:40:32.873+0000] {dag.py:3834} INFO - Setting next_dagrun for example_python_decorator to None, run_after=None
[2024-04-03T22:40:32.887+0000] {processor.py:183} INFO - Processing /home/airflow/.local/lib/python3.8/site-packages/airflow/example_dags/example_python_decorator.py took 0.051 seconds
[2024-04-03T22:41:03.279+0000] {processor.py:161} INFO - Started process (PID=968) to work on /home/airflow/.local/lib/python3.8/site-packages/airflow/example_dags/example_python_decorator.py
[2024-04-03T22:41:03.286+0000] {processor.py:830} INFO - Processing file /home/airflow/.local/lib/python3.8/site-packages/airflow/example_dags/example_python_decorator.py for tasks to queue
[2024-04-03T22:41:03.296+0000] {logging_mixin.py:188} INFO - [2024-04-03T22:41:03.296+0000] {dagbag.py:540} INFO - Filling up the DagBag from /home/airflow/.local/lib/python3.8/site-packages/airflow/example_dags/example_python_decorator.py
[2024-04-03T22:41:03.311+0000] {processor.py:840} INFO - DAG(s) 'example_python_decorator' retrieved from /home/airflow/.local/lib/python3.8/site-packages/airflow/example_dags/example_python_decorator.py
[2024-04-03T22:41:03.333+0000] {logging_mixin.py:188} INFO - [2024-04-03T22:41:03.333+0000] {dag.py:3047} INFO - Sync 1 DAGs
[2024-04-03T22:41:03.343+0000] {logging_mixin.py:188} INFO - [2024-04-03T22:41:03.342+0000] {dag.py:3834} INFO - Setting next_dagrun for example_python_decorator to None, run_after=None
[2024-04-03T22:41:03.360+0000] {processor.py:183} INFO - Processing /home/airflow/.local/lib/python3.8/site-packages/airflow/example_dags/example_python_decorator.py took 0.083 seconds
[2024-04-03T22:41:33.686+0000] {processor.py:161} INFO - Started process (PID=1023) to work on /home/airflow/.local/lib/python3.8/site-packages/airflow/example_dags/example_python_decorator.py
[2024-04-03T22:41:33.687+0000] {processor.py:830} INFO - Processing file /home/airflow/.local/lib/python3.8/site-packages/airflow/example_dags/example_python_decorator.py for tasks to queue
[2024-04-03T22:41:33.688+0000] {logging_mixin.py:188} INFO - [2024-04-03T22:41:33.688+0000] {dagbag.py:540} INFO - Filling up the DagBag from /home/airflow/.local/lib/python3.8/site-packages/airflow/example_dags/example_python_decorator.py
[2024-04-03T22:41:33.697+0000] {processor.py:840} INFO - DAG(s) 'example_python_decorator' retrieved from /home/airflow/.local/lib/python3.8/site-packages/airflow/example_dags/example_python_decorator.py
[2024-04-03T22:41:33.712+0000] {logging_mixin.py:188} INFO - [2024-04-03T22:41:33.711+0000] {dag.py:3047} INFO - Sync 1 DAGs
[2024-04-03T22:41:33.720+0000] {logging_mixin.py:188} INFO - [2024-04-03T22:41:33.719+0000] {dag.py:3834} INFO - Setting next_dagrun for example_python_decorator to None, run_after=None
[2024-04-03T22:41:33.733+0000] {processor.py:183} INFO - Processing /home/airflow/.local/lib/python3.8/site-packages/airflow/example_dags/example_python_decorator.py took 0.049 seconds
[2024-04-03T22:42:04.224+0000] {processor.py:161} INFO - Started process (PID=1078) to work on /home/airflow/.local/lib/python3.8/site-packages/airflow/example_dags/example_python_decorator.py
[2024-04-03T22:42:04.225+0000] {processor.py:830} INFO - Processing file /home/airflow/.local/lib/python3.8/site-packages/airflow/example_dags/example_python_decorator.py for tasks to queue
[2024-04-03T22:42:04.226+0000] {logging_mixin.py:188} INFO - [2024-04-03T22:42:04.226+0000] {dagbag.py:540} INFO - Filling up the DagBag from /home/airflow/.local/lib/python3.8/site-packages/airflow/example_dags/example_python_decorator.py
[2024-04-03T22:42:04.235+0000] {processor.py:840} INFO - DAG(s) 'example_python_decorator' retrieved from /home/airflow/.local/lib/python3.8/site-packages/airflow/example_dags/example_python_decorator.py
[2024-04-03T22:42:04.251+0000] {logging_mixin.py:188} INFO - [2024-04-03T22:42:04.251+0000] {dag.py:3047} INFO - Sync 1 DAGs
[2024-04-03T22:42:04.260+0000] {logging_mixin.py:188} INFO - [2024-04-03T22:42:04.259+0000] {dag.py:3834} INFO - Setting next_dagrun for example_python_decorator to None, run_after=None
[2024-04-03T22:42:04.272+0000] {processor.py:183} INFO - Processing /home/airflow/.local/lib/python3.8/site-packages/airflow/example_dags/example_python_decorator.py took 0.050 seconds
[2024-04-03T22:42:34.690+0000] {processor.py:161} INFO - Started process (PID=1133) to work on /home/airflow/.local/lib/python3.8/site-packages/airflow/example_dags/example_python_decorator.py
[2024-04-03T22:42:34.691+0000] {processor.py:830} INFO - Processing file /home/airflow/.local/lib/python3.8/site-packages/airflow/example_dags/example_python_decorator.py for tasks to queue
[2024-04-03T22:42:34.693+0000] {logging_mixin.py:188} INFO - [2024-04-03T22:42:34.693+0000] {dagbag.py:540} INFO - Filling up the DagBag from /home/airflow/.local/lib/python3.8/site-packages/airflow/example_dags/example_python_decorator.py
[2024-04-03T22:42:34.702+0000] {processor.py:840} INFO - DAG(s) 'example_python_decorator' retrieved from /home/airflow/.local/lib/python3.8/site-packages/airflow/example_dags/example_python_decorator.py
[2024-04-03T22:42:34.716+0000] {logging_mixin.py:188} INFO - [2024-04-03T22:42:34.716+0000] {dag.py:3047} INFO - Sync 1 DAGs
[2024-04-03T22:42:34.724+0000] {logging_mixin.py:188} INFO - [2024-04-03T22:42:34.724+0000] {dag.py:3834} INFO - Setting next_dagrun for example_python_decorator to None, run_after=None
[2024-04-03T22:42:34.740+0000] {processor.py:183} INFO - Processing /home/airflow/.local/lib/python3.8/site-packages/airflow/example_dags/example_python_decorator.py took 0.053 seconds
