[2024-04-03T22:24:59.029+0000] {processor.py:161} INFO - Started process (PID=70) to work on /home/airflow/.local/lib/python3.8/site-packages/airflow/example_dags/example_subdag_operator.py
[2024-04-03T22:24:59.030+0000] {processor.py:830} INFO - Processing file /home/airflow/.local/lib/python3.8/site-packages/airflow/example_dags/example_subdag_operator.py for tasks to queue
[2024-04-03T22:24:59.034+0000] {logging_mixin.py:188} INFO - [2024-04-03T22:24:59.034+0000] {dagbag.py:540} INFO - Filling up the DagBag from /home/airflow/.local/lib/python3.8/site-packages/airflow/example_dags/example_subdag_operator.py
[2024-04-03T22:24:59.060+0000] {processor.py:840} INFO - DAG(s) 'example_subdag_operator.section-1', 'example_subdag_operator.section-2', 'example_subdag_operator' retrieved from /home/airflow/.local/lib/python3.8/site-packages/airflow/example_dags/example_subdag_operator.py
[2024-04-03T22:24:59.063+0000] {logging_mixin.py:188} INFO - [2024-04-03T22:24:59.063+0000] {dag.py:3047} INFO - Sync 3 DAGs
[2024-04-03T22:24:59.086+0000] {logging_mixin.py:188} INFO - [2024-04-03T22:24:59.085+0000] {dag.py:3834} INFO - Setting next_dagrun for example_subdag_operator to 2022-01-01 00:00:00+00:00, run_after=2022-01-01 00:00:00+00:00
[2024-04-03T22:24:59.090+0000] {logging_mixin.py:188} INFO - [2024-04-03T22:24:59.090+0000] {dag.py:3834} INFO - Setting next_dagrun for example_subdag_operator.section-1 to None, run_after=None
[2024-04-03T22:24:59.091+0000] {logging_mixin.py:188} INFO - [2024-04-03T22:24:59.091+0000] {dag.py:3834} INFO - Setting next_dagrun for example_subdag_operator.section-2 to None, run_after=None
[2024-04-03T22:24:59.099+0000] {logging_mixin.py:188} INFO - [2024-04-03T22:24:59.098+0000] {dag.py:3047} INFO - Sync 2 DAGs
[2024-04-03T22:24:59.105+0000] {logging_mixin.py:188} INFO - [2024-04-03T22:24:59.105+0000] {dag.py:3834} INFO - Setting next_dagrun for example_subdag_operator.section-1 to None, run_after=None
[2024-04-03T22:24:59.106+0000] {logging_mixin.py:188} INFO - [2024-04-03T22:24:59.106+0000] {dag.py:3834} INFO - Setting next_dagrun for example_subdag_operator.section-2 to None, run_after=None
[2024-04-03T22:24:59.117+0000] {processor.py:183} INFO - Processing /home/airflow/.local/lib/python3.8/site-packages/airflow/example_dags/example_subdag_operator.py took 0.092 seconds
[2024-04-03T22:25:29.453+0000] {processor.py:161} INFO - Started process (PID=125) to work on /home/airflow/.local/lib/python3.8/site-packages/airflow/example_dags/example_subdag_operator.py
[2024-04-03T22:25:29.454+0000] {processor.py:830} INFO - Processing file /home/airflow/.local/lib/python3.8/site-packages/airflow/example_dags/example_subdag_operator.py for tasks to queue
[2024-04-03T22:25:29.455+0000] {logging_mixin.py:188} INFO - [2024-04-03T22:25:29.455+0000] {dagbag.py:540} INFO - Filling up the DagBag from /home/airflow/.local/lib/python3.8/site-packages/airflow/example_dags/example_subdag_operator.py
[2024-04-03T22:25:29.471+0000] {processor.py:840} INFO - DAG(s) 'example_subdag_operator.section-1', 'example_subdag_operator.section-2', 'example_subdag_operator' retrieved from /home/airflow/.local/lib/python3.8/site-packages/airflow/example_dags/example_subdag_operator.py
[2024-04-03T22:25:29.532+0000] {logging_mixin.py:188} INFO - [2024-04-03T22:25:29.532+0000] {dag.py:3047} INFO - Sync 3 DAGs
[2024-04-03T22:25:29.544+0000] {logging_mixin.py:188} INFO - [2024-04-03T22:25:29.544+0000] {dag.py:3834} INFO - Setting next_dagrun for example_subdag_operator to 2022-01-01 00:00:00+00:00, run_after=2022-01-01 00:00:00+00:00
[2024-04-03T22:25:29.547+0000] {logging_mixin.py:188} INFO - [2024-04-03T22:25:29.547+0000] {dag.py:3834} INFO - Setting next_dagrun for example_subdag_operator.section-1 to None, run_after=None
[2024-04-03T22:25:29.548+0000] {logging_mixin.py:188} INFO - [2024-04-03T22:25:29.548+0000] {dag.py:3834} INFO - Setting next_dagrun for example_subdag_operator.section-2 to None, run_after=None
[2024-04-03T22:25:29.554+0000] {logging_mixin.py:188} INFO - [2024-04-03T22:25:29.554+0000] {dag.py:3047} INFO - Sync 2 DAGs
[2024-04-03T22:25:29.558+0000] {logging_mixin.py:188} INFO - [2024-04-03T22:25:29.558+0000] {dag.py:3834} INFO - Setting next_dagrun for example_subdag_operator.section-1 to None, run_after=None
[2024-04-03T22:25:29.559+0000] {logging_mixin.py:188} INFO - [2024-04-03T22:25:29.559+0000] {dag.py:3834} INFO - Setting next_dagrun for example_subdag_operator.section-2 to None, run_after=None
[2024-04-03T22:25:29.568+0000] {processor.py:183} INFO - Processing /home/airflow/.local/lib/python3.8/site-packages/airflow/example_dags/example_subdag_operator.py took 0.118 seconds
[2024-04-03T22:26:00.498+0000] {processor.py:161} INFO - Started process (PID=180) to work on /home/airflow/.local/lib/python3.8/site-packages/airflow/example_dags/example_subdag_operator.py
[2024-04-03T22:26:00.499+0000] {processor.py:830} INFO - Processing file /home/airflow/.local/lib/python3.8/site-packages/airflow/example_dags/example_subdag_operator.py for tasks to queue
[2024-04-03T22:26:00.501+0000] {logging_mixin.py:188} INFO - [2024-04-03T22:26:00.501+0000] {dagbag.py:540} INFO - Filling up the DagBag from /home/airflow/.local/lib/python3.8/site-packages/airflow/example_dags/example_subdag_operator.py
[2024-04-03T22:26:00.519+0000] {processor.py:840} INFO - DAG(s) 'example_subdag_operator.section-1', 'example_subdag_operator.section-2', 'example_subdag_operator' retrieved from /home/airflow/.local/lib/python3.8/site-packages/airflow/example_dags/example_subdag_operator.py
[2024-04-03T22:26:00.530+0000] {logging_mixin.py:188} INFO - [2024-04-03T22:26:00.530+0000] {dag.py:3047} INFO - Sync 3 DAGs
[2024-04-03T22:26:00.547+0000] {logging_mixin.py:188} INFO - [2024-04-03T22:26:00.546+0000] {dag.py:3834} INFO - Setting next_dagrun for example_subdag_operator to 2022-01-01 00:00:00+00:00, run_after=2022-01-01 00:00:00+00:00
[2024-04-03T22:26:00.550+0000] {logging_mixin.py:188} INFO - [2024-04-03T22:26:00.549+0000] {dag.py:3834} INFO - Setting next_dagrun for example_subdag_operator.section-1 to None, run_after=None
[2024-04-03T22:26:00.551+0000] {logging_mixin.py:188} INFO - [2024-04-03T22:26:00.551+0000] {dag.py:3834} INFO - Setting next_dagrun for example_subdag_operator.section-2 to None, run_after=None
[2024-04-03T22:26:00.555+0000] {logging_mixin.py:188} INFO - [2024-04-03T22:26:00.555+0000] {dag.py:3047} INFO - Sync 2 DAGs
[2024-04-03T22:26:00.559+0000] {logging_mixin.py:188} INFO - [2024-04-03T22:26:00.559+0000] {dag.py:3834} INFO - Setting next_dagrun for example_subdag_operator.section-1 to None, run_after=None
[2024-04-03T22:26:00.559+0000] {logging_mixin.py:188} INFO - [2024-04-03T22:26:00.559+0000] {dag.py:3834} INFO - Setting next_dagrun for example_subdag_operator.section-2 to None, run_after=None
[2024-04-03T22:26:00.567+0000] {processor.py:183} INFO - Processing /home/airflow/.local/lib/python3.8/site-packages/airflow/example_dags/example_subdag_operator.py took 0.072 seconds
[2024-04-03T22:26:30.672+0000] {processor.py:161} INFO - Started process (PID=235) to work on /home/airflow/.local/lib/python3.8/site-packages/airflow/example_dags/example_subdag_operator.py
[2024-04-03T22:26:30.674+0000] {processor.py:830} INFO - Processing file /home/airflow/.local/lib/python3.8/site-packages/airflow/example_dags/example_subdag_operator.py for tasks to queue
[2024-04-03T22:26:30.676+0000] {logging_mixin.py:188} INFO - [2024-04-03T22:26:30.676+0000] {dagbag.py:540} INFO - Filling up the DagBag from /home/airflow/.local/lib/python3.8/site-packages/airflow/example_dags/example_subdag_operator.py
[2024-04-03T22:26:30.693+0000] {processor.py:840} INFO - DAG(s) 'example_subdag_operator.section-1', 'example_subdag_operator.section-2', 'example_subdag_operator' retrieved from /home/airflow/.local/lib/python3.8/site-packages/airflow/example_dags/example_subdag_operator.py
[2024-04-03T22:26:30.729+0000] {logging_mixin.py:188} INFO - [2024-04-03T22:26:30.728+0000] {dag.py:3047} INFO - Sync 3 DAGs
[2024-04-03T22:26:30.744+0000] {logging_mixin.py:188} INFO - [2024-04-03T22:26:30.744+0000] {dag.py:3834} INFO - Setting next_dagrun for example_subdag_operator to 2022-01-01 00:00:00+00:00, run_after=2022-01-01 00:00:00+00:00
[2024-04-03T22:26:30.747+0000] {logging_mixin.py:188} INFO - [2024-04-03T22:26:30.746+0000] {dag.py:3834} INFO - Setting next_dagrun for example_subdag_operator.section-1 to None, run_after=None
[2024-04-03T22:26:30.751+0000] {logging_mixin.py:188} INFO - [2024-04-03T22:26:30.751+0000] {dag.py:3834} INFO - Setting next_dagrun for example_subdag_operator.section-2 to None, run_after=None
[2024-04-03T22:26:30.756+0000] {logging_mixin.py:188} INFO - [2024-04-03T22:26:30.756+0000] {dag.py:3047} INFO - Sync 2 DAGs
[2024-04-03T22:26:30.760+0000] {logging_mixin.py:188} INFO - [2024-04-03T22:26:30.760+0000] {dag.py:3834} INFO - Setting next_dagrun for example_subdag_operator.section-1 to None, run_after=None
[2024-04-03T22:26:30.761+0000] {logging_mixin.py:188} INFO - [2024-04-03T22:26:30.761+0000] {dag.py:3834} INFO - Setting next_dagrun for example_subdag_operator.section-2 to None, run_after=None
[2024-04-03T22:26:30.771+0000] {processor.py:183} INFO - Processing /home/airflow/.local/lib/python3.8/site-packages/airflow/example_dags/example_subdag_operator.py took 0.101 seconds
[2024-04-03T22:27:01.254+0000] {processor.py:161} INFO - Started process (PID=290) to work on /home/airflow/.local/lib/python3.8/site-packages/airflow/example_dags/example_subdag_operator.py
[2024-04-03T22:27:01.254+0000] {processor.py:830} INFO - Processing file /home/airflow/.local/lib/python3.8/site-packages/airflow/example_dags/example_subdag_operator.py for tasks to queue
[2024-04-03T22:27:01.256+0000] {logging_mixin.py:188} INFO - [2024-04-03T22:27:01.256+0000] {dagbag.py:540} INFO - Filling up the DagBag from /home/airflow/.local/lib/python3.8/site-packages/airflow/example_dags/example_subdag_operator.py
[2024-04-03T22:27:01.270+0000] {processor.py:840} INFO - DAG(s) 'example_subdag_operator.section-1', 'example_subdag_operator.section-2', 'example_subdag_operator' retrieved from /home/airflow/.local/lib/python3.8/site-packages/airflow/example_dags/example_subdag_operator.py
[2024-04-03T22:27:01.280+0000] {logging_mixin.py:188} INFO - [2024-04-03T22:27:01.280+0000] {dag.py:3047} INFO - Sync 3 DAGs
[2024-04-03T22:27:01.294+0000] {logging_mixin.py:188} INFO - [2024-04-03T22:27:01.294+0000] {dag.py:3834} INFO - Setting next_dagrun for example_subdag_operator to 2022-01-01 00:00:00+00:00, run_after=2022-01-01 00:00:00+00:00
[2024-04-03T22:27:01.297+0000] {logging_mixin.py:188} INFO - [2024-04-03T22:27:01.296+0000] {dag.py:3834} INFO - Setting next_dagrun for example_subdag_operator.section-1 to None, run_after=None
[2024-04-03T22:27:01.298+0000] {logging_mixin.py:188} INFO - [2024-04-03T22:27:01.298+0000] {dag.py:3834} INFO - Setting next_dagrun for example_subdag_operator.section-2 to None, run_after=None
[2024-04-03T22:27:01.303+0000] {logging_mixin.py:188} INFO - [2024-04-03T22:27:01.303+0000] {dag.py:3047} INFO - Sync 2 DAGs
[2024-04-03T22:27:01.306+0000] {logging_mixin.py:188} INFO - [2024-04-03T22:27:01.306+0000] {dag.py:3834} INFO - Setting next_dagrun for example_subdag_operator.section-1 to None, run_after=None
[2024-04-03T22:27:01.307+0000] {logging_mixin.py:188} INFO - [2024-04-03T22:27:01.307+0000] {dag.py:3834} INFO - Setting next_dagrun for example_subdag_operator.section-2 to None, run_after=None
[2024-04-03T22:27:01.317+0000] {processor.py:183} INFO - Processing /home/airflow/.local/lib/python3.8/site-packages/airflow/example_dags/example_subdag_operator.py took 0.065 seconds
[2024-04-03T22:27:31.659+0000] {processor.py:161} INFO - Started process (PID=345) to work on /home/airflow/.local/lib/python3.8/site-packages/airflow/example_dags/example_subdag_operator.py
[2024-04-03T22:27:31.660+0000] {processor.py:830} INFO - Processing file /home/airflow/.local/lib/python3.8/site-packages/airflow/example_dags/example_subdag_operator.py for tasks to queue
[2024-04-03T22:27:31.662+0000] {logging_mixin.py:188} INFO - [2024-04-03T22:27:31.662+0000] {dagbag.py:540} INFO - Filling up the DagBag from /home/airflow/.local/lib/python3.8/site-packages/airflow/example_dags/example_subdag_operator.py
[2024-04-03T22:27:31.679+0000] {processor.py:840} INFO - DAG(s) 'example_subdag_operator.section-1', 'example_subdag_operator.section-2', 'example_subdag_operator' retrieved from /home/airflow/.local/lib/python3.8/site-packages/airflow/example_dags/example_subdag_operator.py
[2024-04-03T22:27:31.691+0000] {logging_mixin.py:188} INFO - [2024-04-03T22:27:31.691+0000] {dag.py:3047} INFO - Sync 3 DAGs
[2024-04-03T22:27:31.706+0000] {logging_mixin.py:188} INFO - [2024-04-03T22:27:31.706+0000] {dag.py:3834} INFO - Setting next_dagrun for example_subdag_operator to 2022-01-01 00:00:00+00:00, run_after=2022-01-01 00:00:00+00:00
[2024-04-03T22:27:31.709+0000] {logging_mixin.py:188} INFO - [2024-04-03T22:27:31.709+0000] {dag.py:3834} INFO - Setting next_dagrun for example_subdag_operator.section-1 to None, run_after=None
[2024-04-03T22:27:31.710+0000] {logging_mixin.py:188} INFO - [2024-04-03T22:27:31.710+0000] {dag.py:3834} INFO - Setting next_dagrun for example_subdag_operator.section-2 to None, run_after=None
[2024-04-03T22:27:31.716+0000] {logging_mixin.py:188} INFO - [2024-04-03T22:27:31.716+0000] {dag.py:3047} INFO - Sync 2 DAGs
[2024-04-03T22:27:31.720+0000] {logging_mixin.py:188} INFO - [2024-04-03T22:27:31.720+0000] {dag.py:3834} INFO - Setting next_dagrun for example_subdag_operator.section-1 to None, run_after=None
[2024-04-03T22:27:31.721+0000] {logging_mixin.py:188} INFO - [2024-04-03T22:27:31.721+0000] {dag.py:3834} INFO - Setting next_dagrun for example_subdag_operator.section-2 to None, run_after=None
[2024-04-03T22:27:31.729+0000] {processor.py:183} INFO - Processing /home/airflow/.local/lib/python3.8/site-packages/airflow/example_dags/example_subdag_operator.py took 0.072 seconds
[2024-04-03T22:28:01.864+0000] {processor.py:161} INFO - Started process (PID=400) to work on /home/airflow/.local/lib/python3.8/site-packages/airflow/example_dags/example_subdag_operator.py
[2024-04-03T22:28:01.865+0000] {processor.py:830} INFO - Processing file /home/airflow/.local/lib/python3.8/site-packages/airflow/example_dags/example_subdag_operator.py for tasks to queue
[2024-04-03T22:28:01.867+0000] {logging_mixin.py:188} INFO - [2024-04-03T22:28:01.867+0000] {dagbag.py:540} INFO - Filling up the DagBag from /home/airflow/.local/lib/python3.8/site-packages/airflow/example_dags/example_subdag_operator.py
[2024-04-03T22:28:01.888+0000] {processor.py:840} INFO - DAG(s) 'example_subdag_operator.section-1', 'example_subdag_operator.section-2', 'example_subdag_operator' retrieved from /home/airflow/.local/lib/python3.8/site-packages/airflow/example_dags/example_subdag_operator.py
[2024-04-03T22:28:01.900+0000] {logging_mixin.py:188} INFO - [2024-04-03T22:28:01.900+0000] {dag.py:3047} INFO - Sync 3 DAGs
[2024-04-03T22:28:01.917+0000] {logging_mixin.py:188} INFO - [2024-04-03T22:28:01.917+0000] {dag.py:3834} INFO - Setting next_dagrun for example_subdag_operator to 2022-01-01 00:00:00+00:00, run_after=2022-01-01 00:00:00+00:00
[2024-04-03T22:28:01.920+0000] {logging_mixin.py:188} INFO - [2024-04-03T22:28:01.920+0000] {dag.py:3834} INFO - Setting next_dagrun for example_subdag_operator.section-1 to None, run_after=None
[2024-04-03T22:28:01.922+0000] {logging_mixin.py:188} INFO - [2024-04-03T22:28:01.922+0000] {dag.py:3834} INFO - Setting next_dagrun for example_subdag_operator.section-2 to None, run_after=None
[2024-04-03T22:28:01.928+0000] {logging_mixin.py:188} INFO - [2024-04-03T22:28:01.927+0000] {dag.py:3047} INFO - Sync 2 DAGs
[2024-04-03T22:28:01.931+0000] {logging_mixin.py:188} INFO - [2024-04-03T22:28:01.931+0000] {dag.py:3834} INFO - Setting next_dagrun for example_subdag_operator.section-1 to None, run_after=None
[2024-04-03T22:28:01.932+0000] {logging_mixin.py:188} INFO - [2024-04-03T22:28:01.932+0000] {dag.py:3834} INFO - Setting next_dagrun for example_subdag_operator.section-2 to None, run_after=None
[2024-04-03T22:28:01.942+0000] {processor.py:183} INFO - Processing /home/airflow/.local/lib/python3.8/site-packages/airflow/example_dags/example_subdag_operator.py took 0.082 seconds
[2024-04-03T22:28:32.299+0000] {processor.py:161} INFO - Started process (PID=455) to work on /home/airflow/.local/lib/python3.8/site-packages/airflow/example_dags/example_subdag_operator.py
[2024-04-03T22:28:32.301+0000] {processor.py:830} INFO - Processing file /home/airflow/.local/lib/python3.8/site-packages/airflow/example_dags/example_subdag_operator.py for tasks to queue
[2024-04-03T22:28:32.302+0000] {logging_mixin.py:188} INFO - [2024-04-03T22:28:32.302+0000] {dagbag.py:540} INFO - Filling up the DagBag from /home/airflow/.local/lib/python3.8/site-packages/airflow/example_dags/example_subdag_operator.py
[2024-04-03T22:28:32.325+0000] {processor.py:840} INFO - DAG(s) 'example_subdag_operator.section-1', 'example_subdag_operator.section-2', 'example_subdag_operator' retrieved from /home/airflow/.local/lib/python3.8/site-packages/airflow/example_dags/example_subdag_operator.py
[2024-04-03T22:28:32.338+0000] {logging_mixin.py:188} INFO - [2024-04-03T22:28:32.338+0000] {dag.py:3047} INFO - Sync 3 DAGs
[2024-04-03T22:28:32.353+0000] {logging_mixin.py:188} INFO - [2024-04-03T22:28:32.353+0000] {dag.py:3834} INFO - Setting next_dagrun for example_subdag_operator to 2022-01-01 00:00:00+00:00, run_after=2022-01-01 00:00:00+00:00
[2024-04-03T22:28:32.357+0000] {logging_mixin.py:188} INFO - [2024-04-03T22:28:32.357+0000] {dag.py:3834} INFO - Setting next_dagrun for example_subdag_operator.section-1 to None, run_after=None
[2024-04-03T22:28:32.359+0000] {logging_mixin.py:188} INFO - [2024-04-03T22:28:32.359+0000] {dag.py:3834} INFO - Setting next_dagrun for example_subdag_operator.section-2 to None, run_after=None
[2024-04-03T22:28:32.365+0000] {logging_mixin.py:188} INFO - [2024-04-03T22:28:32.365+0000] {dag.py:3047} INFO - Sync 2 DAGs
[2024-04-03T22:28:32.370+0000] {logging_mixin.py:188} INFO - [2024-04-03T22:28:32.370+0000] {dag.py:3834} INFO - Setting next_dagrun for example_subdag_operator.section-1 to None, run_after=None
[2024-04-03T22:28:32.371+0000] {logging_mixin.py:188} INFO - [2024-04-03T22:28:32.371+0000] {dag.py:3834} INFO - Setting next_dagrun for example_subdag_operator.section-2 to None, run_after=None
[2024-04-03T22:28:32.382+0000] {processor.py:183} INFO - Processing /home/airflow/.local/lib/python3.8/site-packages/airflow/example_dags/example_subdag_operator.py took 0.085 seconds
[2024-04-03T22:29:02.742+0000] {processor.py:161} INFO - Started process (PID=510) to work on /home/airflow/.local/lib/python3.8/site-packages/airflow/example_dags/example_subdag_operator.py
[2024-04-03T22:29:02.743+0000] {processor.py:830} INFO - Processing file /home/airflow/.local/lib/python3.8/site-packages/airflow/example_dags/example_subdag_operator.py for tasks to queue
[2024-04-03T22:29:02.744+0000] {logging_mixin.py:188} INFO - [2024-04-03T22:29:02.744+0000] {dagbag.py:540} INFO - Filling up the DagBag from /home/airflow/.local/lib/python3.8/site-packages/airflow/example_dags/example_subdag_operator.py
[2024-04-03T22:29:02.761+0000] {processor.py:840} INFO - DAG(s) 'example_subdag_operator.section-1', 'example_subdag_operator.section-2', 'example_subdag_operator' retrieved from /home/airflow/.local/lib/python3.8/site-packages/airflow/example_dags/example_subdag_operator.py
[2024-04-03T22:29:02.772+0000] {logging_mixin.py:188} INFO - [2024-04-03T22:29:02.771+0000] {dag.py:3047} INFO - Sync 3 DAGs
[2024-04-03T22:29:02.787+0000] {logging_mixin.py:188} INFO - [2024-04-03T22:29:02.787+0000] {dag.py:3834} INFO - Setting next_dagrun for example_subdag_operator to 2022-01-01 00:00:00+00:00, run_after=2022-01-01 00:00:00+00:00
[2024-04-03T22:29:02.790+0000] {logging_mixin.py:188} INFO - [2024-04-03T22:29:02.790+0000] {dag.py:3834} INFO - Setting next_dagrun for example_subdag_operator.section-1 to None, run_after=None
[2024-04-03T22:29:02.791+0000] {logging_mixin.py:188} INFO - [2024-04-03T22:29:02.791+0000] {dag.py:3834} INFO - Setting next_dagrun for example_subdag_operator.section-2 to None, run_after=None
[2024-04-03T22:29:02.796+0000] {logging_mixin.py:188} INFO - [2024-04-03T22:29:02.796+0000] {dag.py:3047} INFO - Sync 2 DAGs
[2024-04-03T22:29:02.801+0000] {logging_mixin.py:188} INFO - [2024-04-03T22:29:02.801+0000] {dag.py:3834} INFO - Setting next_dagrun for example_subdag_operator.section-1 to None, run_after=None
[2024-04-03T22:29:02.802+0000] {logging_mixin.py:188} INFO - [2024-04-03T22:29:02.802+0000] {dag.py:3834} INFO - Setting next_dagrun for example_subdag_operator.section-2 to None, run_after=None
[2024-04-03T22:29:02.820+0000] {processor.py:183} INFO - Processing /home/airflow/.local/lib/python3.8/site-packages/airflow/example_dags/example_subdag_operator.py took 0.080 seconds
[2024-04-03T22:29:33.109+0000] {processor.py:161} INFO - Started process (PID=565) to work on /home/airflow/.local/lib/python3.8/site-packages/airflow/example_dags/example_subdag_operator.py
[2024-04-03T22:29:33.110+0000] {processor.py:830} INFO - Processing file /home/airflow/.local/lib/python3.8/site-packages/airflow/example_dags/example_subdag_operator.py for tasks to queue
[2024-04-03T22:29:33.111+0000] {logging_mixin.py:188} INFO - [2024-04-03T22:29:33.111+0000] {dagbag.py:540} INFO - Filling up the DagBag from /home/airflow/.local/lib/python3.8/site-packages/airflow/example_dags/example_subdag_operator.py
[2024-04-03T22:29:33.129+0000] {processor.py:840} INFO - DAG(s) 'example_subdag_operator.section-1', 'example_subdag_operator.section-2', 'example_subdag_operator' retrieved from /home/airflow/.local/lib/python3.8/site-packages/airflow/example_dags/example_subdag_operator.py
[2024-04-03T22:29:33.140+0000] {logging_mixin.py:188} INFO - [2024-04-03T22:29:33.140+0000] {dag.py:3047} INFO - Sync 3 DAGs
[2024-04-03T22:29:33.154+0000] {logging_mixin.py:188} INFO - [2024-04-03T22:29:33.154+0000] {dag.py:3834} INFO - Setting next_dagrun for example_subdag_operator to 2022-01-01 00:00:00+00:00, run_after=2022-01-01 00:00:00+00:00
[2024-04-03T22:29:33.156+0000] {logging_mixin.py:188} INFO - [2024-04-03T22:29:33.156+0000] {dag.py:3834} INFO - Setting next_dagrun for example_subdag_operator.section-1 to None, run_after=None
[2024-04-03T22:29:33.157+0000] {logging_mixin.py:188} INFO - [2024-04-03T22:29:33.157+0000] {dag.py:3834} INFO - Setting next_dagrun for example_subdag_operator.section-2 to None, run_after=None
[2024-04-03T22:29:33.162+0000] {logging_mixin.py:188} INFO - [2024-04-03T22:29:33.162+0000] {dag.py:3047} INFO - Sync 2 DAGs
[2024-04-03T22:29:33.166+0000] {logging_mixin.py:188} INFO - [2024-04-03T22:29:33.166+0000] {dag.py:3834} INFO - Setting next_dagrun for example_subdag_operator.section-1 to None, run_after=None
[2024-04-03T22:29:33.167+0000] {logging_mixin.py:188} INFO - [2024-04-03T22:29:33.167+0000] {dag.py:3834} INFO - Setting next_dagrun for example_subdag_operator.section-2 to None, run_after=None
[2024-04-03T22:29:33.175+0000] {processor.py:183} INFO - Processing /home/airflow/.local/lib/python3.8/site-packages/airflow/example_dags/example_subdag_operator.py took 0.069 seconds
[2024-04-03T22:30:03.423+0000] {processor.py:161} INFO - Started process (PID=620) to work on /home/airflow/.local/lib/python3.8/site-packages/airflow/example_dags/example_subdag_operator.py
[2024-04-03T22:30:03.424+0000] {processor.py:830} INFO - Processing file /home/airflow/.local/lib/python3.8/site-packages/airflow/example_dags/example_subdag_operator.py for tasks to queue
[2024-04-03T22:30:03.428+0000] {logging_mixin.py:188} INFO - [2024-04-03T22:30:03.427+0000] {dagbag.py:540} INFO - Filling up the DagBag from /home/airflow/.local/lib/python3.8/site-packages/airflow/example_dags/example_subdag_operator.py
[2024-04-03T22:30:03.452+0000] {processor.py:840} INFO - DAG(s) 'example_subdag_operator.section-1', 'example_subdag_operator.section-2', 'example_subdag_operator' retrieved from /home/airflow/.local/lib/python3.8/site-packages/airflow/example_dags/example_subdag_operator.py
[2024-04-03T22:30:03.466+0000] {logging_mixin.py:188} INFO - [2024-04-03T22:30:03.466+0000] {dag.py:3047} INFO - Sync 3 DAGs
[2024-04-03T22:30:03.487+0000] {logging_mixin.py:188} INFO - [2024-04-03T22:30:03.487+0000] {dag.py:3834} INFO - Setting next_dagrun for example_subdag_operator to 2022-01-01 00:00:00+00:00, run_after=2022-01-01 00:00:00+00:00
[2024-04-03T22:30:03.491+0000] {logging_mixin.py:188} INFO - [2024-04-03T22:30:03.491+0000] {dag.py:3834} INFO - Setting next_dagrun for example_subdag_operator.section-1 to None, run_after=None
[2024-04-03T22:30:03.493+0000] {logging_mixin.py:188} INFO - [2024-04-03T22:30:03.492+0000] {dag.py:3834} INFO - Setting next_dagrun for example_subdag_operator.section-2 to None, run_after=None
[2024-04-03T22:30:03.499+0000] {logging_mixin.py:188} INFO - [2024-04-03T22:30:03.499+0000] {dag.py:3047} INFO - Sync 2 DAGs
[2024-04-03T22:30:03.503+0000] {logging_mixin.py:188} INFO - [2024-04-03T22:30:03.503+0000] {dag.py:3834} INFO - Setting next_dagrun for example_subdag_operator.section-1 to None, run_after=None
[2024-04-03T22:30:03.504+0000] {logging_mixin.py:188} INFO - [2024-04-03T22:30:03.504+0000] {dag.py:3834} INFO - Setting next_dagrun for example_subdag_operator.section-2 to None, run_after=None
[2024-04-03T22:30:03.515+0000] {processor.py:183} INFO - Processing /home/airflow/.local/lib/python3.8/site-packages/airflow/example_dags/example_subdag_operator.py took 0.097 seconds
[2024-04-03T22:30:33.772+0000] {processor.py:161} INFO - Started process (PID=675) to work on /home/airflow/.local/lib/python3.8/site-packages/airflow/example_dags/example_subdag_operator.py
[2024-04-03T22:30:33.773+0000] {processor.py:830} INFO - Processing file /home/airflow/.local/lib/python3.8/site-packages/airflow/example_dags/example_subdag_operator.py for tasks to queue
[2024-04-03T22:30:33.774+0000] {logging_mixin.py:188} INFO - [2024-04-03T22:30:33.774+0000] {dagbag.py:540} INFO - Filling up the DagBag from /home/airflow/.local/lib/python3.8/site-packages/airflow/example_dags/example_subdag_operator.py
[2024-04-03T22:30:33.792+0000] {processor.py:840} INFO - DAG(s) 'example_subdag_operator.section-1', 'example_subdag_operator.section-2', 'example_subdag_operator' retrieved from /home/airflow/.local/lib/python3.8/site-packages/airflow/example_dags/example_subdag_operator.py
[2024-04-03T22:30:33.803+0000] {logging_mixin.py:188} INFO - [2024-04-03T22:30:33.803+0000] {dag.py:3047} INFO - Sync 3 DAGs
[2024-04-03T22:30:33.818+0000] {logging_mixin.py:188} INFO - [2024-04-03T22:30:33.818+0000] {dag.py:3834} INFO - Setting next_dagrun for example_subdag_operator to 2022-01-01 00:00:00+00:00, run_after=2022-01-01 00:00:00+00:00
[2024-04-03T22:30:33.821+0000] {logging_mixin.py:188} INFO - [2024-04-03T22:30:33.820+0000] {dag.py:3834} INFO - Setting next_dagrun for example_subdag_operator.section-1 to None, run_after=None
[2024-04-03T22:30:33.822+0000] {logging_mixin.py:188} INFO - [2024-04-03T22:30:33.822+0000] {dag.py:3834} INFO - Setting next_dagrun for example_subdag_operator.section-2 to None, run_after=None
[2024-04-03T22:30:33.827+0000] {logging_mixin.py:188} INFO - [2024-04-03T22:30:33.826+0000] {dag.py:3047} INFO - Sync 2 DAGs
[2024-04-03T22:30:33.830+0000] {logging_mixin.py:188} INFO - [2024-04-03T22:30:33.830+0000] {dag.py:3834} INFO - Setting next_dagrun for example_subdag_operator.section-1 to None, run_after=None
[2024-04-03T22:30:33.831+0000] {logging_mixin.py:188} INFO - [2024-04-03T22:30:33.830+0000] {dag.py:3834} INFO - Setting next_dagrun for example_subdag_operator.section-2 to None, run_after=None
[2024-04-03T22:30:33.842+0000] {processor.py:183} INFO - Processing /home/airflow/.local/lib/python3.8/site-packages/airflow/example_dags/example_subdag_operator.py took 0.072 seconds
[2024-04-03T22:31:04.317+0000] {processor.py:161} INFO - Started process (PID=730) to work on /home/airflow/.local/lib/python3.8/site-packages/airflow/example_dags/example_subdag_operator.py
[2024-04-03T22:31:04.318+0000] {processor.py:830} INFO - Processing file /home/airflow/.local/lib/python3.8/site-packages/airflow/example_dags/example_subdag_operator.py for tasks to queue
[2024-04-03T22:31:04.319+0000] {logging_mixin.py:188} INFO - [2024-04-03T22:31:04.319+0000] {dagbag.py:540} INFO - Filling up the DagBag from /home/airflow/.local/lib/python3.8/site-packages/airflow/example_dags/example_subdag_operator.py
[2024-04-03T22:31:04.336+0000] {processor.py:840} INFO - DAG(s) 'example_subdag_operator.section-1', 'example_subdag_operator.section-2', 'example_subdag_operator' retrieved from /home/airflow/.local/lib/python3.8/site-packages/airflow/example_dags/example_subdag_operator.py
[2024-04-03T22:31:04.346+0000] {logging_mixin.py:188} INFO - [2024-04-03T22:31:04.346+0000] {dag.py:3047} INFO - Sync 3 DAGs
[2024-04-03T22:31:04.362+0000] {logging_mixin.py:188} INFO - [2024-04-03T22:31:04.361+0000] {dag.py:3834} INFO - Setting next_dagrun for example_subdag_operator to 2022-01-01 00:00:00+00:00, run_after=2022-01-01 00:00:00+00:00
[2024-04-03T22:31:04.366+0000] {logging_mixin.py:188} INFO - [2024-04-03T22:31:04.365+0000] {dag.py:3834} INFO - Setting next_dagrun for example_subdag_operator.section-1 to None, run_after=None
[2024-04-03T22:31:04.367+0000] {logging_mixin.py:188} INFO - [2024-04-03T22:31:04.367+0000] {dag.py:3834} INFO - Setting next_dagrun for example_subdag_operator.section-2 to None, run_after=None
[2024-04-03T22:31:04.373+0000] {logging_mixin.py:188} INFO - [2024-04-03T22:31:04.372+0000] {dag.py:3047} INFO - Sync 2 DAGs
[2024-04-03T22:31:04.377+0000] {logging_mixin.py:188} INFO - [2024-04-03T22:31:04.377+0000] {dag.py:3834} INFO - Setting next_dagrun for example_subdag_operator.section-1 to None, run_after=None
[2024-04-03T22:31:04.378+0000] {logging_mixin.py:188} INFO - [2024-04-03T22:31:04.377+0000] {dag.py:3834} INFO - Setting next_dagrun for example_subdag_operator.section-2 to None, run_after=None
[2024-04-03T22:31:04.387+0000] {processor.py:183} INFO - Processing /home/airflow/.local/lib/python3.8/site-packages/airflow/example_dags/example_subdag_operator.py took 0.072 seconds
[2024-04-03T22:31:34.888+0000] {processor.py:161} INFO - Started process (PID=785) to work on /home/airflow/.local/lib/python3.8/site-packages/airflow/example_dags/example_subdag_operator.py
[2024-04-03T22:31:34.889+0000] {processor.py:830} INFO - Processing file /home/airflow/.local/lib/python3.8/site-packages/airflow/example_dags/example_subdag_operator.py for tasks to queue
[2024-04-03T22:31:34.890+0000] {logging_mixin.py:188} INFO - [2024-04-03T22:31:34.890+0000] {dagbag.py:540} INFO - Filling up the DagBag from /home/airflow/.local/lib/python3.8/site-packages/airflow/example_dags/example_subdag_operator.py
[2024-04-03T22:31:34.904+0000] {processor.py:840} INFO - DAG(s) 'example_subdag_operator.section-1', 'example_subdag_operator.section-2', 'example_subdag_operator' retrieved from /home/airflow/.local/lib/python3.8/site-packages/airflow/example_dags/example_subdag_operator.py
[2024-04-03T22:31:34.915+0000] {logging_mixin.py:188} INFO - [2024-04-03T22:31:34.915+0000] {dag.py:3047} INFO - Sync 3 DAGs
[2024-04-03T22:31:34.929+0000] {logging_mixin.py:188} INFO - [2024-04-03T22:31:34.929+0000] {dag.py:3834} INFO - Setting next_dagrun for example_subdag_operator to 2022-01-01 00:00:00+00:00, run_after=2022-01-01 00:00:00+00:00
[2024-04-03T22:31:34.931+0000] {logging_mixin.py:188} INFO - [2024-04-03T22:31:34.931+0000] {dag.py:3834} INFO - Setting next_dagrun for example_subdag_operator.section-1 to None, run_after=None
[2024-04-03T22:31:34.932+0000] {logging_mixin.py:188} INFO - [2024-04-03T22:31:34.932+0000] {dag.py:3834} INFO - Setting next_dagrun for example_subdag_operator.section-2 to None, run_after=None
[2024-04-03T22:31:34.938+0000] {logging_mixin.py:188} INFO - [2024-04-03T22:31:34.938+0000] {dag.py:3047} INFO - Sync 2 DAGs
[2024-04-03T22:31:34.941+0000] {logging_mixin.py:188} INFO - [2024-04-03T22:31:34.941+0000] {dag.py:3834} INFO - Setting next_dagrun for example_subdag_operator.section-1 to None, run_after=None
[2024-04-03T22:31:34.942+0000] {logging_mixin.py:188} INFO - [2024-04-03T22:31:34.942+0000] {dag.py:3834} INFO - Setting next_dagrun for example_subdag_operator.section-2 to None, run_after=None
[2024-04-03T22:31:34.950+0000] {processor.py:183} INFO - Processing /home/airflow/.local/lib/python3.8/site-packages/airflow/example_dags/example_subdag_operator.py took 0.065 seconds
[2024-04-03T22:32:54.585+0000] {processor.py:161} INFO - Started process (PID=70) to work on /home/airflow/.local/lib/python3.8/site-packages/airflow/example_dags/example_subdag_operator.py
[2024-04-03T22:32:54.586+0000] {processor.py:830} INFO - Processing file /home/airflow/.local/lib/python3.8/site-packages/airflow/example_dags/example_subdag_operator.py for tasks to queue
[2024-04-03T22:32:54.587+0000] {logging_mixin.py:188} INFO - [2024-04-03T22:32:54.587+0000] {dagbag.py:540} INFO - Filling up the DagBag from /home/airflow/.local/lib/python3.8/site-packages/airflow/example_dags/example_subdag_operator.py
[2024-04-03T22:32:54.604+0000] {processor.py:840} INFO - DAG(s) 'example_subdag_operator.section-1', 'example_subdag_operator.section-2', 'example_subdag_operator' retrieved from /home/airflow/.local/lib/python3.8/site-packages/airflow/example_dags/example_subdag_operator.py
[2024-04-03T22:32:54.607+0000] {logging_mixin.py:188} INFO - [2024-04-03T22:32:54.607+0000] {dag.py:3047} INFO - Sync 3 DAGs
[2024-04-03T22:32:54.622+0000] {logging_mixin.py:188} INFO - [2024-04-03T22:32:54.622+0000] {dag.py:3834} INFO - Setting next_dagrun for example_subdag_operator to 2022-01-01 00:00:00+00:00, run_after=2022-01-01 00:00:00+00:00
[2024-04-03T22:32:54.625+0000] {logging_mixin.py:188} INFO - [2024-04-03T22:32:54.625+0000] {dag.py:3834} INFO - Setting next_dagrun for example_subdag_operator.section-1 to None, run_after=None
[2024-04-03T22:32:54.626+0000] {logging_mixin.py:188} INFO - [2024-04-03T22:32:54.626+0000] {dag.py:3834} INFO - Setting next_dagrun for example_subdag_operator.section-2 to None, run_after=None
[2024-04-03T22:32:54.631+0000] {logging_mixin.py:188} INFO - [2024-04-03T22:32:54.631+0000] {dag.py:3047} INFO - Sync 2 DAGs
[2024-04-03T22:32:54.635+0000] {logging_mixin.py:188} INFO - [2024-04-03T22:32:54.635+0000] {dag.py:3834} INFO - Setting next_dagrun for example_subdag_operator.section-1 to None, run_after=None
[2024-04-03T22:32:54.636+0000] {logging_mixin.py:188} INFO - [2024-04-03T22:32:54.636+0000] {dag.py:3834} INFO - Setting next_dagrun for example_subdag_operator.section-2 to None, run_after=None
[2024-04-03T22:32:54.645+0000] {processor.py:183} INFO - Processing /home/airflow/.local/lib/python3.8/site-packages/airflow/example_dags/example_subdag_operator.py took 0.063 seconds
[2024-04-03T22:33:25.738+0000] {processor.py:161} INFO - Started process (PID=125) to work on /home/airflow/.local/lib/python3.8/site-packages/airflow/example_dags/example_subdag_operator.py
[2024-04-03T22:33:25.739+0000] {processor.py:830} INFO - Processing file /home/airflow/.local/lib/python3.8/site-packages/airflow/example_dags/example_subdag_operator.py for tasks to queue
[2024-04-03T22:33:25.741+0000] {logging_mixin.py:188} INFO - [2024-04-03T22:33:25.741+0000] {dagbag.py:540} INFO - Filling up the DagBag from /home/airflow/.local/lib/python3.8/site-packages/airflow/example_dags/example_subdag_operator.py
[2024-04-03T22:33:25.758+0000] {processor.py:840} INFO - DAG(s) 'example_subdag_operator.section-1', 'example_subdag_operator.section-2', 'example_subdag_operator' retrieved from /home/airflow/.local/lib/python3.8/site-packages/airflow/example_dags/example_subdag_operator.py
[2024-04-03T22:33:25.818+0000] {logging_mixin.py:188} INFO - [2024-04-03T22:33:25.818+0000] {dag.py:3047} INFO - Sync 3 DAGs
[2024-04-03T22:33:25.831+0000] {logging_mixin.py:188} INFO - [2024-04-03T22:33:25.831+0000] {dag.py:3834} INFO - Setting next_dagrun for example_subdag_operator to 2022-01-01 00:00:00+00:00, run_after=2022-01-01 00:00:00+00:00
[2024-04-03T22:33:25.833+0000] {logging_mixin.py:188} INFO - [2024-04-03T22:33:25.833+0000] {dag.py:3834} INFO - Setting next_dagrun for example_subdag_operator.section-1 to None, run_after=None
[2024-04-03T22:33:25.835+0000] {logging_mixin.py:188} INFO - [2024-04-03T22:33:25.835+0000] {dag.py:3834} INFO - Setting next_dagrun for example_subdag_operator.section-2 to None, run_after=None
[2024-04-03T22:33:25.841+0000] {logging_mixin.py:188} INFO - [2024-04-03T22:33:25.841+0000] {dag.py:3047} INFO - Sync 2 DAGs
[2024-04-03T22:33:25.845+0000] {logging_mixin.py:188} INFO - [2024-04-03T22:33:25.844+0000] {dag.py:3834} INFO - Setting next_dagrun for example_subdag_operator.section-1 to None, run_after=None
[2024-04-03T22:33:25.845+0000] {logging_mixin.py:188} INFO - [2024-04-03T22:33:25.845+0000] {dag.py:3834} INFO - Setting next_dagrun for example_subdag_operator.section-2 to None, run_after=None
[2024-04-03T22:33:25.855+0000] {processor.py:183} INFO - Processing /home/airflow/.local/lib/python3.8/site-packages/airflow/example_dags/example_subdag_operator.py took 0.119 seconds
[2024-04-03T22:33:55.912+0000] {processor.py:161} INFO - Started process (PID=180) to work on /home/airflow/.local/lib/python3.8/site-packages/airflow/example_dags/example_subdag_operator.py
[2024-04-03T22:33:55.913+0000] {processor.py:830} INFO - Processing file /home/airflow/.local/lib/python3.8/site-packages/airflow/example_dags/example_subdag_operator.py for tasks to queue
[2024-04-03T22:33:55.914+0000] {logging_mixin.py:188} INFO - [2024-04-03T22:33:55.914+0000] {dagbag.py:540} INFO - Filling up the DagBag from /home/airflow/.local/lib/python3.8/site-packages/airflow/example_dags/example_subdag_operator.py
[2024-04-03T22:33:55.929+0000] {processor.py:840} INFO - DAG(s) 'example_subdag_operator.section-1', 'example_subdag_operator.section-2', 'example_subdag_operator' retrieved from /home/airflow/.local/lib/python3.8/site-packages/airflow/example_dags/example_subdag_operator.py
[2024-04-03T22:33:55.940+0000] {logging_mixin.py:188} INFO - [2024-04-03T22:33:55.940+0000] {dag.py:3047} INFO - Sync 3 DAGs
[2024-04-03T22:33:55.954+0000] {logging_mixin.py:188} INFO - [2024-04-03T22:33:55.954+0000] {dag.py:3834} INFO - Setting next_dagrun for example_subdag_operator to 2022-01-01 00:00:00+00:00, run_after=2022-01-01 00:00:00+00:00
[2024-04-03T22:33:55.958+0000] {logging_mixin.py:188} INFO - [2024-04-03T22:33:55.958+0000] {dag.py:3834} INFO - Setting next_dagrun for example_subdag_operator.section-1 to None, run_after=None
[2024-04-03T22:33:55.959+0000] {logging_mixin.py:188} INFO - [2024-04-03T22:33:55.959+0000] {dag.py:3834} INFO - Setting next_dagrun for example_subdag_operator.section-2 to None, run_after=None
[2024-04-03T22:33:55.965+0000] {logging_mixin.py:188} INFO - [2024-04-03T22:33:55.965+0000] {dag.py:3047} INFO - Sync 2 DAGs
[2024-04-03T22:33:55.969+0000] {logging_mixin.py:188} INFO - [2024-04-03T22:33:55.969+0000] {dag.py:3834} INFO - Setting next_dagrun for example_subdag_operator.section-1 to None, run_after=None
[2024-04-03T22:33:55.970+0000] {logging_mixin.py:188} INFO - [2024-04-03T22:33:55.970+0000] {dag.py:3834} INFO - Setting next_dagrun for example_subdag_operator.section-2 to None, run_after=None
[2024-04-03T22:33:55.983+0000] {processor.py:183} INFO - Processing /home/airflow/.local/lib/python3.8/site-packages/airflow/example_dags/example_subdag_operator.py took 0.074 seconds
[2024-04-03T22:34:26.465+0000] {processor.py:161} INFO - Started process (PID=235) to work on /home/airflow/.local/lib/python3.8/site-packages/airflow/example_dags/example_subdag_operator.py
[2024-04-03T22:34:26.466+0000] {processor.py:830} INFO - Processing file /home/airflow/.local/lib/python3.8/site-packages/airflow/example_dags/example_subdag_operator.py for tasks to queue
[2024-04-03T22:34:26.467+0000] {logging_mixin.py:188} INFO - [2024-04-03T22:34:26.467+0000] {dagbag.py:540} INFO - Filling up the DagBag from /home/airflow/.local/lib/python3.8/site-packages/airflow/example_dags/example_subdag_operator.py
[2024-04-03T22:34:26.484+0000] {processor.py:840} INFO - DAG(s) 'example_subdag_operator.section-1', 'example_subdag_operator.section-2', 'example_subdag_operator' retrieved from /home/airflow/.local/lib/python3.8/site-packages/airflow/example_dags/example_subdag_operator.py
[2024-04-03T22:34:26.496+0000] {logging_mixin.py:188} INFO - [2024-04-03T22:34:26.496+0000] {dag.py:3047} INFO - Sync 3 DAGs
[2024-04-03T22:34:26.511+0000] {logging_mixin.py:188} INFO - [2024-04-03T22:34:26.510+0000] {dag.py:3834} INFO - Setting next_dagrun for example_subdag_operator to 2022-01-01 00:00:00+00:00, run_after=2022-01-01 00:00:00+00:00
[2024-04-03T22:34:26.514+0000] {logging_mixin.py:188} INFO - [2024-04-03T22:34:26.514+0000] {dag.py:3834} INFO - Setting next_dagrun for example_subdag_operator.section-1 to None, run_after=None
[2024-04-03T22:34:26.516+0000] {logging_mixin.py:188} INFO - [2024-04-03T22:34:26.515+0000] {dag.py:3834} INFO - Setting next_dagrun for example_subdag_operator.section-2 to None, run_after=None
[2024-04-03T22:34:26.520+0000] {logging_mixin.py:188} INFO - [2024-04-03T22:34:26.520+0000] {dag.py:3047} INFO - Sync 2 DAGs
[2024-04-03T22:34:26.524+0000] {logging_mixin.py:188} INFO - [2024-04-03T22:34:26.524+0000] {dag.py:3834} INFO - Setting next_dagrun for example_subdag_operator.section-1 to None, run_after=None
[2024-04-03T22:34:26.524+0000] {logging_mixin.py:188} INFO - [2024-04-03T22:34:26.524+0000] {dag.py:3834} INFO - Setting next_dagrun for example_subdag_operator.section-2 to None, run_after=None
[2024-04-03T22:34:26.532+0000] {processor.py:183} INFO - Processing /home/airflow/.local/lib/python3.8/site-packages/airflow/example_dags/example_subdag_operator.py took 0.069 seconds
[2024-04-03T22:34:56.777+0000] {processor.py:161} INFO - Started process (PID=290) to work on /home/airflow/.local/lib/python3.8/site-packages/airflow/example_dags/example_subdag_operator.py
[2024-04-03T22:34:56.778+0000] {processor.py:830} INFO - Processing file /home/airflow/.local/lib/python3.8/site-packages/airflow/example_dags/example_subdag_operator.py for tasks to queue
[2024-04-03T22:34:56.779+0000] {logging_mixin.py:188} INFO - [2024-04-03T22:34:56.779+0000] {dagbag.py:540} INFO - Filling up the DagBag from /home/airflow/.local/lib/python3.8/site-packages/airflow/example_dags/example_subdag_operator.py
[2024-04-03T22:34:56.796+0000] {processor.py:840} INFO - DAG(s) 'example_subdag_operator.section-1', 'example_subdag_operator.section-2', 'example_subdag_operator' retrieved from /home/airflow/.local/lib/python3.8/site-packages/airflow/example_dags/example_subdag_operator.py
[2024-04-03T22:34:56.807+0000] {logging_mixin.py:188} INFO - [2024-04-03T22:34:56.807+0000] {dag.py:3047} INFO - Sync 3 DAGs
[2024-04-03T22:34:56.821+0000] {logging_mixin.py:188} INFO - [2024-04-03T22:34:56.821+0000] {dag.py:3834} INFO - Setting next_dagrun for example_subdag_operator to 2022-01-01 00:00:00+00:00, run_after=2022-01-01 00:00:00+00:00
[2024-04-03T22:34:56.823+0000] {logging_mixin.py:188} INFO - [2024-04-03T22:34:56.823+0000] {dag.py:3834} INFO - Setting next_dagrun for example_subdag_operator.section-1 to None, run_after=None
[2024-04-03T22:34:56.824+0000] {logging_mixin.py:188} INFO - [2024-04-03T22:34:56.824+0000] {dag.py:3834} INFO - Setting next_dagrun for example_subdag_operator.section-2 to None, run_after=None
[2024-04-03T22:34:56.830+0000] {logging_mixin.py:188} INFO - [2024-04-03T22:34:56.830+0000] {dag.py:3047} INFO - Sync 2 DAGs
[2024-04-03T22:34:56.833+0000] {logging_mixin.py:188} INFO - [2024-04-03T22:34:56.833+0000] {dag.py:3834} INFO - Setting next_dagrun for example_subdag_operator.section-1 to None, run_after=None
[2024-04-03T22:34:56.834+0000] {logging_mixin.py:188} INFO - [2024-04-03T22:34:56.834+0000] {dag.py:3834} INFO - Setting next_dagrun for example_subdag_operator.section-2 to None, run_after=None
[2024-04-03T22:34:56.842+0000] {processor.py:183} INFO - Processing /home/airflow/.local/lib/python3.8/site-packages/airflow/example_dags/example_subdag_operator.py took 0.066 seconds
[2024-04-03T22:35:27.268+0000] {processor.py:161} INFO - Started process (PID=345) to work on /home/airflow/.local/lib/python3.8/site-packages/airflow/example_dags/example_subdag_operator.py
[2024-04-03T22:35:27.269+0000] {processor.py:830} INFO - Processing file /home/airflow/.local/lib/python3.8/site-packages/airflow/example_dags/example_subdag_operator.py for tasks to queue
[2024-04-03T22:35:27.271+0000] {logging_mixin.py:188} INFO - [2024-04-03T22:35:27.270+0000] {dagbag.py:540} INFO - Filling up the DagBag from /home/airflow/.local/lib/python3.8/site-packages/airflow/example_dags/example_subdag_operator.py
[2024-04-03T22:35:27.287+0000] {processor.py:840} INFO - DAG(s) 'example_subdag_operator.section-1', 'example_subdag_operator.section-2', 'example_subdag_operator' retrieved from /home/airflow/.local/lib/python3.8/site-packages/airflow/example_dags/example_subdag_operator.py
[2024-04-03T22:35:27.297+0000] {logging_mixin.py:188} INFO - [2024-04-03T22:35:27.297+0000] {dag.py:3047} INFO - Sync 3 DAGs
[2024-04-03T22:35:27.313+0000] {logging_mixin.py:188} INFO - [2024-04-03T22:35:27.313+0000] {dag.py:3834} INFO - Setting next_dagrun for example_subdag_operator to 2022-01-01 00:00:00+00:00, run_after=2022-01-01 00:00:00+00:00
[2024-04-03T22:35:27.317+0000] {logging_mixin.py:188} INFO - [2024-04-03T22:35:27.317+0000] {dag.py:3834} INFO - Setting next_dagrun for example_subdag_operator.section-1 to None, run_after=None
[2024-04-03T22:35:27.318+0000] {logging_mixin.py:188} INFO - [2024-04-03T22:35:27.318+0000] {dag.py:3834} INFO - Setting next_dagrun for example_subdag_operator.section-2 to None, run_after=None
[2024-04-03T22:35:27.325+0000] {logging_mixin.py:188} INFO - [2024-04-03T22:35:27.324+0000] {dag.py:3047} INFO - Sync 2 DAGs
[2024-04-03T22:35:27.328+0000] {logging_mixin.py:188} INFO - [2024-04-03T22:35:27.328+0000] {dag.py:3834} INFO - Setting next_dagrun for example_subdag_operator.section-1 to None, run_after=None
[2024-04-03T22:35:27.329+0000] {logging_mixin.py:188} INFO - [2024-04-03T22:35:27.329+0000] {dag.py:3834} INFO - Setting next_dagrun for example_subdag_operator.section-2 to None, run_after=None
[2024-04-03T22:35:27.340+0000] {processor.py:183} INFO - Processing /home/airflow/.local/lib/python3.8/site-packages/airflow/example_dags/example_subdag_operator.py took 0.074 seconds
[2024-04-03T22:35:57.703+0000] {processor.py:161} INFO - Started process (PID=400) to work on /home/airflow/.local/lib/python3.8/site-packages/airflow/example_dags/example_subdag_operator.py
[2024-04-03T22:35:57.708+0000] {processor.py:830} INFO - Processing file /home/airflow/.local/lib/python3.8/site-packages/airflow/example_dags/example_subdag_operator.py for tasks to queue
[2024-04-03T22:35:57.709+0000] {logging_mixin.py:188} INFO - [2024-04-03T22:35:57.709+0000] {dagbag.py:540} INFO - Filling up the DagBag from /home/airflow/.local/lib/python3.8/site-packages/airflow/example_dags/example_subdag_operator.py
[2024-04-03T22:35:57.727+0000] {processor.py:840} INFO - DAG(s) 'example_subdag_operator.section-1', 'example_subdag_operator.section-2', 'example_subdag_operator' retrieved from /home/airflow/.local/lib/python3.8/site-packages/airflow/example_dags/example_subdag_operator.py
[2024-04-03T22:35:57.742+0000] {logging_mixin.py:188} INFO - [2024-04-03T22:35:57.741+0000] {dag.py:3047} INFO - Sync 3 DAGs
[2024-04-03T22:35:57.757+0000] {logging_mixin.py:188} INFO - [2024-04-03T22:35:57.756+0000] {dag.py:3834} INFO - Setting next_dagrun for example_subdag_operator to 2022-01-01 00:00:00+00:00, run_after=2022-01-01 00:00:00+00:00
[2024-04-03T22:35:57.759+0000] {logging_mixin.py:188} INFO - [2024-04-03T22:35:57.759+0000] {dag.py:3834} INFO - Setting next_dagrun for example_subdag_operator.section-1 to None, run_after=None
[2024-04-03T22:35:57.761+0000] {logging_mixin.py:188} INFO - [2024-04-03T22:35:57.760+0000] {dag.py:3834} INFO - Setting next_dagrun for example_subdag_operator.section-2 to None, run_after=None
[2024-04-03T22:35:57.766+0000] {logging_mixin.py:188} INFO - [2024-04-03T22:35:57.766+0000] {dag.py:3047} INFO - Sync 2 DAGs
[2024-04-03T22:35:57.770+0000] {logging_mixin.py:188} INFO - [2024-04-03T22:35:57.770+0000] {dag.py:3834} INFO - Setting next_dagrun for example_subdag_operator.section-1 to None, run_after=None
[2024-04-03T22:35:57.771+0000] {logging_mixin.py:188} INFO - [2024-04-03T22:35:57.771+0000] {dag.py:3834} INFO - Setting next_dagrun for example_subdag_operator.section-2 to None, run_after=None
[2024-04-03T22:35:57.780+0000] {processor.py:183} INFO - Processing /home/airflow/.local/lib/python3.8/site-packages/airflow/example_dags/example_subdag_operator.py took 0.079 seconds
[2024-04-03T22:36:28.154+0000] {processor.py:161} INFO - Started process (PID=455) to work on /home/airflow/.local/lib/python3.8/site-packages/airflow/example_dags/example_subdag_operator.py
[2024-04-03T22:36:28.154+0000] {processor.py:830} INFO - Processing file /home/airflow/.local/lib/python3.8/site-packages/airflow/example_dags/example_subdag_operator.py for tasks to queue
[2024-04-03T22:36:28.156+0000] {logging_mixin.py:188} INFO - [2024-04-03T22:36:28.155+0000] {dagbag.py:540} INFO - Filling up the DagBag from /home/airflow/.local/lib/python3.8/site-packages/airflow/example_dags/example_subdag_operator.py
[2024-04-03T22:36:28.172+0000] {processor.py:840} INFO - DAG(s) 'example_subdag_operator.section-1', 'example_subdag_operator.section-2', 'example_subdag_operator' retrieved from /home/airflow/.local/lib/python3.8/site-packages/airflow/example_dags/example_subdag_operator.py
[2024-04-03T22:36:28.182+0000] {logging_mixin.py:188} INFO - [2024-04-03T22:36:28.182+0000] {dag.py:3047} INFO - Sync 3 DAGs
[2024-04-03T22:36:28.195+0000] {logging_mixin.py:188} INFO - [2024-04-03T22:36:28.195+0000] {dag.py:3834} INFO - Setting next_dagrun for example_subdag_operator to 2022-01-01 00:00:00+00:00, run_after=2022-01-01 00:00:00+00:00
[2024-04-03T22:36:28.197+0000] {logging_mixin.py:188} INFO - [2024-04-03T22:36:28.197+0000] {dag.py:3834} INFO - Setting next_dagrun for example_subdag_operator.section-1 to None, run_after=None
[2024-04-03T22:36:28.198+0000] {logging_mixin.py:188} INFO - [2024-04-03T22:36:28.198+0000] {dag.py:3834} INFO - Setting next_dagrun for example_subdag_operator.section-2 to None, run_after=None
[2024-04-03T22:36:28.204+0000] {logging_mixin.py:188} INFO - [2024-04-03T22:36:28.204+0000] {dag.py:3047} INFO - Sync 2 DAGs
[2024-04-03T22:36:28.208+0000] {logging_mixin.py:188} INFO - [2024-04-03T22:36:28.208+0000] {dag.py:3834} INFO - Setting next_dagrun for example_subdag_operator.section-1 to None, run_after=None
[2024-04-03T22:36:28.208+0000] {logging_mixin.py:188} INFO - [2024-04-03T22:36:28.208+0000] {dag.py:3834} INFO - Setting next_dagrun for example_subdag_operator.section-2 to None, run_after=None
[2024-04-03T22:36:28.218+0000] {processor.py:183} INFO - Processing /home/airflow/.local/lib/python3.8/site-packages/airflow/example_dags/example_subdag_operator.py took 0.066 seconds
[2024-04-03T22:36:58.464+0000] {processor.py:161} INFO - Started process (PID=510) to work on /home/airflow/.local/lib/python3.8/site-packages/airflow/example_dags/example_subdag_operator.py
[2024-04-03T22:36:58.465+0000] {processor.py:830} INFO - Processing file /home/airflow/.local/lib/python3.8/site-packages/airflow/example_dags/example_subdag_operator.py for tasks to queue
[2024-04-03T22:36:58.466+0000] {logging_mixin.py:188} INFO - [2024-04-03T22:36:58.466+0000] {dagbag.py:540} INFO - Filling up the DagBag from /home/airflow/.local/lib/python3.8/site-packages/airflow/example_dags/example_subdag_operator.py
[2024-04-03T22:36:58.482+0000] {processor.py:840} INFO - DAG(s) 'example_subdag_operator.section-1', 'example_subdag_operator.section-2', 'example_subdag_operator' retrieved from /home/airflow/.local/lib/python3.8/site-packages/airflow/example_dags/example_subdag_operator.py
[2024-04-03T22:36:58.492+0000] {logging_mixin.py:188} INFO - [2024-04-03T22:36:58.492+0000] {dag.py:3047} INFO - Sync 3 DAGs
[2024-04-03T22:36:58.509+0000] {logging_mixin.py:188} INFO - [2024-04-03T22:36:58.509+0000] {dag.py:3834} INFO - Setting next_dagrun for example_subdag_operator to 2022-01-01 00:00:00+00:00, run_after=2022-01-01 00:00:00+00:00
[2024-04-03T22:36:58.512+0000] {logging_mixin.py:188} INFO - [2024-04-03T22:36:58.512+0000] {dag.py:3834} INFO - Setting next_dagrun for example_subdag_operator.section-1 to None, run_after=None
[2024-04-03T22:36:58.513+0000] {logging_mixin.py:188} INFO - [2024-04-03T22:36:58.513+0000] {dag.py:3834} INFO - Setting next_dagrun for example_subdag_operator.section-2 to None, run_after=None
[2024-04-03T22:36:58.520+0000] {logging_mixin.py:188} INFO - [2024-04-03T22:36:58.519+0000] {dag.py:3047} INFO - Sync 2 DAGs
[2024-04-03T22:36:58.524+0000] {logging_mixin.py:188} INFO - [2024-04-03T22:36:58.524+0000] {dag.py:3834} INFO - Setting next_dagrun for example_subdag_operator.section-1 to None, run_after=None
[2024-04-03T22:36:58.525+0000] {logging_mixin.py:188} INFO - [2024-04-03T22:36:58.524+0000] {dag.py:3834} INFO - Setting next_dagrun for example_subdag_operator.section-2 to None, run_after=None
[2024-04-03T22:36:58.532+0000] {processor.py:183} INFO - Processing /home/airflow/.local/lib/python3.8/site-packages/airflow/example_dags/example_subdag_operator.py took 0.070 seconds
[2024-04-03T22:37:29.048+0000] {processor.py:161} INFO - Started process (PID=564) to work on /home/airflow/.local/lib/python3.8/site-packages/airflow/example_dags/example_subdag_operator.py
[2024-04-03T22:37:29.049+0000] {processor.py:830} INFO - Processing file /home/airflow/.local/lib/python3.8/site-packages/airflow/example_dags/example_subdag_operator.py for tasks to queue
[2024-04-03T22:37:29.050+0000] {logging_mixin.py:188} INFO - [2024-04-03T22:37:29.050+0000] {dagbag.py:540} INFO - Filling up the DagBag from /home/airflow/.local/lib/python3.8/site-packages/airflow/example_dags/example_subdag_operator.py
[2024-04-03T22:37:29.067+0000] {processor.py:840} INFO - DAG(s) 'example_subdag_operator.section-1', 'example_subdag_operator.section-2', 'example_subdag_operator' retrieved from /home/airflow/.local/lib/python3.8/site-packages/airflow/example_dags/example_subdag_operator.py
[2024-04-03T22:37:29.079+0000] {logging_mixin.py:188} INFO - [2024-04-03T22:37:29.078+0000] {dag.py:3047} INFO - Sync 3 DAGs
[2024-04-03T22:37:29.096+0000] {logging_mixin.py:188} INFO - [2024-04-03T22:37:29.096+0000] {dag.py:3834} INFO - Setting next_dagrun for example_subdag_operator to 2022-01-01 00:00:00+00:00, run_after=2022-01-01 00:00:00+00:00
[2024-04-03T22:37:29.099+0000] {logging_mixin.py:188} INFO - [2024-04-03T22:37:29.099+0000] {dag.py:3834} INFO - Setting next_dagrun for example_subdag_operator.section-1 to None, run_after=None
[2024-04-03T22:37:29.101+0000] {logging_mixin.py:188} INFO - [2024-04-03T22:37:29.101+0000] {dag.py:3834} INFO - Setting next_dagrun for example_subdag_operator.section-2 to None, run_after=None
[2024-04-03T22:37:29.106+0000] {logging_mixin.py:188} INFO - [2024-04-03T22:37:29.106+0000] {dag.py:3047} INFO - Sync 2 DAGs
[2024-04-03T22:37:29.110+0000] {logging_mixin.py:188} INFO - [2024-04-03T22:37:29.110+0000] {dag.py:3834} INFO - Setting next_dagrun for example_subdag_operator.section-1 to None, run_after=None
[2024-04-03T22:37:29.111+0000] {logging_mixin.py:188} INFO - [2024-04-03T22:37:29.111+0000] {dag.py:3834} INFO - Setting next_dagrun for example_subdag_operator.section-2 to None, run_after=None
[2024-04-03T22:37:29.121+0000] {processor.py:183} INFO - Processing /home/airflow/.local/lib/python3.8/site-packages/airflow/example_dags/example_subdag_operator.py took 0.075 seconds
[2024-04-03T22:37:59.460+0000] {processor.py:161} INFO - Started process (PID=620) to work on /home/airflow/.local/lib/python3.8/site-packages/airflow/example_dags/example_subdag_operator.py
[2024-04-03T22:37:59.462+0000] {processor.py:830} INFO - Processing file /home/airflow/.local/lib/python3.8/site-packages/airflow/example_dags/example_subdag_operator.py for tasks to queue
[2024-04-03T22:37:59.465+0000] {logging_mixin.py:188} INFO - [2024-04-03T22:37:59.465+0000] {dagbag.py:540} INFO - Filling up the DagBag from /home/airflow/.local/lib/python3.8/site-packages/airflow/example_dags/example_subdag_operator.py
[2024-04-03T22:37:59.481+0000] {processor.py:840} INFO - DAG(s) 'example_subdag_operator.section-1', 'example_subdag_operator.section-2', 'example_subdag_operator' retrieved from /home/airflow/.local/lib/python3.8/site-packages/airflow/example_dags/example_subdag_operator.py
[2024-04-03T22:37:59.494+0000] {logging_mixin.py:188} INFO - [2024-04-03T22:37:59.493+0000] {dag.py:3047} INFO - Sync 3 DAGs
[2024-04-03T22:37:59.510+0000] {logging_mixin.py:188} INFO - [2024-04-03T22:37:59.510+0000] {dag.py:3834} INFO - Setting next_dagrun for example_subdag_operator to 2022-01-01 00:00:00+00:00, run_after=2022-01-01 00:00:00+00:00
[2024-04-03T22:37:59.512+0000] {logging_mixin.py:188} INFO - [2024-04-03T22:37:59.512+0000] {dag.py:3834} INFO - Setting next_dagrun for example_subdag_operator.section-1 to None, run_after=None
[2024-04-03T22:37:59.514+0000] {logging_mixin.py:188} INFO - [2024-04-03T22:37:59.514+0000] {dag.py:3834} INFO - Setting next_dagrun for example_subdag_operator.section-2 to None, run_after=None
[2024-04-03T22:37:59.521+0000] {logging_mixin.py:188} INFO - [2024-04-03T22:37:59.520+0000] {dag.py:3047} INFO - Sync 2 DAGs
[2024-04-03T22:37:59.525+0000] {logging_mixin.py:188} INFO - [2024-04-03T22:37:59.525+0000] {dag.py:3834} INFO - Setting next_dagrun for example_subdag_operator.section-1 to None, run_after=None
[2024-04-03T22:37:59.526+0000] {logging_mixin.py:188} INFO - [2024-04-03T22:37:59.525+0000] {dag.py:3834} INFO - Setting next_dagrun for example_subdag_operator.section-2 to None, run_after=None
[2024-04-03T22:37:59.534+0000] {processor.py:183} INFO - Processing /home/airflow/.local/lib/python3.8/site-packages/airflow/example_dags/example_subdag_operator.py took 0.077 seconds
[2024-04-03T22:38:29.857+0000] {processor.py:161} INFO - Started process (PID=675) to work on /home/airflow/.local/lib/python3.8/site-packages/airflow/example_dags/example_subdag_operator.py
[2024-04-03T22:38:29.858+0000] {processor.py:830} INFO - Processing file /home/airflow/.local/lib/python3.8/site-packages/airflow/example_dags/example_subdag_operator.py for tasks to queue
[2024-04-03T22:38:29.859+0000] {logging_mixin.py:188} INFO - [2024-04-03T22:38:29.859+0000] {dagbag.py:540} INFO - Filling up the DagBag from /home/airflow/.local/lib/python3.8/site-packages/airflow/example_dags/example_subdag_operator.py
[2024-04-03T22:38:29.876+0000] {processor.py:840} INFO - DAG(s) 'example_subdag_operator.section-1', 'example_subdag_operator.section-2', 'example_subdag_operator' retrieved from /home/airflow/.local/lib/python3.8/site-packages/airflow/example_dags/example_subdag_operator.py
[2024-04-03T22:38:29.886+0000] {logging_mixin.py:188} INFO - [2024-04-03T22:38:29.885+0000] {dag.py:3047} INFO - Sync 3 DAGs
[2024-04-03T22:38:29.899+0000] {logging_mixin.py:188} INFO - [2024-04-03T22:38:29.899+0000] {dag.py:3834} INFO - Setting next_dagrun for example_subdag_operator to 2022-01-01 00:00:00+00:00, run_after=2022-01-01 00:00:00+00:00
[2024-04-03T22:38:29.902+0000] {logging_mixin.py:188} INFO - [2024-04-03T22:38:29.902+0000] {dag.py:3834} INFO - Setting next_dagrun for example_subdag_operator.section-1 to None, run_after=None
[2024-04-03T22:38:29.903+0000] {logging_mixin.py:188} INFO - [2024-04-03T22:38:29.903+0000] {dag.py:3834} INFO - Setting next_dagrun for example_subdag_operator.section-2 to None, run_after=None
[2024-04-03T22:38:29.908+0000] {logging_mixin.py:188} INFO - [2024-04-03T22:38:29.908+0000] {dag.py:3047} INFO - Sync 2 DAGs
[2024-04-03T22:38:29.911+0000] {logging_mixin.py:188} INFO - [2024-04-03T22:38:29.911+0000] {dag.py:3834} INFO - Setting next_dagrun for example_subdag_operator.section-1 to None, run_after=None
[2024-04-03T22:38:29.912+0000] {logging_mixin.py:188} INFO - [2024-04-03T22:38:29.912+0000] {dag.py:3834} INFO - Setting next_dagrun for example_subdag_operator.section-2 to None, run_after=None
[2024-04-03T22:38:29.921+0000] {processor.py:183} INFO - Processing /home/airflow/.local/lib/python3.8/site-packages/airflow/example_dags/example_subdag_operator.py took 0.067 seconds
[2024-04-03T22:39:00.022+0000] {processor.py:161} INFO - Started process (PID=730) to work on /home/airflow/.local/lib/python3.8/site-packages/airflow/example_dags/example_subdag_operator.py
[2024-04-03T22:39:00.024+0000] {processor.py:830} INFO - Processing file /home/airflow/.local/lib/python3.8/site-packages/airflow/example_dags/example_subdag_operator.py for tasks to queue
[2024-04-03T22:39:00.027+0000] {logging_mixin.py:188} INFO - [2024-04-03T22:39:00.027+0000] {dagbag.py:540} INFO - Filling up the DagBag from /home/airflow/.local/lib/python3.8/site-packages/airflow/example_dags/example_subdag_operator.py
[2024-04-03T22:39:00.047+0000] {processor.py:840} INFO - DAG(s) 'example_subdag_operator.section-1', 'example_subdag_operator.section-2', 'example_subdag_operator' retrieved from /home/airflow/.local/lib/python3.8/site-packages/airflow/example_dags/example_subdag_operator.py
[2024-04-03T22:39:00.059+0000] {logging_mixin.py:188} INFO - [2024-04-03T22:39:00.058+0000] {dag.py:3047} INFO - Sync 3 DAGs
[2024-04-03T22:39:00.076+0000] {logging_mixin.py:188} INFO - [2024-04-03T22:39:00.075+0000] {dag.py:3834} INFO - Setting next_dagrun for example_subdag_operator to 2022-01-01 00:00:00+00:00, run_after=2022-01-01 00:00:00+00:00
[2024-04-03T22:39:00.079+0000] {logging_mixin.py:188} INFO - [2024-04-03T22:39:00.079+0000] {dag.py:3834} INFO - Setting next_dagrun for example_subdag_operator.section-1 to None, run_after=None
[2024-04-03T22:39:00.081+0000] {logging_mixin.py:188} INFO - [2024-04-03T22:39:00.080+0000] {dag.py:3834} INFO - Setting next_dagrun for example_subdag_operator.section-2 to None, run_after=None
[2024-04-03T22:39:00.087+0000] {logging_mixin.py:188} INFO - [2024-04-03T22:39:00.087+0000] {dag.py:3047} INFO - Sync 2 DAGs
[2024-04-03T22:39:00.092+0000] {logging_mixin.py:188} INFO - [2024-04-03T22:39:00.091+0000] {dag.py:3834} INFO - Setting next_dagrun for example_subdag_operator.section-1 to None, run_after=None
[2024-04-03T22:39:00.092+0000] {logging_mixin.py:188} INFO - [2024-04-03T22:39:00.092+0000] {dag.py:3834} INFO - Setting next_dagrun for example_subdag_operator.section-2 to None, run_after=None
[2024-04-03T22:39:00.103+0000] {processor.py:183} INFO - Processing /home/airflow/.local/lib/python3.8/site-packages/airflow/example_dags/example_subdag_operator.py took 0.084 seconds
[2024-04-03T22:39:30.308+0000] {processor.py:161} INFO - Started process (PID=784) to work on /home/airflow/.local/lib/python3.8/site-packages/airflow/example_dags/example_subdag_operator.py
[2024-04-03T22:39:30.308+0000] {processor.py:830} INFO - Processing file /home/airflow/.local/lib/python3.8/site-packages/airflow/example_dags/example_subdag_operator.py for tasks to queue
[2024-04-03T22:39:30.310+0000] {logging_mixin.py:188} INFO - [2024-04-03T22:39:30.309+0000] {dagbag.py:540} INFO - Filling up the DagBag from /home/airflow/.local/lib/python3.8/site-packages/airflow/example_dags/example_subdag_operator.py
[2024-04-03T22:39:30.325+0000] {processor.py:840} INFO - DAG(s) 'example_subdag_operator.section-1', 'example_subdag_operator.section-2', 'example_subdag_operator' retrieved from /home/airflow/.local/lib/python3.8/site-packages/airflow/example_dags/example_subdag_operator.py
[2024-04-03T22:39:30.335+0000] {logging_mixin.py:188} INFO - [2024-04-03T22:39:30.334+0000] {dag.py:3047} INFO - Sync 3 DAGs
[2024-04-03T22:39:30.348+0000] {logging_mixin.py:188} INFO - [2024-04-03T22:39:30.348+0000] {dag.py:3834} INFO - Setting next_dagrun for example_subdag_operator to 2022-01-01 00:00:00+00:00, run_after=2022-01-01 00:00:00+00:00
[2024-04-03T22:39:30.351+0000] {logging_mixin.py:188} INFO - [2024-04-03T22:39:30.351+0000] {dag.py:3834} INFO - Setting next_dagrun for example_subdag_operator.section-1 to None, run_after=None
[2024-04-03T22:39:30.352+0000] {logging_mixin.py:188} INFO - [2024-04-03T22:39:30.352+0000] {dag.py:3834} INFO - Setting next_dagrun for example_subdag_operator.section-2 to None, run_after=None
[2024-04-03T22:39:30.357+0000] {logging_mixin.py:188} INFO - [2024-04-03T22:39:30.357+0000] {dag.py:3047} INFO - Sync 2 DAGs
[2024-04-03T22:39:30.361+0000] {logging_mixin.py:188} INFO - [2024-04-03T22:39:30.361+0000] {dag.py:3834} INFO - Setting next_dagrun for example_subdag_operator.section-1 to None, run_after=None
[2024-04-03T22:39:30.362+0000] {logging_mixin.py:188} INFO - [2024-04-03T22:39:30.362+0000] {dag.py:3834} INFO - Setting next_dagrun for example_subdag_operator.section-2 to None, run_after=None
[2024-04-03T22:39:30.370+0000] {processor.py:183} INFO - Processing /home/airflow/.local/lib/python3.8/site-packages/airflow/example_dags/example_subdag_operator.py took 0.064 seconds
[2024-04-03T22:40:00.698+0000] {processor.py:161} INFO - Started process (PID=839) to work on /home/airflow/.local/lib/python3.8/site-packages/airflow/example_dags/example_subdag_operator.py
[2024-04-03T22:40:00.698+0000] {processor.py:830} INFO - Processing file /home/airflow/.local/lib/python3.8/site-packages/airflow/example_dags/example_subdag_operator.py for tasks to queue
[2024-04-03T22:40:00.700+0000] {logging_mixin.py:188} INFO - [2024-04-03T22:40:00.700+0000] {dagbag.py:540} INFO - Filling up the DagBag from /home/airflow/.local/lib/python3.8/site-packages/airflow/example_dags/example_subdag_operator.py
[2024-04-03T22:40:00.717+0000] {processor.py:840} INFO - DAG(s) 'example_subdag_operator.section-1', 'example_subdag_operator.section-2', 'example_subdag_operator' retrieved from /home/airflow/.local/lib/python3.8/site-packages/airflow/example_dags/example_subdag_operator.py
[2024-04-03T22:40:00.728+0000] {logging_mixin.py:188} INFO - [2024-04-03T22:40:00.728+0000] {dag.py:3047} INFO - Sync 3 DAGs
[2024-04-03T22:40:00.742+0000] {logging_mixin.py:188} INFO - [2024-04-03T22:40:00.742+0000] {dag.py:3834} INFO - Setting next_dagrun for example_subdag_operator to 2022-01-01 00:00:00+00:00, run_after=2022-01-01 00:00:00+00:00
[2024-04-03T22:40:00.744+0000] {logging_mixin.py:188} INFO - [2024-04-03T22:40:00.744+0000] {dag.py:3834} INFO - Setting next_dagrun for example_subdag_operator.section-1 to None, run_after=None
[2024-04-03T22:40:00.746+0000] {logging_mixin.py:188} INFO - [2024-04-03T22:40:00.746+0000] {dag.py:3834} INFO - Setting next_dagrun for example_subdag_operator.section-2 to None, run_after=None
[2024-04-03T22:40:00.750+0000] {logging_mixin.py:188} INFO - [2024-04-03T22:40:00.750+0000] {dag.py:3047} INFO - Sync 2 DAGs
[2024-04-03T22:40:00.754+0000] {logging_mixin.py:188} INFO - [2024-04-03T22:40:00.754+0000] {dag.py:3834} INFO - Setting next_dagrun for example_subdag_operator.section-1 to None, run_after=None
[2024-04-03T22:40:00.755+0000] {logging_mixin.py:188} INFO - [2024-04-03T22:40:00.754+0000] {dag.py:3834} INFO - Setting next_dagrun for example_subdag_operator.section-2 to None, run_after=None
[2024-04-03T22:40:00.762+0000] {processor.py:183} INFO - Processing /home/airflow/.local/lib/python3.8/site-packages/airflow/example_dags/example_subdag_operator.py took 0.067 seconds
[2024-04-03T22:40:31.074+0000] {processor.py:161} INFO - Started process (PID=894) to work on /home/airflow/.local/lib/python3.8/site-packages/airflow/example_dags/example_subdag_operator.py
[2024-04-03T22:40:31.075+0000] {processor.py:830} INFO - Processing file /home/airflow/.local/lib/python3.8/site-packages/airflow/example_dags/example_subdag_operator.py for tasks to queue
[2024-04-03T22:40:31.076+0000] {logging_mixin.py:188} INFO - [2024-04-03T22:40:31.076+0000] {dagbag.py:540} INFO - Filling up the DagBag from /home/airflow/.local/lib/python3.8/site-packages/airflow/example_dags/example_subdag_operator.py
[2024-04-03T22:40:31.091+0000] {processor.py:840} INFO - DAG(s) 'example_subdag_operator.section-1', 'example_subdag_operator.section-2', 'example_subdag_operator' retrieved from /home/airflow/.local/lib/python3.8/site-packages/airflow/example_dags/example_subdag_operator.py
[2024-04-03T22:40:31.102+0000] {logging_mixin.py:188} INFO - [2024-04-03T22:40:31.102+0000] {dag.py:3047} INFO - Sync 3 DAGs
[2024-04-03T22:40:31.116+0000] {logging_mixin.py:188} INFO - [2024-04-03T22:40:31.116+0000] {dag.py:3834} INFO - Setting next_dagrun for example_subdag_operator to 2022-01-01 00:00:00+00:00, run_after=2022-01-01 00:00:00+00:00
[2024-04-03T22:40:31.119+0000] {logging_mixin.py:188} INFO - [2024-04-03T22:40:31.119+0000] {dag.py:3834} INFO - Setting next_dagrun for example_subdag_operator.section-1 to None, run_after=None
[2024-04-03T22:40:31.120+0000] {logging_mixin.py:188} INFO - [2024-04-03T22:40:31.120+0000] {dag.py:3834} INFO - Setting next_dagrun for example_subdag_operator.section-2 to None, run_after=None
[2024-04-03T22:40:31.124+0000] {logging_mixin.py:188} INFO - [2024-04-03T22:40:31.124+0000] {dag.py:3047} INFO - Sync 2 DAGs
[2024-04-03T22:40:31.128+0000] {logging_mixin.py:188} INFO - [2024-04-03T22:40:31.128+0000] {dag.py:3834} INFO - Setting next_dagrun for example_subdag_operator.section-1 to None, run_after=None
[2024-04-03T22:40:31.129+0000] {logging_mixin.py:188} INFO - [2024-04-03T22:40:31.128+0000] {dag.py:3834} INFO - Setting next_dagrun for example_subdag_operator.section-2 to None, run_after=None
[2024-04-03T22:40:31.135+0000] {processor.py:183} INFO - Processing /home/airflow/.local/lib/python3.8/site-packages/airflow/example_dags/example_subdag_operator.py took 0.064 seconds
[2024-04-03T22:41:01.291+0000] {processor.py:161} INFO - Started process (PID=949) to work on /home/airflow/.local/lib/python3.8/site-packages/airflow/example_dags/example_subdag_operator.py
[2024-04-03T22:41:01.292+0000] {processor.py:830} INFO - Processing file /home/airflow/.local/lib/python3.8/site-packages/airflow/example_dags/example_subdag_operator.py for tasks to queue
[2024-04-03T22:41:01.293+0000] {logging_mixin.py:188} INFO - [2024-04-03T22:41:01.293+0000] {dagbag.py:540} INFO - Filling up the DagBag from /home/airflow/.local/lib/python3.8/site-packages/airflow/example_dags/example_subdag_operator.py
[2024-04-03T22:41:01.309+0000] {processor.py:840} INFO - DAG(s) 'example_subdag_operator.section-1', 'example_subdag_operator.section-2', 'example_subdag_operator' retrieved from /home/airflow/.local/lib/python3.8/site-packages/airflow/example_dags/example_subdag_operator.py
[2024-04-03T22:41:01.319+0000] {logging_mixin.py:188} INFO - [2024-04-03T22:41:01.319+0000] {dag.py:3047} INFO - Sync 3 DAGs
[2024-04-03T22:41:01.332+0000] {logging_mixin.py:188} INFO - [2024-04-03T22:41:01.332+0000] {dag.py:3834} INFO - Setting next_dagrun for example_subdag_operator to 2022-01-01 00:00:00+00:00, run_after=2022-01-01 00:00:00+00:00
[2024-04-03T22:41:01.334+0000] {logging_mixin.py:188} INFO - [2024-04-03T22:41:01.334+0000] {dag.py:3834} INFO - Setting next_dagrun for example_subdag_operator.section-1 to None, run_after=None
[2024-04-03T22:41:01.335+0000] {logging_mixin.py:188} INFO - [2024-04-03T22:41:01.335+0000] {dag.py:3834} INFO - Setting next_dagrun for example_subdag_operator.section-2 to None, run_after=None
[2024-04-03T22:41:01.340+0000] {logging_mixin.py:188} INFO - [2024-04-03T22:41:01.340+0000] {dag.py:3047} INFO - Sync 2 DAGs
[2024-04-03T22:41:01.344+0000] {logging_mixin.py:188} INFO - [2024-04-03T22:41:01.344+0000] {dag.py:3834} INFO - Setting next_dagrun for example_subdag_operator.section-1 to None, run_after=None
[2024-04-03T22:41:01.345+0000] {logging_mixin.py:188} INFO - [2024-04-03T22:41:01.345+0000] {dag.py:3834} INFO - Setting next_dagrun for example_subdag_operator.section-2 to None, run_after=None
[2024-04-03T22:41:01.353+0000] {processor.py:183} INFO - Processing /home/airflow/.local/lib/python3.8/site-packages/airflow/example_dags/example_subdag_operator.py took 0.064 seconds
[2024-04-03T22:41:31.878+0000] {processor.py:161} INFO - Started process (PID=1004) to work on /home/airflow/.local/lib/python3.8/site-packages/airflow/example_dags/example_subdag_operator.py
[2024-04-03T22:41:31.879+0000] {processor.py:830} INFO - Processing file /home/airflow/.local/lib/python3.8/site-packages/airflow/example_dags/example_subdag_operator.py for tasks to queue
[2024-04-03T22:41:31.881+0000] {logging_mixin.py:188} INFO - [2024-04-03T22:41:31.880+0000] {dagbag.py:540} INFO - Filling up the DagBag from /home/airflow/.local/lib/python3.8/site-packages/airflow/example_dags/example_subdag_operator.py
[2024-04-03T22:41:31.897+0000] {processor.py:840} INFO - DAG(s) 'example_subdag_operator.section-1', 'example_subdag_operator.section-2', 'example_subdag_operator' retrieved from /home/airflow/.local/lib/python3.8/site-packages/airflow/example_dags/example_subdag_operator.py
[2024-04-03T22:41:31.908+0000] {logging_mixin.py:188} INFO - [2024-04-03T22:41:31.908+0000] {dag.py:3047} INFO - Sync 3 DAGs
[2024-04-03T22:41:31.922+0000] {logging_mixin.py:188} INFO - [2024-04-03T22:41:31.922+0000] {dag.py:3834} INFO - Setting next_dagrun for example_subdag_operator to 2022-01-01 00:00:00+00:00, run_after=2022-01-01 00:00:00+00:00
[2024-04-03T22:41:31.925+0000] {logging_mixin.py:188} INFO - [2024-04-03T22:41:31.925+0000] {dag.py:3834} INFO - Setting next_dagrun for example_subdag_operator.section-1 to None, run_after=None
[2024-04-03T22:41:31.926+0000] {logging_mixin.py:188} INFO - [2024-04-03T22:41:31.926+0000] {dag.py:3834} INFO - Setting next_dagrun for example_subdag_operator.section-2 to None, run_after=None
[2024-04-03T22:41:31.931+0000] {logging_mixin.py:188} INFO - [2024-04-03T22:41:31.931+0000] {dag.py:3047} INFO - Sync 2 DAGs
[2024-04-03T22:41:31.934+0000] {logging_mixin.py:188} INFO - [2024-04-03T22:41:31.934+0000] {dag.py:3834} INFO - Setting next_dagrun for example_subdag_operator.section-1 to None, run_after=None
[2024-04-03T22:41:31.935+0000] {logging_mixin.py:188} INFO - [2024-04-03T22:41:31.935+0000] {dag.py:3834} INFO - Setting next_dagrun for example_subdag_operator.section-2 to None, run_after=None
[2024-04-03T22:41:31.944+0000] {processor.py:183} INFO - Processing /home/airflow/.local/lib/python3.8/site-packages/airflow/example_dags/example_subdag_operator.py took 0.068 seconds
[2024-04-03T22:42:02.339+0000] {processor.py:161} INFO - Started process (PID=1059) to work on /home/airflow/.local/lib/python3.8/site-packages/airflow/example_dags/example_subdag_operator.py
[2024-04-03T22:42:02.340+0000] {processor.py:830} INFO - Processing file /home/airflow/.local/lib/python3.8/site-packages/airflow/example_dags/example_subdag_operator.py for tasks to queue
[2024-04-03T22:42:02.341+0000] {logging_mixin.py:188} INFO - [2024-04-03T22:42:02.341+0000] {dagbag.py:540} INFO - Filling up the DagBag from /home/airflow/.local/lib/python3.8/site-packages/airflow/example_dags/example_subdag_operator.py
[2024-04-03T22:42:02.357+0000] {processor.py:840} INFO - DAG(s) 'example_subdag_operator.section-1', 'example_subdag_operator.section-2', 'example_subdag_operator' retrieved from /home/airflow/.local/lib/python3.8/site-packages/airflow/example_dags/example_subdag_operator.py
[2024-04-03T22:42:02.368+0000] {logging_mixin.py:188} INFO - [2024-04-03T22:42:02.368+0000] {dag.py:3047} INFO - Sync 3 DAGs
[2024-04-03T22:42:02.381+0000] {logging_mixin.py:188} INFO - [2024-04-03T22:42:02.381+0000] {dag.py:3834} INFO - Setting next_dagrun for example_subdag_operator to 2022-01-01 00:00:00+00:00, run_after=2022-01-01 00:00:00+00:00
[2024-04-03T22:42:02.385+0000] {logging_mixin.py:188} INFO - [2024-04-03T22:42:02.385+0000] {dag.py:3834} INFO - Setting next_dagrun for example_subdag_operator.section-1 to None, run_after=None
[2024-04-03T22:42:02.386+0000] {logging_mixin.py:188} INFO - [2024-04-03T22:42:02.386+0000] {dag.py:3834} INFO - Setting next_dagrun for example_subdag_operator.section-2 to None, run_after=None
[2024-04-03T22:42:02.392+0000] {logging_mixin.py:188} INFO - [2024-04-03T22:42:02.392+0000] {dag.py:3047} INFO - Sync 2 DAGs
[2024-04-03T22:42:02.396+0000] {logging_mixin.py:188} INFO - [2024-04-03T22:42:02.396+0000] {dag.py:3834} INFO - Setting next_dagrun for example_subdag_operator.section-1 to None, run_after=None
[2024-04-03T22:42:02.397+0000] {logging_mixin.py:188} INFO - [2024-04-03T22:42:02.397+0000] {dag.py:3834} INFO - Setting next_dagrun for example_subdag_operator.section-2 to None, run_after=None
[2024-04-03T22:42:02.405+0000] {processor.py:183} INFO - Processing /home/airflow/.local/lib/python3.8/site-packages/airflow/example_dags/example_subdag_operator.py took 0.069 seconds
[2024-04-03T22:42:32.685+0000] {processor.py:161} INFO - Started process (PID=1114) to work on /home/airflow/.local/lib/python3.8/site-packages/airflow/example_dags/example_subdag_operator.py
[2024-04-03T22:42:32.686+0000] {processor.py:830} INFO - Processing file /home/airflow/.local/lib/python3.8/site-packages/airflow/example_dags/example_subdag_operator.py for tasks to queue
[2024-04-03T22:42:32.688+0000] {logging_mixin.py:188} INFO - [2024-04-03T22:42:32.688+0000] {dagbag.py:540} INFO - Filling up the DagBag from /home/airflow/.local/lib/python3.8/site-packages/airflow/example_dags/example_subdag_operator.py
[2024-04-03T22:42:32.712+0000] {processor.py:840} INFO - DAG(s) 'example_subdag_operator.section-1', 'example_subdag_operator.section-2', 'example_subdag_operator' retrieved from /home/airflow/.local/lib/python3.8/site-packages/airflow/example_dags/example_subdag_operator.py
[2024-04-03T22:42:32.724+0000] {logging_mixin.py:188} INFO - [2024-04-03T22:42:32.724+0000] {dag.py:3047} INFO - Sync 3 DAGs
[2024-04-03T22:42:32.743+0000] {logging_mixin.py:188} INFO - [2024-04-03T22:42:32.742+0000] {dag.py:3834} INFO - Setting next_dagrun for example_subdag_operator to 2022-01-01 00:00:00+00:00, run_after=2022-01-01 00:00:00+00:00
[2024-04-03T22:42:32.746+0000] {logging_mixin.py:188} INFO - [2024-04-03T22:42:32.746+0000] {dag.py:3834} INFO - Setting next_dagrun for example_subdag_operator.section-1 to None, run_after=None
[2024-04-03T22:42:32.747+0000] {logging_mixin.py:188} INFO - [2024-04-03T22:42:32.747+0000] {dag.py:3834} INFO - Setting next_dagrun for example_subdag_operator.section-2 to None, run_after=None
[2024-04-03T22:42:32.753+0000] {logging_mixin.py:188} INFO - [2024-04-03T22:42:32.753+0000] {dag.py:3047} INFO - Sync 2 DAGs
[2024-04-03T22:42:32.758+0000] {logging_mixin.py:188} INFO - [2024-04-03T22:42:32.758+0000] {dag.py:3834} INFO - Setting next_dagrun for example_subdag_operator.section-1 to None, run_after=None
[2024-04-03T22:42:32.759+0000] {logging_mixin.py:188} INFO - [2024-04-03T22:42:32.758+0000] {dag.py:3834} INFO - Setting next_dagrun for example_subdag_operator.section-2 to None, run_after=None
[2024-04-03T22:42:32.767+0000] {processor.py:183} INFO - Processing /home/airflow/.local/lib/python3.8/site-packages/airflow/example_dags/example_subdag_operator.py took 0.085 seconds
