[2024-04-03T22:24:58.720+0000] {processor.py:161} INFO - Started process (PID=65) to work on /home/airflow/.local/lib/python3.8/site-packages/airflow/example_dags/example_python_operator.py
[2024-04-03T22:24:58.722+0000] {processor.py:830} INFO - Processing file /home/airflow/.local/lib/python3.8/site-packages/airflow/example_dags/example_python_operator.py for tasks to queue
[2024-04-03T22:24:58.724+0000] {logging_mixin.py:188} INFO - [2024-04-03T22:24:58.724+0000] {dagbag.py:540} INFO - Filling up the DagBag from /home/airflow/.local/lib/python3.8/site-packages/airflow/example_dags/example_python_operator.py
[2024-04-03T22:24:58.738+0000] {processor.py:840} INFO - DAG(s) 'example_python_operator' retrieved from /home/airflow/.local/lib/python3.8/site-packages/airflow/example_dags/example_python_operator.py
[2024-04-03T22:24:58.749+0000] {logging_mixin.py:188} INFO - [2024-04-03T22:24:58.749+0000] {dag.py:3047} INFO - Sync 1 DAGs
[2024-04-03T22:24:58.762+0000] {logging_mixin.py:188} INFO - [2024-04-03T22:24:58.762+0000] {dag.py:3834} INFO - Setting next_dagrun for example_python_operator to None, run_after=None
[2024-04-03T22:24:58.783+0000] {processor.py:183} INFO - Processing /home/airflow/.local/lib/python3.8/site-packages/airflow/example_dags/example_python_operator.py took 0.066 seconds
[2024-04-03T22:25:28.961+0000] {processor.py:161} INFO - Started process (PID=119) to work on /home/airflow/.local/lib/python3.8/site-packages/airflow/example_dags/example_python_operator.py
[2024-04-03T22:25:28.962+0000] {processor.py:830} INFO - Processing file /home/airflow/.local/lib/python3.8/site-packages/airflow/example_dags/example_python_operator.py for tasks to queue
[2024-04-03T22:25:28.963+0000] {logging_mixin.py:188} INFO - [2024-04-03T22:25:28.963+0000] {dagbag.py:540} INFO - Filling up the DagBag from /home/airflow/.local/lib/python3.8/site-packages/airflow/example_dags/example_python_operator.py
[2024-04-03T22:25:28.970+0000] {processor.py:840} INFO - DAG(s) 'example_python_operator' retrieved from /home/airflow/.local/lib/python3.8/site-packages/airflow/example_dags/example_python_operator.py
[2024-04-03T22:25:29.033+0000] {logging_mixin.py:188} INFO - [2024-04-03T22:25:29.033+0000] {dag.py:3047} INFO - Sync 1 DAGs
[2024-04-03T22:25:29.040+0000] {logging_mixin.py:188} INFO - [2024-04-03T22:25:29.039+0000] {dag.py:3834} INFO - Setting next_dagrun for example_python_operator to None, run_after=None
[2024-04-03T22:25:29.052+0000] {processor.py:183} INFO - Processing /home/airflow/.local/lib/python3.8/site-packages/airflow/example_dags/example_python_operator.py took 0.093 seconds
[2024-04-03T22:25:59.099+0000] {processor.py:161} INFO - Started process (PID=174) to work on /home/airflow/.local/lib/python3.8/site-packages/airflow/example_dags/example_python_operator.py
[2024-04-03T22:25:59.100+0000] {processor.py:830} INFO - Processing file /home/airflow/.local/lib/python3.8/site-packages/airflow/example_dags/example_python_operator.py for tasks to queue
[2024-04-03T22:25:59.101+0000] {logging_mixin.py:188} INFO - [2024-04-03T22:25:59.101+0000] {dagbag.py:540} INFO - Filling up the DagBag from /home/airflow/.local/lib/python3.8/site-packages/airflow/example_dags/example_python_operator.py
[2024-04-03T22:25:59.108+0000] {processor.py:840} INFO - DAG(s) 'example_python_operator' retrieved from /home/airflow/.local/lib/python3.8/site-packages/airflow/example_dags/example_python_operator.py
[2024-04-03T22:25:59.124+0000] {logging_mixin.py:188} INFO - [2024-04-03T22:25:59.124+0000] {dag.py:3047} INFO - Sync 1 DAGs
[2024-04-03T22:25:59.134+0000] {logging_mixin.py:188} INFO - [2024-04-03T22:25:59.134+0000] {dag.py:3834} INFO - Setting next_dagrun for example_python_operator to None, run_after=None
[2024-04-03T22:25:59.147+0000] {processor.py:183} INFO - Processing /home/airflow/.local/lib/python3.8/site-packages/airflow/example_dags/example_python_operator.py took 0.051 seconds
[2024-04-03T22:26:30.347+0000] {processor.py:161} INFO - Started process (PID=229) to work on /home/airflow/.local/lib/python3.8/site-packages/airflow/example_dags/example_python_operator.py
[2024-04-03T22:26:30.348+0000] {processor.py:830} INFO - Processing file /home/airflow/.local/lib/python3.8/site-packages/airflow/example_dags/example_python_operator.py for tasks to queue
[2024-04-03T22:26:30.350+0000] {logging_mixin.py:188} INFO - [2024-04-03T22:26:30.349+0000] {dagbag.py:540} INFO - Filling up the DagBag from /home/airflow/.local/lib/python3.8/site-packages/airflow/example_dags/example_python_operator.py
[2024-04-03T22:26:30.359+0000] {processor.py:840} INFO - DAG(s) 'example_python_operator' retrieved from /home/airflow/.local/lib/python3.8/site-packages/airflow/example_dags/example_python_operator.py
[2024-04-03T22:26:30.375+0000] {logging_mixin.py:188} INFO - [2024-04-03T22:26:30.375+0000] {dag.py:3047} INFO - Sync 1 DAGs
[2024-04-03T22:26:30.383+0000] {logging_mixin.py:188} INFO - [2024-04-03T22:26:30.383+0000] {dag.py:3834} INFO - Setting next_dagrun for example_python_operator to None, run_after=None
[2024-04-03T22:26:30.397+0000] {processor.py:183} INFO - Processing /home/airflow/.local/lib/python3.8/site-packages/airflow/example_dags/example_python_operator.py took 0.053 seconds
[2024-04-03T22:27:00.973+0000] {processor.py:161} INFO - Started process (PID=285) to work on /home/airflow/.local/lib/python3.8/site-packages/airflow/example_dags/example_python_operator.py
[2024-04-03T22:27:00.974+0000] {processor.py:830} INFO - Processing file /home/airflow/.local/lib/python3.8/site-packages/airflow/example_dags/example_python_operator.py for tasks to queue
[2024-04-03T22:27:00.975+0000] {logging_mixin.py:188} INFO - [2024-04-03T22:27:00.975+0000] {dagbag.py:540} INFO - Filling up the DagBag from /home/airflow/.local/lib/python3.8/site-packages/airflow/example_dags/example_python_operator.py
[2024-04-03T22:27:00.982+0000] {processor.py:840} INFO - DAG(s) 'example_python_operator' retrieved from /home/airflow/.local/lib/python3.8/site-packages/airflow/example_dags/example_python_operator.py
[2024-04-03T22:27:01.001+0000] {logging_mixin.py:188} INFO - [2024-04-03T22:27:01.001+0000] {dag.py:3047} INFO - Sync 1 DAGs
[2024-04-03T22:27:01.009+0000] {logging_mixin.py:188} INFO - [2024-04-03T22:27:01.008+0000] {dag.py:3834} INFO - Setting next_dagrun for example_python_operator to None, run_after=None
[2024-04-03T22:27:01.030+0000] {processor.py:183} INFO - Processing /home/airflow/.local/lib/python3.8/site-packages/airflow/example_dags/example_python_operator.py took 0.059 seconds
[2024-04-03T22:27:31.383+0000] {processor.py:161} INFO - Started process (PID=340) to work on /home/airflow/.local/lib/python3.8/site-packages/airflow/example_dags/example_python_operator.py
[2024-04-03T22:27:31.385+0000] {processor.py:830} INFO - Processing file /home/airflow/.local/lib/python3.8/site-packages/airflow/example_dags/example_python_operator.py for tasks to queue
[2024-04-03T22:27:31.386+0000] {logging_mixin.py:188} INFO - [2024-04-03T22:27:31.386+0000] {dagbag.py:540} INFO - Filling up the DagBag from /home/airflow/.local/lib/python3.8/site-packages/airflow/example_dags/example_python_operator.py
[2024-04-03T22:27:31.394+0000] {processor.py:840} INFO - DAG(s) 'example_python_operator' retrieved from /home/airflow/.local/lib/python3.8/site-packages/airflow/example_dags/example_python_operator.py
[2024-04-03T22:27:31.410+0000] {logging_mixin.py:188} INFO - [2024-04-03T22:27:31.410+0000] {dag.py:3047} INFO - Sync 1 DAGs
[2024-04-03T22:27:31.418+0000] {logging_mixin.py:188} INFO - [2024-04-03T22:27:31.418+0000] {dag.py:3834} INFO - Setting next_dagrun for example_python_operator to None, run_after=None
[2024-04-03T22:27:31.432+0000] {processor.py:183} INFO - Processing /home/airflow/.local/lib/python3.8/site-packages/airflow/example_dags/example_python_operator.py took 0.052 seconds
[2024-04-03T22:28:01.582+0000] {processor.py:161} INFO - Started process (PID=395) to work on /home/airflow/.local/lib/python3.8/site-packages/airflow/example_dags/example_python_operator.py
[2024-04-03T22:28:01.584+0000] {processor.py:830} INFO - Processing file /home/airflow/.local/lib/python3.8/site-packages/airflow/example_dags/example_python_operator.py for tasks to queue
[2024-04-03T22:28:01.585+0000] {logging_mixin.py:188} INFO - [2024-04-03T22:28:01.585+0000] {dagbag.py:540} INFO - Filling up the DagBag from /home/airflow/.local/lib/python3.8/site-packages/airflow/example_dags/example_python_operator.py
[2024-04-03T22:28:01.593+0000] {processor.py:840} INFO - DAG(s) 'example_python_operator' retrieved from /home/airflow/.local/lib/python3.8/site-packages/airflow/example_dags/example_python_operator.py
[2024-04-03T22:28:01.608+0000] {logging_mixin.py:188} INFO - [2024-04-03T22:28:01.608+0000] {dag.py:3047} INFO - Sync 1 DAGs
[2024-04-03T22:28:01.616+0000] {logging_mixin.py:188} INFO - [2024-04-03T22:28:01.616+0000] {dag.py:3834} INFO - Setting next_dagrun for example_python_operator to None, run_after=None
[2024-04-03T22:28:01.631+0000] {processor.py:183} INFO - Processing /home/airflow/.local/lib/python3.8/site-packages/airflow/example_dags/example_python_operator.py took 0.051 seconds
[2024-04-03T22:28:32.053+0000] {processor.py:161} INFO - Started process (PID=450) to work on /home/airflow/.local/lib/python3.8/site-packages/airflow/example_dags/example_python_operator.py
[2024-04-03T22:28:32.054+0000] {processor.py:830} INFO - Processing file /home/airflow/.local/lib/python3.8/site-packages/airflow/example_dags/example_python_operator.py for tasks to queue
[2024-04-03T22:28:32.055+0000] {logging_mixin.py:188} INFO - [2024-04-03T22:28:32.055+0000] {dagbag.py:540} INFO - Filling up the DagBag from /home/airflow/.local/lib/python3.8/site-packages/airflow/example_dags/example_python_operator.py
[2024-04-03T22:28:32.063+0000] {processor.py:840} INFO - DAG(s) 'example_python_operator' retrieved from /home/airflow/.local/lib/python3.8/site-packages/airflow/example_dags/example_python_operator.py
[2024-04-03T22:28:32.078+0000] {logging_mixin.py:188} INFO - [2024-04-03T22:28:32.078+0000] {dag.py:3047} INFO - Sync 1 DAGs
[2024-04-03T22:28:32.088+0000] {logging_mixin.py:188} INFO - [2024-04-03T22:28:32.088+0000] {dag.py:3834} INFO - Setting next_dagrun for example_python_operator to None, run_after=None
[2024-04-03T22:28:32.102+0000] {processor.py:183} INFO - Processing /home/airflow/.local/lib/python3.8/site-packages/airflow/example_dags/example_python_operator.py took 0.051 seconds
[2024-04-03T22:29:02.458+0000] {processor.py:161} INFO - Started process (PID=505) to work on /home/airflow/.local/lib/python3.8/site-packages/airflow/example_dags/example_python_operator.py
[2024-04-03T22:29:02.458+0000] {processor.py:830} INFO - Processing file /home/airflow/.local/lib/python3.8/site-packages/airflow/example_dags/example_python_operator.py for tasks to queue
[2024-04-03T22:29:02.460+0000] {logging_mixin.py:188} INFO - [2024-04-03T22:29:02.460+0000] {dagbag.py:540} INFO - Filling up the DagBag from /home/airflow/.local/lib/python3.8/site-packages/airflow/example_dags/example_python_operator.py
[2024-04-03T22:29:02.468+0000] {processor.py:840} INFO - DAG(s) 'example_python_operator' retrieved from /home/airflow/.local/lib/python3.8/site-packages/airflow/example_dags/example_python_operator.py
[2024-04-03T22:29:02.484+0000] {logging_mixin.py:188} INFO - [2024-04-03T22:29:02.484+0000] {dag.py:3047} INFO - Sync 1 DAGs
[2024-04-03T22:29:02.493+0000] {logging_mixin.py:188} INFO - [2024-04-03T22:29:02.493+0000] {dag.py:3834} INFO - Setting next_dagrun for example_python_operator to None, run_after=None
[2024-04-03T22:29:02.507+0000] {processor.py:183} INFO - Processing /home/airflow/.local/lib/python3.8/site-packages/airflow/example_dags/example_python_operator.py took 0.052 seconds
[2024-04-03T22:29:32.894+0000] {processor.py:161} INFO - Started process (PID=560) to work on /home/airflow/.local/lib/python3.8/site-packages/airflow/example_dags/example_python_operator.py
[2024-04-03T22:29:32.894+0000] {processor.py:830} INFO - Processing file /home/airflow/.local/lib/python3.8/site-packages/airflow/example_dags/example_python_operator.py for tasks to queue
[2024-04-03T22:29:32.896+0000] {logging_mixin.py:188} INFO - [2024-04-03T22:29:32.896+0000] {dagbag.py:540} INFO - Filling up the DagBag from /home/airflow/.local/lib/python3.8/site-packages/airflow/example_dags/example_python_operator.py
[2024-04-03T22:29:32.902+0000] {processor.py:840} INFO - DAG(s) 'example_python_operator' retrieved from /home/airflow/.local/lib/python3.8/site-packages/airflow/example_dags/example_python_operator.py
[2024-04-03T22:29:32.917+0000] {logging_mixin.py:188} INFO - [2024-04-03T22:29:32.916+0000] {dag.py:3047} INFO - Sync 1 DAGs
[2024-04-03T22:29:32.925+0000] {logging_mixin.py:188} INFO - [2024-04-03T22:29:32.925+0000] {dag.py:3834} INFO - Setting next_dagrun for example_python_operator to None, run_after=None
[2024-04-03T22:29:32.938+0000] {processor.py:183} INFO - Processing /home/airflow/.local/lib/python3.8/site-packages/airflow/example_dags/example_python_operator.py took 0.046 seconds
[2024-04-03T22:30:03.144+0000] {processor.py:161} INFO - Started process (PID=615) to work on /home/airflow/.local/lib/python3.8/site-packages/airflow/example_dags/example_python_operator.py
[2024-04-03T22:30:03.146+0000] {processor.py:830} INFO - Processing file /home/airflow/.local/lib/python3.8/site-packages/airflow/example_dags/example_python_operator.py for tasks to queue
[2024-04-03T22:30:03.156+0000] {logging_mixin.py:188} INFO - [2024-04-03T22:30:03.156+0000] {dagbag.py:540} INFO - Filling up the DagBag from /home/airflow/.local/lib/python3.8/site-packages/airflow/example_dags/example_python_operator.py
[2024-04-03T22:30:03.167+0000] {processor.py:840} INFO - DAG(s) 'example_python_operator' retrieved from /home/airflow/.local/lib/python3.8/site-packages/airflow/example_dags/example_python_operator.py
[2024-04-03T22:30:03.184+0000] {logging_mixin.py:188} INFO - [2024-04-03T22:30:03.183+0000] {dag.py:3047} INFO - Sync 1 DAGs
[2024-04-03T22:30:03.194+0000] {logging_mixin.py:188} INFO - [2024-04-03T22:30:03.194+0000] {dag.py:3834} INFO - Setting next_dagrun for example_python_operator to None, run_after=None
[2024-04-03T22:30:03.211+0000] {processor.py:183} INFO - Processing /home/airflow/.local/lib/python3.8/site-packages/airflow/example_dags/example_python_operator.py took 0.070 seconds
[2024-04-03T22:30:33.530+0000] {processor.py:161} INFO - Started process (PID=670) to work on /home/airflow/.local/lib/python3.8/site-packages/airflow/example_dags/example_python_operator.py
[2024-04-03T22:30:33.531+0000] {processor.py:830} INFO - Processing file /home/airflow/.local/lib/python3.8/site-packages/airflow/example_dags/example_python_operator.py for tasks to queue
[2024-04-03T22:30:33.532+0000] {logging_mixin.py:188} INFO - [2024-04-03T22:30:33.532+0000] {dagbag.py:540} INFO - Filling up the DagBag from /home/airflow/.local/lib/python3.8/site-packages/airflow/example_dags/example_python_operator.py
[2024-04-03T22:30:33.540+0000] {processor.py:840} INFO - DAG(s) 'example_python_operator' retrieved from /home/airflow/.local/lib/python3.8/site-packages/airflow/example_dags/example_python_operator.py
[2024-04-03T22:30:33.556+0000] {logging_mixin.py:188} INFO - [2024-04-03T22:30:33.556+0000] {dag.py:3047} INFO - Sync 1 DAGs
[2024-04-03T22:30:33.564+0000] {logging_mixin.py:188} INFO - [2024-04-03T22:30:33.564+0000] {dag.py:3834} INFO - Setting next_dagrun for example_python_operator to None, run_after=None
[2024-04-03T22:30:33.578+0000] {processor.py:183} INFO - Processing /home/airflow/.local/lib/python3.8/site-packages/airflow/example_dags/example_python_operator.py took 0.050 seconds
[2024-04-03T22:31:04.056+0000] {processor.py:161} INFO - Started process (PID=725) to work on /home/airflow/.local/lib/python3.8/site-packages/airflow/example_dags/example_python_operator.py
[2024-04-03T22:31:04.058+0000] {processor.py:830} INFO - Processing file /home/airflow/.local/lib/python3.8/site-packages/airflow/example_dags/example_python_operator.py for tasks to queue
[2024-04-03T22:31:04.059+0000] {logging_mixin.py:188} INFO - [2024-04-03T22:31:04.059+0000] {dagbag.py:540} INFO - Filling up the DagBag from /home/airflow/.local/lib/python3.8/site-packages/airflow/example_dags/example_python_operator.py
[2024-04-03T22:31:04.067+0000] {processor.py:840} INFO - DAG(s) 'example_python_operator' retrieved from /home/airflow/.local/lib/python3.8/site-packages/airflow/example_dags/example_python_operator.py
[2024-04-03T22:31:04.084+0000] {logging_mixin.py:188} INFO - [2024-04-03T22:31:04.084+0000] {dag.py:3047} INFO - Sync 1 DAGs
[2024-04-03T22:31:04.092+0000] {logging_mixin.py:188} INFO - [2024-04-03T22:31:04.092+0000] {dag.py:3834} INFO - Setting next_dagrun for example_python_operator to None, run_after=None
[2024-04-03T22:31:04.109+0000] {processor.py:183} INFO - Processing /home/airflow/.local/lib/python3.8/site-packages/airflow/example_dags/example_python_operator.py took 0.055 seconds
[2024-04-03T22:31:34.675+0000] {processor.py:161} INFO - Started process (PID=780) to work on /home/airflow/.local/lib/python3.8/site-packages/airflow/example_dags/example_python_operator.py
[2024-04-03T22:31:34.676+0000] {processor.py:830} INFO - Processing file /home/airflow/.local/lib/python3.8/site-packages/airflow/example_dags/example_python_operator.py for tasks to queue
[2024-04-03T22:31:34.678+0000] {logging_mixin.py:188} INFO - [2024-04-03T22:31:34.678+0000] {dagbag.py:540} INFO - Filling up the DagBag from /home/airflow/.local/lib/python3.8/site-packages/airflow/example_dags/example_python_operator.py
[2024-04-03T22:31:34.685+0000] {processor.py:840} INFO - DAG(s) 'example_python_operator' retrieved from /home/airflow/.local/lib/python3.8/site-packages/airflow/example_dags/example_python_operator.py
[2024-04-03T22:31:34.700+0000] {logging_mixin.py:188} INFO - [2024-04-03T22:31:34.699+0000] {dag.py:3047} INFO - Sync 1 DAGs
[2024-04-03T22:31:34.707+0000] {logging_mixin.py:188} INFO - [2024-04-03T22:31:34.707+0000] {dag.py:3834} INFO - Setting next_dagrun for example_python_operator to None, run_after=None
[2024-04-03T22:31:34.719+0000] {processor.py:183} INFO - Processing /home/airflow/.local/lib/python3.8/site-packages/airflow/example_dags/example_python_operator.py took 0.046 seconds
[2024-04-03T22:32:05.056+0000] {processor.py:161} INFO - Started process (PID=835) to work on /home/airflow/.local/lib/python3.8/site-packages/airflow/example_dags/example_python_operator.py
[2024-04-03T22:32:05.058+0000] {processor.py:830} INFO - Processing file /home/airflow/.local/lib/python3.8/site-packages/airflow/example_dags/example_python_operator.py for tasks to queue
[2024-04-03T22:32:05.061+0000] {logging_mixin.py:188} INFO - [2024-04-03T22:32:05.061+0000] {dagbag.py:540} INFO - Filling up the DagBag from /home/airflow/.local/lib/python3.8/site-packages/airflow/example_dags/example_python_operator.py
[2024-04-03T22:32:05.071+0000] {processor.py:840} INFO - DAG(s) 'example_python_operator' retrieved from /home/airflow/.local/lib/python3.8/site-packages/airflow/example_dags/example_python_operator.py
[2024-04-03T22:32:05.091+0000] {logging_mixin.py:188} INFO - [2024-04-03T22:32:05.091+0000] {dag.py:3047} INFO - Sync 1 DAGs
[2024-04-03T22:32:05.103+0000] {logging_mixin.py:188} INFO - [2024-04-03T22:32:05.103+0000] {dag.py:3834} INFO - Setting next_dagrun for example_python_operator to None, run_after=None
[2024-04-03T22:32:05.120+0000] {processor.py:183} INFO - Processing /home/airflow/.local/lib/python3.8/site-packages/airflow/example_dags/example_python_operator.py took 0.067 seconds
[2024-04-03T22:32:54.305+0000] {processor.py:161} INFO - Started process (PID=65) to work on /home/airflow/.local/lib/python3.8/site-packages/airflow/example_dags/example_python_operator.py
[2024-04-03T22:32:54.306+0000] {processor.py:830} INFO - Processing file /home/airflow/.local/lib/python3.8/site-packages/airflow/example_dags/example_python_operator.py for tasks to queue
[2024-04-03T22:32:54.307+0000] {logging_mixin.py:188} INFO - [2024-04-03T22:32:54.307+0000] {dagbag.py:540} INFO - Filling up the DagBag from /home/airflow/.local/lib/python3.8/site-packages/airflow/example_dags/example_python_operator.py
[2024-04-03T22:32:54.316+0000] {processor.py:840} INFO - DAG(s) 'example_python_operator' retrieved from /home/airflow/.local/lib/python3.8/site-packages/airflow/example_dags/example_python_operator.py
[2024-04-03T22:32:54.326+0000] {logging_mixin.py:188} INFO - [2024-04-03T22:32:54.326+0000] {dag.py:3047} INFO - Sync 1 DAGs
[2024-04-03T22:32:54.340+0000] {logging_mixin.py:188} INFO - [2024-04-03T22:32:54.340+0000] {dag.py:3834} INFO - Setting next_dagrun for example_python_operator to None, run_after=None
[2024-04-03T22:32:54.354+0000] {processor.py:183} INFO - Processing /home/airflow/.local/lib/python3.8/site-packages/airflow/example_dags/example_python_operator.py took 0.051 seconds
[2024-04-03T22:33:25.296+0000] {processor.py:161} INFO - Started process (PID=120) to work on /home/airflow/.local/lib/python3.8/site-packages/airflow/example_dags/example_python_operator.py
[2024-04-03T22:33:25.297+0000] {processor.py:830} INFO - Processing file /home/airflow/.local/lib/python3.8/site-packages/airflow/example_dags/example_python_operator.py for tasks to queue
[2024-04-03T22:33:25.298+0000] {logging_mixin.py:188} INFO - [2024-04-03T22:33:25.298+0000] {dagbag.py:540} INFO - Filling up the DagBag from /home/airflow/.local/lib/python3.8/site-packages/airflow/example_dags/example_python_operator.py
[2024-04-03T22:33:25.305+0000] {processor.py:840} INFO - DAG(s) 'example_python_operator' retrieved from /home/airflow/.local/lib/python3.8/site-packages/airflow/example_dags/example_python_operator.py
[2024-04-03T22:33:25.367+0000] {logging_mixin.py:188} INFO - [2024-04-03T22:33:25.367+0000] {dag.py:3047} INFO - Sync 1 DAGs
[2024-04-03T22:33:25.374+0000] {logging_mixin.py:188} INFO - [2024-04-03T22:33:25.374+0000] {dag.py:3834} INFO - Setting next_dagrun for example_python_operator to None, run_after=None
[2024-04-03T22:33:25.388+0000] {processor.py:183} INFO - Processing /home/airflow/.local/lib/python3.8/site-packages/airflow/example_dags/example_python_operator.py took 0.095 seconds
[2024-04-03T22:33:55.583+0000] {processor.py:161} INFO - Started process (PID=175) to work on /home/airflow/.local/lib/python3.8/site-packages/airflow/example_dags/example_python_operator.py
[2024-04-03T22:33:55.584+0000] {processor.py:830} INFO - Processing file /home/airflow/.local/lib/python3.8/site-packages/airflow/example_dags/example_python_operator.py for tasks to queue
[2024-04-03T22:33:55.586+0000] {logging_mixin.py:188} INFO - [2024-04-03T22:33:55.585+0000] {dagbag.py:540} INFO - Filling up the DagBag from /home/airflow/.local/lib/python3.8/site-packages/airflow/example_dags/example_python_operator.py
[2024-04-03T22:33:55.592+0000] {processor.py:840} INFO - DAG(s) 'example_python_operator' retrieved from /home/airflow/.local/lib/python3.8/site-packages/airflow/example_dags/example_python_operator.py
[2024-04-03T22:33:55.608+0000] {logging_mixin.py:188} INFO - [2024-04-03T22:33:55.607+0000] {dag.py:3047} INFO - Sync 1 DAGs
[2024-04-03T22:33:55.616+0000] {logging_mixin.py:188} INFO - [2024-04-03T22:33:55.615+0000] {dag.py:3834} INFO - Setting next_dagrun for example_python_operator to None, run_after=None
[2024-04-03T22:33:55.628+0000] {processor.py:183} INFO - Processing /home/airflow/.local/lib/python3.8/site-packages/airflow/example_dags/example_python_operator.py took 0.047 seconds
[2024-04-03T22:34:26.248+0000] {processor.py:161} INFO - Started process (PID=230) to work on /home/airflow/.local/lib/python3.8/site-packages/airflow/example_dags/example_python_operator.py
[2024-04-03T22:34:26.249+0000] {processor.py:830} INFO - Processing file /home/airflow/.local/lib/python3.8/site-packages/airflow/example_dags/example_python_operator.py for tasks to queue
[2024-04-03T22:34:26.251+0000] {logging_mixin.py:188} INFO - [2024-04-03T22:34:26.251+0000] {dagbag.py:540} INFO - Filling up the DagBag from /home/airflow/.local/lib/python3.8/site-packages/airflow/example_dags/example_python_operator.py
[2024-04-03T22:34:26.258+0000] {processor.py:840} INFO - DAG(s) 'example_python_operator' retrieved from /home/airflow/.local/lib/python3.8/site-packages/airflow/example_dags/example_python_operator.py
[2024-04-03T22:34:26.275+0000] {logging_mixin.py:188} INFO - [2024-04-03T22:34:26.275+0000] {dag.py:3047} INFO - Sync 1 DAGs
[2024-04-03T22:34:26.286+0000] {logging_mixin.py:188} INFO - [2024-04-03T22:34:26.286+0000] {dag.py:3834} INFO - Setting next_dagrun for example_python_operator to None, run_after=None
[2024-04-03T22:34:26.301+0000] {processor.py:183} INFO - Processing /home/airflow/.local/lib/python3.8/site-packages/airflow/example_dags/example_python_operator.py took 0.055 seconds
[2024-04-03T22:34:56.596+0000] {processor.py:161} INFO - Started process (PID=285) to work on /home/airflow/.local/lib/python3.8/site-packages/airflow/example_dags/example_python_operator.py
[2024-04-03T22:34:56.597+0000] {processor.py:830} INFO - Processing file /home/airflow/.local/lib/python3.8/site-packages/airflow/example_dags/example_python_operator.py for tasks to queue
[2024-04-03T22:34:56.598+0000] {logging_mixin.py:188} INFO - [2024-04-03T22:34:56.598+0000] {dagbag.py:540} INFO - Filling up the DagBag from /home/airflow/.local/lib/python3.8/site-packages/airflow/example_dags/example_python_operator.py
[2024-04-03T22:34:56.605+0000] {processor.py:840} INFO - DAG(s) 'example_python_operator' retrieved from /home/airflow/.local/lib/python3.8/site-packages/airflow/example_dags/example_python_operator.py
[2024-04-03T22:34:56.620+0000] {logging_mixin.py:188} INFO - [2024-04-03T22:34:56.620+0000] {dag.py:3047} INFO - Sync 1 DAGs
[2024-04-03T22:34:56.628+0000] {logging_mixin.py:188} INFO - [2024-04-03T22:34:56.628+0000] {dag.py:3834} INFO - Setting next_dagrun for example_python_operator to None, run_after=None
[2024-04-03T22:34:56.642+0000] {processor.py:183} INFO - Processing /home/airflow/.local/lib/python3.8/site-packages/airflow/example_dags/example_python_operator.py took 0.048 seconds
[2024-04-03T22:35:26.962+0000] {processor.py:161} INFO - Started process (PID=340) to work on /home/airflow/.local/lib/python3.8/site-packages/airflow/example_dags/example_python_operator.py
[2024-04-03T22:35:26.963+0000] {processor.py:830} INFO - Processing file /home/airflow/.local/lib/python3.8/site-packages/airflow/example_dags/example_python_operator.py for tasks to queue
[2024-04-03T22:35:26.964+0000] {logging_mixin.py:188} INFO - [2024-04-03T22:35:26.964+0000] {dagbag.py:540} INFO - Filling up the DagBag from /home/airflow/.local/lib/python3.8/site-packages/airflow/example_dags/example_python_operator.py
[2024-04-03T22:35:26.971+0000] {processor.py:840} INFO - DAG(s) 'example_python_operator' retrieved from /home/airflow/.local/lib/python3.8/site-packages/airflow/example_dags/example_python_operator.py
[2024-04-03T22:35:26.987+0000] {logging_mixin.py:188} INFO - [2024-04-03T22:35:26.987+0000] {dag.py:3047} INFO - Sync 1 DAGs
[2024-04-03T22:35:26.997+0000] {logging_mixin.py:188} INFO - [2024-04-03T22:35:26.997+0000] {dag.py:3834} INFO - Setting next_dagrun for example_python_operator to None, run_after=None
[2024-04-03T22:35:27.012+0000] {processor.py:183} INFO - Processing /home/airflow/.local/lib/python3.8/site-packages/airflow/example_dags/example_python_operator.py took 0.052 seconds
[2024-04-03T22:35:57.487+0000] {processor.py:161} INFO - Started process (PID=395) to work on /home/airflow/.local/lib/python3.8/site-packages/airflow/example_dags/example_python_operator.py
[2024-04-03T22:35:57.489+0000] {processor.py:830} INFO - Processing file /home/airflow/.local/lib/python3.8/site-packages/airflow/example_dags/example_python_operator.py for tasks to queue
[2024-04-03T22:35:57.490+0000] {logging_mixin.py:188} INFO - [2024-04-03T22:35:57.490+0000] {dagbag.py:540} INFO - Filling up the DagBag from /home/airflow/.local/lib/python3.8/site-packages/airflow/example_dags/example_python_operator.py
[2024-04-03T22:35:57.497+0000] {processor.py:840} INFO - DAG(s) 'example_python_operator' retrieved from /home/airflow/.local/lib/python3.8/site-packages/airflow/example_dags/example_python_operator.py
[2024-04-03T22:35:57.512+0000] {logging_mixin.py:188} INFO - [2024-04-03T22:35:57.512+0000] {dag.py:3047} INFO - Sync 1 DAGs
[2024-04-03T22:35:57.520+0000] {logging_mixin.py:188} INFO - [2024-04-03T22:35:57.520+0000] {dag.py:3834} INFO - Setting next_dagrun for example_python_operator to None, run_after=None
[2024-04-03T22:35:57.536+0000] {processor.py:183} INFO - Processing /home/airflow/.local/lib/python3.8/site-packages/airflow/example_dags/example_python_operator.py took 0.051 seconds
[2024-04-03T22:36:27.972+0000] {processor.py:161} INFO - Started process (PID=450) to work on /home/airflow/.local/lib/python3.8/site-packages/airflow/example_dags/example_python_operator.py
[2024-04-03T22:36:27.973+0000] {processor.py:830} INFO - Processing file /home/airflow/.local/lib/python3.8/site-packages/airflow/example_dags/example_python_operator.py for tasks to queue
[2024-04-03T22:36:27.974+0000] {logging_mixin.py:188} INFO - [2024-04-03T22:36:27.974+0000] {dagbag.py:540} INFO - Filling up the DagBag from /home/airflow/.local/lib/python3.8/site-packages/airflow/example_dags/example_python_operator.py
[2024-04-03T22:36:27.981+0000] {processor.py:840} INFO - DAG(s) 'example_python_operator' retrieved from /home/airflow/.local/lib/python3.8/site-packages/airflow/example_dags/example_python_operator.py
[2024-04-03T22:36:27.998+0000] {logging_mixin.py:188} INFO - [2024-04-03T22:36:27.998+0000] {dag.py:3047} INFO - Sync 1 DAGs
[2024-04-03T22:36:28.008+0000] {logging_mixin.py:188} INFO - [2024-04-03T22:36:28.008+0000] {dag.py:3834} INFO - Setting next_dagrun for example_python_operator to None, run_after=None
[2024-04-03T22:36:28.021+0000] {processor.py:183} INFO - Processing /home/airflow/.local/lib/python3.8/site-packages/airflow/example_dags/example_python_operator.py took 0.051 seconds
[2024-04-03T22:36:58.194+0000] {processor.py:161} INFO - Started process (PID=505) to work on /home/airflow/.local/lib/python3.8/site-packages/airflow/example_dags/example_python_operator.py
[2024-04-03T22:36:58.195+0000] {processor.py:830} INFO - Processing file /home/airflow/.local/lib/python3.8/site-packages/airflow/example_dags/example_python_operator.py for tasks to queue
[2024-04-03T22:36:58.196+0000] {logging_mixin.py:188} INFO - [2024-04-03T22:36:58.196+0000] {dagbag.py:540} INFO - Filling up the DagBag from /home/airflow/.local/lib/python3.8/site-packages/airflow/example_dags/example_python_operator.py
[2024-04-03T22:36:58.204+0000] {processor.py:840} INFO - DAG(s) 'example_python_operator' retrieved from /home/airflow/.local/lib/python3.8/site-packages/airflow/example_dags/example_python_operator.py
[2024-04-03T22:36:58.221+0000] {logging_mixin.py:188} INFO - [2024-04-03T22:36:58.221+0000] {dag.py:3047} INFO - Sync 1 DAGs
[2024-04-03T22:36:58.229+0000] {logging_mixin.py:188} INFO - [2024-04-03T22:36:58.229+0000] {dag.py:3834} INFO - Setting next_dagrun for example_python_operator to None, run_after=None
[2024-04-03T22:36:58.243+0000] {processor.py:183} INFO - Processing /home/airflow/.local/lib/python3.8/site-packages/airflow/example_dags/example_python_operator.py took 0.051 seconds
[2024-04-03T22:37:28.794+0000] {processor.py:161} INFO - Started process (PID=559) to work on /home/airflow/.local/lib/python3.8/site-packages/airflow/example_dags/example_python_operator.py
[2024-04-03T22:37:28.795+0000] {processor.py:830} INFO - Processing file /home/airflow/.local/lib/python3.8/site-packages/airflow/example_dags/example_python_operator.py for tasks to queue
[2024-04-03T22:37:28.797+0000] {logging_mixin.py:188} INFO - [2024-04-03T22:37:28.797+0000] {dagbag.py:540} INFO - Filling up the DagBag from /home/airflow/.local/lib/python3.8/site-packages/airflow/example_dags/example_python_operator.py
[2024-04-03T22:37:28.804+0000] {processor.py:840} INFO - DAG(s) 'example_python_operator' retrieved from /home/airflow/.local/lib/python3.8/site-packages/airflow/example_dags/example_python_operator.py
[2024-04-03T22:37:28.819+0000] {logging_mixin.py:188} INFO - [2024-04-03T22:37:28.819+0000] {dag.py:3047} INFO - Sync 1 DAGs
[2024-04-03T22:37:28.828+0000] {logging_mixin.py:188} INFO - [2024-04-03T22:37:28.828+0000] {dag.py:3834} INFO - Setting next_dagrun for example_python_operator to None, run_after=None
[2024-04-03T22:37:28.844+0000] {processor.py:183} INFO - Processing /home/airflow/.local/lib/python3.8/site-packages/airflow/example_dags/example_python_operator.py took 0.052 seconds
[2024-04-03T22:37:59.241+0000] {processor.py:161} INFO - Started process (PID=615) to work on /home/airflow/.local/lib/python3.8/site-packages/airflow/example_dags/example_python_operator.py
[2024-04-03T22:37:59.242+0000] {processor.py:830} INFO - Processing file /home/airflow/.local/lib/python3.8/site-packages/airflow/example_dags/example_python_operator.py for tasks to queue
[2024-04-03T22:37:59.244+0000] {logging_mixin.py:188} INFO - [2024-04-03T22:37:59.244+0000] {dagbag.py:540} INFO - Filling up the DagBag from /home/airflow/.local/lib/python3.8/site-packages/airflow/example_dags/example_python_operator.py
[2024-04-03T22:37:59.252+0000] {processor.py:840} INFO - DAG(s) 'example_python_operator' retrieved from /home/airflow/.local/lib/python3.8/site-packages/airflow/example_dags/example_python_operator.py
[2024-04-03T22:37:59.269+0000] {logging_mixin.py:188} INFO - [2024-04-03T22:37:59.269+0000] {dag.py:3047} INFO - Sync 1 DAGs
[2024-04-03T22:37:59.278+0000] {logging_mixin.py:188} INFO - [2024-04-03T22:37:59.278+0000] {dag.py:3834} INFO - Setting next_dagrun for example_python_operator to None, run_after=None
[2024-04-03T22:37:59.293+0000] {processor.py:183} INFO - Processing /home/airflow/.local/lib/python3.8/site-packages/airflow/example_dags/example_python_operator.py took 0.055 seconds
[2024-04-03T22:38:29.594+0000] {processor.py:161} INFO - Started process (PID=670) to work on /home/airflow/.local/lib/python3.8/site-packages/airflow/example_dags/example_python_operator.py
[2024-04-03T22:38:29.595+0000] {processor.py:830} INFO - Processing file /home/airflow/.local/lib/python3.8/site-packages/airflow/example_dags/example_python_operator.py for tasks to queue
[2024-04-03T22:38:29.597+0000] {logging_mixin.py:188} INFO - [2024-04-03T22:38:29.596+0000] {dagbag.py:540} INFO - Filling up the DagBag from /home/airflow/.local/lib/python3.8/site-packages/airflow/example_dags/example_python_operator.py
[2024-04-03T22:38:29.604+0000] {processor.py:840} INFO - DAG(s) 'example_python_operator' retrieved from /home/airflow/.local/lib/python3.8/site-packages/airflow/example_dags/example_python_operator.py
[2024-04-03T22:38:29.618+0000] {logging_mixin.py:188} INFO - [2024-04-03T22:38:29.618+0000] {dag.py:3047} INFO - Sync 1 DAGs
[2024-04-03T22:38:29.627+0000] {logging_mixin.py:188} INFO - [2024-04-03T22:38:29.626+0000] {dag.py:3834} INFO - Setting next_dagrun for example_python_operator to None, run_after=None
[2024-04-03T22:38:29.640+0000] {processor.py:183} INFO - Processing /home/airflow/.local/lib/python3.8/site-packages/airflow/example_dags/example_python_operator.py took 0.048 seconds
[2024-04-03T22:38:59.812+0000] {processor.py:161} INFO - Started process (PID=725) to work on /home/airflow/.local/lib/python3.8/site-packages/airflow/example_dags/example_python_operator.py
[2024-04-03T22:38:59.812+0000] {processor.py:830} INFO - Processing file /home/airflow/.local/lib/python3.8/site-packages/airflow/example_dags/example_python_operator.py for tasks to queue
[2024-04-03T22:38:59.814+0000] {logging_mixin.py:188} INFO - [2024-04-03T22:38:59.814+0000] {dagbag.py:540} INFO - Filling up the DagBag from /home/airflow/.local/lib/python3.8/site-packages/airflow/example_dags/example_python_operator.py
[2024-04-03T22:38:59.821+0000] {processor.py:840} INFO - DAG(s) 'example_python_operator' retrieved from /home/airflow/.local/lib/python3.8/site-packages/airflow/example_dags/example_python_operator.py
[2024-04-03T22:38:59.836+0000] {logging_mixin.py:188} INFO - [2024-04-03T22:38:59.836+0000] {dag.py:3047} INFO - Sync 1 DAGs
[2024-04-03T22:38:59.845+0000] {logging_mixin.py:188} INFO - [2024-04-03T22:38:59.845+0000] {dag.py:3834} INFO - Setting next_dagrun for example_python_operator to None, run_after=None
[2024-04-03T22:38:59.858+0000] {processor.py:183} INFO - Processing /home/airflow/.local/lib/python3.8/site-packages/airflow/example_dags/example_python_operator.py took 0.049 seconds
[2024-04-03T22:39:30.098+0000] {processor.py:161} INFO - Started process (PID=779) to work on /home/airflow/.local/lib/python3.8/site-packages/airflow/example_dags/example_python_operator.py
[2024-04-03T22:39:30.099+0000] {processor.py:830} INFO - Processing file /home/airflow/.local/lib/python3.8/site-packages/airflow/example_dags/example_python_operator.py for tasks to queue
[2024-04-03T22:39:30.101+0000] {logging_mixin.py:188} INFO - [2024-04-03T22:39:30.101+0000] {dagbag.py:540} INFO - Filling up the DagBag from /home/airflow/.local/lib/python3.8/site-packages/airflow/example_dags/example_python_operator.py
[2024-04-03T22:39:30.110+0000] {processor.py:840} INFO - DAG(s) 'example_python_operator' retrieved from /home/airflow/.local/lib/python3.8/site-packages/airflow/example_dags/example_python_operator.py
[2024-04-03T22:39:30.126+0000] {logging_mixin.py:188} INFO - [2024-04-03T22:39:30.126+0000] {dag.py:3047} INFO - Sync 1 DAGs
[2024-04-03T22:39:30.152+0000] {logging_mixin.py:188} INFO - [2024-04-03T22:39:30.151+0000] {dag.py:3834} INFO - Setting next_dagrun for example_python_operator to None, run_after=None
[2024-04-03T22:39:30.164+0000] {processor.py:183} INFO - Processing /home/airflow/.local/lib/python3.8/site-packages/airflow/example_dags/example_python_operator.py took 0.069 seconds
[2024-04-03T22:40:00.459+0000] {processor.py:161} INFO - Started process (PID=834) to work on /home/airflow/.local/lib/python3.8/site-packages/airflow/example_dags/example_python_operator.py
[2024-04-03T22:40:00.461+0000] {processor.py:830} INFO - Processing file /home/airflow/.local/lib/python3.8/site-packages/airflow/example_dags/example_python_operator.py for tasks to queue
[2024-04-03T22:40:00.462+0000] {logging_mixin.py:188} INFO - [2024-04-03T22:40:00.462+0000] {dagbag.py:540} INFO - Filling up the DagBag from /home/airflow/.local/lib/python3.8/site-packages/airflow/example_dags/example_python_operator.py
[2024-04-03T22:40:00.476+0000] {processor.py:840} INFO - DAG(s) 'example_python_operator' retrieved from /home/airflow/.local/lib/python3.8/site-packages/airflow/example_dags/example_python_operator.py
[2024-04-03T22:40:00.490+0000] {logging_mixin.py:188} INFO - [2024-04-03T22:40:00.490+0000] {dag.py:3047} INFO - Sync 1 DAGs
[2024-04-03T22:40:00.498+0000] {logging_mixin.py:188} INFO - [2024-04-03T22:40:00.498+0000] {dag.py:3834} INFO - Setting next_dagrun for example_python_operator to None, run_after=None
[2024-04-03T22:40:00.512+0000] {processor.py:183} INFO - Processing /home/airflow/.local/lib/python3.8/site-packages/airflow/example_dags/example_python_operator.py took 0.055 seconds
[2024-04-03T22:40:30.842+0000] {processor.py:161} INFO - Started process (PID=889) to work on /home/airflow/.local/lib/python3.8/site-packages/airflow/example_dags/example_python_operator.py
[2024-04-03T22:40:30.843+0000] {processor.py:830} INFO - Processing file /home/airflow/.local/lib/python3.8/site-packages/airflow/example_dags/example_python_operator.py for tasks to queue
[2024-04-03T22:40:30.844+0000] {logging_mixin.py:188} INFO - [2024-04-03T22:40:30.844+0000] {dagbag.py:540} INFO - Filling up the DagBag from /home/airflow/.local/lib/python3.8/site-packages/airflow/example_dags/example_python_operator.py
[2024-04-03T22:40:30.851+0000] {processor.py:840} INFO - DAG(s) 'example_python_operator' retrieved from /home/airflow/.local/lib/python3.8/site-packages/airflow/example_dags/example_python_operator.py
[2024-04-03T22:40:30.865+0000] {logging_mixin.py:188} INFO - [2024-04-03T22:40:30.865+0000] {dag.py:3047} INFO - Sync 1 DAGs
[2024-04-03T22:40:30.874+0000] {logging_mixin.py:188} INFO - [2024-04-03T22:40:30.874+0000] {dag.py:3834} INFO - Setting next_dagrun for example_python_operator to None, run_after=None
[2024-04-03T22:40:30.887+0000] {processor.py:183} INFO - Processing /home/airflow/.local/lib/python3.8/site-packages/airflow/example_dags/example_python_operator.py took 0.048 seconds
[2024-04-03T22:41:01.108+0000] {processor.py:161} INFO - Started process (PID=944) to work on /home/airflow/.local/lib/python3.8/site-packages/airflow/example_dags/example_python_operator.py
[2024-04-03T22:41:01.109+0000] {processor.py:830} INFO - Processing file /home/airflow/.local/lib/python3.8/site-packages/airflow/example_dags/example_python_operator.py for tasks to queue
[2024-04-03T22:41:01.111+0000] {logging_mixin.py:188} INFO - [2024-04-03T22:41:01.110+0000] {dagbag.py:540} INFO - Filling up the DagBag from /home/airflow/.local/lib/python3.8/site-packages/airflow/example_dags/example_python_operator.py
[2024-04-03T22:41:01.118+0000] {processor.py:840} INFO - DAG(s) 'example_python_operator' retrieved from /home/airflow/.local/lib/python3.8/site-packages/airflow/example_dags/example_python_operator.py
[2024-04-03T22:41:01.132+0000] {logging_mixin.py:188} INFO - [2024-04-03T22:41:01.132+0000] {dag.py:3047} INFO - Sync 1 DAGs
[2024-04-03T22:41:01.141+0000] {logging_mixin.py:188} INFO - [2024-04-03T22:41:01.140+0000] {dag.py:3834} INFO - Setting next_dagrun for example_python_operator to None, run_after=None
[2024-04-03T22:41:01.153+0000] {processor.py:183} INFO - Processing /home/airflow/.local/lib/python3.8/site-packages/airflow/example_dags/example_python_operator.py took 0.047 seconds
[2024-04-03T22:41:31.655+0000] {processor.py:161} INFO - Started process (PID=999) to work on /home/airflow/.local/lib/python3.8/site-packages/airflow/example_dags/example_python_operator.py
[2024-04-03T22:41:31.656+0000] {processor.py:830} INFO - Processing file /home/airflow/.local/lib/python3.8/site-packages/airflow/example_dags/example_python_operator.py for tasks to queue
[2024-04-03T22:41:31.658+0000] {logging_mixin.py:188} INFO - [2024-04-03T22:41:31.658+0000] {dagbag.py:540} INFO - Filling up the DagBag from /home/airflow/.local/lib/python3.8/site-packages/airflow/example_dags/example_python_operator.py
[2024-04-03T22:41:31.666+0000] {processor.py:840} INFO - DAG(s) 'example_python_operator' retrieved from /home/airflow/.local/lib/python3.8/site-packages/airflow/example_dags/example_python_operator.py
[2024-04-03T22:41:31.681+0000] {logging_mixin.py:188} INFO - [2024-04-03T22:41:31.681+0000] {dag.py:3047} INFO - Sync 1 DAGs
[2024-04-03T22:41:31.689+0000] {logging_mixin.py:188} INFO - [2024-04-03T22:41:31.689+0000] {dag.py:3834} INFO - Setting next_dagrun for example_python_operator to None, run_after=None
[2024-04-03T22:41:31.701+0000] {processor.py:183} INFO - Processing /home/airflow/.local/lib/python3.8/site-packages/airflow/example_dags/example_python_operator.py took 0.047 seconds
[2024-04-03T22:42:02.070+0000] {processor.py:161} INFO - Started process (PID=1054) to work on /home/airflow/.local/lib/python3.8/site-packages/airflow/example_dags/example_python_operator.py
[2024-04-03T22:42:02.072+0000] {processor.py:830} INFO - Processing file /home/airflow/.local/lib/python3.8/site-packages/airflow/example_dags/example_python_operator.py for tasks to queue
[2024-04-03T22:42:02.073+0000] {logging_mixin.py:188} INFO - [2024-04-03T22:42:02.073+0000] {dagbag.py:540} INFO - Filling up the DagBag from /home/airflow/.local/lib/python3.8/site-packages/airflow/example_dags/example_python_operator.py
[2024-04-03T22:42:02.080+0000] {processor.py:840} INFO - DAG(s) 'example_python_operator' retrieved from /home/airflow/.local/lib/python3.8/site-packages/airflow/example_dags/example_python_operator.py
[2024-04-03T22:42:02.096+0000] {logging_mixin.py:188} INFO - [2024-04-03T22:42:02.095+0000] {dag.py:3047} INFO - Sync 1 DAGs
[2024-04-03T22:42:02.104+0000] {logging_mixin.py:188} INFO - [2024-04-03T22:42:02.104+0000] {dag.py:3834} INFO - Setting next_dagrun for example_python_operator to None, run_after=None
[2024-04-03T22:42:02.116+0000] {processor.py:183} INFO - Processing /home/airflow/.local/lib/python3.8/site-packages/airflow/example_dags/example_python_operator.py took 0.048 seconds
[2024-04-03T22:42:32.434+0000] {processor.py:161} INFO - Started process (PID=1109) to work on /home/airflow/.local/lib/python3.8/site-packages/airflow/example_dags/example_python_operator.py
[2024-04-03T22:42:32.436+0000] {processor.py:830} INFO - Processing file /home/airflow/.local/lib/python3.8/site-packages/airflow/example_dags/example_python_operator.py for tasks to queue
[2024-04-03T22:42:32.437+0000] {logging_mixin.py:188} INFO - [2024-04-03T22:42:32.437+0000] {dagbag.py:540} INFO - Filling up the DagBag from /home/airflow/.local/lib/python3.8/site-packages/airflow/example_dags/example_python_operator.py
[2024-04-03T22:42:32.445+0000] {processor.py:840} INFO - DAG(s) 'example_python_operator' retrieved from /home/airflow/.local/lib/python3.8/site-packages/airflow/example_dags/example_python_operator.py
[2024-04-03T22:42:32.465+0000] {logging_mixin.py:188} INFO - [2024-04-03T22:42:32.464+0000] {dag.py:3047} INFO - Sync 1 DAGs
[2024-04-03T22:42:32.474+0000] {logging_mixin.py:188} INFO - [2024-04-03T22:42:32.474+0000] {dag.py:3834} INFO - Setting next_dagrun for example_python_operator to None, run_after=None
[2024-04-03T22:42:32.490+0000] {processor.py:183} INFO - Processing /home/airflow/.local/lib/python3.8/site-packages/airflow/example_dags/example_python_operator.py took 0.058 seconds
