[2024-04-03T22:24:58.967+0000] {processor.py:161} INFO - Started process (PID=69) to work on /home/airflow/.local/lib/python3.8/site-packages/airflow/example_dags/example_bash_operator.py
[2024-04-03T22:24:58.968+0000] {processor.py:830} INFO - Processing file /home/airflow/.local/lib/python3.8/site-packages/airflow/example_dags/example_bash_operator.py for tasks to queue
[2024-04-03T22:24:58.970+0000] {logging_mixin.py:188} INFO - [2024-04-03T22:24:58.970+0000] {dagbag.py:540} INFO - Filling up the DagBag from /home/airflow/.local/lib/python3.8/site-packages/airflow/example_dags/example_bash_operator.py
[2024-04-03T22:24:58.983+0000] {processor.py:840} INFO - DAG(s) 'example_bash_operator' retrieved from /home/airflow/.local/lib/python3.8/site-packages/airflow/example_dags/example_bash_operator.py
[2024-04-03T22:24:58.994+0000] {logging_mixin.py:188} INFO - [2024-04-03T22:24:58.993+0000] {dag.py:3047} INFO - Sync 1 DAGs
[2024-04-03T22:24:59.014+0000] {logging_mixin.py:188} INFO - [2024-04-03T22:24:59.014+0000] {dag.py:3834} INFO - Setting next_dagrun for example_bash_operator to 2024-04-02 00:00:00+00:00, run_after=2024-04-03 00:00:00+00:00
[2024-04-03T22:24:59.034+0000] {processor.py:183} INFO - Processing /home/airflow/.local/lib/python3.8/site-packages/airflow/example_dags/example_bash_operator.py took 0.070 seconds
[2024-04-03T22:25:29.385+0000] {processor.py:161} INFO - Started process (PID=124) to work on /home/airflow/.local/lib/python3.8/site-packages/airflow/example_dags/example_bash_operator.py
[2024-04-03T22:25:29.386+0000] {processor.py:830} INFO - Processing file /home/airflow/.local/lib/python3.8/site-packages/airflow/example_dags/example_bash_operator.py for tasks to queue
[2024-04-03T22:25:29.388+0000] {logging_mixin.py:188} INFO - [2024-04-03T22:25:29.387+0000] {dagbag.py:540} INFO - Filling up the DagBag from /home/airflow/.local/lib/python3.8/site-packages/airflow/example_dags/example_bash_operator.py
[2024-04-03T22:25:29.395+0000] {processor.py:840} INFO - DAG(s) 'example_bash_operator' retrieved from /home/airflow/.local/lib/python3.8/site-packages/airflow/example_dags/example_bash_operator.py
[2024-04-03T22:25:29.464+0000] {logging_mixin.py:188} INFO - [2024-04-03T22:25:29.464+0000] {dag.py:3047} INFO - Sync 1 DAGs
[2024-04-03T22:25:29.477+0000] {logging_mixin.py:188} INFO - [2024-04-03T22:25:29.477+0000] {dag.py:3834} INFO - Setting next_dagrun for example_bash_operator to 2024-04-02 00:00:00+00:00, run_after=2024-04-03 00:00:00+00:00
[2024-04-03T22:25:29.493+0000] {processor.py:183} INFO - Processing /home/airflow/.local/lib/python3.8/site-packages/airflow/example_dags/example_bash_operator.py took 0.109 seconds
[2024-04-03T22:26:00.399+0000] {processor.py:161} INFO - Started process (PID=179) to work on /home/airflow/.local/lib/python3.8/site-packages/airflow/example_dags/example_bash_operator.py
[2024-04-03T22:26:00.400+0000] {processor.py:830} INFO - Processing file /home/airflow/.local/lib/python3.8/site-packages/airflow/example_dags/example_bash_operator.py for tasks to queue
[2024-04-03T22:26:00.402+0000] {logging_mixin.py:188} INFO - [2024-04-03T22:26:00.401+0000] {dagbag.py:540} INFO - Filling up the DagBag from /home/airflow/.local/lib/python3.8/site-packages/airflow/example_dags/example_bash_operator.py
[2024-04-03T22:26:00.410+0000] {processor.py:840} INFO - DAG(s) 'example_bash_operator' retrieved from /home/airflow/.local/lib/python3.8/site-packages/airflow/example_dags/example_bash_operator.py
[2024-04-03T22:26:00.434+0000] {logging_mixin.py:188} INFO - [2024-04-03T22:26:00.434+0000] {dag.py:3047} INFO - Sync 1 DAGs
[2024-04-03T22:26:00.450+0000] {logging_mixin.py:188} INFO - [2024-04-03T22:26:00.450+0000] {dag.py:3834} INFO - Setting next_dagrun for example_bash_operator to 2024-04-02 00:00:00+00:00, run_after=2024-04-03 00:00:00+00:00
[2024-04-03T22:26:00.464+0000] {processor.py:183} INFO - Processing /home/airflow/.local/lib/python3.8/site-packages/airflow/example_dags/example_bash_operator.py took 0.068 seconds
[2024-04-03T22:26:30.620+0000] {processor.py:161} INFO - Started process (PID=234) to work on /home/airflow/.local/lib/python3.8/site-packages/airflow/example_dags/example_bash_operator.py
[2024-04-03T22:26:30.622+0000] {processor.py:830} INFO - Processing file /home/airflow/.local/lib/python3.8/site-packages/airflow/example_dags/example_bash_operator.py for tasks to queue
[2024-04-03T22:26:30.623+0000] {logging_mixin.py:188} INFO - [2024-04-03T22:26:30.623+0000] {dagbag.py:540} INFO - Filling up the DagBag from /home/airflow/.local/lib/python3.8/site-packages/airflow/example_dags/example_bash_operator.py
[2024-04-03T22:26:30.633+0000] {processor.py:840} INFO - DAG(s) 'example_bash_operator' retrieved from /home/airflow/.local/lib/python3.8/site-packages/airflow/example_dags/example_bash_operator.py
[2024-04-03T22:26:30.656+0000] {logging_mixin.py:188} INFO - [2024-04-03T22:26:30.656+0000] {dag.py:3047} INFO - Sync 1 DAGs
[2024-04-03T22:26:30.674+0000] {logging_mixin.py:188} INFO - [2024-04-03T22:26:30.674+0000] {dag.py:3834} INFO - Setting next_dagrun for example_bash_operator to 2024-04-02 00:00:00+00:00, run_after=2024-04-03 00:00:00+00:00
[2024-04-03T22:26:30.688+0000] {processor.py:183} INFO - Processing /home/airflow/.local/lib/python3.8/site-packages/airflow/example_dags/example_bash_operator.py took 0.070 seconds
[2024-04-03T22:27:01.225+0000] {processor.py:161} INFO - Started process (PID=289) to work on /home/airflow/.local/lib/python3.8/site-packages/airflow/example_dags/example_bash_operator.py
[2024-04-03T22:27:01.226+0000] {processor.py:830} INFO - Processing file /home/airflow/.local/lib/python3.8/site-packages/airflow/example_dags/example_bash_operator.py for tasks to queue
[2024-04-03T22:27:01.227+0000] {logging_mixin.py:188} INFO - [2024-04-03T22:27:01.227+0000] {dagbag.py:540} INFO - Filling up the DagBag from /home/airflow/.local/lib/python3.8/site-packages/airflow/example_dags/example_bash_operator.py
[2024-04-03T22:27:01.236+0000] {processor.py:840} INFO - DAG(s) 'example_bash_operator' retrieved from /home/airflow/.local/lib/python3.8/site-packages/airflow/example_dags/example_bash_operator.py
[2024-04-03T22:27:01.257+0000] {logging_mixin.py:188} INFO - [2024-04-03T22:27:01.257+0000] {dag.py:3047} INFO - Sync 1 DAGs
[2024-04-03T22:27:01.271+0000] {logging_mixin.py:188} INFO - [2024-04-03T22:27:01.271+0000] {dag.py:3834} INFO - Setting next_dagrun for example_bash_operator to 2024-04-02 00:00:00+00:00, run_after=2024-04-03 00:00:00+00:00
[2024-04-03T22:27:01.284+0000] {processor.py:183} INFO - Processing /home/airflow/.local/lib/python3.8/site-packages/airflow/example_dags/example_bash_operator.py took 0.062 seconds
[2024-04-03T22:27:31.633+0000] {processor.py:161} INFO - Started process (PID=344) to work on /home/airflow/.local/lib/python3.8/site-packages/airflow/example_dags/example_bash_operator.py
[2024-04-03T22:27:31.634+0000] {processor.py:830} INFO - Processing file /home/airflow/.local/lib/python3.8/site-packages/airflow/example_dags/example_bash_operator.py for tasks to queue
[2024-04-03T22:27:31.636+0000] {logging_mixin.py:188} INFO - [2024-04-03T22:27:31.636+0000] {dagbag.py:540} INFO - Filling up the DagBag from /home/airflow/.local/lib/python3.8/site-packages/airflow/example_dags/example_bash_operator.py
[2024-04-03T22:27:31.644+0000] {processor.py:840} INFO - DAG(s) 'example_bash_operator' retrieved from /home/airflow/.local/lib/python3.8/site-packages/airflow/example_dags/example_bash_operator.py
[2024-04-03T22:27:31.667+0000] {logging_mixin.py:188} INFO - [2024-04-03T22:27:31.666+0000] {dag.py:3047} INFO - Sync 1 DAGs
[2024-04-03T22:27:31.683+0000] {logging_mixin.py:188} INFO - [2024-04-03T22:27:31.683+0000] {dag.py:3834} INFO - Setting next_dagrun for example_bash_operator to 2024-04-02 00:00:00+00:00, run_after=2024-04-03 00:00:00+00:00
[2024-04-03T22:27:31.697+0000] {processor.py:183} INFO - Processing /home/airflow/.local/lib/python3.8/site-packages/airflow/example_dags/example_bash_operator.py took 0.067 seconds
[2024-04-03T22:28:01.837+0000] {processor.py:161} INFO - Started process (PID=399) to work on /home/airflow/.local/lib/python3.8/site-packages/airflow/example_dags/example_bash_operator.py
[2024-04-03T22:28:01.838+0000] {processor.py:830} INFO - Processing file /home/airflow/.local/lib/python3.8/site-packages/airflow/example_dags/example_bash_operator.py for tasks to queue
[2024-04-03T22:28:01.840+0000] {logging_mixin.py:188} INFO - [2024-04-03T22:28:01.840+0000] {dagbag.py:540} INFO - Filling up the DagBag from /home/airflow/.local/lib/python3.8/site-packages/airflow/example_dags/example_bash_operator.py
[2024-04-03T22:28:01.849+0000] {processor.py:840} INFO - DAG(s) 'example_bash_operator' retrieved from /home/airflow/.local/lib/python3.8/site-packages/airflow/example_dags/example_bash_operator.py
[2024-04-03T22:28:01.872+0000] {logging_mixin.py:188} INFO - [2024-04-03T22:28:01.871+0000] {dag.py:3047} INFO - Sync 1 DAGs
[2024-04-03T22:28:01.888+0000] {logging_mixin.py:188} INFO - [2024-04-03T22:28:01.888+0000] {dag.py:3834} INFO - Setting next_dagrun for example_bash_operator to 2024-04-02 00:00:00+00:00, run_after=2024-04-03 00:00:00+00:00
[2024-04-03T22:28:01.901+0000] {processor.py:183} INFO - Processing /home/airflow/.local/lib/python3.8/site-packages/airflow/example_dags/example_bash_operator.py took 0.066 seconds
[2024-04-03T22:28:32.242+0000] {processor.py:161} INFO - Started process (PID=454) to work on /home/airflow/.local/lib/python3.8/site-packages/airflow/example_dags/example_bash_operator.py
[2024-04-03T22:28:32.243+0000] {processor.py:830} INFO - Processing file /home/airflow/.local/lib/python3.8/site-packages/airflow/example_dags/example_bash_operator.py for tasks to queue
[2024-04-03T22:28:32.245+0000] {logging_mixin.py:188} INFO - [2024-04-03T22:28:32.245+0000] {dagbag.py:540} INFO - Filling up the DagBag from /home/airflow/.local/lib/python3.8/site-packages/airflow/example_dags/example_bash_operator.py
[2024-04-03T22:28:32.253+0000] {processor.py:840} INFO - DAG(s) 'example_bash_operator' retrieved from /home/airflow/.local/lib/python3.8/site-packages/airflow/example_dags/example_bash_operator.py
[2024-04-03T22:28:32.276+0000] {logging_mixin.py:188} INFO - [2024-04-03T22:28:32.276+0000] {dag.py:3047} INFO - Sync 1 DAGs
[2024-04-03T22:28:32.293+0000] {logging_mixin.py:188} INFO - [2024-04-03T22:28:32.293+0000] {dag.py:3834} INFO - Setting next_dagrun for example_bash_operator to 2024-04-02 00:00:00+00:00, run_after=2024-04-03 00:00:00+00:00
[2024-04-03T22:28:32.308+0000] {processor.py:183} INFO - Processing /home/airflow/.local/lib/python3.8/site-packages/airflow/example_dags/example_bash_operator.py took 0.069 seconds
[2024-04-03T22:29:02.710+0000] {processor.py:161} INFO - Started process (PID=509) to work on /home/airflow/.local/lib/python3.8/site-packages/airflow/example_dags/example_bash_operator.py
[2024-04-03T22:29:02.711+0000] {processor.py:830} INFO - Processing file /home/airflow/.local/lib/python3.8/site-packages/airflow/example_dags/example_bash_operator.py for tasks to queue
[2024-04-03T22:29:02.712+0000] {logging_mixin.py:188} INFO - [2024-04-03T22:29:02.712+0000] {dagbag.py:540} INFO - Filling up the DagBag from /home/airflow/.local/lib/python3.8/site-packages/airflow/example_dags/example_bash_operator.py
[2024-04-03T22:29:02.721+0000] {processor.py:840} INFO - DAG(s) 'example_bash_operator' retrieved from /home/airflow/.local/lib/python3.8/site-packages/airflow/example_dags/example_bash_operator.py
[2024-04-03T22:29:02.742+0000] {logging_mixin.py:188} INFO - [2024-04-03T22:29:02.742+0000] {dag.py:3047} INFO - Sync 1 DAGs
[2024-04-03T22:29:02.759+0000] {logging_mixin.py:188} INFO - [2024-04-03T22:29:02.758+0000] {dag.py:3834} INFO - Setting next_dagrun for example_bash_operator to 2024-04-02 00:00:00+00:00, run_after=2024-04-03 00:00:00+00:00
[2024-04-03T22:29:02.773+0000] {processor.py:183} INFO - Processing /home/airflow/.local/lib/python3.8/site-packages/airflow/example_dags/example_bash_operator.py took 0.065 seconds
[2024-04-03T22:29:33.078+0000] {processor.py:161} INFO - Started process (PID=564) to work on /home/airflow/.local/lib/python3.8/site-packages/airflow/example_dags/example_bash_operator.py
[2024-04-03T22:29:33.079+0000] {processor.py:830} INFO - Processing file /home/airflow/.local/lib/python3.8/site-packages/airflow/example_dags/example_bash_operator.py for tasks to queue
[2024-04-03T22:29:33.080+0000] {logging_mixin.py:188} INFO - [2024-04-03T22:29:33.080+0000] {dagbag.py:540} INFO - Filling up the DagBag from /home/airflow/.local/lib/python3.8/site-packages/airflow/example_dags/example_bash_operator.py
[2024-04-03T22:29:33.088+0000] {processor.py:840} INFO - DAG(s) 'example_bash_operator' retrieved from /home/airflow/.local/lib/python3.8/site-packages/airflow/example_dags/example_bash_operator.py
[2024-04-03T22:29:33.108+0000] {logging_mixin.py:188} INFO - [2024-04-03T22:29:33.107+0000] {dag.py:3047} INFO - Sync 1 DAGs
[2024-04-03T22:29:33.122+0000] {logging_mixin.py:188} INFO - [2024-04-03T22:29:33.122+0000] {dag.py:3834} INFO - Setting next_dagrun for example_bash_operator to 2024-04-02 00:00:00+00:00, run_after=2024-04-03 00:00:00+00:00
[2024-04-03T22:29:33.136+0000] {processor.py:183} INFO - Processing /home/airflow/.local/lib/python3.8/site-packages/airflow/example_dags/example_bash_operator.py took 0.060 seconds
[2024-04-03T22:30:03.357+0000] {processor.py:161} INFO - Started process (PID=619) to work on /home/airflow/.local/lib/python3.8/site-packages/airflow/example_dags/example_bash_operator.py
[2024-04-03T22:30:03.359+0000] {processor.py:830} INFO - Processing file /home/airflow/.local/lib/python3.8/site-packages/airflow/example_dags/example_bash_operator.py for tasks to queue
[2024-04-03T22:30:03.361+0000] {logging_mixin.py:188} INFO - [2024-04-03T22:30:03.361+0000] {dagbag.py:540} INFO - Filling up the DagBag from /home/airflow/.local/lib/python3.8/site-packages/airflow/example_dags/example_bash_operator.py
[2024-04-03T22:30:03.369+0000] {processor.py:840} INFO - DAG(s) 'example_bash_operator' retrieved from /home/airflow/.local/lib/python3.8/site-packages/airflow/example_dags/example_bash_operator.py
[2024-04-03T22:30:03.395+0000] {logging_mixin.py:188} INFO - [2024-04-03T22:30:03.394+0000] {dag.py:3047} INFO - Sync 1 DAGs
[2024-04-03T22:30:03.414+0000] {logging_mixin.py:188} INFO - [2024-04-03T22:30:03.414+0000] {dag.py:3834} INFO - Setting next_dagrun for example_bash_operator to 2024-04-02 00:00:00+00:00, run_after=2024-04-03 00:00:00+00:00
[2024-04-03T22:30:03.432+0000] {processor.py:183} INFO - Processing /home/airflow/.local/lib/python3.8/site-packages/airflow/example_dags/example_bash_operator.py took 0.078 seconds
[2024-04-03T22:30:33.712+0000] {processor.py:161} INFO - Started process (PID=674) to work on /home/airflow/.local/lib/python3.8/site-packages/airflow/example_dags/example_bash_operator.py
[2024-04-03T22:30:33.713+0000] {processor.py:830} INFO - Processing file /home/airflow/.local/lib/python3.8/site-packages/airflow/example_dags/example_bash_operator.py for tasks to queue
[2024-04-03T22:30:33.715+0000] {logging_mixin.py:188} INFO - [2024-04-03T22:30:33.715+0000] {dagbag.py:540} INFO - Filling up the DagBag from /home/airflow/.local/lib/python3.8/site-packages/airflow/example_dags/example_bash_operator.py
[2024-04-03T22:30:33.723+0000] {processor.py:840} INFO - DAG(s) 'example_bash_operator' retrieved from /home/airflow/.local/lib/python3.8/site-packages/airflow/example_dags/example_bash_operator.py
[2024-04-03T22:30:33.745+0000] {logging_mixin.py:188} INFO - [2024-04-03T22:30:33.745+0000] {dag.py:3047} INFO - Sync 1 DAGs
[2024-04-03T22:30:33.761+0000] {logging_mixin.py:188} INFO - [2024-04-03T22:30:33.761+0000] {dag.py:3834} INFO - Setting next_dagrun for example_bash_operator to 2024-04-02 00:00:00+00:00, run_after=2024-04-03 00:00:00+00:00
[2024-04-03T22:30:33.778+0000] {processor.py:183} INFO - Processing /home/airflow/.local/lib/python3.8/site-packages/airflow/example_dags/example_bash_operator.py took 0.068 seconds
[2024-04-03T22:31:04.256+0000] {processor.py:161} INFO - Started process (PID=729) to work on /home/airflow/.local/lib/python3.8/site-packages/airflow/example_dags/example_bash_operator.py
[2024-04-03T22:31:04.257+0000] {processor.py:830} INFO - Processing file /home/airflow/.local/lib/python3.8/site-packages/airflow/example_dags/example_bash_operator.py for tasks to queue
[2024-04-03T22:31:04.258+0000] {logging_mixin.py:188} INFO - [2024-04-03T22:31:04.258+0000] {dagbag.py:540} INFO - Filling up the DagBag from /home/airflow/.local/lib/python3.8/site-packages/airflow/example_dags/example_bash_operator.py
[2024-04-03T22:31:04.266+0000] {processor.py:840} INFO - DAG(s) 'example_bash_operator' retrieved from /home/airflow/.local/lib/python3.8/site-packages/airflow/example_dags/example_bash_operator.py
[2024-04-03T22:31:04.290+0000] {logging_mixin.py:188} INFO - [2024-04-03T22:31:04.290+0000] {dag.py:3047} INFO - Sync 1 DAGs
[2024-04-03T22:31:04.308+0000] {logging_mixin.py:188} INFO - [2024-04-03T22:31:04.308+0000] {dag.py:3834} INFO - Setting next_dagrun for example_bash_operator to 2024-04-02 00:00:00+00:00, run_after=2024-04-03 00:00:00+00:00
[2024-04-03T22:31:04.321+0000] {processor.py:183} INFO - Processing /home/airflow/.local/lib/python3.8/site-packages/airflow/example_dags/example_bash_operator.py took 0.068 seconds
[2024-04-03T22:31:34.849+0000] {processor.py:161} INFO - Started process (PID=784) to work on /home/airflow/.local/lib/python3.8/site-packages/airflow/example_dags/example_bash_operator.py
[2024-04-03T22:31:34.850+0000] {processor.py:830} INFO - Processing file /home/airflow/.local/lib/python3.8/site-packages/airflow/example_dags/example_bash_operator.py for tasks to queue
[2024-04-03T22:31:34.852+0000] {logging_mixin.py:188} INFO - [2024-04-03T22:31:34.851+0000] {dagbag.py:540} INFO - Filling up the DagBag from /home/airflow/.local/lib/python3.8/site-packages/airflow/example_dags/example_bash_operator.py
[2024-04-03T22:31:34.859+0000] {processor.py:840} INFO - DAG(s) 'example_bash_operator' retrieved from /home/airflow/.local/lib/python3.8/site-packages/airflow/example_dags/example_bash_operator.py
[2024-04-03T22:31:34.879+0000] {logging_mixin.py:188} INFO - [2024-04-03T22:31:34.879+0000] {dag.py:3047} INFO - Sync 1 DAGs
[2024-04-03T22:31:34.893+0000] {logging_mixin.py:188} INFO - [2024-04-03T22:31:34.893+0000] {dag.py:3834} INFO - Setting next_dagrun for example_bash_operator to 2024-04-02 00:00:00+00:00, run_after=2024-04-03 00:00:00+00:00
[2024-04-03T22:31:34.904+0000] {processor.py:183} INFO - Processing /home/airflow/.local/lib/python3.8/site-packages/airflow/example_dags/example_bash_operator.py took 0.056 seconds
[2024-04-03T22:32:54.498+0000] {processor.py:161} INFO - Started process (PID=69) to work on /home/airflow/.local/lib/python3.8/site-packages/airflow/example_dags/example_bash_operator.py
[2024-04-03T22:32:54.498+0000] {processor.py:830} INFO - Processing file /home/airflow/.local/lib/python3.8/site-packages/airflow/example_dags/example_bash_operator.py for tasks to queue
[2024-04-03T22:32:54.500+0000] {logging_mixin.py:188} INFO - [2024-04-03T22:32:54.500+0000] {dagbag.py:540} INFO - Filling up the DagBag from /home/airflow/.local/lib/python3.8/site-packages/airflow/example_dags/example_bash_operator.py
[2024-04-03T22:32:54.509+0000] {processor.py:840} INFO - DAG(s) 'example_bash_operator' retrieved from /home/airflow/.local/lib/python3.8/site-packages/airflow/example_dags/example_bash_operator.py
[2024-04-03T22:32:54.517+0000] {logging_mixin.py:188} INFO - [2024-04-03T22:32:54.517+0000] {dag.py:3047} INFO - Sync 1 DAGs
[2024-04-03T22:32:54.533+0000] {logging_mixin.py:188} INFO - [2024-04-03T22:32:54.532+0000] {dag.py:3834} INFO - Setting next_dagrun for example_bash_operator to 2024-04-02 00:00:00+00:00, run_after=2024-04-03 00:00:00+00:00
[2024-04-03T22:32:54.547+0000] {processor.py:183} INFO - Processing /home/airflow/.local/lib/python3.8/site-packages/airflow/example_dags/example_bash_operator.py took 0.051 seconds
[2024-04-03T22:33:25.680+0000] {processor.py:161} INFO - Started process (PID=124) to work on /home/airflow/.local/lib/python3.8/site-packages/airflow/example_dags/example_bash_operator.py
[2024-04-03T22:33:25.681+0000] {processor.py:830} INFO - Processing file /home/airflow/.local/lib/python3.8/site-packages/airflow/example_dags/example_bash_operator.py for tasks to queue
[2024-04-03T22:33:25.682+0000] {logging_mixin.py:188} INFO - [2024-04-03T22:33:25.682+0000] {dagbag.py:540} INFO - Filling up the DagBag from /home/airflow/.local/lib/python3.8/site-packages/airflow/example_dags/example_bash_operator.py
[2024-04-03T22:33:25.690+0000] {processor.py:840} INFO - DAG(s) 'example_bash_operator' retrieved from /home/airflow/.local/lib/python3.8/site-packages/airflow/example_dags/example_bash_operator.py
[2024-04-03T22:33:25.765+0000] {logging_mixin.py:188} INFO - [2024-04-03T22:33:25.765+0000] {dag.py:3047} INFO - Sync 1 DAGs
[2024-04-03T22:33:25.779+0000] {logging_mixin.py:188} INFO - [2024-04-03T22:33:25.779+0000] {dag.py:3834} INFO - Setting next_dagrun for example_bash_operator to 2024-04-02 00:00:00+00:00, run_after=2024-04-03 00:00:00+00:00
[2024-04-03T22:33:25.793+0000] {processor.py:183} INFO - Processing /home/airflow/.local/lib/python3.8/site-packages/airflow/example_dags/example_bash_operator.py took 0.115 seconds
[2024-04-03T22:33:55.824+0000] {processor.py:161} INFO - Started process (PID=179) to work on /home/airflow/.local/lib/python3.8/site-packages/airflow/example_dags/example_bash_operator.py
[2024-04-03T22:33:55.825+0000] {processor.py:830} INFO - Processing file /home/airflow/.local/lib/python3.8/site-packages/airflow/example_dags/example_bash_operator.py for tasks to queue
[2024-04-03T22:33:55.826+0000] {logging_mixin.py:188} INFO - [2024-04-03T22:33:55.826+0000] {dagbag.py:540} INFO - Filling up the DagBag from /home/airflow/.local/lib/python3.8/site-packages/airflow/example_dags/example_bash_operator.py
[2024-04-03T22:33:55.835+0000] {processor.py:840} INFO - DAG(s) 'example_bash_operator' retrieved from /home/airflow/.local/lib/python3.8/site-packages/airflow/example_dags/example_bash_operator.py
[2024-04-03T22:33:55.853+0000] {logging_mixin.py:188} INFO - [2024-04-03T22:33:55.853+0000] {dag.py:3047} INFO - Sync 1 DAGs
[2024-04-03T22:33:55.868+0000] {logging_mixin.py:188} INFO - [2024-04-03T22:33:55.868+0000] {dag.py:3834} INFO - Setting next_dagrun for example_bash_operator to 2024-04-02 00:00:00+00:00, run_after=2024-04-03 00:00:00+00:00
[2024-04-03T22:33:55.880+0000] {processor.py:183} INFO - Processing /home/airflow/.local/lib/python3.8/site-packages/airflow/example_dags/example_bash_operator.py took 0.058 seconds
[2024-04-03T22:34:26.433+0000] {processor.py:161} INFO - Started process (PID=234) to work on /home/airflow/.local/lib/python3.8/site-packages/airflow/example_dags/example_bash_operator.py
[2024-04-03T22:34:26.434+0000] {processor.py:830} INFO - Processing file /home/airflow/.local/lib/python3.8/site-packages/airflow/example_dags/example_bash_operator.py for tasks to queue
[2024-04-03T22:34:26.437+0000] {logging_mixin.py:188} INFO - [2024-04-03T22:34:26.437+0000] {dagbag.py:540} INFO - Filling up the DagBag from /home/airflow/.local/lib/python3.8/site-packages/airflow/example_dags/example_bash_operator.py
[2024-04-03T22:34:26.446+0000] {processor.py:840} INFO - DAG(s) 'example_bash_operator' retrieved from /home/airflow/.local/lib/python3.8/site-packages/airflow/example_dags/example_bash_operator.py
[2024-04-03T22:34:26.466+0000] {logging_mixin.py:188} INFO - [2024-04-03T22:34:26.465+0000] {dag.py:3047} INFO - Sync 1 DAGs
[2024-04-03T22:34:26.481+0000] {logging_mixin.py:188} INFO - [2024-04-03T22:34:26.481+0000] {dag.py:3834} INFO - Setting next_dagrun for example_bash_operator to 2024-04-02 00:00:00+00:00, run_after=2024-04-03 00:00:00+00:00
[2024-04-03T22:34:26.495+0000] {processor.py:183} INFO - Processing /home/airflow/.local/lib/python3.8/site-packages/airflow/example_dags/example_bash_operator.py took 0.064 seconds
[2024-04-03T22:34:56.772+0000] {processor.py:161} INFO - Started process (PID=289) to work on /home/airflow/.local/lib/python3.8/site-packages/airflow/example_dags/example_bash_operator.py
[2024-04-03T22:34:56.773+0000] {processor.py:830} INFO - Processing file /home/airflow/.local/lib/python3.8/site-packages/airflow/example_dags/example_bash_operator.py for tasks to queue
[2024-04-03T22:34:56.775+0000] {logging_mixin.py:188} INFO - [2024-04-03T22:34:56.774+0000] {dagbag.py:540} INFO - Filling up the DagBag from /home/airflow/.local/lib/python3.8/site-packages/airflow/example_dags/example_bash_operator.py
[2024-04-03T22:34:56.782+0000] {processor.py:840} INFO - DAG(s) 'example_bash_operator' retrieved from /home/airflow/.local/lib/python3.8/site-packages/airflow/example_dags/example_bash_operator.py
[2024-04-03T22:34:56.800+0000] {logging_mixin.py:188} INFO - [2024-04-03T22:34:56.800+0000] {dag.py:3047} INFO - Sync 1 DAGs
[2024-04-03T22:34:56.819+0000] {logging_mixin.py:188} INFO - [2024-04-03T22:34:56.818+0000] {dag.py:3834} INFO - Setting next_dagrun for example_bash_operator to 2024-04-02 00:00:00+00:00, run_after=2024-04-03 00:00:00+00:00
[2024-04-03T22:34:56.832+0000] {processor.py:183} INFO - Processing /home/airflow/.local/lib/python3.8/site-packages/airflow/example_dags/example_bash_operator.py took 0.062 seconds
[2024-04-03T22:35:27.242+0000] {processor.py:161} INFO - Started process (PID=344) to work on /home/airflow/.local/lib/python3.8/site-packages/airflow/example_dags/example_bash_operator.py
[2024-04-03T22:35:27.243+0000] {processor.py:830} INFO - Processing file /home/airflow/.local/lib/python3.8/site-packages/airflow/example_dags/example_bash_operator.py for tasks to queue
[2024-04-03T22:35:27.244+0000] {logging_mixin.py:188} INFO - [2024-04-03T22:35:27.244+0000] {dagbag.py:540} INFO - Filling up the DagBag from /home/airflow/.local/lib/python3.8/site-packages/airflow/example_dags/example_bash_operator.py
[2024-04-03T22:35:27.252+0000] {processor.py:840} INFO - DAG(s) 'example_bash_operator' retrieved from /home/airflow/.local/lib/python3.8/site-packages/airflow/example_dags/example_bash_operator.py
[2024-04-03T22:35:27.272+0000] {logging_mixin.py:188} INFO - [2024-04-03T22:35:27.272+0000] {dag.py:3047} INFO - Sync 1 DAGs
[2024-04-03T22:35:27.289+0000] {logging_mixin.py:188} INFO - [2024-04-03T22:35:27.288+0000] {dag.py:3834} INFO - Setting next_dagrun for example_bash_operator to 2024-04-02 00:00:00+00:00, run_after=2024-04-03 00:00:00+00:00
[2024-04-03T22:35:27.301+0000] {processor.py:183} INFO - Processing /home/airflow/.local/lib/python3.8/site-packages/airflow/example_dags/example_bash_operator.py took 0.062 seconds
[2024-04-03T22:35:57.666+0000] {processor.py:161} INFO - Started process (PID=399) to work on /home/airflow/.local/lib/python3.8/site-packages/airflow/example_dags/example_bash_operator.py
[2024-04-03T22:35:57.667+0000] {processor.py:830} INFO - Processing file /home/airflow/.local/lib/python3.8/site-packages/airflow/example_dags/example_bash_operator.py for tasks to queue
[2024-04-03T22:35:57.668+0000] {logging_mixin.py:188} INFO - [2024-04-03T22:35:57.668+0000] {dagbag.py:540} INFO - Filling up the DagBag from /home/airflow/.local/lib/python3.8/site-packages/airflow/example_dags/example_bash_operator.py
[2024-04-03T22:35:57.676+0000] {processor.py:840} INFO - DAG(s) 'example_bash_operator' retrieved from /home/airflow/.local/lib/python3.8/site-packages/airflow/example_dags/example_bash_operator.py
[2024-04-03T22:35:57.700+0000] {logging_mixin.py:188} INFO - [2024-04-03T22:35:57.699+0000] {dag.py:3047} INFO - Sync 1 DAGs
[2024-04-03T22:35:57.716+0000] {logging_mixin.py:188} INFO - [2024-04-03T22:35:57.716+0000] {dag.py:3834} INFO - Setting next_dagrun for example_bash_operator to 2024-04-02 00:00:00+00:00, run_after=2024-04-03 00:00:00+00:00
[2024-04-03T22:35:57.730+0000] {processor.py:183} INFO - Processing /home/airflow/.local/lib/python3.8/site-packages/airflow/example_dags/example_bash_operator.py took 0.066 seconds
[2024-04-03T22:36:28.150+0000] {processor.py:161} INFO - Started process (PID=454) to work on /home/airflow/.local/lib/python3.8/site-packages/airflow/example_dags/example_bash_operator.py
[2024-04-03T22:36:28.151+0000] {processor.py:830} INFO - Processing file /home/airflow/.local/lib/python3.8/site-packages/airflow/example_dags/example_bash_operator.py for tasks to queue
[2024-04-03T22:36:28.153+0000] {logging_mixin.py:188} INFO - [2024-04-03T22:36:28.153+0000] {dagbag.py:540} INFO - Filling up the DagBag from /home/airflow/.local/lib/python3.8/site-packages/airflow/example_dags/example_bash_operator.py
[2024-04-03T22:36:28.160+0000] {processor.py:840} INFO - DAG(s) 'example_bash_operator' retrieved from /home/airflow/.local/lib/python3.8/site-packages/airflow/example_dags/example_bash_operator.py
[2024-04-03T22:36:28.179+0000] {logging_mixin.py:188} INFO - [2024-04-03T22:36:28.178+0000] {dag.py:3047} INFO - Sync 1 DAGs
[2024-04-03T22:36:28.193+0000] {logging_mixin.py:188} INFO - [2024-04-03T22:36:28.193+0000] {dag.py:3834} INFO - Setting next_dagrun for example_bash_operator to 2024-04-02 00:00:00+00:00, run_after=2024-04-03 00:00:00+00:00
[2024-04-03T22:36:28.206+0000] {processor.py:183} INFO - Processing /home/airflow/.local/lib/python3.8/site-packages/airflow/example_dags/example_bash_operator.py took 0.057 seconds
[2024-04-03T22:36:58.372+0000] {processor.py:161} INFO - Started process (PID=509) to work on /home/airflow/.local/lib/python3.8/site-packages/airflow/example_dags/example_bash_operator.py
[2024-04-03T22:36:58.373+0000] {processor.py:830} INFO - Processing file /home/airflow/.local/lib/python3.8/site-packages/airflow/example_dags/example_bash_operator.py for tasks to queue
[2024-04-03T22:36:58.374+0000] {logging_mixin.py:188} INFO - [2024-04-03T22:36:58.374+0000] {dagbag.py:540} INFO - Filling up the DagBag from /home/airflow/.local/lib/python3.8/site-packages/airflow/example_dags/example_bash_operator.py
[2024-04-03T22:36:58.382+0000] {processor.py:840} INFO - DAG(s) 'example_bash_operator' retrieved from /home/airflow/.local/lib/python3.8/site-packages/airflow/example_dags/example_bash_operator.py
[2024-04-03T22:36:58.407+0000] {logging_mixin.py:188} INFO - [2024-04-03T22:36:58.407+0000] {dag.py:3047} INFO - Sync 1 DAGs
[2024-04-03T22:36:58.423+0000] {logging_mixin.py:188} INFO - [2024-04-03T22:36:58.423+0000] {dag.py:3834} INFO - Setting next_dagrun for example_bash_operator to 2024-04-02 00:00:00+00:00, run_after=2024-04-03 00:00:00+00:00
[2024-04-03T22:36:58.439+0000] {processor.py:183} INFO - Processing /home/airflow/.local/lib/python3.8/site-packages/airflow/example_dags/example_bash_operator.py took 0.069 seconds
[2024-04-03T22:37:28.987+0000] {processor.py:161} INFO - Started process (PID=563) to work on /home/airflow/.local/lib/python3.8/site-packages/airflow/example_dags/example_bash_operator.py
[2024-04-03T22:37:28.989+0000] {processor.py:830} INFO - Processing file /home/airflow/.local/lib/python3.8/site-packages/airflow/example_dags/example_bash_operator.py for tasks to queue
[2024-04-03T22:37:28.991+0000] {logging_mixin.py:188} INFO - [2024-04-03T22:37:28.991+0000] {dagbag.py:540} INFO - Filling up the DagBag from /home/airflow/.local/lib/python3.8/site-packages/airflow/example_dags/example_bash_operator.py
[2024-04-03T22:37:29.000+0000] {processor.py:840} INFO - DAG(s) 'example_bash_operator' retrieved from /home/airflow/.local/lib/python3.8/site-packages/airflow/example_dags/example_bash_operator.py
[2024-04-03T22:37:29.022+0000] {logging_mixin.py:188} INFO - [2024-04-03T22:37:29.022+0000] {dag.py:3047} INFO - Sync 1 DAGs
[2024-04-03T22:37:29.040+0000] {logging_mixin.py:188} INFO - [2024-04-03T22:37:29.040+0000] {dag.py:3834} INFO - Setting next_dagrun for example_bash_operator to 2024-04-02 00:00:00+00:00, run_after=2024-04-03 00:00:00+00:00
[2024-04-03T22:37:29.054+0000] {processor.py:183} INFO - Processing /home/airflow/.local/lib/python3.8/site-packages/airflow/example_dags/example_bash_operator.py took 0.069 seconds
[2024-04-03T22:37:59.438+0000] {processor.py:161} INFO - Started process (PID=619) to work on /home/airflow/.local/lib/python3.8/site-packages/airflow/example_dags/example_bash_operator.py
[2024-04-03T22:37:59.439+0000] {processor.py:830} INFO - Processing file /home/airflow/.local/lib/python3.8/site-packages/airflow/example_dags/example_bash_operator.py for tasks to queue
[2024-04-03T22:37:59.440+0000] {logging_mixin.py:188} INFO - [2024-04-03T22:37:59.440+0000] {dagbag.py:540} INFO - Filling up the DagBag from /home/airflow/.local/lib/python3.8/site-packages/airflow/example_dags/example_bash_operator.py
[2024-04-03T22:37:59.449+0000] {processor.py:840} INFO - DAG(s) 'example_bash_operator' retrieved from /home/airflow/.local/lib/python3.8/site-packages/airflow/example_dags/example_bash_operator.py
[2024-04-03T22:37:59.472+0000] {logging_mixin.py:188} INFO - [2024-04-03T22:37:59.472+0000] {dag.py:3047} INFO - Sync 1 DAGs
[2024-04-03T22:37:59.491+0000] {logging_mixin.py:188} INFO - [2024-04-03T22:37:59.490+0000] {dag.py:3834} INFO - Setting next_dagrun for example_bash_operator to 2024-04-02 00:00:00+00:00, run_after=2024-04-03 00:00:00+00:00
[2024-04-03T22:37:59.508+0000] {processor.py:183} INFO - Processing /home/airflow/.local/lib/python3.8/site-packages/airflow/example_dags/example_bash_operator.py took 0.072 seconds
[2024-04-03T22:38:29.772+0000] {processor.py:161} INFO - Started process (PID=674) to work on /home/airflow/.local/lib/python3.8/site-packages/airflow/example_dags/example_bash_operator.py
[2024-04-03T22:38:29.773+0000] {processor.py:830} INFO - Processing file /home/airflow/.local/lib/python3.8/site-packages/airflow/example_dags/example_bash_operator.py for tasks to queue
[2024-04-03T22:38:29.774+0000] {logging_mixin.py:188} INFO - [2024-04-03T22:38:29.774+0000] {dagbag.py:540} INFO - Filling up the DagBag from /home/airflow/.local/lib/python3.8/site-packages/airflow/example_dags/example_bash_operator.py
[2024-04-03T22:38:29.782+0000] {processor.py:840} INFO - DAG(s) 'example_bash_operator' retrieved from /home/airflow/.local/lib/python3.8/site-packages/airflow/example_dags/example_bash_operator.py
[2024-04-03T22:38:29.801+0000] {logging_mixin.py:188} INFO - [2024-04-03T22:38:29.801+0000] {dag.py:3047} INFO - Sync 1 DAGs
[2024-04-03T22:38:29.815+0000] {logging_mixin.py:188} INFO - [2024-04-03T22:38:29.815+0000] {dag.py:3834} INFO - Setting next_dagrun for example_bash_operator to 2024-04-02 00:00:00+00:00, run_after=2024-04-03 00:00:00+00:00
[2024-04-03T22:38:29.828+0000] {processor.py:183} INFO - Processing /home/airflow/.local/lib/python3.8/site-packages/airflow/example_dags/example_bash_operator.py took 0.059 seconds
[2024-04-03T22:38:59.999+0000] {processor.py:161} INFO - Started process (PID=729) to work on /home/airflow/.local/lib/python3.8/site-packages/airflow/example_dags/example_bash_operator.py
[2024-04-03T22:39:00.001+0000] {processor.py:830} INFO - Processing file /home/airflow/.local/lib/python3.8/site-packages/airflow/example_dags/example_bash_operator.py for tasks to queue
[2024-04-03T22:39:00.003+0000] {logging_mixin.py:188} INFO - [2024-04-03T22:39:00.002+0000] {dagbag.py:540} INFO - Filling up the DagBag from /home/airflow/.local/lib/python3.8/site-packages/airflow/example_dags/example_bash_operator.py
[2024-04-03T22:39:00.016+0000] {processor.py:840} INFO - DAG(s) 'example_bash_operator' retrieved from /home/airflow/.local/lib/python3.8/site-packages/airflow/example_dags/example_bash_operator.py
[2024-04-03T22:39:00.040+0000] {logging_mixin.py:188} INFO - [2024-04-03T22:39:00.040+0000] {dag.py:3047} INFO - Sync 1 DAGs
[2024-04-03T22:39:00.061+0000] {logging_mixin.py:188} INFO - [2024-04-03T22:39:00.060+0000] {dag.py:3834} INFO - Setting next_dagrun for example_bash_operator to 2024-04-02 00:00:00+00:00, run_after=2024-04-03 00:00:00+00:00
[2024-04-03T22:39:00.076+0000] {processor.py:183} INFO - Processing /home/airflow/.local/lib/python3.8/site-packages/airflow/example_dags/example_bash_operator.py took 0.079 seconds
[2024-04-03T22:39:30.288+0000] {processor.py:161} INFO - Started process (PID=783) to work on /home/airflow/.local/lib/python3.8/site-packages/airflow/example_dags/example_bash_operator.py
[2024-04-03T22:39:30.289+0000] {processor.py:830} INFO - Processing file /home/airflow/.local/lib/python3.8/site-packages/airflow/example_dags/example_bash_operator.py for tasks to queue
[2024-04-03T22:39:30.291+0000] {logging_mixin.py:188} INFO - [2024-04-03T22:39:30.291+0000] {dagbag.py:540} INFO - Filling up the DagBag from /home/airflow/.local/lib/python3.8/site-packages/airflow/example_dags/example_bash_operator.py
[2024-04-03T22:39:30.302+0000] {processor.py:840} INFO - DAG(s) 'example_bash_operator' retrieved from /home/airflow/.local/lib/python3.8/site-packages/airflow/example_dags/example_bash_operator.py
[2024-04-03T22:39:30.322+0000] {logging_mixin.py:188} INFO - [2024-04-03T22:39:30.322+0000] {dag.py:3047} INFO - Sync 1 DAGs
[2024-04-03T22:39:30.338+0000] {logging_mixin.py:188} INFO - [2024-04-03T22:39:30.338+0000] {dag.py:3834} INFO - Setting next_dagrun for example_bash_operator to 2024-04-02 00:00:00+00:00, run_after=2024-04-03 00:00:00+00:00
[2024-04-03T22:39:30.351+0000] {processor.py:183} INFO - Processing /home/airflow/.local/lib/python3.8/site-packages/airflow/example_dags/example_bash_operator.py took 0.066 seconds
[2024-04-03T22:40:00.649+0000] {processor.py:161} INFO - Started process (PID=838) to work on /home/airflow/.local/lib/python3.8/site-packages/airflow/example_dags/example_bash_operator.py
[2024-04-03T22:40:00.650+0000] {processor.py:830} INFO - Processing file /home/airflow/.local/lib/python3.8/site-packages/airflow/example_dags/example_bash_operator.py for tasks to queue
[2024-04-03T22:40:00.651+0000] {logging_mixin.py:188} INFO - [2024-04-03T22:40:00.651+0000] {dagbag.py:540} INFO - Filling up the DagBag from /home/airflow/.local/lib/python3.8/site-packages/airflow/example_dags/example_bash_operator.py
[2024-04-03T22:40:00.660+0000] {processor.py:840} INFO - DAG(s) 'example_bash_operator' retrieved from /home/airflow/.local/lib/python3.8/site-packages/airflow/example_dags/example_bash_operator.py
[2024-04-03T22:40:00.680+0000] {logging_mixin.py:188} INFO - [2024-04-03T22:40:00.679+0000] {dag.py:3047} INFO - Sync 1 DAGs
[2024-04-03T22:40:00.695+0000] {logging_mixin.py:188} INFO - [2024-04-03T22:40:00.695+0000] {dag.py:3834} INFO - Setting next_dagrun for example_bash_operator to 2024-04-02 00:00:00+00:00, run_after=2024-04-03 00:00:00+00:00
[2024-04-03T22:40:00.707+0000] {processor.py:183} INFO - Processing /home/airflow/.local/lib/python3.8/site-packages/airflow/example_dags/example_bash_operator.py took 0.060 seconds
[2024-04-03T22:40:31.027+0000] {processor.py:161} INFO - Started process (PID=893) to work on /home/airflow/.local/lib/python3.8/site-packages/airflow/example_dags/example_bash_operator.py
[2024-04-03T22:40:31.028+0000] {processor.py:830} INFO - Processing file /home/airflow/.local/lib/python3.8/site-packages/airflow/example_dags/example_bash_operator.py for tasks to queue
[2024-04-03T22:40:31.030+0000] {logging_mixin.py:188} INFO - [2024-04-03T22:40:31.030+0000] {dagbag.py:540} INFO - Filling up the DagBag from /home/airflow/.local/lib/python3.8/site-packages/airflow/example_dags/example_bash_operator.py
[2024-04-03T22:40:31.037+0000] {processor.py:840} INFO - DAG(s) 'example_bash_operator' retrieved from /home/airflow/.local/lib/python3.8/site-packages/airflow/example_dags/example_bash_operator.py
[2024-04-03T22:40:31.057+0000] {logging_mixin.py:188} INFO - [2024-04-03T22:40:31.056+0000] {dag.py:3047} INFO - Sync 1 DAGs
[2024-04-03T22:40:31.073+0000] {logging_mixin.py:188} INFO - [2024-04-03T22:40:31.073+0000] {dag.py:3834} INFO - Setting next_dagrun for example_bash_operator to 2024-04-02 00:00:00+00:00, run_after=2024-04-03 00:00:00+00:00
[2024-04-03T22:40:31.085+0000] {processor.py:183} INFO - Processing /home/airflow/.local/lib/python3.8/site-packages/airflow/example_dags/example_bash_operator.py took 0.060 seconds
[2024-04-03T22:41:01.278+0000] {processor.py:161} INFO - Started process (PID=948) to work on /home/airflow/.local/lib/python3.8/site-packages/airflow/example_dags/example_bash_operator.py
[2024-04-03T22:41:01.279+0000] {processor.py:830} INFO - Processing file /home/airflow/.local/lib/python3.8/site-packages/airflow/example_dags/example_bash_operator.py for tasks to queue
[2024-04-03T22:41:01.281+0000] {logging_mixin.py:188} INFO - [2024-04-03T22:41:01.281+0000] {dagbag.py:540} INFO - Filling up the DagBag from /home/airflow/.local/lib/python3.8/site-packages/airflow/example_dags/example_bash_operator.py
[2024-04-03T22:41:01.289+0000] {processor.py:840} INFO - DAG(s) 'example_bash_operator' retrieved from /home/airflow/.local/lib/python3.8/site-packages/airflow/example_dags/example_bash_operator.py
[2024-04-03T22:41:01.310+0000] {logging_mixin.py:188} INFO - [2024-04-03T22:41:01.310+0000] {dag.py:3047} INFO - Sync 1 DAGs
[2024-04-03T22:41:01.325+0000] {logging_mixin.py:188} INFO - [2024-04-03T22:41:01.325+0000] {dag.py:3834} INFO - Setting next_dagrun for example_bash_operator to 2024-04-02 00:00:00+00:00, run_after=2024-04-03 00:00:00+00:00
[2024-04-03T22:41:01.336+0000] {processor.py:183} INFO - Processing /home/airflow/.local/lib/python3.8/site-packages/airflow/example_dags/example_bash_operator.py took 0.060 seconds
[2024-04-03T22:41:31.840+0000] {processor.py:161} INFO - Started process (PID=1003) to work on /home/airflow/.local/lib/python3.8/site-packages/airflow/example_dags/example_bash_operator.py
[2024-04-03T22:41:31.841+0000] {processor.py:830} INFO - Processing file /home/airflow/.local/lib/python3.8/site-packages/airflow/example_dags/example_bash_operator.py for tasks to queue
[2024-04-03T22:41:31.843+0000] {logging_mixin.py:188} INFO - [2024-04-03T22:41:31.843+0000] {dagbag.py:540} INFO - Filling up the DagBag from /home/airflow/.local/lib/python3.8/site-packages/airflow/example_dags/example_bash_operator.py
[2024-04-03T22:41:31.850+0000] {processor.py:840} INFO - DAG(s) 'example_bash_operator' retrieved from /home/airflow/.local/lib/python3.8/site-packages/airflow/example_dags/example_bash_operator.py
[2024-04-03T22:41:31.872+0000] {logging_mixin.py:188} INFO - [2024-04-03T22:41:31.872+0000] {dag.py:3047} INFO - Sync 1 DAGs
[2024-04-03T22:41:31.888+0000] {logging_mixin.py:188} INFO - [2024-04-03T22:41:31.888+0000] {dag.py:3834} INFO - Setting next_dagrun for example_bash_operator to 2024-04-02 00:00:00+00:00, run_after=2024-04-03 00:00:00+00:00
[2024-04-03T22:41:31.900+0000] {processor.py:183} INFO - Processing /home/airflow/.local/lib/python3.8/site-packages/airflow/example_dags/example_bash_operator.py took 0.062 seconds
[2024-04-03T22:42:02.247+0000] {processor.py:161} INFO - Started process (PID=1058) to work on /home/airflow/.local/lib/python3.8/site-packages/airflow/example_dags/example_bash_operator.py
[2024-04-03T22:42:02.248+0000] {processor.py:830} INFO - Processing file /home/airflow/.local/lib/python3.8/site-packages/airflow/example_dags/example_bash_operator.py for tasks to queue
[2024-04-03T22:42:02.249+0000] {logging_mixin.py:188} INFO - [2024-04-03T22:42:02.249+0000] {dagbag.py:540} INFO - Filling up the DagBag from /home/airflow/.local/lib/python3.8/site-packages/airflow/example_dags/example_bash_operator.py
[2024-04-03T22:42:02.258+0000] {processor.py:840} INFO - DAG(s) 'example_bash_operator' retrieved from /home/airflow/.local/lib/python3.8/site-packages/airflow/example_dags/example_bash_operator.py
[2024-04-03T22:42:02.279+0000] {logging_mixin.py:188} INFO - [2024-04-03T22:42:02.278+0000] {dag.py:3047} INFO - Sync 1 DAGs
[2024-04-03T22:42:02.294+0000] {logging_mixin.py:188} INFO - [2024-04-03T22:42:02.293+0000] {dag.py:3834} INFO - Setting next_dagrun for example_bash_operator to 2024-04-02 00:00:00+00:00, run_after=2024-04-03 00:00:00+00:00
[2024-04-03T22:42:02.308+0000] {processor.py:183} INFO - Processing /home/airflow/.local/lib/python3.8/site-packages/airflow/example_dags/example_bash_operator.py took 0.063 seconds
[2024-04-03T22:42:32.619+0000] {processor.py:161} INFO - Started process (PID=1113) to work on /home/airflow/.local/lib/python3.8/site-packages/airflow/example_dags/example_bash_operator.py
[2024-04-03T22:42:32.620+0000] {processor.py:830} INFO - Processing file /home/airflow/.local/lib/python3.8/site-packages/airflow/example_dags/example_bash_operator.py for tasks to queue
[2024-04-03T22:42:32.622+0000] {logging_mixin.py:188} INFO - [2024-04-03T22:42:32.621+0000] {dagbag.py:540} INFO - Filling up the DagBag from /home/airflow/.local/lib/python3.8/site-packages/airflow/example_dags/example_bash_operator.py
[2024-04-03T22:42:32.629+0000] {processor.py:840} INFO - DAG(s) 'example_bash_operator' retrieved from /home/airflow/.local/lib/python3.8/site-packages/airflow/example_dags/example_bash_operator.py
[2024-04-03T22:42:32.650+0000] {logging_mixin.py:188} INFO - [2024-04-03T22:42:32.649+0000] {dag.py:3047} INFO - Sync 1 DAGs
[2024-04-03T22:42:32.670+0000] {logging_mixin.py:188} INFO - [2024-04-03T22:42:32.669+0000] {dag.py:3834} INFO - Setting next_dagrun for example_bash_operator to 2024-04-02 00:00:00+00:00, run_after=2024-04-03 00:00:00+00:00
[2024-04-03T22:42:32.691+0000] {processor.py:183} INFO - Processing /home/airflow/.local/lib/python3.8/site-packages/airflow/example_dags/example_bash_operator.py took 0.074 seconds
