[2024-04-03T22:24:59.639+0000] {processor.py:161} INFO - Started process (PID=79) to work on /home/airflow/.local/lib/python3.8/site-packages/airflow/example_dags/tutorial.py
[2024-04-03T22:24:59.641+0000] {processor.py:830} INFO - Processing file /home/airflow/.local/lib/python3.8/site-packages/airflow/example_dags/tutorial.py for tasks to queue
[2024-04-03T22:24:59.643+0000] {logging_mixin.py:188} INFO - [2024-04-03T22:24:59.643+0000] {dagbag.py:540} INFO - Filling up the DagBag from /home/airflow/.local/lib/python3.8/site-packages/airflow/example_dags/tutorial.py
[2024-04-03T22:24:59.651+0000] {processor.py:840} INFO - DAG(s) 'tutorial' retrieved from /home/airflow/.local/lib/python3.8/site-packages/airflow/example_dags/tutorial.py
[2024-04-03T22:24:59.663+0000] {logging_mixin.py:188} INFO - [2024-04-03T22:24:59.663+0000] {dag.py:3047} INFO - Sync 1 DAGs
[2024-04-03T22:24:59.684+0000] {logging_mixin.py:188} INFO - [2024-04-03T22:24:59.684+0000] {dag.py:3834} INFO - Setting next_dagrun for tutorial to 2024-04-02 00:00:00+00:00, run_after=2024-04-03 00:00:00+00:00
[2024-04-03T22:24:59.699+0000] {processor.py:183} INFO - Processing /home/airflow/.local/lib/python3.8/site-packages/airflow/example_dags/tutorial.py took 0.065 seconds
[2024-04-03T22:25:29.985+0000] {processor.py:161} INFO - Started process (PID=134) to work on /home/airflow/.local/lib/python3.8/site-packages/airflow/example_dags/tutorial.py
[2024-04-03T22:25:29.986+0000] {processor.py:830} INFO - Processing file /home/airflow/.local/lib/python3.8/site-packages/airflow/example_dags/tutorial.py for tasks to queue
[2024-04-03T22:25:29.988+0000] {logging_mixin.py:188} INFO - [2024-04-03T22:25:29.987+0000] {dagbag.py:540} INFO - Filling up the DagBag from /home/airflow/.local/lib/python3.8/site-packages/airflow/example_dags/tutorial.py
[2024-04-03T22:25:29.992+0000] {processor.py:840} INFO - DAG(s) 'tutorial' retrieved from /home/airflow/.local/lib/python3.8/site-packages/airflow/example_dags/tutorial.py
[2024-04-03T22:25:30.052+0000] {logging_mixin.py:188} INFO - [2024-04-03T22:25:30.052+0000] {dag.py:3047} INFO - Sync 1 DAGs
[2024-04-03T22:25:30.065+0000] {logging_mixin.py:188} INFO - [2024-04-03T22:25:30.065+0000] {dag.py:3834} INFO - Setting next_dagrun for tutorial to 2024-04-02 00:00:00+00:00, run_after=2024-04-03 00:00:00+00:00
[2024-04-03T22:25:30.077+0000] {processor.py:183} INFO - Processing /home/airflow/.local/lib/python3.8/site-packages/airflow/example_dags/tutorial.py took 0.094 seconds
[2024-04-03T22:26:01.042+0000] {processor.py:161} INFO - Started process (PID=189) to work on /home/airflow/.local/lib/python3.8/site-packages/airflow/example_dags/tutorial.py
[2024-04-03T22:26:01.043+0000] {processor.py:830} INFO - Processing file /home/airflow/.local/lib/python3.8/site-packages/airflow/example_dags/tutorial.py for tasks to queue
[2024-04-03T22:26:01.044+0000] {logging_mixin.py:188} INFO - [2024-04-03T22:26:01.044+0000] {dagbag.py:540} INFO - Filling up the DagBag from /home/airflow/.local/lib/python3.8/site-packages/airflow/example_dags/tutorial.py
[2024-04-03T22:26:01.049+0000] {processor.py:840} INFO - DAG(s) 'tutorial' retrieved from /home/airflow/.local/lib/python3.8/site-packages/airflow/example_dags/tutorial.py
[2024-04-03T22:26:01.064+0000] {logging_mixin.py:188} INFO - [2024-04-03T22:26:01.063+0000] {dag.py:3047} INFO - Sync 1 DAGs
[2024-04-03T22:26:01.078+0000] {logging_mixin.py:188} INFO - [2024-04-03T22:26:01.078+0000] {dag.py:3834} INFO - Setting next_dagrun for tutorial to 2024-04-02 00:00:00+00:00, run_after=2024-04-03 00:00:00+00:00
[2024-04-03T22:26:01.094+0000] {processor.py:183} INFO - Processing /home/airflow/.local/lib/python3.8/site-packages/airflow/example_dags/tutorial.py took 0.055 seconds
[2024-04-03T22:26:31.121+0000] {processor.py:161} INFO - Started process (PID=244) to work on /home/airflow/.local/lib/python3.8/site-packages/airflow/example_dags/tutorial.py
[2024-04-03T22:26:31.123+0000] {processor.py:830} INFO - Processing file /home/airflow/.local/lib/python3.8/site-packages/airflow/example_dags/tutorial.py for tasks to queue
[2024-04-03T22:26:31.125+0000] {logging_mixin.py:188} INFO - [2024-04-03T22:26:31.124+0000] {dagbag.py:540} INFO - Filling up the DagBag from /home/airflow/.local/lib/python3.8/site-packages/airflow/example_dags/tutorial.py
[2024-04-03T22:26:31.129+0000] {processor.py:840} INFO - DAG(s) 'tutorial' retrieved from /home/airflow/.local/lib/python3.8/site-packages/airflow/example_dags/tutorial.py
[2024-04-03T22:26:31.145+0000] {logging_mixin.py:188} INFO - [2024-04-03T22:26:31.145+0000] {dag.py:3047} INFO - Sync 1 DAGs
[2024-04-03T22:26:31.159+0000] {logging_mixin.py:188} INFO - [2024-04-03T22:26:31.159+0000] {dag.py:3834} INFO - Setting next_dagrun for tutorial to 2024-04-02 00:00:00+00:00, run_after=2024-04-03 00:00:00+00:00
[2024-04-03T22:26:31.173+0000] {processor.py:183} INFO - Processing /home/airflow/.local/lib/python3.8/site-packages/airflow/example_dags/tutorial.py took 0.054 seconds
[2024-04-03T22:27:01.600+0000] {processor.py:161} INFO - Started process (PID=299) to work on /home/airflow/.local/lib/python3.8/site-packages/airflow/example_dags/tutorial.py
[2024-04-03T22:27:01.600+0000] {processor.py:830} INFO - Processing file /home/airflow/.local/lib/python3.8/site-packages/airflow/example_dags/tutorial.py for tasks to queue
[2024-04-03T22:27:01.602+0000] {logging_mixin.py:188} INFO - [2024-04-03T22:27:01.601+0000] {dagbag.py:540} INFO - Filling up the DagBag from /home/airflow/.local/lib/python3.8/site-packages/airflow/example_dags/tutorial.py
[2024-04-03T22:27:01.606+0000] {processor.py:840} INFO - DAG(s) 'tutorial' retrieved from /home/airflow/.local/lib/python3.8/site-packages/airflow/example_dags/tutorial.py
[2024-04-03T22:27:01.620+0000] {logging_mixin.py:188} INFO - [2024-04-03T22:27:01.620+0000] {dag.py:3047} INFO - Sync 1 DAGs
[2024-04-03T22:27:01.634+0000] {logging_mixin.py:188} INFO - [2024-04-03T22:27:01.634+0000] {dag.py:3834} INFO - Setting next_dagrun for tutorial to 2024-04-02 00:00:00+00:00, run_after=2024-04-03 00:00:00+00:00
[2024-04-03T22:27:01.646+0000] {processor.py:183} INFO - Processing /home/airflow/.local/lib/python3.8/site-packages/airflow/example_dags/tutorial.py took 0.049 seconds
[2024-04-03T22:27:32.054+0000] {processor.py:161} INFO - Started process (PID=354) to work on /home/airflow/.local/lib/python3.8/site-packages/airflow/example_dags/tutorial.py
[2024-04-03T22:27:32.056+0000] {processor.py:830} INFO - Processing file /home/airflow/.local/lib/python3.8/site-packages/airflow/example_dags/tutorial.py for tasks to queue
[2024-04-03T22:27:32.057+0000] {logging_mixin.py:188} INFO - [2024-04-03T22:27:32.057+0000] {dagbag.py:540} INFO - Filling up the DagBag from /home/airflow/.local/lib/python3.8/site-packages/airflow/example_dags/tutorial.py
[2024-04-03T22:27:32.061+0000] {processor.py:840} INFO - DAG(s) 'tutorial' retrieved from /home/airflow/.local/lib/python3.8/site-packages/airflow/example_dags/tutorial.py
[2024-04-03T22:27:32.076+0000] {logging_mixin.py:188} INFO - [2024-04-03T22:27:32.076+0000] {dag.py:3047} INFO - Sync 1 DAGs
[2024-04-03T22:27:32.092+0000] {logging_mixin.py:188} INFO - [2024-04-03T22:27:32.092+0000] {dag.py:3834} INFO - Setting next_dagrun for tutorial to 2024-04-02 00:00:00+00:00, run_after=2024-04-03 00:00:00+00:00
[2024-04-03T22:27:32.109+0000] {processor.py:183} INFO - Processing /home/airflow/.local/lib/python3.8/site-packages/airflow/example_dags/tutorial.py took 0.056 seconds
[2024-04-03T22:28:02.259+0000] {processor.py:161} INFO - Started process (PID=409) to work on /home/airflow/.local/lib/python3.8/site-packages/airflow/example_dags/tutorial.py
[2024-04-03T22:28:02.260+0000] {processor.py:830} INFO - Processing file /home/airflow/.local/lib/python3.8/site-packages/airflow/example_dags/tutorial.py for tasks to queue
[2024-04-03T22:28:02.261+0000] {logging_mixin.py:188} INFO - [2024-04-03T22:28:02.261+0000] {dagbag.py:540} INFO - Filling up the DagBag from /home/airflow/.local/lib/python3.8/site-packages/airflow/example_dags/tutorial.py
[2024-04-03T22:28:02.266+0000] {processor.py:840} INFO - DAG(s) 'tutorial' retrieved from /home/airflow/.local/lib/python3.8/site-packages/airflow/example_dags/tutorial.py
[2024-04-03T22:28:02.281+0000] {logging_mixin.py:188} INFO - [2024-04-03T22:28:02.281+0000] {dag.py:3047} INFO - Sync 1 DAGs
[2024-04-03T22:28:02.298+0000] {logging_mixin.py:188} INFO - [2024-04-03T22:28:02.298+0000] {dag.py:3834} INFO - Setting next_dagrun for tutorial to 2024-04-02 00:00:00+00:00, run_after=2024-04-03 00:00:00+00:00
[2024-04-03T22:28:02.314+0000] {processor.py:183} INFO - Processing /home/airflow/.local/lib/python3.8/site-packages/airflow/example_dags/tutorial.py took 0.058 seconds
[2024-04-03T22:28:32.736+0000] {processor.py:161} INFO - Started process (PID=464) to work on /home/airflow/.local/lib/python3.8/site-packages/airflow/example_dags/tutorial.py
[2024-04-03T22:28:32.737+0000] {processor.py:830} INFO - Processing file /home/airflow/.local/lib/python3.8/site-packages/airflow/example_dags/tutorial.py for tasks to queue
[2024-04-03T22:28:32.738+0000] {logging_mixin.py:188} INFO - [2024-04-03T22:28:32.738+0000] {dagbag.py:540} INFO - Filling up the DagBag from /home/airflow/.local/lib/python3.8/site-packages/airflow/example_dags/tutorial.py
[2024-04-03T22:28:32.742+0000] {processor.py:840} INFO - DAG(s) 'tutorial' retrieved from /home/airflow/.local/lib/python3.8/site-packages/airflow/example_dags/tutorial.py
[2024-04-03T22:28:32.756+0000] {logging_mixin.py:188} INFO - [2024-04-03T22:28:32.756+0000] {dag.py:3047} INFO - Sync 1 DAGs
[2024-04-03T22:28:32.771+0000] {logging_mixin.py:188} INFO - [2024-04-03T22:28:32.771+0000] {dag.py:3834} INFO - Setting next_dagrun for tutorial to 2024-04-02 00:00:00+00:00, run_after=2024-04-03 00:00:00+00:00
[2024-04-03T22:28:32.785+0000] {processor.py:183} INFO - Processing /home/airflow/.local/lib/python3.8/site-packages/airflow/example_dags/tutorial.py took 0.052 seconds
[2024-04-03T22:29:03.111+0000] {processor.py:161} INFO - Started process (PID=519) to work on /home/airflow/.local/lib/python3.8/site-packages/airflow/example_dags/tutorial.py
[2024-04-03T22:29:03.112+0000] {processor.py:830} INFO - Processing file /home/airflow/.local/lib/python3.8/site-packages/airflow/example_dags/tutorial.py for tasks to queue
[2024-04-03T22:29:03.113+0000] {logging_mixin.py:188} INFO - [2024-04-03T22:29:03.113+0000] {dagbag.py:540} INFO - Filling up the DagBag from /home/airflow/.local/lib/python3.8/site-packages/airflow/example_dags/tutorial.py
[2024-04-03T22:29:03.118+0000] {processor.py:840} INFO - DAG(s) 'tutorial' retrieved from /home/airflow/.local/lib/python3.8/site-packages/airflow/example_dags/tutorial.py
[2024-04-03T22:29:03.132+0000] {logging_mixin.py:188} INFO - [2024-04-03T22:29:03.132+0000] {dag.py:3047} INFO - Sync 1 DAGs
[2024-04-03T22:29:03.148+0000] {logging_mixin.py:188} INFO - [2024-04-03T22:29:03.148+0000] {dag.py:3834} INFO - Setting next_dagrun for tutorial to 2024-04-02 00:00:00+00:00, run_after=2024-04-03 00:00:00+00:00
[2024-04-03T22:29:03.162+0000] {processor.py:183} INFO - Processing /home/airflow/.local/lib/python3.8/site-packages/airflow/example_dags/tutorial.py took 0.053 seconds
[2024-04-03T22:29:33.440+0000] {processor.py:161} INFO - Started process (PID=574) to work on /home/airflow/.local/lib/python3.8/site-packages/airflow/example_dags/tutorial.py
[2024-04-03T22:29:33.441+0000] {processor.py:830} INFO - Processing file /home/airflow/.local/lib/python3.8/site-packages/airflow/example_dags/tutorial.py for tasks to queue
[2024-04-03T22:29:33.442+0000] {logging_mixin.py:188} INFO - [2024-04-03T22:29:33.442+0000] {dagbag.py:540} INFO - Filling up the DagBag from /home/airflow/.local/lib/python3.8/site-packages/airflow/example_dags/tutorial.py
[2024-04-03T22:29:33.446+0000] {processor.py:840} INFO - DAG(s) 'tutorial' retrieved from /home/airflow/.local/lib/python3.8/site-packages/airflow/example_dags/tutorial.py
[2024-04-03T22:29:33.460+0000] {logging_mixin.py:188} INFO - [2024-04-03T22:29:33.460+0000] {dag.py:3047} INFO - Sync 1 DAGs
[2024-04-03T22:29:33.477+0000] {logging_mixin.py:188} INFO - [2024-04-03T22:29:33.476+0000] {dag.py:3834} INFO - Setting next_dagrun for tutorial to 2024-04-02 00:00:00+00:00, run_after=2024-04-03 00:00:00+00:00
[2024-04-03T22:29:33.492+0000] {processor.py:183} INFO - Processing /home/airflow/.local/lib/python3.8/site-packages/airflow/example_dags/tutorial.py took 0.054 seconds
[2024-04-03T22:30:03.815+0000] {processor.py:161} INFO - Started process (PID=629) to work on /home/airflow/.local/lib/python3.8/site-packages/airflow/example_dags/tutorial.py
[2024-04-03T22:30:03.815+0000] {processor.py:830} INFO - Processing file /home/airflow/.local/lib/python3.8/site-packages/airflow/example_dags/tutorial.py for tasks to queue
[2024-04-03T22:30:03.817+0000] {logging_mixin.py:188} INFO - [2024-04-03T22:30:03.817+0000] {dagbag.py:540} INFO - Filling up the DagBag from /home/airflow/.local/lib/python3.8/site-packages/airflow/example_dags/tutorial.py
[2024-04-03T22:30:03.822+0000] {processor.py:840} INFO - DAG(s) 'tutorial' retrieved from /home/airflow/.local/lib/python3.8/site-packages/airflow/example_dags/tutorial.py
[2024-04-03T22:30:03.839+0000] {logging_mixin.py:188} INFO - [2024-04-03T22:30:03.839+0000] {dag.py:3047} INFO - Sync 1 DAGs
[2024-04-03T22:30:03.855+0000] {logging_mixin.py:188} INFO - [2024-04-03T22:30:03.855+0000] {dag.py:3834} INFO - Setting next_dagrun for tutorial to 2024-04-02 00:00:00+00:00, run_after=2024-04-03 00:00:00+00:00
[2024-04-03T22:30:03.870+0000] {processor.py:183} INFO - Processing /home/airflow/.local/lib/python3.8/site-packages/airflow/example_dags/tutorial.py took 0.058 seconds
[2024-04-03T22:30:34.175+0000] {processor.py:161} INFO - Started process (PID=684) to work on /home/airflow/.local/lib/python3.8/site-packages/airflow/example_dags/tutorial.py
[2024-04-03T22:30:34.176+0000] {processor.py:830} INFO - Processing file /home/airflow/.local/lib/python3.8/site-packages/airflow/example_dags/tutorial.py for tasks to queue
[2024-04-03T22:30:34.178+0000] {logging_mixin.py:188} INFO - [2024-04-03T22:30:34.178+0000] {dagbag.py:540} INFO - Filling up the DagBag from /home/airflow/.local/lib/python3.8/site-packages/airflow/example_dags/tutorial.py
[2024-04-03T22:30:34.183+0000] {processor.py:840} INFO - DAG(s) 'tutorial' retrieved from /home/airflow/.local/lib/python3.8/site-packages/airflow/example_dags/tutorial.py
[2024-04-03T22:30:34.195+0000] {logging_mixin.py:188} INFO - [2024-04-03T22:30:34.195+0000] {dag.py:3047} INFO - Sync 1 DAGs
[2024-04-03T22:30:34.209+0000] {logging_mixin.py:188} INFO - [2024-04-03T22:30:34.209+0000] {dag.py:3834} INFO - Setting next_dagrun for tutorial to 2024-04-02 00:00:00+00:00, run_after=2024-04-03 00:00:00+00:00
[2024-04-03T22:30:34.223+0000] {processor.py:183} INFO - Processing /home/airflow/.local/lib/python3.8/site-packages/airflow/example_dags/tutorial.py took 0.050 seconds
[2024-04-03T22:31:04.738+0000] {processor.py:161} INFO - Started process (PID=739) to work on /home/airflow/.local/lib/python3.8/site-packages/airflow/example_dags/tutorial.py
[2024-04-03T22:31:04.739+0000] {processor.py:830} INFO - Processing file /home/airflow/.local/lib/python3.8/site-packages/airflow/example_dags/tutorial.py for tasks to queue
[2024-04-03T22:31:04.741+0000] {logging_mixin.py:188} INFO - [2024-04-03T22:31:04.741+0000] {dagbag.py:540} INFO - Filling up the DagBag from /home/airflow/.local/lib/python3.8/site-packages/airflow/example_dags/tutorial.py
[2024-04-03T22:31:04.745+0000] {processor.py:840} INFO - DAG(s) 'tutorial' retrieved from /home/airflow/.local/lib/python3.8/site-packages/airflow/example_dags/tutorial.py
[2024-04-03T22:31:04.760+0000] {logging_mixin.py:188} INFO - [2024-04-03T22:31:04.760+0000] {dag.py:3047} INFO - Sync 1 DAGs
[2024-04-03T22:31:04.777+0000] {logging_mixin.py:188} INFO - [2024-04-03T22:31:04.777+0000] {dag.py:3834} INFO - Setting next_dagrun for tutorial to 2024-04-02 00:00:00+00:00, run_after=2024-04-03 00:00:00+00:00
[2024-04-03T22:31:04.793+0000] {processor.py:183} INFO - Processing /home/airflow/.local/lib/python3.8/site-packages/airflow/example_dags/tutorial.py took 0.056 seconds
[2024-04-03T22:31:35.197+0000] {processor.py:161} INFO - Started process (PID=794) to work on /home/airflow/.local/lib/python3.8/site-packages/airflow/example_dags/tutorial.py
[2024-04-03T22:31:35.198+0000] {processor.py:830} INFO - Processing file /home/airflow/.local/lib/python3.8/site-packages/airflow/example_dags/tutorial.py for tasks to queue
[2024-04-03T22:31:35.200+0000] {logging_mixin.py:188} INFO - [2024-04-03T22:31:35.199+0000] {dagbag.py:540} INFO - Filling up the DagBag from /home/airflow/.local/lib/python3.8/site-packages/airflow/example_dags/tutorial.py
[2024-04-03T22:31:35.204+0000] {processor.py:840} INFO - DAG(s) 'tutorial' retrieved from /home/airflow/.local/lib/python3.8/site-packages/airflow/example_dags/tutorial.py
[2024-04-03T22:31:35.216+0000] {logging_mixin.py:188} INFO - [2024-04-03T22:31:35.216+0000] {dag.py:3047} INFO - Sync 1 DAGs
[2024-04-03T22:31:35.229+0000] {logging_mixin.py:188} INFO - [2024-04-03T22:31:35.229+0000] {dag.py:3834} INFO - Setting next_dagrun for tutorial to 2024-04-02 00:00:00+00:00, run_after=2024-04-03 00:00:00+00:00
[2024-04-03T22:31:35.243+0000] {processor.py:183} INFO - Processing /home/airflow/.local/lib/python3.8/site-packages/airflow/example_dags/tutorial.py took 0.048 seconds
[2024-04-03T22:32:55.141+0000] {processor.py:161} INFO - Started process (PID=79) to work on /home/airflow/.local/lib/python3.8/site-packages/airflow/example_dags/tutorial.py
[2024-04-03T22:32:55.142+0000] {processor.py:830} INFO - Processing file /home/airflow/.local/lib/python3.8/site-packages/airflow/example_dags/tutorial.py for tasks to queue
[2024-04-03T22:32:55.145+0000] {logging_mixin.py:188} INFO - [2024-04-03T22:32:55.144+0000] {dagbag.py:540} INFO - Filling up the DagBag from /home/airflow/.local/lib/python3.8/site-packages/airflow/example_dags/tutorial.py
[2024-04-03T22:32:55.151+0000] {processor.py:840} INFO - DAG(s) 'tutorial' retrieved from /home/airflow/.local/lib/python3.8/site-packages/airflow/example_dags/tutorial.py
[2024-04-03T22:32:55.164+0000] {logging_mixin.py:188} INFO - [2024-04-03T22:32:55.164+0000] {dag.py:3047} INFO - Sync 1 DAGs
[2024-04-03T22:32:55.184+0000] {logging_mixin.py:188} INFO - [2024-04-03T22:32:55.184+0000] {dag.py:3834} INFO - Setting next_dagrun for tutorial to 2024-04-02 00:00:00+00:00, run_after=2024-04-03 00:00:00+00:00
[2024-04-03T22:32:55.201+0000] {processor.py:183} INFO - Processing /home/airflow/.local/lib/python3.8/site-packages/airflow/example_dags/tutorial.py took 0.063 seconds
[2024-04-03T22:33:26.354+0000] {processor.py:161} INFO - Started process (PID=134) to work on /home/airflow/.local/lib/python3.8/site-packages/airflow/example_dags/tutorial.py
[2024-04-03T22:33:26.355+0000] {processor.py:830} INFO - Processing file /home/airflow/.local/lib/python3.8/site-packages/airflow/example_dags/tutorial.py for tasks to queue
[2024-04-03T22:33:26.357+0000] {logging_mixin.py:188} INFO - [2024-04-03T22:33:26.357+0000] {dagbag.py:540} INFO - Filling up the DagBag from /home/airflow/.local/lib/python3.8/site-packages/airflow/example_dags/tutorial.py
[2024-04-03T22:33:26.361+0000] {processor.py:840} INFO - DAG(s) 'tutorial' retrieved from /home/airflow/.local/lib/python3.8/site-packages/airflow/example_dags/tutorial.py
[2024-04-03T22:33:26.427+0000] {logging_mixin.py:188} INFO - [2024-04-03T22:33:26.426+0000] {dag.py:3047} INFO - Sync 1 DAGs
[2024-04-03T22:33:26.441+0000] {logging_mixin.py:188} INFO - [2024-04-03T22:33:26.441+0000] {dag.py:3834} INFO - Setting next_dagrun for tutorial to 2024-04-02 00:00:00+00:00, run_after=2024-04-03 00:00:00+00:00
[2024-04-03T22:33:26.456+0000] {processor.py:183} INFO - Processing /home/airflow/.local/lib/python3.8/site-packages/airflow/example_dags/tutorial.py took 0.104 seconds
[2024-04-03T22:33:56.498+0000] {processor.py:161} INFO - Started process (PID=189) to work on /home/airflow/.local/lib/python3.8/site-packages/airflow/example_dags/tutorial.py
[2024-04-03T22:33:56.499+0000] {processor.py:830} INFO - Processing file /home/airflow/.local/lib/python3.8/site-packages/airflow/example_dags/tutorial.py for tasks to queue
[2024-04-03T22:33:56.500+0000] {logging_mixin.py:188} INFO - [2024-04-03T22:33:56.500+0000] {dagbag.py:540} INFO - Filling up the DagBag from /home/airflow/.local/lib/python3.8/site-packages/airflow/example_dags/tutorial.py
[2024-04-03T22:33:56.505+0000] {processor.py:840} INFO - DAG(s) 'tutorial' retrieved from /home/airflow/.local/lib/python3.8/site-packages/airflow/example_dags/tutorial.py
[2024-04-03T22:33:56.517+0000] {logging_mixin.py:188} INFO - [2024-04-03T22:33:56.517+0000] {dag.py:3047} INFO - Sync 1 DAGs
[2024-04-03T22:33:56.533+0000] {logging_mixin.py:188} INFO - [2024-04-03T22:33:56.533+0000] {dag.py:3834} INFO - Setting next_dagrun for tutorial to 2024-04-02 00:00:00+00:00, run_after=2024-04-03 00:00:00+00:00
[2024-04-03T22:33:56.546+0000] {processor.py:183} INFO - Processing /home/airflow/.local/lib/python3.8/site-packages/airflow/example_dags/tutorial.py took 0.050 seconds
[2024-04-03T22:34:26.835+0000] {processor.py:161} INFO - Started process (PID=244) to work on /home/airflow/.local/lib/python3.8/site-packages/airflow/example_dags/tutorial.py
[2024-04-03T22:34:26.836+0000] {processor.py:830} INFO - Processing file /home/airflow/.local/lib/python3.8/site-packages/airflow/example_dags/tutorial.py for tasks to queue
[2024-04-03T22:34:26.838+0000] {logging_mixin.py:188} INFO - [2024-04-03T22:34:26.837+0000] {dagbag.py:540} INFO - Filling up the DagBag from /home/airflow/.local/lib/python3.8/site-packages/airflow/example_dags/tutorial.py
[2024-04-03T22:34:26.842+0000] {processor.py:840} INFO - DAG(s) 'tutorial' retrieved from /home/airflow/.local/lib/python3.8/site-packages/airflow/example_dags/tutorial.py
[2024-04-03T22:34:26.859+0000] {logging_mixin.py:188} INFO - [2024-04-03T22:34:26.859+0000] {dag.py:3047} INFO - Sync 1 DAGs
[2024-04-03T22:34:26.875+0000] {logging_mixin.py:188} INFO - [2024-04-03T22:34:26.875+0000] {dag.py:3834} INFO - Setting next_dagrun for tutorial to 2024-04-02 00:00:00+00:00, run_after=2024-04-03 00:00:00+00:00
[2024-04-03T22:34:26.887+0000] {processor.py:183} INFO - Processing /home/airflow/.local/lib/python3.8/site-packages/airflow/example_dags/tutorial.py took 0.054 seconds
[2024-04-03T22:34:57.275+0000] {processor.py:161} INFO - Started process (PID=299) to work on /home/airflow/.local/lib/python3.8/site-packages/airflow/example_dags/tutorial.py
[2024-04-03T22:34:57.276+0000] {processor.py:830} INFO - Processing file /home/airflow/.local/lib/python3.8/site-packages/airflow/example_dags/tutorial.py for tasks to queue
[2024-04-03T22:34:57.277+0000] {logging_mixin.py:188} INFO - [2024-04-03T22:34:57.277+0000] {dagbag.py:540} INFO - Filling up the DagBag from /home/airflow/.local/lib/python3.8/site-packages/airflow/example_dags/tutorial.py
[2024-04-03T22:34:57.282+0000] {processor.py:840} INFO - DAG(s) 'tutorial' retrieved from /home/airflow/.local/lib/python3.8/site-packages/airflow/example_dags/tutorial.py
[2024-04-03T22:34:57.298+0000] {logging_mixin.py:188} INFO - [2024-04-03T22:34:57.298+0000] {dag.py:3047} INFO - Sync 1 DAGs
[2024-04-03T22:34:57.314+0000] {logging_mixin.py:188} INFO - [2024-04-03T22:34:57.314+0000] {dag.py:3834} INFO - Setting next_dagrun for tutorial to 2024-04-02 00:00:00+00:00, run_after=2024-04-03 00:00:00+00:00
[2024-04-03T22:34:57.327+0000] {processor.py:183} INFO - Processing /home/airflow/.local/lib/python3.8/site-packages/airflow/example_dags/tutorial.py took 0.055 seconds
[2024-04-03T22:35:27.719+0000] {processor.py:161} INFO - Started process (PID=354) to work on /home/airflow/.local/lib/python3.8/site-packages/airflow/example_dags/tutorial.py
[2024-04-03T22:35:27.720+0000] {processor.py:830} INFO - Processing file /home/airflow/.local/lib/python3.8/site-packages/airflow/example_dags/tutorial.py for tasks to queue
[2024-04-03T22:35:27.721+0000] {logging_mixin.py:188} INFO - [2024-04-03T22:35:27.721+0000] {dagbag.py:540} INFO - Filling up the DagBag from /home/airflow/.local/lib/python3.8/site-packages/airflow/example_dags/tutorial.py
[2024-04-03T22:35:27.725+0000] {processor.py:840} INFO - DAG(s) 'tutorial' retrieved from /home/airflow/.local/lib/python3.8/site-packages/airflow/example_dags/tutorial.py
[2024-04-03T22:35:27.739+0000] {logging_mixin.py:188} INFO - [2024-04-03T22:35:27.739+0000] {dag.py:3047} INFO - Sync 1 DAGs
[2024-04-03T22:35:27.755+0000] {logging_mixin.py:188} INFO - [2024-04-03T22:35:27.755+0000] {dag.py:3834} INFO - Setting next_dagrun for tutorial to 2024-04-02 00:00:00+00:00, run_after=2024-04-03 00:00:00+00:00
[2024-04-03T22:35:27.769+0000] {processor.py:183} INFO - Processing /home/airflow/.local/lib/python3.8/site-packages/airflow/example_dags/tutorial.py took 0.052 seconds
[2024-04-03T22:35:58.188+0000] {processor.py:161} INFO - Started process (PID=409) to work on /home/airflow/.local/lib/python3.8/site-packages/airflow/example_dags/tutorial.py
[2024-04-03T22:35:58.189+0000] {processor.py:830} INFO - Processing file /home/airflow/.local/lib/python3.8/site-packages/airflow/example_dags/tutorial.py for tasks to queue
[2024-04-03T22:35:58.190+0000] {logging_mixin.py:188} INFO - [2024-04-03T22:35:58.190+0000] {dagbag.py:540} INFO - Filling up the DagBag from /home/airflow/.local/lib/python3.8/site-packages/airflow/example_dags/tutorial.py
[2024-04-03T22:35:58.194+0000] {processor.py:840} INFO - DAG(s) 'tutorial' retrieved from /home/airflow/.local/lib/python3.8/site-packages/airflow/example_dags/tutorial.py
[2024-04-03T22:35:58.208+0000] {logging_mixin.py:188} INFO - [2024-04-03T22:35:58.208+0000] {dag.py:3047} INFO - Sync 1 DAGs
[2024-04-03T22:35:58.223+0000] {logging_mixin.py:188} INFO - [2024-04-03T22:35:58.223+0000] {dag.py:3834} INFO - Setting next_dagrun for tutorial to 2024-04-02 00:00:00+00:00, run_after=2024-04-03 00:00:00+00:00
[2024-04-03T22:35:58.237+0000] {processor.py:183} INFO - Processing /home/airflow/.local/lib/python3.8/site-packages/airflow/example_dags/tutorial.py took 0.051 seconds
[2024-04-03T22:36:28.584+0000] {processor.py:161} INFO - Started process (PID=464) to work on /home/airflow/.local/lib/python3.8/site-packages/airflow/example_dags/tutorial.py
[2024-04-03T22:36:28.585+0000] {processor.py:830} INFO - Processing file /home/airflow/.local/lib/python3.8/site-packages/airflow/example_dags/tutorial.py for tasks to queue
[2024-04-03T22:36:28.587+0000] {logging_mixin.py:188} INFO - [2024-04-03T22:36:28.586+0000] {dagbag.py:540} INFO - Filling up the DagBag from /home/airflow/.local/lib/python3.8/site-packages/airflow/example_dags/tutorial.py
[2024-04-03T22:36:28.591+0000] {processor.py:840} INFO - DAG(s) 'tutorial' retrieved from /home/airflow/.local/lib/python3.8/site-packages/airflow/example_dags/tutorial.py
[2024-04-03T22:36:28.610+0000] {logging_mixin.py:188} INFO - [2024-04-03T22:36:28.610+0000] {dag.py:3047} INFO - Sync 1 DAGs
[2024-04-03T22:36:28.627+0000] {logging_mixin.py:188} INFO - [2024-04-03T22:36:28.626+0000] {dag.py:3834} INFO - Setting next_dagrun for tutorial to 2024-04-02 00:00:00+00:00, run_after=2024-04-03 00:00:00+00:00
[2024-04-03T22:36:28.640+0000] {processor.py:183} INFO - Processing /home/airflow/.local/lib/python3.8/site-packages/airflow/example_dags/tutorial.py took 0.058 seconds
[2024-04-03T22:36:58.794+0000] {processor.py:161} INFO - Started process (PID=519) to work on /home/airflow/.local/lib/python3.8/site-packages/airflow/example_dags/tutorial.py
[2024-04-03T22:36:58.795+0000] {processor.py:830} INFO - Processing file /home/airflow/.local/lib/python3.8/site-packages/airflow/example_dags/tutorial.py for tasks to queue
[2024-04-03T22:36:58.797+0000] {logging_mixin.py:188} INFO - [2024-04-03T22:36:58.797+0000] {dagbag.py:540} INFO - Filling up the DagBag from /home/airflow/.local/lib/python3.8/site-packages/airflow/example_dags/tutorial.py
[2024-04-03T22:36:58.801+0000] {processor.py:840} INFO - DAG(s) 'tutorial' retrieved from /home/airflow/.local/lib/python3.8/site-packages/airflow/example_dags/tutorial.py
[2024-04-03T22:36:58.815+0000] {logging_mixin.py:188} INFO - [2024-04-03T22:36:58.815+0000] {dag.py:3047} INFO - Sync 1 DAGs
[2024-04-03T22:36:58.831+0000] {logging_mixin.py:188} INFO - [2024-04-03T22:36:58.830+0000] {dag.py:3834} INFO - Setting next_dagrun for tutorial to 2024-04-02 00:00:00+00:00, run_after=2024-04-03 00:00:00+00:00
[2024-04-03T22:36:58.844+0000] {processor.py:183} INFO - Processing /home/airflow/.local/lib/python3.8/site-packages/airflow/example_dags/tutorial.py took 0.052 seconds
[2024-04-03T22:37:29.502+0000] {processor.py:161} INFO - Started process (PID=573) to work on /home/airflow/.local/lib/python3.8/site-packages/airflow/example_dags/tutorial.py
[2024-04-03T22:37:29.503+0000] {processor.py:830} INFO - Processing file /home/airflow/.local/lib/python3.8/site-packages/airflow/example_dags/tutorial.py for tasks to queue
[2024-04-03T22:37:29.504+0000] {logging_mixin.py:188} INFO - [2024-04-03T22:37:29.504+0000] {dagbag.py:540} INFO - Filling up the DagBag from /home/airflow/.local/lib/python3.8/site-packages/airflow/example_dags/tutorial.py
[2024-04-03T22:37:29.509+0000] {processor.py:840} INFO - DAG(s) 'tutorial' retrieved from /home/airflow/.local/lib/python3.8/site-packages/airflow/example_dags/tutorial.py
[2024-04-03T22:37:29.522+0000] {logging_mixin.py:188} INFO - [2024-04-03T22:37:29.522+0000] {dag.py:3047} INFO - Sync 1 DAGs
[2024-04-03T22:37:29.537+0000] {logging_mixin.py:188} INFO - [2024-04-03T22:37:29.537+0000] {dag.py:3834} INFO - Setting next_dagrun for tutorial to 2024-04-02 00:00:00+00:00, run_after=2024-04-03 00:00:00+00:00
[2024-04-03T22:37:29.552+0000] {processor.py:183} INFO - Processing /home/airflow/.local/lib/python3.8/site-packages/airflow/example_dags/tutorial.py took 0.052 seconds
[2024-04-03T22:37:59.990+0000] {processor.py:161} INFO - Started process (PID=629) to work on /home/airflow/.local/lib/python3.8/site-packages/airflow/example_dags/tutorial.py
[2024-04-03T22:37:59.991+0000] {processor.py:830} INFO - Processing file /home/airflow/.local/lib/python3.8/site-packages/airflow/example_dags/tutorial.py for tasks to queue
[2024-04-03T22:37:59.993+0000] {logging_mixin.py:188} INFO - [2024-04-03T22:37:59.992+0000] {dagbag.py:540} INFO - Filling up the DagBag from /home/airflow/.local/lib/python3.8/site-packages/airflow/example_dags/tutorial.py
[2024-04-03T22:37:59.997+0000] {processor.py:840} INFO - DAG(s) 'tutorial' retrieved from /home/airflow/.local/lib/python3.8/site-packages/airflow/example_dags/tutorial.py
[2024-04-03T22:38:00.012+0000] {logging_mixin.py:188} INFO - [2024-04-03T22:38:00.012+0000] {dag.py:3047} INFO - Sync 1 DAGs
[2024-04-03T22:38:00.031+0000] {logging_mixin.py:188} INFO - [2024-04-03T22:38:00.031+0000] {dag.py:3834} INFO - Setting next_dagrun for tutorial to 2024-04-02 00:00:00+00:00, run_after=2024-04-03 00:00:00+00:00
[2024-04-03T22:38:00.047+0000] {processor.py:183} INFO - Processing /home/airflow/.local/lib/python3.8/site-packages/airflow/example_dags/tutorial.py took 0.059 seconds
[2024-04-03T22:38:30.264+0000] {processor.py:161} INFO - Started process (PID=684) to work on /home/airflow/.local/lib/python3.8/site-packages/airflow/example_dags/tutorial.py
[2024-04-03T22:38:30.265+0000] {processor.py:830} INFO - Processing file /home/airflow/.local/lib/python3.8/site-packages/airflow/example_dags/tutorial.py for tasks to queue
[2024-04-03T22:38:30.266+0000] {logging_mixin.py:188} INFO - [2024-04-03T22:38:30.266+0000] {dagbag.py:540} INFO - Filling up the DagBag from /home/airflow/.local/lib/python3.8/site-packages/airflow/example_dags/tutorial.py
[2024-04-03T22:38:30.270+0000] {processor.py:840} INFO - DAG(s) 'tutorial' retrieved from /home/airflow/.local/lib/python3.8/site-packages/airflow/example_dags/tutorial.py
[2024-04-03T22:38:30.283+0000] {logging_mixin.py:188} INFO - [2024-04-03T22:38:30.283+0000] {dag.py:3047} INFO - Sync 1 DAGs
[2024-04-03T22:38:30.298+0000] {logging_mixin.py:188} INFO - [2024-04-03T22:38:30.297+0000] {dag.py:3834} INFO - Setting next_dagrun for tutorial to 2024-04-02 00:00:00+00:00, run_after=2024-04-03 00:00:00+00:00
[2024-04-03T22:38:30.313+0000] {processor.py:183} INFO - Processing /home/airflow/.local/lib/python3.8/site-packages/airflow/example_dags/tutorial.py took 0.051 seconds
[2024-04-03T22:39:00.415+0000] {processor.py:161} INFO - Started process (PID=739) to work on /home/airflow/.local/lib/python3.8/site-packages/airflow/example_dags/tutorial.py
[2024-04-03T22:39:00.415+0000] {processor.py:830} INFO - Processing file /home/airflow/.local/lib/python3.8/site-packages/airflow/example_dags/tutorial.py for tasks to queue
[2024-04-03T22:39:00.417+0000] {logging_mixin.py:188} INFO - [2024-04-03T22:39:00.417+0000] {dagbag.py:540} INFO - Filling up the DagBag from /home/airflow/.local/lib/python3.8/site-packages/airflow/example_dags/tutorial.py
[2024-04-03T22:39:00.421+0000] {processor.py:840} INFO - DAG(s) 'tutorial' retrieved from /home/airflow/.local/lib/python3.8/site-packages/airflow/example_dags/tutorial.py
[2024-04-03T22:39:00.434+0000] {logging_mixin.py:188} INFO - [2024-04-03T22:39:00.434+0000] {dag.py:3047} INFO - Sync 1 DAGs
[2024-04-03T22:39:00.448+0000] {logging_mixin.py:188} INFO - [2024-04-03T22:39:00.448+0000] {dag.py:3834} INFO - Setting next_dagrun for tutorial to 2024-04-02 00:00:00+00:00, run_after=2024-04-03 00:00:00+00:00
[2024-04-03T22:39:00.463+0000] {processor.py:183} INFO - Processing /home/airflow/.local/lib/python3.8/site-packages/airflow/example_dags/tutorial.py took 0.051 seconds
[2024-04-03T22:39:30.776+0000] {processor.py:161} INFO - Started process (PID=793) to work on /home/airflow/.local/lib/python3.8/site-packages/airflow/example_dags/tutorial.py
[2024-04-03T22:39:30.777+0000] {processor.py:830} INFO - Processing file /home/airflow/.local/lib/python3.8/site-packages/airflow/example_dags/tutorial.py for tasks to queue
[2024-04-03T22:39:30.778+0000] {logging_mixin.py:188} INFO - [2024-04-03T22:39:30.778+0000] {dagbag.py:540} INFO - Filling up the DagBag from /home/airflow/.local/lib/python3.8/site-packages/airflow/example_dags/tutorial.py
[2024-04-03T22:39:30.782+0000] {processor.py:840} INFO - DAG(s) 'tutorial' retrieved from /home/airflow/.local/lib/python3.8/site-packages/airflow/example_dags/tutorial.py
[2024-04-03T22:39:30.794+0000] {logging_mixin.py:188} INFO - [2024-04-03T22:39:30.794+0000] {dag.py:3047} INFO - Sync 1 DAGs
[2024-04-03T22:39:30.808+0000] {logging_mixin.py:188} INFO - [2024-04-03T22:39:30.808+0000] {dag.py:3834} INFO - Setting next_dagrun for tutorial to 2024-04-02 00:00:00+00:00, run_after=2024-04-03 00:00:00+00:00
[2024-04-03T22:39:30.822+0000] {processor.py:183} INFO - Processing /home/airflow/.local/lib/python3.8/site-packages/airflow/example_dags/tutorial.py took 0.049 seconds
[2024-04-03T22:40:01.020+0000] {processor.py:161} INFO - Started process (PID=848) to work on /home/airflow/.local/lib/python3.8/site-packages/airflow/example_dags/tutorial.py
[2024-04-03T22:40:01.021+0000] {processor.py:830} INFO - Processing file /home/airflow/.local/lib/python3.8/site-packages/airflow/example_dags/tutorial.py for tasks to queue
[2024-04-03T22:40:01.034+0000] {logging_mixin.py:188} INFO - [2024-04-03T22:40:01.034+0000] {dagbag.py:540} INFO - Filling up the DagBag from /home/airflow/.local/lib/python3.8/site-packages/airflow/example_dags/tutorial.py
[2024-04-03T22:40:01.040+0000] {processor.py:840} INFO - DAG(s) 'tutorial' retrieved from /home/airflow/.local/lib/python3.8/site-packages/airflow/example_dags/tutorial.py
[2024-04-03T22:40:01.054+0000] {logging_mixin.py:188} INFO - [2024-04-03T22:40:01.054+0000] {dag.py:3047} INFO - Sync 1 DAGs
[2024-04-03T22:40:01.068+0000] {logging_mixin.py:188} INFO - [2024-04-03T22:40:01.068+0000] {dag.py:3834} INFO - Setting next_dagrun for tutorial to 2024-04-02 00:00:00+00:00, run_after=2024-04-03 00:00:00+00:00
[2024-04-03T22:40:01.082+0000] {processor.py:183} INFO - Processing /home/airflow/.local/lib/python3.8/site-packages/airflow/example_dags/tutorial.py took 0.064 seconds
[2024-04-03T22:40:31.393+0000] {processor.py:161} INFO - Started process (PID=903) to work on /home/airflow/.local/lib/python3.8/site-packages/airflow/example_dags/tutorial.py
[2024-04-03T22:40:31.394+0000] {processor.py:830} INFO - Processing file /home/airflow/.local/lib/python3.8/site-packages/airflow/example_dags/tutorial.py for tasks to queue
[2024-04-03T22:40:31.395+0000] {logging_mixin.py:188} INFO - [2024-04-03T22:40:31.395+0000] {dagbag.py:540} INFO - Filling up the DagBag from /home/airflow/.local/lib/python3.8/site-packages/airflow/example_dags/tutorial.py
[2024-04-03T22:40:31.400+0000] {processor.py:840} INFO - DAG(s) 'tutorial' retrieved from /home/airflow/.local/lib/python3.8/site-packages/airflow/example_dags/tutorial.py
[2024-04-03T22:40:31.413+0000] {logging_mixin.py:188} INFO - [2024-04-03T22:40:31.413+0000] {dag.py:3047} INFO - Sync 1 DAGs
[2024-04-03T22:40:31.427+0000] {logging_mixin.py:188} INFO - [2024-04-03T22:40:31.427+0000] {dag.py:3834} INFO - Setting next_dagrun for tutorial to 2024-04-02 00:00:00+00:00, run_after=2024-04-03 00:00:00+00:00
[2024-04-03T22:40:31.438+0000] {processor.py:183} INFO - Processing /home/airflow/.local/lib/python3.8/site-packages/airflow/example_dags/tutorial.py took 0.048 seconds
[2024-04-03T22:41:01.797+0000] {processor.py:161} INFO - Started process (PID=958) to work on /home/airflow/.local/lib/python3.8/site-packages/airflow/example_dags/tutorial.py
[2024-04-03T22:41:01.798+0000] {processor.py:830} INFO - Processing file /home/airflow/.local/lib/python3.8/site-packages/airflow/example_dags/tutorial.py for tasks to queue
[2024-04-03T22:41:01.800+0000] {logging_mixin.py:188} INFO - [2024-04-03T22:41:01.799+0000] {dagbag.py:540} INFO - Filling up the DagBag from /home/airflow/.local/lib/python3.8/site-packages/airflow/example_dags/tutorial.py
[2024-04-03T22:41:01.804+0000] {processor.py:840} INFO - DAG(s) 'tutorial' retrieved from /home/airflow/.local/lib/python3.8/site-packages/airflow/example_dags/tutorial.py
[2024-04-03T22:41:01.818+0000] {logging_mixin.py:188} INFO - [2024-04-03T22:41:01.818+0000] {dag.py:3047} INFO - Sync 1 DAGs
[2024-04-03T22:41:01.833+0000] {logging_mixin.py:188} INFO - [2024-04-03T22:41:01.833+0000] {dag.py:3834} INFO - Setting next_dagrun for tutorial to 2024-04-02 00:00:00+00:00, run_after=2024-04-03 00:00:00+00:00
[2024-04-03T22:41:01.856+0000] {processor.py:183} INFO - Processing /home/airflow/.local/lib/python3.8/site-packages/airflow/example_dags/tutorial.py took 0.061 seconds
[2024-04-03T22:41:32.208+0000] {processor.py:161} INFO - Started process (PID=1013) to work on /home/airflow/.local/lib/python3.8/site-packages/airflow/example_dags/tutorial.py
[2024-04-03T22:41:32.209+0000] {processor.py:830} INFO - Processing file /home/airflow/.local/lib/python3.8/site-packages/airflow/example_dags/tutorial.py for tasks to queue
[2024-04-03T22:41:32.211+0000] {logging_mixin.py:188} INFO - [2024-04-03T22:41:32.210+0000] {dagbag.py:540} INFO - Filling up the DagBag from /home/airflow/.local/lib/python3.8/site-packages/airflow/example_dags/tutorial.py
[2024-04-03T22:41:32.215+0000] {processor.py:840} INFO - DAG(s) 'tutorial' retrieved from /home/airflow/.local/lib/python3.8/site-packages/airflow/example_dags/tutorial.py
[2024-04-03T22:41:32.230+0000] {logging_mixin.py:188} INFO - [2024-04-03T22:41:32.230+0000] {dag.py:3047} INFO - Sync 1 DAGs
[2024-04-03T22:41:32.245+0000] {logging_mixin.py:188} INFO - [2024-04-03T22:41:32.245+0000] {dag.py:3834} INFO - Setting next_dagrun for tutorial to 2024-04-02 00:00:00+00:00, run_after=2024-04-03 00:00:00+00:00
[2024-04-03T22:41:32.257+0000] {processor.py:183} INFO - Processing /home/airflow/.local/lib/python3.8/site-packages/airflow/example_dags/tutorial.py took 0.052 seconds
[2024-04-03T22:42:02.846+0000] {processor.py:161} INFO - Started process (PID=1068) to work on /home/airflow/.local/lib/python3.8/site-packages/airflow/example_dags/tutorial.py
[2024-04-03T22:42:02.846+0000] {processor.py:830} INFO - Processing file /home/airflow/.local/lib/python3.8/site-packages/airflow/example_dags/tutorial.py for tasks to queue
[2024-04-03T22:42:02.848+0000] {logging_mixin.py:188} INFO - [2024-04-03T22:42:02.848+0000] {dagbag.py:540} INFO - Filling up the DagBag from /home/airflow/.local/lib/python3.8/site-packages/airflow/example_dags/tutorial.py
[2024-04-03T22:42:02.852+0000] {processor.py:840} INFO - DAG(s) 'tutorial' retrieved from /home/airflow/.local/lib/python3.8/site-packages/airflow/example_dags/tutorial.py
[2024-04-03T22:42:02.865+0000] {logging_mixin.py:188} INFO - [2024-04-03T22:42:02.865+0000] {dag.py:3047} INFO - Sync 1 DAGs
[2024-04-03T22:42:02.880+0000] {logging_mixin.py:188} INFO - [2024-04-03T22:42:02.880+0000] {dag.py:3834} INFO - Setting next_dagrun for tutorial to 2024-04-02 00:00:00+00:00, run_after=2024-04-03 00:00:00+00:00
[2024-04-03T22:42:02.902+0000] {processor.py:183} INFO - Processing /home/airflow/.local/lib/python3.8/site-packages/airflow/example_dags/tutorial.py took 0.058 seconds
[2024-04-03T22:42:33.063+0000] {processor.py:161} INFO - Started process (PID=1123) to work on /home/airflow/.local/lib/python3.8/site-packages/airflow/example_dags/tutorial.py
[2024-04-03T22:42:33.064+0000] {processor.py:830} INFO - Processing file /home/airflow/.local/lib/python3.8/site-packages/airflow/example_dags/tutorial.py for tasks to queue
[2024-04-03T22:42:33.065+0000] {logging_mixin.py:188} INFO - [2024-04-03T22:42:33.065+0000] {dagbag.py:540} INFO - Filling up the DagBag from /home/airflow/.local/lib/python3.8/site-packages/airflow/example_dags/tutorial.py
[2024-04-03T22:42:33.069+0000] {processor.py:840} INFO - DAG(s) 'tutorial' retrieved from /home/airflow/.local/lib/python3.8/site-packages/airflow/example_dags/tutorial.py
[2024-04-03T22:42:33.082+0000] {logging_mixin.py:188} INFO - [2024-04-03T22:42:33.082+0000] {dag.py:3047} INFO - Sync 1 DAGs
[2024-04-03T22:42:33.100+0000] {logging_mixin.py:188} INFO - [2024-04-03T22:42:33.100+0000] {dag.py:3834} INFO - Setting next_dagrun for tutorial to 2024-04-02 00:00:00+00:00, run_after=2024-04-03 00:00:00+00:00
[2024-04-03T22:42:33.115+0000] {processor.py:183} INFO - Processing /home/airflow/.local/lib/python3.8/site-packages/airflow/example_dags/tutorial.py took 0.055 seconds
